2025-03-19 12:19:32 INFO  c.r.rxviewui.controller.LoginPage - logged In
2025-03-19 12:19:32 INFO  c.r.r.service.login.LoginController - ip mismatched 192.168.31.178 and 192.168.12.10
2025-03-19 12:19:32 INFO  c.r.r.service.login.LoginController - IP not found
2025-03-19 12:19:33 INFO  c.r.r.service.login.LoginController - initialized
2025-03-19 12:19:36 INFO  c.r.r.service.login.LoginController - No devices found!!!
2025-03-19 12:19:39 INFO  c.r.r.service.study.StudyService - Image received
2025-03-19 12:19:41 INFO  c.r.r.service.study.StudyService - Mat is not empty
2025-03-19 12:19:42 INFO  c.r.r.m.I.i.ImageDrawWrapperHandling - crop layout is null
2025-03-19 12:19:42 INFO  c.r.r.m.I.D.MainDrawTool - ImagingParams is null
2025-03-19 12:20:04 INFO  c.r.r.s.study.StudyMainController - saving2...
2025-03-19 12:20:04 INFO  c.r.r.m.I.i.ImageDrawWrapperHandling - crop layout is null
2025-03-19 12:20:08 INFO  c.r.r.m.I.i.ImageDrawWrapperHandling - crop layout is null
2025-03-19 12:20:09 INFO  c.r.rxviewui.controller.DicomPage - path exits
2025-03-19 12:20:09 INFO  c.r.rxviewui.controller.DicomPage - D:\Work\RxView_Java\RxView\27_RxView_Study_Export/dcmOutput/11.dcm
2025-03-19 12:20:09 ERROR c.r.rxviewui.controller.DicomPage - DICOM File creation failed: {}
com.pixelmed.dicom.DicomException: Unsupported Mat pixel data format
	at com.raymedis.rxviewui/com.raymedis.rxviewui.modules.dicom.DicomCreator.generateDICOMPixelModuleFromMatList(DicomCreator.java:366)
	at com.raymedis.rxviewui/com.raymedis.rxviewui.modules.dicom.DicomCreator.<init>(DicomCreator.java:51)
	at com.raymedis.rxviewui/com.raymedis.rxviewui.controller.DicomPage.createDicomFile(DicomPage.java:497)
	at com.raymedis.rxviewui/com.raymedis.rxviewui.controller.DicomPage.createObjects(DicomPage.java:444)
	at com.raymedis.rxviewui/com.raymedis.rxviewui.controller.DicomPage.processBodyParts(DicomPage.java:356)
	at com.raymedis.rxviewui/com.raymedis.rxviewui.controller.DicomPage$1.call(DicomPage.java:257)
	at com.raymedis.rxviewui/com.raymedis.rxviewui.controller.DicomPage$1.call(DicomPage.java:249)
	at javafx.graphics@21/javafx.concurrent.Task$TaskCallable.call(Task.java:1399)
	at java.base/java.util.concurrent.FutureTask.run(FutureTask.java:317)
	at java.base/java.lang.Thread.run(Thread.java:1583)
2025-03-19 12:20:09 INFO  c.r.r.modules.dicom.DicomCStore - 
Initiating C-STORE operation...
2025-03-19 12:20:10 ERROR c.r.rxviewui.controller.DicomPage - Failed to create dicom File {}
com.pixelmed.dicom.DicomException: Unsupported Mat pixel data format
	at com.raymedis.rxviewui/com.raymedis.rxviewui.modules.dicom.DicomCreator.generateDICOMPixelModuleFromMatList(DicomCreator.java:366)
	at com.raymedis.rxviewui/com.raymedis.rxviewui.modules.dicom.DicomCreator.<init>(DicomCreator.java:51)
	at com.raymedis.rxviewui/com.raymedis.rxviewui.controller.DicomPage.createDicomFile(DicomPage.java:497)
	at com.raymedis.rxviewui/com.raymedis.rxviewui.controller.DicomPage.createObjects(DicomPage.java:444)
	at com.raymedis.rxviewui/com.raymedis.rxviewui.controller.DicomPage.processBodyParts(DicomPage.java:356)
	at com.raymedis.rxviewui/com.raymedis.rxviewui.controller.DicomPage$1.call(DicomPage.java:257)
	at com.raymedis.rxviewui/com.raymedis.rxviewui.controller.DicomPage$1.call(DicomPage.java:249)
	at javafx.graphics@21/javafx.concurrent.Task$TaskCallable.call(Task.java:1399)
	at java.base/java.util.concurrent.FutureTask.run(FutureTask.java:317)
	at java.base/java.lang.Thread.run(Thread.java:1583)
