2025-03-19 14:37:25 INFO  c.r.rxviewui.controller.LoginPage - logged In
2025-03-19 14:37:25 INFO  c.r.r.service.login.LoginController - ip mismatched 192.168.31.178 and 192.168.12.10
2025-03-19 14:37:25 INFO  c.r.r.service.login.LoginController - IP not found
2025-03-19 14:37:25 INFO  c.r.r.service.login.LoginController - initialized
2025-03-19 14:37:29 INFO  c.r.r.service.login.LoginController - No devices found!!!
2025-03-19 14:37:31 INFO  c.r.r.service.study.StudyService - Image received
2025-03-19 14:37:32 INFO  c.r.r.service.study.StudyService - Mat is not empty
2025-03-19 14:37:33 INFO  c.r.r.m.I.i.ImageDrawWrapperHandling - crop layout is null
2025-03-19 14:37:33 INFO  c.r.r.m.I.D.MainDrawTool - ImagingParams is null
2025-03-19 14:37:37 INFO  c.r.r.s.study.StudyMainController - saving2...
2025-03-19 14:37:37 INFO  c.r.r.m.I.i.ImageDrawWrapperHandling - crop layout is null
2025-03-19 14:37:39 INFO  c.r.r.m.I.i.ImageDrawWrapperHandling - crop layout is null
2025-03-19 14:37:39 INFO  c.r.r.s.study.StudyMainController - saving...
2025-03-19 14:37:39 INFO  c.r.rxviewui.controller.ExportWindow - initialized
2025-03-19 14:37:39 INFO  c.r.r.m.I.i.ImageDrawWrapperHandling - crop layout is null
2025-03-19 14:37:48 INFO  c.r.r.m.I.i.ImageDrawWrapperHandling - crop layout is null
2025-03-19 14:38:13 INFO  c.r.r.m.I.i.ImageDrawWrapperHandling - crop layout is null
2025-03-19 14:38:18 INFO  c.r.r.m.I.i.ImageDrawWrapperHandling - crop layout is null
2025-03-19 14:38:20 INFO  c.r.r.s.study.StudyMainController - saving...
2025-03-19 14:38:20 INFO  c.r.rxviewui.controller.ExportWindow - initialized
2025-03-19 14:38:20 INFO  c.r.r.m.I.i.ImageDrawWrapperHandling - crop layout is null
2025-03-19 14:38:29 INFO  c.r.r.m.I.i.ImageDrawWrapperHandling - crop layout is null
2025-03-19 14:38:30 INFO  c.r.r.m.I.i.ImageDrawWrapperHandling - crop layout is null
2025-03-19 14:38:42 INFO  c.r.r.m.I.i.ImageDrawWrapperHandling - crop layout is null
2025-03-19 14:38:43 INFO  c.r.r.m.I.i.ImageDrawWrapperHandling - crop layout is null
