2025-03-19 14:41:28 INFO  c.r.rxviewui.controller.LoginPage - logged In
2025-03-19 14:41:29 INFO  c.r.r.service.login.LoginController - ip mismatched 192.168.31.178 and 192.168.12.10
2025-03-19 14:41:29 INFO  c.r.r.service.login.LoginController - IP not found
2025-03-19 14:41:30 INFO  c.r.r.service.login.LoginController - initialized
2025-03-19 14:41:33 INFO  c.r.r.service.login.LoginController - No devices found!!!
2025-03-19 14:41:34 INFO  c.r.r.service.study.StudyService - Image received
2025-03-19 14:41:37 INFO  c.r.r.service.study.StudyService - Mat is not empty
2025-03-19 14:41:37 INFO  c.r.r.m.I.i.ImageDrawWrapperHandling - crop layout is null
2025-03-19 14:41:37 INFO  c.r.r.m.I.D.MainDrawTool - ImagingParams is null
2025-03-19 14:42:01 INFO  c.r.r.s.study.StudyMainController - saving...
2025-03-19 14:42:01 INFO  c.r.rxviewui.controller.ExportWindow - initialized
2025-03-19 14:42:02 INFO  c.r.r.m.I.i.ImageDrawWrapperHandling - crop layout is null
2025-03-19 14:42:09 INFO  c.r.r.m.I.i.ImageDrawWrapperHandling - crop layout is null
2025-03-19 14:42:13 INFO  c.r.r.m.I.i.ImageDrawWrapperHandling - crop layout is null
2025-03-19 14:42:15 INFO  c.r.r.m.I.i.ImageDrawWrapperHandling - crop layout is null
2025-03-19 14:43:07 INFO  c.r.r.s.study.StudyMainController - saving...
2025-03-19 14:43:07 INFO  c.r.rxviewui.controller.ExportWindow - initialized
2025-03-19 14:43:07 INFO  c.r.r.m.I.i.ImageDrawWrapperHandling - crop layout is null
2025-03-19 14:43:17 INFO  c.r.r.m.I.i.ImageDrawWrapperHandling - crop layout is null
2025-03-19 14:43:18 INFO  c.r.r.m.I.i.ImageDrawWrapperHandling - crop layout is null
2025-03-19 14:43:43 INFO  c.r.r.m.I.i.ImageDrawWrapperHandling - crop layout is null
2025-03-19 14:44:29 INFO  c.r.r.m.I.i.ImageDrawWrapperHandling - crop layout is null
2025-03-19 14:44:31 INFO  c.r.r.m.I.i.ImageDrawWrapperHandling - crop layout is null
2025-03-19 14:44:50 INFO  c.r.r.m.I.i.ImageDrawWrapperHandling - crop layout is null
2025-03-19 14:44:51 INFO  c.r.r.m.I.i.ImageDrawWrapperHandling - crop layout is null
