2025-03-19 10:57:31 INFO  c.r.rxviewui.controller.LoginPage - logged In
2025-03-19 10:57:31 INFO  c.r.r.service.login.LoginController - ip mismatched 192.168.31.178 and 192.168.12.10
2025-03-19 10:57:31 INFO  c.r.r.service.login.LoginController - IP not found
2025-03-19 10:57:32 INFO  c.r.r.service.login.LoginController - initialized
2025-03-19 10:57:35 INFO  c.r.r.service.login.LoginController - No devices found!!!
2025-03-19 10:57:36 INFO  c.r.r.service.study.StudyService - Image received
2025-03-19 10:57:38 INFO  c.r.r.service.study.StudyService - Mat is not empty
2025-03-19 10:57:38 INFO  c.r.r.m.I.i.ImageDrawWrapperHandling - crop layout is null
2025-03-19 10:57:38 INFO  c.r.r.m.I.D.MainDrawTool - ImagingParams is null
2025-03-19 10:57:47 INFO  c.r.r.service.study.StudyService - Image received
2025-03-19 10:57:48 INFO  c.r.r.service.study.StudyService - Mat is not empty
2025-03-19 10:57:49 INFO  c.r.r.m.I.i.ImageDrawWrapperHandling - crop layout is null
2025-03-19 10:57:49 INFO  c.r.r.m.I.D.MainDrawTool - ImagingParams is null
2025-03-19 10:57:53 INFO  c.r.r.service.study.StudyService - Image received
2025-03-19 10:57:55 INFO  c.r.r.service.study.StudyService - Mat is not empty
2025-03-19 10:57:56 INFO  c.r.r.m.I.i.ImageDrawWrapperHandling - crop layout is null
2025-03-19 10:57:56 INFO  c.r.r.m.I.D.MainDrawTool - ImagingParams is null
2025-03-19 10:57:57 INFO  c.r.r.s.study.StudyMainController - saving2...
2025-03-19 10:57:57 INFO  c.r.r.m.I.i.ImageDrawWrapperHandling - crop layout is null
2025-03-19 10:58:19 INFO  c.r.rxviewui.controller.DicomPage - path exits
2025-03-19 10:58:19 INFO  c.r.rxviewui.controller.DicomPage - D:\Work\RxView_Java\RxView\27_RxView_Study_Export/dcmOutput/11.dcm
2025-03-19 10:58:21 INFO  c.r.rxviewui.controller.DicomPage - path exits
2025-03-19 10:58:21 INFO  c.r.rxviewui.controller.DicomPage - D:\Work\RxView_Java\RxView\27_RxView_Study_Export/dcmOutput/21.dcm
2025-03-19 10:58:23 INFO  c.r.rxviewui.controller.DicomPage - path exits
2025-03-19 10:58:23 INFO  c.r.rxviewui.controller.DicomPage - D:\Work\RxView_Java\RxView\27_RxView_Study_Export/dcmOutput/31.dcm
2025-03-19 10:58:23 INFO  c.r.r.modules.dicom.DicomCStore - 
Initiating C-STORE operation...
2025-03-19 10:58:41 INFO  c.r.r.s.study.StudyMainController - saving2...
2025-03-19 10:58:41 INFO  c.r.r.m.I.i.ImageDrawWrapperHandling - crop layout is null
