2025-04-09 17:49:43 INFO  c.r.rxviewui.controller.LoginPage - logged In
2025-04-09 17:49:43 INFO  c.r.r.service.login.LoginController - ip mismatched 192.168.31.178 and 192.168.12.10
2025-04-09 17:49:43 INFO  c.r.r.service.login.LoginController - IP not found
2025-04-09 17:49:43 INFO  c.r.r.service.login.LoginController - initialized
2025-04-09 17:49:47 INFO  c.r.r.service.login.LoginController - No devices found!!!
2025-04-09 17:49:51 INFO  c.r.r.service.study.StudyService - Image received
2025-04-09 17:49:53 INFO  c.r.r.service.study.StudyService - Mat is not empty
2025-04-09 17:49:53 INFO  c.r.r.m.I.D.MainDrawTool - ImagingParams is null
2025-04-09 17:52:25 INFO  c.r.r.m.I.D.CanvasMainChange - cropped
2025-04-09 17:52:25 INFO  c.r.r.m.I.D.CanvasMainChange - cropped
2025-04-09 17:52:31 INFO  c.r.r.m.I.D.CanvasMainChange - cropped
2025-04-09 17:52:48 INFO  c.r.r.m.I.D.CanvasMainChange - cropped
2025-04-09 17:52:48 INFO  c.r.r.m.I.D.CanvasMainChange - cropped
2025-04-09 17:52:52 INFO  c.r.r.m.I.D.CanvasMainChange - cropped
2025-04-09 17:52:55 INFO  c.r.r.m.I.D.CanvasMainChange - cropped
2025-04-09 17:52:55 INFO  c.r.r.m.I.D.CanvasMainChange - cropped
2025-04-09 17:52:56 INFO  c.r.r.m.I.D.CanvasMainChange - cropped
2025-04-09 17:53:00 INFO  c.r.r.m.I.D.CanvasMainChange - cropped
2025-04-09 17:53:00 INFO  c.r.r.m.I.D.CanvasMainChange - cropped
2025-04-09 17:57:04 INFO  c.r.r.m.I.D.CanvasMainChange - cropped
2025-04-09 17:57:04 INFO  c.r.r.m.I.D.CanvasMainChange - cropped
2025-04-09 17:57:04 INFO  c.r.r.m.I.D.CanvasMainChange - cropped
2025-04-09 17:57:04 INFO  c.r.r.m.I.D.CanvasMainChange - cropped
2025-04-09 17:57:04 INFO  c.r.r.m.I.D.CanvasMainChange - cropped
2025-04-09 17:57:04 INFO  c.r.r.m.I.D.CanvasMainChange - cropped
2025-04-09 17:57:04 INFO  c.r.r.m.I.D.CanvasMainChange - cropped
2025-04-09 17:57:04 INFO  c.r.r.m.I.D.CanvasMainChange - cropped
2025-04-09 17:57:04 INFO  c.r.r.m.I.D.CanvasMainChange - cropped
2025-04-09 17:57:04 INFO  c.r.r.m.I.D.CanvasMainChange - cropped
2025-04-09 17:57:04 INFO  c.r.r.m.I.D.CanvasMainChange - cropped
2025-04-09 17:57:06 INFO  c.r.r.m.I.D.CanvasMainChange - cropped
2025-04-09 17:57:16 INFO  c.r.r.m.I.D.CanvasMainChange - cropped
2025-04-09 17:57:16 INFO  c.r.r.m.I.D.CanvasMainChange - cropped
2025-04-09 17:57:17 INFO  c.r.r.s.study.StudyMainController - saving for export...
2025-04-09 17:57:17 INFO  c.r.rxviewui.controller.ExportWindow - initialized
2025-04-09 17:57:18 INFO  c.r.r.m.I.D.CanvasMainChange - cropped
2025-04-09 17:57:18 INFO  c.r.r.m.I.D.CanvasMainChange - cropped
2025-04-09 17:57:25 INFO  c.r.r.m.I.D.CanvasMainChange - cropped
2025-04-09 17:57:25 INFO  c.r.r.m.I.D.CanvasMainChange - cropped
2025-04-09 17:57:25 INFO  c.r.r.m.I.D.CanvasMainChange - cropped
2025-04-09 17:57:57 INFO  c.r.r.m.I.D.CanvasMainChange - cropped
2025-04-09 17:57:57 INFO  c.r.r.m.I.D.CanvasMainChange - cropped
2025-04-09 17:57:57 INFO  c.r.r.m.I.D.CanvasMainChange - cropped
2025-04-09 17:57:57 INFO  c.r.r.m.I.D.CanvasMainChange - cropped
2025-04-09 17:58:45 INFO  c.r.r.m.I.D.CanvasMainChange - cropped
2025-04-09 17:58:45 INFO  c.r.r.m.I.D.CanvasMainChange - cropped
2025-04-09 17:59:34 INFO  c.r.r.m.I.D.CanvasMainChange - cropped
