2025-04-09 12:36:48 INFO  c.r.rxviewui.controller.LoginPage - logged In
2025-04-09 12:36:48 INFO  c.r.r.service.login.LoginController - ip mismatched 192.168.31.178 and 192.168.12.10
2025-04-09 12:36:48 INFO  c.r.r.service.login.LoginController - IP not found
2025-04-09 12:36:48 INFO  c.r.r.service.login.LoginController - initialized
2025-04-09 12:36:52 INFO  c.r.r.service.login.LoginController - No devices found!!!
2025-04-09 12:36:57 INFO  c.r.r.service.study.StudyService - Image received
2025-04-09 12:36:58 INFO  c.r.r.service.study.StudyService - Mat is not empty
2025-04-09 12:36:59 INFO  c.r.r.m.I.D.MainDrawTool - ImagingParams is null
2025-04-09 12:37:30 INFO  c.r.r.s.study.StudyMainController - saving for export...
2025-04-09 12:37:30 INFO  c.r.rxviewui.controller.ExportWindow - initialized
2025-04-09 12:37:36 INFO  c.r.r.m.I.D.CanvasMainChange - cropped
2025-04-09 12:37:36 INFO  c.r.r.m.I.D.CanvasMainChange - cropped
2025-04-09 12:37:50 INFO  c.r.r.s.study.StudyMainController - saving for export...
2025-04-09 12:37:50 INFO  c.r.rxviewui.controller.ExportWindow - initialized
2025-04-09 12:37:57 INFO  c.r.r.m.I.D.CanvasMainChange - cropped
2025-04-09 12:37:57 INFO  c.r.r.m.I.D.CanvasMainChange - cropped
2025-04-09 12:37:57 INFO  c.r.r.m.I.D.CanvasMainChange - cropped
2025-04-09 12:37:57 INFO  c.r.r.m.I.D.CanvasMainChange - cropped
2025-04-09 12:37:58 INFO  c.r.r.m.I.D.CanvasMainChange - cropped
2025-04-09 12:37:58 INFO  c.r.r.m.I.D.CanvasMainChange - cropped
2025-04-09 12:37:58 INFO  c.r.r.m.I.D.CanvasMainChange - cropped
2025-04-09 12:37:59 INFO  c.r.r.m.I.D.CanvasMainChange - cropped
2025-04-09 12:48:02 INFO  c.r.r.m.I.D.CanvasMainChange - cropped
2025-04-09 12:48:02 INFO  c.r.r.m.I.D.CanvasMainChange - cropped
2025-04-09 12:48:05 INFO  c.r.r.s.study.StudyMainController - saving for export...
2025-04-09 12:48:06 INFO  c.r.rxviewui.controller.ExportWindow - initialized
2025-04-09 12:48:06 INFO  c.r.r.m.I.D.CanvasMainChange - cropped
2025-04-09 12:48:06 INFO  c.r.r.m.I.D.CanvasMainChange - cropped
2025-04-09 12:48:15 INFO  c.r.r.m.I.D.CanvasMainChange - cropped
2025-04-09 12:48:15 INFO  c.r.r.m.I.D.CanvasMainChange - cropped
2025-04-09 12:48:15 INFO  c.r.r.m.I.D.CanvasMainChange - cropped
2025-04-09 12:48:15 INFO  c.r.r.m.I.D.CanvasMainChange - cropped
2025-04-09 12:48:16 INFO  c.r.r.m.I.D.CanvasMainChange - cropped
2025-04-09 12:48:16 INFO  c.r.r.m.I.D.CanvasMainChange - cropped
2025-04-09 12:48:17 INFO  c.r.r.m.I.D.CanvasMainChange - cropped
2025-04-09 12:48:17 INFO  c.r.r.m.I.D.CanvasMainChange - cropped
2025-04-09 12:48:18 INFO  c.r.r.m.I.D.CanvasMainChange - cropped
2025-04-09 12:48:18 INFO  c.r.r.m.I.D.CanvasMainChange - cropped
2025-04-09 12:48:18 INFO  c.r.r.m.I.D.CanvasMainChange - cropped
2025-04-09 12:48:18 INFO  c.r.r.m.I.D.CanvasMainChange - cropped
2025-04-09 12:48:45 INFO  c.r.r.m.I.D.CanvasMainChange - cropped
2025-04-09 12:48:45 INFO  c.r.r.m.I.D.CanvasMainChange - cropped
2025-04-09 12:49:12 INFO  c.r.r.m.I.D.CanvasMainChange - cropped
2025-04-09 12:49:14 INFO  c.r.r.m.I.D.CanvasMainChange - cropped
2025-04-09 12:49:14 INFO  c.r.r.m.I.D.CanvasMainChange - cropped
2025-04-09 12:49:24 INFO  c.r.r.s.study.StudyMainController - saving for export...
2025-04-09 12:49:24 INFO  c.r.rxviewui.controller.ExportWindow - initialized
2025-04-09 12:49:25 INFO  c.r.r.m.I.D.CanvasMainChange - cropped
2025-04-09 12:49:25 INFO  c.r.r.m.I.D.CanvasMainChange - cropped
2025-04-09 12:49:31 INFO  c.r.r.m.I.D.CanvasMainChange - cropped
2025-04-09 12:49:31 INFO  c.r.r.m.I.D.CanvasMainChange - cropped
2025-04-09 12:49:31 INFO  c.r.r.m.I.D.CanvasMainChange - cropped
2025-04-09 12:49:31 INFO  c.r.r.m.I.D.CanvasMainChange - cropped
2025-04-09 12:49:32 INFO  c.r.r.m.I.D.CanvasMainChange - cropped
2025-04-09 12:49:32 INFO  c.r.r.m.I.D.CanvasMainChange - cropped
2025-04-09 12:49:32 INFO  c.r.r.m.I.D.CanvasMainChange - cropped
2025-04-09 12:49:32 INFO  c.r.r.m.I.D.CanvasMainChange - cropped
2025-04-09 12:49:33 INFO  c.r.r.m.I.D.CanvasMainChange - cropped
2025-04-09 12:49:33 INFO  c.r.r.m.I.D.CanvasMainChange - cropped
2025-04-09 12:49:34 INFO  c.r.r.m.I.D.CanvasMainChange - cropped
2025-04-09 12:49:34 INFO  c.r.r.m.I.D.CanvasMainChange - cropped
2025-04-09 12:49:35 INFO  c.r.r.m.I.D.CanvasMainChange - cropped
2025-04-09 12:49:35 INFO  c.r.r.m.I.D.CanvasMainChange - cropped
2025-04-09 12:49:35 INFO  c.r.r.m.I.D.CanvasMainChange - cropped
2025-04-09 12:49:35 INFO  c.r.r.m.I.D.CanvasMainChange - cropped
2025-04-09 12:49:57 INFO  c.r.r.m.I.D.CanvasMainChange - cropped
2025-04-09 12:49:57 INFO  c.r.r.m.I.D.CanvasMainChange - cropped
2025-04-09 12:50:01 INFO  c.r.r.m.I.D.CanvasMainChange - cropped
2025-04-09 12:50:02 INFO  c.r.r.m.I.D.CanvasMainChange - cropped
2025-04-09 12:50:02 INFO  c.r.r.m.I.D.CanvasMainChange - cropped
2025-04-09 12:50:04 INFO  c.r.r.m.I.D.CanvasMainChange - cropped
2025-04-09 12:50:04 INFO  c.r.r.m.I.D.CanvasMainChange - cropped
2025-04-09 12:50:05 INFO  c.r.r.m.I.D.CanvasMainChange - cropped
2025-04-09 12:50:05 INFO  c.r.r.m.I.D.CanvasMainChange - cropped
2025-04-09 12:50:05 INFO  c.r.r.m.I.D.CanvasMainChange - cropped
2025-04-09 12:50:05 INFO  c.r.r.m.I.D.CanvasMainChange - cropped
2025-04-09 12:50:05 INFO  c.r.r.m.I.D.CanvasMainChange - cropped
2025-04-09 12:50:05 INFO  c.r.r.m.I.D.CanvasMainChange - cropped
2025-04-09 12:50:05 INFO  c.r.r.m.I.D.CanvasMainChange - cropped
2025-04-09 12:50:05 INFO  c.r.r.m.I.D.CanvasMainChange - cropped
2025-04-09 12:50:05 INFO  c.r.r.m.I.D.CanvasMainChange - cropped
2025-04-09 12:50:05 INFO  c.r.r.m.I.D.CanvasMainChange - cropped
2025-04-09 12:50:05 INFO  c.r.r.m.I.D.CanvasMainChange - cropped
2025-04-09 12:50:05 INFO  c.r.r.m.I.D.CanvasMainChange - cropped
2025-04-09 12:50:05 INFO  c.r.r.m.I.D.CanvasMainChange - cropped
2025-04-09 12:50:05 INFO  c.r.r.m.I.D.CanvasMainChange - cropped
2025-04-09 12:50:05 INFO  c.r.r.m.I.D.CanvasMainChange - cropped
2025-04-09 12:50:05 INFO  c.r.r.m.I.D.CanvasMainChange - cropped
2025-04-09 12:50:05 INFO  c.r.r.m.I.D.CanvasMainChange - cropped
2025-04-09 12:50:05 INFO  c.r.r.m.I.D.CanvasMainChange - cropped
2025-04-09 12:50:05 INFO  c.r.r.m.I.D.CanvasMainChange - cropped
2025-04-09 12:50:05 INFO  c.r.r.m.I.D.CanvasMainChange - cropped
2025-04-09 12:50:05 INFO  c.r.r.m.I.D.CanvasMainChange - cropped
2025-04-09 12:50:05 INFO  c.r.r.m.I.D.CanvasMainChange - cropped
2025-04-09 12:50:05 INFO  c.r.r.m.I.D.CanvasMainChange - cropped
2025-04-09 12:50:05 INFO  c.r.r.m.I.D.CanvasMainChange - cropped
2025-04-09 12:50:05 INFO  c.r.r.m.I.D.CanvasMainChange - cropped
2025-04-09 12:50:05 INFO  c.r.r.m.I.D.CanvasMainChange - cropped
2025-04-09 12:50:05 INFO  c.r.r.m.I.D.CanvasMainChange - cropped
2025-04-09 12:50:05 INFO  c.r.r.m.I.D.CanvasMainChange - cropped
2025-04-09 12:50:05 INFO  c.r.r.m.I.D.CanvasMainChange - cropped
2025-04-09 12:50:05 INFO  c.r.r.m.I.D.CanvasMainChange - cropped
2025-04-09 12:50:05 INFO  c.r.r.m.I.D.CanvasMainChange - cropped
2025-04-09 12:50:05 INFO  c.r.r.m.I.D.CanvasMainChange - cropped
2025-04-09 12:50:05 INFO  c.r.r.m.I.D.CanvasMainChange - cropped
2025-04-09 12:50:05 INFO  c.r.r.m.I.D.CanvasMainChange - cropped
2025-04-09 12:50:05 INFO  c.r.r.m.I.D.CanvasMainChange - cropped
2025-04-09 12:50:05 INFO  c.r.r.m.I.D.CanvasMainChange - cropped
2025-04-09 12:50:05 INFO  c.r.r.m.I.D.CanvasMainChange - cropped
2025-04-09 12:50:05 INFO  c.r.r.m.I.D.CanvasMainChange - cropped
2025-04-09 12:50:05 INFO  c.r.r.m.I.D.CanvasMainChange - cropped
2025-04-09 12:50:05 INFO  c.r.r.m.I.D.CanvasMainChange - cropped
2025-04-09 12:50:06 INFO  c.r.r.m.I.D.CanvasMainChange - cropped
2025-04-09 12:50:06 INFO  c.r.r.m.I.D.CanvasMainChange - cropped
2025-04-09 12:50:06 INFO  c.r.r.m.I.D.CanvasMainChange - cropped
2025-04-09 12:50:06 INFO  c.r.r.m.I.D.CanvasMainChange - cropped
2025-04-09 12:50:06 INFO  c.r.r.m.I.D.CanvasMainChange - cropped
2025-04-09 12:50:06 INFO  c.r.r.m.I.D.CanvasMainChange - cropped
2025-04-09 12:50:06 INFO  c.r.r.m.I.D.CanvasMainChange - cropped
2025-04-09 12:50:06 INFO  c.r.r.m.I.D.CanvasMainChange - cropped
2025-04-09 12:50:06 INFO  c.r.r.m.I.D.CanvasMainChange - cropped
2025-04-09 12:50:06 INFO  c.r.r.m.I.D.CanvasMainChange - cropped
2025-04-09 12:50:06 INFO  c.r.r.m.I.D.CanvasMainChange - cropped
2025-04-09 12:50:06 INFO  c.r.r.m.I.D.CanvasMainChange - cropped
2025-04-09 12:50:06 INFO  c.r.r.m.I.D.CanvasMainChange - cropped
2025-04-09 12:50:06 INFO  c.r.r.m.I.D.CanvasMainChange - cropped
2025-04-09 12:50:06 INFO  c.r.r.m.I.D.CanvasMainChange - cropped
2025-04-09 12:50:06 INFO  c.r.r.m.I.D.CanvasMainChange - cropped
2025-04-09 12:50:06 INFO  c.r.r.m.I.D.CanvasMainChange - cropped
2025-04-09 12:50:06 INFO  c.r.r.m.I.D.CanvasMainChange - cropped
2025-04-09 12:50:06 INFO  c.r.r.m.I.D.CanvasMainChange - cropped
2025-04-09 12:50:06 INFO  c.r.r.m.I.D.CanvasMainChange - cropped
2025-04-09 12:50:06 INFO  c.r.r.m.I.D.CanvasMainChange - cropped
2025-04-09 12:50:06 INFO  c.r.r.m.I.D.CanvasMainChange - cropped
2025-04-09 12:50:06 INFO  c.r.r.m.I.D.CanvasMainChange - cropped
2025-04-09 12:50:06 INFO  c.r.r.m.I.D.CanvasMainChange - cropped
2025-04-09 12:50:06 INFO  c.r.r.m.I.D.CanvasMainChange - cropped
2025-04-09 12:50:06 INFO  c.r.r.m.I.D.CanvasMainChange - cropped
2025-04-09 12:50:06 INFO  c.r.r.m.I.D.CanvasMainChange - cropped
2025-04-09 12:50:06 INFO  c.r.r.m.I.D.CanvasMainChange - cropped
2025-04-09 12:50:06 INFO  c.r.r.m.I.D.CanvasMainChange - cropped
2025-04-09 12:50:06 INFO  c.r.r.m.I.D.CanvasMainChange - cropped
2025-04-09 12:50:06 INFO  c.r.r.m.I.D.CanvasMainChange - cropped
2025-04-09 12:50:06 INFO  c.r.r.m.I.D.CanvasMainChange - cropped
2025-04-09 12:50:06 INFO  c.r.r.m.I.D.CanvasMainChange - cropped
2025-04-09 12:50:06 INFO  c.r.r.m.I.D.CanvasMainChange - cropped
2025-04-09 12:50:06 INFO  c.r.r.m.I.D.CanvasMainChange - cropped
2025-04-09 12:50:06 INFO  c.r.r.m.I.D.CanvasMainChange - cropped
2025-04-09 12:50:06 INFO  c.r.r.m.I.D.CanvasMainChange - cropped
2025-04-09 12:50:06 INFO  c.r.r.m.I.D.CanvasMainChange - cropped
2025-04-09 12:50:06 INFO  c.r.r.m.I.D.CanvasMainChange - cropped
2025-04-09 12:50:07 INFO  c.r.r.m.I.D.CanvasMainChange - cropped
2025-04-09 12:50:09 INFO  c.r.r.m.I.D.CanvasMainChange - cropped
2025-04-09 12:50:09 INFO  c.r.r.m.I.D.CanvasMainChange - cropped
2025-04-09 12:50:10 INFO  c.r.r.m.I.D.CanvasMainChange - cropped
2025-04-09 12:50:10 INFO  c.r.r.m.I.D.CanvasMainChange - cropped
2025-04-09 12:50:10 INFO  c.r.r.m.I.D.CanvasMainChange - cropped
2025-04-09 12:50:10 INFO  c.r.r.m.I.D.CanvasMainChange - cropped
2025-04-09 12:50:10 INFO  c.r.r.m.I.D.CanvasMainChange - cropped
2025-04-09 12:50:10 INFO  c.r.r.m.I.D.CanvasMainChange - cropped
2025-04-09 12:50:10 INFO  c.r.r.m.I.D.CanvasMainChange - cropped
2025-04-09 12:50:10 INFO  c.r.r.m.I.D.CanvasMainChange - cropped
2025-04-09 12:50:10 INFO  c.r.r.m.I.D.CanvasMainChange - cropped
2025-04-09 12:50:10 INFO  c.r.r.m.I.D.CanvasMainChange - cropped
2025-04-09 12:50:10 INFO  c.r.r.m.I.D.CanvasMainChange - cropped
2025-04-09 12:50:10 INFO  c.r.r.m.I.D.CanvasMainChange - cropped
2025-04-09 12:50:10 INFO  c.r.r.m.I.D.CanvasMainChange - cropped
2025-04-09 12:50:10 INFO  c.r.r.m.I.D.CanvasMainChange - cropped
2025-04-09 12:50:10 INFO  c.r.r.m.I.D.CanvasMainChange - cropped
2025-04-09 12:50:10 INFO  c.r.r.m.I.D.CanvasMainChange - cropped
2025-04-09 12:50:10 INFO  c.r.r.m.I.D.CanvasMainChange - cropped
2025-04-09 12:50:10 INFO  c.r.r.m.I.D.CanvasMainChange - cropped
2025-04-09 12:50:10 INFO  c.r.r.m.I.D.CanvasMainChange - cropped
2025-04-09 12:50:10 INFO  c.r.r.m.I.D.CanvasMainChange - cropped
2025-04-09 12:50:11 INFO  c.r.r.m.I.D.CanvasMainChange - cropped
2025-04-09 12:50:11 INFO  c.r.r.m.I.D.CanvasMainChange - cropped
2025-04-09 12:50:11 INFO  c.r.r.m.I.D.CanvasMainChange - cropped
2025-04-09 12:50:11 INFO  c.r.r.m.I.D.CanvasMainChange - cropped
2025-04-09 12:50:11 INFO  c.r.r.m.I.D.CanvasMainChange - cropped
2025-04-09 12:50:11 INFO  c.r.r.m.I.D.CanvasMainChange - cropped
2025-04-09 12:50:11 INFO  c.r.r.m.I.D.CanvasMainChange - cropped
2025-04-09 12:50:11 INFO  c.r.r.m.I.D.CanvasMainChange - cropped
2025-04-09 12:50:11 INFO  c.r.r.m.I.D.CanvasMainChange - cropped
2025-04-09 12:50:11 INFO  c.r.r.m.I.D.CanvasMainChange - cropped
2025-04-09 12:50:11 INFO  c.r.r.m.I.D.CanvasMainChange - cropped
2025-04-09 12:50:11 INFO  c.r.r.m.I.D.CanvasMainChange - cropped
2025-04-09 12:50:11 INFO  c.r.r.m.I.D.CanvasMainChange - cropped
2025-04-09 12:50:11 INFO  c.r.r.m.I.D.CanvasMainChange - cropped
2025-04-09 12:50:11 INFO  c.r.r.m.I.D.CanvasMainChange - cropped
2025-04-09 12:50:11 INFO  c.r.r.m.I.D.CanvasMainChange - cropped
2025-04-09 12:50:11 INFO  c.r.r.m.I.D.CanvasMainChange - cropped
2025-04-09 12:50:11 INFO  c.r.r.m.I.D.CanvasMainChange - cropped
2025-04-09 12:50:11 INFO  c.r.r.m.I.D.CanvasMainChange - cropped
2025-04-09 12:50:11 INFO  c.r.r.m.I.D.CanvasMainChange - cropped
2025-04-09 12:50:11 INFO  c.r.r.m.I.D.CanvasMainChange - cropped
2025-04-09 12:50:11 INFO  c.r.r.m.I.D.CanvasMainChange - cropped
2025-04-09 12:50:11 INFO  c.r.r.m.I.D.CanvasMainChange - cropped
2025-04-09 12:50:11 INFO  c.r.r.m.I.D.CanvasMainChange - cropped
2025-04-09 12:50:11 INFO  c.r.r.m.I.D.CanvasMainChange - cropped
2025-04-09 12:50:11 INFO  c.r.r.m.I.D.CanvasMainChange - cropped
2025-04-09 12:50:11 INFO  c.r.r.m.I.D.CanvasMainChange - cropped
2025-04-09 12:50:11 INFO  c.r.r.m.I.D.CanvasMainChange - cropped
2025-04-09 12:50:11 INFO  c.r.r.m.I.D.CanvasMainChange - cropped
2025-04-09 12:50:11 INFO  c.r.r.m.I.D.CanvasMainChange - cropped
2025-04-09 12:50:11 INFO  c.r.r.m.I.D.CanvasMainChange - cropped
2025-04-09 12:50:11 INFO  c.r.r.m.I.D.CanvasMainChange - cropped
2025-04-09 12:50:11 INFO  c.r.r.m.I.D.CanvasMainChange - cropped
2025-04-09 12:50:11 INFO  c.r.r.m.I.D.CanvasMainChange - cropped
2025-04-09 12:50:12 INFO  c.r.r.m.I.D.CanvasMainChange - cropped
2025-04-09 12:50:12 INFO  c.r.r.m.I.D.CanvasMainChange - cropped
2025-04-09 12:50:12 INFO  c.r.r.m.I.D.CanvasMainChange - cropped
2025-04-09 12:50:12 INFO  c.r.r.m.I.D.CanvasMainChange - cropped
2025-04-09 12:50:13 INFO  c.r.r.m.I.D.CanvasMainChange - cropped
2025-04-09 12:50:13 INFO  c.r.r.m.I.D.CanvasMainChange - cropped
2025-04-09 12:50:13 INFO  c.r.r.m.I.D.CanvasMainChange - cropped
2025-04-09 12:50:13 INFO  c.r.r.m.I.D.CanvasMainChange - cropped
2025-04-09 12:50:13 INFO  c.r.r.m.I.D.CanvasMainChange - cropped
2025-04-09 12:50:13 INFO  c.r.r.m.I.D.CanvasMainChange - cropped
2025-04-09 12:50:13 INFO  c.r.r.m.I.D.CanvasMainChange - cropped
2025-04-09 12:50:13 INFO  c.r.r.m.I.D.CanvasMainChange - cropped
2025-04-09 12:50:13 INFO  c.r.r.m.I.D.CanvasMainChange - cropped
2025-04-09 12:50:13 INFO  c.r.r.m.I.D.CanvasMainChange - cropped
2025-04-09 12:50:13 INFO  c.r.r.m.I.D.CanvasMainChange - cropped
2025-04-09 12:50:13 INFO  c.r.r.m.I.D.CanvasMainChange - cropped
2025-04-09 12:50:13 INFO  c.r.r.m.I.D.CanvasMainChange - cropped
2025-04-09 12:50:13 INFO  c.r.r.m.I.D.CanvasMainChange - cropped
2025-04-09 12:50:13 INFO  c.r.r.m.I.D.CanvasMainChange - cropped
2025-04-09 12:50:13 INFO  c.r.r.m.I.D.CanvasMainChange - cropped
2025-04-09 12:50:13 INFO  c.r.r.m.I.D.CanvasMainChange - cropped
2025-04-09 12:50:13 INFO  c.r.r.m.I.D.CanvasMainChange - cropped
2025-04-09 12:50:13 INFO  c.r.r.m.I.D.CanvasMainChange - cropped
2025-04-09 12:50:13 INFO  c.r.r.m.I.D.CanvasMainChange - cropped
2025-04-09 12:50:13 INFO  c.r.r.m.I.D.CanvasMainChange - cropped
2025-04-09 12:50:13 INFO  c.r.r.m.I.D.CanvasMainChange - cropped
2025-04-09 12:50:13 INFO  c.r.r.m.I.D.CanvasMainChange - cropped
2025-04-09 12:50:13 INFO  c.r.r.m.I.D.CanvasMainChange - cropped
2025-04-09 12:50:13 INFO  c.r.r.m.I.D.CanvasMainChange - cropped
2025-04-09 12:50:13 INFO  c.r.r.m.I.D.CanvasMainChange - cropped
2025-04-09 12:50:13 INFO  c.r.r.m.I.D.CanvasMainChange - cropped
2025-04-09 12:50:13 INFO  c.r.r.m.I.D.CanvasMainChange - cropped
2025-04-09 12:50:13 INFO  c.r.r.m.I.D.CanvasMainChange - cropped
2025-04-09 12:50:13 INFO  c.r.r.m.I.D.CanvasMainChange - cropped
2025-04-09 12:50:13 INFO  c.r.r.m.I.D.CanvasMainChange - cropped
2025-04-09 12:50:13 INFO  c.r.r.m.I.D.CanvasMainChange - cropped
2025-04-09 12:50:13 INFO  c.r.r.m.I.D.CanvasMainChange - cropped
2025-04-09 12:50:18 INFO  c.r.r.m.I.D.CanvasMainChange - cropped
2025-04-09 13:06:06 INFO  c.r.r.m.I.D.CanvasMainChange - cropped
2025-04-09 13:06:06 INFO  c.r.r.m.I.D.CanvasMainChange - cropped
2025-04-09 13:06:11 INFO  c.r.r.s.study.StudyMainController - saving for export...
2025-04-09 13:06:12 INFO  c.r.rxviewui.controller.ExportWindow - initialized
2025-04-09 13:06:12 INFO  c.r.r.m.I.D.CanvasMainChange - cropped
2025-04-09 13:06:12 INFO  c.r.r.m.I.D.CanvasMainChange - cropped
2025-04-09 13:06:18 INFO  c.r.r.m.I.D.CanvasMainChange - cropped
2025-04-09 13:06:18 INFO  c.r.r.m.I.D.CanvasMainChange - cropped
2025-04-09 13:06:19 INFO  c.r.r.m.I.D.CanvasMainChange - cropped
2025-04-09 13:06:19 INFO  c.r.r.m.I.D.CanvasMainChange - cropped
2025-04-09 13:06:21 INFO  c.r.r.m.I.D.CanvasMainChange - cropped
2025-04-09 13:06:21 INFO  c.r.r.m.I.D.CanvasMainChange - cropped
2025-04-09 13:06:22 INFO  c.r.r.m.I.D.CanvasMainChange - cropped
2025-04-09 13:06:22 INFO  c.r.r.m.I.D.CanvasMainChange - cropped
2025-04-09 13:06:25 INFO  c.r.r.m.I.D.CanvasMainChange - cropped
2025-04-09 13:06:25 INFO  c.r.r.m.I.D.CanvasMainChange - cropped
2025-04-09 13:06:25 INFO  c.r.r.m.I.D.CanvasMainChange - cropped
2025-04-09 13:06:26 INFO  c.r.r.m.I.D.CanvasMainChange - cropped
2025-04-09 13:06:27 INFO  c.r.r.m.I.D.CanvasMainChange - cropped
2025-04-09 13:06:27 INFO  c.r.r.m.I.D.CanvasMainChange - cropped
2025-04-09 13:06:28 INFO  c.r.r.m.I.D.CanvasMainChange - cropped
2025-04-09 13:06:28 INFO  c.r.r.m.I.D.CanvasMainChange - cropped
2025-04-09 13:06:29 INFO  c.r.r.m.I.D.CanvasMainChange - cropped
2025-04-09 13:06:29 INFO  c.r.r.m.I.D.CanvasMainChange - cropped
2025-04-09 13:06:29 INFO  c.r.r.m.I.D.CanvasMainChange - cropped
2025-04-09 13:06:29 INFO  c.r.r.m.I.D.CanvasMainChange - cropped
2025-04-09 13:06:43 INFO  c.r.r.m.I.D.CanvasMainChange - cropped
2025-04-09 13:06:43 INFO  c.r.r.m.I.D.CanvasMainChange - cropped
2025-04-09 13:06:55 INFO  c.r.r.m.I.D.CanvasMainChange - cropped
