2025-04-09 10:11:02 INFO  c.r.rxviewui.controller.LoginPage - logged In
2025-04-09 10:11:02 INFO  c.r.r.service.login.LoginController - ip mismatched 192.168.31.178 and 192.168.12.10
2025-04-09 10:11:02 INFO  c.r.r.service.login.LoginController - IP not found
2025-04-09 10:11:02 INFO  c.r.r.service.login.LoginController - initialized
2025-04-09 10:11:06 INFO  c.r.r.service.login.LoginController - No devices found!!!
2025-04-09 10:11:09 INFO  c.r.r.m.I.D.CanvasMainChange - multiple : 0.0 + 



2025-04-09 10:11:09 INFO  c.r.r.m.I.D.CanvasMainChange - multiple : 0.0 + 



2025-04-09 10:11:09 INFO  c.r.r.m.I.D.CanvasMainChange - multiple : 0.0 + 



2025-04-09 10:11:09 INFO  c.r.r.m.I.D.CanvasMainChange - multiple : 0.0 + 



2025-04-09 10:11:11 INFO  c.r.r.service.study.StudyService - Image received
2025-04-09 10:11:12 INFO  c.r.r.service.study.StudyService - Mat is not empty
2025-04-09 10:11:13 INFO  c.r.r.m.I.D.CanvasMainChange - multiple : 1.0 + 



2025-04-09 10:11:13 INFO  c.r.r.m.I.D.CanvasMainChange - multiple : 1.0 + 



2025-04-09 10:11:13 INFO  c.r.r.m.I.D.CanvasMainChange - multiple : 1.0 + 



2025-04-09 10:11:13 INFO  c.r.r.m.I.D.CanvasMainChange - multiple : 1.0 + 



2025-04-09 10:11:13 INFO  c.r.r.m.I.D.CanvasMainChange - multiple : 1.0 + 



2025-04-09 10:11:13 INFO  c.r.r.m.I.D.CanvasMainChange - multiple : 1.0 + 



2025-04-09 10:11:13 INFO  c.r.r.m.I.D.CanvasMainChange - multiple : 1.0 + 



2025-04-09 10:11:13 INFO  c.r.r.m.I.D.MainDrawTool - ImagingParams is null
2025-04-09 10:11:15 INFO  c.r.r.m.I.D.CanvasMainChange - multiple : 1.0 + 



2025-04-09 10:11:15 INFO  c.r.r.m.I.D.CanvasMainChange - multiple : 1.0 + 



2025-04-09 10:11:15 INFO  c.r.r.m.I.D.CanvasMainChange - multiple : 1.0 + 



2025-04-09 10:11:16 INFO  c.r.r.m.I.D.CanvasMainChange - multiple : 1.0 + 



2025-04-09 10:11:16 INFO  c.r.r.m.I.D.CanvasMainChange - multiple : 1.0 + 



2025-04-09 10:11:16 INFO  c.r.r.m.I.D.CanvasMainChange - multiple : 1.0 + 



2025-04-09 10:11:16 INFO  c.r.r.m.I.D.CanvasMainChange - multiple : 1.0 + 



2025-04-09 10:11:16 INFO  c.r.r.m.I.D.CanvasMainChange - multiple : 1.0 + 



2025-04-09 10:11:17 INFO  c.r.r.m.I.D.CanvasMainChange - multiple : 1.0 + 



2025-04-09 10:11:17 INFO  c.r.r.m.I.D.CanvasMainChange - multiple : 1.0 + 



2025-04-09 10:11:17 INFO  c.r.r.m.I.D.CanvasMainChange - multiple : 1.0 + 



2025-04-09 10:11:17 INFO  c.r.r.m.I.D.CanvasMainChange - multiple : 1.0 + 



2025-04-09 10:11:17 INFO  c.r.r.m.I.D.CanvasMainChange - multiple : 1.0 + 



2025-04-09 10:11:17 INFO  c.r.r.m.I.D.CanvasMainChange - multiple : 1.0 + 



2025-04-09 10:11:17 INFO  c.r.r.m.I.D.CanvasMainChange - multiple : 1.0 + 



2025-04-09 10:11:17 INFO  c.r.r.m.I.D.CanvasMainChange - multiple : 1.0 + 



2025-04-09 10:11:17 INFO  c.r.r.m.I.D.CanvasMainChange - multiple : 1.0 + 



2025-04-09 10:11:17 INFO  c.r.r.m.I.D.CanvasMainChange - multiple : 1.0 + 



2025-04-09 10:11:17 INFO  c.r.r.m.I.D.CanvasMainChange - multiple : 1.0 + 



2025-04-09 10:11:17 INFO  c.r.r.m.I.D.CanvasMainChange - multiple : 1.0 + 



2025-04-09 10:11:17 INFO  c.r.r.m.I.D.CanvasMainChange - multiple : 1.0 + 



2025-04-09 10:11:17 INFO  c.r.r.m.I.D.CanvasMainChange - multiple : 1.0 + 



2025-04-09 10:11:17 INFO  c.r.r.m.I.D.CanvasMainChange - multiple : 1.0 + 



2025-04-09 10:11:17 INFO  c.r.r.m.I.D.CanvasMainChange - multiple : 1.0 + 



2025-04-09 10:11:17 INFO  c.r.r.m.I.D.CanvasMainChange - multiple : 1.0 + 



2025-04-09 10:11:17 INFO  c.r.r.m.I.D.CanvasMainChange - multiple : 1.0 + 



2025-04-09 10:11:17 INFO  c.r.r.m.I.D.CanvasMainChange - multiple : 1.0 + 



2025-04-09 10:11:17 INFO  c.r.r.m.I.D.CanvasMainChange - multiple : 1.0 + 



2025-04-09 10:11:17 INFO  c.r.r.m.I.D.CanvasMainChange - multiple : 1.0 + 



2025-04-09 10:11:17 INFO  c.r.r.m.I.D.CanvasMainChange - multiple : 1.0 + 



2025-04-09 10:11:17 INFO  c.r.r.m.I.D.CanvasMainChange - multiple : 1.0 + 



2025-04-09 10:11:17 INFO  c.r.r.m.I.D.CanvasMainChange - multiple : 1.0 + 



2025-04-09 10:11:17 INFO  c.r.r.m.I.D.CanvasMainChange - multiple : 1.0 + 



2025-04-09 10:11:17 INFO  c.r.r.m.I.D.CanvasMainChange - multiple : 1.0 + 



2025-04-09 10:11:17 INFO  c.r.r.m.I.D.CanvasMainChange - multiple : 1.0 + 



2025-04-09 10:11:17 INFO  c.r.r.m.I.D.CanvasMainChange - multiple : 1.0 + 



2025-04-09 10:11:17 INFO  c.r.r.m.I.D.CanvasMainChange - multiple : 1.0 + 



2025-04-09 10:11:17 INFO  c.r.r.m.I.D.CanvasMainChange - multiple : 1.0 + 



2025-04-09 10:11:17 INFO  c.r.r.m.I.D.CanvasMainChange - multiple : 1.0 + 



2025-04-09 10:11:17 INFO  c.r.r.m.I.D.CanvasMainChange - multiple : 1.0 + 



2025-04-09 10:11:17 INFO  c.r.r.m.I.D.CanvasMainChange - multiple : 1.0 + 



2025-04-09 10:11:17 INFO  c.r.r.m.I.D.CanvasMainChange - multiple : 1.0 + 



2025-04-09 10:11:18 INFO  c.r.r.m.I.D.CanvasMainChange - multiple : 1.0 + 



2025-04-09 10:11:18 INFO  c.r.r.m.I.D.CanvasMainChange - multiple : 1.0 + 



2025-04-09 10:11:18 INFO  c.r.r.m.I.D.CanvasMainChange - multiple : 1.0 + 



2025-04-09 10:11:18 INFO  c.r.r.m.I.D.CanvasMainChange - multiple : 1.0 + 



2025-04-09 10:11:19 INFO  c.r.r.m.I.D.CanvasMainChange - multiple : 1.0 + 



2025-04-09 10:11:19 INFO  c.r.r.m.I.D.CanvasMainChange - multiple : 1.0 + 



2025-04-09 10:11:19 INFO  c.r.r.m.I.D.CanvasMainChange - multiple : 1.0 + 



2025-04-09 10:15:21 INFO  c.r.r.m.I.D.CanvasMainChange - multiple : 1.0 + 



2025-04-09 10:15:21 INFO  c.r.r.m.I.D.CanvasMainChange - multiple : 1.0 + 



2025-04-09 10:15:23 INFO  c.r.r.m.I.D.CanvasMainChange - multiple : 1.0 + 



2025-04-09 10:15:23 INFO  c.r.r.m.I.D.CanvasMainChange - multiple : 1.0 + 



2025-04-09 10:15:24 INFO  c.r.r.m.I.D.CanvasMainChange - multiple : 1.0 + 



2025-04-09 10:15:24 INFO  c.r.r.m.I.D.CanvasMainChange - multiple : 1.0 + 



2025-04-09 10:15:24 INFO  c.r.r.m.I.D.CanvasMainChange - multiple : 1.0 + 



2025-04-09 10:15:24 INFO  c.r.r.m.I.D.CanvasMainChange - multiple : 1.0 + 



2025-04-09 10:15:25 INFO  c.r.r.m.I.D.CanvasMainChange - multiple : 1.0 + 



2025-04-09 10:15:25 INFO  c.r.r.m.I.D.CanvasMainChange - multiple : 1.0 + 



2025-04-09 10:15:25 INFO  c.r.r.m.I.D.CanvasMainChange - multiple : 1.0 + 



2025-04-09 10:15:28 INFO  c.r.r.m.I.D.CanvasMainChange - multiple : 1.0 + 



2025-04-09 10:15:29 INFO  c.r.r.m.I.D.CanvasMainChange - multiple : 1.0 + 



2025-04-09 10:15:29 INFO  c.r.r.m.I.D.CanvasMainChange - multiple : 1.0 + 



2025-04-09 10:15:29 INFO  c.r.r.m.I.D.CanvasMainChange - multiple : 1.0 + 



2025-04-09 10:15:29 INFO  c.r.r.m.I.D.CanvasMainChange - multiple : 1.0 + 



2025-04-09 10:15:30 INFO  c.r.r.m.I.D.CanvasMainChange - multiple : 1.0 + 



2025-04-09 10:15:30 INFO  c.r.r.m.I.D.CanvasMainChange - multiple : 1.0 + 



2025-04-09 10:15:30 INFO  c.r.r.m.I.D.CanvasMainChange - multiple : 1.0 + 



2025-04-09 10:15:30 INFO  c.r.r.m.I.D.CanvasMainChange - multiple : 1.0 + 



2025-04-09 10:15:30 INFO  c.r.r.m.I.D.CanvasMainChange - multiple : 1.0 + 



2025-04-09 10:15:30 INFO  c.r.r.m.I.D.CanvasMainChange - multiple : 1.0 + 



2025-04-09 10:15:30 INFO  c.r.r.m.I.D.CanvasMainChange - multiple : 1.0 + 



2025-04-09 10:15:30 INFO  c.r.r.m.I.D.CanvasMainChange - multiple : 1.0 + 



2025-04-09 10:15:30 INFO  c.r.r.m.I.D.CanvasMainChange - multiple : 1.0 + 



2025-04-09 10:15:30 INFO  c.r.r.m.I.D.CanvasMainChange - multiple : 1.0 + 



2025-04-09 10:15:30 INFO  c.r.r.m.I.D.CanvasMainChange - multiple : 1.0 + 



2025-04-09 10:15:30 INFO  c.r.r.m.I.D.CanvasMainChange - multiple : 1.0 + 



2025-04-09 10:15:30 INFO  c.r.r.m.I.D.CanvasMainChange - multiple : 1.0 + 



2025-04-09 10:15:30 INFO  c.r.r.m.I.D.CanvasMainChange - multiple : 1.0 + 



2025-04-09 10:15:30 INFO  c.r.r.m.I.D.CanvasMainChange - multiple : 1.0 + 



2025-04-09 10:15:30 INFO  c.r.r.m.I.D.CanvasMainChange - multiple : 1.0 + 



2025-04-09 10:15:30 INFO  c.r.r.m.I.D.CanvasMainChange - multiple : 1.0 + 



2025-04-09 10:15:30 INFO  c.r.r.m.I.D.CanvasMainChange - multiple : 1.0 + 



2025-04-09 10:15:30 INFO  c.r.r.m.I.D.CanvasMainChange - multiple : 1.0 + 



2025-04-09 10:15:30 INFO  c.r.r.m.I.D.CanvasMainChange - multiple : 1.0 + 



2025-04-09 10:15:30 INFO  c.r.r.m.I.D.CanvasMainChange - multiple : 1.0 + 



2025-04-09 10:15:30 INFO  c.r.r.m.I.D.CanvasMainChange - multiple : 1.0 + 



2025-04-09 10:15:30 INFO  c.r.r.m.I.D.CanvasMainChange - multiple : 1.0 + 



2025-04-09 10:15:30 INFO  c.r.r.m.I.D.CanvasMainChange - multiple : 1.0 + 



2025-04-09 10:15:30 INFO  c.r.r.m.I.D.CanvasMainChange - multiple : 1.0 + 



2025-04-09 10:15:30 INFO  c.r.r.m.I.D.CanvasMainChange - multiple : 1.0 + 



2025-04-09 10:15:30 INFO  c.r.r.m.I.D.CanvasMainChange - multiple : 1.0 + 



2025-04-09 10:15:30 INFO  c.r.r.m.I.D.CanvasMainChange - multiple : 1.0 + 



2025-04-09 10:15:30 INFO  c.r.r.m.I.D.CanvasMainChange - multiple : 1.0 + 



2025-04-09 10:15:30 INFO  c.r.r.m.I.D.CanvasMainChange - multiple : 1.0 + 



2025-04-09 10:15:30 INFO  c.r.r.m.I.D.CanvasMainChange - multiple : 1.0 + 



2025-04-09 10:15:30 INFO  c.r.r.m.I.D.CanvasMainChange - multiple : 1.0 + 



2025-04-09 10:15:30 INFO  c.r.r.m.I.D.CanvasMainChange - multiple : 1.0 + 



2025-04-09 10:15:30 INFO  c.r.r.m.I.D.CanvasMainChange - multiple : 1.0 + 



2025-04-09 10:15:30 INFO  c.r.r.m.I.D.CanvasMainChange - multiple : 1.0 + 



2025-04-09 10:15:30 INFO  c.r.r.m.I.D.CanvasMainChange - multiple : 1.0 + 



2025-04-09 10:15:30 INFO  c.r.r.m.I.D.CanvasMainChange - multiple : 1.0 + 



2025-04-09 10:15:30 INFO  c.r.r.m.I.D.CanvasMainChange - multiple : 1.0 + 



2025-04-09 10:15:30 INFO  c.r.r.m.I.D.CanvasMainChange - multiple : 1.0 + 



2025-04-09 10:15:30 INFO  c.r.r.m.I.D.CanvasMainChange - multiple : 1.0 + 



2025-04-09 10:15:30 INFO  c.r.r.m.I.D.CanvasMainChange - multiple : 1.0 + 



2025-04-09 10:15:30 INFO  c.r.r.m.I.D.CanvasMainChange - multiple : 1.0 + 



2025-04-09 10:15:30 INFO  c.r.r.m.I.D.CanvasMainChange - multiple : 1.0 + 



2025-04-09 10:15:30 INFO  c.r.r.m.I.D.CanvasMainChange - multiple : 1.0 + 



2025-04-09 10:15:30 INFO  c.r.r.m.I.D.CanvasMainChange - multiple : 1.0 + 



2025-04-09 10:15:30 INFO  c.r.r.m.I.D.CanvasMainChange - multiple : 1.0 + 



2025-04-09 10:15:30 INFO  c.r.r.m.I.D.CanvasMainChange - multiple : 1.0 + 



2025-04-09 10:15:30 INFO  c.r.r.m.I.D.CanvasMainChange - multiple : 1.0 + 



2025-04-09 10:15:30 INFO  c.r.r.m.I.D.CanvasMainChange - multiple : 1.0 + 



2025-04-09 10:15:30 INFO  c.r.r.m.I.D.CanvasMainChange - multiple : 1.0 + 



2025-04-09 10:15:30 INFO  c.r.r.m.I.D.CanvasMainChange - multiple : 1.0 + 



2025-04-09 10:15:30 INFO  c.r.r.m.I.D.CanvasMainChange - multiple : 1.0 + 



2025-04-09 10:15:30 INFO  c.r.r.m.I.D.CanvasMainChange - multiple : 1.0 + 



2025-04-09 10:15:30 INFO  c.r.r.m.I.D.CanvasMainChange - multiple : 1.0 + 



2025-04-09 10:15:30 INFO  c.r.r.m.I.D.CanvasMainChange - multiple : 1.0 + 



2025-04-09 10:15:30 INFO  c.r.r.m.I.D.CanvasMainChange - multiple : 1.0 + 



2025-04-09 10:15:30 INFO  c.r.r.m.I.D.CanvasMainChange - multiple : 1.0 + 



2025-04-09 10:15:30 INFO  c.r.r.m.I.D.CanvasMainChange - multiple : 1.0 + 



2025-04-09 10:15:30 INFO  c.r.r.m.I.D.CanvasMainChange - multiple : 1.0 + 



2025-04-09 10:15:30 INFO  c.r.r.m.I.D.CanvasMainChange - multiple : 1.0 + 



2025-04-09 10:15:30 INFO  c.r.r.m.I.D.CanvasMainChange - multiple : 1.0 + 



2025-04-09 10:15:30 INFO  c.r.r.m.I.D.CanvasMainChange - multiple : 1.0 + 



2025-04-09 10:15:30 INFO  c.r.r.m.I.D.CanvasMainChange - multiple : 1.0 + 



2025-04-09 10:15:31 INFO  c.r.r.m.I.D.CanvasMainChange - multiple : 1.0 + 



2025-04-09 10:15:31 INFO  c.r.r.m.I.D.CanvasMainChange - multiple : 1.0 + 



2025-04-09 10:15:33 INFO  c.r.r.m.I.D.CanvasMainChange - multiple : 1.0 + 



2025-04-09 10:15:33 INFO  c.r.r.m.I.D.CanvasMainChange - multiple : 1.0 + 



2025-04-09 10:15:33 INFO  c.r.r.m.I.D.CanvasMainChange - multiple : 1.0 + 



2025-04-09 10:15:42 INFO  c.r.r.m.I.D.CanvasMainChange - multiple : 1.0 + 



2025-04-09 10:15:43 INFO  c.r.r.m.I.D.CanvasMainChange - multiple : 1.0 + 



2025-04-09 10:15:44 INFO  c.r.r.m.I.D.CanvasMainChange - multiple : 1.0 + 



2025-04-09 10:15:45 INFO  c.r.r.m.I.D.CanvasMainChange - multiple : 1.0 + 



2025-04-09 10:15:46 INFO  c.r.r.m.I.D.CanvasMainChange - multiple : 1.0 + 



2025-04-09 10:15:47 INFO  c.r.r.m.I.D.CanvasMainChange - multiple : 1.0 + 



2025-04-09 10:15:47 INFO  c.r.r.m.I.D.CanvasMainChange - multiple : 1.0 + 



2025-04-09 10:15:50 INFO  c.r.r.m.I.D.CanvasMainChange - multiple : 1.0 + 



2025-04-09 10:15:50 INFO  c.r.r.m.I.D.CanvasMainChange - multiple : 1.0 + 



2025-04-09 10:15:50 INFO  c.r.r.m.I.D.CanvasMainChange - multiple : 1.0 + 



2025-04-09 10:15:51 INFO  c.r.r.m.I.D.CanvasMainChange - multiple : 1.0 + 



2025-04-09 10:15:51 INFO  c.r.r.m.I.D.CanvasMainChange - multiple : 1.0 + 



2025-04-09 10:15:51 INFO  c.r.r.m.I.D.CanvasMainChange - multiple : 1.0 + 



2025-04-09 10:15:51 INFO  c.r.r.m.I.D.CanvasMainChange - multiple : 1.0 + 



2025-04-09 10:15:51 INFO  c.r.r.m.I.D.CanvasMainChange - multiple : 1.0 + 



2025-04-09 10:15:51 INFO  c.r.r.m.I.D.CanvasMainChange - multiple : 1.0 + 



2025-04-09 10:15:51 INFO  c.r.r.m.I.D.CanvasMainChange - multiple : 1.0 + 



2025-04-09 10:15:51 INFO  c.r.r.m.I.D.CanvasMainChange - multiple : 1.0 + 



2025-04-09 10:15:51 INFO  c.r.r.m.I.D.CanvasMainChange - multiple : 1.0 + 



2025-04-09 10:15:51 INFO  c.r.r.m.I.D.CanvasMainChange - multiple : 1.0 + 



2025-04-09 10:15:51 INFO  c.r.r.m.I.D.CanvasMainChange - multiple : 1.0 + 



2025-04-09 10:15:51 INFO  c.r.r.m.I.D.CanvasMainChange - multiple : 1.0 + 



2025-04-09 10:15:51 INFO  c.r.r.m.I.D.CanvasMainChange - multiple : 1.0 + 



2025-04-09 10:15:51 INFO  c.r.r.m.I.D.CanvasMainChange - multiple : 1.0 + 



2025-04-09 10:15:51 INFO  c.r.r.m.I.D.CanvasMainChange - multiple : 1.0 + 



2025-04-09 10:15:51 INFO  c.r.r.m.I.D.CanvasMainChange - multiple : 1.0 + 



2025-04-09 10:15:51 INFO  c.r.r.m.I.D.CanvasMainChange - multiple : 1.0 + 



2025-04-09 10:15:51 INFO  c.r.r.m.I.D.CanvasMainChange - multiple : 1.0 + 



2025-04-09 10:15:51 INFO  c.r.r.m.I.D.CanvasMainChange - multiple : 1.0 + 



2025-04-09 10:15:51 INFO  c.r.r.m.I.D.CanvasMainChange - multiple : 1.0 + 



2025-04-09 10:15:52 INFO  c.r.r.m.I.D.CanvasMainChange - multiple : 1.0 + 



2025-04-09 10:15:52 INFO  c.r.r.m.I.D.CanvasMainChange - multiple : 1.0 + 



2025-04-09 10:15:55 INFO  c.r.r.m.I.D.CanvasMainChange - multiple : 1.0 + 



2025-04-09 10:15:56 INFO  c.r.r.m.I.D.CanvasMainChange - multiple : 1.0 + 



2025-04-09 10:15:57 INFO  c.r.r.m.I.D.CanvasMainChange - multiple : 1.0 + 



2025-04-09 10:15:57 INFO  c.r.r.m.I.D.CanvasMainChange - multiple : 1.0 + 



2025-04-09 10:15:58 INFO  c.r.r.m.I.D.CanvasMainChange - multiple : 1.0 + 



2025-04-09 10:16:00 INFO  c.r.r.m.I.D.CanvasMainChange - multiple : 1.0 + 



2025-04-09 10:16:00 INFO  c.r.r.m.I.D.CanvasMainChange - multiple : 1.0 + 



2025-04-09 10:16:10 INFO  c.r.r.m.I.D.CanvasMainChange - multiple : 1.0 + 



2025-04-09 10:16:11 INFO  c.r.r.m.I.D.CanvasMainChange - multiple : 1.0 + 



2025-04-09 10:16:11 INFO  c.r.r.m.I.D.CanvasMainChange - multiple : 1.0 + 



2025-04-09 10:16:14 INFO  c.r.r.m.I.D.CanvasMainChange - multiple : 1.0 + 



2025-04-09 10:16:14 INFO  c.r.r.m.I.D.CanvasMainChange - multiple : 1.0 + 



2025-04-09 10:16:14 INFO  c.r.r.m.I.D.CanvasMainChange - multiple : 1.0 + 



2025-04-09 10:16:14 INFO  c.r.r.m.I.D.CanvasMainChange - multiple : 1.0 + 



2025-04-09 10:16:14 INFO  c.r.r.m.I.D.CanvasMainChange - multiple : 1.0 + 



2025-04-09 10:16:14 INFO  c.r.r.m.I.D.CanvasMainChange - multiple : 1.0 + 



2025-04-09 10:16:15 INFO  c.r.r.m.I.D.CanvasMainChange - multiple : 1.0 + 



2025-04-09 10:16:15 INFO  c.r.r.m.I.D.CanvasMainChange - multiple : 1.0 + 



2025-04-09 10:16:15 INFO  c.r.r.m.I.D.CanvasMainChange - multiple : 1.0 + 



2025-04-09 10:16:15 INFO  c.r.r.m.I.D.CanvasMainChange - multiple : 1.0 + 



2025-04-09 10:16:15 INFO  c.r.r.m.I.D.CanvasMainChange - multiple : 1.0 + 



2025-04-09 10:16:15 INFO  c.r.r.m.I.D.CanvasMainChange - multiple : 1.0 + 



2025-04-09 10:16:15 INFO  c.r.r.m.I.D.CanvasMainChange - multiple : 1.0 + 



2025-04-09 10:16:15 INFO  c.r.r.m.I.D.CanvasMainChange - multiple : 1.0 + 



2025-04-09 10:16:15 INFO  c.r.r.m.I.D.CanvasMainChange - multiple : 1.0 + 



2025-04-09 10:16:15 INFO  c.r.r.m.I.D.CanvasMainChange - multiple : 1.0 + 



2025-04-09 10:16:15 INFO  c.r.r.m.I.D.CanvasMainChange - multiple : 1.0 + 



2025-04-09 10:16:15 INFO  c.r.r.m.I.D.CanvasMainChange - multiple : 1.0 + 



2025-04-09 10:16:15 INFO  c.r.r.m.I.D.CanvasMainChange - multiple : 1.0 + 



2025-04-09 10:16:15 INFO  c.r.r.m.I.D.CanvasMainChange - multiple : 1.0 + 



2025-04-09 10:16:15 INFO  c.r.r.m.I.D.CanvasMainChange - multiple : 1.0 + 



2025-04-09 10:16:15 INFO  c.r.r.m.I.D.CanvasMainChange - multiple : 1.0 + 



2025-04-09 10:16:15 INFO  c.r.r.m.I.D.CanvasMainChange - multiple : 1.0 + 



2025-04-09 10:16:15 INFO  c.r.r.m.I.D.CanvasMainChange - multiple : 1.0 + 



2025-04-09 10:16:15 INFO  c.r.r.m.I.D.CanvasMainChange - multiple : 1.0 + 



2025-04-09 10:16:15 INFO  c.r.r.m.I.D.CanvasMainChange - multiple : 1.0 + 



2025-04-09 10:16:15 INFO  c.r.r.m.I.D.CanvasMainChange - multiple : 1.0 + 



2025-04-09 10:16:15 INFO  c.r.r.m.I.D.CanvasMainChange - multiple : 1.0 + 



2025-04-09 10:16:15 INFO  c.r.r.m.I.D.CanvasMainChange - multiple : 1.0 + 



2025-04-09 10:16:15 INFO  c.r.r.m.I.D.CanvasMainChange - multiple : 1.0 + 



2025-04-09 10:16:15 INFO  c.r.r.m.I.D.CanvasMainChange - multiple : 1.0 + 



2025-04-09 10:16:15 INFO  c.r.r.m.I.D.CanvasMainChange - multiple : 1.0 + 



2025-04-09 10:16:15 INFO  c.r.r.m.I.D.CanvasMainChange - multiple : 1.0 + 



2025-04-09 10:16:15 INFO  c.r.r.m.I.D.CanvasMainChange - multiple : 1.0 + 



2025-04-09 10:16:15 INFO  c.r.r.m.I.D.CanvasMainChange - multiple : 1.0 + 



2025-04-09 10:16:15 INFO  c.r.r.m.I.D.CanvasMainChange - multiple : 1.0 + 



2025-04-09 10:16:15 INFO  c.r.r.m.I.D.CanvasMainChange - multiple : 1.0 + 



2025-04-09 10:16:15 INFO  c.r.r.m.I.D.CanvasMainChange - multiple : 1.0 + 



2025-04-09 10:16:15 INFO  c.r.r.m.I.D.CanvasMainChange - multiple : 1.0 + 



2025-04-09 10:16:15 INFO  c.r.r.m.I.D.CanvasMainChange - multiple : 1.0 + 



2025-04-09 10:16:15 INFO  c.r.r.m.I.D.CanvasMainChange - multiple : 1.0 + 



2025-04-09 10:16:15 INFO  c.r.r.m.I.D.CanvasMainChange - multiple : 1.0 + 



2025-04-09 10:16:15 INFO  c.r.r.m.I.D.CanvasMainChange - multiple : 1.0 + 



2025-04-09 10:16:15 INFO  c.r.r.m.I.D.CanvasMainChange - multiple : 1.0 + 



2025-04-09 10:16:15 INFO  c.r.r.m.I.D.CanvasMainChange - multiple : 1.0 + 



2025-04-09 10:16:15 INFO  c.r.r.m.I.D.CanvasMainChange - multiple : 1.0 + 



2025-04-09 10:16:15 INFO  c.r.r.m.I.D.CanvasMainChange - multiple : 1.0 + 



2025-04-09 10:16:15 INFO  c.r.r.m.I.D.CanvasMainChange - multiple : 1.0 + 



2025-04-09 10:16:15 INFO  c.r.r.m.I.D.CanvasMainChange - multiple : 1.0 + 



2025-04-09 10:16:15 INFO  c.r.r.m.I.D.CanvasMainChange - multiple : 1.0 + 



2025-04-09 10:16:15 INFO  c.r.r.m.I.D.CanvasMainChange - multiple : 1.0 + 



2025-04-09 10:16:15 INFO  c.r.r.m.I.D.CanvasMainChange - multiple : 1.0 + 



2025-04-09 10:16:15 INFO  c.r.r.m.I.D.CanvasMainChange - multiple : 1.0 + 



2025-04-09 10:16:15 INFO  c.r.r.m.I.D.CanvasMainChange - multiple : 1.0 + 



2025-04-09 10:16:15 INFO  c.r.r.m.I.D.CanvasMainChange - multiple : 1.0 + 



2025-04-09 10:16:15 INFO  c.r.r.m.I.D.CanvasMainChange - multiple : 1.0 + 



2025-04-09 10:16:15 INFO  c.r.r.m.I.D.CanvasMainChange - multiple : 1.0 + 



2025-04-09 10:16:15 INFO  c.r.r.m.I.D.CanvasMainChange - multiple : 1.0 + 



2025-04-09 10:16:15 INFO  c.r.r.m.I.D.CanvasMainChange - multiple : 1.0 + 



2025-04-09 10:16:15 INFO  c.r.r.m.I.D.CanvasMainChange - multiple : 1.0 + 



2025-04-09 10:16:15 INFO  c.r.r.m.I.D.CanvasMainChange - multiple : 1.0 + 



2025-04-09 10:16:15 INFO  c.r.r.m.I.D.CanvasMainChange - multiple : 1.0 + 



2025-04-09 10:16:16 INFO  c.r.r.m.I.D.CanvasMainChange - multiple : 1.0 + 



2025-04-09 10:16:16 INFO  c.r.r.m.I.D.CanvasMainChange - multiple : 1.0 + 



2025-04-09 10:16:16 INFO  c.r.r.m.I.D.CanvasMainChange - multiple : 1.0 + 



2025-04-09 10:16:16 INFO  c.r.r.m.I.D.CanvasMainChange - multiple : 1.0 + 



2025-04-09 10:16:16 INFO  c.r.r.m.I.D.CanvasMainChange - multiple : 1.0 + 



2025-04-09 10:16:16 INFO  c.r.r.m.I.D.CanvasMainChange - multiple : 1.0 + 



2025-04-09 10:16:17 INFO  c.r.r.m.I.D.CanvasMainChange - multiple : 1.0 + 



2025-04-09 10:16:17 INFO  c.r.r.m.I.D.CanvasMainChange - multiple : 1.0 + 



2025-04-09 10:16:17 INFO  c.r.r.m.I.D.CanvasMainChange - multiple : 1.0 + 



2025-04-09 10:16:17 INFO  c.r.r.m.I.D.CanvasMainChange - multiple : 1.0 + 



2025-04-09 10:16:17 INFO  c.r.r.m.I.D.CanvasMainChange - multiple : 1.0 + 



2025-04-09 10:16:17 INFO  c.r.r.m.I.D.CanvasMainChange - multiple : 1.0 + 



2025-04-09 10:16:17 INFO  c.r.r.m.I.D.CanvasMainChange - multiple : 1.0 + 



2025-04-09 10:16:17 INFO  c.r.r.m.I.D.CanvasMainChange - multiple : 1.0 + 



2025-04-09 10:16:17 INFO  c.r.r.m.I.D.CanvasMainChange - multiple : 1.0 + 



2025-04-09 10:16:17 INFO  c.r.r.m.I.D.CanvasMainChange - multiple : 1.0 + 



2025-04-09 10:16:17 INFO  c.r.r.m.I.D.CanvasMainChange - multiple : 1.0 + 



2025-04-09 10:16:17 INFO  c.r.r.m.I.D.CanvasMainChange - multiple : 1.0 + 



2025-04-09 10:16:17 INFO  c.r.r.m.I.D.CanvasMainChange - multiple : 1.0 + 



2025-04-09 10:16:17 INFO  c.r.r.m.I.D.CanvasMainChange - multiple : 1.0 + 



2025-04-09 10:16:17 INFO  c.r.r.m.I.D.CanvasMainChange - multiple : 1.0 + 



2025-04-09 10:16:17 INFO  c.r.r.m.I.D.CanvasMainChange - multiple : 1.0 + 



2025-04-09 10:16:17 INFO  c.r.r.m.I.D.CanvasMainChange - multiple : 1.0 + 



2025-04-09 10:16:17 INFO  c.r.r.m.I.D.CanvasMainChange - multiple : 1.0 + 



2025-04-09 10:16:17 INFO  c.r.r.m.I.D.CanvasMainChange - multiple : 1.0 + 



2025-04-09 10:16:17 INFO  c.r.r.m.I.D.CanvasMainChange - multiple : 1.0 + 



2025-04-09 10:16:17 INFO  c.r.r.m.I.D.CanvasMainChange - multiple : 1.0 + 



2025-04-09 10:16:17 INFO  c.r.r.m.I.D.CanvasMainChange - multiple : 1.0 + 



2025-04-09 10:16:17 INFO  c.r.r.m.I.D.CanvasMainChange - multiple : 1.0 + 



2025-04-09 10:16:17 INFO  c.r.r.m.I.D.CanvasMainChange - multiple : 1.0 + 



2025-04-09 10:16:17 INFO  c.r.r.m.I.D.CanvasMainChange - multiple : 1.0 + 



2025-04-09 10:16:17 INFO  c.r.r.m.I.D.CanvasMainChange - multiple : 1.0 + 



2025-04-09 10:16:17 INFO  c.r.r.m.I.D.CanvasMainChange - multiple : 1.0 + 



2025-04-09 10:16:17 INFO  c.r.r.m.I.D.CanvasMainChange - multiple : 1.0 + 



2025-04-09 10:16:17 INFO  c.r.r.m.I.D.CanvasMainChange - multiple : 1.0 + 



2025-04-09 10:16:17 INFO  c.r.r.m.I.D.CanvasMainChange - multiple : 1.0 + 



2025-04-09 10:16:17 INFO  c.r.r.m.I.D.CanvasMainChange - multiple : 1.0 + 



2025-04-09 10:16:17 INFO  c.r.r.m.I.D.CanvasMainChange - multiple : 1.0 + 



2025-04-09 10:16:17 INFO  c.r.r.m.I.D.CanvasMainChange - multiple : 1.0 + 



2025-04-09 10:16:17 INFO  c.r.r.m.I.D.CanvasMainChange - multiple : 1.0 + 



2025-04-09 10:16:17 INFO  c.r.r.m.I.D.CanvasMainChange - multiple : 1.0 + 



2025-04-09 10:16:17 INFO  c.r.r.m.I.D.CanvasMainChange - multiple : 1.0 + 



2025-04-09 10:16:17 INFO  c.r.r.m.I.D.CanvasMainChange - multiple : 1.0 + 



2025-04-09 10:16:17 INFO  c.r.r.m.I.D.CanvasMainChange - multiple : 1.0 + 



2025-04-09 10:16:17 INFO  c.r.r.m.I.D.CanvasMainChange - multiple : 1.0 + 



2025-04-09 10:16:17 INFO  c.r.r.m.I.D.CanvasMainChange - multiple : 1.0 + 



2025-04-09 10:16:17 INFO  c.r.r.m.I.D.CanvasMainChange - multiple : 1.0 + 



2025-04-09 10:16:17 INFO  c.r.r.m.I.D.CanvasMainChange - multiple : 1.0 + 



2025-04-09 10:16:17 INFO  c.r.r.m.I.D.CanvasMainChange - multiple : 1.0 + 



2025-04-09 10:16:17 INFO  c.r.r.m.I.D.CanvasMainChange - multiple : 1.0 + 



2025-04-09 10:16:17 INFO  c.r.r.m.I.D.CanvasMainChange - multiple : 1.0 + 



2025-04-09 10:16:17 INFO  c.r.r.m.I.D.CanvasMainChange - multiple : 1.0 + 



2025-04-09 10:16:17 INFO  c.r.r.m.I.D.CanvasMainChange - multiple : 1.0 + 



2025-04-09 10:16:17 INFO  c.r.r.m.I.D.CanvasMainChange - multiple : 1.0 + 



2025-04-09 10:16:17 INFO  c.r.r.m.I.D.CanvasMainChange - multiple : 1.0 + 



2025-04-09 10:16:17 INFO  c.r.r.m.I.D.CanvasMainChange - multiple : 1.0 + 



2025-04-09 10:16:17 INFO  c.r.r.m.I.D.CanvasMainChange - multiple : 1.0 + 



2025-04-09 10:16:17 INFO  c.r.r.m.I.D.CanvasMainChange - multiple : 1.0 + 



2025-04-09 10:16:17 INFO  c.r.r.m.I.D.CanvasMainChange - multiple : 1.0 + 



2025-04-09 10:16:18 INFO  c.r.r.m.I.D.CanvasMainChange - multiple : 1.0 + 



2025-04-09 10:16:18 INFO  c.r.r.m.I.D.CanvasMainChange - multiple : 1.0 + 



2025-04-09 10:16:18 INFO  c.r.r.m.I.D.CanvasMainChange - multiple : 1.0 + 



2025-04-09 10:16:18 INFO  c.r.r.m.I.D.CanvasMainChange - multiple : 1.0 + 



2025-04-09 10:16:18 INFO  c.r.r.m.I.D.CanvasMainChange - multiple : 1.0 + 



2025-04-09 10:16:18 INFO  c.r.r.m.I.D.CanvasMainChange - multiple : 1.0 + 



2025-04-09 10:16:18 INFO  c.r.r.m.I.D.CanvasMainChange - multiple : 1.0 + 



2025-04-09 10:16:18 INFO  c.r.r.m.I.D.CanvasMainChange - multiple : 1.0 + 



2025-04-09 10:16:18 INFO  c.r.r.m.I.D.CanvasMainChange - multiple : 1.0 + 



2025-04-09 10:16:18 INFO  c.r.r.m.I.D.CanvasMainChange - multiple : 1.0 + 



2025-04-09 10:16:18 INFO  c.r.r.m.I.D.CanvasMainChange - multiple : 1.0 + 



2025-04-09 10:16:18 INFO  c.r.r.m.I.D.CanvasMainChange - multiple : 1.0 + 



2025-04-09 10:16:18 INFO  c.r.r.m.I.D.CanvasMainChange - multiple : 1.0 + 



2025-04-09 10:16:18 INFO  c.r.r.m.I.D.CanvasMainChange - multiple : 1.0 + 



2025-04-09 10:16:18 INFO  c.r.r.m.I.D.CanvasMainChange - multiple : 1.0 + 



2025-04-09 10:16:58 INFO  c.r.r.s.study.StudyMainController - saving for export...
2025-04-09 10:16:58 INFO  c.r.r.m.I.D.CanvasMainChange - multiple : 1.0 + 



2025-04-09 10:16:58 INFO  c.r.r.m.I.D.CanvasMainChange - multiple : 1.0 + 



2025-04-09 10:16:58 INFO  c.r.r.m.I.D.CanvasMainChange - multiple : 1.0 + 



2025-04-09 10:16:58 INFO  c.r.r.m.I.D.CanvasMainChange - multiple : 1.0 + 



2025-04-09 10:16:58 INFO  c.r.r.m.I.D.CanvasMainChange - multiple : 1.0 + 



2025-04-09 10:16:58 INFO  c.r.rxviewui.controller.ExportWindow - initialized
2025-04-09 10:16:58 INFO  c.r.r.m.I.D.CanvasMainChange - multiple : 1.0 + 



2025-04-09 10:16:58 INFO  c.r.r.m.I.D.CanvasMainChange - multiple : 1.0 + 



2025-04-09 10:16:58 INFO  c.r.r.m.I.D.CanvasMainChange - multiple : 1.0 + 



2025-04-09 10:16:58 INFO  c.r.r.m.I.D.CanvasMainChange - multiple : 1.0 + 



2025-04-09 10:16:58 INFO  c.r.r.m.I.D.CanvasMainChange - multiple : 1.0 + 



2025-04-09 10:16:58 INFO  c.r.r.m.I.D.CanvasMainChange - multiple : 1.0 + 



2025-04-09 10:17:11 INFO  c.r.r.m.I.D.CanvasMainChange - multiple : 1.0 + 



2025-04-09 10:17:11 INFO  c.r.r.m.I.D.CanvasMainChange - multiple : 1.0 + 



2025-04-09 10:17:12 INFO  c.r.r.m.I.D.CanvasMainChange - multiple : 2.98046875 + 



2025-04-09 10:17:12 INFO  c.r.r.m.I.D.CanvasMainChange - multiple : 2.98046875 + 



2025-04-09 10:17:12 INFO  c.r.r.m.I.D.CanvasMainChange - multiple : 2.98046875 + 



2025-04-09 10:17:12 INFO  c.r.r.m.I.D.CanvasMainChange - multiple : 2.98046875 + 



2025-04-09 10:17:12 INFO  c.r.r.m.I.D.CanvasMainChange - multiple : 2.98046875 + 



2025-04-09 10:17:17 INFO  c.r.r.m.I.D.CanvasMainChange - multiple : 2.98046875 + 



2025-04-09 10:17:17 INFO  c.r.r.m.I.D.CanvasMainChange - multiple : 2.98046875 + 



2025-04-09 10:17:17 INFO  c.r.r.m.I.D.CanvasMainChange - multiple : 1.0 + 



2025-04-09 10:17:17 INFO  c.r.r.m.I.D.CanvasMainChange - multiple : 1.0 + 



2025-04-09 10:17:17 INFO  c.r.r.m.I.D.CanvasMainChange - multiple : 1.0 + 



2025-04-09 10:17:17 INFO  c.r.r.m.I.D.CanvasMainChange - multiple : 1.0 + 



2025-04-09 10:17:17 INFO  c.r.r.m.I.D.CanvasMainChange - multiple : 1.0 + 



2025-04-09 10:17:17 INFO  c.r.r.m.I.D.CanvasMainChange - multiple : 1.0 + 



2025-04-09 10:21:28 INFO  c.r.r.s.study.StudyMainController - saving for export...
2025-04-09 10:21:28 INFO  c.r.r.m.I.D.CanvasMainChange - multiple : 1.0 + 



2025-04-09 10:21:28 INFO  c.r.r.m.I.D.CanvasMainChange - multiple : 1.0 + 



2025-04-09 10:21:28 INFO  c.r.r.m.I.D.CanvasMainChange - multiple : 1.0 + 



2025-04-09 10:21:28 INFO  c.r.r.m.I.D.CanvasMainChange - multiple : 1.0 + 



2025-04-09 10:21:28 INFO  c.r.r.m.I.D.CanvasMainChange - multiple : 1.0 + 



2025-04-09 10:21:28 INFO  c.r.rxviewui.controller.ExportWindow - initialized
2025-04-09 10:21:28 INFO  c.r.r.m.I.D.CanvasMainChange - multiple : 1.0 + 



2025-04-09 10:21:28 INFO  c.r.r.m.I.D.CanvasMainChange - multiple : 1.0 + 



2025-04-09 10:21:28 INFO  c.r.r.m.I.D.CanvasMainChange - multiple : 1.0 + 



2025-04-09 10:21:28 INFO  c.r.r.m.I.D.CanvasMainChange - multiple : 1.0 + 



2025-04-09 10:21:28 INFO  c.r.r.m.I.D.CanvasMainChange - multiple : 1.0 + 



2025-04-09 10:21:28 INFO  c.r.r.m.I.D.CanvasMainChange - multiple : 1.0 + 



2025-04-09 10:21:39 INFO  c.r.r.m.I.D.CanvasMainChange - multiple : 1.0 + 



2025-04-09 10:21:39 INFO  c.r.r.m.I.D.CanvasMainChange - multiple : 1.0 + 



2025-04-09 10:21:39 INFO  c.r.r.m.I.D.CanvasMainChange - multiple : 2.98046875 + 



2025-04-09 10:21:39 INFO  c.r.r.m.I.D.CanvasMainChange - multiple : 2.98046875 + 



2025-04-09 10:21:39 INFO  c.r.r.m.I.D.CanvasMainChange - multiple : 2.98046875 + 



2025-04-09 10:21:39 INFO  c.r.r.m.I.D.CanvasMainChange - multiple : 2.98046875 + 



2025-04-09 10:21:39 INFO  c.r.r.m.I.D.CanvasMainChange - multiple : 2.98046875 + 



2025-04-09 10:21:40 INFO  c.r.r.m.I.D.CanvasMainChange - multiple : 2.98046875 + 



2025-04-09 10:21:40 INFO  c.r.r.m.I.D.CanvasMainChange - multiple : 2.98046875 + 



2025-04-09 10:21:40 INFO  c.r.r.m.I.D.CanvasMainChange - multiple : 2.98046875 + 



2025-04-09 10:21:40 INFO  c.r.r.m.I.D.CanvasMainChange - multiple : 2.98046875 + 



2025-04-09 10:21:40 INFO  c.r.r.m.I.D.CanvasMainChange - multiple : 2.98046875 + 



2025-04-09 10:21:40 INFO  c.r.r.m.I.D.CanvasMainChange - multiple : 2.98046875 + 



2025-04-09 10:21:40 INFO  c.r.r.m.I.D.CanvasMainChange - multiple : 2.98046875 + 



2025-04-09 10:21:44 INFO  c.r.r.m.I.D.CanvasMainChange - multiple : 2.98046875 + 



2025-04-09 10:21:44 INFO  c.r.r.m.I.D.CanvasMainChange - multiple : 2.98046875 + 



2025-04-09 10:21:44 INFO  c.r.r.m.I.D.CanvasMainChange - multiple : 1.0 + 



2025-04-09 10:21:44 INFO  c.r.r.m.I.D.CanvasMainChange - multiple : 1.0 + 



2025-04-09 10:21:44 INFO  c.r.r.m.I.D.CanvasMainChange - multiple : 1.0 + 



2025-04-09 10:21:44 INFO  c.r.r.m.I.D.CanvasMainChange - multiple : 1.0 + 



2025-04-09 10:21:44 INFO  c.r.r.m.I.D.CanvasMainChange - multiple : 1.0 + 



2025-04-09 10:21:44 INFO  c.r.r.m.I.D.CanvasMainChange - multiple : 1.0 + 



2025-04-09 10:24:13 INFO  c.r.r.m.I.D.CanvasMainChange - multiple : 1.0 + 



2025-04-09 10:24:13 INFO  c.r.r.m.I.D.CanvasMainChange - multiple : 1.0 + 



2025-04-09 10:24:13 INFO  c.r.r.m.I.D.CanvasMainChange - multiple : 1.0 + 



2025-04-09 10:24:13 INFO  c.r.r.m.I.D.CanvasMainChange - multiple : 1.0 + 



2025-04-09 10:24:16 INFO  c.r.r.m.I.D.CanvasMainChange - multiple : 1.0 + 



2025-04-09 10:24:16 INFO  c.r.r.m.I.D.CanvasMainChange - multiple : 1.0 + 



2025-04-09 10:24:16 INFO  c.r.r.m.I.D.CanvasMainChange - multiple : 1.0 + 



2025-04-09 10:24:16 INFO  c.r.r.m.I.D.CanvasMainChange - multiple : 1.0 + 



2025-04-09 10:24:16 INFO  c.r.r.m.I.D.CanvasMainChange - multiple : 1.0 + 



2025-04-09 10:24:16 INFO  c.r.r.m.I.D.CanvasMainChange - multiple : 1.0 + 



2025-04-09 10:24:16 INFO  c.r.r.m.I.D.CanvasMainChange - multiple : 1.0 + 



2025-04-09 10:24:16 INFO  c.r.r.m.I.D.CanvasMainChange - multiple : 1.0 + 



2025-04-09 10:24:33 INFO  c.r.r.s.study.StudyMainController - Saving for Pacs...
2025-04-09 10:24:33 INFO  c.r.r.m.I.D.CanvasMainChange - multiple : 1.0 + 



2025-04-09 10:24:33 INFO  c.r.r.m.I.D.CanvasMainChange - multiple : 1.0 + 



2025-04-09 10:24:33 INFO  c.r.r.m.I.D.CanvasMainChange - multiple : 1.0 + 



2025-04-09 10:24:33 INFO  c.r.r.m.I.D.CanvasMainChange - multiple : 1.0 + 



2025-04-09 10:24:33 INFO  c.r.r.m.I.D.CanvasMainChange - multiple : 1.0 + 



2025-04-09 10:24:33 INFO  c.r.r.modules.dicom.DicomService - Status : Uploading Begins
2025-04-09 10:24:33 INFO  c.r.r.modules.dicom.DicomService - Creating DICOM File/s...
2025-04-09 10:24:33 INFO  c.r.r.modules.dicom.DicomService - needsAnnotations needsStudyInformation 
2025-04-09 10:24:33 INFO  c.r.r.m.I.D.CanvasMainChange - multiple : 1.0 + 



2025-04-09 10:24:33 INFO  c.r.r.m.I.D.CanvasMainChange - multiple : 1.0 + 



2025-04-09 10:24:33 INFO  c.r.r.m.I.D.CanvasMainChange - multiple : 1.0 + 



2025-04-09 10:24:33 INFO  c.r.r.m.I.D.CanvasMainChange - multiple : 1.0 + 



2025-04-09 10:24:33 INFO  c.r.r.m.I.D.CanvasMainChange - multiple : 2.98046875 + 



2025-04-09 10:24:33 INFO  c.r.r.m.I.D.CanvasMainChange - multiple : 2.98046875 + 



2025-04-09 10:24:33 INFO  c.r.r.m.I.D.CanvasMainChange - multiple : 2.98046875 + 



2025-04-09 10:24:34 INFO  c.r.r.m.I.D.CanvasMainChange - multiple : 2.98046875 + 



2025-04-09 10:24:34 INFO  c.r.r.m.I.D.CanvasMainChange - multiple : 2.98046875 + 



2025-04-09 10:24:34 INFO  c.r.r.m.I.D.CanvasMainChange - multiple : 2.98046875 + 



2025-04-09 10:24:34 INFO  c.r.r.m.I.D.CanvasMainChange - multiple : 2.98046875 + 



2025-04-09 10:24:34 INFO  c.r.r.modules.dicom.DicomService - path exits
2025-04-09 10:24:34 INFO  c.r.r.modules.dicom.DicomService - D:\Work\RxView_Java\RxView\39_RxView_StudyCropFix/dcmOutput/11.dcm
2025-04-09 10:24:35 INFO  c.r.r.m.I.D.CanvasMainChange - multiple : 2.98046875 + 



2025-04-09 10:24:35 INFO  c.r.r.modules.dicom.DicomService - Uploading to server...
2025-04-09 10:24:35 INFO  c.r.r.m.I.D.CanvasMainChange - multiple : 2.98046875 + 



2025-04-09 10:24:35 INFO  c.r.r.modules.dicom.DicomCStore - 
Initiating C-STORE operation...
2025-04-09 10:24:36 INFO  c.r.r.modules.dicom.DicomService - Upload completed successfully!
2025-04-09 10:24:36 INFO  c.r.r.m.I.D.CanvasMainChange - multiple : 2.98046875 + 



2025-04-09 10:24:36 INFO  c.r.r.m.I.D.CanvasMainChange - multiple : 2.98046875 + 



2025-04-09 10:24:36 INFO  c.r.r.m.I.D.CanvasMainChange - multiple : 1.0 + 



2025-04-09 10:24:36 INFO  c.r.r.m.I.D.CanvasMainChange - multiple : 1.0 + 



2025-04-09 10:24:36 INFO  c.r.r.m.I.D.CanvasMainChange - multiple : 1.0 + 



2025-04-09 10:24:36 INFO  c.r.r.m.I.D.CanvasMainChange - multiple : 1.0 + 



2025-04-09 10:24:36 INFO  c.r.r.m.I.D.CanvasMainChange - multiple : 1.0 + 



2025-04-09 10:24:36 INFO  c.r.r.m.I.D.CanvasMainChange - multiple : 1.0 + 



2025-04-09 10:33:56 INFO  c.r.r.s.study.StudyMainController - saving for export...
2025-04-09 10:33:56 INFO  c.r.r.m.I.D.CanvasMainChange - multiple : 1.0 + 



2025-04-09 10:33:56 INFO  c.r.r.m.I.D.CanvasMainChange - multiple : 1.0 + 



2025-04-09 10:33:56 INFO  c.r.r.m.I.D.CanvasMainChange - multiple : 1.0 + 



2025-04-09 10:33:56 INFO  c.r.r.m.I.D.CanvasMainChange - multiple : 1.0 + 



2025-04-09 10:33:56 INFO  c.r.r.m.I.D.CanvasMainChange - multiple : 1.0 + 



2025-04-09 10:33:57 INFO  c.r.rxviewui.controller.ExportWindow - initialized
2025-04-09 10:33:57 INFO  c.r.r.m.I.D.CanvasMainChange - multiple : 1.0 + 



2025-04-09 10:33:57 INFO  c.r.r.m.I.D.CanvasMainChange - multiple : 1.0 + 



2025-04-09 10:33:57 INFO  c.r.r.m.I.D.CanvasMainChange - multiple : 1.0 + 



2025-04-09 10:33:57 INFO  c.r.r.m.I.D.CanvasMainChange - multiple : 1.0 + 



2025-04-09 10:33:57 INFO  c.r.r.m.I.D.CanvasMainChange - multiple : 1.0 + 



2025-04-09 10:33:57 INFO  c.r.r.m.I.D.CanvasMainChange - multiple : 1.0 + 



2025-04-09 10:34:12 INFO  c.r.r.m.I.D.CanvasMainChange - multiple : 1.0 + 



2025-04-09 10:34:12 INFO  c.r.r.m.I.D.CanvasMainChange - multiple : 1.0 + 



2025-04-09 10:34:12 INFO  c.r.r.m.I.D.CanvasMainChange - multiple : 2.98046875 + 



2025-04-09 10:34:12 INFO  c.r.r.m.I.D.CanvasMainChange - multiple : 2.98046875 + 



2025-04-09 10:34:12 INFO  c.r.r.m.I.D.CanvasMainChange - multiple : 2.98046875 + 



2025-04-09 10:34:13 INFO  c.r.r.m.I.D.CanvasMainChange - multiple : 2.98046875 + 



2025-04-09 10:34:13 INFO  c.r.r.m.I.D.CanvasMainChange - multiple : 2.98046875 + 



2025-04-09 10:34:14 INFO  c.r.r.m.I.D.CanvasMainChange - multiple : 2.98046875 + 



2025-04-09 10:34:14 INFO  c.r.r.m.I.D.CanvasMainChange - multiple : 2.98046875 + 



2025-04-09 10:34:15 INFO  c.r.r.m.I.D.CanvasMainChange - multiple : 2.98046875 + 



2025-04-09 10:34:15 INFO  c.r.r.m.I.D.CanvasMainChange - multiple : 2.98046875 + 



2025-04-09 10:34:15 INFO  c.r.r.m.I.D.CanvasMainChange - multiple : 2.98046875 + 



2025-04-09 10:34:15 INFO  c.r.r.m.I.D.CanvasMainChange - multiple : 2.98046875 + 



2025-04-09 10:34:15 INFO  c.r.r.m.I.D.CanvasMainChange - multiple : 2.98046875 + 



2025-04-09 10:34:16 INFO  c.r.r.m.I.D.CanvasMainChange - multiple : 2.98046875 + 



2025-04-09 10:34:16 INFO  c.r.r.m.I.D.CanvasMainChange - multiple : 2.98046875 + 



2025-04-09 10:34:17 INFO  c.r.r.m.I.D.CanvasMainChange - multiple : 2.98046875 + 



2025-04-09 10:34:17 INFO  c.r.r.m.I.D.CanvasMainChange - multiple : 2.98046875 + 



2025-04-09 10:34:17 INFO  c.r.r.m.I.D.CanvasMainChange - multiple : 2.98046875 + 



2025-04-09 10:34:17 INFO  c.r.r.m.I.D.CanvasMainChange - multiple : 2.98046875 + 



2025-04-09 10:34:18 INFO  c.r.r.m.I.D.CanvasMainChange - multiple : 2.98046875 + 



2025-04-09 10:34:23 INFO  c.r.r.m.I.D.CanvasMainChange - multiple : 2.98046875 + 



2025-04-09 10:34:23 INFO  c.r.r.m.I.D.CanvasMainChange - multiple : 2.98046875 + 



2025-04-09 10:34:23 INFO  c.r.r.m.I.D.CanvasMainChange - multiple : 1.0 + 



2025-04-09 10:34:23 INFO  c.r.r.m.I.D.CanvasMainChange - multiple : 1.0 + 



2025-04-09 10:34:23 INFO  c.r.r.m.I.D.CanvasMainChange - multiple : 1.0 + 



2025-04-09 10:34:23 INFO  c.r.r.m.I.D.CanvasMainChange - multiple : 1.0 + 



2025-04-09 10:34:23 INFO  c.r.r.m.I.D.CanvasMainChange - multiple : 1.0 + 



2025-04-09 10:34:23 INFO  c.r.r.m.I.D.CanvasMainChange - multiple : 1.0 + 



2025-04-09 10:35:46 INFO  c.r.r.s.study.StudyMainController - saving for export...
2025-04-09 10:35:46 INFO  c.r.r.m.I.D.CanvasMainChange - multiple : 1.0 + 



2025-04-09 10:35:46 INFO  c.r.r.m.I.D.CanvasMainChange - multiple : 1.0 + 



2025-04-09 10:35:46 INFO  c.r.r.m.I.D.CanvasMainChange - multiple : 1.0 + 



2025-04-09 10:35:46 INFO  c.r.r.m.I.D.CanvasMainChange - multiple : 1.0 + 



2025-04-09 10:35:46 INFO  c.r.r.m.I.D.CanvasMainChange - multiple : 1.0 + 



2025-04-09 10:35:46 INFO  c.r.rxviewui.controller.ExportWindow - initialized
2025-04-09 10:35:46 INFO  c.r.r.m.I.D.CanvasMainChange - multiple : 1.0 + 



2025-04-09 10:35:46 INFO  c.r.r.m.I.D.CanvasMainChange - multiple : 1.0 + 



2025-04-09 10:35:46 INFO  c.r.r.m.I.D.CanvasMainChange - multiple : 1.0 + 



2025-04-09 10:35:46 INFO  c.r.r.m.I.D.CanvasMainChange - multiple : 1.0 + 



2025-04-09 10:35:46 INFO  c.r.r.m.I.D.CanvasMainChange - multiple : 1.0 + 



2025-04-09 10:35:46 INFO  c.r.r.m.I.D.CanvasMainChange - multiple : 1.0 + 



2025-04-09 10:35:53 INFO  c.r.r.m.I.D.CanvasMainChange - multiple : 1.0 + 



2025-04-09 10:35:53 INFO  c.r.r.m.I.D.CanvasMainChange - multiple : 1.0 + 



2025-04-09 10:35:53 INFO  c.r.r.m.I.D.CanvasMainChange - multiple : 2.98046875 + 



2025-04-09 10:35:53 INFO  c.r.r.m.I.D.CanvasMainChange - multiple : 2.98046875 + 



2025-04-09 10:35:54 INFO  c.r.r.m.I.D.CanvasMainChange - multiple : 2.98046875 + 



2025-04-09 10:35:54 INFO  c.r.r.m.I.D.CanvasMainChange - multiple : 2.98046875 + 



2025-04-09 10:35:54 INFO  c.r.r.m.I.D.CanvasMainChange - multiple : 2.98046875 + 



2025-04-09 10:35:54 INFO  c.r.r.m.I.D.CanvasMainChange - multiple : 2.98046875 + 



2025-04-09 10:35:55 INFO  c.r.r.m.I.D.CanvasMainChange - multiple : 2.98046875 + 



2025-04-09 10:35:55 INFO  c.r.r.m.I.D.CanvasMainChange - multiple : 2.98046875 + 



2025-04-09 10:35:55 INFO  c.r.r.m.I.D.CanvasMainChange - multiple : 2.98046875 + 



2025-04-09 10:35:55 INFO  c.r.r.m.I.D.CanvasMainChange - multiple : 2.98046875 + 



2025-04-09 10:35:56 INFO  c.r.r.m.I.D.CanvasMainChange - multiple : 2.98046875 + 



2025-04-09 10:35:56 INFO  c.r.r.m.I.D.CanvasMainChange - multiple : 2.98046875 + 



2025-04-09 10:35:56 INFO  c.r.r.m.I.D.CanvasMainChange - multiple : 2.98046875 + 



2025-04-09 10:35:56 INFO  c.r.r.m.I.D.CanvasMainChange - multiple : 2.98046875 + 



2025-04-09 10:35:56 INFO  c.r.r.m.I.D.CanvasMainChange - multiple : 2.98046875 + 



2025-04-09 10:35:56 INFO  c.r.r.m.I.D.CanvasMainChange - multiple : 2.98046875 + 



2025-04-09 10:35:57 INFO  c.r.r.m.I.D.CanvasMainChange - multiple : 2.98046875 + 



2025-04-09 10:35:57 INFO  c.r.r.m.I.D.CanvasMainChange - multiple : 2.98046875 + 



2025-04-09 10:35:57 INFO  c.r.r.m.I.D.CanvasMainChange - multiple : 2.98046875 + 



2025-04-09 10:35:57 INFO  c.r.r.m.I.D.CanvasMainChange - multiple : 2.98046875 + 



2025-04-09 10:35:57 INFO  c.r.r.m.I.D.CanvasMainChange - multiple : 2.98046875 + 



2025-04-09 10:35:57 INFO  c.r.r.m.I.D.CanvasMainChange - multiple : 2.98046875 + 



2025-04-09 10:36:00 INFO  c.r.r.m.I.D.CanvasMainChange - multiple : 2.98046875 + 



2025-04-09 10:36:00 INFO  c.r.r.m.I.D.CanvasMainChange - multiple : 2.98046875 + 



2025-04-09 10:36:00 INFO  c.r.r.m.I.D.CanvasMainChange - multiple : 1.0 + 



2025-04-09 10:36:00 INFO  c.r.r.m.I.D.CanvasMainChange - multiple : 1.0 + 



2025-04-09 10:36:00 INFO  c.r.r.m.I.D.CanvasMainChange - multiple : 1.0 + 



2025-04-09 10:36:00 INFO  c.r.r.m.I.D.CanvasMainChange - multiple : 1.0 + 



2025-04-09 10:36:00 INFO  c.r.r.m.I.D.CanvasMainChange - multiple : 1.0 + 



2025-04-09 10:36:00 INFO  c.r.r.m.I.D.CanvasMainChange - multiple : 1.0 + 



2025-04-09 10:37:09 INFO  c.r.r.s.study.StudyMainController - saving for export...
2025-04-09 10:37:09 INFO  c.r.r.m.I.D.CanvasMainChange - multiple : 1.0 + 



2025-04-09 10:37:09 INFO  c.r.r.m.I.D.CanvasMainChange - multiple : 1.0 + 



2025-04-09 10:37:09 INFO  c.r.r.m.I.D.CanvasMainChange - multiple : 1.0 + 



2025-04-09 10:37:09 INFO  c.r.r.m.I.D.CanvasMainChange - multiple : 1.0 + 



2025-04-09 10:37:09 INFO  c.r.r.m.I.D.CanvasMainChange - multiple : 1.0 + 



2025-04-09 10:37:09 INFO  c.r.rxviewui.controller.ExportWindow - initialized
2025-04-09 10:37:09 INFO  c.r.r.m.I.D.CanvasMainChange - multiple : 1.0 + 



2025-04-09 10:37:09 INFO  c.r.r.m.I.D.CanvasMainChange - multiple : 1.0 + 



2025-04-09 10:37:09 INFO  c.r.r.m.I.D.CanvasMainChange - multiple : 1.0 + 



2025-04-09 10:37:09 INFO  c.r.r.m.I.D.CanvasMainChange - multiple : 1.0 + 



2025-04-09 10:37:09 INFO  c.r.r.m.I.D.CanvasMainChange - multiple : 1.0 + 



2025-04-09 10:37:09 INFO  c.r.r.m.I.D.CanvasMainChange - multiple : 1.0 + 



2025-04-09 10:37:20 INFO  c.r.r.m.I.D.CanvasMainChange - multiple : 1.0 + 



2025-04-09 10:37:20 INFO  c.r.r.m.I.D.CanvasMainChange - multiple : 1.0 + 



2025-04-09 10:37:20 INFO  c.r.r.m.I.D.CanvasMainChange - multiple : 2.98046875 + 



2025-04-09 10:37:20 INFO  c.r.r.m.I.D.CanvasMainChange - multiple : 2.98046875 + 



2025-04-09 10:37:20 INFO  c.r.r.m.I.D.CanvasMainChange - multiple : 2.98046875 + 



2025-04-09 10:37:20 INFO  c.r.r.m.I.D.CanvasMainChange - multiple : 2.98046875 + 



2025-04-09 10:37:20 INFO  c.r.r.m.I.D.CanvasMainChange - multiple : 2.98046875 + 



2025-04-09 10:37:20 INFO  c.r.r.m.I.D.CanvasMainChange - multiple : 2.98046875 + 



2025-04-09 10:37:20 INFO  c.r.r.m.I.D.CanvasMainChange - multiple : 2.98046875 + 



2025-04-09 10:37:20 INFO  c.r.r.m.I.D.CanvasMainChange - multiple : 2.98046875 + 



2025-04-09 10:37:21 INFO  c.r.r.m.I.D.CanvasMainChange - multiple : 2.98046875 + 



2025-04-09 10:37:21 INFO  c.r.r.m.I.D.CanvasMainChange - multiple : 2.98046875 + 



2025-04-09 10:37:21 INFO  c.r.r.m.I.D.CanvasMainChange - multiple : 2.98046875 + 



2025-04-09 10:37:21 INFO  c.r.r.m.I.D.CanvasMainChange - multiple : 2.98046875 + 



2025-04-09 10:37:21 INFO  c.r.r.m.I.D.CanvasMainChange - multiple : 2.98046875 + 



2025-04-09 10:37:21 INFO  c.r.r.m.I.D.CanvasMainChange - multiple : 2.98046875 + 



2025-04-09 10:37:21 INFO  c.r.r.m.I.D.CanvasMainChange - multiple : 2.98046875 + 



2025-04-09 10:37:22 INFO  c.r.r.m.I.D.CanvasMainChange - multiple : 2.98046875 + 



2025-04-09 10:37:22 INFO  c.r.r.m.I.D.CanvasMainChange - multiple : 2.98046875 + 



2025-04-09 10:37:22 INFO  c.r.r.m.I.D.CanvasMainChange - multiple : 2.98046875 + 



2025-04-09 10:37:22 INFO  c.r.r.m.I.D.CanvasMainChange - multiple : 2.98046875 + 



2025-04-09 10:37:22 INFO  c.r.r.m.I.D.CanvasMainChange - multiple : 2.98046875 + 



2025-04-09 10:37:22 INFO  c.r.r.m.I.D.CanvasMainChange - multiple : 2.98046875 + 



2025-04-09 10:37:22 INFO  c.r.r.m.I.D.CanvasMainChange - multiple : 2.98046875 + 



2025-04-09 10:37:22 INFO  c.r.r.m.I.D.CanvasMainChange - multiple : 2.98046875 + 



2025-04-09 10:37:35 INFO  c.r.r.m.I.D.CanvasMainChange - multiple : 2.98046875 + 



2025-04-09 10:37:35 INFO  c.r.r.m.I.D.CanvasMainChange - multiple : 2.98046875 + 



2025-04-09 10:37:35 INFO  c.r.r.m.I.D.CanvasMainChange - multiple : 1.0 + 



2025-04-09 10:37:35 INFO  c.r.r.m.I.D.CanvasMainChange - multiple : 1.0 + 



2025-04-09 10:37:35 INFO  c.r.r.m.I.D.CanvasMainChange - multiple : 1.0 + 



2025-04-09 10:37:35 INFO  c.r.r.m.I.D.CanvasMainChange - multiple : 1.0 + 



2025-04-09 10:37:35 INFO  c.r.r.m.I.D.CanvasMainChange - multiple : 1.0 + 



2025-04-09 10:37:35 INFO  c.r.r.m.I.D.CanvasMainChange - multiple : 1.0 + 



