2025-04-09 15:50:04 INFO  c.r.rxviewui.controller.LoginPage - logged In
2025-04-09 15:50:04 INFO  c.r.r.service.login.LoginController - ip mismatched 192.168.31.178 and 192.168.12.10
2025-04-09 15:50:04 INFO  c.r.r.service.login.LoginController - IP not found
2025-04-09 15:50:04 INFO  c.r.r.service.login.LoginController - initialized
2025-04-09 15:50:08 INFO  c.r.r.service.login.LoginController - No devices found!!!
2025-04-09 15:50:11 INFO  c.r.r.service.study.StudyService - Image received
2025-04-09 15:50:13 INFO  c.r.r.service.study.StudyService - Mat is not empty
2025-04-09 15:50:13 INFO  c.r.r.m.I.D.MainDrawTool - ImagingParams is null
2025-04-09 15:50:24 INFO  c.r.r.s.study.StudyMainController - saving for export...
2025-04-09 15:50:24 INFO  c.r.rxviewui.controller.ExportWindow - initialized
2025-04-09 15:50:31 INFO  c.r.r.m.I.D.CanvasMainChange - cropped
2025-04-09 15:50:31 INFO  c.r.r.m.I.D.CanvasMainChange - cropped
2025-04-09 15:50:31 INFO  c.r.r.m.I.D.CanvasMainChange - cropped
2025-04-09 15:50:31 INFO  c.r.r.m.I.D.CanvasMainChange - cropped
2025-04-09 15:50:54 INFO  c.r.r.m.I.D.CanvasMainChange - cropped
2025-04-09 15:50:54 INFO  c.r.r.m.I.D.CanvasMainChange - cropped
2025-04-09 15:50:54 INFO  c.r.r.m.I.D.CanvasMainChange - cropped
2025-04-09 15:50:54 INFO  c.r.r.m.I.D.CanvasMainChange - cropped
2025-04-09 15:50:55 INFO  c.r.rxviewui.controller.ExportWindow - inside createDicomFile
2025-04-09 15:50:55 INFO  c.r.rxviewui.controller.ExportWindow - images ready
2025-04-09 15:50:55 INFO  c.r.rxviewui.controller.ExportWindow - meta data is ready
2025-04-09 15:50:55 INFO  c.r.rxviewui.controller.ExportWindow - dicom file ready
