2025-04-09 14:59:13 INFO  c.r.rxviewui.controller.LoginPage - logged In
2025-04-09 14:59:13 INFO  c.r.r.service.login.LoginController - ip mismatched 192.168.31.178 and 192.168.12.10
2025-04-09 14:59:13 INFO  c.r.r.service.login.LoginController - IP not found
2025-04-09 14:59:14 INFO  c.r.r.service.login.LoginController - initialized
2025-04-09 14:59:17 INFO  c.r.r.service.login.LoginController - No devices found!!!
2025-04-09 14:59:20 INFO  c.r.r.service.study.StudyService - Image received
2025-04-09 14:59:21 INFO  c.r.r.service.study.StudyService - Mat is not empty
2025-04-09 14:59:22 INFO  c.r.r.m.I.D.MainDrawTool - ImagingParams is null
2025-04-09 14:59:34 INFO  c.r.r.m.I.D.CanvasMainChange - cropped
2025-04-09 14:59:34 INFO  c.r.r.m.I.D.CanvasMainChange - cropped
2025-04-09 14:59:36 INFO  c.r.r.m.I.D.CanvasMainChange - cropped
2025-04-09 14:59:44 INFO  c.r.r.m.I.D.CanvasMainChange - cropped
2025-04-09 14:59:44 INFO  c.r.r.m.I.D.CanvasMainChange - cropped
2025-04-09 14:59:58 INFO  c.r.r.m.I.D.CanvasMainChange - cropped
2025-04-09 15:00:02 INFO  c.r.r.m.I.D.CanvasMainChange - cropped
2025-04-09 15:00:02 INFO  c.r.r.m.I.D.CanvasMainChange - cropped
2025-04-09 15:00:04 INFO  c.r.r.m.I.D.CanvasMainChange - cropped
2025-04-09 15:00:07 INFO  c.r.r.m.I.D.CanvasMainChange - cropped
2025-04-09 15:00:07 INFO  c.r.r.m.I.D.CanvasMainChange - cropped
2025-04-09 15:00:08 INFO  c.r.r.m.I.D.CanvasMainChange - cropped
2025-04-09 15:00:13 INFO  c.r.r.m.I.D.CanvasMainChange - cropped
2025-04-09 15:00:13 INFO  c.r.r.m.I.D.CanvasMainChange - cropped
2025-04-09 15:01:41 INFO  c.r.r.m.I.D.CanvasMainChange - cropped
2025-04-09 15:01:45 INFO  c.r.r.m.I.D.CanvasMainChange - cropped
2025-04-09 15:01:45 INFO  c.r.r.m.I.D.CanvasMainChange - cropped
2025-04-09 15:02:00 INFO  c.r.r.m.I.D.CanvasMainChange - cropped
2025-04-09 15:02:01 INFO  c.r.r.m.I.D.CanvasMainChange - cropped
2025-04-09 15:02:07 INFO  c.r.r.m.I.D.CanvasMainChange - cropped
2025-04-09 15:02:07 INFO  c.r.r.m.I.D.CanvasMainChange - cropped
2025-04-09 15:02:12 INFO  c.r.r.m.I.D.CanvasMainChange - cropped
2025-04-09 15:02:16 INFO  c.r.r.m.I.D.CanvasMainChange - cropped
2025-04-09 15:02:16 INFO  c.r.r.m.I.D.CanvasMainChange - cropped
2025-04-09 15:02:21 INFO  c.r.r.m.I.D.CanvasMainChange - cropped
2025-04-09 15:02:21 INFO  c.r.r.m.I.D.CanvasMainChange - cropped
2025-04-09 15:02:21 INFO  c.r.r.m.I.D.CanvasMainChange - cropped
2025-04-09 15:02:22 INFO  c.r.r.m.I.D.CanvasMainChange - cropped
2025-04-09 15:02:22 INFO  c.r.r.m.I.D.CanvasMainChange - cropped
2025-04-09 15:02:22 INFO  c.r.r.m.I.D.CanvasMainChange - cropped
2025-04-09 15:02:22 INFO  c.r.r.m.I.D.CanvasMainChange - cropped
2025-04-09 15:02:22 INFO  c.r.r.m.I.D.CanvasMainChange - cropped
2025-04-09 15:02:22 INFO  c.r.r.m.I.D.CanvasMainChange - cropped
2025-04-09 15:02:28 INFO  c.r.r.m.I.D.CanvasMainChange - cropped
2025-04-09 15:02:28 INFO  c.r.r.m.I.D.CanvasMainChange - cropped
2025-04-09 15:02:28 INFO  c.r.r.m.I.D.CanvasMainChange - cropped
2025-04-09 15:02:28 INFO  c.r.r.m.I.D.CanvasMainChange - cropped
2025-04-09 15:02:29 INFO  c.r.r.m.I.D.CanvasMainChange - cropped
2025-04-09 15:02:29 INFO  c.r.r.m.I.D.CanvasMainChange - cropped
2025-04-09 15:02:29 INFO  c.r.r.m.I.D.CanvasMainChange - cropped
2025-04-09 15:02:30 INFO  c.r.r.m.I.D.CanvasMainChange - cropped
2025-04-09 15:02:30 INFO  c.r.r.m.I.D.CanvasMainChange - cropped
2025-04-09 15:02:31 INFO  c.r.r.m.I.D.CanvasMainChange - cropped
2025-04-09 15:02:31 INFO  c.r.r.m.I.D.CanvasMainChange - cropped
2025-04-09 15:02:31 INFO  c.r.r.m.I.D.CanvasMainChange - cropped
2025-04-09 15:02:31 INFO  c.r.r.m.I.D.CanvasMainChange - cropped
2025-04-09 15:02:31 INFO  c.r.r.m.I.D.CanvasMainChange - cropped
2025-04-09 15:02:34 INFO  c.r.r.m.I.D.CanvasMainChange - cropped
2025-04-09 15:02:40 INFO  c.r.r.m.I.D.CanvasMainChange - cropped
2025-04-09 15:02:40 INFO  c.r.r.m.I.D.CanvasMainChange - cropped
2025-04-09 15:02:49 INFO  c.r.r.m.I.D.CanvasMainChange - cropped
2025-04-09 15:02:52 INFO  c.r.r.m.I.D.CanvasMainChange - cropped
2025-04-09 15:02:52 INFO  c.r.r.m.I.D.CanvasMainChange - cropped
2025-04-09 15:02:57 INFO  c.r.r.m.I.D.CanvasMainChange - cropped
2025-04-09 15:03:07 INFO  c.r.r.m.I.D.CanvasMainChange - cropped
2025-04-09 15:03:07 INFO  c.r.r.m.I.D.CanvasMainChange - cropped
2025-04-09 15:03:09 INFO  c.r.r.s.study.StudyMainController - saving for export...
2025-04-09 15:03:09 INFO  c.r.rxviewui.controller.ExportWindow - initialized
2025-04-09 15:03:10 INFO  c.r.r.m.I.D.CanvasMainChange - cropped
2025-04-09 15:03:10 INFO  c.r.r.m.I.D.CanvasMainChange - cropped
2025-04-09 15:03:16 INFO  c.r.r.m.I.D.CanvasMainChange - cropped
2025-04-09 15:03:16 INFO  c.r.r.m.I.D.CanvasMainChange - cropped
2025-04-09 15:03:17 INFO  c.r.r.m.I.D.CanvasMainChange - cropped
2025-04-09 15:03:40 INFO  c.r.r.m.I.D.CanvasMainChange - cropped
2025-04-09 15:03:40 INFO  c.r.r.m.I.D.CanvasMainChange - cropped
2025-04-09 15:08:03 INFO  c.r.r.m.I.D.CanvasMainChange - cropped
2025-04-09 15:08:03 INFO  c.r.r.m.I.D.CanvasMainChange - cropped
2025-04-09 15:08:03 INFO  c.r.r.m.I.D.CanvasMainChange - cropped
2025-04-09 15:08:04 INFO  c.r.r.m.I.D.CanvasMainChange - cropped
2025-04-09 15:08:04 INFO  c.r.r.m.I.D.CanvasMainChange - cropped
2025-04-09 15:08:04 INFO  c.r.r.m.I.D.CanvasMainChange - cropped
2025-04-09 15:08:04 INFO  c.r.r.m.I.D.CanvasMainChange - cropped
2025-04-09 15:08:04 INFO  c.r.r.m.I.D.CanvasMainChange - cropped
2025-04-09 15:08:05 INFO  c.r.r.m.I.D.CanvasMainChange - cropped
2025-04-09 15:08:06 INFO  c.r.r.m.I.D.CanvasMainChange - cropped
2025-04-09 15:08:06 INFO  c.r.r.m.I.D.CanvasMainChange - cropped
2025-04-09 15:08:06 INFO  c.r.r.m.I.D.CanvasMainChange - cropped
2025-04-09 15:08:06 INFO  c.r.r.m.I.D.CanvasMainChange - cropped
2025-04-09 15:08:06 INFO  c.r.r.m.I.D.CanvasMainChange - cropped
2025-04-09 15:08:06 INFO  c.r.r.m.I.D.CanvasMainChange - cropped
2025-04-09 15:08:06 INFO  c.r.r.m.I.D.CanvasMainChange - cropped
2025-04-09 15:08:06 INFO  c.r.r.m.I.D.CanvasMainChange - cropped
2025-04-09 15:08:06 INFO  c.r.r.m.I.D.CanvasMainChange - cropped
2025-04-09 15:08:06 INFO  c.r.r.m.I.D.CanvasMainChange - cropped
2025-04-09 15:08:06 INFO  c.r.r.m.I.D.CanvasMainChange - cropped
2025-04-09 15:08:06 INFO  c.r.r.m.I.D.CanvasMainChange - cropped
2025-04-09 15:08:06 INFO  c.r.r.m.I.D.CanvasMainChange - cropped
2025-04-09 15:08:06 INFO  c.r.r.m.I.D.CanvasMainChange - cropped
2025-04-09 15:08:06 INFO  c.r.r.m.I.D.CanvasMainChange - cropped
2025-04-09 15:08:06 INFO  c.r.r.m.I.D.CanvasMainChange - cropped
2025-04-09 15:08:06 INFO  c.r.r.m.I.D.CanvasMainChange - cropped
2025-04-09 15:08:06 INFO  c.r.r.m.I.D.CanvasMainChange - cropped
2025-04-09 15:08:06 INFO  c.r.r.m.I.D.CanvasMainChange - cropped
2025-04-09 15:08:06 INFO  c.r.r.m.I.D.CanvasMainChange - cropped
2025-04-09 15:08:06 INFO  c.r.r.m.I.D.CanvasMainChange - cropped
2025-04-09 15:08:06 INFO  c.r.r.m.I.D.CanvasMainChange - cropped
2025-04-09 15:08:07 INFO  c.r.r.m.I.D.CanvasMainChange - cropped
2025-04-09 15:08:07 INFO  c.r.r.m.I.D.CanvasMainChange - cropped
2025-04-09 15:08:07 INFO  c.r.r.m.I.D.CanvasMainChange - cropped
2025-04-09 15:08:07 INFO  c.r.r.m.I.D.CanvasMainChange - cropped
2025-04-09 15:08:07 INFO  c.r.r.m.I.D.CanvasMainChange - cropped
2025-04-09 15:08:07 INFO  c.r.r.m.I.D.CanvasMainChange - cropped
2025-04-09 15:08:07 INFO  c.r.r.m.I.D.CanvasMainChange - cropped
2025-04-09 15:08:07 INFO  c.r.r.m.I.D.CanvasMainChange - cropped
2025-04-09 15:08:07 INFO  c.r.r.m.I.D.CanvasMainChange - cropped
2025-04-09 15:08:07 INFO  c.r.r.m.I.D.CanvasMainChange - cropped
2025-04-09 15:08:07 INFO  c.r.r.m.I.D.CanvasMainChange - cropped
2025-04-09 15:08:07 INFO  c.r.r.m.I.D.CanvasMainChange - cropped
2025-04-09 15:08:07 INFO  c.r.r.m.I.D.CanvasMainChange - cropped
2025-04-09 15:08:07 INFO  c.r.r.m.I.D.CanvasMainChange - cropped
2025-04-09 15:08:07 INFO  c.r.r.m.I.D.CanvasMainChange - cropped
2025-04-09 15:08:07 INFO  c.r.r.m.I.D.CanvasMainChange - cropped
2025-04-09 15:08:07 INFO  c.r.r.m.I.D.CanvasMainChange - cropped
2025-04-09 15:08:07 INFO  c.r.r.m.I.D.CanvasMainChange - cropped
2025-04-09 15:08:07 INFO  c.r.r.m.I.D.CanvasMainChange - cropped
2025-04-09 15:08:07 INFO  c.r.r.m.I.D.CanvasMainChange - cropped
2025-04-09 15:08:07 INFO  c.r.r.m.I.D.CanvasMainChange - cropped
2025-04-09 15:08:07 INFO  c.r.r.m.I.D.CanvasMainChange - cropped
2025-04-09 15:08:07 INFO  c.r.r.m.I.D.CanvasMainChange - cropped
2025-04-09 15:08:07 INFO  c.r.r.m.I.D.CanvasMainChange - cropped
2025-04-09 15:08:07 INFO  c.r.r.m.I.D.CanvasMainChange - cropped
2025-04-09 15:08:07 INFO  c.r.r.m.I.D.CanvasMainChange - cropped
2025-04-09 15:08:07 INFO  c.r.r.m.I.D.CanvasMainChange - cropped
2025-04-09 15:08:07 INFO  c.r.r.m.I.D.CanvasMainChange - cropped
2025-04-09 15:08:07 INFO  c.r.r.m.I.D.CanvasMainChange - cropped
2025-04-09 15:08:07 INFO  c.r.r.m.I.D.CanvasMainChange - cropped
2025-04-09 15:08:07 INFO  c.r.r.m.I.D.CanvasMainChange - cropped
2025-04-09 15:08:07 INFO  c.r.r.m.I.D.CanvasMainChange - cropped
2025-04-09 15:08:07 INFO  c.r.r.m.I.D.CanvasMainChange - cropped
2025-04-09 15:08:07 INFO  c.r.r.m.I.D.CanvasMainChange - cropped
2025-04-09 15:08:07 INFO  c.r.r.m.I.D.CanvasMainChange - cropped
2025-04-09 15:08:07 INFO  c.r.r.m.I.D.CanvasMainChange - cropped
2025-04-09 15:08:07 INFO  c.r.r.m.I.D.CanvasMainChange - cropped
2025-04-09 15:08:07 INFO  c.r.r.m.I.D.CanvasMainChange - cropped
2025-04-09 15:08:07 INFO  c.r.r.m.I.D.CanvasMainChange - cropped
2025-04-09 15:08:07 INFO  c.r.r.m.I.D.CanvasMainChange - cropped
2025-04-09 15:08:07 INFO  c.r.r.m.I.D.CanvasMainChange - cropped
2025-04-09 15:08:07 INFO  c.r.r.m.I.D.CanvasMainChange - cropped
2025-04-09 15:08:08 INFO  c.r.r.m.I.D.CanvasMainChange - cropped
2025-04-09 15:08:08 INFO  c.r.r.m.I.D.CanvasMainChange - cropped
2025-04-09 15:08:08 INFO  c.r.r.m.I.D.CanvasMainChange - cropped
2025-04-09 15:08:08 INFO  c.r.r.m.I.D.CanvasMainChange - cropped
2025-04-09 15:08:08 INFO  c.r.r.m.I.D.CanvasMainChange - cropped
2025-04-09 15:08:08 INFO  c.r.r.m.I.D.CanvasMainChange - cropped
2025-04-09 15:08:08 INFO  c.r.r.m.I.D.CanvasMainChange - cropped
2025-04-09 15:08:08 INFO  c.r.r.m.I.D.CanvasMainChange - cropped
2025-04-09 15:08:08 INFO  c.r.r.m.I.D.CanvasMainChange - cropped
2025-04-09 15:08:08 INFO  c.r.r.m.I.D.CanvasMainChange - cropped
2025-04-09 15:08:08 INFO  c.r.r.m.I.D.CanvasMainChange - cropped
2025-04-09 15:08:08 INFO  c.r.r.m.I.D.CanvasMainChange - cropped
2025-04-09 15:08:08 INFO  c.r.r.m.I.D.CanvasMainChange - cropped
2025-04-09 15:08:08 INFO  c.r.r.m.I.D.CanvasMainChange - cropped
2025-04-09 15:08:08 INFO  c.r.r.m.I.D.CanvasMainChange - cropped
2025-04-09 15:08:08 INFO  c.r.r.m.I.D.CanvasMainChange - cropped
2025-04-09 15:08:08 INFO  c.r.r.m.I.D.CanvasMainChange - cropped
2025-04-09 15:08:08 INFO  c.r.r.m.I.D.CanvasMainChange - cropped
2025-04-09 15:08:08 INFO  c.r.r.m.I.D.CanvasMainChange - cropped
2025-04-09 15:08:08 INFO  c.r.r.m.I.D.CanvasMainChange - cropped
2025-04-09 15:08:08 INFO  c.r.r.m.I.D.CanvasMainChange - cropped
2025-04-09 15:08:10 INFO  c.r.r.m.I.D.CanvasMainChange - cropped
2025-04-09 15:08:11 INFO  c.r.r.m.I.D.CanvasMainChange - cropped
2025-04-09 15:08:12 INFO  c.r.r.m.I.D.CanvasMainChange - cropped
2025-04-09 15:08:12 INFO  c.r.r.m.I.D.CanvasMainChange - cropped
2025-04-09 15:08:12 INFO  c.r.r.m.I.D.CanvasMainChange - cropped
2025-04-09 15:08:12 INFO  c.r.r.m.I.D.CanvasMainChange - cropped
2025-04-09 15:08:12 INFO  c.r.r.m.I.D.CanvasMainChange - cropped
2025-04-09 15:08:12 INFO  c.r.r.m.I.D.CanvasMainChange - cropped
2025-04-09 15:08:12 INFO  c.r.r.m.I.D.CanvasMainChange - cropped
2025-04-09 15:08:12 INFO  c.r.r.m.I.D.CanvasMainChange - cropped
2025-04-09 15:08:12 INFO  c.r.r.m.I.D.CanvasMainChange - cropped
2025-04-09 15:08:12 INFO  c.r.r.m.I.D.CanvasMainChange - cropped
2025-04-09 15:08:12 INFO  c.r.r.m.I.D.CanvasMainChange - cropped
2025-04-09 15:08:12 INFO  c.r.r.m.I.D.CanvasMainChange - cropped
2025-04-09 15:08:12 INFO  c.r.r.m.I.D.CanvasMainChange - cropped
2025-04-09 15:08:12 INFO  c.r.r.m.I.D.CanvasMainChange - cropped
2025-04-09 15:08:12 INFO  c.r.r.m.I.D.CanvasMainChange - cropped
2025-04-09 15:08:12 INFO  c.r.r.m.I.D.CanvasMainChange - cropped
2025-04-09 15:08:12 INFO  c.r.r.m.I.D.CanvasMainChange - cropped
2025-04-09 15:08:12 INFO  c.r.r.m.I.D.CanvasMainChange - cropped
2025-04-09 15:08:12 INFO  c.r.r.m.I.D.CanvasMainChange - cropped
2025-04-09 15:08:12 INFO  c.r.r.m.I.D.CanvasMainChange - cropped
2025-04-09 15:08:12 INFO  c.r.r.m.I.D.CanvasMainChange - cropped
2025-04-09 15:08:12 INFO  c.r.r.m.I.D.CanvasMainChange - cropped
2025-04-09 15:08:12 INFO  c.r.r.m.I.D.CanvasMainChange - cropped
2025-04-09 15:08:12 INFO  c.r.r.m.I.D.CanvasMainChange - cropped
2025-04-09 15:08:12 INFO  c.r.r.m.I.D.CanvasMainChange - cropped
2025-04-09 15:08:12 INFO  c.r.r.m.I.D.CanvasMainChange - cropped
2025-04-09 15:08:12 INFO  c.r.r.m.I.D.CanvasMainChange - cropped
2025-04-09 15:08:12 INFO  c.r.r.m.I.D.CanvasMainChange - cropped
2025-04-09 15:08:12 INFO  c.r.r.m.I.D.CanvasMainChange - cropped
2025-04-09 15:08:12 INFO  c.r.r.m.I.D.CanvasMainChange - cropped
2025-04-09 15:08:12 INFO  c.r.r.m.I.D.CanvasMainChange - cropped
2025-04-09 15:08:12 INFO  c.r.r.m.I.D.CanvasMainChange - cropped
2025-04-09 15:08:12 INFO  c.r.r.m.I.D.CanvasMainChange - cropped
2025-04-09 15:08:12 INFO  c.r.r.m.I.D.CanvasMainChange - cropped
2025-04-09 15:08:12 INFO  c.r.r.m.I.D.CanvasMainChange - cropped
2025-04-09 15:08:12 INFO  c.r.r.m.I.D.CanvasMainChange - cropped
2025-04-09 15:08:12 INFO  c.r.r.m.I.D.CanvasMainChange - cropped
2025-04-09 15:08:12 INFO  c.r.r.m.I.D.CanvasMainChange - cropped
2025-04-09 15:08:12 INFO  c.r.r.m.I.D.CanvasMainChange - cropped
2025-04-09 15:08:12 INFO  c.r.r.m.I.D.CanvasMainChange - cropped
2025-04-09 15:08:12 INFO  c.r.r.m.I.D.CanvasMainChange - cropped
2025-04-09 15:08:13 INFO  c.r.r.m.I.D.CanvasMainChange - cropped
2025-04-09 15:08:13 INFO  c.r.r.m.I.D.CanvasMainChange - cropped
2025-04-09 15:08:13 INFO  c.r.r.m.I.D.CanvasMainChange - cropped
2025-04-09 15:08:13 INFO  c.r.r.m.I.D.CanvasMainChange - cropped
2025-04-09 15:08:13 INFO  c.r.r.m.I.D.CanvasMainChange - cropped
2025-04-09 15:08:13 INFO  c.r.r.m.I.D.CanvasMainChange - cropped
2025-04-09 15:08:14 INFO  c.r.r.m.I.D.CanvasMainChange - cropped
2025-04-09 15:08:14 INFO  c.r.r.m.I.D.CanvasMainChange - cropped
2025-04-09 15:08:14 INFO  c.r.r.m.I.D.CanvasMainChange - cropped
2025-04-09 15:08:14 INFO  c.r.r.m.I.D.CanvasMainChange - cropped
2025-04-09 15:08:15 INFO  c.r.r.m.I.D.CanvasMainChange - cropped
2025-04-09 15:08:15 INFO  c.r.r.m.I.D.CanvasMainChange - cropped
2025-04-09 15:08:15 INFO  c.r.r.m.I.D.CanvasMainChange - cropped
2025-04-09 15:08:15 INFO  c.r.r.m.I.D.CanvasMainChange - cropped
2025-04-09 15:08:15 INFO  c.r.r.m.I.D.CanvasMainChange - cropped
2025-04-09 15:08:15 INFO  c.r.r.m.I.D.CanvasMainChange - cropped
2025-04-09 15:08:15 INFO  c.r.r.m.I.D.CanvasMainChange - cropped
2025-04-09 15:08:15 INFO  c.r.r.m.I.D.CanvasMainChange - cropped
2025-04-09 15:08:15 INFO  c.r.r.m.I.D.CanvasMainChange - cropped
2025-04-09 15:08:15 INFO  c.r.r.m.I.D.CanvasMainChange - cropped
2025-04-09 15:08:15 INFO  c.r.r.m.I.D.CanvasMainChange - cropped
2025-04-09 15:08:15 INFO  c.r.r.m.I.D.CanvasMainChange - cropped
2025-04-09 15:08:15 INFO  c.r.r.m.I.D.CanvasMainChange - cropped
2025-04-09 15:08:15 INFO  c.r.r.m.I.D.CanvasMainChange - cropped
2025-04-09 15:08:15 INFO  c.r.r.m.I.D.CanvasMainChange - cropped
2025-04-09 15:08:15 INFO  c.r.r.m.I.D.CanvasMainChange - cropped
2025-04-09 15:08:15 INFO  c.r.r.m.I.D.CanvasMainChange - cropped
2025-04-09 15:08:15 INFO  c.r.r.m.I.D.CanvasMainChange - cropped
2025-04-09 15:08:15 INFO  c.r.r.m.I.D.CanvasMainChange - cropped
2025-04-09 15:08:15 INFO  c.r.r.m.I.D.CanvasMainChange - cropped
2025-04-09 15:08:15 INFO  c.r.r.m.I.D.CanvasMainChange - cropped
2025-04-09 15:08:15 INFO  c.r.r.m.I.D.CanvasMainChange - cropped
2025-04-09 15:08:15 INFO  c.r.r.m.I.D.CanvasMainChange - cropped
2025-04-09 15:08:15 INFO  c.r.r.m.I.D.CanvasMainChange - cropped
2025-04-09 15:08:15 INFO  c.r.r.m.I.D.CanvasMainChange - cropped
2025-04-09 15:08:15 INFO  c.r.r.m.I.D.CanvasMainChange - cropped
2025-04-09 15:08:16 INFO  c.r.r.m.I.D.CanvasMainChange - cropped
2025-04-09 15:08:16 INFO  c.r.r.m.I.D.CanvasMainChange - cropped
2025-04-09 15:08:16 INFO  c.r.r.m.I.D.CanvasMainChange - cropped
2025-04-09 15:08:16 INFO  c.r.r.m.I.D.CanvasMainChange - cropped
2025-04-09 15:08:16 INFO  c.r.r.m.I.D.CanvasMainChange - cropped
2025-04-09 15:08:16 INFO  c.r.r.m.I.D.CanvasMainChange - cropped
2025-04-09 15:08:16 INFO  c.r.r.m.I.D.CanvasMainChange - cropped
2025-04-09 15:08:16 INFO  c.r.r.m.I.D.CanvasMainChange - cropped
2025-04-09 15:08:16 INFO  c.r.r.m.I.D.CanvasMainChange - cropped
2025-04-09 15:08:16 INFO  c.r.r.m.I.D.CanvasMainChange - cropped
2025-04-09 15:08:16 INFO  c.r.r.m.I.D.CanvasMainChange - cropped
2025-04-09 15:08:16 INFO  c.r.r.m.I.D.CanvasMainChange - cropped
2025-04-09 15:08:16 INFO  c.r.r.m.I.D.CanvasMainChange - cropped
2025-04-09 15:08:17 INFO  c.r.r.m.I.D.CanvasMainChange - cropped
2025-04-09 15:08:17 INFO  c.r.r.m.I.D.CanvasMainChange - cropped
2025-04-09 15:08:17 INFO  c.r.r.m.I.D.CanvasMainChange - cropped
2025-04-09 15:08:17 INFO  c.r.r.m.I.D.CanvasMainChange - cropped
2025-04-09 15:08:17 INFO  c.r.r.m.I.D.CanvasMainChange - cropped
2025-04-09 15:08:17 INFO  c.r.r.m.I.D.CanvasMainChange - cropped
2025-04-09 15:08:17 INFO  c.r.r.m.I.D.CanvasMainChange - cropped
2025-04-09 15:08:17 INFO  c.r.r.m.I.D.CanvasMainChange - cropped
2025-04-09 15:08:17 INFO  c.r.r.m.I.D.CanvasMainChange - cropped
2025-04-09 15:08:17 INFO  c.r.r.m.I.D.CanvasMainChange - cropped
2025-04-09 15:08:18 INFO  c.r.r.m.I.D.CanvasMainChange - cropped
2025-04-09 15:08:18 INFO  c.r.r.m.I.D.CanvasMainChange - cropped
2025-04-09 15:08:18 INFO  c.r.r.m.I.D.CanvasMainChange - cropped
2025-04-09 15:08:18 INFO  c.r.r.m.I.D.CanvasMainChange - cropped
2025-04-09 15:08:18 INFO  c.r.r.m.I.D.CanvasMainChange - cropped
2025-04-09 15:08:18 INFO  c.r.r.m.I.D.CanvasMainChange - cropped
2025-04-09 15:08:18 INFO  c.r.r.m.I.D.CanvasMainChange - cropped
2025-04-09 15:08:18 INFO  c.r.r.m.I.D.CanvasMainChange - cropped
2025-04-09 15:08:18 INFO  c.r.r.m.I.D.CanvasMainChange - cropped
2025-04-09 15:08:18 INFO  c.r.r.m.I.D.CanvasMainChange - cropped
2025-04-09 15:08:18 INFO  c.r.r.m.I.D.CanvasMainChange - cropped
2025-04-09 15:08:18 INFO  c.r.r.m.I.D.CanvasMainChange - cropped
2025-04-09 15:08:18 INFO  c.r.r.m.I.D.CanvasMainChange - cropped
2025-04-09 15:08:18 INFO  c.r.r.m.I.D.CanvasMainChange - cropped
2025-04-09 15:08:18 INFO  c.r.r.m.I.D.CanvasMainChange - cropped
2025-04-09 15:08:18 INFO  c.r.r.m.I.D.CanvasMainChange - cropped
2025-04-09 15:08:18 INFO  c.r.r.m.I.D.CanvasMainChange - cropped
2025-04-09 15:08:18 INFO  c.r.r.m.I.D.CanvasMainChange - cropped
2025-04-09 15:08:18 INFO  c.r.r.m.I.D.CanvasMainChange - cropped
2025-04-09 15:08:18 INFO  c.r.r.m.I.D.CanvasMainChange - cropped
2025-04-09 15:08:18 INFO  c.r.r.m.I.D.CanvasMainChange - cropped
2025-04-09 15:08:18 INFO  c.r.r.m.I.D.CanvasMainChange - cropped
2025-04-09 15:08:18 INFO  c.r.r.m.I.D.CanvasMainChange - cropped
2025-04-09 15:08:18 INFO  c.r.r.m.I.D.CanvasMainChange - cropped
2025-04-09 15:08:18 INFO  c.r.r.m.I.D.CanvasMainChange - cropped
2025-04-09 15:08:18 INFO  c.r.r.m.I.D.CanvasMainChange - cropped
2025-04-09 15:08:18 INFO  c.r.r.m.I.D.CanvasMainChange - cropped
2025-04-09 15:08:18 INFO  c.r.r.m.I.D.CanvasMainChange - cropped
2025-04-09 15:08:18 INFO  c.r.r.m.I.D.CanvasMainChange - cropped
2025-04-09 15:08:18 INFO  c.r.r.m.I.D.CanvasMainChange - cropped
2025-04-09 15:08:18 INFO  c.r.r.m.I.D.CanvasMainChange - cropped
2025-04-09 15:08:18 INFO  c.r.r.m.I.D.CanvasMainChange - cropped
2025-04-09 15:08:18 INFO  c.r.r.m.I.D.CanvasMainChange - cropped
2025-04-09 15:08:18 INFO  c.r.r.m.I.D.CanvasMainChange - cropped
2025-04-09 15:08:18 INFO  c.r.r.m.I.D.CanvasMainChange - cropped
2025-04-09 15:08:18 INFO  c.r.r.m.I.D.CanvasMainChange - cropped
2025-04-09 15:08:18 INFO  c.r.r.m.I.D.CanvasMainChange - cropped
2025-04-09 15:08:18 INFO  c.r.r.m.I.D.CanvasMainChange - cropped
2025-04-09 15:08:18 INFO  c.r.r.m.I.D.CanvasMainChange - cropped
2025-04-09 15:08:18 INFO  c.r.r.m.I.D.CanvasMainChange - cropped
2025-04-09 15:08:18 INFO  c.r.r.m.I.D.CanvasMainChange - cropped
2025-04-09 15:08:18 INFO  c.r.r.m.I.D.CanvasMainChange - cropped
2025-04-09 15:08:18 INFO  c.r.r.m.I.D.CanvasMainChange - cropped
2025-04-09 15:08:18 INFO  c.r.r.m.I.D.CanvasMainChange - cropped
2025-04-09 15:08:18 INFO  c.r.r.m.I.D.CanvasMainChange - cropped
2025-04-09 15:08:18 INFO  c.r.r.m.I.D.CanvasMainChange - cropped
2025-04-09 15:08:18 INFO  c.r.r.m.I.D.CanvasMainChange - cropped
2025-04-09 15:08:18 INFO  c.r.r.m.I.D.CanvasMainChange - cropped
2025-04-09 15:08:18 INFO  c.r.r.m.I.D.CanvasMainChange - cropped
2025-04-09 15:08:18 INFO  c.r.r.m.I.D.CanvasMainChange - cropped
2025-04-09 15:08:18 INFO  c.r.r.m.I.D.CanvasMainChange - cropped
2025-04-09 15:08:18 INFO  c.r.r.m.I.D.CanvasMainChange - cropped
2025-04-09 15:08:18 INFO  c.r.r.m.I.D.CanvasMainChange - cropped
2025-04-09 15:08:18 INFO  c.r.r.m.I.D.CanvasMainChange - cropped
2025-04-09 15:08:19 INFO  c.r.r.m.I.D.CanvasMainChange - cropped
2025-04-09 15:08:19 INFO  c.r.r.m.I.D.CanvasMainChange - cropped
2025-04-09 15:08:19 INFO  c.r.r.m.I.D.CanvasMainChange - cropped
2025-04-09 15:08:19 INFO  c.r.r.m.I.D.CanvasMainChange - cropped
2025-04-09 15:08:19 INFO  c.r.r.m.I.D.CanvasMainChange - cropped
2025-04-09 15:08:19 INFO  c.r.r.m.I.D.CanvasMainChange - cropped
2025-04-09 15:08:19 INFO  c.r.r.m.I.D.CanvasMainChange - cropped
2025-04-09 15:08:19 INFO  c.r.r.m.I.D.CanvasMainChange - cropped
2025-04-09 15:08:19 INFO  c.r.r.m.I.D.CanvasMainChange - cropped
2025-04-09 15:08:19 INFO  c.r.r.m.I.D.CanvasMainChange - cropped
2025-04-09 15:08:19 INFO  c.r.r.m.I.D.CanvasMainChange - cropped
2025-04-09 15:08:19 INFO  c.r.r.m.I.D.CanvasMainChange - cropped
2025-04-09 15:08:19 INFO  c.r.r.m.I.D.CanvasMainChange - cropped
2025-04-09 15:08:19 INFO  c.r.r.m.I.D.CanvasMainChange - cropped
2025-04-09 15:08:19 INFO  c.r.r.m.I.D.CanvasMainChange - cropped
2025-04-09 15:08:19 INFO  c.r.r.m.I.D.CanvasMainChange - cropped
2025-04-09 15:08:19 INFO  c.r.r.m.I.D.CanvasMainChange - cropped
2025-04-09 15:08:19 INFO  c.r.r.m.I.D.CanvasMainChange - cropped
2025-04-09 15:08:19 INFO  c.r.r.m.I.D.CanvasMainChange - cropped
2025-04-09 15:08:19 INFO  c.r.r.m.I.D.CanvasMainChange - cropped
2025-04-09 15:08:19 INFO  c.r.r.m.I.D.CanvasMainChange - cropped
2025-04-09 15:08:19 INFO  c.r.r.m.I.D.CanvasMainChange - cropped
2025-04-09 15:08:19 INFO  c.r.r.m.I.D.CanvasMainChange - cropped
2025-04-09 15:08:19 INFO  c.r.r.m.I.D.CanvasMainChange - cropped
2025-04-09 15:08:19 INFO  c.r.r.m.I.D.CanvasMainChange - cropped
2025-04-09 15:08:19 INFO  c.r.r.m.I.D.CanvasMainChange - cropped
2025-04-09 15:08:19 INFO  c.r.r.m.I.D.CanvasMainChange - cropped
2025-04-09 15:08:19 INFO  c.r.r.m.I.D.CanvasMainChange - cropped
2025-04-09 15:08:19 INFO  c.r.r.m.I.D.CanvasMainChange - cropped
2025-04-09 15:08:19 INFO  c.r.r.m.I.D.CanvasMainChange - cropped
2025-04-09 15:08:19 INFO  c.r.r.m.I.D.CanvasMainChange - cropped
2025-04-09 15:08:19 INFO  c.r.r.m.I.D.CanvasMainChange - cropped
2025-04-09 15:08:19 INFO  c.r.r.m.I.D.CanvasMainChange - cropped
2025-04-09 15:08:19 INFO  c.r.r.m.I.D.CanvasMainChange - cropped
2025-04-09 15:08:19 INFO  c.r.r.m.I.D.CanvasMainChange - cropped
2025-04-09 15:08:19 INFO  c.r.r.m.I.D.CanvasMainChange - cropped
2025-04-09 15:08:19 INFO  c.r.r.m.I.D.CanvasMainChange - cropped
2025-04-09 15:08:19 INFO  c.r.r.m.I.D.CanvasMainChange - cropped
2025-04-09 15:08:19 INFO  c.r.r.m.I.D.CanvasMainChange - cropped
2025-04-09 15:08:19 INFO  c.r.r.m.I.D.CanvasMainChange - cropped
2025-04-09 15:08:19 INFO  c.r.r.m.I.D.CanvasMainChange - cropped
2025-04-09 15:08:19 INFO  c.r.r.m.I.D.CanvasMainChange - cropped
2025-04-09 15:08:19 INFO  c.r.r.m.I.D.CanvasMainChange - cropped
2025-04-09 15:08:19 INFO  c.r.r.m.I.D.CanvasMainChange - cropped
2025-04-09 15:08:19 INFO  c.r.r.m.I.D.CanvasMainChange - cropped
2025-04-09 15:08:19 INFO  c.r.r.m.I.D.CanvasMainChange - cropped
2025-04-09 15:08:19 INFO  c.r.r.m.I.D.CanvasMainChange - cropped
2025-04-09 15:08:19 INFO  c.r.r.m.I.D.CanvasMainChange - cropped
2025-04-09 15:08:19 INFO  c.r.r.m.I.D.CanvasMainChange - cropped
2025-04-09 15:08:19 INFO  c.r.r.m.I.D.CanvasMainChange - cropped
2025-04-09 15:08:19 INFO  c.r.r.m.I.D.CanvasMainChange - cropped
2025-04-09 15:08:19 INFO  c.r.r.m.I.D.CanvasMainChange - cropped
2025-04-09 15:08:19 INFO  c.r.r.m.I.D.CanvasMainChange - cropped
2025-04-09 15:08:19 INFO  c.r.r.m.I.D.CanvasMainChange - cropped
2025-04-09 15:08:19 INFO  c.r.r.m.I.D.CanvasMainChange - cropped
2025-04-09 15:08:19 INFO  c.r.r.m.I.D.CanvasMainChange - cropped
2025-04-09 15:08:19 INFO  c.r.r.m.I.D.CanvasMainChange - cropped
2025-04-09 15:08:19 INFO  c.r.r.m.I.D.CanvasMainChange - cropped
2025-04-09 15:08:19 INFO  c.r.r.m.I.D.CanvasMainChange - cropped
2025-04-09 15:08:19 INFO  c.r.r.m.I.D.CanvasMainChange - cropped
2025-04-09 15:08:19 INFO  c.r.r.m.I.D.CanvasMainChange - cropped
2025-04-09 15:08:19 INFO  c.r.r.m.I.D.CanvasMainChange - cropped
2025-04-09 15:08:19 INFO  c.r.r.m.I.D.CanvasMainChange - cropped
2025-04-09 15:08:19 INFO  c.r.r.m.I.D.CanvasMainChange - cropped
2025-04-09 15:08:19 INFO  c.r.r.m.I.D.CanvasMainChange - cropped
2025-04-09 15:08:19 INFO  c.r.r.m.I.D.CanvasMainChange - cropped
2025-04-09 15:08:19 INFO  c.r.r.m.I.D.CanvasMainChange - cropped
2025-04-09 15:08:19 INFO  c.r.r.m.I.D.CanvasMainChange - cropped
2025-04-09 15:08:19 INFO  c.r.r.m.I.D.CanvasMainChange - cropped
2025-04-09 15:08:19 INFO  c.r.r.m.I.D.CanvasMainChange - cropped
2025-04-09 15:08:19 INFO  c.r.r.m.I.D.CanvasMainChange - cropped
2025-04-09 15:08:19 INFO  c.r.r.m.I.D.CanvasMainChange - cropped
2025-04-09 15:08:19 INFO  c.r.r.m.I.D.CanvasMainChange - cropped
2025-04-09 15:08:19 INFO  c.r.r.m.I.D.CanvasMainChange - cropped
2025-04-09 15:08:19 INFO  c.r.r.m.I.D.CanvasMainChange - cropped
2025-04-09 15:08:19 INFO  c.r.r.m.I.D.CanvasMainChange - cropped
2025-04-09 15:08:22 INFO  c.r.r.m.I.D.CanvasMainChange - cropped
2025-04-09 15:08:22 INFO  c.r.r.m.I.D.CanvasMainChange - cropped
2025-04-09 15:08:23 INFO  c.r.r.m.I.D.CanvasMainChange - cropped
2025-04-09 15:08:23 INFO  c.r.r.m.I.D.CanvasMainChange - cropped
2025-04-09 15:08:23 INFO  c.r.r.m.I.D.CanvasMainChange - cropped
2025-04-09 15:08:23 INFO  c.r.r.m.I.D.CanvasMainChange - cropped
2025-04-09 15:08:23 INFO  c.r.r.m.I.D.CanvasMainChange - cropped
2025-04-09 15:08:24 INFO  c.r.r.m.I.D.CanvasMainChange - cropped
2025-04-09 15:08:24 INFO  c.r.r.m.I.D.CanvasMainChange - cropped
2025-04-09 15:08:24 INFO  c.r.r.m.I.D.CanvasMainChange - cropped
2025-04-09 15:08:24 INFO  c.r.r.m.I.D.CanvasMainChange - cropped
2025-04-09 15:08:24 INFO  c.r.r.m.I.D.CanvasMainChange - cropped
2025-04-09 15:08:24 INFO  c.r.r.m.I.D.CanvasMainChange - cropped
2025-04-09 15:08:24 INFO  c.r.r.m.I.D.CanvasMainChange - cropped
2025-04-09 15:08:24 INFO  c.r.r.m.I.D.CanvasMainChange - cropped
2025-04-09 15:08:24 INFO  c.r.r.m.I.D.CanvasMainChange - cropped
2025-04-09 15:08:24 INFO  c.r.r.m.I.D.CanvasMainChange - cropped
2025-04-09 15:08:24 INFO  c.r.r.m.I.D.CanvasMainChange - cropped
2025-04-09 15:08:24 INFO  c.r.r.m.I.D.CanvasMainChange - cropped
2025-04-09 15:08:24 INFO  c.r.r.m.I.D.CanvasMainChange - cropped
2025-04-09 15:08:24 INFO  c.r.r.m.I.D.CanvasMainChange - cropped
2025-04-09 15:08:24 INFO  c.r.r.m.I.D.CanvasMainChange - cropped
2025-04-09 15:08:24 INFO  c.r.r.m.I.D.CanvasMainChange - cropped
2025-04-09 15:08:24 INFO  c.r.r.m.I.D.CanvasMainChange - cropped
2025-04-09 15:08:24 INFO  c.r.r.m.I.D.CanvasMainChange - cropped
2025-04-09 15:08:24 INFO  c.r.r.m.I.D.CanvasMainChange - cropped
2025-04-09 15:08:24 INFO  c.r.r.m.I.D.CanvasMainChange - cropped
2025-04-09 15:08:24 INFO  c.r.r.m.I.D.CanvasMainChange - cropped
2025-04-09 15:08:24 INFO  c.r.r.m.I.D.CanvasMainChange - cropped
2025-04-09 15:08:24 INFO  c.r.r.m.I.D.CanvasMainChange - cropped
2025-04-09 15:08:24 INFO  c.r.r.m.I.D.CanvasMainChange - cropped
2025-04-09 15:08:24 INFO  c.r.r.m.I.D.CanvasMainChange - cropped
2025-04-09 15:08:24 INFO  c.r.r.m.I.D.CanvasMainChange - cropped
2025-04-09 15:08:24 INFO  c.r.r.m.I.D.CanvasMainChange - cropped
2025-04-09 15:08:24 INFO  c.r.r.m.I.D.CanvasMainChange - cropped
2025-04-09 15:08:24 INFO  c.r.r.m.I.D.CanvasMainChange - cropped
2025-04-09 15:08:24 INFO  c.r.r.m.I.D.CanvasMainChange - cropped
2025-04-09 15:08:24 INFO  c.r.r.m.I.D.CanvasMainChange - cropped
2025-04-09 15:08:25 INFO  c.r.r.m.I.D.CanvasMainChange - cropped
2025-04-09 15:08:25 INFO  c.r.r.m.I.D.CanvasMainChange - cropped
2025-04-09 15:08:26 INFO  c.r.r.m.I.D.CanvasMainChange - cropped
2025-04-09 15:08:26 INFO  c.r.r.m.I.D.CanvasMainChange - cropped
2025-04-09 15:08:26 INFO  c.r.r.m.I.D.CanvasMainChange - cropped
2025-04-09 15:08:26 INFO  c.r.r.m.I.D.CanvasMainChange - cropped
2025-04-09 15:08:26 INFO  c.r.r.m.I.D.CanvasMainChange - cropped
2025-04-09 15:08:26 INFO  c.r.r.m.I.D.CanvasMainChange - cropped
2025-04-09 15:08:26 INFO  c.r.r.m.I.D.CanvasMainChange - cropped
2025-04-09 15:08:26 INFO  c.r.r.m.I.D.CanvasMainChange - cropped
2025-04-09 15:08:26 INFO  c.r.r.m.I.D.CanvasMainChange - cropped
2025-04-09 15:08:26 INFO  c.r.r.m.I.D.CanvasMainChange - cropped
2025-04-09 15:08:26 INFO  c.r.r.m.I.D.CanvasMainChange - cropped
2025-04-09 15:08:26 INFO  c.r.r.m.I.D.CanvasMainChange - cropped
2025-04-09 15:08:26 INFO  c.r.r.m.I.D.CanvasMainChange - cropped
2025-04-09 15:08:26 INFO  c.r.r.m.I.D.CanvasMainChange - cropped
2025-04-09 15:08:26 INFO  c.r.r.m.I.D.CanvasMainChange - cropped
2025-04-09 15:08:26 INFO  c.r.r.m.I.D.CanvasMainChange - cropped
2025-04-09 15:08:26 INFO  c.r.r.m.I.D.CanvasMainChange - cropped
2025-04-09 15:08:26 INFO  c.r.r.m.I.D.CanvasMainChange - cropped
2025-04-09 15:08:26 INFO  c.r.r.m.I.D.CanvasMainChange - cropped
2025-04-09 15:08:26 INFO  c.r.r.m.I.D.CanvasMainChange - cropped
2025-04-09 15:08:26 INFO  c.r.r.m.I.D.CanvasMainChange - cropped
2025-04-09 15:08:26 INFO  c.r.r.m.I.D.CanvasMainChange - cropped
2025-04-09 15:08:26 INFO  c.r.r.m.I.D.CanvasMainChange - cropped
2025-04-09 15:08:26 INFO  c.r.r.m.I.D.CanvasMainChange - cropped
2025-04-09 15:08:26 INFO  c.r.r.m.I.D.CanvasMainChange - cropped
2025-04-09 15:08:26 INFO  c.r.r.m.I.D.CanvasMainChange - cropped
2025-04-09 15:08:26 INFO  c.r.r.m.I.D.CanvasMainChange - cropped
2025-04-09 15:08:26 INFO  c.r.r.m.I.D.CanvasMainChange - cropped
2025-04-09 15:08:26 INFO  c.r.r.m.I.D.CanvasMainChange - cropped
2025-04-09 15:08:26 INFO  c.r.r.m.I.D.CanvasMainChange - cropped
2025-04-09 15:08:26 INFO  c.r.r.m.I.D.CanvasMainChange - cropped
2025-04-09 15:08:26 INFO  c.r.r.m.I.D.CanvasMainChange - cropped
2025-04-09 15:08:26 INFO  c.r.r.m.I.D.CanvasMainChange - cropped
2025-04-09 15:08:26 INFO  c.r.r.m.I.D.CanvasMainChange - cropped
2025-04-09 15:08:26 INFO  c.r.r.m.I.D.CanvasMainChange - cropped
2025-04-09 15:08:26 INFO  c.r.r.m.I.D.CanvasMainChange - cropped
2025-04-09 15:08:26 INFO  c.r.r.m.I.D.CanvasMainChange - cropped
2025-04-09 15:08:26 INFO  c.r.r.m.I.D.CanvasMainChange - cropped
2025-04-09 15:08:26 INFO  c.r.r.m.I.D.CanvasMainChange - cropped
2025-04-09 15:08:26 INFO  c.r.r.m.I.D.CanvasMainChange - cropped
2025-04-09 15:08:26 INFO  c.r.r.m.I.D.CanvasMainChange - cropped
2025-04-09 15:08:28 INFO  c.r.r.m.I.D.CanvasMainChange - cropped
2025-04-09 15:08:28 INFO  c.r.r.m.I.D.CanvasMainChange - cropped
2025-04-09 15:08:28 INFO  c.r.r.m.I.D.CanvasMainChange - cropped
2025-04-09 15:08:28 INFO  c.r.r.m.I.D.CanvasMainChange - cropped
2025-04-09 15:08:28 INFO  c.r.r.m.I.D.CanvasMainChange - cropped
2025-04-09 15:08:28 INFO  c.r.r.m.I.D.CanvasMainChange - cropped
2025-04-09 15:08:28 INFO  c.r.r.m.I.D.CanvasMainChange - cropped
2025-04-09 15:08:28 INFO  c.r.r.m.I.D.CanvasMainChange - cropped
2025-04-09 15:08:28 INFO  c.r.r.m.I.D.CanvasMainChange - cropped
2025-04-09 15:08:28 INFO  c.r.r.m.I.D.CanvasMainChange - cropped
2025-04-09 15:08:28 INFO  c.r.r.m.I.D.CanvasMainChange - cropped
2025-04-09 15:08:28 INFO  c.r.r.m.I.D.CanvasMainChange - cropped
2025-04-09 15:08:28 INFO  c.r.r.m.I.D.CanvasMainChange - cropped
2025-04-09 15:08:28 INFO  c.r.r.m.I.D.CanvasMainChange - cropped
2025-04-09 15:08:28 INFO  c.r.r.m.I.D.CanvasMainChange - cropped
2025-04-09 15:08:28 INFO  c.r.r.m.I.D.CanvasMainChange - cropped
2025-04-09 15:08:28 INFO  c.r.r.m.I.D.CanvasMainChange - cropped
2025-04-09 15:08:28 INFO  c.r.r.m.I.D.CanvasMainChange - cropped
2025-04-09 15:08:28 INFO  c.r.r.m.I.D.CanvasMainChange - cropped
2025-04-09 15:08:28 INFO  c.r.r.m.I.D.CanvasMainChange - cropped
2025-04-09 15:08:28 INFO  c.r.r.m.I.D.CanvasMainChange - cropped
2025-04-09 15:08:28 INFO  c.r.r.m.I.D.CanvasMainChange - cropped
2025-04-09 15:08:28 INFO  c.r.r.m.I.D.CanvasMainChange - cropped
2025-04-09 15:08:28 INFO  c.r.r.m.I.D.CanvasMainChange - cropped
2025-04-09 15:08:28 INFO  c.r.r.m.I.D.CanvasMainChange - cropped
2025-04-09 15:08:28 INFO  c.r.r.m.I.D.CanvasMainChange - cropped
2025-04-09 15:08:28 INFO  c.r.r.m.I.D.CanvasMainChange - cropped
2025-04-09 15:08:28 INFO  c.r.r.m.I.D.CanvasMainChange - cropped
2025-04-09 15:08:28 INFO  c.r.r.m.I.D.CanvasMainChange - cropped
2025-04-09 15:08:28 INFO  c.r.r.m.I.D.CanvasMainChange - cropped
2025-04-09 15:08:28 INFO  c.r.r.m.I.D.CanvasMainChange - cropped
2025-04-09 15:08:28 INFO  c.r.r.m.I.D.CanvasMainChange - cropped
2025-04-09 15:08:28 INFO  c.r.r.m.I.D.CanvasMainChange - cropped
2025-04-09 15:08:28 INFO  c.r.r.m.I.D.CanvasMainChange - cropped
2025-04-09 15:08:28 INFO  c.r.r.m.I.D.CanvasMainChange - cropped
2025-04-09 15:08:28 INFO  c.r.r.m.I.D.CanvasMainChange - cropped
2025-04-09 15:08:28 INFO  c.r.r.m.I.D.CanvasMainChange - cropped
2025-04-09 15:08:28 INFO  c.r.r.m.I.D.CanvasMainChange - cropped
2025-04-09 15:08:28 INFO  c.r.r.m.I.D.CanvasMainChange - cropped
2025-04-09 15:08:28 INFO  c.r.r.m.I.D.CanvasMainChange - cropped
2025-04-09 15:08:28 INFO  c.r.r.m.I.D.CanvasMainChange - cropped
2025-04-09 15:08:28 INFO  c.r.r.m.I.D.CanvasMainChange - cropped
2025-04-09 15:08:29 INFO  c.r.r.m.I.D.CanvasMainChange - cropped
2025-04-09 15:08:29 INFO  c.r.r.m.I.D.CanvasMainChange - cropped
2025-04-09 15:08:29 INFO  c.r.r.m.I.D.CanvasMainChange - cropped
2025-04-09 15:08:29 INFO  c.r.r.m.I.D.CanvasMainChange - cropped
2025-04-09 15:08:29 INFO  c.r.r.m.I.D.CanvasMainChange - cropped
2025-04-09 15:08:29 INFO  c.r.r.m.I.D.CanvasMainChange - cropped
2025-04-09 15:08:29 INFO  c.r.r.m.I.D.CanvasMainChange - cropped
2025-04-09 15:08:29 INFO  c.r.r.m.I.D.CanvasMainChange - cropped
2025-04-09 15:08:29 INFO  c.r.r.m.I.D.CanvasMainChange - cropped
2025-04-09 15:08:29 INFO  c.r.r.m.I.D.CanvasMainChange - cropped
2025-04-09 15:08:29 INFO  c.r.r.m.I.D.CanvasMainChange - cropped
2025-04-09 15:08:29 INFO  c.r.r.m.I.D.CanvasMainChange - cropped
2025-04-09 15:08:29 INFO  c.r.r.m.I.D.CanvasMainChange - cropped
2025-04-09 15:08:29 INFO  c.r.r.m.I.D.CanvasMainChange - cropped
2025-04-09 15:08:29 INFO  c.r.r.m.I.D.CanvasMainChange - cropped
2025-04-09 15:08:29 INFO  c.r.r.m.I.D.CanvasMainChange - cropped
2025-04-09 15:08:29 INFO  c.r.r.m.I.D.CanvasMainChange - cropped
2025-04-09 15:08:29 INFO  c.r.r.m.I.D.CanvasMainChange - cropped
2025-04-09 15:08:34 INFO  c.r.r.m.I.D.CanvasMainChange - cropped
2025-04-09 15:08:39 INFO  c.r.r.m.I.D.CanvasMainChange - cropped
2025-04-09 15:08:39 INFO  c.r.r.m.I.D.CanvasMainChange - cropped
2025-04-09 15:08:42 INFO  c.r.r.m.I.D.CanvasMainChange - cropped
2025-04-09 15:08:45 INFO  c.r.r.m.I.D.CanvasMainChange - cropped
2025-04-09 15:08:45 INFO  c.r.r.m.I.D.CanvasMainChange - cropped
2025-04-09 15:08:46 INFO  c.r.r.m.I.D.CanvasMainChange - cropped
2025-04-09 15:08:47 INFO  c.r.r.m.I.D.CanvasMainChange - cropped
2025-04-09 15:08:49 INFO  c.r.r.m.I.D.CanvasMainChange - cropped
2025-04-09 15:08:50 INFO  c.r.r.m.I.D.CanvasMainChange - cropped
2025-04-09 15:08:51 INFO  c.r.r.m.I.D.CanvasMainChange - cropped
2025-04-09 15:08:51 INFO  c.r.r.m.I.D.CanvasMainChange - cropped
2025-04-09 15:08:53 INFO  c.r.r.m.I.D.CanvasMainChange - cropped
2025-04-09 15:08:53 INFO  c.r.r.m.I.D.CanvasMainChange - cropped
2025-04-09 15:08:55 INFO  c.r.r.m.I.D.CanvasMainChange - cropped
2025-04-09 15:08:55 INFO  c.r.r.m.I.D.CanvasMainChange - cropped
2025-04-09 15:08:56 INFO  c.r.r.m.I.D.CanvasMainChange - cropped
2025-04-09 15:08:58 INFO  c.r.r.m.I.D.CanvasMainChange - cropped
2025-04-09 15:08:58 INFO  c.r.r.m.I.D.CanvasMainChange - cropped
2025-04-09 15:08:58 INFO  c.r.r.m.I.D.CanvasMainChange - cropped
2025-04-09 15:08:58 INFO  c.r.r.m.I.D.CanvasMainChange - cropped
2025-04-09 15:08:58 INFO  c.r.r.m.I.D.CanvasMainChange - cropped
2025-04-09 15:08:58 INFO  c.r.r.m.I.D.CanvasMainChange - cropped
2025-04-09 15:08:58 INFO  c.r.r.m.I.D.CanvasMainChange - cropped
2025-04-09 15:09:05 INFO  c.r.r.m.I.D.CanvasMainChange - cropped
2025-04-09 15:09:10 INFO  c.r.r.m.I.D.CanvasMainChange - cropped
2025-04-09 15:09:10 INFO  c.r.r.m.I.D.CanvasMainChange - cropped
2025-04-09 15:09:11 INFO  c.r.r.m.I.D.CanvasMainChange - cropped
2025-04-09 15:09:13 INFO  c.r.r.m.I.D.CanvasMainChange - cropped
2025-04-09 15:09:13 INFO  c.r.r.m.I.D.CanvasMainChange - cropped
2025-04-09 15:09:14 INFO  c.r.r.m.I.D.CanvasMainChange - cropped
2025-04-09 15:09:14 INFO  c.r.r.m.I.D.CanvasMainChange - cropped
2025-04-09 15:09:16 INFO  c.r.r.m.I.D.CanvasMainChange - cropped
2025-04-09 15:09:16 INFO  c.r.r.m.I.D.CanvasMainChange - cropped
2025-04-09 15:09:16 INFO  c.r.r.m.I.D.CanvasMainChange - cropped
2025-04-09 15:10:03 INFO  c.r.r.m.I.D.CanvasMainChange - cropped
2025-04-09 15:10:07 INFO  c.r.r.m.I.D.CanvasMainChange - cropped
2025-04-09 15:10:07 INFO  c.r.r.m.I.D.CanvasMainChange - cropped
2025-04-09 15:10:10 INFO  c.r.r.m.I.D.CanvasMainChange - cropped
2025-04-09 15:10:12 INFO  c.r.r.m.I.D.CanvasMainChange - cropped
2025-04-09 15:10:16 INFO  c.r.r.m.I.D.CanvasMainChange - cropped
2025-04-09 15:10:17 INFO  c.r.r.m.I.D.CanvasMainChange - cropped
2025-04-09 15:10:18 INFO  c.r.r.m.I.D.CanvasMainChange - cropped
2025-04-09 15:10:19 INFO  c.r.r.m.I.D.CanvasMainChange - cropped
2025-04-09 15:10:19 INFO  c.r.r.m.I.D.CanvasMainChange - cropped
2025-04-09 15:10:21 INFO  c.r.r.m.I.D.CanvasMainChange - cropped
2025-04-09 15:10:21 INFO  c.r.r.m.I.D.CanvasMainChange - cropped
2025-04-09 15:10:21 INFO  c.r.r.m.I.D.CanvasMainChange - cropped
2025-04-09 15:10:21 INFO  c.r.r.m.I.D.CanvasMainChange - cropped
2025-04-09 15:10:21 INFO  c.r.r.m.I.D.CanvasMainChange - cropped
2025-04-09 15:10:22 INFO  c.r.r.m.I.D.CanvasMainChange - cropped
2025-04-09 15:10:22 INFO  c.r.r.m.I.D.CanvasMainChange - cropped
2025-04-09 15:10:22 INFO  c.r.r.m.I.D.CanvasMainChange - cropped
2025-04-09 15:10:22 INFO  c.r.r.m.I.D.CanvasMainChange - cropped
2025-04-09 15:10:23 INFO  c.r.r.m.I.D.CanvasMainChange - cropped
2025-04-09 15:10:23 INFO  c.r.r.m.I.D.CanvasMainChange - cropped
2025-04-09 15:10:23 INFO  c.r.r.m.I.D.CanvasMainChange - cropped
2025-04-09 15:10:23 INFO  c.r.r.m.I.D.CanvasMainChange - cropped
2025-04-09 15:10:23 INFO  c.r.r.m.I.D.CanvasMainChange - cropped
2025-04-09 15:10:23 INFO  c.r.r.m.I.D.CanvasMainChange - cropped
2025-04-09 15:10:23 INFO  c.r.r.m.I.D.CanvasMainChange - cropped
2025-04-09 15:10:23 INFO  c.r.r.m.I.D.CanvasMainChange - cropped
2025-04-09 15:10:23 INFO  c.r.r.m.I.D.CanvasMainChange - cropped
2025-04-09 15:10:23 INFO  c.r.r.m.I.D.CanvasMainChange - cropped
2025-04-09 15:10:23 INFO  c.r.r.m.I.D.CanvasMainChange - cropped
2025-04-09 15:10:23 INFO  c.r.r.m.I.D.CanvasMainChange - cropped
2025-04-09 15:10:23 INFO  c.r.r.m.I.D.CanvasMainChange - cropped
2025-04-09 15:10:23 INFO  c.r.r.m.I.D.CanvasMainChange - cropped
2025-04-09 15:10:23 INFO  c.r.r.m.I.D.CanvasMainChange - cropped
2025-04-09 15:10:23 INFO  c.r.r.m.I.D.CanvasMainChange - cropped
2025-04-09 15:10:23 INFO  c.r.r.m.I.D.CanvasMainChange - cropped
2025-04-09 15:10:23 INFO  c.r.r.m.I.D.CanvasMainChange - cropped
2025-04-09 15:10:23 INFO  c.r.r.m.I.D.CanvasMainChange - cropped
2025-04-09 15:10:23 INFO  c.r.r.m.I.D.CanvasMainChange - cropped
2025-04-09 15:10:23 INFO  c.r.r.m.I.D.CanvasMainChange - cropped
2025-04-09 15:10:23 INFO  c.r.r.m.I.D.CanvasMainChange - cropped
2025-04-09 15:10:23 INFO  c.r.r.m.I.D.CanvasMainChange - cropped
2025-04-09 15:10:23 INFO  c.r.r.m.I.D.CanvasMainChange - cropped
2025-04-09 15:10:23 INFO  c.r.r.m.I.D.CanvasMainChange - cropped
2025-04-09 15:10:23 INFO  c.r.r.m.I.D.CanvasMainChange - cropped
2025-04-09 15:10:23 INFO  c.r.r.m.I.D.CanvasMainChange - cropped
2025-04-09 15:10:23 INFO  c.r.r.m.I.D.CanvasMainChange - cropped
2025-04-09 15:10:23 INFO  c.r.r.m.I.D.CanvasMainChange - cropped
2025-04-09 15:10:23 INFO  c.r.r.m.I.D.CanvasMainChange - cropped
2025-04-09 15:10:23 INFO  c.r.r.m.I.D.CanvasMainChange - cropped
2025-04-09 15:10:23 INFO  c.r.r.m.I.D.CanvasMainChange - cropped
2025-04-09 15:10:23 INFO  c.r.r.m.I.D.CanvasMainChange - cropped
2025-04-09 15:10:23 INFO  c.r.r.m.I.D.CanvasMainChange - cropped
2025-04-09 15:10:23 INFO  c.r.r.m.I.D.CanvasMainChange - cropped
2025-04-09 15:10:23 INFO  c.r.r.m.I.D.CanvasMainChange - cropped
2025-04-09 15:10:23 INFO  c.r.r.m.I.D.CanvasMainChange - cropped
2025-04-09 15:10:23 INFO  c.r.r.m.I.D.CanvasMainChange - cropped
2025-04-09 15:10:23 INFO  c.r.r.m.I.D.CanvasMainChange - cropped
2025-04-09 15:10:24 INFO  c.r.r.m.I.D.CanvasMainChange - cropped
2025-04-09 15:10:24 INFO  c.r.r.m.I.D.CanvasMainChange - cropped
2025-04-09 15:10:24 INFO  c.r.r.m.I.D.CanvasMainChange - cropped
2025-04-09 15:10:24 INFO  c.r.r.m.I.D.CanvasMainChange - cropped
2025-04-09 15:10:24 INFO  c.r.r.m.I.D.CanvasMainChange - cropped
2025-04-09 15:10:24 INFO  c.r.r.m.I.D.CanvasMainChange - cropped
2025-04-09 15:10:24 INFO  c.r.r.m.I.D.CanvasMainChange - cropped
2025-04-09 15:10:24 INFO  c.r.r.m.I.D.CanvasMainChange - cropped
2025-04-09 15:10:24 INFO  c.r.r.m.I.D.CanvasMainChange - cropped
2025-04-09 15:10:24 INFO  c.r.r.m.I.D.CanvasMainChange - cropped
2025-04-09 15:10:24 INFO  c.r.r.m.I.D.CanvasMainChange - cropped
2025-04-09 15:10:24 INFO  c.r.r.m.I.D.CanvasMainChange - cropped
2025-04-09 15:10:24 INFO  c.r.r.m.I.D.CanvasMainChange - cropped
2025-04-09 15:10:24 INFO  c.r.r.m.I.D.CanvasMainChange - cropped
2025-04-09 15:10:24 INFO  c.r.r.m.I.D.CanvasMainChange - cropped
2025-04-09 15:10:24 INFO  c.r.r.m.I.D.CanvasMainChange - cropped
2025-04-09 15:10:24 INFO  c.r.r.m.I.D.CanvasMainChange - cropped
2025-04-09 15:10:24 INFO  c.r.r.m.I.D.CanvasMainChange - cropped
2025-04-09 15:10:24 INFO  c.r.r.m.I.D.CanvasMainChange - cropped
2025-04-09 15:10:24 INFO  c.r.r.m.I.D.CanvasMainChange - cropped
2025-04-09 15:10:24 INFO  c.r.r.m.I.D.CanvasMainChange - cropped
2025-04-09 15:10:24 INFO  c.r.r.m.I.D.CanvasMainChange - cropped
2025-04-09 15:10:24 INFO  c.r.r.m.I.D.CanvasMainChange - cropped
2025-04-09 15:10:24 INFO  c.r.r.m.I.D.CanvasMainChange - cropped
2025-04-09 15:10:24 INFO  c.r.r.m.I.D.CanvasMainChange - cropped
2025-04-09 15:10:24 INFO  c.r.r.m.I.D.CanvasMainChange - cropped
2025-04-09 15:10:24 INFO  c.r.r.m.I.D.CanvasMainChange - cropped
2025-04-09 15:10:24 INFO  c.r.r.m.I.D.CanvasMainChange - cropped
2025-04-09 15:10:24 INFO  c.r.r.m.I.D.CanvasMainChange - cropped
2025-04-09 15:10:24 INFO  c.r.r.m.I.D.CanvasMainChange - cropped
2025-04-09 15:10:24 INFO  c.r.r.m.I.D.CanvasMainChange - cropped
2025-04-09 15:10:24 INFO  c.r.r.m.I.D.CanvasMainChange - cropped
2025-04-09 15:10:24 INFO  c.r.r.m.I.D.CanvasMainChange - cropped
2025-04-09 15:10:24 INFO  c.r.r.m.I.D.CanvasMainChange - cropped
2025-04-09 15:10:24 INFO  c.r.r.m.I.D.CanvasMainChange - cropped
2025-04-09 15:10:24 INFO  c.r.r.m.I.D.CanvasMainChange - cropped
2025-04-09 15:10:24 INFO  c.r.r.m.I.D.CanvasMainChange - cropped
2025-04-09 15:10:24 INFO  c.r.r.m.I.D.CanvasMainChange - cropped
2025-04-09 15:10:24 INFO  c.r.r.m.I.D.CanvasMainChange - cropped
2025-04-09 15:10:25 INFO  c.r.r.m.I.D.CanvasMainChange - cropped
2025-04-09 15:10:25 INFO  c.r.r.m.I.D.CanvasMainChange - cropped
2025-04-09 15:10:25 INFO  c.r.r.m.I.D.CanvasMainChange - cropped
2025-04-09 15:10:25 INFO  c.r.r.m.I.D.CanvasMainChange - cropped
2025-04-09 15:10:27 INFO  c.r.r.m.I.D.CanvasMainChange - cropped
2025-04-09 15:10:27 INFO  c.r.r.m.I.D.CanvasMainChange - cropped
2025-04-09 15:10:27 INFO  c.r.r.m.I.D.CanvasMainChange - cropped
2025-04-09 15:10:28 INFO  c.r.r.m.I.D.CanvasMainChange - cropped
2025-04-09 15:10:28 INFO  c.r.r.m.I.D.CanvasMainChange - cropped
2025-04-09 15:10:28 INFO  c.r.r.m.I.D.CanvasMainChange - cropped
2025-04-09 15:10:28 INFO  c.r.r.m.I.D.CanvasMainChange - cropped
2025-04-09 15:10:28 INFO  c.r.r.m.I.D.CanvasMainChange - cropped
2025-04-09 15:10:28 INFO  c.r.r.m.I.D.CanvasMainChange - cropped
2025-04-09 15:10:28 INFO  c.r.r.m.I.D.CanvasMainChange - cropped
2025-04-09 15:10:28 INFO  c.r.r.m.I.D.CanvasMainChange - cropped
2025-04-09 15:10:28 INFO  c.r.r.m.I.D.CanvasMainChange - cropped
2025-04-09 15:10:28 INFO  c.r.r.m.I.D.CanvasMainChange - cropped
2025-04-09 15:10:28 INFO  c.r.r.m.I.D.CanvasMainChange - cropped
2025-04-09 15:10:28 INFO  c.r.r.m.I.D.CanvasMainChange - cropped
2025-04-09 15:10:28 INFO  c.r.r.m.I.D.CanvasMainChange - cropped
2025-04-09 15:10:28 INFO  c.r.r.m.I.D.CanvasMainChange - cropped
2025-04-09 15:10:28 INFO  c.r.r.m.I.D.CanvasMainChange - cropped
2025-04-09 15:10:28 INFO  c.r.r.m.I.D.CanvasMainChange - cropped
2025-04-09 15:10:28 INFO  c.r.r.m.I.D.CanvasMainChange - cropped
2025-04-09 15:10:28 INFO  c.r.r.m.I.D.CanvasMainChange - cropped
2025-04-09 15:10:28 INFO  c.r.r.m.I.D.CanvasMainChange - cropped
2025-04-09 15:10:28 INFO  c.r.r.m.I.D.CanvasMainChange - cropped
2025-04-09 15:10:28 INFO  c.r.r.m.I.D.CanvasMainChange - cropped
2025-04-09 15:10:28 INFO  c.r.r.m.I.D.CanvasMainChange - cropped
2025-04-09 15:14:47 INFO  c.r.r.m.I.D.CanvasMainChange - cropped
2025-04-09 15:14:47 INFO  c.r.r.m.I.D.CanvasMainChange - cropped
2025-04-09 15:14:47 INFO  c.r.r.m.I.D.CanvasMainChange - cropped
2025-04-09 15:14:47 INFO  c.r.r.m.I.D.CanvasMainChange - cropped
2025-04-09 15:14:47 INFO  c.r.r.m.I.D.CanvasMainChange - cropped
2025-04-09 15:14:47 INFO  c.r.r.m.I.D.CanvasMainChange - cropped
2025-04-09 15:14:47 INFO  c.r.r.m.I.D.CanvasMainChange - cropped
2025-04-09 15:14:47 INFO  c.r.r.m.I.D.CanvasMainChange - cropped
2025-04-09 15:14:48 INFO  c.r.r.m.I.D.CanvasMainChange - cropped
2025-04-09 15:14:48 INFO  c.r.r.m.I.D.CanvasMainChange - cropped
2025-04-09 15:14:48 INFO  c.r.r.m.I.D.CanvasMainChange - cropped
2025-04-09 15:14:48 INFO  c.r.r.m.I.D.CanvasMainChange - cropped
2025-04-09 15:14:48 INFO  c.r.r.m.I.D.CanvasMainChange - cropped
2025-04-09 15:14:48 INFO  c.r.r.m.I.D.CanvasMainChange - cropped
2025-04-09 15:14:48 INFO  c.r.r.m.I.D.CanvasMainChange - cropped
2025-04-09 15:14:48 INFO  c.r.r.m.I.D.CanvasMainChange - cropped
2025-04-09 15:14:48 INFO  c.r.r.m.I.D.CanvasMainChange - cropped
2025-04-09 15:14:48 INFO  c.r.r.m.I.D.CanvasMainChange - cropped
2025-04-09 15:14:48 INFO  c.r.r.m.I.D.CanvasMainChange - cropped
2025-04-09 15:14:48 INFO  c.r.r.m.I.D.CanvasMainChange - cropped
2025-04-09 15:14:48 INFO  c.r.r.m.I.D.CanvasMainChange - cropped
2025-04-09 15:14:48 INFO  c.r.r.m.I.D.CanvasMainChange - cropped
2025-04-09 15:14:48 INFO  c.r.r.m.I.D.CanvasMainChange - cropped
2025-04-09 15:14:48 INFO  c.r.r.m.I.D.CanvasMainChange - cropped
2025-04-09 15:14:48 INFO  c.r.r.m.I.D.CanvasMainChange - cropped
2025-04-09 15:14:48 INFO  c.r.r.m.I.D.CanvasMainChange - cropped
2025-04-09 15:14:48 INFO  c.r.r.m.I.D.CanvasMainChange - cropped
2025-04-09 15:14:48 INFO  c.r.r.m.I.D.CanvasMainChange - cropped
2025-04-09 15:14:48 INFO  c.r.r.m.I.D.CanvasMainChange - cropped
2025-04-09 15:14:48 INFO  c.r.r.m.I.D.CanvasMainChange - cropped
2025-04-09 15:14:48 INFO  c.r.r.m.I.D.CanvasMainChange - cropped
2025-04-09 15:14:48 INFO  c.r.r.m.I.D.CanvasMainChange - cropped
2025-04-09 15:14:48 INFO  c.r.r.m.I.D.CanvasMainChange - cropped
2025-04-09 15:14:48 INFO  c.r.r.m.I.D.CanvasMainChange - cropped
2025-04-09 15:14:48 INFO  c.r.r.m.I.D.CanvasMainChange - cropped
2025-04-09 15:14:48 INFO  c.r.r.m.I.D.CanvasMainChange - cropped
2025-04-09 15:14:48 INFO  c.r.r.m.I.D.CanvasMainChange - cropped
2025-04-09 15:14:48 INFO  c.r.r.m.I.D.CanvasMainChange - cropped
2025-04-09 15:14:48 INFO  c.r.r.m.I.D.CanvasMainChange - cropped
2025-04-09 15:14:48 INFO  c.r.r.m.I.D.CanvasMainChange - cropped
2025-04-09 15:14:48 INFO  c.r.r.m.I.D.CanvasMainChange - cropped
2025-04-09 15:14:48 INFO  c.r.r.m.I.D.CanvasMainChange - cropped
2025-04-09 15:14:48 INFO  c.r.r.m.I.D.CanvasMainChange - cropped
2025-04-09 15:14:48 INFO  c.r.r.m.I.D.CanvasMainChange - cropped
2025-04-09 15:14:48 INFO  c.r.r.m.I.D.CanvasMainChange - cropped
2025-04-09 15:14:48 INFO  c.r.r.m.I.D.CanvasMainChange - cropped
2025-04-09 15:14:48 INFO  c.r.r.m.I.D.CanvasMainChange - cropped
2025-04-09 15:14:49 INFO  c.r.r.m.I.D.CanvasMainChange - cropped
2025-04-09 15:14:49 INFO  c.r.r.m.I.D.CanvasMainChange - cropped
2025-04-09 15:14:49 INFO  c.r.r.m.I.D.CanvasMainChange - cropped
2025-04-09 15:14:49 INFO  c.r.r.m.I.D.CanvasMainChange - cropped
2025-04-09 15:14:49 INFO  c.r.r.m.I.D.CanvasMainChange - cropped
2025-04-09 15:14:49 INFO  c.r.r.m.I.D.CanvasMainChange - cropped
2025-04-09 15:14:49 INFO  c.r.r.m.I.D.CanvasMainChange - cropped
2025-04-09 15:14:49 INFO  c.r.r.m.I.D.CanvasMainChange - cropped
2025-04-09 15:14:49 INFO  c.r.r.m.I.D.CanvasMainChange - cropped
2025-04-09 15:14:49 INFO  c.r.r.m.I.D.CanvasMainChange - cropped
2025-04-09 15:14:49 INFO  c.r.r.m.I.D.CanvasMainChange - cropped
2025-04-09 15:14:49 INFO  c.r.r.m.I.D.CanvasMainChange - cropped
2025-04-09 15:14:49 INFO  c.r.r.m.I.D.CanvasMainChange - cropped
2025-04-09 15:14:49 INFO  c.r.r.m.I.D.CanvasMainChange - cropped
2025-04-09 15:14:49 INFO  c.r.r.m.I.D.CanvasMainChange - cropped
2025-04-09 15:14:49 INFO  c.r.r.m.I.D.CanvasMainChange - cropped
2025-04-09 15:14:49 INFO  c.r.r.m.I.D.CanvasMainChange - cropped
2025-04-09 15:14:49 INFO  c.r.r.m.I.D.CanvasMainChange - cropped
2025-04-09 15:14:49 INFO  c.r.r.m.I.D.CanvasMainChange - cropped
2025-04-09 15:14:49 INFO  c.r.r.m.I.D.CanvasMainChange - cropped
2025-04-09 15:14:49 INFO  c.r.r.m.I.D.CanvasMainChange - cropped
2025-04-09 15:14:49 INFO  c.r.r.m.I.D.CanvasMainChange - cropped
2025-04-09 15:14:49 INFO  c.r.r.m.I.D.CanvasMainChange - cropped
2025-04-09 15:14:49 INFO  c.r.r.m.I.D.CanvasMainChange - cropped
2025-04-09 15:14:49 INFO  c.r.r.m.I.D.CanvasMainChange - cropped
2025-04-09 15:14:49 INFO  c.r.r.m.I.D.CanvasMainChange - cropped
2025-04-09 15:14:49 INFO  c.r.r.m.I.D.CanvasMainChange - cropped
2025-04-09 15:14:49 INFO  c.r.r.m.I.D.CanvasMainChange - cropped
2025-04-09 15:14:49 INFO  c.r.r.m.I.D.CanvasMainChange - cropped
2025-04-09 15:14:49 INFO  c.r.r.m.I.D.CanvasMainChange - cropped
2025-04-09 15:14:49 INFO  c.r.r.m.I.D.CanvasMainChange - cropped
2025-04-09 15:14:49 INFO  c.r.r.m.I.D.CanvasMainChange - cropped
2025-04-09 15:14:49 INFO  c.r.r.m.I.D.CanvasMainChange - cropped
2025-04-09 15:14:49 INFO  c.r.r.m.I.D.CanvasMainChange - cropped
2025-04-09 15:14:49 INFO  c.r.r.m.I.D.CanvasMainChange - cropped
2025-04-09 15:14:49 INFO  c.r.r.m.I.D.CanvasMainChange - cropped
2025-04-09 15:14:49 INFO  c.r.r.m.I.D.CanvasMainChange - cropped
2025-04-09 15:14:49 INFO  c.r.r.m.I.D.CanvasMainChange - cropped
2025-04-09 15:14:49 INFO  c.r.r.m.I.D.CanvasMainChange - cropped
2025-04-09 15:14:49 INFO  c.r.r.m.I.D.CanvasMainChange - cropped
2025-04-09 15:14:50 INFO  c.r.r.m.I.D.CanvasMainChange - cropped
2025-04-09 15:14:50 INFO  c.r.r.m.I.D.CanvasMainChange - cropped
2025-04-09 15:14:50 INFO  c.r.r.m.I.D.CanvasMainChange - cropped
2025-04-09 15:14:50 INFO  c.r.r.m.I.D.CanvasMainChange - cropped
2025-04-09 15:14:50 INFO  c.r.r.m.I.D.CanvasMainChange - cropped
2025-04-09 15:14:50 INFO  c.r.r.m.I.D.CanvasMainChange - cropped
2025-04-09 15:14:50 INFO  c.r.r.m.I.D.CanvasMainChange - cropped
