2025-04-09 10:58:59 INFO  c.r.rxviewui.controller.LoginPage - logged In
2025-04-09 10:58:59 INFO  c.r.r.service.login.LoginController - ip mismatched 192.168.31.178 and 192.168.12.10
2025-04-09 10:58:59 INFO  c.r.r.service.login.LoginController - IP not found
2025-04-09 10:58:59 INFO  c.r.r.service.login.LoginController - initialized
2025-04-09 10:59:03 INFO  c.r.r.service.login.LoginController - No devices found!!!
2025-04-09 10:59:03 INFO  c.r.r.service.study.StudyService - Image received
2025-04-09 10:59:04 INFO  c.r.r.service.study.StudyService - 838 : 1024 
2025-04-09 10:59:04 INFO  c.r.r.service.study.StudyService - Mat is not empty
2025-04-09 10:59:04 INFO  c.r.r.service.study.StudyService - 838 : 1024 
2025-04-09 10:59:04 INFO  c.r.r.service.study.StudyService - 838 : 1024 
2025-04-09 10:59:05 INFO  c.r.r.service.study.StudyService - 838 : 1024 
2025-04-09 10:59:05 INFO  c.r.r.m.I.D.MainDrawTool - ImagingParams is null
2025-04-09 10:59:08 INFO  c.r.r.s.study.StudyMainController - saving for export...
2025-04-09 10:59:08 INFO  c.r.r.service.study.StudyService - 838 : 1024 
2025-04-09 10:59:08 INFO  c.r.rxviewui.controller.ExportWindow - initialized
2025-04-09 10:59:08 INFO  c.r.r.service.study.StudyService - 838 : 1024 
2025-04-09 10:59:08 INFO  c.r.r.service.study.StudyService - 838 : 1024 
2025-04-09 10:59:19 INFO  c.r.r.service.study.StudyService - 838 : 1024 
2025-04-09 10:59:19 INFO  c.r.r.service.study.StudyService - 2497 : 3052 
2025-04-09 10:59:19 INFO  c.r.rxviewui.controller.ExportStudy - before last redraw
2025-04-09 10:59:19 INFO  c.r.rxviewui.controller.ExportStudy - after last redraw
