2025-04-09 12:02:33 INFO  c.r.rxviewui.controller.LoginPage - logged In
2025-04-09 12:02:33 INFO  c.r.r.service.login.LoginController - ip mismatched 192.168.31.178 and 192.168.12.10
2025-04-09 12:02:33 INFO  c.r.r.service.login.LoginController - IP not found
2025-04-09 12:02:33 INFO  c.r.r.service.login.LoginController - initialized
2025-04-09 12:02:37 INFO  c.r.r.service.login.LoginController - No devices found!!!
2025-04-09 12:02:38 INFO  c.r.r.service.study.StudyService - Image received
2025-04-09 12:02:40 INFO  c.r.r.service.study.StudyService - Mat is not empty
2025-04-09 12:02:40 INFO  c.r.r.m.I.D.MainDrawTool - ImagingParams is null
2025-04-09 12:02:45 INFO  c.r.r.s.study.StudyMainController - saving for export...
2025-04-09 12:02:45 INFO  c.r.rxviewui.controller.ExportWindow - initialized
2025-04-09 12:02:53 INFO  c.r.r.m.I.D.CanvasMainChange - Canvas cropRect : {0, 0, 838x1024}
2025-04-09 12:02:53 INFO  c.r.r.m.I.D.CanvasMainChange - Canvas cropRect : {0, 0, 838x1024}
2025-04-09 12:03:23 INFO  c.r.r.s.study.StudyMainController - Saving for Pacs...
2025-04-09 12:03:23 INFO  c.r.r.modules.dicom.DicomService - Status : Uploading Begins
2025-04-09 12:03:23 INFO  c.r.r.modules.dicom.DicomService - Creating DICOM File/s...
2025-04-09 12:03:23 INFO  c.r.r.modules.dicom.DicomService - needsAnnotations needsStudyInformation 
2025-04-09 12:03:23 INFO  c.r.r.m.I.D.CanvasMainChange - Canvas cropRect : {0, 0, 838x1024}
2025-04-09 12:03:23 INFO  c.r.r.m.I.D.CanvasMainChange - Canvas cropRect : {0, 0, 838x1024}
2025-04-09 12:03:23 INFO  c.r.r.m.I.D.CanvasMainChange - Canvas cropRect : {0, 0, 838x1024}
2025-04-09 12:03:24 INFO  c.r.r.modules.dicom.DicomService - path exits
2025-04-09 12:03:24 INFO  c.r.r.modules.dicom.DicomService - D:\Work\RxView_Java\RxView\39_RxView_StudyCropFix/dcmOutput/11.dcm
2025-04-09 12:03:24 INFO  c.r.r.modules.dicom.DicomService - Uploading to server...
2025-04-09 12:03:24 INFO  c.r.r.modules.dicom.DicomCStore - 
Initiating C-STORE operation...
2025-04-09 12:03:25 INFO  c.r.r.modules.dicom.DicomService - Upload completed successfully!
2025-04-09 12:04:23 INFO  c.r.r.s.study.StudyMainController - saving for export...
2025-04-09 12:04:24 INFO  c.r.rxviewui.controller.ExportWindow - initialized
2025-04-09 12:04:53 INFO  c.r.r.m.I.D.CanvasMainChange - Canvas cropRect : {0, 0, 838x1024}
2025-04-09 12:04:53 INFO  c.r.r.m.I.D.CanvasMainChange - Canvas cropRect : {0, 0, 838x1024}
2025-04-09 12:04:53 INFO  c.r.r.m.I.D.CanvasMainChange - Canvas cropRect : {0, 0, 838x1024}
2025-04-09 12:04:53 INFO  c.r.rxviewui.controller.ExportWindow - inside createDicomFile
2025-04-09 12:04:53 INFO  c.r.rxviewui.controller.ExportWindow - images ready
2025-04-09 12:04:53 INFO  c.r.rxviewui.controller.ExportWindow - meta data is ready
2025-04-09 12:04:53 INFO  c.r.rxviewui.controller.ExportWindow - dicom file ready
2025-04-09 12:04:54 INFO  c.r.rxviewui.controller.ExportWindow - inside createDicomFile
2025-04-09 12:04:54 INFO  c.r.rxviewui.controller.ExportWindow - images ready
2025-04-09 12:04:54 INFO  c.r.rxviewui.controller.ExportWindow - meta data is ready
2025-04-09 12:04:54 INFO  c.r.rxviewui.controller.ExportWindow - dicom file ready
2025-04-09 12:09:12 INFO  c.r.r.s.study.StudyMainController - saving for export...
2025-04-09 12:09:13 INFO  c.r.rxviewui.controller.ExportWindow - initialized
2025-04-09 12:09:21 INFO  c.r.r.m.I.D.CanvasMainChange - Canvas cropRect : {0, 0, 838x1024}
2025-04-09 12:09:21 INFO  c.r.r.m.I.D.CanvasMainChange - Canvas cropRect : {0, 0, 838x1024}
