2025-05-20 17:12:28 INFO  c.r.rxviewui.controller.LoginPage - logged In
2025-05-20 17:12:29 INFO  c.r.r.service.login.LoginController - ip mismatched 192.168.126.140 and 192.168.12.10
2025-05-20 17:12:29 INFO  c.r.r.service.login.LoginController - IP not found
2025-05-20 17:12:29 INFO  c.r.r.service.login.LoginController - initialized
2025-05-20 17:12:32 INFO  c.r.r.service.login.LoginController - No devices found!!!
2025-05-20 17:12:39 INFO  c.r.r.m.print.Layout.LayoutCreator - Creating layout with code: STANDARD\1,1 2048.0 2560.0
2025-05-20 17:12:41 INFO  c.r.r.m.print.Layout.LayoutCreator - Creating layout with code: STANDARD\1,1 2048.0 2560.0
2025-05-20 17:12:42 INFO  c.r.r.m.print.Layout.LayoutCreator - Creating layout with code: STANDARD\1,1 2048.0 2560.0
2025-05-20 17:12:43 INFO  c.r.r.m.print.Layout.LayoutCreator - Creating layout with code: STANDARD\1,1 2048.0 2560.0
2025-05-20 17:12:47 INFO  c.r.r.m.print.Layout.LayoutCreator - Creating layout with code: STANDARD\1,1 2048.0 2560.0
2025-05-20 17:12:50 INFO  c.r.r.m.print.Layout.LayoutCreator - Creating layout with code: STANDARD\1,1 2048.0 2560.0
2025-05-20 17:12:57 INFO  c.r.r.service.print.PrintService - Type or Depth Issue : CV_16UC4 : CV_8UC4
2025-05-20 17:12:58 INFO  c.r.r.service.print.PrintService - Type or Depth Issue : CV_16UC4 : CV_8UC4
2025-05-20 17:12:58 INFO  c.r.r.service.print.PrintService - Type or Depth Issue : CV_16UC4 : CV_8UC4
2025-05-20 17:12:58 INFO  c.r.r.m.print.Layout.LayoutCreator - Creating layout with code: STANDARD\1,1 2048.0 2560.0
2025-05-20 17:13:00 INFO  c.r.r.m.print.Layout.LayoutCreator - Creating layout with code: STANDARD\1,1 2048.0 2560.0
2025-05-20 17:13:03 INFO  c.r.r.service.print.PrintService - Type or Depth Issue For AnnotationsMat : CV_16UC4 : CV_8UC4
2025-05-20 17:13:03 INFO  c.r.r.service.print.PrintService - outputMat type : CV_16UC4
2025-05-20 17:13:03 INFO  c.r.r.service.print.PrintService - outputMat type: CV_16UC3
2025-05-20 17:13:04 INFO  c.r.r.service.print.PrintService - changed outputMat type: CV_16UC1
2025-05-20 17:13:04 INFO  c.r.r.service.print.PrintService - path exits
2025-05-20 17:13:04 INFO  c.r.r.service.print.PrintService - D:\Work\RxView_Java\RxView\43_RxView_Study_Restructure/dcmOutput/111.dcm
2025-05-20 17:13:04 INFO  c.r.r.m.print.Layout.LayoutCreator - Creating layout with code: STANDARD\1,1 2048.0 2560.0
2025-05-20 17:13:06 INFO  c.r.r.m.print.Layout.LayoutCreator - Creating layout with code: STANDARD\1,1 2048.0 2560.0
2025-05-20 17:13:09 INFO  c.r.r.service.print.PrintService - Type or Depth Issue For AnnotationsMat : CV_16UC4 : CV_8UC4
2025-05-20 17:13:09 INFO  c.r.r.service.print.PrintService - outputMat type : CV_16UC4
2025-05-20 17:13:09 INFO  c.r.r.service.print.PrintService - outputMat type: CV_16UC3
2025-05-20 17:13:09 INFO  c.r.r.service.print.PrintService - changed outputMat type: CV_16UC1
2025-05-20 17:13:09 INFO  c.r.r.service.print.PrintService - path exits
2025-05-20 17:13:09 INFO  c.r.r.service.print.PrintService - D:\Work\RxView_Java\RxView\43_RxView_Study_Restructure/dcmOutput/211.dcm
2025-05-20 17:13:09 INFO  c.r.r.m.print.Layout.LayoutCreator - Creating layout with code: STANDARD\1,1 2048.0 2560.0
2025-05-20 17:13:12 INFO  c.r.r.m.print.Layout.LayoutCreator - Creating layout with code: STANDARD\1,1 2048.0 2560.0
2025-05-20 17:13:15 INFO  c.r.r.service.print.PrintService - Type or Depth Issue For AnnotationsMat : CV_16UC4 : CV_8UC4
2025-05-20 17:13:15 INFO  c.r.r.service.print.PrintService - outputMat type : CV_16UC4
2025-05-20 17:13:15 INFO  c.r.r.service.print.PrintService - outputMat type: CV_16UC3
2025-05-20 17:13:15 INFO  c.r.r.service.print.PrintService - changed outputMat type: CV_16UC1
2025-05-20 17:13:15 INFO  c.r.r.service.print.PrintService - path exits
2025-05-20 17:13:15 INFO  c.r.r.service.print.PrintService - D:\Work\RxView_Java\RxView\43_RxView_Study_Restructure/dcmOutput/311.dcm
2025-05-20 17:13:15 INFO  c.r.r.m.print.Layout.LayoutCreator - Creating layout with code: STANDARD\1,1 2048.0 2560.0
2025-05-20 17:13:18 INFO  c.r.r.m.print.Layout.LayoutCreator - Creating layout with code: STANDARD\1,1 2048.0 2560.0
2025-05-20 17:13:24 INFO  c.r.r.m.print.Layout.LayoutCreator - Creating layout with code: STANDARD\1,1 2048.0 2560.0
2025-05-20 17:13:46 INFO  c.r.r.m.print.Layout.LayoutCreator - Creating layout with code: STANDARD\1,1 2048.0 2560.0
2025-05-20 17:13:48 INFO  c.r.r.m.print.Layout.LayoutCreator - Creating layout with code: STANDARD\1,1 2048.0 2560.0
2025-05-20 17:13:51 INFO  c.r.r.m.print.Layout.LayoutCreator - Creating layout with code: STANDARD\1,1 2048.0 2560.0
2025-05-20 17:14:03 INFO  c.r.r.m.print.Layout.LayoutCreator - Creating layout with code: STANDARD\1,1 2048.0 2560.0
2025-05-20 17:14:07 INFO  c.r.r.m.print.Layout.LayoutCreator - Creating layout with code: STANDARD\1,1 2048.0 2560.0
