2025-03-25 15:57:51 INFO  c.r.rxviewui.controller.LoginPage - logged In
2025-03-25 15:57:52 INFO  c.r.r.service.login.LoginController - ip mismatched 192.168.31.178 and 192.168.12.10
2025-03-25 15:57:52 INFO  c.r.r.service.login.LoginController - IP not found
2025-03-25 15:57:52 INFO  c.r.r.service.login.LoginController - initialized
2025-03-25 15:57:55 INFO  c.r.r.service.login.LoginController - No devices found!!!
2025-03-25 15:58:14 INFO  c.r.r.service.study.StudyService - Image received
2025-03-25 15:58:15 INFO  c.r.r.service.study.StudyService - 838.0 1024.0
2025-03-25 15:58:15 INFO  c.r.r.service.study.StudyService - Mat is not empty
2025-03-25 15:58:16 INFO  c.r.r.m.I.D.MainDrawTool - ImagingParams is null
2025-03-25 15:58:36 INFO  c.r.r.m.I.D.MainDrawTool - ImagingParams is null
2025-03-25 15:58:44 INFO  c.r.r.service.study.StudyService - Image received
2025-03-25 15:58:45 INFO  c.r.r.service.study.StudyService - 838.0 1024.0
2025-03-25 15:58:45 INFO  c.r.r.service.study.StudyService - Mat is not empty
2025-03-25 15:58:46 INFO  c.r.r.m.I.D.MainDrawTool - ImagingParams is null
2025-03-25 15:59:29 INFO  c.r.r.s.study.StudyMainController - saving for export...
2025-03-25 15:59:29 INFO  c.r.rxviewui.controller.ExportWindow - initialized
2025-03-25 15:59:40 INFO  c.r.r.s.study.StudyMainController - Saving for Pacs...
2025-03-25 15:59:40 INFO  c.r.r.modules.dicom.DicomService - Status : Uploading Begins
2025-03-25 15:59:40 INFO  c.r.r.modules.dicom.DicomService - Creating DICOM File/s...
2025-03-25 15:59:40 INFO  c.r.r.modules.dicom.DicomService - path exits
2025-03-25 15:59:40 INFO  c.r.r.modules.dicom.DicomService - D:\Work\RxView_Java\RxView\31_RxView_Study_Projections_Edit/dcmOutput/11.dcm
2025-03-25 15:59:41 INFO  c.r.r.modules.dicom.DicomService - path exits
2025-03-25 15:59:41 INFO  c.r.r.modules.dicom.DicomService - D:\Work\RxView_Java\RxView\31_RxView_Study_Projections_Edit/dcmOutput/21.dcm
2025-03-25 15:59:41 INFO  c.r.r.modules.dicom.DicomService - Uploading to server...
2025-03-25 15:59:41 INFO  c.r.r.modules.dicom.DicomCStore - 
Initiating C-STORE operation...
2025-03-25 15:59:42 INFO  c.r.r.modules.dicom.DicomService - Upload completed successfully!
2025-03-25 16:01:30 INFO  c.r.r.s.study.StudyMainController - saving for export...
2025-03-25 16:01:30 INFO  c.r.rxviewui.controller.ExportWindow - initialized
2025-03-25 16:23:10 INFO  c.r.r.service.study.StudyService - Image received
2025-03-25 16:23:11 INFO  c.r.r.service.study.StudyService - 838.0 1024.0
2025-03-25 16:23:11 INFO  c.r.r.service.study.StudyService - Mat is not empty
2025-03-25 16:23:11 INFO  c.r.r.m.I.D.MainDrawTool - ImagingParams is null
