2025-04-16 13:22:09 INFO  c.r.rxviewui.controller.LoginPage - logged In
2025-04-16 13:22:09 INFO  c.r.r.service.login.LoginController - ip mismatched 192.168.24.139 and 192.168.12.10
2025-04-16 13:22:09 INFO  c.r.r.service.login.LoginController - IP not found
2025-04-16 13:22:10 INFO  c.r.r.service.login.LoginController - initialized
2025-04-16 13:22:13 INFO  c.r.r.service.login.LoginController - No devices found!!!
2025-04-16 13:22:13 INFO  c.r.r.service.study.StudyService - Image received
2025-04-16 13:22:14 INFO  c.r.r.service.study.StudyService - Mat is not empty
2025-04-16 13:22:15 INFO  c.r.r.m.I.D.MainDrawTool - ImagingParams is null
2025-04-16 13:22:25 INFO  c.r.r.m.p.i.d.PrintMainDrawTool - drawingCanvasMousePressed
2025-04-16 13:22:25 INFO  c.r.r.m.p.i.d.PrintMainDrawTool - Pan true
2025-04-16 13:22:26 INFO  c.r.r.m.p.i.d.PrintMainDrawTool - drawingCanvasMousePressed
2025-04-16 13:22:26 INFO  c.r.r.m.p.i.d.PrintMainDrawTool - Pan false
2025-04-16 13:22:27 INFO  c.r.r.m.p.i.d.PrintMainDrawTool - drawingCanvasMousePressed
2025-04-16 13:22:27 INFO  c.r.r.m.p.i.d.PrintMainDrawTool - Pan true
2025-04-16 13:22:28 INFO  c.r.r.m.p.i.d.PrintMainDrawTool - drawingCanvasMousePressed
2025-04-16 13:22:28 INFO  c.r.r.m.p.i.d.PrintMainDrawTool - Pan false
2025-04-16 13:22:29 INFO  c.r.r.m.p.i.d.PrintMainDrawTool - drawingCanvasMousePressed
2025-04-16 13:22:29 INFO  c.r.r.m.p.i.d.PrintMainDrawTool - Pan true
2025-04-16 13:22:49 INFO  c.r.r.m.p.i.d.PrintMainDrawTool - drawingCanvasMousePressed
2025-04-16 13:22:49 INFO  c.r.r.m.p.i.d.PrintMainDrawTool - Pan false
2025-04-16 13:22:49 INFO  c.r.r.m.p.i.d.PrintMainDrawTool - drawingCanvasMousePressed
2025-04-16 13:22:49 INFO  c.r.r.m.p.i.d.PrintMainDrawTool - Pan true
2025-04-16 13:22:53 INFO  c.r.r.m.p.i.d.PrintMainDrawTool - drawingCanvasMousePressed
2025-04-16 13:22:53 INFO  c.r.r.m.p.i.d.PrintMainDrawTool - Pan false
2025-04-16 13:26:10 INFO  c.r.r.m.p.i.d.PrintMainDrawTool - drawingCanvasMousePressed
2025-04-16 13:26:10 INFO  c.r.r.m.p.i.d.PrintMainDrawTool - Pan true
2025-04-16 13:26:11 INFO  c.r.r.m.p.i.d.PrintMainDrawTool - drawingCanvasMousePressed
2025-04-16 13:26:11 INFO  c.r.r.m.p.i.d.PrintMainDrawTool - Pan false
