2025-04-16 15:28:35 INFO  c.r.rxviewui.controller.LoginPage - logged In
2025-04-16 15:28:35 INFO  c.r.r.service.login.LoginController - ip mismatched 192.168.24.139 and 192.168.12.10
2025-04-16 15:28:35 INFO  c.r.r.service.login.LoginController - IP not found
2025-04-16 15:28:36 INFO  c.r.r.service.login.LoginController - initialized
2025-04-16 15:28:39 INFO  c.r.r.service.login.LoginController - No devices found!!!
2025-04-16 15:28:44 INFO  c.r.r.service.study.StudyService - Image received
2025-04-16 15:28:46 INFO  c.r.r.service.study.StudyService - Mat is not empty
2025-04-16 15:28:47 INFO  c.r.r.m.I.D.MainDrawTool - ImagingParams is null
2025-04-16 15:28:54 INFO  c.r.r.m.p.i.d.PrintMainDrawTool - drawingCanvasMousePressed pressed startSceneX : 0.0 , startSceneY : 0.0
2025-04-16 15:28:54 INFO  c.r.r.m.p.i.d.PrintMainDrawTool - dragged startSceneX : 668.0 , startSceneY : 334.0
2025-04-16 15:28:54 INFO  c.r.r.m.p.i.d.PrintMainDrawTool - dragged startSceneX : 668.0 , startSceneY : 336.0
2025-04-16 15:28:54 INFO  c.r.r.m.p.i.d.PrintMainDrawTool - dragged startSceneX : 668.0 , startSceneY : 339.0
2025-04-16 15:28:54 INFO  c.r.r.m.p.i.d.PrintMainDrawTool - dragged startSceneX : 668.0 , startSceneY : 341.0
2025-04-16 15:28:54 INFO  c.r.r.m.p.i.d.PrintMainDrawTool - dragged startSceneX : 668.0 , startSceneY : 344.0
2025-04-16 15:28:54 INFO  c.r.r.m.p.i.d.PrintMainDrawTool - dragged startSceneX : 671.0 , startSceneY : 347.0
2025-04-16 15:28:54 INFO  c.r.r.m.p.i.d.PrintMainDrawTool - dragged startSceneX : 674.0 , startSceneY : 350.0
2025-04-16 15:28:54 INFO  c.r.r.m.p.i.d.PrintMainDrawTool - dragged startSceneX : 677.0 , startSceneY : 353.0
2025-04-16 15:28:54 INFO  c.r.r.m.p.i.d.PrintMainDrawTool - dragged startSceneX : 680.0 , startSceneY : 355.0
2025-04-16 15:28:54 INFO  c.r.r.m.p.i.d.PrintMainDrawTool - dragged startSceneX : 683.0 , startSceneY : 357.0
2025-04-16 15:28:54 INFO  c.r.r.m.p.i.d.PrintMainDrawTool - dragged startSceneX : 685.0 , startSceneY : 358.0
2025-04-16 15:28:54 INFO  c.r.r.m.p.i.d.PrintMainDrawTool - dragged startSceneX : 688.0 , startSceneY : 360.0
2025-04-16 15:28:54 INFO  c.r.r.m.p.i.d.PrintMainDrawTool - dragged startSceneX : 691.0 , startSceneY : 361.0
2025-04-16 15:28:54 INFO  c.r.r.m.p.i.d.PrintMainDrawTool - dragged startSceneX : 694.0 , startSceneY : 362.0
