2025-04-16 13:14:29 INFO  c.r.rxviewui.controller.LoginPage - logged In
2025-04-16 13:14:29 INFO  c.r.r.service.login.LoginController - ip mismatched 192.168.24.139 and 192.168.12.10
2025-04-16 13:14:29 INFO  c.r.r.service.login.LoginController - IP not found
2025-04-16 13:14:29 INFO  c.r.r.service.login.LoginController - initialized
2025-04-16 13:14:33 INFO  c.r.r.service.login.LoginController - No devices found!!!
2025-04-16 13:14:46 INFO  c.r.r.service.study.StudyService - Image received
2025-04-16 13:14:47 INFO  c.r.r.service.study.StudyService - Mat is not empty
2025-04-16 13:14:48 INFO  c.r.r.m.I.D.MainDrawTool - ImagingParams is null
2025-04-16 13:15:10 INFO  c.r.r.m.p.i.d.PrintMainDrawTool - drawingCanvasMousePressed
2025-04-16 13:15:10 INFO  c.r.r.m.p.i.d.PrintMainDrawTool - Pan true
2025-04-16 13:15:15 INFO  c.r.r.m.p.i.d.PrintMainDrawTool - drawingCanvasMousePressed
2025-04-16 13:15:15 INFO  c.r.r.m.p.i.d.PrintMainDrawTool - Pan false
2025-04-16 13:15:16 INFO  c.r.r.m.p.i.d.PrintMainDrawTool - drawingCanvasMousePressed
2025-04-16 13:15:16 INFO  c.r.r.m.p.i.d.PrintMainDrawTool - Pan true
2025-04-16 13:15:17 INFO  c.r.r.m.p.i.d.PrintMainDrawTool - drawingCanvasMousePressed
2025-04-16 13:15:17 INFO  c.r.r.m.p.i.d.PrintMainDrawTool - Pan false
2025-04-16 13:15:19 INFO  c.r.r.m.p.i.d.PrintMainDrawTool - drawingCanvasMousePressed
2025-04-16 13:15:19 INFO  c.r.r.m.p.i.d.PrintMainDrawTool - Pan true
2025-04-16 13:16:53 INFO  c.r.r.m.p.i.d.PrintMainDrawTool - drawingCanvasMousePressed
2025-04-16 13:16:53 INFO  c.r.r.m.p.i.d.PrintMainDrawTool - Pan false
