2025-04-14 16:36:28 INFO  c.r.rxviewui.controller.LoginPage - logged In
2025-04-14 16:36:28 INFO  c.r.r.service.login.LoginController - ip mismatched 192.168.24.139 and 192.168.12.10
2025-04-14 16:36:28 INFO  c.r.r.service.login.LoginController - IP not found
2025-04-14 16:36:29 INFO  c.r.r.service.login.LoginController - initialized
2025-04-14 16:36:32 INFO  c.r.r.service.login.LoginController - No devices found!!!
2025-04-14 16:36:36 INFO  c.r.r.service.study.StudyService - Image received
2025-04-14 16:36:37 INFO  c.r.r.service.study.StudyService - Mat is not empty
2025-04-14 16:36:38 INFO  c.r.r.m.I.D.CanvasMainChange - redraw crop rect {0, 0, 1024x838}
2025-04-14 16:36:38 INFO  c.r.r.m.I.D.CanvasMainChange - redraw crop rect {0, 0, 1024x838}
2025-04-14 16:36:38 INFO  c.r.r.m.I.D.CanvasMainChange - redraw crop rect {0, 0, 1024x838}
2025-04-14 16:36:38 INFO  c.r.r.m.I.D.CanvasMainChange - redraw crop rect {0, 0, 1024x838}
2025-04-14 16:36:38 INFO  c.r.r.m.I.D.CanvasMainChange - redraw crop rect {0, 0, 1024x838}
2025-04-14 16:36:38 INFO  c.r.r.m.I.D.MainDrawTool - ImagingParams is null
2025-04-14 16:36:39 INFO  c.r.r.m.I.D.CanvasMainChange - redraw crop rect {0, 0, 1024x838}
2025-04-14 16:36:47 INFO  c.r.r.m.I.D.CanvasMainChange - redraw crop rect {0, 0, 1024x838}
2025-04-14 16:36:48 INFO  c.r.r.m.I.D.CanvasMainChange - redraw crop rect {0, 0, 1024x838}
2025-04-14 16:36:48 INFO  c.r.r.m.I.D.CanvasMainChange - redraw crop rect {0, 0, 1024x838}
2025-04-14 16:36:48 INFO  c.r.r.m.I.D.CanvasMainChange - redraw crop rect {0, 0, 1024x838}
2025-04-14 16:36:48 INFO  c.r.r.m.I.D.CanvasMainChange - redraw crop rect {0, 0, 1024x838}
2025-04-14 16:36:51 INFO  c.r.r.m.I.D.CanvasMainChange - redraw crop rect {0, 0, 1024x838}
2025-04-14 16:36:52 INFO  c.r.r.service.study.StudyService - Image received
2025-04-14 16:36:53 INFO  c.r.r.service.study.StudyService - Image received
2025-04-14 16:36:54 INFO  c.r.r.service.study.StudyService - Mat is not empty
2025-04-14 16:36:54 INFO  c.r.r.m.I.D.CanvasMainChange - redraw crop rect {0, 0, 1024x838}
2025-04-14 16:36:54 INFO  c.r.r.m.I.D.CanvasMainChange - redraw crop rect {0, 0, 1024x838}
2025-04-14 16:36:54 INFO  c.r.r.service.study.StudyService - Mat is not empty
2025-04-14 16:36:54 INFO  c.r.r.m.I.D.CanvasMainChange - redraw crop rect {0, 0, 1024x838}
2025-04-14 16:36:54 INFO  c.r.r.m.I.D.CanvasMainChange - redraw crop rect {0, 0, 1024x838}
2025-04-14 16:36:56 INFO  c.r.r.m.I.D.CanvasMainChange - redraw crop rect {0, 0, 1024x838}
2025-04-14 16:36:56 INFO  c.r.r.m.I.D.CanvasMainChange - redraw crop rect {0, 0, 1024x838}
2025-04-14 16:36:56 INFO  c.r.r.m.I.D.CanvasMainChange - redraw crop rect {0, 0, 1024x838}
2025-04-14 16:36:56 INFO  c.r.r.m.I.D.CanvasMainChange - redraw crop rect {0, 0, 1024x838}
2025-04-14 16:36:56 INFO  c.r.r.m.I.D.CanvasMainChange - redraw crop rect {0, 0, 1024x838}
2025-04-14 16:36:56 INFO  c.r.r.m.I.D.MainDrawTool - ImagingParams is null
2025-04-14 16:36:56 INFO  c.r.r.m.I.D.CanvasMainChange - redraw crop rect {0, 0, 1024x838}
2025-04-14 16:36:56 INFO  c.r.r.m.I.D.MainDrawTool - ImagingParams is null
2025-04-14 16:37:00 INFO  c.r.r.m.I.D.CanvasMainChange - redraw crop rect {0, 0, 1024x838}
