2025-04-29 15:29:25 INFO  c.r.rxviewui.controller.LoginPage - logged In
2025-04-29 15:29:25 INFO  c.r.r.service.login.LoginController - ip mismatched 192.168.1.139 and 192.168.12.10
2025-04-29 15:29:25 INFO  c.r.r.service.login.LoginController - IP not found
2025-04-29 15:29:26 INFO  c.r.r.service.login.LoginController - initialized
2025-04-29 15:29:29 INFO  c.r.r.service.login.LoginController - No devices found!!!
2025-04-29 15:29:32 INFO  c.r.r.m.p.i.d.PrintCropLayout - Adjusted Crop Rect: {677, 523, 736x637}
2025-04-29 15:29:41 INFO  c.r.r.m.p.i.d.PrintCropLayout - Adjusted Crop Rect: {675, 0, 775x2095}
2025-04-29 15:29:42 INFO  c.r.r.m.p.i.d.PrintCropLayout - Adjusted Crop Rect: {675, 0, 775x2095}
2025-04-29 15:29:42 INFO  c.r.r.m.p.i.d.PrintCropLayout - Adjusted Crop Rect: {675, 0, 775x2095}
2025-04-29 15:29:43 INFO  c.r.r.m.p.i.d.PrintCropLayout - Adjusted Crop Rect: {675, 0, 775x2095}
2025-04-29 15:29:43 INFO  c.r.r.m.p.i.d.PrintCropLayout - Adjusted Crop Rect: {675, 0, 775x2095}
2025-04-29 15:29:43 INFO  c.r.r.m.p.i.d.PrintCropLayout - Adjusted Crop Rect: {675, 0, 775x2095}
2025-04-29 15:29:43 INFO  c.r.r.m.p.i.d.PrintCropLayout - Adjusted Crop Rect: {675, 0, 775x2095}
2025-04-29 15:29:43 INFO  c.r.r.m.p.i.d.PrintCropLayout - Adjusted Crop Rect: {675, 0, 775x2095}
2025-04-29 15:29:43 INFO  c.r.r.m.p.i.d.PrintCropLayout - Adjusted Crop Rect: {675, 3, 775x2095}
2025-04-29 15:29:44 INFO  c.r.r.m.p.i.d.PrintCropLayout - Adjusted Crop Rect: {668, 3, 782x2095}
2025-04-29 15:29:44 INFO  c.r.r.m.p.i.d.PrintCropLayout - Adjusted Crop Rect: {650, 3, 800x2095}
2025-04-29 15:29:44 INFO  c.r.r.m.p.i.d.PrintCropLayout - Adjusted Crop Rect: {621, 3, 829x2095}
2025-04-29 15:29:44 INFO  c.r.r.m.p.i.d.PrintCropLayout - Adjusted Crop Rect: {603, 3, 847x2095}
2025-04-29 15:29:45 INFO  c.r.r.m.p.i.d.PrintCropLayout - Adjusted Crop Rect: {556, 3, 894x2095}
2025-04-29 15:29:45 INFO  c.r.r.m.p.i.d.PrintCropLayout - Adjusted Crop Rect: {545, 3, 905x2095}
2025-04-29 15:29:45 INFO  c.r.r.m.p.i.d.PrintCropLayout - Adjusted Crop Rect: {509, 3, 941x2095}
2025-04-29 15:29:45 INFO  c.r.r.m.p.i.d.PrintCropLayout - Adjusted Crop Rect: {502, 3, 948x2095}
2025-04-29 15:29:45 INFO  c.r.r.m.p.i.d.PrintCropLayout - Adjusted Crop Rect: {463, 3, 987x2098}
2025-04-29 15:29:45 INFO  c.r.r.m.p.i.d.PrintCropLayout - Adjusted Crop Rect: {452, 3, 998x2105}
2025-04-29 15:29:45 INFO  c.r.r.m.p.i.d.PrintCropLayout - Adjusted Crop Rect: {434, 3, 1016x2109}
2025-04-29 15:29:45 INFO  c.r.r.m.p.i.d.PrintCropLayout - Adjusted Crop Rect: {380, 3, 1070x2109}
2025-04-29 15:29:45 INFO  c.r.r.m.p.i.d.PrintCropLayout - Adjusted Crop Rect: {369, 3, 1081x2109}
2025-04-29 15:29:45 INFO  c.r.r.m.p.i.d.PrintCropLayout - Adjusted Crop Rect: {333, 3, 1117x2113}
2025-04-29 15:29:45 INFO  c.r.r.m.p.i.d.PrintCropLayout - Adjusted Crop Rect: {293, 3, 1157x2120}
2025-04-29 15:29:46 INFO  c.r.r.m.p.i.d.PrintCropLayout - Adjusted Crop Rect: {286, 3, 1164x2120}
2025-04-29 15:29:46 INFO  c.r.r.m.p.i.d.PrintCropLayout - Adjusted Crop Rect: {257, 3, 1193x2120}
2025-04-29 15:29:46 INFO  c.r.r.m.p.i.d.PrintCropLayout - Adjusted Crop Rect: {160, 3, 1290x2156}
2025-04-29 15:29:46 INFO  c.r.r.m.p.i.d.PrintCropLayout - Adjusted Crop Rect: {153, 3, 1297x2156}
2025-04-29 15:29:46 INFO  c.r.r.m.p.i.d.PrintCropLayout - Adjusted Crop Rect: {117, 3, 1333x2170}
2025-04-29 15:29:46 INFO  c.r.r.m.p.i.d.PrintCropLayout - Adjusted Crop Rect: {106, 3, 1344x2181}
2025-04-29 15:29:46 INFO  c.r.r.m.p.i.d.PrintCropLayout - Adjusted Crop Rect: {95, 3, 1355x2181}
2025-04-29 15:29:46 INFO  c.r.r.m.p.i.d.PrintCropLayout - Adjusted Crop Rect: {95, 3, 1355x2181}
2025-04-29 15:29:46 INFO  c.r.r.m.p.i.d.PrintCropLayout - Adjusted Crop Rect: {95, 25, 1355x2181}
2025-04-29 15:29:47 INFO  c.r.r.m.p.i.d.PrintCropLayout - Adjusted Crop Rect: {95, 32, 1355x2181}
2025-04-29 15:29:47 INFO  c.r.r.m.p.i.d.PrintCropLayout - Adjusted Crop Rect: {95, 32, 1355x2181}
2025-04-29 15:29:47 INFO  c.r.r.m.p.i.d.PrintCropLayout - Adjusted Crop Rect: {95, 32, 1355x2181}
2025-04-29 15:29:47 INFO  c.r.r.m.p.i.d.PrintCropLayout - Adjusted Crop Rect: {95, 32, 1355x2181}
2025-04-29 15:29:47 INFO  c.r.r.m.p.i.d.PrintCropLayout - Adjusted Crop Rect: {95, 32, 1355x2181}
2025-04-29 15:29:47 INFO  c.r.r.m.p.i.d.PrintCropLayout - Adjusted Crop Rect: {95, 32, 1355x2181}
2025-04-29 15:29:47 INFO  c.r.r.m.p.i.d.PrintCropLayout - Adjusted Crop Rect: {95, 32, 1355x2181}
2025-04-29 15:29:47 INFO  c.r.r.m.p.i.d.PrintCropLayout - Adjusted Crop Rect: {95, 32, 1355x2181}
2025-04-29 15:29:47 INFO  c.r.r.m.p.i.d.PrintCropLayout - Adjusted Crop Rect: {95, 32, 1355x2181}
2025-04-29 15:29:47 INFO  c.r.r.m.p.i.d.PrintCropLayout - Adjusted Crop Rect: {95, 32, 1355x2181}
2025-04-29 15:29:47 INFO  c.r.r.m.p.i.d.PrintCropLayout - Adjusted Crop Rect: {95, 32, 1355x2181}
2025-04-29 15:29:47 INFO  c.r.r.m.p.i.d.PrintCropLayout - Adjusted Crop Rect: {95, 32, 1355x2181}
2025-04-29 15:29:48 INFO  c.r.r.m.p.i.d.PrintCropLayout - Adjusted Crop Rect: {95, 32, 1355x2181}
2025-04-29 15:29:48 INFO  c.r.r.m.p.i.d.PrintCropLayout - Adjusted Crop Rect: {95, 32, 1355x2181}
2025-04-29 15:29:48 INFO  c.r.r.m.p.i.d.PrintCropLayout - Adjusted Crop Rect: {95, 32, 1355x2181}
2025-04-29 15:29:48 INFO  c.r.r.m.p.i.d.PrintCropLayout - Adjusted Crop Rect: {95, 32, 1355x2181}
2025-04-29 15:29:48 INFO  c.r.r.m.p.i.d.PrintCropLayout - Adjusted Crop Rect: {95, 32, 1355x2181}
2025-04-29 15:29:48 INFO  c.r.r.m.p.i.d.PrintCropLayout - Adjusted Crop Rect: {95, 32, 1355x2181}
2025-04-29 15:29:48 INFO  c.r.r.m.p.i.d.PrintCropLayout - Adjusted Crop Rect: {95, 32, 1355x2181}
2025-04-29 15:29:48 INFO  c.r.r.m.p.i.d.PrintCropLayout - Adjusted Crop Rect: {95, 32, 1355x2181}
2025-04-29 15:29:48 INFO  c.r.r.m.p.i.d.PrintCropLayout - Adjusted Crop Rect: {95, 36, 1355x2181}
2025-04-29 15:29:48 INFO  c.r.r.m.p.i.d.PrintCropLayout - Adjusted Crop Rect: {95, 39, 1355x2181}
2025-04-29 15:29:48 INFO  c.r.r.m.p.i.d.PrintCropLayout - Adjusted Crop Rect: {95, 43, 1355x2181}
2025-04-29 15:29:48 INFO  c.r.r.m.p.i.d.PrintCropLayout - Adjusted Crop Rect: {95, 54, 1355x2181}
2025-04-29 15:29:48 INFO  c.r.r.m.p.i.d.PrintCropLayout - Adjusted Crop Rect: {95, 61, 1355x2181}
2025-04-29 15:29:48 INFO  c.r.r.m.p.i.d.PrintCropLayout - Adjusted Crop Rect: {95, 64, 1355x2181}
2025-04-29 15:29:48 INFO  c.r.r.m.p.i.d.PrintCropLayout - Adjusted Crop Rect: {95, 68, 1355x2181}
2025-04-29 15:29:48 INFO  c.r.r.m.p.i.d.PrintCropLayout - Adjusted Crop Rect: {95, 72, 1355x2181}
2025-04-29 15:29:49 INFO  c.r.r.m.p.i.d.PrintCropLayout - Adjusted Crop Rect: {95, 79, 1355x2181}
2025-04-29 15:29:50 INFO  c.r.r.m.p.i.d.PrintCropLayout - Adjusted Crop Rect: {95, 79, 1355x2181}
2025-04-29 15:29:50 INFO  c.r.r.m.p.i.d.PrintCropLayout - Adjusted Crop Rect: {95, 79, 1355x2181}
2025-04-29 15:29:50 INFO  c.r.r.m.p.i.d.PrintCropLayout - Adjusted Crop Rect: {95, 79, 1355x2159}
2025-04-29 15:29:50 INFO  c.r.r.m.p.i.d.PrintCropLayout - Adjusted Crop Rect: {95, 79, 1355x2120}
2025-04-29 15:29:50 INFO  c.r.r.m.p.i.d.PrintCropLayout - Adjusted Crop Rect: {95, 79, 1355x2109}
2025-04-29 15:29:51 INFO  c.r.r.m.p.i.d.PrintCropLayout - Adjusted Crop Rect: {95, 79, 1355x2091}
2025-04-29 15:29:51 INFO  c.r.r.m.p.i.d.PrintCropLayout - Adjusted Crop Rect: {95, 79, 1355x2069}
2025-04-29 15:29:51 INFO  c.r.r.m.p.i.d.PrintCropLayout - Adjusted Crop Rect: {95, 79, 1355x2041}
2025-04-29 15:29:51 INFO  c.r.r.m.p.i.d.PrintCropLayout - Adjusted Crop Rect: {95, 79, 1355x2030}
2025-04-29 15:29:51 INFO  c.r.r.m.p.i.d.PrintCropLayout - Adjusted Crop Rect: {95, 79, 1355x1961}
2025-04-29 15:29:51 INFO  c.r.r.m.p.i.d.PrintCropLayout - Adjusted Crop Rect: {95, 79, 1355x1943}
2025-04-29 15:29:51 INFO  c.r.r.m.p.i.d.PrintCropLayout - Adjusted Crop Rect: {95, 79, 1355x1886}
2025-04-29 15:29:51 INFO  c.r.r.m.p.i.d.PrintCropLayout - Adjusted Crop Rect: {95, 79, 1355x1871}
2025-04-29 15:29:51 INFO  c.r.r.m.p.i.d.PrintCropLayout - Adjusted Crop Rect: {95, 79, 1355x1785}
2025-04-29 15:29:51 INFO  c.r.r.m.p.i.d.PrintCropLayout - Adjusted Crop Rect: {95, 79, 1355x1745}
2025-04-29 15:29:51 INFO  c.r.r.m.p.i.d.PrintCropLayout - Adjusted Crop Rect: {95, 79, 1355x1727}
2025-04-29 15:29:51 INFO  c.r.r.m.p.i.d.PrintCropLayout - Adjusted Crop Rect: {95, 79, 1355x1717}
2025-04-29 15:29:51 INFO  c.r.r.m.p.i.d.PrintCropLayout - Adjusted Crop Rect: {95, 79, 1355x1706}
2025-04-29 15:29:51 INFO  c.r.r.m.p.i.d.PrintCropLayout - Adjusted Crop Rect: {95, 79, 1355x1641}
2025-04-29 15:29:51 INFO  c.r.r.m.p.i.d.PrintCropLayout - Adjusted Crop Rect: {95, 79, 1355x1627}
2025-04-29 15:29:52 INFO  c.r.r.m.p.i.d.PrintCropLayout - Adjusted Crop Rect: {95, 82, 1355x1627}
2025-04-29 15:29:52 INFO  c.r.r.m.p.i.d.PrintCropLayout - Adjusted Crop Rect: {95, 111, 1355x1627}
2025-04-29 15:29:52 INFO  c.r.r.m.p.i.d.PrintCropLayout - Adjusted Crop Rect: {95, 151, 1355x1627}
2025-04-29 15:29:52 INFO  c.r.r.m.p.i.d.PrintCropLayout - Adjusted Crop Rect: {95, 194, 1355x1627}
2025-04-29 15:29:52 INFO  c.r.r.m.p.i.d.PrintCropLayout - Adjusted Crop Rect: {95, 212, 1355x1627}
2025-04-29 15:29:52 INFO  c.r.r.m.p.i.d.PrintCropLayout - Adjusted Crop Rect: {95, 226, 1355x1627}
2025-04-29 15:29:52 INFO  c.r.r.m.p.i.d.PrintCropLayout - Adjusted Crop Rect: {95, 237, 1355x1627}
2025-04-29 15:29:52 INFO  c.r.r.m.p.i.d.PrintCropLayout - Adjusted Crop Rect: {95, 244, 1355x1627}
2025-04-29 15:29:52 INFO  c.r.r.m.p.i.d.PrintCropLayout - Adjusted Crop Rect: {95, 244, 1355x1627}
2025-04-29 15:29:52 INFO  c.r.r.m.p.i.d.PrintCropLayout - Adjusted Crop Rect: {95, 244, 1355x1627}
2025-04-29 15:29:52 INFO  c.r.r.m.p.i.d.PrintCropLayout - Adjusted Crop Rect: {95, 244, 1355x1627}
2025-04-29 15:29:52 INFO  c.r.r.m.p.i.d.PrintCropLayout - Adjusted Crop Rect: {95, 244, 1355x1627}
2025-04-29 15:29:52 INFO  c.r.r.m.p.i.d.PrintCropLayout - Adjusted Crop Rect: {95, 244, 1355x1627}
2025-04-29 15:29:52 INFO  c.r.r.m.p.i.d.PrintCropLayout - Adjusted Crop Rect: {95, 244, 1355x1627}
2025-04-29 15:29:52 INFO  c.r.r.m.p.i.d.PrintCropLayout - Adjusted Crop Rect: {95, 244, 1355x1627}
2025-04-29 15:29:53 INFO  c.r.r.m.p.i.d.PrintCropLayout - Adjusted Crop Rect: {95, 244, 1355x1627}
2025-04-29 15:29:53 INFO  c.r.r.m.p.i.d.PrintCropLayout - Adjusted Crop Rect: {95, 237, 1355x1627}
2025-04-29 15:29:53 INFO  c.r.r.m.p.i.d.PrintCropLayout - Adjusted Crop Rect: {95, 237, 1355x1627}
2025-04-29 15:29:53 INFO  c.r.r.m.p.i.d.PrintCropLayout - Adjusted Crop Rect: {95, 237, 1355x1627}
2025-04-29 15:29:53 INFO  c.r.r.m.p.i.d.PrintCropLayout - Adjusted Crop Rect: {95, 226, 1355x1627}
2025-04-29 15:29:53 INFO  c.r.r.m.p.i.d.PrintCropLayout - Adjusted Crop Rect: {95, 226, 1355x1627}
2025-04-29 15:29:53 INFO  c.r.r.m.p.i.d.PrintCropLayout - Adjusted Crop Rect: {95, 226, 1355x1627}
2025-04-29 15:29:53 INFO  c.r.r.m.p.i.d.PrintCropLayout - Adjusted Crop Rect: {95, 226, 1355x1627}
2025-04-29 15:29:53 INFO  c.r.r.m.p.i.d.PrintCropLayout - Adjusted Crop Rect: {95, 216, 1355x1627}
2025-04-29 15:29:55 INFO  c.r.r.m.p.i.d.PrintCropLayout - Adjusted Crop Rect: {103, 216, 1347x1627}
2025-04-29 15:29:55 INFO  c.r.r.m.p.i.d.PrintCropLayout - Adjusted Crop Rect: {117, 226, 1333x1616}
2025-04-29 15:29:55 INFO  c.r.r.m.p.i.d.PrintCropLayout - Adjusted Crop Rect: {128, 248, 1322x1594}
2025-04-29 15:29:55 INFO  c.r.r.m.p.i.d.PrintCropLayout - Adjusted Crop Rect: {139, 255, 1311x1587}
2025-04-29 15:29:55 INFO  c.r.r.m.p.i.d.PrintCropLayout - Adjusted Crop Rect: {160, 277, 1290x1565}
2025-04-29 15:29:55 INFO  c.r.r.m.p.i.d.PrintCropLayout - Adjusted Crop Rect: {178, 288, 1272x1555}
2025-04-29 15:29:55 INFO  c.r.r.m.p.i.d.PrintCropLayout - Adjusted Crop Rect: {189, 302, 1261x1540}
2025-04-29 15:29:56 INFO  c.r.r.m.p.i.d.PrintCropLayout - Adjusted Crop Rect: {207, 316, 1243x1526}
2025-04-29 15:29:56 INFO  c.r.r.m.p.i.d.PrintCropLayout - Adjusted Crop Rect: {218, 334, 1232x1508}
2025-04-29 15:29:56 INFO  c.r.r.m.p.i.d.PrintCropLayout - Adjusted Crop Rect: {243, 374, 1207x1468}
2025-04-29 15:29:56 INFO  c.r.r.m.p.i.d.PrintCropLayout - Adjusted Crop Rect: {243, 385, 1207x1457}
2025-04-29 15:29:56 INFO  c.r.r.m.p.i.d.PrintCropLayout - Adjusted Crop Rect: {257, 414, 1193x1429}
2025-04-29 15:29:56 INFO  c.r.r.m.p.i.d.PrintCropLayout - Adjusted Crop Rect: {268, 435, 1182x1407}
2025-04-29 15:29:56 INFO  c.r.r.m.p.i.d.PrintCropLayout - Adjusted Crop Rect: {275, 453, 1175x1389}
2025-04-29 15:29:56 INFO  c.r.r.m.p.i.d.PrintCropLayout - Adjusted Crop Rect: {283, 464, 1167x1378}
2025-04-29 15:29:56 INFO  c.r.r.m.p.i.d.PrintCropLayout - Adjusted Crop Rect: {293, 471, 1157x1371}
2025-04-29 15:29:56 INFO  c.r.r.m.p.i.d.PrintCropLayout - Adjusted Crop Rect: {304, 478, 1146x1364}
2025-04-29 15:29:56 INFO  c.r.r.m.p.i.d.PrintCropLayout - Adjusted Crop Rect: {304, 478, 1146x1364}
2025-04-29 15:29:56 INFO  c.r.r.m.p.i.d.PrintCropLayout - Adjusted Crop Rect: {304, 478, 1146x1364}
2025-04-29 15:29:56 INFO  c.r.r.m.p.i.d.PrintCropLayout - Adjusted Crop Rect: {304, 478, 1146x1364}
2025-04-29 15:29:57 INFO  c.r.r.m.p.i.d.PrintCropLayout - Adjusted Crop Rect: {304, 478, 1146x1364}
2025-04-29 15:29:57 INFO  c.r.r.m.p.i.d.PrintCropLayout - Adjusted Crop Rect: {304, 478, 1146x1364}
2025-04-29 15:29:57 INFO  c.r.r.m.p.i.d.PrintCropLayout - Adjusted Crop Rect: {304, 478, 1146x1364}
2025-04-29 15:29:57 INFO  c.r.r.m.p.i.d.PrintCropLayout - Adjusted Crop Rect: {304, 478, 1146x1364}
2025-04-29 15:29:57 INFO  c.r.r.m.p.i.d.PrintCropLayout - Adjusted Crop Rect: {304, 478, 1146x1364}
2025-04-29 15:29:57 INFO  c.r.r.m.p.i.d.PrintCropLayout - Adjusted Crop Rect: {304, 478, 1146x1364}
2025-04-29 15:29:57 INFO  c.r.r.m.p.i.d.PrintCropLayout - Adjusted Crop Rect: {304, 478, 1146x1364}
2025-04-29 15:29:57 INFO  c.r.r.m.p.i.d.PrintCropLayout - Adjusted Crop Rect: {304, 478, 1146x1364}
2025-04-29 15:29:57 INFO  c.r.r.m.p.i.d.PrintCropLayout - Adjusted Crop Rect: {304, 478, 1146x1364}
2025-04-29 15:29:57 INFO  c.r.r.m.p.i.d.PrintCropLayout - Adjusted Crop Rect: {304, 478, 1146x1364}
2025-04-29 15:29:57 INFO  c.r.r.m.p.i.d.PrintCropLayout - Adjusted Crop Rect: {304, 478, 1146x1364}
2025-04-29 15:29:57 INFO  c.r.r.m.p.i.d.PrintCropLayout - Adjusted Crop Rect: {304, 478, 1146x1364}
2025-04-29 15:29:57 INFO  c.r.r.m.p.i.d.PrintCropLayout - Adjusted Crop Rect: {304, 478, 1146x1364}
2025-04-29 15:29:57 INFO  c.r.r.m.p.i.d.PrintCropLayout - Adjusted Crop Rect: {304, 489, 1146x1364}
2025-04-29 15:29:57 INFO  c.r.r.m.p.i.d.PrintCropLayout - Adjusted Crop Rect: {304, 507, 1146x1364}
2025-04-29 15:29:58 INFO  c.r.r.m.p.i.d.PrintCropLayout - Adjusted Crop Rect: {304, 507, 1146x1364}
2025-04-29 15:30:14 INFO  c.r.r.m.p.i.d.PrintCropLayout - Adjusted Crop Rect: {0, 0, 2048x1675}
2025-04-29 15:30:16 INFO  c.r.r.m.p.i.d.PrintCropLayout - Adjusted Crop Rect: {0, 0, 2048x1675}
2025-04-29 15:30:17 INFO  c.r.r.m.p.i.d.PrintCropLayout - Adjusted Crop Rect: {0, 0, 2048x1650}
2025-04-29 15:30:17 INFO  c.r.r.m.p.i.d.PrintCropLayout - Adjusted Crop Rect: {0, 0, 2048x1614}
2025-04-29 15:30:17 INFO  c.r.r.m.p.i.d.PrintCropLayout - Adjusted Crop Rect: {0, 0, 2048x1560}
2025-04-29 15:30:17 INFO  c.r.r.m.p.i.d.PrintCropLayout - Adjusted Crop Rect: {0, 0, 2048x1550}
2025-04-29 15:30:17 INFO  c.r.r.m.p.i.d.PrintCropLayout - Adjusted Crop Rect: {0, 0, 2048x1532}
2025-04-29 15:30:17 INFO  c.r.r.m.p.i.d.PrintCropLayout - Adjusted Crop Rect: {0, 0, 2048x1521}
2025-04-29 15:30:17 INFO  c.r.r.m.p.i.d.PrintCropLayout - Adjusted Crop Rect: {0, 0, 2048x1492}
2025-04-29 15:30:17 INFO  c.r.r.m.p.i.d.PrintCropLayout - Adjusted Crop Rect: {0, 0, 2048x1485}
2025-04-29 15:30:17 INFO  c.r.r.m.p.i.d.PrintCropLayout - Adjusted Crop Rect: {0, 0, 2048x1456}
2025-04-29 15:30:17 INFO  c.r.r.m.p.i.d.PrintCropLayout - Adjusted Crop Rect: {0, 0, 2048x1438}
2025-04-29 15:30:19 INFO  c.r.r.m.p.i.d.PrintCropLayout - Adjusted Crop Rect: {0, 0, 2048x1438}
2025-04-29 15:30:19 INFO  c.r.r.m.p.i.d.PrintCropLayout - Adjusted Crop Rect: {7, 0, 2040x1438}
2025-04-29 15:30:19 INFO  c.r.r.m.p.i.d.PrintCropLayout - Adjusted Crop Rect: {50, 0, 1997x1438}
2025-04-29 15:30:19 INFO  c.r.r.m.p.i.d.PrintCropLayout - Adjusted Crop Rect: {61, 0, 1986x1438}
2025-04-29 15:30:19 INFO  c.r.r.m.p.i.d.PrintCropLayout - Adjusted Crop Rect: {79, 0, 1968x1438}
2025-04-29 15:30:19 INFO  c.r.r.m.p.i.d.PrintCropLayout - Adjusted Crop Rect: {108, 0, 1940x1438}
2025-04-29 15:30:19 INFO  c.r.r.m.p.i.d.PrintCropLayout - Adjusted Crop Rect: {126, 0, 1922x1438}
2025-04-29 15:30:19 INFO  c.r.r.m.p.i.d.PrintCropLayout - Adjusted Crop Rect: {180, 0, 1868x1438}
2025-04-29 15:30:19 INFO  c.r.r.m.p.i.d.PrintCropLayout - Adjusted Crop Rect: {190, 0, 1857x1438}
2025-04-29 15:30:19 INFO  c.r.r.m.p.i.d.PrintCropLayout - Adjusted Crop Rect: {244, 0, 1803x1438}
2025-04-29 15:30:19 INFO  c.r.r.m.p.i.d.PrintCropLayout - Adjusted Crop Rect: {291, 0, 1756x1438}
2025-04-29 15:30:20 INFO  c.r.r.m.p.i.d.PrintCropLayout - Adjusted Crop Rect: {298, 0, 1749x1438}
2025-04-29 15:30:20 INFO  c.r.r.m.p.i.d.PrintCropLayout - Adjusted Crop Rect: {327, 0, 1720x1438}
2025-04-29 15:30:22 INFO  c.r.r.m.p.i.d.PrintCropLayout - Adjusted Crop Rect: {327, 0, 1709x1438}
2025-04-29 15:30:22 INFO  c.r.r.m.p.i.d.PrintCropLayout - Adjusted Crop Rect: {327, 0, 1655x1438}
2025-04-29 15:30:22 INFO  c.r.r.m.p.i.d.PrintCropLayout - Adjusted Crop Rect: {327, 0, 1644x1438}
2025-04-29 15:30:22 INFO  c.r.r.m.p.i.d.PrintCropLayout - Adjusted Crop Rect: {327, 0, 1590x1438}
2025-04-29 15:30:22 INFO  c.r.r.m.p.i.d.PrintCropLayout - Adjusted Crop Rect: {327, 0, 1569x1438}
2025-04-29 15:30:22 INFO  c.r.r.m.p.i.d.PrintCropLayout - Adjusted Crop Rect: {327, 0, 1551x1438}
2025-04-29 15:30:22 INFO  c.r.r.m.p.i.d.PrintCropLayout - Adjusted Crop Rect: {327, 0, 1533x1438}
2025-04-29 15:30:22 INFO  c.r.r.m.p.i.d.PrintCropLayout - Adjusted Crop Rect: {327, 0, 1515x1438}
2025-04-29 15:30:22 INFO  c.r.r.m.p.i.d.PrintCropLayout - Adjusted Crop Rect: {327, 0, 1504x1438}
2025-04-29 15:30:22 INFO  c.r.r.m.p.i.d.PrintCropLayout - Adjusted Crop Rect: {327, 0, 1497x1438}
2025-04-29 15:30:22 INFO  c.r.r.m.p.i.d.PrintCropLayout - Adjusted Crop Rect: {327, 0, 1468x1438}
2025-04-29 15:30:23 INFO  c.r.r.m.p.i.d.PrintCropLayout - Adjusted Crop Rect: {327, 0, 1457x1438}
2025-04-29 15:30:23 INFO  c.r.r.m.p.i.d.PrintCropLayout - Adjusted Crop Rect: {327, 0, 1439x1438}
2025-04-29 15:30:23 INFO  c.r.r.m.p.i.d.PrintCropLayout - Adjusted Crop Rect: {327, 0, 1432x1438}
2025-04-29 15:30:23 INFO  c.r.r.m.p.i.d.PrintCropLayout - Adjusted Crop Rect: {327, 0, 1414x1438}
2025-04-29 15:30:24 INFO  c.r.r.m.p.i.d.PrintCropLayout - Adjusted Crop Rect: {327, 14, 1414x1424}
2025-04-29 15:30:24 INFO  c.r.r.m.p.i.d.PrintCropLayout - Adjusted Crop Rect: {327, 61, 1414x1377}
2025-04-29 15:30:24 INFO  c.r.r.m.p.i.d.PrintCropLayout - Adjusted Crop Rect: {327, 68, 1414x1370}
2025-04-29 15:30:24 INFO  c.r.r.m.p.i.d.PrintCropLayout - Adjusted Crop Rect: {327, 79, 1414x1359}
2025-04-29 15:30:24 INFO  c.r.r.m.p.i.d.PrintCropLayout - Adjusted Crop Rect: {327, 89, 1414x1348}
2025-04-29 15:30:40 INFO  c.r.r.m.p.i.d.PrintCropLayout - Adjusted Crop Rect: {675, 0, 775x2095}
