2025-04-29 15:35:35 INFO  c.r.rxviewui.controller.LoginPage - logged In
2025-04-29 15:35:35 INFO  c.r.r.service.login.LoginController - ip mismatched 192.168.1.139 and 192.168.12.10
2025-04-29 15:35:35 INFO  c.r.r.service.login.LoginController - IP not found
2025-04-29 15:35:35 INFO  c.r.r.service.login.LoginController - initialized
2025-04-29 15:35:38 INFO  c.r.r.service.login.LoginController - No devices found!!!
2025-04-29 15:35:50 INFO  c.r.r.m.p.i.d.PrintCropLayout - Adjusted Crop Rect: {675, 0, 775x2095}
2025-04-29 15:35:53 INFO  c.r.r.m.p.i.d.PrintCropLayout - Adjusted Crop Rect: {675, 0, 775x2098}
2025-04-29 15:35:53 INFO  c.r.r.m.p.i.d.PrintCropLayout - Adjusted Crop Rect: {621, 0, 829x2109}
2025-04-29 15:35:53 INFO  c.r.r.m.p.i.d.PrintCropLayout - Adjusted Crop Rect: {592, 0, 858x2120}
2025-04-29 15:35:53 INFO  c.r.r.m.p.i.d.PrintCropLayout - Adjusted Crop Rect: {535, 0, 915x2127}
2025-04-29 15:35:53 INFO  c.r.r.m.p.i.d.PrintCropLayout - Adjusted Crop Rect: {524, 0, 926x2134}
2025-04-29 15:35:53 INFO  c.r.r.m.p.i.d.PrintCropLayout - Adjusted Crop Rect: {513, 0, 937x2138}
2025-04-29 15:35:53 INFO  c.r.r.m.p.i.d.PrintCropLayout - Adjusted Crop Rect: {506, 0, 944x2138}
2025-04-29 15:35:53 INFO  c.r.r.m.p.i.d.PrintCropLayout - Adjusted Crop Rect: {477, 0, 973x2138}
2025-04-29 15:35:53 INFO  c.r.r.m.p.i.d.PrintCropLayout - Adjusted Crop Rect: {470, 0, 980x2138}
2025-04-29 15:35:53 INFO  c.r.r.m.p.i.d.PrintCropLayout - Adjusted Crop Rect: {430, 0, 1020x2152}
2025-04-29 15:35:53 INFO  c.r.r.m.p.i.d.PrintCropLayout - Adjusted Crop Rect: {401, 0, 1049x2163}
2025-04-29 15:35:54 INFO  c.r.r.m.p.i.d.PrintCropLayout - Adjusted Crop Rect: {383, 0, 1067x2167}
2025-04-29 15:35:54 INFO  c.r.r.m.p.i.d.PrintCropLayout - Adjusted Crop Rect: {311, 0, 1139x2203}
2025-04-29 15:35:54 INFO  c.r.r.m.p.i.d.PrintCropLayout - Adjusted Crop Rect: {304, 0, 1146x2213}
2025-04-29 15:35:54 INFO  c.r.r.m.p.i.d.PrintCropLayout - Adjusted Crop Rect: {265, 0, 1185x2239}
2025-04-29 15:35:54 INFO  c.r.r.m.p.i.d.PrintCropLayout - Adjusted Crop Rect: {243, 0, 1207x2246}
2025-04-29 15:35:54 INFO  c.r.r.m.p.i.d.PrintCropLayout - Adjusted Crop Rect: {225, 0, 1225x2249}
2025-04-29 15:35:54 INFO  c.r.r.m.p.i.d.PrintCropLayout - Adjusted Crop Rect: {214, 0, 1236x2260}
2025-04-29 15:35:54 INFO  c.r.r.m.p.i.d.PrintCropLayout - Adjusted Crop Rect: {207, 0, 1243x2267}
2025-04-29 15:35:54 INFO  c.r.r.m.p.i.d.PrintCropLayout - Adjusted Crop Rect: {167, 0, 1283x2278}
2025-04-29 15:35:54 INFO  c.r.r.m.p.i.d.PrintCropLayout - Adjusted Crop Rect: {157, 0, 1293x2285}
2025-04-29 15:35:54 INFO  c.r.r.m.p.i.d.PrintCropLayout - Adjusted Crop Rect: {45, 0, 1405x2321}
2025-04-29 15:35:55 INFO  c.r.r.m.p.i.d.PrintCropLayout - Adjusted Crop Rect: {13, 0, 1437x2332}
2025-04-29 15:35:55 INFO  c.r.r.m.p.i.d.PrintCropLayout - Adjusted Crop Rect: {13, 0, 1437x2332}
2025-04-29 15:35:55 INFO  c.r.r.m.p.i.d.PrintCropLayout - Adjusted Crop Rect: {13, 0, 1437x2332}
2025-04-29 15:35:55 INFO  c.r.r.m.p.i.d.PrintCropLayout - Adjusted Crop Rect: {2, 0, 1448x2332}
2025-04-29 15:35:55 INFO  c.r.r.m.p.i.d.PrintCropLayout - Adjusted Crop Rect: {2, 0, 1448x2332}
2025-04-29 15:35:55 INFO  c.r.r.m.p.i.d.PrintCropLayout - Adjusted Crop Rect: {2, 0, 1448x2332}
2025-04-29 15:35:55 INFO  c.r.r.m.p.i.d.PrintCropLayout - Adjusted Crop Rect: {2, 0, 1448x2332}
2025-04-29 15:35:55 INFO  c.r.r.m.p.i.d.PrintCropLayout - Adjusted Crop Rect: {2, 0, 1448x2332}
2025-04-29 15:35:55 INFO  c.r.r.m.p.i.d.PrintCropLayout - Adjusted Crop Rect: {2, 0, 1448x2332}
2025-04-29 15:35:55 INFO  c.r.r.m.p.i.d.PrintCropLayout - Adjusted Crop Rect: {2, 0, 1448x2332}
2025-04-29 15:35:55 INFO  c.r.r.m.p.i.d.PrintCropLayout - Adjusted Crop Rect: {2, 0, 1448x2332}
2025-04-29 15:35:56 INFO  c.r.r.m.p.i.d.PrintCropLayout - Adjusted Crop Rect: {2, 0, 1448x2332}
2025-04-29 15:35:56 INFO  c.r.r.m.p.i.d.PrintCropLayout - Adjusted Crop Rect: {2, 0, 1448x2321}
2025-04-29 15:35:56 INFO  c.r.r.m.p.i.d.PrintCropLayout - Adjusted Crop Rect: {2, 0, 1448x2321}
2025-04-29 15:35:56 INFO  c.r.r.m.p.i.d.PrintCropLayout - Adjusted Crop Rect: {2, 0, 1448x2231}
2025-04-29 15:35:56 INFO  c.r.r.m.p.i.d.PrintCropLayout - Adjusted Crop Rect: {2, 0, 1448x2231}
2025-04-29 15:35:56 INFO  c.r.r.m.p.i.d.PrintCropLayout - Adjusted Crop Rect: {2, 0, 1448x2221}
2025-04-29 15:35:56 INFO  c.r.r.m.p.i.d.PrintCropLayout - Adjusted Crop Rect: {2, 0, 1448x2195}
2025-04-29 15:36:05 INFO  c.r.r.m.p.i.d.PrintCropLayout - Adjusted Crop Rect: {0, 0, 2048x1675}
2025-04-29 15:36:07 INFO  c.r.r.m.p.i.d.PrintCropLayout - Adjusted Crop Rect: {0, 0, 2048x1668}
2025-04-29 15:36:07 INFO  c.r.r.m.p.i.d.PrintCropLayout - Adjusted Crop Rect: {0, 0, 2048x1658}
2025-04-29 15:36:08 INFO  c.r.r.m.p.i.d.PrintCropLayout - Adjusted Crop Rect: {0, 0, 2048x1614}
2025-04-29 15:36:08 INFO  c.r.r.m.p.i.d.PrintCropLayout - Adjusted Crop Rect: {0, 0, 2048x1564}
2025-04-29 15:36:08 INFO  c.r.r.m.p.i.d.PrintCropLayout - Adjusted Crop Rect: {0, 0, 2048x1524}
2025-04-29 15:36:08 INFO  c.r.r.m.p.i.d.PrintCropLayout - Adjusted Crop Rect: {0, 0, 2048x1517}
2025-04-29 15:36:08 INFO  c.r.r.m.p.i.d.PrintCropLayout - Adjusted Crop Rect: {0, 0, 2048x1499}
2025-04-29 15:36:08 INFO  c.r.r.m.p.i.d.PrintCropLayout - Adjusted Crop Rect: {0, 0, 2048x1488}
2025-04-29 15:36:08 INFO  c.r.r.m.p.i.d.PrintCropLayout - Adjusted Crop Rect: {0, 0, 2048x1485}
2025-04-29 15:36:08 INFO  c.r.r.m.p.i.d.PrintCropLayout - Adjusted Crop Rect: {0, 0, 2048x1474}
2025-04-29 15:36:08 INFO  c.r.r.m.p.i.d.PrintCropLayout - Adjusted Crop Rect: {0, 0, 2048x1445}
2025-04-29 15:36:08 INFO  c.r.r.m.p.i.d.PrintCropLayout - Adjusted Crop Rect: {0, 0, 2048x1438}
2025-04-29 15:36:08 INFO  c.r.r.m.p.i.d.PrintCropLayout - Adjusted Crop Rect: {0, 0, 2048x1409}
2025-04-29 15:36:08 INFO  c.r.r.m.p.i.d.PrintCropLayout - Adjusted Crop Rect: {0, 0, 2048x1402}
2025-04-29 15:36:08 INFO  c.r.r.m.p.i.d.PrintCropLayout - Adjusted Crop Rect: {0, 0, 2048x1362}
2025-04-29 15:36:09 INFO  c.r.r.m.p.i.d.PrintCropLayout - Adjusted Crop Rect: {0, 0, 2048x1362}
2025-04-29 15:36:09 INFO  c.r.r.m.p.i.d.PrintCropLayout - Adjusted Crop Rect: {0, 0, 2048x1362}
2025-04-29 15:36:09 INFO  c.r.r.m.p.i.d.PrintCropLayout - Adjusted Crop Rect: {0, 7, 2048x1362}
2025-04-29 15:36:09 INFO  c.r.r.m.p.i.d.PrintCropLayout - Adjusted Crop Rect: {0, 7, 2048x1362}
2025-04-29 15:36:09 INFO  c.r.r.m.p.i.d.PrintCropLayout - Adjusted Crop Rect: {0, 7, 2048x1362}
2025-04-29 15:36:09 INFO  c.r.r.m.p.i.d.PrintCropLayout - Adjusted Crop Rect: {0, 7, 2048x1362}
2025-04-29 15:36:09 INFO  c.r.r.m.p.i.d.PrintCropLayout - Adjusted Crop Rect: {0, 14, 2048x1362}
2025-04-29 15:36:09 INFO  c.r.r.m.p.i.d.PrintCropLayout - Adjusted Crop Rect: {0, 21, 2048x1362}
2025-04-29 15:36:11 INFO  c.r.r.m.p.i.d.PrintCropLayout - Adjusted Crop Rect: {0, 21, 2048x1362}
2025-04-29 15:36:11 INFO  c.r.r.m.p.i.d.PrintCropLayout - Adjusted Crop Rect: {0, 21, 2033x1362}
2025-04-29 15:36:11 INFO  c.r.r.m.p.i.d.PrintCropLayout - Adjusted Crop Rect: {0, 21, 2012x1362}
2025-04-29 15:36:11 INFO  c.r.r.m.p.i.d.PrintCropLayout - Adjusted Crop Rect: {0, 28, 1994x1355}
2025-04-29 15:36:11 INFO  c.r.r.m.p.i.d.PrintCropLayout - Adjusted Crop Rect: {0, 57, 1943x1326}
2025-04-29 15:36:11 INFO  c.r.r.m.p.i.d.PrintCropLayout - Adjusted Crop Rect: {0, 57, 1936x1326}
2025-04-29 15:36:11 INFO  c.r.r.m.p.i.d.PrintCropLayout - Adjusted Crop Rect: {0, 61, 1925x1323}
2025-04-29 15:36:11 INFO  c.r.r.m.p.i.d.PrintCropLayout - Adjusted Crop Rect: {0, 68, 1914x1316}
2025-04-29 15:36:12 INFO  c.r.r.m.p.i.d.PrintCropLayout - Adjusted Crop Rect: {0, 75, 1878x1308}
2025-04-29 15:36:12 INFO  c.r.r.m.p.i.d.PrintCropLayout - Adjusted Crop Rect: {0, 82, 1839x1301}
2025-04-29 15:36:12 INFO  c.r.r.m.p.i.d.PrintCropLayout - Adjusted Crop Rect: {0, 86, 1839x1301}
2025-04-29 15:36:12 INFO  c.r.r.m.p.i.d.PrintCropLayout - Adjusted Crop Rect: {3, 89, 1839x1301}
2025-04-29 15:36:12 INFO  c.r.r.m.p.i.d.PrintCropLayout - Adjusted Crop Rect: {7, 89, 1839x1301}
2025-04-29 15:36:12 INFO  c.r.r.m.p.i.d.PrintCropLayout - Adjusted Crop Rect: {14, 89, 1839x1301}
2025-04-29 15:36:12 INFO  c.r.r.m.p.i.d.PrintCropLayout - Adjusted Crop Rect: {25, 89, 1839x1301}
2025-04-29 15:36:12 INFO  c.r.r.m.p.i.d.PrintCropLayout - Adjusted Crop Rect: {72, 89, 1839x1301}
2025-04-29 15:36:12 INFO  c.r.r.m.p.i.d.PrintCropLayout - Adjusted Crop Rect: {79, 89, 1839x1301}
2025-04-29 15:36:12 INFO  c.r.r.m.p.i.d.PrintCropLayout - Adjusted Crop Rect: {115, 89, 1839x1301}
2025-04-29 15:36:13 INFO  c.r.r.m.p.i.d.PrintCropLayout - Adjusted Crop Rect: {133, 89, 1839x1301}
2025-04-29 15:36:13 INFO  c.r.r.m.p.i.d.PrintCropLayout - Adjusted Crop Rect: {144, 89, 1839x1301}
2025-04-29 15:36:13 INFO  c.r.r.m.p.i.d.PrintCropLayout - Adjusted Crop Rect: {162, 89, 1839x1301}
2025-04-29 15:36:13 INFO  c.r.r.m.p.i.d.PrintCropLayout - Adjusted Crop Rect: {190, 89, 1839x1301}
2025-04-29 15:36:13 INFO  c.r.r.m.p.i.d.PrintCropLayout - Adjusted Crop Rect: {190, 89, 1839x1301}
2025-04-29 15:36:13 INFO  c.r.r.m.p.i.d.PrintCropLayout - Adjusted Crop Rect: {198, 89, 1839x1301}
2025-04-29 15:36:13 INFO  c.r.r.m.p.i.d.PrintCropLayout - Adjusted Crop Rect: {198, 89, 1839x1301}
2025-04-29 15:36:13 INFO  c.r.r.m.p.i.d.PrintCropLayout - Adjusted Crop Rect: {198, 89, 1839x1301}
2025-04-29 15:36:13 INFO  c.r.r.m.p.i.d.PrintCropLayout - Adjusted Crop Rect: {198, 82, 1839x1301}
2025-04-29 15:36:13 INFO  c.r.r.m.p.i.d.PrintCropLayout - Adjusted Crop Rect: {198, 82, 1839x1301}
2025-04-29 15:36:13 INFO  c.r.r.m.p.i.d.PrintCropLayout - Adjusted Crop Rect: {198, 71, 1839x1301}
2025-04-29 15:36:13 INFO  c.r.r.m.p.i.d.PrintCropLayout - Adjusted Crop Rect: {208, 71, 1839x1301}
2025-04-29 15:36:13 INFO  c.r.r.m.p.i.d.PrintCropLayout - Adjusted Crop Rect: {208, 71, 1839x1301}
2025-04-29 15:36:13 INFO  c.r.r.m.p.i.d.PrintCropLayout - Adjusted Crop Rect: {208, 71, 1839x1301}
2025-04-29 15:36:13 INFO  c.r.r.m.p.i.d.PrintCropLayout - Adjusted Crop Rect: {208, 71, 1839x1301}
2025-04-29 15:36:13 INFO  c.r.r.m.p.i.d.PrintCropLayout - Adjusted Crop Rect: {208, 71, 1839x1301}
2025-04-29 15:36:13 INFO  c.r.r.m.p.i.d.PrintCropLayout - Adjusted Crop Rect: {208, 71, 1839x1301}
2025-04-29 15:36:13 INFO  c.r.r.m.p.i.d.PrintCropLayout - Adjusted Crop Rect: {208, 71, 1839x1301}
2025-04-29 15:36:14 INFO  c.r.r.m.p.i.d.PrintCropLayout - Adjusted Crop Rect: {208, 61, 1839x1301}
2025-04-29 15:36:14 INFO  c.r.r.m.p.i.d.PrintCropLayout - Adjusted Crop Rect: {208, 50, 1839x1301}
2025-04-29 15:36:14 INFO  c.r.r.m.p.i.d.PrintCropLayout - Adjusted Crop Rect: {208, 50, 1839x1301}
2025-04-29 15:36:14 INFO  c.r.r.m.p.i.d.PrintCropLayout - Adjusted Crop Rect: {208, 50, 1839x1301}
2025-04-29 15:36:14 INFO  c.r.r.m.p.i.d.PrintCropLayout - Adjusted Crop Rect: {208, 43, 1839x1301}
2025-04-29 15:36:14 INFO  c.r.r.m.p.i.d.PrintCropLayout - Adjusted Crop Rect: {208, 43, 1839x1301}
2025-04-29 15:36:14 INFO  c.r.r.m.p.i.d.PrintCropLayout - Adjusted Crop Rect: {208, 43, 1839x1301}
2025-04-29 15:36:14 INFO  c.r.r.m.p.i.d.PrintCropLayout - Adjusted Crop Rect: {208, 32, 1839x1301}
2025-04-29 15:36:14 INFO  c.r.r.m.p.i.d.PrintCropLayout - Adjusted Crop Rect: {115, 21, 1839x1301}
2025-04-29 15:36:14 INFO  c.r.r.m.p.i.d.PrintCropLayout - Adjusted Crop Rect: {115, 21, 1839x1301}
2025-04-29 15:36:14 INFO  c.r.r.m.p.i.d.PrintCropLayout - Adjusted Crop Rect: {57, 21, 1839x1301}
2025-04-29 15:36:14 INFO  c.r.r.m.p.i.d.PrintCropLayout - Adjusted Crop Rect: {36, 21, 1839x1301}
2025-04-29 15:36:14 INFO  c.r.r.m.p.i.d.PrintCropLayout - Adjusted Crop Rect: {36, 28, 1839x1301}
2025-04-29 15:36:14 INFO  c.r.r.m.p.i.d.PrintCropLayout - Adjusted Crop Rect: {21, 28, 1839x1301}
2025-04-29 15:36:14 INFO  c.r.r.m.p.i.d.PrintCropLayout - Adjusted Crop Rect: {21, 28, 1839x1301}
2025-04-29 15:36:14 INFO  c.r.r.m.p.i.d.PrintCropLayout - Adjusted Crop Rect: {21, 28, 1839x1301}
2025-04-29 15:36:14 INFO  c.r.r.m.p.i.d.PrintCropLayout - Adjusted Crop Rect: {21, 39, 1839x1301}
2025-04-29 15:36:15 INFO  c.r.r.m.p.i.d.PrintCropLayout - Adjusted Crop Rect: {21, 39, 1839x1301}
2025-04-29 15:36:15 INFO  c.r.r.m.p.i.d.PrintCropLayout - Adjusted Crop Rect: {21, 39, 1839x1301}
2025-04-29 15:36:15 INFO  c.r.r.m.p.i.d.PrintCropLayout - Adjusted Crop Rect: {21, 39, 1839x1301}
2025-04-29 15:36:15 INFO  c.r.r.m.p.i.d.PrintCropLayout - Adjusted Crop Rect: {21, 39, 1839x1301}
2025-04-29 15:36:15 INFO  c.r.r.m.p.i.d.PrintCropLayout - Adjusted Crop Rect: {3, 39, 1839x1301}
2025-04-29 15:36:15 INFO  c.r.r.m.p.i.d.PrintCropLayout - Adjusted Crop Rect: {3, 39, 1839x1301}
2025-04-29 15:36:15 INFO  c.r.r.m.p.i.d.PrintCropLayout - Adjusted Crop Rect: {3, 32, 1839x1301}
2025-04-29 15:36:15 INFO  c.r.r.m.p.i.d.PrintCropLayout - Adjusted Crop Rect: {3, 32, 1839x1301}
2025-04-29 15:36:15 INFO  c.r.r.m.p.i.d.PrintCropLayout - Adjusted Crop Rect: {3, 32, 1839x1301}
2025-04-29 15:36:15 INFO  c.r.r.m.p.i.d.PrintCropLayout - Adjusted Crop Rect: {3, 32, 1839x1301}
2025-04-29 15:36:15 INFO  c.r.r.m.p.i.d.PrintCropLayout - Adjusted Crop Rect: {3, 10, 1839x1301}
2025-04-29 15:36:15 INFO  c.r.r.m.p.i.d.PrintCropLayout - Adjusted Crop Rect: {3, 3, 1839x1301}
2025-04-29 15:36:15 INFO  c.r.r.m.p.i.d.PrintCropLayout - Adjusted Crop Rect: {3, 3, 1839x1301}
2025-04-29 15:36:15 INFO  c.r.r.m.p.i.d.PrintCropLayout - Adjusted Crop Rect: {3, 3, 1839x1301}
2025-04-29 15:36:15 INFO  c.r.r.m.p.i.d.PrintCropLayout - Adjusted Crop Rect: {3, 3, 1839x1301}
2025-04-29 15:36:15 INFO  c.r.r.m.p.i.d.PrintCropLayout - Adjusted Crop Rect: {18, 3, 1839x1301}
2025-04-29 15:36:15 INFO  c.r.r.m.p.i.d.PrintCropLayout - Adjusted Crop Rect: {25, 3, 1839x1301}
2025-04-29 15:36:16 INFO  c.r.r.m.p.i.d.PrintCropLayout - Adjusted Crop Rect: {57, 14, 1839x1301}
2025-04-29 15:36:16 INFO  c.r.r.m.p.i.d.PrintCropLayout - Adjusted Crop Rect: {86, 25, 1839x1301}
2025-04-29 15:36:16 INFO  c.r.r.m.p.i.d.PrintCropLayout - Adjusted Crop Rect: {122, 39, 1839x1301}
2025-04-29 15:36:16 INFO  c.r.r.m.p.i.d.PrintCropLayout - Adjusted Crop Rect: {154, 54, 1839x1301}
2025-04-29 15:36:16 INFO  c.r.r.m.p.i.d.PrintCropLayout - Adjusted Crop Rect: {162, 61, 1839x1301}
2025-04-29 15:36:16 INFO  c.r.r.m.p.i.d.PrintCropLayout - Adjusted Crop Rect: {172, 64, 1839x1301}
2025-04-29 15:36:16 INFO  c.r.r.m.p.i.d.PrintCropLayout - Adjusted Crop Rect: {183, 68, 1839x1301}
2025-04-29 15:36:16 INFO  c.r.r.m.p.i.d.PrintCropLayout - Adjusted Crop Rect: {190, 68, 1839x1301}
2025-04-29 15:36:17 INFO  c.r.r.m.p.i.d.PrintCropLayout - Adjusted Crop Rect: {187, 68, 1839x1301}
2025-04-29 15:36:17 INFO  c.r.r.m.p.i.d.PrintCropLayout - Adjusted Crop Rect: {176, 68, 1839x1301}
2025-04-29 15:36:17 INFO  c.r.r.m.p.i.d.PrintCropLayout - Adjusted Crop Rect: {169, 68, 1839x1301}
2025-04-29 15:36:17 INFO  c.r.r.m.p.i.d.PrintCropLayout - Adjusted Crop Rect: {158, 68, 1839x1301}
2025-04-29 15:36:17 INFO  c.r.r.m.p.i.d.PrintCropLayout - Adjusted Crop Rect: {151, 68, 1839x1301}
