2025-04-29 15:12:03 INFO  c.r.rxviewui.controller.LoginPage - logged In
2025-04-29 15:12:03 INFO  c.r.r.service.login.LoginController - ip mismatched 192.168.1.139 and 192.168.12.10
2025-04-29 15:12:03 INFO  c.r.r.service.login.LoginController - IP not found
2025-04-29 15:12:03 INFO  c.r.r.service.login.LoginController - initialized
2025-04-29 15:12:06 INFO  c.r.r.service.login.LoginController - No devices found!!!
2025-04-29 15:12:12 INFO  c.r.r.m.p.i.d.PrintCropLayout - Crop Rect: {805, 0, 1415x2497}
2025-04-29 15:12:12 INFO  c.r.r.m.p.i.d.PrintCropLayout - printCanvasMainChange.getDisplayImage() 3052x2500
2025-04-29 15:12:15 INFO  c.r.r.m.p.i.d.PrintCropLayout - Crop Rect: {805, 0, 1415x2497}
2025-04-29 15:12:15 INFO  c.r.r.m.p.i.d.PrintCropLayout - printCanvasMainChange.getDisplayImage() 3052x2500
2025-04-29 15:12:15 INFO  c.r.r.m.p.i.d.PrintCropLayout - Crop Rect: {805, 0, 1415x2497}
2025-04-29 15:12:15 INFO  c.r.r.m.p.i.d.PrintCropLayout - printCanvasMainChange.getDisplayImage() 3052x2500
2025-04-29 15:12:15 INFO  c.r.r.m.p.i.d.PrintCropLayout - Crop Rect: {805, 0, 1415x2497}
2025-04-29 15:12:15 INFO  c.r.r.m.p.i.d.PrintCropLayout - printCanvasMainChange.getDisplayImage() 3052x2500
2025-04-29 15:12:15 INFO  c.r.r.m.p.i.d.PrintCropLayout - Crop Rect: {805, 0, 1415x2497}
2025-04-29 15:12:15 INFO  c.r.r.m.p.i.d.PrintCropLayout - printCanvasMainChange.getDisplayImage() 3052x2500
2025-04-29 15:12:15 INFO  c.r.r.m.p.i.d.PrintCropLayout - Crop Rect: {805, 0, 1415x2497}
2025-04-29 15:12:15 INFO  c.r.r.m.p.i.d.PrintCropLayout - printCanvasMainChange.getDisplayImage() 3052x2500
2025-04-29 15:12:15 INFO  c.r.r.m.p.i.d.PrintCropLayout - Crop Rect: {805, 0, 1415x2497}
2025-04-29 15:12:15 INFO  c.r.r.m.p.i.d.PrintCropLayout - printCanvasMainChange.getDisplayImage() 3052x2500
2025-04-29 15:12:15 INFO  c.r.r.m.p.i.d.PrintCropLayout - Crop Rect: {805, 0, 1415x2497}
2025-04-29 15:12:15 INFO  c.r.r.m.p.i.d.PrintCropLayout - printCanvasMainChange.getDisplayImage() 3052x2500
2025-04-29 15:12:15 INFO  c.r.r.m.p.i.d.PrintCropLayout - Crop Rect: {805, 0, 1415x2497}
2025-04-29 15:12:15 INFO  c.r.r.m.p.i.d.PrintCropLayout - printCanvasMainChange.getDisplayImage() 3052x2500
2025-04-29 15:12:15 INFO  c.r.r.m.p.i.d.PrintCropLayout - Crop Rect: {805, 0, 1415x2497}
2025-04-29 15:12:15 INFO  c.r.r.m.p.i.d.PrintCropLayout - printCanvasMainChange.getDisplayImage() 3052x2500
2025-04-29 15:12:15 INFO  c.r.r.m.p.i.d.PrintCropLayout - Crop Rect: {805, 0, 1415x2497}
2025-04-29 15:12:15 INFO  c.r.r.m.p.i.d.PrintCropLayout - printCanvasMainChange.getDisplayImage() 3052x2500
2025-04-29 15:12:15 INFO  c.r.r.m.p.i.d.PrintCropLayout - Crop Rect: {805, 0, 1415x2497}
2025-04-29 15:12:15 INFO  c.r.r.m.p.i.d.PrintCropLayout - printCanvasMainChange.getDisplayImage() 3052x2500
2025-04-29 15:12:16 INFO  c.r.r.m.p.i.d.PrintCropLayout - Crop Rect: {805, 0, 1415x2497}
2025-04-29 15:12:16 INFO  c.r.r.m.p.i.d.PrintCropLayout - printCanvasMainChange.getDisplayImage() 3052x2500
2025-04-29 15:12:16 INFO  c.r.r.m.p.i.d.PrintCropLayout - Crop Rect: {805, 0, 1415x2497}
2025-04-29 15:12:16 INFO  c.r.r.m.p.i.d.PrintCropLayout - printCanvasMainChange.getDisplayImage() 3052x2500
2025-04-29 15:12:16 INFO  c.r.r.m.p.i.d.PrintCropLayout - Crop Rect: {805, 0, 1415x2497}
2025-04-29 15:12:16 INFO  c.r.r.m.p.i.d.PrintCropLayout - printCanvasMainChange.getDisplayImage() 3052x2500
2025-04-29 15:12:16 INFO  c.r.r.m.p.i.d.PrintCropLayout - Crop Rect: {805, 0, 1415x2497}
2025-04-29 15:12:16 INFO  c.r.r.m.p.i.d.PrintCropLayout - printCanvasMainChange.getDisplayImage() 3052x2500
2025-04-29 15:12:16 INFO  c.r.r.m.p.i.d.PrintCropLayout - Crop Rect: {805, 0, 1415x2497}
2025-04-29 15:12:16 INFO  c.r.r.m.p.i.d.PrintCropLayout - printCanvasMainChange.getDisplayImage() 3052x2500
2025-04-29 15:12:16 INFO  c.r.r.m.p.i.d.PrintCropLayout - Crop Rect: {805, 0, 1415x2497}
2025-04-29 15:12:16 INFO  c.r.r.m.p.i.d.PrintCropLayout - printCanvasMainChange.getDisplayImage() 3052x2500
2025-04-29 15:12:16 INFO  c.r.r.m.p.i.d.PrintCropLayout - Crop Rect: {805, 0, 1415x2497}
2025-04-29 15:12:16 INFO  c.r.r.m.p.i.d.PrintCropLayout - printCanvasMainChange.getDisplayImage() 3052x2500
2025-04-29 15:12:16 INFO  c.r.r.m.p.i.d.PrintCropLayout - Crop Rect: {805, 0, 1415x2497}
2025-04-29 15:12:16 INFO  c.r.r.m.p.i.d.PrintCropLayout - printCanvasMainChange.getDisplayImage() 3052x2500
2025-04-29 15:12:16 INFO  c.r.r.m.p.i.d.PrintCropLayout - Crop Rect: {805, 0, 1415x2497}
2025-04-29 15:12:16 INFO  c.r.r.m.p.i.d.PrintCropLayout - printCanvasMainChange.getDisplayImage() 3052x2500
2025-04-29 15:12:16 INFO  c.r.r.m.p.i.d.PrintCropLayout - Crop Rect: {805, 0, 1415x2497}
2025-04-29 15:12:16 INFO  c.r.r.m.p.i.d.PrintCropLayout - printCanvasMainChange.getDisplayImage() 3052x2500
