2025-07-22 17:14:21 INFO  com.raymedis.rxviewui.service.study.StudyMainController - Console is ON
2025-07-22 17:14:21 INFO  com.raymedis.rxviewui.service.database.DatabaseController - Setting visibility for field: accession number
2025-07-22 17:14:21 INFO  com.raymedis.rxviewui.service.database.DatabaseController - Setting visibility for field: age
2025-07-22 17:14:21 INFO  com.raymedis.rxviewui.service.database.DatabaseController - Setting visibility for field: height
2025-07-22 17:14:21 INFO  com.raymedis.rxviewui.service.database.DatabaseController - Setting visibility for field: institution
2025-07-22 17:14:21 INFO  com.raymedis.rxviewui.service.database.DatabaseController - Setting visibility for field: patient id
2025-07-22 17:14:21 INFO  com.raymedis.rxviewui.service.database.DatabaseController - Setting visibility for field: patient name
2025-07-22 17:14:21 INFO  com.raymedis.rxviewui.service.database.DatabaseController - Setting visibility for field: performing physician
2025-07-22 17:14:21 INFO  com.raymedis.rxviewui.service.database.DatabaseController - Setting visibility for field: procedure
2025-07-22 17:14:21 INFO  com.raymedis.rxviewui.service.database.DatabaseController - Setting visibility for field: study description
2025-07-22 17:14:24 INFO  com.raymedis.rxviewui.controller.LoginPage - logged In
2025-07-22 17:14:25 INFO  com.raymedis.rxviewui.service.login.LoginController - 192.168.12.10
2025-07-22 17:14:25 INFO  com.raymedis.rxviewui.service.login.LoginController - ip matched 192.168.12.10
2025-07-22 17:14:25 INFO  com.raymedis.rxviewui.service.fpdSdks.controller.FpdController - Loading detector: X221AW2-B1C, SDK type: RAD_INNOCARE
2025-07-22 17:14:25 INFO  com.raymedis.rxviewui.service.login.LoginController - initialized
2025-07-22 17:14:28 INFO  com.raymedis.rxviewui.service.study.StudyMainController - Setting console values for body part: Chest
2025-07-22 17:14:28 INFO  com.raymedis.rxviewui.modules.serialPortCom.SerialPortManager - Setting Xray Console - kv: 70.0, ma: 80, mas: 4.0
2025-07-22 17:14:28 INFO  com.raymedis.serialPortCommunication.rxview_consolecom_old.RxPanelInitializationOld - Available COM ports:
2025-07-22 17:14:28 INFO  com.raymedis.rxviewui.modules.serialPortCom.SerialPortManager - setMa kv1: 70.0, ma1: 80.0
2025-07-22 17:14:28 INFO  com.raymedis.rxviewui.modules.serialPortCom.SerialPortManager - x: 175
2025-07-22 17:14:28 INFO  com.raymedis.rxviewui.modules.serialPortCom.SerialPortManager - Current Sent: 80.0
2025-07-22 17:14:28 INFO  com.raymedis.rxviewui.modules.serialPortCom.SerialPortManager - Calibration Val: 8.32
2025-07-22 17:14:28 INFO  com.raymedis.rxviewui.modules.serialPortCom.SerialPortManager - Calibration Val: 8.49
2025-07-22 17:14:28 INFO  com.raymedis.rxviewui.modules.serialPortCom.SerialPortManager - Calibration Val: 8.29
2025-07-22 17:14:28 INFO  com.raymedis.rxviewui.modules.serialPortCom.SerialPortManager - Calibration Val: 8.49
2025-07-22 17:14:28 INFO  com.raymedis.rxviewui.modules.serialPortCom.SerialPortManager - filamentCurrent: 8.32
2025-07-22 17:14:28 INFO  com.raymedis.rxviewui.modules.serialPortCom.SerialPortManager - KV Sent : 70.0
2025-07-22 17:14:28 INFO  com.raymedis.rxviewui.modules.serialPortCom.SerialPortManager - Calibration Val: 8.32
2025-07-22 17:14:28 INFO  com.raymedis.rxviewui.modules.serialPortCom.SerialPortManager - Calibration Val: 8.49
2025-07-22 17:14:28 INFO  com.raymedis.rxviewui.modules.serialPortCom.SerialPortManager - Calibration Val: 8.29
2025-07-22 17:14:28 INFO  com.raymedis.rxviewui.modules.serialPortCom.SerialPortManager - Calibration Val: 8.49
2025-07-22 17:14:28 INFO  com.raymedis.serialPortCommunication.rxview_consolecom_old.TriggerCommandRxOld - Serial port is not open.
2025-07-22 17:14:28 INFO  com.raymedis.rxviewui.modules.serialPortCom.SerialPortManager - In short sending KV: 208
2025-07-22 17:14:28 INFO  com.raymedis.rxviewui.modules.serialPortCom.SerialPortManager - In byte sending KV: -48
2025-07-22 17:14:28 INFO  com.raymedis.rxviewui.modules.serialPortCom.SerialPortManager - setExposureTime 0.05
2025-07-22 17:14:28 INFO  com.raymedis.rxviewui.modules.serialPortCom.SerialPortManager - Exposure Time Sent - 50
2025-07-22 17:14:28 INFO  com.raymedis.serialPortCommunication.rxview_consolecom_old.TriggerCommandRxOld - Setting KV to: -48
2025-07-22 17:14:28 INFO  com.raymedis.serialPortCommunication.rxview_consolecom_old.TriggerCommandRxOld - Serial port is not open.
2025-07-22 17:14:28 INFO  com.raymedis.serialPortCommunication.rxview_consolecom_old.TriggerCommandRxOld - Setting Exposure Time to: 50 0 and G
2025-07-22 17:14:28 INFO  com.raymedis.serialPortCommunication.rxview_consolecom_old.TriggerCommandRxOld - Serial port is not open.
2025-07-22 17:14:28 INFO  com.raymedis.serialPortCommunication.rxview_consolecom_old.RxPanelInitializationOld - - COM6: USB-SERIAL CH340 (COM6)
2025-07-22 17:14:28 INFO  com.raymedis.serialPortCommunication.rxview_consolecom_old.RxPanelInitializationOld - - COM5: USB-SERIAL CH340 (COM5)
2025-07-22 17:14:28 INFO  com.raymedis.serialPortCommunication.rxview_consolecom_old.RxPanelInitializationOld - Available COM ports:
2025-07-22 17:14:28 INFO  com.raymedis.serialPortCommunication.rxview_consolecom_old.RxPanelInitializationOld - - COM6: USB-SERIAL CH340 (COM6)
2025-07-22 17:14:28 INFO  com.raymedis.serialPortCommunication.rxview_consolecom_old.RxPanelInitializationOld - - COM5: USB-SERIAL CH340 (COM5)
2025-07-22 17:14:28 INFO  com.raymedis.serialPortCommunication.rxview_consolecom_old.RxPanelInitializationOld - Connected to RX panel.
2025-07-22 17:14:28 INFO  com.raymedis.serialPortCommunication.rxview_consolecom_old.ReceiveCommandRxOld - requested interlocks, attempt 1
2025-07-22 17:14:28 ERROR com.raymedis.rxviewui.service.fpdSdks.controller.FpdController - No devices found
2025-07-22 17:14:28 INFO  com.raymedis.rxviewui.service.login.LoginController - No devices found!!!
2025-07-22 17:14:30 INFO  com.raymedis.serialPortCommunication.rxview_consolecom_old.ReceiveCommandRxOld - Interlock attempt 1 failed.
2025-07-22 17:14:30 INFO  com.raymedis.serialPortCommunication.rxview_consolecom_old.ReceiveCommandRxOld - requested interlocks, attempt 2
2025-07-22 17:14:32 INFO  com.raymedis.serialPortCommunication.rxview_consolecom_old.ReceiveCommandRxOld - Interlock attempt 2 failed.
2025-07-22 17:14:32 INFO  com.raymedis.serialPortCommunication.rxview_consolecom_old.ReceiveCommandRxOld - requested interlocks, attempt 3
2025-07-22 17:14:34 INFO  com.raymedis.serialPortCommunication.rxview_consolecom_old.ReceiveCommandRxOld - Interlock attempt 3 failed.
2025-07-22 17:14:34 INFO  com.raymedis.serialPortCommunication.rxview_consolecom_old.ReceiveCommandRxOld - Failed to retrieve interlocks after 3 attempts. Exiting.
2025-07-22 17:14:34 INFO  com.raymedis.rxviewui.modules.serialPortCom.SerialPortCommunicationService - Received response: INTERLOCK_FAILED
2025-07-22 17:14:34 INFO  com.raymedis.rxviewui.modules.serialPortCom.SerialPortCommunicationService - Received response: INTERLOCK_FAILED
2025-07-22 17:14:34 INFO  com.raymedis.rxviewui.modules.serialPortCom.SerialPortCommunicationService - Interlock failed.
2025-07-22 17:14:34 INFO  com.raymedis.serialPortCommunication.rxview_consolecom_old.RxPanelInitializationOld - Disconnecting from RX panel...
2025-07-22 17:14:34 INFO  com.raymedis.serialPortCommunication.rxview_consolecom_old.RxPanelInitializationOld - Disconnected Port due to interlock issues.
2025-07-22 17:14:34 INFO  com.raymedis.rxviewui.service.study.StudyMainController - done
