2025-07-22 17:38:25 INFO  c.r.r.s.study.StudyMainController - Console is ON
2025-07-22 17:38:25 INFO  c.r.r.s.database.DatabaseController - Setting visibility for field: accession number
2025-07-22 17:38:25 INFO  c.r.r.s.database.DatabaseController - Setting visibility for field: age
2025-07-22 17:38:25 INFO  c.r.r.s.database.DatabaseController - Setting visibility for field: height
2025-07-22 17:38:25 INFO  c.r.r.s.database.DatabaseController - Setting visibility for field: institution
2025-07-22 17:38:25 INFO  c.r.r.s.database.DatabaseController - Setting visibility for field: patient id
2025-07-22 17:38:25 INFO  c.r.r.s.database.DatabaseController - Setting visibility for field: patient name
2025-07-22 17:38:25 INFO  c.r.r.s.database.DatabaseController - Setting visibility for field: performing physician
2025-07-22 17:38:25 INFO  c.r.r.s.database.DatabaseController - Setting visibility for field: procedure
2025-07-22 17:38:25 INFO  c.r.r.s.database.DatabaseController - Setting visibility for field: study description
2025-07-22 17:38:30 INFO  c.r.rxviewui.controller.LoginPage - logged In
2025-07-22 17:38:30 INFO  c.r.r.service.login.LoginController - 192.168.12.10
2025-07-22 17:38:30 INFO  c.r.r.service.login.LoginController - ip matched 192.168.12.10
2025-07-22 17:38:30 INFO  c.r.r.s.f.controller.FpdController - Loading detector: X221AW2-B1C, SDK type: RAD_INNOCARE
2025-07-22 17:38:30 INFO  c.r.r.service.login.LoginController - initialized
2025-07-22 17:38:33 ERROR c.r.r.s.f.controller.FpdController - No devices found
2025-07-22 17:38:33 INFO  c.r.r.service.login.LoginController - No devices found!!!
2025-07-22 17:38:35 INFO  c.r.r.s.study.StudyMainController - Setting console values for body part: Chest
2025-07-22 17:38:35 INFO  c.r.r.m.s.SerialPortManager - Setting Xray Console - kv: 70.0, ma: 80, mas: 4.0
2025-07-22 17:38:35 INFO  c.r.s.r.RxPanelInitializationOld - Available COM ports:
2025-07-22 17:38:35 INFO  c.r.r.m.s.SerialPortManager - setMa kv1: 70.0, ma1: 80.0
2025-07-22 17:38:35 INFO  c.r.r.m.s.SerialPortManager - x: 175
2025-07-22 17:38:35 INFO  c.r.r.m.s.SerialPortManager - Current Sent: 80.0
2025-07-22 17:38:35 INFO  c.r.r.m.s.SerialPortManager - Calibration Val: 8.32
2025-07-22 17:38:35 INFO  c.r.r.m.s.SerialPortManager - Calibration Val: 8.49
2025-07-22 17:38:35 INFO  c.r.r.m.s.SerialPortManager - Calibration Val: 8.29
2025-07-22 17:38:35 INFO  c.r.r.m.s.SerialPortManager - Calibration Val: 8.49
2025-07-22 17:38:35 INFO  c.r.r.m.s.SerialPortManager - filamentCurrent: 8.32
2025-07-22 17:38:35 INFO  c.r.r.m.s.SerialPortManager - KV Sent : 70.0
2025-07-22 17:38:35 INFO  c.r.r.m.s.SerialPortManager - Calibration Val: 8.32
2025-07-22 17:38:35 INFO  c.r.r.m.s.SerialPortManager - Calibration Val: 8.49
2025-07-22 17:38:35 INFO  c.r.r.m.s.SerialPortManager - Calibration Val: 8.29
2025-07-22 17:38:35 INFO  c.r.s.r.TriggerCommandRxOld - Serial port is not open.
2025-07-22 17:38:35 INFO  c.r.r.m.s.SerialPortManager - Calibration Val: 8.49
2025-07-22 17:38:35 INFO  c.r.r.m.s.SerialPortManager - In short sending KV: 208
2025-07-22 17:38:35 INFO  c.r.r.m.s.SerialPortManager - In byte sending KV: -48
2025-07-22 17:38:35 INFO  c.r.r.m.s.SerialPortManager - setExposureTime 0.05
2025-07-22 17:38:35 INFO  c.r.r.m.s.SerialPortManager - Exposure Time Sent - 50
2025-07-22 17:38:35 INFO  c.r.s.r.TriggerCommandRxOld - Setting Exposure Time to: 50 0 and G
2025-07-22 17:38:35 INFO  c.r.s.r.TriggerCommandRxOld - Setting KV to: -48
2025-07-22 17:38:35 INFO  c.r.s.r.TriggerCommandRxOld - Serial port is not open.
2025-07-22 17:38:35 INFO  c.r.s.r.TriggerCommandRxOld - Serial port is not open.
2025-07-22 17:38:35 INFO  c.r.s.r.RxPanelInitializationOld - - COM6: USB-SERIAL CH340 (COM6)
2025-07-22 17:38:35 INFO  c.r.s.r.RxPanelInitializationOld - - COM5: USB-SERIAL CH340 (COM5)
2025-07-22 17:38:35 INFO  c.r.s.r.RxPanelInitializationOld - Available COM ports:
2025-07-22 17:38:35 INFO  c.r.s.r.RxPanelInitializationOld - - COM6: USB-SERIAL CH340 (COM6)
2025-07-22 17:38:35 INFO  c.r.s.r.RxPanelInitializationOld - - COM5: USB-SERIAL CH340 (COM5)
2025-07-22 17:38:35 INFO  c.r.s.r.RxPanelInitializationOld - Connected to RX panel.
2025-07-22 17:38:35 INFO  c.r.s.r.ReceiveCommandRxOld - requested interlocks, attempt 1
2025-07-22 17:38:36 INFO  c.r.r.service.study.StudyService - current bodyPart chest AP
2025-07-22 17:38:36 INFO  c.r.r.s.preProcessing.PreProcess - Processing body part: chest
2025-07-22 17:38:36 INFO  c.r.r.s.preProcessing.PreProcess - Mat is 16-bit unsigned
2025-07-22 17:38:37 INFO  c.r.s.r.ReceiveCommandRxOld - Interlock attempt 1 failed.
2025-07-22 17:38:37 INFO  c.r.s.r.ReceiveCommandRxOld - requested interlocks, attempt 2
2025-07-22 17:38:39 INFO  c.r.s.r.ReceiveCommandRxOld - Interlock attempt 2 failed.
2025-07-22 17:38:39 INFO  c.r.s.r.ReceiveCommandRxOld - requested interlocks, attempt 3
2025-07-22 17:38:39 INFO  c.r.r.service.study.StudyService - Image received Found in FPD
2025-07-22 17:38:39 INFO  c.r.r.service.study.StudyService - org : CV_16UC1
2025-07-22 17:38:39 INFO  c.r.r.service.study.StudyService - study mat.rows() * width : 1024 1024.0
2025-07-22 17:38:39 INFO  c.r.r.service.study.StudyService - study DynamicCanvasElementsResize values set with multiple: 1.0
2025-07-22 17:38:39 INFO  c.r.r.service.study.StudyService - study Line Width: 2.0, Ellipse Radius X: 8.0, Ellipse Radius Y: 8.0, Label Font Size: 14.0, Rect Width: 90.0, Rect Height: 30.0, Custom Font Icon Size: 200.0
2025-07-22 17:38:39 INFO  c.r.r.m.I.D.CanvasMainChange - cropRect : {0, 0, 838x1024}
2025-07-22 17:38:39 INFO  c.r.r.m.I.D.MainDrawTool - imaging params 0.0,1.0,3.0,1.0
2025-07-22 17:38:39 INFO  c.r.r.m.I.D.CanvasMainChange - cropRect : {0, 0, 838x1024}
2025-07-22 17:38:39 INFO  c.r.r.m.I.D.CanvasMainChange - cropRect : {0, 0, 838x1024}
2025-07-22 17:38:40 INFO  c.r.r.m.I.D.CanvasMainChange - cropRect : {0, 0, 838x1024}
2025-07-22 17:38:40 INFO  c.r.r.m.I.D.MainDrawTool - ImagingParams is null
2025-07-22 17:38:40 INFO  c.r.r.m.I.D.MainDrawTool - HFlip is false, not applying HFlip
2025-07-22 17:38:40 INFO  c.r.r.m.I.D.MainDrawTool - L/R Label: L
2025-07-22 17:38:40 INFO  c.r.r.m.I.D.CanvasMainChange - cropRect : {0, 0, 838x1024}
2025-07-22 17:38:40 INFO  c.r.r.m.I.D.CanvasMainChange - cropRect : {0, 0, 838x1024}
2025-07-22 17:38:40 INFO  c.r.r.m.I.D.CanvasMainChange - cropRect : {0, 0, 838x1024}
2025-07-22 17:38:40 INFO  c.r.r.m.I.D.MainDrawTool - Text: Some Text
2025-07-22 17:38:40 INFO  c.r.r.m.I.D.CanvasMainChange - cropRect : {0, 0, 838x1024}
2025-07-22 17:38:40 INFO  c.r.r.m.I.D.MainDrawTool - Position Value: 175.0
2025-07-22 17:38:40 INFO  c.r.r.m.I.D.MainDrawTool - Invalid position value: 175.0
2025-07-22 17:38:40 INFO  c.r.r.m.I.D.CanvasMainChange - cropRect : {0, 0, 838x1024}
2025-07-22 17:38:40 INFO  c.r.r.m.I.D.MainDrawTool - imaging params 0.0,1.0,3.0,1.0
2025-07-22 17:38:40 INFO  c.r.r.m.I.D.CanvasMainChange - cropRect : {0, 0, 838x1024}
2025-07-22 17:38:41 INFO  c.r.s.r.ReceiveCommandRxOld - Interlock attempt 3 failed.
2025-07-22 17:38:41 INFO  c.r.s.r.ReceiveCommandRxOld - Failed to retrieve interlocks after 3 attempts. Exiting.
2025-07-22 17:38:41 INFO  c.r.r.m.s.SerialPortCommunicationService - Received response: INTERLOCK_FAILED
2025-07-22 17:38:41 INFO  c.r.r.m.s.SerialPortCommunicationService - Received response: INTERLOCK_FAILED
2025-07-22 17:38:41 INFO  c.r.r.m.s.SerialPortCommunicationService - Interlock failed.
2025-07-22 17:38:41 INFO  c.r.s.r.RxPanelInitializationOld - Disconnecting from RX panel...
2025-07-22 17:38:41 INFO  c.r.s.r.RxPanelInitializationOld - Disconnected Port due to interlock issues.
2025-07-22 17:38:41 INFO  c.r.r.s.study.StudyMainController - done
2025-07-22 17:38:44 INFO  c.r.r.m.I.D.CanvasMainChange - cropRect : {0, 0, 838x1024}
2025-07-22 17:38:44 INFO  c.r.r.m.I.D.CropLayout - drawLayout called
2025-07-22 17:38:46 INFO  c.r.r.m.I.D.CropLayout - drawLayout called
2025-07-22 17:38:46 INFO  c.r.r.m.I.D.CropLayout - drawLayout called
2025-07-22 17:38:46 INFO  c.r.r.m.I.D.CropLayout - drawLayout called
2025-07-22 17:38:46 INFO  c.r.r.m.I.D.CropLayout - drawLayout called
2025-07-22 17:38:46 INFO  c.r.r.m.I.D.CropLayout - drawLayout called
2025-07-22 17:38:46 INFO  c.r.r.m.I.D.CropLayout - drawLayout called
2025-07-22 17:38:46 INFO  c.r.r.m.I.D.CropLayout - drawLayout called
2025-07-22 17:38:46 INFO  c.r.r.m.I.D.CropLayout - drawLayout called
2025-07-22 17:38:47 INFO  c.r.r.m.I.D.CropLayout - drawLayout called
2025-07-22 17:38:47 INFO  c.r.r.m.I.D.CropLayout - drawLayout called
2025-07-22 17:38:47 INFO  c.r.r.m.I.D.CropLayout - drawLayout called
2025-07-22 17:38:47 INFO  c.r.r.m.I.D.CropLayout - drawLayout called
2025-07-22 17:38:47 INFO  c.r.r.m.I.D.CropLayout - drawLayout called
2025-07-22 17:38:47 INFO  c.r.r.m.I.D.CropLayout - drawLayout called
2025-07-22 17:38:47 INFO  c.r.r.m.I.D.CropLayout - drawLayout called
2025-07-22 17:38:47 INFO  c.r.r.m.I.D.CropLayout - drawLayout called
2025-07-22 17:38:47 INFO  c.r.r.m.I.D.CropLayout - drawLayout called
2025-07-22 17:38:47 INFO  c.r.r.m.I.D.CropLayout - drawLayout called
2025-07-22 17:38:47 INFO  c.r.r.m.I.D.CropLayout - drawLayout called
2025-07-22 17:38:47 INFO  c.r.r.m.I.D.CropLayout - drawLayout called
2025-07-22 17:38:47 INFO  c.r.r.m.I.D.CropLayout - drawLayout called
2025-07-22 17:38:49 INFO  c.r.r.m.I.D.CropLayout - drawLayout called
2025-07-22 17:38:49 INFO  c.r.r.m.I.D.CropLayout - drawLayout called
2025-07-22 17:38:49 INFO  c.r.r.m.I.D.CropLayout - drawLayout called
2025-07-22 17:38:49 INFO  c.r.r.m.I.D.CropLayout - drawLayout called
2025-07-22 17:38:49 INFO  c.r.r.m.I.D.CropLayout - drawLayout called
2025-07-22 17:38:49 INFO  c.r.r.m.I.D.CropLayout - drawLayout called
2025-07-22 17:38:49 INFO  c.r.r.m.I.D.CropLayout - drawLayout called
2025-07-22 17:38:49 INFO  c.r.r.m.I.D.CropLayout - drawLayout called
2025-07-22 17:38:49 INFO  c.r.r.m.I.D.CropLayout - drawLayout called
2025-07-22 17:38:49 INFO  c.r.r.m.I.D.CropLayout - drawLayout called
2025-07-22 17:38:49 INFO  c.r.r.m.I.D.CropLayout - drawLayout called
2025-07-22 17:38:49 INFO  c.r.r.m.I.D.CropLayout - drawLayout called
2025-07-22 17:38:49 INFO  c.r.r.m.I.D.CropLayout - drawLayout called
2025-07-22 17:38:49 INFO  c.r.r.m.I.D.CropLayout - drawLayout called
2025-07-22 17:38:49 INFO  c.r.r.m.I.D.CropLayout - drawLayout called
2025-07-22 17:38:49 INFO  c.r.r.m.I.D.CropLayout - drawLayout called
2025-07-22 17:38:49 INFO  c.r.r.m.I.D.CropLayout - drawLayout called
2025-07-22 17:38:49 INFO  c.r.r.m.I.D.CropLayout - drawLayout called
2025-07-22 17:38:49 INFO  c.r.r.m.I.D.CropLayout - drawLayout called
2025-07-22 17:38:49 INFO  c.r.r.m.I.D.CropLayout - drawLayout called
2025-07-22 17:38:49 INFO  c.r.r.m.I.D.CropLayout - drawLayout called
2025-07-22 17:38:49 INFO  c.r.r.m.I.D.CropLayout - drawLayout called
2025-07-22 17:38:49 INFO  c.r.r.m.I.D.CropLayout - drawLayout called
2025-07-22 17:38:49 INFO  c.r.r.m.I.D.CropLayout - drawLayout called
2025-07-22 17:38:49 INFO  c.r.r.m.I.D.CropLayout - drawLayout called
2025-07-22 17:38:49 INFO  c.r.r.m.I.D.CropLayout - drawLayout called
2025-07-22 17:38:49 INFO  c.r.r.m.I.D.CropLayout - drawLayout called
2025-07-22 17:38:50 INFO  c.r.r.m.I.D.CropLayout - drawLayout called
2025-07-22 17:38:50 INFO  c.r.r.m.I.D.CropLayout - drawLayout called
2025-07-22 17:38:50 INFO  c.r.r.m.I.D.CropLayout - drawLayout called
2025-07-22 17:38:50 INFO  c.r.r.m.I.D.CropLayout - drawLayout called
2025-07-22 17:38:50 INFO  c.r.r.m.I.D.CropLayout - drawLayout called
2025-07-22 17:38:50 INFO  c.r.r.m.I.D.CropLayout - drawLayout called
2025-07-22 17:38:51 INFO  c.r.r.m.I.D.CropLayout - rectX: 217.87234042553197, rectY: 0.0, rectWidth: 448.0085106382977, rectHeight: 1024.0
2025-07-22 17:38:51 INFO  c.r.r.m.I.D.CanvasMainChange - cropRect : {217, 0, 448x1024}
2025-07-22 17:38:51 INFO  c.r.r.m.I.D.CanvasMainChange - cropRect : {217, 0, 448x1024}
2025-07-22 17:38:51 INFO  c.r.r.m.I.D.MainDrawTool - rect : 217.87234042553197, 0.0 448.0085106382977 1024.0
2025-07-22 17:38:51 INFO  c.r.r.m.I.D.CanvasMainChange - cropRect : {217, 0, 448x1024}
2025-07-22 17:38:51 INFO  c.r.r.m.I.D.CanvasMainChange - cropRect : {217, 0, 448x1024}
2025-07-22 17:38:52 INFO  c.r.r.m.I.D.CanvasMainChange - cropRect : {217, 0, 448x1024}
2025-07-22 17:38:55 INFO  c.r.r.m.I.D.CanvasMainChange - cropRect : {217, 0, 448x1024}
2025-07-22 17:38:56 INFO  c.r.r.m.I.D.CanvasMainChange - cropRect : {217, 0, 448x1024}
2025-07-22 17:38:57 INFO  c.r.r.m.I.D.MainDrawTool - imaging params 0.0,1.003780085106383,3.0,1.0
2025-07-22 17:38:58 INFO  c.r.r.m.I.D.CanvasMainChange - cropRect : {217, 0, 448x1024}
2025-07-22 17:38:58 INFO  c.r.r.m.I.D.MainDrawTool - imaging params 0.0,1.6388343829787235,3.0,1.0
2025-07-22 17:38:59 INFO  c.r.r.m.I.D.CanvasMainChange - cropRect : {217, 0, 448x1024}
2025-07-22 17:38:59 INFO  c.r.r.s.study.ProcessingToolsService - Processing Contrast Slider with value: 1.6
2025-07-22 17:38:59 INFO  c.r.r.m.I.D.MainDrawTool - imaging params 0.0,1.6,3.0,1.0
2025-07-22 17:39:00 INFO  c.r.r.m.I.D.CanvasMainChange - cropRect : {217, 0, 448x1024}
2025-07-22 17:39:00 INFO  c.r.r.m.I.D.MainDrawTool - imaging params 0.0,1.974228425531915,3.0,1.0
2025-07-22 17:39:01 INFO  c.r.r.m.I.D.CanvasMainChange - cropRect : {217, 0, 448x1024}
2025-07-22 17:39:01 INFO  c.r.r.m.I.D.MainDrawTool - imaging params 0.0,2.352236936170213,3.0,1.0
2025-07-22 17:39:02 INFO  c.r.r.m.I.D.CanvasMainChange - cropRect : {217, 0, 448x1024}
2025-07-22 17:39:02 INFO  c.r.r.s.study.ProcessingToolsService - Processing Contrast Slider with value: 2.4
2025-07-22 17:39:02 INFO  c.r.r.m.I.D.MainDrawTool - imaging params 0.0,2.4,3.0,1.0
2025-07-22 17:39:02 INFO  c.r.r.m.I.D.CanvasMainChange - cropRect : {217, 0, 448x1024}
2025-07-22 17:39:02 INFO  c.r.r.m.I.D.MainDrawTool - imaging params 0.0,1.7498253617021275,3.0,1.0
2025-07-22 17:39:03 INFO  c.r.r.m.I.D.CanvasMainChange - cropRect : {217, 0, 448x1024}
2025-07-22 17:39:03 INFO  c.r.r.s.study.ProcessingToolsService - Processing Contrast Slider with value: 1.7
2025-07-22 17:39:03 INFO  c.r.r.m.I.D.MainDrawTool - imaging params 0.0,1.7,3.0,1.0
2025-07-22 17:39:04 INFO  c.r.r.m.I.D.CanvasMainChange - cropRect : {217, 0, 448x1024}
2025-07-22 17:39:04 INFO  c.r.r.m.I.D.MainDrawTool - imaging params 0.0,1.692439829787234,3.0,1.0
2025-07-22 17:39:05 INFO  c.r.r.m.I.D.CanvasMainChange - cropRect : {217, 0, 448x1024}
2025-07-22 17:39:05 INFO  c.r.r.m.I.D.MainDrawTool - imaging params 0.0,0.9137422978723403,3.0,1.0
2025-07-22 17:39:06 INFO  c.r.r.m.I.D.CanvasMainChange - cropRect : {217, 0, 448x1024}
2025-07-22 17:39:06 INFO  c.r.r.s.study.ProcessingToolsService - Processing Contrast Slider with value: 0.9
2025-07-22 17:39:07 INFO  c.r.r.m.I.D.MainDrawTool - imaging params 0.0,0.9,3.0,1.0
