2025-07-22 17:36:40 INFO  c.r.r.s.study.StudyMainController - Console is ON
2025-07-22 17:36:40 INFO  c.r.r.s.database.DatabaseController - Setting visibility for field: accession number
2025-07-22 17:36:40 INFO  c.r.r.s.database.DatabaseController - Setting visibility for field: age
2025-07-22 17:36:40 INFO  c.r.r.s.database.DatabaseController - Setting visibility for field: height
2025-07-22 17:36:40 INFO  c.r.r.s.database.DatabaseController - Setting visibility for field: institution
2025-07-22 17:36:40 INFO  c.r.r.s.database.DatabaseController - Setting visibility for field: patient id
2025-07-22 17:36:40 INFO  c.r.r.s.database.DatabaseController - Setting visibility for field: patient name
2025-07-22 17:36:40 INFO  c.r.r.s.database.DatabaseController - Setting visibility for field: performing physician
2025-07-22 17:36:40 INFO  c.r.r.s.database.DatabaseController - Setting visibility for field: procedure
2025-07-22 17:36:40 INFO  c.r.r.s.database.DatabaseController - Setting visibility for field: study description
2025-07-22 17:36:44 INFO  c.r.rxviewui.controller.LoginPage - logged In
2025-07-22 17:36:44 INFO  c.r.r.service.login.LoginController - 192.168.12.10
2025-07-22 17:36:44 INFO  c.r.r.service.login.LoginController - ip matched 192.168.12.10
2025-07-22 17:36:44 INFO  c.r.r.s.f.controller.FpdController - Loading detector: X221AW2-B1C, SDK type: RAD_INNOCARE
2025-07-22 17:36:44 INFO  c.r.r.service.login.LoginController - initialized
2025-07-22 17:36:45 INFO  c.r.r.s.study.StudyMainController - Setting console values for body part: Chest
2025-07-22 17:36:45 INFO  c.r.r.m.s.SerialPortManager - Setting Xray Console - kv: 70.0, ma: 80, mas: 4.0
2025-07-22 17:36:45 INFO  c.r.s.r.RxPanelInitializationOld - Available COM ports:
2025-07-22 17:36:45 INFO  c.r.r.m.s.SerialPortManager - setMa kv1: 70.0, ma1: 80.0
2025-07-22 17:36:45 INFO  c.r.r.m.s.SerialPortManager - x: 175
2025-07-22 17:36:45 INFO  c.r.r.m.s.SerialPortManager - Current Sent: 80.0
2025-07-22 17:36:45 INFO  c.r.r.m.s.SerialPortManager - Calibration Val: 8.32
2025-07-22 17:36:45 INFO  c.r.r.m.s.SerialPortManager - Calibration Val: 8.49
2025-07-22 17:36:45 INFO  c.r.r.m.s.SerialPortManager - Calibration Val: 8.29
2025-07-22 17:36:45 INFO  c.r.r.m.s.SerialPortManager - Calibration Val: 8.49
2025-07-22 17:36:45 INFO  c.r.r.m.s.SerialPortManager - filamentCurrent: 8.32
2025-07-22 17:36:45 INFO  c.r.r.m.s.SerialPortManager - KV Sent : 70.0
2025-07-22 17:36:45 INFO  c.r.r.m.s.SerialPortManager - Calibration Val: 8.32
2025-07-22 17:36:45 INFO  c.r.r.m.s.SerialPortManager - Calibration Val: 8.49
2025-07-22 17:36:45 INFO  c.r.s.r.TriggerCommandRxOld - Serial port is not open.
2025-07-22 17:36:45 INFO  c.r.r.m.s.SerialPortManager - Calibration Val: 8.29
2025-07-22 17:36:45 INFO  c.r.r.m.s.SerialPortManager - Calibration Val: 8.49
2025-07-22 17:36:45 INFO  c.r.r.m.s.SerialPortManager - In short sending KV: 208
2025-07-22 17:36:45 INFO  c.r.r.m.s.SerialPortManager - In byte sending KV: -48
2025-07-22 17:36:45 INFO  c.r.r.m.s.SerialPortManager - setExposureTime 0.05
2025-07-22 17:36:45 INFO  c.r.r.m.s.SerialPortManager - Exposure Time Sent - 50
2025-07-22 17:36:45 INFO  c.r.s.r.TriggerCommandRxOld - Setting KV to: -48
2025-07-22 17:36:45 INFO  c.r.s.r.TriggerCommandRxOld - Serial port is not open.
2025-07-22 17:36:45 INFO  c.r.s.r.TriggerCommandRxOld - Setting Exposure Time to: 50 0 and G
2025-07-22 17:36:45 INFO  c.r.s.r.TriggerCommandRxOld - Serial port is not open.
2025-07-22 17:36:45 INFO  c.r.s.r.RxPanelInitializationOld - - COM6: USB-SERIAL CH340 (COM6)
2025-07-22 17:36:45 INFO  c.r.s.r.RxPanelInitializationOld - - COM5: USB-SERIAL CH340 (COM5)
2025-07-22 17:36:45 INFO  c.r.s.r.RxPanelInitializationOld - Available COM ports:
2025-07-22 17:36:45 INFO  c.r.s.r.RxPanelInitializationOld - - COM6: USB-SERIAL CH340 (COM6)
2025-07-22 17:36:45 INFO  c.r.s.r.RxPanelInitializationOld - - COM5: USB-SERIAL CH340 (COM5)
2025-07-22 17:36:45 INFO  c.r.s.r.RxPanelInitializationOld - Connected to RX panel.
2025-07-22 17:36:45 INFO  c.r.s.r.ReceiveCommandRxOld - requested interlocks, attempt 1
2025-07-22 17:36:47 INFO  c.r.r.service.study.StudyService - current bodyPart chest AP
2025-07-22 17:36:47 INFO  c.r.r.s.preProcessing.PreProcess - Processing body part: chest
2025-07-22 17:36:47 INFO  c.r.r.s.preProcessing.PreProcess - Mat is 16-bit unsigned
2025-07-22 17:36:47 INFO  c.r.s.r.ReceiveCommandRxOld - Interlock attempt 1 failed.
2025-07-22 17:36:47 INFO  c.r.s.r.ReceiveCommandRxOld - requested interlocks, attempt 2
2025-07-22 17:36:48 ERROR c.r.r.s.f.controller.FpdController - No devices found
2025-07-22 17:36:48 INFO  c.r.r.service.login.LoginController - No devices found!!!
2025-07-22 17:36:49 INFO  c.r.s.r.ReceiveCommandRxOld - Interlock attempt 2 failed.
2025-07-22 17:36:49 INFO  c.r.s.r.ReceiveCommandRxOld - requested interlocks, attempt 3
2025-07-22 17:36:49 INFO  c.r.r.service.study.StudyService - Image received Found in FPD
2025-07-22 17:36:49 INFO  c.r.r.service.study.StudyService - org : CV_16UC1
2025-07-22 17:36:50 INFO  c.r.r.service.study.StudyService - study mat.rows() * width : 1024 1024.0
2025-07-22 17:36:50 INFO  c.r.r.service.study.StudyService - study DynamicCanvasElementsResize values set with multiple: 1.0
2025-07-22 17:36:50 INFO  c.r.r.service.study.StudyService - study Line Width: 2.0, Ellipse Radius X: 8.0, Ellipse Radius Y: 8.0, Label Font Size: 14.0, Rect Width: 90.0, Rect Height: 30.0, Custom Font Icon Size: 200.0
2025-07-22 17:36:50 INFO  c.r.r.m.I.D.MainDrawTool - imaging params 0.0,1.0,3.0,1.0
2025-07-22 17:36:50 INFO  c.r.r.m.I.D.MainDrawTool - ImagingParams is null
2025-07-22 17:36:50 INFO  c.r.r.m.I.D.MainDrawTool - HFlip is false, not applying HFlip
2025-07-22 17:36:50 INFO  c.r.r.m.I.D.MainDrawTool - L/R Label: L
2025-07-22 17:36:50 INFO  c.r.r.m.I.D.MainDrawTool - Text: Some Text
2025-07-22 17:36:50 INFO  c.r.r.m.I.D.MainDrawTool - Position Value: 175.0
2025-07-22 17:36:50 INFO  c.r.r.m.I.D.MainDrawTool - Invalid position value: 175.0
2025-07-22 17:36:50 INFO  c.r.r.m.I.D.MainDrawTool - imaging params 0.0,1.0,3.0,1.0
2025-07-22 17:36:51 INFO  c.r.s.r.ReceiveCommandRxOld - Interlock attempt 3 failed.
2025-07-22 17:36:51 INFO  c.r.s.r.ReceiveCommandRxOld - Failed to retrieve interlocks after 3 attempts. Exiting.
2025-07-22 17:36:51 INFO  c.r.r.m.s.SerialPortCommunicationService - Received response: INTERLOCK_FAILED
2025-07-22 17:36:51 INFO  c.r.r.m.s.SerialPortCommunicationService - Received response: INTERLOCK_FAILED
2025-07-22 17:36:51 INFO  c.r.r.m.s.SerialPortCommunicationService - Interlock failed.
2025-07-22 17:36:51 INFO  c.r.s.r.RxPanelInitializationOld - Disconnecting from RX panel...
2025-07-22 17:36:51 INFO  c.r.s.r.RxPanelInitializationOld - Disconnected Port due to interlock issues.
2025-07-22 17:36:51 INFO  c.r.r.s.study.StudyMainController - done
2025-07-22 17:36:57 INFO  c.r.r.m.I.D.CropLayout - drawLayout called
2025-07-22 17:36:58 INFO  c.r.r.m.I.D.CropLayout - drawLayout called
2025-07-22 17:36:58 INFO  c.r.r.m.I.D.CropLayout - drawLayout called
2025-07-22 17:36:58 INFO  c.r.r.m.I.D.CropLayout - drawLayout called
2025-07-22 17:36:58 INFO  c.r.r.m.I.D.CropLayout - drawLayout called
2025-07-22 17:36:58 INFO  c.r.r.m.I.D.CropLayout - drawLayout called
2025-07-22 17:36:58 INFO  c.r.r.m.I.D.CropLayout - drawLayout called
2025-07-22 17:36:58 INFO  c.r.r.m.I.D.CropLayout - drawLayout called
2025-07-22 17:36:58 INFO  c.r.r.m.I.D.CropLayout - drawLayout called
2025-07-22 17:36:58 INFO  c.r.r.m.I.D.CropLayout - drawLayout called
2025-07-22 17:36:58 INFO  c.r.r.m.I.D.CropLayout - drawLayout called
2025-07-22 17:36:58 INFO  c.r.r.m.I.D.CropLayout - drawLayout called
2025-07-22 17:36:58 INFO  c.r.r.m.I.D.CropLayout - drawLayout called
2025-07-22 17:36:59 INFO  c.r.r.m.I.D.CropLayout - drawLayout called
2025-07-22 17:36:59 INFO  c.r.r.m.I.D.CropLayout - drawLayout called
2025-07-22 17:36:59 INFO  c.r.r.m.I.D.CropLayout - drawLayout called
2025-07-22 17:37:00 INFO  c.r.r.m.I.D.CropLayout - drawLayout called
2025-07-22 17:37:00 INFO  c.r.r.m.I.D.CropLayout - drawLayout called
2025-07-22 17:37:00 INFO  c.r.r.m.I.D.CropLayout - drawLayout called
2025-07-22 17:37:00 INFO  c.r.r.m.I.D.CropLayout - drawLayout called
2025-07-22 17:37:00 INFO  c.r.r.m.I.D.CropLayout - drawLayout called
2025-07-22 17:37:00 INFO  c.r.r.m.I.D.CropLayout - drawLayout called
2025-07-22 17:37:00 INFO  c.r.r.m.I.D.CropLayout - drawLayout called
2025-07-22 17:37:00 INFO  c.r.r.m.I.D.CropLayout - drawLayout called
2025-07-22 17:37:00 INFO  c.r.r.m.I.D.CropLayout - drawLayout called
2025-07-22 17:37:00 INFO  c.r.r.m.I.D.CropLayout - drawLayout called
2025-07-22 17:37:00 INFO  c.r.r.m.I.D.CropLayout - drawLayout called
2025-07-22 17:37:00 INFO  c.r.r.m.I.D.CropLayout - drawLayout called
2025-07-22 17:37:00 INFO  c.r.r.m.I.D.CropLayout - drawLayout called
2025-07-22 17:37:00 INFO  c.r.r.m.I.D.CropLayout - drawLayout called
2025-07-22 17:37:00 INFO  c.r.r.m.I.D.CropLayout - drawLayout called
2025-07-22 17:37:00 INFO  c.r.r.m.I.D.CropLayout - drawLayout called
2025-07-22 17:37:00 INFO  c.r.r.m.I.D.CropLayout - drawLayout called
2025-07-22 17:37:00 INFO  c.r.r.m.I.D.CropLayout - drawLayout called
2025-07-22 17:37:00 INFO  c.r.r.m.I.D.CropLayout - drawLayout called
2025-07-22 17:37:00 INFO  c.r.r.m.I.D.CropLayout - drawLayout called
2025-07-22 17:37:00 INFO  c.r.r.m.I.D.CropLayout - drawLayout called
2025-07-22 17:37:00 INFO  c.r.r.m.I.D.CropLayout - drawLayout called
2025-07-22 17:37:01 INFO  c.r.r.m.I.D.CropLayout - drawLayout called
2025-07-22 17:37:01 INFO  c.r.r.m.I.D.CropLayout - drawLayout called
2025-07-22 17:37:01 INFO  c.r.r.m.I.D.CropLayout - drawLayout called
2025-07-22 17:37:01 INFO  c.r.r.m.I.D.CropLayout - drawLayout called
2025-07-22 17:37:01 INFO  c.r.r.m.I.D.CropLayout - drawLayout called
2025-07-22 17:37:01 INFO  c.r.r.m.I.D.CropLayout - drawLayout called
2025-07-22 17:37:01 INFO  c.r.r.m.I.D.CropLayout - drawLayout called
2025-07-22 17:37:01 INFO  c.r.r.m.I.D.CropLayout - drawLayout called
2025-07-22 17:37:01 INFO  c.r.r.m.I.D.CropLayout - drawLayout called
2025-07-22 17:37:02 INFO  c.r.r.m.I.D.CropLayout - rectX: 184.10212765957448, rectY: 0.0, rectWidth: 442.5617021276596, rectHeight: 1024.0
2025-07-22 17:37:02 INFO  c.r.r.m.I.D.MainDrawTool - rect : 184.10212765957448, 0.0 442.5617021276596 1024.0
2025-07-22 17:37:06 INFO  c.r.r.m.I.D.MainDrawTool - imaging params 0.0,1.0,3.0,1.0
