2025-07-22 10:57:11 INFO  com.raymedis.rxviewui.service.study.StudyMainController - Console is ON
2025-07-22 10:57:11 INFO  com.raymedis.rxviewui.service.database.DatabaseController - Setting visibility for field: accession number
2025-07-22 10:57:11 INFO  com.raymedis.rxviewui.service.database.DatabaseController - Setting visibility for field: age
2025-07-22 10:57:11 INFO  com.raymedis.rxviewui.service.database.DatabaseController - Setting visibility for field: height
2025-07-22 10:57:11 INFO  com.raymedis.rxviewui.service.database.DatabaseController - Setting visibility for field: institution
2025-07-22 10:57:11 INFO  com.raymedis.rxviewui.service.database.DatabaseController - Setting visibility for field: patient id
2025-07-22 10:57:11 INFO  com.raymedis.rxviewui.service.database.DatabaseController - Setting visibility for field: patient name
2025-07-22 10:57:11 INFO  com.raymedis.rxviewui.service.database.DatabaseController - Setting visibility for field: performing physician
2025-07-22 10:57:11 INFO  com.raymedis.rxviewui.service.database.DatabaseController - Setting visibility for field: procedure
2025-07-22 10:57:11 INFO  com.raymedis.rxviewui.service.database.DatabaseController - Setting visibility for field: study description
2025-07-22 10:57:15 INFO  com.raymedis.rxviewui.controller.LoginPage - logged In
2025-07-22 10:57:15 INFO  com.raymedis.rxviewui.service.login.LoginController - 192.168.12.10
2025-07-22 10:57:15 INFO  com.raymedis.rxviewui.service.login.LoginController - ip mismatched 192.168.28.232 and 192.168.12.10
2025-07-22 10:57:15 INFO  com.raymedis.rxviewui.service.login.LoginController - IP not found
2025-07-22 10:57:15 INFO  com.raymedis.rxviewui.service.json.WifiSettings - 192.168.12.10
2025-07-22 10:57:15 INFO  com.raymedis.rxviewui.service.json.WifiSettings - Batch file created: set_static_ip.bat 
2025-07-22 10:57:15 INFO  com.raymedis.rxviewui.service.json.WifiSettings - Running batch file as admin...
2025-07-22 10:57:15 INFO  com.raymedis.rxviewui.service.fpdSdks.controller.FpdController - Loading detector: X221AW2-B1C, SDK type: RAD_INNOCARE
2025-07-22 10:57:15 INFO  com.raymedis.rxviewui.service.login.LoginController - initialized
2025-07-22 10:57:18 ERROR com.raymedis.rxviewui.service.fpdSdks.controller.FpdController - No devices found
2025-07-22 10:57:18 INFO  com.raymedis.rxviewui.service.login.LoginController - No devices found!!!
2025-07-22 10:57:29 INFO  com.raymedis.rxviewui.service.study.StudyMainController - Setting console values for body part: Chest
2025-07-22 10:57:29 INFO  com.raymedis.rxviewui.modules.serialPortCom.SerialPortManager - Setting Xray Console - kv: 70.0, ma: 80, mas: 4.0
2025-07-22 10:57:29 INFO  com.raymedis.serialPortCommunication.rxview_consolecom_old.RxPanelInitializationOld - Available COM ports:
2025-07-22 10:57:29 INFO  com.raymedis.rxviewui.modules.serialPortCom.SerialPortManager - setMa kv1: 70.0, ma1: 80.0
2025-07-22 10:57:29 INFO  com.raymedis.rxviewui.modules.serialPortCom.SerialPortManager - x: 175
2025-07-22 10:57:29 INFO  com.raymedis.rxviewui.modules.serialPortCom.SerialPortManager - Current Sent: 80.0
2025-07-22 10:57:29 INFO  com.raymedis.rxviewui.modules.serialPortCom.SerialPortManager - Calibration Val: 8.32
2025-07-22 10:57:29 INFO  com.raymedis.rxviewui.modules.serialPortCom.SerialPortManager - Calibration Val: 8.49
2025-07-22 10:57:29 INFO  com.raymedis.rxviewui.modules.serialPortCom.SerialPortManager - Calibration Val: 8.29
2025-07-22 10:57:29 INFO  com.raymedis.rxviewui.modules.serialPortCom.SerialPortManager - Calibration Val: 8.49
2025-07-22 10:57:29 INFO  com.raymedis.rxviewui.modules.serialPortCom.SerialPortManager - filamentCurrent: 8.32
2025-07-22 10:57:29 INFO  com.raymedis.rxviewui.modules.serialPortCom.SerialPortManager - KV Sent : 70.0
2025-07-22 10:57:29 INFO  com.raymedis.rxviewui.modules.serialPortCom.SerialPortManager - Calibration Val: 8.32
2025-07-22 10:57:29 INFO  com.raymedis.rxviewui.modules.serialPortCom.SerialPortManager - Calibration Val: 8.49
2025-07-22 10:57:29 INFO  com.raymedis.rxviewui.modules.serialPortCom.SerialPortManager - Calibration Val: 8.29
2025-07-22 10:57:29 INFO  com.raymedis.serialPortCommunication.rxview_consolecom_old.TriggerCommandRxOld - Serial port is not open.
2025-07-22 10:57:29 INFO  com.raymedis.rxviewui.modules.serialPortCom.SerialPortManager - Calibration Val: 8.49
2025-07-22 10:57:29 INFO  com.raymedis.rxviewui.modules.serialPortCom.SerialPortManager - In short sending KV: 208
2025-07-22 10:57:29 INFO  com.raymedis.rxviewui.modules.serialPortCom.SerialPortManager - In byte sending KV: -48
2025-07-22 10:57:29 INFO  com.raymedis.rxviewui.modules.serialPortCom.SerialPortManager - setExposureTime 0.05
2025-07-22 10:57:29 INFO  com.raymedis.rxviewui.modules.serialPortCom.SerialPortManager - Exposure Time Sent - 50
2025-07-22 10:57:29 INFO  com.raymedis.serialPortCommunication.rxview_consolecom_old.TriggerCommandRxOld - Setting KV to: -48
2025-07-22 10:57:29 INFO  com.raymedis.serialPortCommunication.rxview_consolecom_old.TriggerCommandRxOld - Serial port is not open.
2025-07-22 10:57:29 INFO  com.raymedis.serialPortCommunication.rxview_consolecom_old.TriggerCommandRxOld - Setting Exposure Time to: 50 0 and G
2025-07-22 10:57:29 INFO  com.raymedis.serialPortCommunication.rxview_consolecom_old.TriggerCommandRxOld - Serial port is not open.
2025-07-22 10:57:29 INFO  com.raymedis.serialPortCommunication.rxview_consolecom_old.RxPanelInitializationOld - - COM6: USB-SERIAL CH340 (COM6)
2025-07-22 10:57:29 INFO  com.raymedis.serialPortCommunication.rxview_consolecom_old.RxPanelInitializationOld - - COM5: USB-SERIAL CH340 (COM5)
2025-07-22 10:57:29 INFO  com.raymedis.serialPortCommunication.rxview_consolecom_old.RxPanelInitializationOld - Available COM ports:
2025-07-22 10:57:29 INFO  com.raymedis.serialPortCommunication.rxview_consolecom_old.RxPanelInitializationOld - - COM6: USB-SERIAL CH340 (COM6)
2025-07-22 10:57:29 INFO  com.raymedis.serialPortCommunication.rxview_consolecom_old.RxPanelInitializationOld - - COM5: USB-SERIAL CH340 (COM5)
2025-07-22 10:57:29 INFO  com.raymedis.serialPortCommunication.rxview_consolecom_old.RxPanelInitializationOld - Connected to RX panel.
2025-07-22 10:57:29 INFO  com.raymedis.serialPortCommunication.rxview_consolecom_old.ReceiveCommandRxOld - requested interlocks, attempt 1
2025-07-22 10:57:31 INFO  com.raymedis.rxviewui.service.study.StudyService - current bodyPart chest AP
2025-07-22 10:57:31 INFO  com.raymedis.rxviewui.service.study.StudyService - input path : D:\Work\RxView\RxView_Nellore_V3\src\main\resources\Styles\Images\input\chest\1.raw
2025-07-22 10:57:31 INFO  com.raymedis.rxviewui.service.preProcessing.PreProcess - Processing body part: chest
2025-07-22 10:57:31 INFO  com.raymedis.rxviewui.service.preProcessing.PreProcess - Mat is 16-bit unsigned
2025-07-22 10:57:31 INFO  com.raymedis.serialPortCommunication.rxview_consolecom_old.ReceiveCommandRxOld - Interlock attempt 1 failed.
2025-07-22 10:57:31 INFO  com.raymedis.serialPortCommunication.rxview_consolecom_old.ReceiveCommandRxOld - requested interlocks, attempt 2
2025-07-22 10:57:33 INFO  com.raymedis.serialPortCommunication.rxview_consolecom_old.ReceiveCommandRxOld - Interlock attempt 2 failed.
2025-07-22 10:57:33 INFO  com.raymedis.serialPortCommunication.rxview_consolecom_old.ReceiveCommandRxOld - requested interlocks, attempt 3
2025-07-22 10:57:33 INFO  com.raymedis.rxviewui.service.study.StudyService - Image received Found in FPD
2025-07-22 10:57:33 INFO  com.raymedis.rxviewui.service.study.StudyService - org : CV_16UC1
2025-07-22 10:57:33 INFO  com.raymedis.rxviewui.service.study.StudyService - study mat.rows() * width : 1024 1024.0
2025-07-22 10:57:33 INFO  com.raymedis.rxviewui.service.study.StudyService - study DynamicCanvasElementsResize values set with multiple: 1.0
2025-07-22 10:57:33 INFO  com.raymedis.rxviewui.service.study.StudyService - study Line Width: 2.0, Ellipse Radius X: 8.0, Ellipse Radius Y: 8.0, Label Font Size: 14.0, Rect Width: 90.0, Rect Height: 30.0, Custom Font Icon Size: 200.0
2025-07-22 10:57:33 INFO  com.raymedis.rxviewui.modules.ImageProcessing.DrawToolsResource.MainDrawTool - imaging params 0.0,1.0,3.0,1.0
2025-07-22 10:57:33 INFO  com.raymedis.rxviewui.modules.ImageProcessing.DrawToolsResource.MainDrawTool - Brightness and Contrast 0.0 1.0
2025-07-22 10:57:34 INFO  com.raymedis.rxviewui.modules.ImageProcessing.DrawToolsResource.MainDrawTool - ImagingParams is null
2025-07-22 10:57:34 INFO  com.raymedis.rxviewui.modules.ImageProcessing.DrawToolsResource.MainDrawTool - HFlip is false, not applying HFlip
2025-07-22 10:57:34 INFO  com.raymedis.rxviewui.modules.ImageProcessing.DrawToolsResource.MainDrawTool - L/R Label: L
2025-07-22 10:57:34 INFO  com.raymedis.rxviewui.modules.ImageProcessing.DrawToolsResource.MainDrawTool - Text: Some Text
2025-07-22 10:57:34 INFO  com.raymedis.rxviewui.modules.ImageProcessing.DrawToolsResource.MainDrawTool - Position Value: 175.0
2025-07-22 10:57:34 INFO  com.raymedis.rxviewui.modules.ImageProcessing.DrawToolsResource.MainDrawTool - Invalid position value: 175.0
2025-07-22 10:57:34 INFO  com.raymedis.rxviewui.modules.ImageProcessing.DrawToolsResource.MainDrawTool - imaging params 0.0,1.0,3.0,1.0
2025-07-22 10:57:34 INFO  com.raymedis.rxviewui.modules.ImageProcessing.DrawToolsResource.MainDrawTool - Brightness and Contrast 0.0 1.0
2025-07-22 10:57:35 INFO  com.raymedis.serialPortCommunication.rxview_consolecom_old.ReceiveCommandRxOld - Interlock attempt 3 failed.
2025-07-22 10:57:35 INFO  com.raymedis.serialPortCommunication.rxview_consolecom_old.ReceiveCommandRxOld - Failed to retrieve interlocks after 3 attempts. Exiting.
2025-07-22 10:57:35 INFO  com.raymedis.rxviewui.modules.serialPortCom.SerialPortCommunicationService - Received response: INTERLOCK_FAILED
2025-07-22 10:57:35 INFO  com.raymedis.rxviewui.modules.serialPortCom.SerialPortCommunicationService - Received response: INTERLOCK_FAILED
2025-07-22 10:57:35 INFO  com.raymedis.rxviewui.modules.serialPortCom.SerialPortCommunicationService - Interlock failed.
2025-07-22 10:57:35 INFO  com.raymedis.serialPortCommunication.rxview_consolecom_old.RxPanelInitializationOld - Disconnecting from RX panel...
2025-07-22 10:57:35 INFO  com.raymedis.serialPortCommunication.rxview_consolecom_old.RxPanelInitializationOld - Disconnected Port due to interlock issues.
2025-07-22 10:57:35 INFO  com.raymedis.rxviewui.service.study.StudyMainController - done
2025-07-22 10:57:53 INFO  com.raymedis.rxviewui.service.study.StudyMainController - Saving for Pacs...
2025-07-22 10:57:53 INFO  com.raymedis.rxviewui.modules.ImageProcessing.imageToolsWrapper.ImageDrawWrapperHandling - saved label  LeftRightDrawWrapper{offsetX=50.0, offsetY=50.0, text='LEFT'} 
2025-07-22 10:57:53 INFO  com.raymedis.rxviewui.modules.ImageProcessing.imageToolsWrapper.ImageDrawWrapperHandling - ========================================================================
2025-07-22 10:57:53 INFO  com.raymedis.rxviewui.modules.ImageProcessing.imageToolsWrapper.ImageDrawWrapperHandling - Crop Layout X: 0.0, Y: 0.0, Width: 838.0, Height: 1024.0
2025-07-22 10:57:53 INFO  com.raymedis.rxviewui.modules.dicom.DicomService - DicomService loaded with patient: 
2025-07-22 10:57:53 INFO  com.raymedis.rxviewui.modules.dicom.DicomService - Status : Uploading Begins
2025-07-22 10:57:53 INFO  com.raymedis.rxviewui.modules.dicom.DicomService - Creating DICOM File/s...
2025-07-22 10:57:53 INFO  com.raymedis.rxviewui.service.study.StudyService - study mat.rows() * width : 1024 1024.0
2025-07-22 10:57:53 INFO  com.raymedis.rxviewui.service.study.StudyService - study DynamicCanvasElementsResize values set with multiple: 1.0
2025-07-22 10:57:53 INFO  com.raymedis.rxviewui.service.study.StudyService - study Line Width: 2.0, Ellipse Radius X: 8.0, Ellipse Radius Y: 8.0, Label Font Size: 14.0, Rect Width: 90.0, Rect Height: 30.0, Custom Font Icon Size: 200.0
2025-07-22 10:57:53 INFO  com.raymedis.rxviewui.modules.ImageProcessing.DrawToolsResource.MainDrawTool - imaging params 0.0,1.0,3.0,1.0
2025-07-22 10:57:53 INFO  com.raymedis.rxviewui.modules.ImageProcessing.DrawToolsResource.MainDrawTool - Brightness and Contrast 0.0 1.0
2025-07-22 10:57:53 INFO  com.raymedis.rxviewui.modules.ImageProcessing.imageToolsWrapper.ImageDrawWrapperHandling - apply label  LeftRightDrawWrapper{offsetX=50.0, offsetY=50.0, text='LEFT'} 
2025-07-22 10:57:53 ERROR com.raymedis.rxviewui.modules.dicom.DicomService - DICOM File creation failed: {}
java.lang.Exception: unknown exception
	at opencv@4100/org.opencv.core.Mat.nGetB(Native Method)
	at opencv@4100/org.opencv.core.Mat.get(Mat.java:978)
	at opencv@4100/org.opencv.core.MatOfByte.toArray(MatOfByte.java:77)
	at com.raymedis.rxviewui/com.raymedis.rxviewui.modules.ImageProcessing.ImageConversionService.matToImage(ImageConversionService.java:78)
	at com.raymedis.rxviewui/com.raymedis.rxviewui.controller.ExportStudy.applyImageParams(ExportStudy.java:321)
	at com.raymedis.rxviewui/com.raymedis.rxviewui.modules.dicom.DicomService.createObjects(DicomService.java:213)
	at com.raymedis.rxviewui/com.raymedis.rxviewui.modules.dicom.DicomService.processBodyParts(DicomService.java:158)
	at com.raymedis.rxviewui/com.raymedis.rxviewui.modules.dicom.DicomService$1.call(DicomService.java:118)
	at com.raymedis.rxviewui/com.raymedis.rxviewui.modules.dicom.DicomService$1.call(DicomService.java:110)
	at javafx.graphics@21/javafx.concurrent.Task$TaskCallable.call(Task.java:1399)
	at java.base/java.util.concurrent.FutureTask.run(FutureTask.java:317)
	at java.base/java.lang.Thread.run(Thread.java:1583)
2025-07-22 10:57:53 INFO  com.raymedis.rxviewui.modules.dicom.DicomService - Uploading to server...
2025-07-22 10:57:53 INFO  com.raymedis.rxviewui.modules.dicom.DicomCStore - 
Initiating C-STORE operation...
2025-07-22 10:57:53 INFO  com.raymedis.rxviewui.modules.ImageProcessing.DrawToolsResource.MainDrawTool - imaging params 0.0,1.0,3.0,1.0
2025-07-22 10:57:53 INFO  com.raymedis.rxviewui.modules.ImageProcessing.DrawToolsResource.MainDrawTool - Brightness and Contrast 0.0 1.0
2025-07-22 10:57:53 ERROR com.raymedis.rxviewui.modules.dicom.DicomService - Failed to create dicom File {}
java.lang.Exception: unknown exception
	at opencv@4100/org.opencv.core.Mat.nGetB(Native Method)
	at opencv@4100/org.opencv.core.Mat.get(Mat.java:978)
	at opencv@4100/org.opencv.core.MatOfByte.toArray(MatOfByte.java:77)
	at com.raymedis.rxviewui/com.raymedis.rxviewui.modules.ImageProcessing.ImageConversionService.matToImage(ImageConversionService.java:78)
	at com.raymedis.rxviewui/com.raymedis.rxviewui.controller.ExportStudy.applyImageParams(ExportStudy.java:321)
	at com.raymedis.rxviewui/com.raymedis.rxviewui.modules.dicom.DicomService.createObjects(DicomService.java:213)
	at com.raymedis.rxviewui/com.raymedis.rxviewui.modules.dicom.DicomService.processBodyParts(DicomService.java:158)
	at com.raymedis.rxviewui/com.raymedis.rxviewui.modules.dicom.DicomService$1.call(DicomService.java:118)
	at com.raymedis.rxviewui/com.raymedis.rxviewui.modules.dicom.DicomService$1.call(DicomService.java:110)
	at javafx.graphics@21/javafx.concurrent.Task$TaskCallable.call(Task.java:1399)
	at java.base/java.util.concurrent.FutureTask.run(FutureTask.java:317)
	at java.base/java.lang.Thread.run(Thread.java:1583)
2025-07-22 10:57:53 INFO  com.raymedis.rxviewui.modules.dicom.DicomService - Status : Upload Failed
2025-07-22 10:57:53 INFO  com.raymedis.rxviewui.modules.dicom.DicomService - Upload completed successfully!
2025-07-22 10:57:53 INFO  com.raymedis.rxviewui.service.study.StudyService - study mat.rows() * width : 1024 1024.0
2025-07-22 10:57:53 INFO  com.raymedis.rxviewui.service.study.StudyService - study DynamicCanvasElementsResize values set with multiple: 1.0
2025-07-22 10:57:53 INFO  com.raymedis.rxviewui.service.study.StudyService - study Line Width: 2.0, Ellipse Radius X: 8.0, Ellipse Radius Y: 8.0, Label Font Size: 14.0, Rect Width: 90.0, Rect Height: 30.0, Custom Font Icon Size: 200.0
2025-07-22 10:57:53 INFO  com.raymedis.rxviewui.modules.ImageProcessing.DrawToolsResource.MainDrawTool - imaging params 0.0,1.0,3.0,1.0
2025-07-22 10:57:53 INFO  com.raymedis.rxviewui.modules.ImageProcessing.DrawToolsResource.MainDrawTool - Brightness and Contrast 0.0 1.0
2025-07-22 10:57:53 INFO  com.raymedis.rxviewui.modules.ImageProcessing.imageToolsWrapper.ImageDrawWrapperHandling - apply label  LeftRightDrawWrapper{offsetX=50.0, offsetY=50.0, text='LEFT'} 
2025-07-22 10:57:53 INFO  com.raymedis.rxviewui.modules.ImageProcessing.DrawToolsResource.MainDrawTool - imaging params 0.0,1.0,3.0,1.0
2025-07-22 10:57:53 INFO  com.raymedis.rxviewui.modules.ImageProcessing.DrawToolsResource.MainDrawTool - Brightness and Contrast 0.0 1.0
