2025-06-02 15:13:31 INFO  com.raymedis.rxviewui.controller.LoginPage - logged In
2025-06-02 15:13:31 INFO  com.raymedis.rxviewui.service.login.LoginController - 192.168.12.10
2025-06-02 15:13:31 INFO  com.raymedis.rxviewui.service.login.LoginController - No Wi-Fi interface found or no IPv4 address assigned.
2025-06-02 15:15:24 INFO  com.raymedis.rxviewui.service.preProcessing.PreProcess - Processing body part: chest
2025-06-02 15:15:24 INFO  com.raymedis.rxviewui.service.preProcessing.PreProcess - Mat is 16-bit unsigned
2025-06-02 15:15:24 INFO  com.raymedis.rxviewui.service.preProcessing.PreProcess - Processing body part: chest
2025-06-02 15:15:24 INFO  com.raymedis.rxviewui.service.preProcessing.PreProcess - Mat is 16-bit unsigned
2025-06-02 15:15:24 INFO  com.raymedis.rxviewui.service.preProcessing.PreProcess - Processing body part: hand
2025-06-02 15:15:24 INFO  com.raymedis.rxviewui.service.preProcessing.PreProcess - Mat is 16-bit unsigned
2025-06-02 15:15:27 INFO  com.raymedis.rxviewui.service.study.StudyService - Image received Found in FPD
2025-06-02 15:15:27 INFO  com.raymedis.rxviewui.service.study.StudyService - org : CV_16UC1
2025-06-02 15:15:27 INFO  com.raymedis.rxviewui.service.study.StudyService - Image received Found in FPD
2025-06-02 15:15:28 INFO  com.raymedis.rxviewui.service.study.StudyService - Image received Found in FPD
2025-06-02 15:15:28 INFO  com.raymedis.rxviewui.modules.ImageProcessing.DrawToolsResource.MainDrawTool - ImagingParams is null
2025-06-02 15:15:28 INFO  com.raymedis.rxviewui.modules.ImageProcessing.DrawToolsResource.MainDrawTool - L/R Label: L
2025-06-02 15:15:28 INFO  com.raymedis.rxviewui.modules.ImageProcessing.DrawToolsResource.MainDrawTool - Text: Some Text
2025-06-02 15:15:28 INFO  com.raymedis.rxviewui.modules.ImageProcessing.DrawToolsResource.MainDrawTool - Position Value: 175.0
2025-06-02 15:15:28 INFO  com.raymedis.rxviewui.modules.ImageProcessing.DrawToolsResource.MainDrawTool - Invalid position value: 175.0
2025-06-02 15:15:28 INFO  com.raymedis.rxviewui.service.study.StudyService - org : CV_16UC1
2025-06-02 15:15:28 INFO  com.raymedis.rxviewui.service.study.StudyService - org : CV_16UC1
2025-06-02 15:15:43 INFO  com.raymedis.rxviewui.service.preProcessing.PreProcess - Processing body part: chest
2025-06-02 15:15:43 INFO  com.raymedis.rxviewui.service.preProcessing.PreProcess - Mat is 16-bit unsigned
2025-06-02 15:15:43 INFO  com.raymedis.rxviewui.service.preProcessing.PreProcess - Processing body part: chest
2025-06-02 15:15:43 INFO  com.raymedis.rxviewui.service.preProcessing.PreProcess - Mat is 16-bit unsigned
2025-06-02 15:15:46 INFO  com.raymedis.rxviewui.service.study.StudyService - Image received Found in FPD
2025-06-02 15:15:46 INFO  com.raymedis.rxviewui.service.study.StudyService - Image received Found in FPD
2025-06-02 15:15:47 INFO  com.raymedis.rxviewui.service.study.StudyService - org : CV_16UC1
2025-06-02 15:15:47 INFO  com.raymedis.rxviewui.service.study.StudyService - org : CV_16UC1
2025-06-02 15:15:47 INFO  com.raymedis.rxviewui.modules.ImageProcessing.DrawToolsResource.MainDrawTool - ImagingParams is null
2025-06-02 15:15:47 INFO  com.raymedis.rxviewui.modules.ImageProcessing.DrawToolsResource.MainDrawTool - HFlip is false, not applying HFlip
2025-06-02 15:15:47 INFO  com.raymedis.rxviewui.modules.ImageProcessing.DrawToolsResource.MainDrawTool - L/R Label: L
2025-06-02 15:15:47 INFO  com.raymedis.rxviewui.modules.ImageProcessing.DrawToolsResource.MainDrawTool - Text: Some Text
2025-06-02 15:15:47 INFO  com.raymedis.rxviewui.modules.ImageProcessing.DrawToolsResource.MainDrawTool - Position Value: 175.0
2025-06-02 15:15:47 INFO  com.raymedis.rxviewui.modules.ImageProcessing.DrawToolsResource.MainDrawTool - Invalid position value: 175.0
2025-06-02 15:16:27 INFO  com.raymedis.rxviewui.service.study.StudyService - org mat size 2500 * 3052
2025-06-02 15:16:38 INFO  com.raymedis.rxviewui.service.export.ExportStudyService - ExportStudyService initialized.
2025-06-02 15:16:38 INFO  com.raymedis.rxviewui.service.export.ExportStudyService - Exporting body part: Chest
2025-06-02 15:16:38 INFO  com.raymedis.rxviewui.service.export.ExportStudyService - orgMat type: CV_16UC1
2025-06-02 15:16:39 INFO  com.raymedis.rxviewui.service.export.ExportStudyService - orgMat size: 2500x3052, type: CV_16UC4
2025-06-02 15:16:39 INFO  com.raymedis.rxviewui.service.export.ExportStudyService - org size 2500x3052 
2025-06-02 15:16:39 INFO  com.raymedis.rxviewui.service.export.ExportStudyService - cropWrapper CropLayoutWrapper{rectX=233.12340425531914, rectY=0.0, rectWidth=317.2851063829788, rectHeight=1024.0}
2025-06-02 15:16:39 INFO  com.raymedis.rxviewui.service.export.ExportStudyService - cropMultiple 2.98046875
2025-06-02 15:16:39 INFO  com.raymedis.rxviewui.service.export.ExportStudyService - Crop Rect: {694, 0, 945x3052}
2025-06-02 15:16:39 INFO  com.raymedis.rxviewui.service.export.ExportStudyService - org width: 2500, height: 3052
2025-06-02 15:16:39 INFO  com.raymedis.rxviewui.service.export.ExportStudyService -  crop rect after {233, 0, 317x1024} 
2025-06-02 15:16:39 INFO  com.raymedis.rxviewui.service.export.ExportStudyService - Exporting body part: Chest
2025-06-02 15:16:39 WARN  com.raymedis.rxviewui.service.export.ExportStudyService - No image found for body part: Chest
2025-06-02 15:16:39 INFO  com.raymedis.rxviewui.service.export.ExportStudyService - Exporting body part: Skull
2025-06-02 15:16:39 WARN  com.raymedis.rxviewui.service.export.ExportStudyService - No image found for body part: Skull
