2025-06-02 12:38:53 INFO  com.raymedis.rxviewui.controller.LoginPage - logged In
2025-06-02 12:38:53 INFO  com.raymedis.rxviewui.service.login.LoginController - 192.168.12.10
2025-06-02 12:38:53 INFO  com.raymedis.rxviewui.service.login.LoginController - No Wi-Fi interface found or no IPv4 address assigned.
2025-06-02 12:39:01 INFO  com.raymedis.rxviewui.service.export.ExportStudyService - ExportStudyService initialized.
2025-06-02 12:39:01 INFO  com.raymedis.rxviewui.service.export.ExportStudyService - Exporting body part: Chest
2025-06-02 12:39:01 INFO  com.raymedis.rxviewui.service.export.ExportStudyService - orgMat type: CV_16UC1
2025-06-02 12:39:02 INFO  com.raymedis.rxviewui.service.export.ExportStudyService - orgMat size: 2500x3052, type: CV_16UC4
2025-06-02 12:39:02 INFO  com.raymedis.rxviewui.service.export.ExportStudyService - Crop Rect: {0, 0, 2500x3052}
2025-06-02 12:39:02 INFO  com.raymedis.rxviewui.service.export.ExportStudyService - org width: 2500, height: 3052
2025-06-02 12:39:02 INFO  com.raymedis.rxviewui.service.export.ExportStudyService - Exporting body part: Chest
2025-06-02 12:39:02 WARN  com.raymedis.rxviewui.service.export.ExportStudyService - No image found for body part: Chest
2025-06-02 12:39:02 INFO  com.raymedis.rxviewui.service.export.ExportStudyService - Exporting body part: Skull
2025-06-02 12:39:02 WARN  com.raymedis.rxviewui.service.export.ExportStudyService - No image found for body part: Skull
2025-06-02 12:39:02 INFO  com.raymedis.rxviewui.service.export.ExportStudyService - Exporting body part: Hand
2025-06-02 12:39:02 INFO  com.raymedis.rxviewui.service.export.ExportStudyService - orgMat type: CV_16UC1
2025-06-02 12:39:03 INFO  com.raymedis.rxviewui.service.export.ExportStudyService - orgMat size: 2500x3052, type: CV_16UC4
2025-06-02 12:39:03 INFO  com.raymedis.rxviewui.service.export.ExportStudyService - Crop Rect: {0, 0, 2500x3052}
2025-06-02 12:39:03 INFO  com.raymedis.rxviewui.service.export.ExportStudyService - org width: 2500, height: 3052
2025-06-02 12:39:03 INFO  com.raymedis.rxviewui.service.export.ExportStudyService - EllipseWrapper: 320.9574468085106, 299.5744680851064, 8.0 299.5744680851064
2025-06-02 12:39:03 INFO  com.raymedis.rxviewui.service.export.ExportStudyService - EllipseWrapper: 631.4255319148937, 398.7063829787234, 8.0 398.7063829787234
2025-06-02 12:39:03 INFO  com.raymedis.rxviewui.service.export.ExportStudyService - EllipseWrapper: 412.46382978723403, 714.6212765957447, 8.0 714.6212765957447
2025-06-02 12:39:18 INFO  com.raymedis.rxviewui.service.export.ExportStudyService - ExportStudyService initialized.
2025-06-02 12:39:18 INFO  com.raymedis.rxviewui.service.export.ExportStudyService - Exporting body part: Chest
2025-06-02 12:39:18 INFO  com.raymedis.rxviewui.service.export.ExportStudyService - orgMat type: CV_16UC1
2025-06-02 12:39:19 INFO  com.raymedis.rxviewui.service.export.ExportStudyService - orgMat size: 2500x3052, type: CV_16UC4
2025-06-02 12:39:19 INFO  com.raymedis.rxviewui.service.export.ExportStudyService - Crop Rect: {0, 0, 2500x3052}
2025-06-02 12:39:19 INFO  com.raymedis.rxviewui.service.export.ExportStudyService - org width: 2500, height: 3052
2025-06-02 12:39:19 INFO  com.raymedis.rxviewui.service.export.ExportStudyService - Exporting body part: Chest
2025-06-02 12:39:19 WARN  com.raymedis.rxviewui.service.export.ExportStudyService - No image found for body part: Chest
2025-06-02 12:39:19 INFO  com.raymedis.rxviewui.service.export.ExportStudyService - Exporting body part: Skull
2025-06-02 12:39:19 WARN  com.raymedis.rxviewui.service.export.ExportStudyService - No image found for body part: Skull
2025-06-02 12:39:19 INFO  com.raymedis.rxviewui.service.export.ExportStudyService - Exporting body part: Hand
2025-06-02 12:39:19 INFO  com.raymedis.rxviewui.service.export.ExportStudyService - orgMat type: CV_16UC1
2025-06-02 12:39:20 INFO  com.raymedis.rxviewui.service.export.ExportStudyService - orgMat size: 2500x3052, type: CV_16UC4
2025-06-02 12:39:20 INFO  com.raymedis.rxviewui.service.export.ExportStudyService - Crop Rect: {0, 0, 2500x3052}
2025-06-02 12:39:20 INFO  com.raymedis.rxviewui.service.export.ExportStudyService - org width: 2500, height: 3052
2025-06-02 12:39:20 INFO  com.raymedis.rxviewui.service.export.ExportStudyService - EllipseWrapper: 320.9574468085106, 299.5744680851064, 8.0 299.5744680851064
2025-06-02 12:39:20 INFO  com.raymedis.rxviewui.service.export.ExportStudyService - EllipseWrapper: 631.4255319148937, 398.7063829787234, 8.0 398.7063829787234
2025-06-02 12:39:20 INFO  com.raymedis.rxviewui.service.export.ExportStudyService - EllipseWrapper: 412.46382978723403, 714.6212765957447, 8.0 714.6212765957447
