2025-06-02 12:48:19 INFO  com.raymedis.rxviewui.controller.LoginPage - logged In
2025-06-02 12:48:19 INFO  com.raymedis.rxviewui.service.login.LoginController - 192.168.12.10
2025-06-02 12:48:19 INFO  com.raymedis.rxviewui.service.login.LoginController - No Wi-Fi interface found or no IPv4 address assigned.
2025-06-02 12:48:27 INFO  com.raymedis.rxviewui.service.export.ExportStudyService - ExportStudyService initialized.
2025-06-02 12:48:27 INFO  com.raymedis.rxviewui.service.export.ExportStudyService - Exporting body part: Chest
2025-06-02 12:48:27 INFO  com.raymedis.rxviewui.service.export.ExportStudyService - orgMat type: CV_16UC1
2025-06-02 12:48:27 INFO  com.raymedis.rxviewui.service.export.ExportStudyService - orgMat size: 2500x3052, type: CV_16UC4
2025-06-02 12:48:27 INFO  com.raymedis.rxviewui.service.export.ExportStudyService - Crop Rect: {0, 0, 2500x3052}
2025-06-02 12:48:27 INFO  com.raymedis.rxviewui.service.export.ExportStudyService - org width: 2500, height: 3052
2025-06-02 12:48:27 INFO  com.raymedis.rxviewui.service.export.ExportStudyService - Exporting body part: Chest
2025-06-02 12:48:27 WARN  com.raymedis.rxviewui.service.export.ExportStudyService - No image found for body part: Chest
2025-06-02 12:48:27 INFO  com.raymedis.rxviewui.service.export.ExportStudyService - Exporting body part: Skull
2025-06-02 12:48:27 WARN  com.raymedis.rxviewui.service.export.ExportStudyService - No image found for body part: Skull
2025-06-02 12:48:27 INFO  com.raymedis.rxviewui.service.export.ExportStudyService - Exporting body part: Hand
2025-06-02 12:48:28 INFO  com.raymedis.rxviewui.service.export.ExportStudyService - orgMat type: CV_16UC1
2025-06-02 12:48:28 INFO  com.raymedis.rxviewui.service.export.ExportStudyService - orgMat size: 2500x3052, type: CV_16UC4
2025-06-02 12:48:28 INFO  com.raymedis.rxviewui.service.export.ExportStudyService - Crop Rect: {0, 0, 2500x3052}
2025-06-02 12:48:28 INFO  com.raymedis.rxviewui.service.export.ExportStudyService - org width: 2500, height: 3052
2025-06-02 12:48:28 INFO  com.raymedis.rxviewui.service.export.ExportStudyService - EllipseWrapper: 933.6439343929313, 869.8522317574773, 47.7326968973747 , 47.7326968973747
2025-06-02 12:48:28 INFO  com.raymedis.rxviewui.service.export.ExportStudyService - EllipseWrapper: 1859.8613720611386, 1165.5918346620626, 47.7326968973747 , 47.7326968973747
2025-06-02 12:48:28 INFO  com.raymedis.rxviewui.service.export.ExportStudyService - EllipseWrapper: 1206.6343370740872, 2108.058701061291, 47.7326968973747 , 47.7326968973747
2025-06-02 12:48:41 INFO  com.raymedis.rxviewui.service.export.ExportStudyService - ExportStudyService initialized.
2025-06-02 12:48:41 INFO  com.raymedis.rxviewui.service.export.ExportStudyService - Exporting body part: Chest
2025-06-02 12:48:41 INFO  com.raymedis.rxviewui.service.export.ExportStudyService - orgMat type: CV_16UC1
2025-06-02 12:48:41 INFO  com.raymedis.rxviewui.service.export.ExportStudyService - orgMat size: 2500x3052, type: CV_16UC4
2025-06-02 12:48:41 INFO  com.raymedis.rxviewui.service.export.ExportStudyService - Crop Rect: {0, 0, 2500x3052}
2025-06-02 12:48:41 INFO  com.raymedis.rxviewui.service.export.ExportStudyService - org width: 2500, height: 3052
2025-06-02 12:48:41 INFO  com.raymedis.rxviewui.service.export.ExportStudyService - Exporting body part: Chest
2025-06-02 12:48:41 WARN  com.raymedis.rxviewui.service.export.ExportStudyService - No image found for body part: Chest
2025-06-02 12:48:41 INFO  com.raymedis.rxviewui.service.export.ExportStudyService - Exporting body part: Skull
2025-06-02 12:48:41 WARN  com.raymedis.rxviewui.service.export.ExportStudyService - No image found for body part: Skull
2025-06-02 12:48:41 INFO  com.raymedis.rxviewui.service.export.ExportStudyService - Exporting body part: Hand
2025-06-02 12:48:41 INFO  com.raymedis.rxviewui.service.export.ExportStudyService - orgMat type: CV_16UC1
2025-06-02 12:48:42 INFO  com.raymedis.rxviewui.service.export.ExportStudyService - orgMat size: 2500x3052, type: CV_16UC4
2025-06-02 12:48:42 INFO  com.raymedis.rxviewui.service.export.ExportStudyService - Crop Rect: {0, 0, 2500x3052}
2025-06-02 12:48:42 INFO  com.raymedis.rxviewui.service.export.ExportStudyService - org width: 2500, height: 3052
2025-06-02 12:48:42 INFO  com.raymedis.rxviewui.service.export.ExportStudyService - EllipseWrapper: 933.6439343929313, 869.8522317574773, 47.7326968973747 , 47.7326968973747
2025-06-02 12:48:42 INFO  com.raymedis.rxviewui.service.export.ExportStudyService - EllipseWrapper: 1859.8613720611386, 1165.5918346620626, 47.7326968973747 , 47.7326968973747
2025-06-02 12:48:42 INFO  com.raymedis.rxviewui.service.export.ExportStudyService - EllipseWrapper: 1206.6343370740872, 2108.058701061291, 47.7326968973747 , 47.7326968973747
2025-06-02 12:48:52 INFO  com.raymedis.rxviewui.service.preProcessing.PreProcess - Processing body part: chest
2025-06-02 12:48:52 INFO  com.raymedis.rxviewui.service.preProcessing.PreProcess - Mat is 16-bit unsigned
2025-06-02 12:48:54 INFO  com.raymedis.rxviewui.service.study.StudyService - Image received Found in FPD
2025-06-02 12:48:55 INFO  com.raymedis.rxviewui.service.study.StudyService - org : CV_16UC1
2025-06-02 12:48:55 INFO  com.raymedis.rxviewui.modules.ImageProcessing.DrawToolsResource.MainDrawTool - ImagingParams is null
2025-06-02 12:48:55 INFO  com.raymedis.rxviewui.modules.ImageProcessing.DrawToolsResource.MainDrawTool - HFlip is false, not applying HFlip
2025-06-02 12:48:55 INFO  com.raymedis.rxviewui.modules.ImageProcessing.DrawToolsResource.MainDrawTool - L/R Label: L
2025-06-02 12:48:55 INFO  com.raymedis.rxviewui.modules.ImageProcessing.DrawToolsResource.MainDrawTool - Text: Some Text
2025-06-02 12:48:55 INFO  com.raymedis.rxviewui.modules.ImageProcessing.DrawToolsResource.MainDrawTool - Position Value: 175.0
2025-06-02 12:48:55 INFO  com.raymedis.rxviewui.modules.ImageProcessing.DrawToolsResource.MainDrawTool - Invalid position value: 175.0
2025-06-02 12:49:15 INFO  com.raymedis.rxviewui.service.study.StudyService - org mat size 2500 * 3052
2025-06-02 12:49:27 INFO  com.raymedis.rxviewui.service.export.ExportStudyService - ExportStudyService initialized.
2025-06-02 12:49:27 INFO  com.raymedis.rxviewui.service.export.ExportStudyService - Exporting body part: Chest
2025-06-02 12:49:27 INFO  com.raymedis.rxviewui.service.export.ExportStudyService - orgMat type: CV_16UC1
2025-06-02 12:49:27 INFO  com.raymedis.rxviewui.service.export.ExportStudyService - orgMat size: 2500x3052, type: CV_16UC4
2025-06-02 12:49:27 INFO  com.raymedis.rxviewui.service.export.ExportStudyService - Crop Rect: {0, 0, 2500x3052}
2025-06-02 12:49:27 INFO  com.raymedis.rxviewui.service.export.ExportStudyService - org width: 2500, height: 3052
2025-06-02 12:49:27 INFO  com.raymedis.rxviewui.service.export.ExportStudyService - EllipseWrapper: 1027.8906210328541, 821.1039455644137, 47.7326968973747 , 47.7326968973747
2025-06-02 12:49:27 INFO  com.raymedis.rxviewui.service.export.ExportStudyService - EllipseWrapper: 930.3940486467272, 1750.571268978825, 47.7326968973747 , 47.7326968973747
2025-06-02 12:49:27 INFO  com.raymedis.rxviewui.service.export.ExportStudyService - EllipseWrapper: 1674.6178845274972, 1727.8220687553953, 47.7326968973747 , 47.7326968973747
2025-06-02 12:49:27 INFO  com.raymedis.rxviewui.service.export.ExportStudyService - Exporting body part: Chest
2025-06-02 12:49:27 WARN  com.raymedis.rxviewui.service.export.ExportStudyService - No image found for body part: Chest
2025-06-02 12:49:27 INFO  com.raymedis.rxviewui.service.export.ExportStudyService - Exporting body part: Skull
2025-06-02 12:49:27 WARN  com.raymedis.rxviewui.service.export.ExportStudyService - No image found for body part: Skull
