2025-04-30 15:41:06 INFO  c.r.rxviewui.controller.LoginPage - logged In
2025-04-30 15:41:06 INFO  c.r.r.service.login.LoginController - ip mismatched 192.168.1.139 and 192.168.12.10
2025-04-30 15:41:06 INFO  c.r.r.service.login.LoginController - IP not found
2025-04-30 15:41:06 INFO  c.r.r.service.login.LoginController - initialized
2025-04-30 15:41:09 INFO  c.r.r.service.login.LoginController - No devices found!!!
2025-04-30 15:41:42 INFO  c.r.r.m.p.i.d.PrintCanvasMainChange - 2048.0 * 2560.0
2025-04-30 15:41:42 INFO  c.r.r.m.p.i.d.PrintCanvasMainChange - display image 3052.0 2500.0
2025-04-30 15:41:42 INFO  c.r.r.m.p.i.d.PrintCanvasMainChange - edited image 1024x838 
2025-04-30 15:41:42 INFO  c.r.r.m.p.i.d.PrintCanvasMainChange - rect 1024.0 406.0
2025-04-30 15:41:42 INFO  c.r.r.m.p.i.d.PrintCanvasMainChange - new rect {0, 607, 3052x1210}
2025-04-30 15:41:42 INFO  c.r.r.m.p.i.d.PrintCanvasMainChange - 2048.0 * 2560.0
2025-04-30 15:41:42 INFO  c.r.r.m.p.i.d.PrintCanvasMainChange - display image 3052.0 2500.0
2025-04-30 15:41:42 INFO  c.r.r.m.p.i.d.PrintCanvasMainChange - edited image 1024x838 
2025-04-30 15:41:42 INFO  c.r.r.m.p.i.d.PrintCanvasMainChange - rect 1024.0 406.0
2025-04-30 15:41:42 INFO  c.r.r.m.p.i.d.PrintCanvasMainChange - new rect {0, 607, 3052x1210}
2025-04-30 15:41:42 INFO  c.r.r.m.p.i.d.PrintCanvasMainChange - 2048.0 * 2560.0
2025-04-30 15:41:42 INFO  c.r.r.m.p.i.d.PrintCanvasMainChange - display image 3052.0 2500.0
2025-04-30 15:41:42 INFO  c.r.r.m.p.i.d.PrintCanvasMainChange - edited image 1024x838 
2025-04-30 15:41:42 INFO  c.r.r.m.p.i.d.PrintCanvasMainChange - rect 1024.0 406.0
2025-04-30 15:41:42 INFO  c.r.r.m.p.i.d.PrintCanvasMainChange - new rect {0, 607, 3052x1210}
2025-04-30 15:41:42 INFO  c.r.r.m.p.i.d.PrintCanvasMainChange - 2048.0 * 2560.0
2025-04-30 15:41:42 INFO  c.r.r.m.p.i.d.PrintCanvasMainChange - display image 3052.0 2500.0
2025-04-30 15:41:42 INFO  c.r.r.m.p.i.d.PrintCanvasMainChange - edited image 1024x838 
2025-04-30 15:41:42 INFO  c.r.r.m.p.i.d.PrintCanvasMainChange - rect 1024.0 406.0
2025-04-30 15:41:42 INFO  c.r.r.m.p.i.d.PrintCanvasMainChange - new rect {0, 607, 3052x1210}
2025-04-30 15:41:42 INFO  c.r.r.m.p.i.d.PrintCanvasMainChange - 3052.0 * 1210.0
2025-04-30 15:41:42 INFO  c.r.r.m.p.i.d.PrintCanvasMainChange - display image 3052.0 2500.0
2025-04-30 15:41:42 INFO  c.r.r.m.p.i.d.PrintCanvasMainChange - edited image 1024x838 
2025-04-30 15:41:42 INFO  c.r.r.m.p.i.d.PrintCanvasMainChange - rect 1024.0 406.0
2025-04-30 15:41:42 INFO  c.r.r.m.p.i.d.PrintCanvasMainChange - new rect {0, 607, 3052x1210}
