2025-04-30 13:16:59 INFO  c.r.rxviewui.controller.LoginPage - logged In
2025-04-30 13:16:59 INFO  c.r.r.service.login.LoginController - ip mismatched 192.168.1.139 and 192.168.12.10
2025-04-30 13:16:59 INFO  c.r.r.service.login.LoginController - IP not found
2025-04-30 13:16:59 INFO  c.r.r.service.login.LoginController - initialized
2025-04-30 13:17:02 INFO  c.r.r.service.login.LoginController - No devices found!!!
2025-04-30 13:17:07 INFO  c.r.r.m.p.i.d.PrintCanvasMainChange - {0, 607, 3052x1210}
2025-04-30 13:17:07 INFO  c.r.r.m.p.i.d.PrintCanvasMainChange - display image 3052.0 2500.0
2025-04-30 13:17:07 INFO  c.r.r.m.p.i.d.PrintCanvasMainChange - {0, 607, 3052x1210}
2025-04-30 13:17:07 INFO  c.r.r.m.p.i.d.PrintCanvasMainChange - display image 3052.0 2500.0
2025-04-30 13:17:07 INFO  c.r.r.m.p.i.d.PrintCanvasMainChange - {0, 607, 3052x1210}
2025-04-30 13:17:07 INFO  c.r.r.m.p.i.d.PrintCanvasMainChange - display image 3052.0 2500.0
2025-04-30 13:17:07 INFO  c.r.r.m.p.i.d.PrintCanvasMainChange - {0, 607, 3052x1210}
2025-04-30 13:17:07 INFO  c.r.r.m.p.i.d.PrintCanvasMainChange - display image 3052.0 2500.0
2025-04-30 13:17:07 INFO  c.r.r.m.p.i.d.PrintCanvasMainChange - {0, 607, 3052x1210}
2025-04-30 13:17:07 INFO  c.r.r.m.p.i.d.PrintCanvasMainChange - display image 3052.0 2500.0
2025-04-30 13:17:38 INFO  c.r.r.m.p.i.d.PrintCanvasMainChange - {0, 607, 3052x1210}
2025-04-30 13:17:38 INFO  c.r.r.m.p.i.d.PrintCanvasMainChange - display image 3052.0 2500.0
2025-04-30 13:17:41 INFO  c.r.r.m.p.i.d.PrintCanvasMainChange - {0, 607, 3052x1210}
2025-04-30 13:17:41 INFO  c.r.r.m.p.i.d.PrintCanvasMainChange - display image 3052.0 2500.0
2025-04-30 13:17:41 INFO  c.r.r.m.p.i.d.PrintCanvasMainChange - {0, 607, 3052x1210}
2025-04-30 13:17:41 INFO  c.r.r.m.p.i.d.PrintCanvasMainChange - display image 3052.0 2500.0
2025-04-30 13:17:41 INFO  c.r.r.m.p.i.d.PrintCanvasMainChange - {0, 607, 3052x1210}
2025-04-30 13:17:41 INFO  c.r.r.m.p.i.d.PrintCanvasMainChange - display image 3052.0 2500.0
2025-04-30 13:17:41 INFO  c.r.r.m.p.i.d.PrintCanvasMainChange - {0, 607, 3052x1210}
2025-04-30 13:17:41 INFO  c.r.r.m.p.i.d.PrintCanvasMainChange - display image 3052.0 2500.0
2025-04-30 13:17:42 INFO  c.r.r.m.p.i.d.PrintCanvasMainChange - {0, 607, 3052x1210}
2025-04-30 13:17:42 INFO  c.r.r.m.p.i.d.PrintCanvasMainChange - display image 3052.0 2500.0
2025-04-30 13:17:42 INFO  c.r.r.m.p.i.d.PrintCanvasMainChange - {0, 607, 3052x1210}
2025-04-30 13:17:42 INFO  c.r.r.m.p.i.d.PrintCanvasMainChange - display image 3052.0 2500.0
2025-04-30 13:17:42 INFO  c.r.r.m.p.i.d.PrintCanvasMainChange - {0, 607, 3052x1210}
2025-04-30 13:17:42 INFO  c.r.r.m.p.i.d.PrintCanvasMainChange - display image 3052.0 2500.0
2025-04-30 13:17:42 INFO  c.r.r.m.p.i.d.PrintCanvasMainChange - {0, 607, 3052x1210}
2025-04-30 13:17:42 INFO  c.r.r.m.p.i.d.PrintCanvasMainChange - display image 3052.0 2500.0
2025-04-30 13:17:42 INFO  c.r.r.m.p.i.d.PrintCanvasMainChange - {0, 607, 3052x1210}
2025-04-30 13:17:42 INFO  c.r.r.m.p.i.d.PrintCanvasMainChange - display image 3052.0 2500.0
2025-04-30 13:17:42 INFO  c.r.r.m.p.i.d.PrintCanvasMainChange - {0, 607, 3052x1210}
2025-04-30 13:17:42 INFO  c.r.r.m.p.i.d.PrintCanvasMainChange - display image 3052.0 2500.0
2025-04-30 13:17:42 INFO  c.r.r.m.p.i.d.PrintCanvasMainChange - {0, 607, 3052x1210}
2025-04-30 13:17:42 INFO  c.r.r.m.p.i.d.PrintCanvasMainChange - display image 3052.0 2500.0
2025-04-30 13:17:42 INFO  c.r.r.m.p.i.d.PrintCanvasMainChange - {0, 607, 3052x1210}
2025-04-30 13:17:42 INFO  c.r.r.m.p.i.d.PrintCanvasMainChange - display image 3052.0 2500.0
2025-04-30 13:17:42 INFO  c.r.r.m.p.i.d.PrintCanvasMainChange - {0, 607, 3052x1210}
2025-04-30 13:17:42 INFO  c.r.r.m.p.i.d.PrintCanvasMainChange - display image 3052.0 2500.0
2025-04-30 13:17:42 INFO  c.r.r.m.p.i.d.PrintCanvasMainChange - {0, 607, 3052x1210}
2025-04-30 13:17:42 INFO  c.r.r.m.p.i.d.PrintCanvasMainChange - display image 3052.0 2500.0
2025-04-30 13:17:43 INFO  c.r.r.m.p.i.d.PrintCanvasMainChange - {0, 607, 3052x1210}
2025-04-30 13:17:43 INFO  c.r.r.m.p.i.d.PrintCanvasMainChange - display image 3052.0 2500.0
2025-04-30 13:17:43 INFO  c.r.r.m.p.i.d.PrintCanvasMainChange - {0, 607, 3052x1210}
2025-04-30 13:17:43 INFO  c.r.r.m.p.i.d.PrintCanvasMainChange - display image 3052.0 2500.0
2025-04-30 13:17:43 INFO  c.r.r.m.p.i.d.PrintCanvasMainChange - {0, 607, 3052x1210}
2025-04-30 13:17:43 INFO  c.r.r.m.p.i.d.PrintCanvasMainChange - display image 3052.0 2500.0
2025-04-30 13:17:43 INFO  c.r.r.m.p.i.d.PrintCanvasMainChange - {0, 607, 3052x1210}
2025-04-30 13:17:43 INFO  c.r.r.m.p.i.d.PrintCanvasMainChange - display image 3052.0 2500.0
2025-04-30 13:17:43 INFO  c.r.r.m.p.i.d.PrintCanvasMainChange - {0, 607, 3052x1210}
2025-04-30 13:17:43 INFO  c.r.r.m.p.i.d.PrintCanvasMainChange - display image 3052.0 2500.0
2025-04-30 13:17:43 INFO  c.r.r.m.p.i.d.PrintCanvasMainChange - {0, 607, 3052x1210}
2025-04-30 13:17:43 INFO  c.r.r.m.p.i.d.PrintCanvasMainChange - display image 3052.0 2500.0
2025-04-30 13:17:43 INFO  c.r.r.m.p.i.d.PrintCanvasMainChange - {0, 607, 3052x1210}
2025-04-30 13:17:43 INFO  c.r.r.m.p.i.d.PrintCanvasMainChange - display image 3052.0 2500.0
2025-04-30 13:17:43 INFO  c.r.r.m.p.i.d.PrintCanvasMainChange - {0, 607, 3052x1210}
2025-04-30 13:17:43 INFO  c.r.r.m.p.i.d.PrintCanvasMainChange - display image 3052.0 2500.0
2025-04-30 13:17:43 INFO  c.r.r.m.p.i.d.PrintCanvasMainChange - {0, 607, 3052x1210}
2025-04-30 13:17:43 INFO  c.r.r.m.p.i.d.PrintCanvasMainChange - display image 3052.0 2500.0
2025-04-30 13:17:43 INFO  c.r.r.m.p.i.d.PrintCanvasMainChange - {0, 607, 3052x1210}
2025-04-30 13:17:43 INFO  c.r.r.m.p.i.d.PrintCanvasMainChange - display image 3052.0 2500.0
2025-04-30 13:17:43 INFO  c.r.r.m.p.i.d.PrintCanvasMainChange - {0, 607, 3052x1210}
2025-04-30 13:17:43 INFO  c.r.r.m.p.i.d.PrintCanvasMainChange - display image 3052.0 2500.0
2025-04-30 13:17:43 INFO  c.r.r.m.p.i.d.PrintCanvasMainChange - {0, 607, 3052x1210}
2025-04-30 13:17:43 INFO  c.r.r.m.p.i.d.PrintCanvasMainChange - display image 3052.0 2500.0
2025-04-30 13:17:43 INFO  c.r.r.m.p.i.d.PrintCanvasMainChange - {0, 607, 3052x1210}
2025-04-30 13:17:43 INFO  c.r.r.m.p.i.d.PrintCanvasMainChange - display image 3052.0 2500.0
2025-04-30 13:17:43 INFO  c.r.r.m.p.i.d.PrintCanvasMainChange - {0, 607, 3052x1210}
2025-04-30 13:17:43 INFO  c.r.r.m.p.i.d.PrintCanvasMainChange - display image 3052.0 2500.0
2025-04-30 13:17:43 INFO  c.r.r.m.p.i.d.PrintCanvasMainChange - {0, 607, 3052x1210}
2025-04-30 13:17:43 INFO  c.r.r.m.p.i.d.PrintCanvasMainChange - display image 3052.0 2500.0
2025-04-30 13:17:44 INFO  c.r.r.m.p.i.d.PrintCanvasMainChange - {0, 607, 3052x1210}
2025-04-30 13:17:44 INFO  c.r.r.m.p.i.d.PrintCanvasMainChange - display image 3052.0 2500.0
2025-04-30 13:17:44 INFO  c.r.r.m.p.i.d.PrintCanvasMainChange - {0, 607, 3052x1210}
2025-04-30 13:17:44 INFO  c.r.r.m.p.i.d.PrintCanvasMainChange - display image 3052.0 2500.0
2025-04-30 13:17:44 INFO  c.r.r.m.p.i.d.PrintCanvasMainChange - {0, 607, 3052x1210}
2025-04-30 13:17:44 INFO  c.r.r.m.p.i.d.PrintCanvasMainChange - display image 3052.0 2500.0
2025-04-30 13:17:44 INFO  c.r.r.m.p.i.d.PrintCanvasMainChange - {0, 607, 3052x1210}
2025-04-30 13:17:44 INFO  c.r.r.m.p.i.d.PrintCanvasMainChange - display image 3052.0 2500.0
2025-04-30 13:17:44 INFO  c.r.r.m.p.i.d.PrintCanvasMainChange - {0, 607, 3052x1210}
2025-04-30 13:17:44 INFO  c.r.r.m.p.i.d.PrintCanvasMainChange - display image 3052.0 2500.0
2025-04-30 13:17:44 INFO  c.r.r.m.p.i.d.PrintCanvasMainChange - {0, 607, 3052x1210}
2025-04-30 13:17:44 INFO  c.r.r.m.p.i.d.PrintCanvasMainChange - display image 3052.0 2500.0
2025-04-30 13:17:44 INFO  c.r.r.m.p.i.d.PrintCanvasMainChange - {0, 607, 3052x1210}
2025-04-30 13:17:44 INFO  c.r.r.m.p.i.d.PrintCanvasMainChange - display image 3052.0 2500.0
2025-04-30 13:17:44 INFO  c.r.r.m.p.i.d.PrintCanvasMainChange - {0, 607, 3052x1210}
2025-04-30 13:17:44 INFO  c.r.r.m.p.i.d.PrintCanvasMainChange - display image 3052.0 2500.0
2025-04-30 13:17:44 INFO  c.r.r.m.p.i.d.PrintCanvasMainChange - {0, 607, 3052x1210}
2025-04-30 13:17:44 INFO  c.r.r.m.p.i.d.PrintCanvasMainChange - display image 3052.0 2500.0
2025-04-30 13:17:44 INFO  c.r.r.m.p.i.d.PrintCanvasMainChange - {0, 607, 3052x1210}
2025-04-30 13:17:44 INFO  c.r.r.m.p.i.d.PrintCanvasMainChange - display image 3052.0 2500.0
2025-04-30 13:17:44 INFO  c.r.r.m.p.i.d.PrintCanvasMainChange - {0, 607, 3052x1210}
2025-04-30 13:17:44 INFO  c.r.r.m.p.i.d.PrintCanvasMainChange - display image 3052.0 2500.0
2025-04-30 13:17:44 INFO  c.r.r.m.p.i.d.PrintCanvasMainChange - {0, 607, 3052x1210}
2025-04-30 13:17:44 INFO  c.r.r.m.p.i.d.PrintCanvasMainChange - display image 3052.0 2500.0
2025-04-30 13:17:44 INFO  c.r.r.m.p.i.d.PrintCanvasMainChange - {0, 607, 3052x1210}
2025-04-30 13:17:44 INFO  c.r.r.m.p.i.d.PrintCanvasMainChange - display image 3052.0 2500.0
2025-04-30 13:17:44 INFO  c.r.r.m.p.i.d.PrintCanvasMainChange - {0, 607, 3052x1210}
2025-04-30 13:17:44 INFO  c.r.r.m.p.i.d.PrintCanvasMainChange - display image 3052.0 2500.0
2025-04-30 13:17:44 INFO  c.r.r.m.p.i.d.PrintCanvasMainChange - {0, 607, 3052x1210}
2025-04-30 13:17:44 INFO  c.r.r.m.p.i.d.PrintCanvasMainChange - display image 3052.0 2500.0
2025-04-30 13:17:44 INFO  c.r.r.m.p.i.d.PrintCanvasMainChange - {0, 607, 3052x1210}
2025-04-30 13:17:44 INFO  c.r.r.m.p.i.d.PrintCanvasMainChange - display image 3052.0 2500.0
2025-04-30 13:17:44 INFO  c.r.r.m.p.i.d.PrintCanvasMainChange - {0, 607, 3052x1210}
2025-04-30 13:17:44 INFO  c.r.r.m.p.i.d.PrintCanvasMainChange - display image 3052.0 2500.0
2025-04-30 13:17:45 INFO  c.r.r.m.p.i.d.PrintCanvasMainChange - {0, 607, 3052x1210}
2025-04-30 13:17:45 INFO  c.r.r.m.p.i.d.PrintCanvasMainChange - display image 3052.0 2500.0
2025-04-30 13:17:45 INFO  c.r.r.m.p.i.d.PrintCanvasMainChange - {0, 607, 3052x1210}
2025-04-30 13:17:45 INFO  c.r.r.m.p.i.d.PrintCanvasMainChange - display image 3052.0 2500.0
2025-04-30 13:17:45 INFO  c.r.r.m.p.i.d.PrintCanvasMainChange - {0, 607, 3052x1210}
2025-04-30 13:17:45 INFO  c.r.r.m.p.i.d.PrintCanvasMainChange - display image 3052.0 2500.0
2025-04-30 13:17:45 INFO  c.r.r.m.p.i.d.PrintCanvasMainChange - {0, 607, 3052x1210}
2025-04-30 13:17:45 INFO  c.r.r.m.p.i.d.PrintCanvasMainChange - display image 3052.0 2500.0
2025-04-30 13:17:45 INFO  c.r.r.m.p.i.d.PrintCanvasMainChange - {0, 607, 3052x1210}
2025-04-30 13:17:45 INFO  c.r.r.m.p.i.d.PrintCanvasMainChange - display image 3052.0 2500.0
2025-04-30 13:17:45 INFO  c.r.r.m.p.i.d.PrintCanvasMainChange - {0, 607, 3052x1210}
2025-04-30 13:17:45 INFO  c.r.r.m.p.i.d.PrintCanvasMainChange - display image 3052.0 2500.0
2025-04-30 13:17:45 INFO  c.r.r.m.p.i.d.PrintCanvasMainChange - {0, 607, 3052x1210}
2025-04-30 13:17:45 INFO  c.r.r.m.p.i.d.PrintCanvasMainChange - display image 3052.0 2500.0
2025-04-30 13:17:45 INFO  c.r.r.m.p.i.d.PrintCanvasMainChange - {0, 607, 3052x1210}
2025-04-30 13:17:45 INFO  c.r.r.m.p.i.d.PrintCanvasMainChange - display image 3052.0 2500.0
2025-04-30 13:17:45 INFO  c.r.r.m.p.i.d.PrintCanvasMainChange - {0, 607, 3052x1210}
2025-04-30 13:17:45 INFO  c.r.r.m.p.i.d.PrintCanvasMainChange - display image 3052.0 2500.0
2025-04-30 13:17:45 INFO  c.r.r.m.p.i.d.PrintCanvasMainChange - {0, 607, 3052x1210}
2025-04-30 13:17:45 INFO  c.r.r.m.p.i.d.PrintCanvasMainChange - display image 3052.0 2500.0
2025-04-30 13:17:45 INFO  c.r.r.m.p.i.d.PrintCanvasMainChange - {0, 607, 3052x1210}
2025-04-30 13:17:45 INFO  c.r.r.m.p.i.d.PrintCanvasMainChange - display image 3052.0 2500.0
2025-04-30 13:17:45 INFO  c.r.r.m.p.i.d.PrintCanvasMainChange - {0, 607, 3052x1210}
2025-04-30 13:17:45 INFO  c.r.r.m.p.i.d.PrintCanvasMainChange - display image 3052.0 2500.0
2025-04-30 13:17:46 INFO  c.r.r.m.p.i.d.PrintCanvasMainChange - {0, 607, 3052x1210}
2025-04-30 13:17:46 INFO  c.r.r.m.p.i.d.PrintCanvasMainChange - display image 3052.0 2500.0
2025-04-30 13:17:46 INFO  c.r.r.m.p.i.d.PrintCanvasMainChange - {0, 607, 3052x1210}
2025-04-30 13:17:46 INFO  c.r.r.m.p.i.d.PrintCanvasMainChange - display image 3052.0 2500.0
2025-04-30 13:17:46 INFO  c.r.r.m.p.i.d.PrintCanvasMainChange - {0, 607, 3052x1210}
2025-04-30 13:17:46 INFO  c.r.r.m.p.i.d.PrintCanvasMainChange - display image 3052.0 2500.0
2025-04-30 13:17:46 INFO  c.r.r.m.p.i.d.PrintCanvasMainChange - {0, 607, 3052x1210}
2025-04-30 13:17:46 INFO  c.r.r.m.p.i.d.PrintCanvasMainChange - display image 3052.0 2500.0
2025-04-30 13:17:46 INFO  c.r.r.m.p.i.d.PrintCanvasMainChange - {0, 607, 3052x1210}
2025-04-30 13:17:46 INFO  c.r.r.m.p.i.d.PrintCanvasMainChange - display image 3052.0 2500.0
2025-04-30 13:17:46 INFO  c.r.r.m.p.i.d.PrintCanvasMainChange - {0, 607, 3052x1210}
2025-04-30 13:17:46 INFO  c.r.r.m.p.i.d.PrintCanvasMainChange - display image 3052.0 2500.0
2025-04-30 13:17:47 INFO  c.r.r.m.p.i.d.PrintCanvasMainChange - {0, 607, 3052x1210}
2025-04-30 13:17:47 INFO  c.r.r.m.p.i.d.PrintCanvasMainChange - display image 3052.0 2500.0
2025-04-30 13:17:47 INFO  c.r.r.m.p.i.d.PrintCanvasMainChange - {0, 607, 3052x1210}
2025-04-30 13:17:47 INFO  c.r.r.m.p.i.d.PrintCanvasMainChange - display image 3052.0 2500.0
2025-04-30 13:17:47 INFO  c.r.r.m.p.i.d.PrintCanvasMainChange - {0, 607, 3052x1210}
2025-04-30 13:17:47 INFO  c.r.r.m.p.i.d.PrintCanvasMainChange - display image 3052.0 2500.0
2025-04-30 13:17:47 INFO  c.r.r.m.p.i.d.PrintCanvasMainChange - {0, 607, 3052x1210}
2025-04-30 13:17:47 INFO  c.r.r.m.p.i.d.PrintCanvasMainChange - display image 3052.0 2500.0
2025-04-30 13:17:47 INFO  c.r.r.m.p.i.d.PrintCanvasMainChange - {0, 607, 3052x1210}
2025-04-30 13:17:47 INFO  c.r.r.m.p.i.d.PrintCanvasMainChange - display image 3052.0 2500.0
2025-04-30 13:17:47 INFO  c.r.r.m.p.i.d.PrintCanvasMainChange - {0, 607, 3052x1210}
2025-04-30 13:17:47 INFO  c.r.r.m.p.i.d.PrintCanvasMainChange - display image 3052.0 2500.0
2025-04-30 13:17:47 INFO  c.r.r.m.p.i.d.PrintCanvasMainChange - {0, 607, 3052x1210}
2025-04-30 13:17:47 INFO  c.r.r.m.p.i.d.PrintCanvasMainChange - display image 3052.0 2500.0
2025-04-30 13:17:47 INFO  c.r.r.m.p.i.d.PrintCanvasMainChange - {0, 607, 3052x1210}
2025-04-30 13:17:47 INFO  c.r.r.m.p.i.d.PrintCanvasMainChange - display image 3052.0 2500.0
2025-04-30 13:17:47 INFO  c.r.r.m.p.i.d.PrintCanvasMainChange - {0, 607, 3052x1210}
2025-04-30 13:17:47 INFO  c.r.r.m.p.i.d.PrintCanvasMainChange - display image 3052.0 2500.0
2025-04-30 13:17:47 INFO  c.r.r.m.p.i.d.PrintCanvasMainChange - {0, 607, 3052x1210}
2025-04-30 13:17:47 INFO  c.r.r.m.p.i.d.PrintCanvasMainChange - display image 3052.0 2500.0
2025-04-30 13:17:49 INFO  c.r.r.m.p.i.d.PrintCanvasMainChange - {0, 607, 3052x1210}
2025-04-30 13:17:49 INFO  c.r.r.m.p.i.d.PrintCanvasMainChange - display image 3052.0 2500.0
2025-04-30 13:17:49 INFO  c.r.r.m.p.i.d.PrintCanvasMainChange - {0, 607, 3052x1210}
2025-04-30 13:17:49 INFO  c.r.r.m.p.i.d.PrintCanvasMainChange - display image 3052.0 2500.0
2025-04-30 13:17:50 INFO  c.r.r.m.p.i.d.PrintCanvasMainChange - {0, 607, 3052x1210}
2025-04-30 13:17:50 INFO  c.r.r.m.p.i.d.PrintCanvasMainChange - display image 3052.0 2500.0
2025-04-30 13:17:50 INFO  c.r.r.m.p.i.d.PrintCanvasMainChange - {0, 607, 3052x1210}
2025-04-30 13:17:50 INFO  c.r.r.m.p.i.d.PrintCanvasMainChange - display image 3052.0 2500.0
2025-04-30 13:17:50 INFO  c.r.r.m.p.i.d.PrintCanvasMainChange - {0, 607, 3052x1210}
2025-04-30 13:17:50 INFO  c.r.r.m.p.i.d.PrintCanvasMainChange - display image 3052.0 2500.0
2025-04-30 13:17:50 INFO  c.r.r.m.p.i.d.PrintCanvasMainChange - {0, 607, 3052x1210}
2025-04-30 13:17:50 INFO  c.r.r.m.p.i.d.PrintCanvasMainChange - display image 3052.0 2500.0
2025-04-30 13:17:50 INFO  c.r.r.m.p.i.d.PrintCanvasMainChange - {0, 607, 3052x1210}
2025-04-30 13:17:50 INFO  c.r.r.m.p.i.d.PrintCanvasMainChange - display image 3052.0 2500.0
2025-04-30 13:17:50 INFO  c.r.r.m.p.i.d.PrintCanvasMainChange - {0, 607, 3052x1210}
2025-04-30 13:17:50 INFO  c.r.r.m.p.i.d.PrintCanvasMainChange - display image 3052.0 2500.0
2025-04-30 13:17:50 INFO  c.r.r.m.p.i.d.PrintCanvasMainChange - {0, 607, 3052x1210}
2025-04-30 13:17:50 INFO  c.r.r.m.p.i.d.PrintCanvasMainChange - display image 3052.0 2500.0
2025-04-30 13:17:50 INFO  c.r.r.m.p.i.d.PrintCanvasMainChange - {0, 607, 3052x1210}
2025-04-30 13:17:50 INFO  c.r.r.m.p.i.d.PrintCanvasMainChange - display image 3052.0 2500.0
2025-04-30 13:17:50 INFO  c.r.r.m.p.i.d.PrintCanvasMainChange - {0, 607, 3052x1210}
2025-04-30 13:17:50 INFO  c.r.r.m.p.i.d.PrintCanvasMainChange - display image 3052.0 2500.0
2025-04-30 13:17:50 INFO  c.r.r.m.p.i.d.PrintCanvasMainChange - {0, 607, 3052x1210}
2025-04-30 13:17:50 INFO  c.r.r.m.p.i.d.PrintCanvasMainChange - display image 3052.0 2500.0
2025-04-30 13:17:50 INFO  c.r.r.m.p.i.d.PrintCanvasMainChange - {0, 607, 3052x1210}
2025-04-30 13:17:50 INFO  c.r.r.m.p.i.d.PrintCanvasMainChange - display image 3052.0 2500.0
2025-04-30 13:17:50 INFO  c.r.r.m.p.i.d.PrintCanvasMainChange - {0, 607, 3052x1210}
2025-04-30 13:17:50 INFO  c.r.r.m.p.i.d.PrintCanvasMainChange - display image 3052.0 2500.0
2025-04-30 13:17:50 INFO  c.r.r.m.p.i.d.PrintCanvasMainChange - {0, 607, 3052x1210}
2025-04-30 13:17:50 INFO  c.r.r.m.p.i.d.PrintCanvasMainChange - display image 3052.0 2500.0
2025-04-30 13:17:50 INFO  c.r.r.m.p.i.d.PrintCanvasMainChange - {0, 607, 3052x1210}
2025-04-30 13:17:50 INFO  c.r.r.m.p.i.d.PrintCanvasMainChange - display image 3052.0 2500.0
2025-04-30 13:17:50 INFO  c.r.r.m.p.i.d.PrintCanvasMainChange - {0, 607, 3052x1210}
2025-04-30 13:17:50 INFO  c.r.r.m.p.i.d.PrintCanvasMainChange - display image 3052.0 2500.0
2025-04-30 13:17:50 INFO  c.r.r.m.p.i.d.PrintCanvasMainChange - {0, 607, 3052x1210}
2025-04-30 13:17:50 INFO  c.r.r.m.p.i.d.PrintCanvasMainChange - display image 3052.0 2500.0
2025-04-30 13:17:50 INFO  c.r.r.m.p.i.d.PrintCanvasMainChange - {0, 607, 3052x1210}
2025-04-30 13:17:50 INFO  c.r.r.m.p.i.d.PrintCanvasMainChange - display image 3052.0 2500.0
2025-04-30 13:17:50 INFO  c.r.r.m.p.i.d.PrintCanvasMainChange - {0, 607, 3052x1210}
2025-04-30 13:17:50 INFO  c.r.r.m.p.i.d.PrintCanvasMainChange - display image 3052.0 2500.0
2025-04-30 13:17:50 INFO  c.r.r.m.p.i.d.PrintCanvasMainChange - {0, 607, 3052x1210}
2025-04-30 13:17:50 INFO  c.r.r.m.p.i.d.PrintCanvasMainChange - display image 3052.0 2500.0
2025-04-30 13:17:51 INFO  c.r.r.m.p.i.d.PrintCanvasMainChange - {0, 607, 3052x1210}
2025-04-30 13:17:51 INFO  c.r.r.m.p.i.d.PrintCanvasMainChange - display image 3052.0 2500.0
2025-04-30 13:17:51 INFO  c.r.r.m.p.i.d.PrintCanvasMainChange - {0, 607, 3052x1210}
2025-04-30 13:17:51 INFO  c.r.r.m.p.i.d.PrintCanvasMainChange - display image 3052.0 2500.0
2025-04-30 13:17:51 INFO  c.r.r.m.p.i.d.PrintCanvasMainChange - {0, 607, 3052x1210}
2025-04-30 13:17:51 INFO  c.r.r.m.p.i.d.PrintCanvasMainChange - display image 3052.0 2500.0
2025-04-30 13:17:51 INFO  c.r.r.m.p.i.d.PrintCanvasMainChange - {0, 607, 3052x1210}
2025-04-30 13:17:51 INFO  c.r.r.m.p.i.d.PrintCanvasMainChange - display image 3052.0 2500.0
2025-04-30 13:17:51 INFO  c.r.r.m.p.i.d.PrintCanvasMainChange - {0, 607, 3052x1210}
2025-04-30 13:17:51 INFO  c.r.r.m.p.i.d.PrintCanvasMainChange - display image 3052.0 2500.0
2025-04-30 13:17:51 INFO  c.r.r.m.p.i.d.PrintCanvasMainChange - {0, 607, 3052x1210}
2025-04-30 13:17:51 INFO  c.r.r.m.p.i.d.PrintCanvasMainChange - display image 3052.0 2500.0
2025-04-30 13:17:51 INFO  c.r.r.m.p.i.d.PrintCanvasMainChange - {0, 607, 3052x1210}
2025-04-30 13:17:51 INFO  c.r.r.m.p.i.d.PrintCanvasMainChange - display image 3052.0 2500.0
2025-04-30 13:17:51 INFO  c.r.r.m.p.i.d.PrintCanvasMainChange - {0, 607, 3052x1210}
2025-04-30 13:17:51 INFO  c.r.r.m.p.i.d.PrintCanvasMainChange - display image 3052.0 2500.0
2025-04-30 13:17:51 INFO  c.r.r.m.p.i.d.PrintCanvasMainChange - {0, 607, 3052x1210}
2025-04-30 13:17:51 INFO  c.r.r.m.p.i.d.PrintCanvasMainChange - display image 3052.0 2500.0
2025-04-30 13:17:51 INFO  c.r.r.m.p.i.d.PrintCanvasMainChange - {0, 607, 3052x1210}
2025-04-30 13:17:51 INFO  c.r.r.m.p.i.d.PrintCanvasMainChange - display image 3052.0 2500.0
2025-04-30 13:17:51 INFO  c.r.r.m.p.i.d.PrintCanvasMainChange - {0, 607, 3052x1210}
2025-04-30 13:17:51 INFO  c.r.r.m.p.i.d.PrintCanvasMainChange - display image 3052.0 2500.0
2025-04-30 13:17:52 INFO  c.r.r.m.p.i.d.PrintCanvasMainChange - {0, 607, 3052x1210}
2025-04-30 13:17:52 INFO  c.r.r.m.p.i.d.PrintCanvasMainChange - display image 3052.0 2500.0
2025-04-30 13:17:52 INFO  c.r.r.m.p.i.d.PrintCanvasMainChange - {0, 607, 3052x1210}
2025-04-30 13:17:52 INFO  c.r.r.m.p.i.d.PrintCanvasMainChange - display image 3052.0 2500.0
2025-04-30 13:17:52 INFO  c.r.r.m.p.i.d.PrintCanvasMainChange - {0, 607, 3052x1210}
2025-04-30 13:17:52 INFO  c.r.r.m.p.i.d.PrintCanvasMainChange - display image 3052.0 2500.0
2025-04-30 13:17:52 INFO  c.r.r.m.p.i.d.PrintCanvasMainChange - {0, 607, 3052x1210}
2025-04-30 13:17:52 INFO  c.r.r.m.p.i.d.PrintCanvasMainChange - display image 3052.0 2500.0
2025-04-30 13:17:52 INFO  c.r.r.m.p.i.d.PrintCanvasMainChange - {0, 607, 3052x1210}
2025-04-30 13:17:52 INFO  c.r.r.m.p.i.d.PrintCanvasMainChange - display image 3052.0 2500.0
2025-04-30 13:17:52 INFO  c.r.r.m.p.i.d.PrintCanvasMainChange - {0, 607, 3052x1210}
2025-04-30 13:17:52 INFO  c.r.r.m.p.i.d.PrintCanvasMainChange - display image 3052.0 2500.0
2025-04-30 13:17:53 INFO  c.r.r.m.p.i.d.PrintCanvasMainChange - {0, 607, 3052x1210}
2025-04-30 13:17:53 INFO  c.r.r.m.p.i.d.PrintCanvasMainChange - display image 3052.0 2500.0
2025-04-30 13:17:53 INFO  c.r.r.m.p.i.d.PrintCanvasMainChange - {0, 607, 3052x1210}
2025-04-30 13:17:53 INFO  c.r.r.m.p.i.d.PrintCanvasMainChange - display image 3052.0 2500.0
2025-04-30 13:17:53 INFO  c.r.r.m.p.i.d.PrintCanvasMainChange - {0, 607, 3052x1210}
2025-04-30 13:17:53 INFO  c.r.r.m.p.i.d.PrintCanvasMainChange - display image 3052.0 2500.0
2025-04-30 13:17:53 INFO  c.r.r.m.p.i.d.PrintCanvasMainChange - {0, 607, 3052x1210}
2025-04-30 13:17:53 INFO  c.r.r.m.p.i.d.PrintCanvasMainChange - display image 3052.0 2500.0
2025-04-30 13:17:53 INFO  c.r.r.m.p.i.d.PrintCanvasMainChange - {0, 607, 3052x1210}
2025-04-30 13:17:53 INFO  c.r.r.m.p.i.d.PrintCanvasMainChange - display image 3052.0 2500.0
2025-04-30 13:17:53 INFO  c.r.r.m.p.i.d.PrintCanvasMainChange - {0, 607, 3052x1210}
2025-04-30 13:17:53 INFO  c.r.r.m.p.i.d.PrintCanvasMainChange - display image 3052.0 2500.0
2025-04-30 13:17:53 INFO  c.r.r.m.p.i.d.PrintCanvasMainChange - {0, 607, 3052x1210}
2025-04-30 13:17:53 INFO  c.r.r.m.p.i.d.PrintCanvasMainChange - display image 3052.0 2500.0
2025-04-30 13:17:53 INFO  c.r.r.m.p.i.d.PrintCanvasMainChange - {0, 607, 3052x1210}
2025-04-30 13:17:53 INFO  c.r.r.m.p.i.d.PrintCanvasMainChange - display image 3052.0 2500.0
2025-04-30 13:17:53 INFO  c.r.r.m.p.i.d.PrintCanvasMainChange - {0, 607, 3052x1210}
2025-04-30 13:17:53 INFO  c.r.r.m.p.i.d.PrintCanvasMainChange - display image 3052.0 2500.0
2025-04-30 13:17:53 INFO  c.r.r.m.p.i.d.PrintCanvasMainChange - {0, 607, 3052x1210}
2025-04-30 13:17:53 INFO  c.r.r.m.p.i.d.PrintCanvasMainChange - display image 3052.0 2500.0
2025-04-30 13:17:54 INFO  c.r.r.m.p.i.d.PrintCanvasMainChange - {0, 607, 3052x1210}
2025-04-30 13:17:54 INFO  c.r.r.m.p.i.d.PrintCanvasMainChange - display image 3052.0 2500.0
2025-04-30 13:17:54 INFO  c.r.r.m.p.i.d.PrintCanvasMainChange - {0, 607, 3052x1210}
2025-04-30 13:17:54 INFO  c.r.r.m.p.i.d.PrintCanvasMainChange - display image 3052.0 2500.0
2025-04-30 13:17:54 INFO  c.r.r.m.p.i.d.PrintCanvasMainChange - {0, 607, 3052x1210}
2025-04-30 13:17:54 INFO  c.r.r.m.p.i.d.PrintCanvasMainChange - display image 3052.0 2500.0
2025-04-30 13:17:54 INFO  c.r.r.m.p.i.d.PrintCanvasMainChange - {0, 607, 3052x1210}
2025-04-30 13:17:54 INFO  c.r.r.m.p.i.d.PrintCanvasMainChange - display image 3052.0 2500.0
2025-04-30 13:17:55 INFO  c.r.r.m.p.i.d.PrintCanvasMainChange - {0, 607, 3052x1210}
2025-04-30 13:17:55 INFO  c.r.r.m.p.i.d.PrintCanvasMainChange - display image 3052.0 2500.0
2025-04-30 13:17:55 INFO  c.r.r.m.p.i.d.PrintCanvasMainChange - {0, 607, 3052x1210}
2025-04-30 13:17:55 INFO  c.r.r.m.p.i.d.PrintCanvasMainChange - display image 3052.0 2500.0
2025-04-30 13:17:55 INFO  c.r.r.m.p.i.d.PrintCanvasMainChange - {0, 607, 3052x1210}
2025-04-30 13:17:55 INFO  c.r.r.m.p.i.d.PrintCanvasMainChange - display image 3052.0 2500.0
2025-04-30 13:17:55 INFO  c.r.r.m.p.i.d.PrintCanvasMainChange - {0, 607, 3052x1210}
2025-04-30 13:17:55 INFO  c.r.r.m.p.i.d.PrintCanvasMainChange - display image 3052.0 2500.0
2025-04-30 13:17:55 INFO  c.r.r.m.p.i.d.PrintCanvasMainChange - {0, 607, 3052x1210}
2025-04-30 13:17:55 INFO  c.r.r.m.p.i.d.PrintCanvasMainChange - display image 3052.0 2500.0
2025-04-30 13:17:55 INFO  c.r.r.m.p.i.d.PrintCanvasMainChange - {0, 607, 3052x1210}
2025-04-30 13:17:55 INFO  c.r.r.m.p.i.d.PrintCanvasMainChange - display image 3052.0 2500.0
2025-04-30 13:17:55 INFO  c.r.r.m.p.i.d.PrintCanvasMainChange - {0, 607, 3052x1210}
2025-04-30 13:17:55 INFO  c.r.r.m.p.i.d.PrintCanvasMainChange - display image 3052.0 2500.0
2025-04-30 13:17:55 INFO  c.r.r.m.p.i.d.PrintCanvasMainChange - {0, 607, 3052x1210}
2025-04-30 13:17:55 INFO  c.r.r.m.p.i.d.PrintCanvasMainChange - display image 3052.0 2500.0
2025-04-30 13:17:55 INFO  c.r.r.m.p.i.d.PrintCanvasMainChange - {0, 607, 3052x1210}
2025-04-30 13:17:55 INFO  c.r.r.m.p.i.d.PrintCanvasMainChange - display image 3052.0 2500.0
2025-04-30 13:17:55 INFO  c.r.r.m.p.i.d.PrintCanvasMainChange - {0, 607, 3052x1210}
2025-04-30 13:17:55 INFO  c.r.r.m.p.i.d.PrintCanvasMainChange - display image 3052.0 2500.0
2025-04-30 13:17:55 INFO  c.r.r.m.p.i.d.PrintCanvasMainChange - {0, 607, 3052x1210}
2025-04-30 13:17:55 INFO  c.r.r.m.p.i.d.PrintCanvasMainChange - display image 3052.0 2500.0
2025-04-30 13:17:55 INFO  c.r.r.m.p.i.d.PrintCanvasMainChange - {0, 607, 3052x1210}
2025-04-30 13:17:55 INFO  c.r.r.m.p.i.d.PrintCanvasMainChange - display image 3052.0 2500.0
2025-04-30 13:17:55 INFO  c.r.r.m.p.i.d.PrintCanvasMainChange - {0, 607, 3052x1210}
2025-04-30 13:17:55 INFO  c.r.r.m.p.i.d.PrintCanvasMainChange - display image 3052.0 2500.0
2025-04-30 13:17:55 INFO  c.r.r.m.p.i.d.PrintCanvasMainChange - {0, 607, 3052x1210}
2025-04-30 13:17:55 INFO  c.r.r.m.p.i.d.PrintCanvasMainChange - display image 3052.0 2500.0
2025-04-30 13:17:55 INFO  c.r.r.m.p.i.d.PrintCanvasMainChange - {0, 607, 3052x1210}
2025-04-30 13:17:55 INFO  c.r.r.m.p.i.d.PrintCanvasMainChange - display image 3052.0 2500.0
2025-04-30 13:17:55 INFO  c.r.r.m.p.i.d.PrintCanvasMainChange - {0, 607, 3052x1210}
2025-04-30 13:17:55 INFO  c.r.r.m.p.i.d.PrintCanvasMainChange - display image 3052.0 2500.0
2025-04-30 13:17:55 INFO  c.r.r.m.p.i.d.PrintCanvasMainChange - {0, 607, 3052x1210}
2025-04-30 13:17:55 INFO  c.r.r.m.p.i.d.PrintCanvasMainChange - display image 3052.0 2500.0
2025-04-30 13:17:55 INFO  c.r.r.m.p.i.d.PrintCanvasMainChange - {0, 607, 3052x1210}
2025-04-30 13:17:55 INFO  c.r.r.m.p.i.d.PrintCanvasMainChange - display image 3052.0 2500.0
2025-04-30 13:17:55 INFO  c.r.r.m.p.i.d.PrintCanvasMainChange - {0, 607, 3052x1210}
2025-04-30 13:17:55 INFO  c.r.r.m.p.i.d.PrintCanvasMainChange - display image 3052.0 2500.0
2025-04-30 13:17:55 INFO  c.r.r.m.p.i.d.PrintCanvasMainChange - {0, 607, 3052x1210}
2025-04-30 13:17:55 INFO  c.r.r.m.p.i.d.PrintCanvasMainChange - display image 3052.0 2500.0
2025-04-30 13:17:56 INFO  c.r.r.m.p.i.d.PrintCanvasMainChange - {0, 607, 3052x1210}
2025-04-30 13:17:56 INFO  c.r.r.m.p.i.d.PrintCanvasMainChange - display image 3052.0 2500.0
2025-04-30 13:17:56 INFO  c.r.r.m.p.i.d.PrintCanvasMainChange - {0, 607, 3052x1210}
2025-04-30 13:17:56 INFO  c.r.r.m.p.i.d.PrintCanvasMainChange - display image 3052.0 2500.0
2025-04-30 13:17:56 INFO  c.r.r.m.p.i.d.PrintCanvasMainChange - {0, 607, 3052x1210}
2025-04-30 13:17:56 INFO  c.r.r.m.p.i.d.PrintCanvasMainChange - display image 3052.0 2500.0
2025-04-30 13:17:56 INFO  c.r.r.m.p.i.d.PrintCanvasMainChange - {0, 607, 3052x1210}
2025-04-30 13:17:56 INFO  c.r.r.m.p.i.d.PrintCanvasMainChange - display image 3052.0 2500.0
2025-04-30 13:17:56 INFO  c.r.r.m.p.i.d.PrintCanvasMainChange - {0, 607, 3052x1210}
2025-04-30 13:17:56 INFO  c.r.r.m.p.i.d.PrintCanvasMainChange - display image 3052.0 2500.0
2025-04-30 13:17:56 INFO  c.r.r.m.p.i.d.PrintCanvasMainChange - {0, 607, 3052x1210}
2025-04-30 13:17:56 INFO  c.r.r.m.p.i.d.PrintCanvasMainChange - display image 3052.0 2500.0
2025-04-30 13:17:56 INFO  c.r.r.m.p.i.d.PrintCanvasMainChange - {0, 607, 3052x1210}
2025-04-30 13:17:56 INFO  c.r.r.m.p.i.d.PrintCanvasMainChange - display image 3052.0 2500.0
2025-04-30 13:17:56 INFO  c.r.r.m.p.i.d.PrintCanvasMainChange - {0, 607, 3052x1210}
2025-04-30 13:17:56 INFO  c.r.r.m.p.i.d.PrintCanvasMainChange - display image 3052.0 2500.0
2025-04-30 13:17:56 INFO  c.r.r.m.p.i.d.PrintCanvasMainChange - {0, 607, 3052x1210}
2025-04-30 13:17:56 INFO  c.r.r.m.p.i.d.PrintCanvasMainChange - display image 3052.0 2500.0
2025-04-30 13:17:56 INFO  c.r.r.m.p.i.d.PrintCanvasMainChange - {0, 607, 3052x1210}
2025-04-30 13:17:56 INFO  c.r.r.m.p.i.d.PrintCanvasMainChange - display image 3052.0 2500.0
2025-04-30 13:17:59 INFO  c.r.r.m.p.i.d.PrintCanvasMainChange - {0, 607, 3052x1210}
2025-04-30 13:17:59 INFO  c.r.r.m.p.i.d.PrintCanvasMainChange - display image 3052.0 2500.0
2025-04-30 13:18:13 INFO  c.r.r.m.p.i.d.PrintCanvasMainChange - {0, 607, 3052x1210}
2025-04-30 13:18:13 INFO  c.r.r.m.p.i.d.PrintCanvasMainChange - display image 3052.0 2500.0
2025-04-30 13:18:14 INFO  c.r.r.m.p.i.d.PrintCanvasMainChange - {0, 607, 3052x1210}
2025-04-30 13:18:14 INFO  c.r.r.m.p.i.d.PrintCanvasMainChange - display image 3052.0 2500.0
2025-04-30 13:18:14 INFO  c.r.r.m.p.i.d.PrintCanvasMainChange - {0, 607, 3052x1210}
2025-04-30 13:18:14 INFO  c.r.r.m.p.i.d.PrintCanvasMainChange - display image 3052.0 2500.0
2025-04-30 13:18:14 INFO  c.r.r.m.p.i.d.PrintCanvasMainChange - {0, 607, 3052x1210}
2025-04-30 13:18:14 INFO  c.r.r.m.p.i.d.PrintCanvasMainChange - display image 3052.0 2500.0
2025-04-30 13:18:14 INFO  c.r.r.m.p.i.d.PrintCanvasMainChange - {0, 607, 3052x1210}
2025-04-30 13:18:14 INFO  c.r.r.m.p.i.d.PrintCanvasMainChange - display image 3052.0 2500.0
2025-04-30 13:18:14 INFO  c.r.r.m.p.i.d.PrintCanvasMainChange - {0, 607, 3052x1210}
2025-04-30 13:18:14 INFO  c.r.r.m.p.i.d.PrintCanvasMainChange - display image 3052.0 2500.0
2025-04-30 13:18:14 INFO  c.r.r.m.p.i.d.PrintCanvasMainChange - {0, 607, 3052x1210}
2025-04-30 13:18:14 INFO  c.r.r.m.p.i.d.PrintCanvasMainChange - display image 3052.0 2500.0
2025-04-30 13:18:14 INFO  c.r.r.m.p.i.d.PrintCanvasMainChange - {0, 607, 3052x1210}
2025-04-30 13:18:14 INFO  c.r.r.m.p.i.d.PrintCanvasMainChange - display image 3052.0 2500.0
2025-04-30 13:18:15 INFO  c.r.r.m.p.i.d.PrintCanvasMainChange - {0, 607, 3052x1210}
2025-04-30 13:18:15 INFO  c.r.r.m.p.i.d.PrintCanvasMainChange - display image 3052.0 2500.0
2025-04-30 13:18:15 INFO  c.r.r.m.p.i.d.PrintCanvasMainChange - {0, 607, 3052x1210}
2025-04-30 13:18:15 INFO  c.r.r.m.p.i.d.PrintCanvasMainChange - display image 3052.0 2500.0
2025-04-30 13:18:15 INFO  c.r.r.m.p.i.d.PrintCanvasMainChange - {0, 607, 3052x1210}
2025-04-30 13:18:15 INFO  c.r.r.m.p.i.d.PrintCanvasMainChange - display image 3052.0 2500.0
2025-04-30 13:18:15 INFO  c.r.r.m.p.i.d.PrintCanvasMainChange - {0, 607, 3052x1210}
2025-04-30 13:18:15 INFO  c.r.r.m.p.i.d.PrintCanvasMainChange - display image 3052.0 2500.0
2025-04-30 13:18:15 INFO  c.r.r.m.p.i.d.PrintCanvasMainChange - {0, 607, 3052x1210}
2025-04-30 13:18:15 INFO  c.r.r.m.p.i.d.PrintCanvasMainChange - display image 3052.0 2500.0
2025-04-30 13:18:15 INFO  c.r.r.m.p.i.d.PrintCanvasMainChange - {0, 607, 3052x1210}
2025-04-30 13:18:15 INFO  c.r.r.m.p.i.d.PrintCanvasMainChange - display image 3052.0 2500.0
2025-04-30 13:18:16 INFO  c.r.r.m.p.i.d.PrintCanvasMainChange - {0, 607, 3052x1210}
2025-04-30 13:18:16 INFO  c.r.r.m.p.i.d.PrintCanvasMainChange - display image 3052.0 2500.0
2025-04-30 13:18:16 INFO  c.r.r.m.p.i.d.PrintCanvasMainChange - {0, 607, 3052x1210}
2025-04-30 13:18:16 INFO  c.r.r.m.p.i.d.PrintCanvasMainChange - display image 3052.0 2500.0
2025-04-30 13:18:16 INFO  c.r.r.m.p.i.d.PrintCanvasMainChange - {0, 607, 3052x1210}
2025-04-30 13:18:16 INFO  c.r.r.m.p.i.d.PrintCanvasMainChange - display image 3052.0 2500.0
2025-04-30 13:18:16 INFO  c.r.r.m.p.i.d.PrintCanvasMainChange - {0, 607, 3052x1210}
2025-04-30 13:18:16 INFO  c.r.r.m.p.i.d.PrintCanvasMainChange - display image 3052.0 2500.0
2025-04-30 13:18:16 INFO  c.r.r.m.p.i.d.PrintCanvasMainChange - {0, 607, 3052x1210}
2025-04-30 13:18:16 INFO  c.r.r.m.p.i.d.PrintCanvasMainChange - display image 3052.0 2500.0
2025-04-30 13:18:16 INFO  c.r.r.m.p.i.d.PrintCanvasMainChange - {0, 607, 3052x1210}
2025-04-30 13:18:16 INFO  c.r.r.m.p.i.d.PrintCanvasMainChange - display image 3052.0 2500.0
2025-04-30 13:18:16 INFO  c.r.r.m.p.i.d.PrintCanvasMainChange - {0, 607, 3052x1210}
2025-04-30 13:18:16 INFO  c.r.r.m.p.i.d.PrintCanvasMainChange - display image 3052.0 2500.0
2025-04-30 13:18:17 INFO  c.r.r.m.p.i.d.PrintCanvasMainChange - {0, 607, 3052x1210}
2025-04-30 13:18:17 INFO  c.r.r.m.p.i.d.PrintCanvasMainChange - display image 3052.0 2500.0
2025-04-30 13:18:17 INFO  c.r.r.m.p.i.d.PrintCanvasMainChange - {0, 607, 3052x1210}
2025-04-30 13:18:17 INFO  c.r.r.m.p.i.d.PrintCanvasMainChange - display image 3052.0 2500.0
2025-04-30 13:18:17 INFO  c.r.r.m.p.i.d.PrintCanvasMainChange - {0, 607, 3052x1210}
2025-04-30 13:18:17 INFO  c.r.r.m.p.i.d.PrintCanvasMainChange - display image 3052.0 2500.0
2025-04-30 13:18:17 INFO  c.r.r.m.p.i.d.PrintCanvasMainChange - {0, 607, 3052x1210}
2025-04-30 13:18:17 INFO  c.r.r.m.p.i.d.PrintCanvasMainChange - display image 3052.0 2500.0
2025-04-30 13:18:17 INFO  c.r.r.m.p.i.d.PrintCanvasMainChange - {0, 607, 3052x1210}
2025-04-30 13:18:17 INFO  c.r.r.m.p.i.d.PrintCanvasMainChange - display image 3052.0 2500.0
