2025-04-30 16:59:35 INFO  c.r.rxviewui.controller.LoginPage - logged In
2025-04-30 16:59:35 INFO  c.r.r.service.login.LoginController - ip mismatched 192.168.1.139 and 192.168.12.10
2025-04-30 16:59:35 INFO  c.r.r.service.login.LoginController - IP not found
2025-04-30 16:59:35 INFO  c.r.r.service.login.LoginController - initialized
2025-04-30 16:59:39 INFO  c.r.r.service.login.LoginController - No devices found!!!
2025-04-30 17:07:09 INFO  c.r.r.modules.print.Layout.LayoutTab - cropMultiple 2.98046875
2025-04-30 17:07:09 INFO  c.r.r.m.p.i.d.PrintCanvasMainChange - 2048.0 * 2560.0
2025-04-30 17:07:09 INFO  c.r.r.m.p.i.d.PrintCanvasMainChange - display image 3052.0 2500.0
2025-04-30 17:07:09 INFO  c.r.r.m.p.i.d.PrintCanvasMainChange - edited image 1024x838 
2025-04-30 17:07:09 INFO  c.r.r.m.p.i.d.PrintCanvasMainChange - rect 1.3617021276595374 322.45106382978724 1021.6851063829787 185.47234042553225
2025-04-30 17:07:09 INFO  c.r.r.m.p.i.d.PrintCanvasMainChange - new rect {4, 961, 3045x552}
2025-04-30 17:07:09 INFO  c.r.r.m.p.i.d.PrintCanvasMainChange - printDynamicCanvasElementsResize.getMultiple() 2.98046875
2025-04-30 17:07:09 INFO  c.r.r.m.p.i.d.PrintCanvasMainChange - 2048.0 * 2560.0
2025-04-30 17:07:09 INFO  c.r.r.m.p.i.d.PrintCanvasMainChange - display image 3052.0 2500.0
2025-04-30 17:07:09 INFO  c.r.r.m.p.i.d.PrintCanvasMainChange - edited image 1024x838 
2025-04-30 17:07:09 INFO  c.r.r.m.p.i.d.PrintCanvasMainChange - rect 1.3617021276595374 322.45106382978724 1021.6851063829787 185.47234042553225
2025-04-30 17:07:09 INFO  c.r.r.m.p.i.d.PrintCanvasMainChange - new rect {4, 961, 3045x552}
2025-04-30 17:07:09 INFO  c.r.r.m.p.i.d.PrintCanvasMainChange - 2048.0 * 2560.0
2025-04-30 17:07:09 INFO  c.r.r.m.p.i.d.PrintCanvasMainChange - display image 3052.0 2500.0
2025-04-30 17:07:09 INFO  c.r.r.m.p.i.d.PrintCanvasMainChange - edited image 1024x838 
2025-04-30 17:07:09 INFO  c.r.r.m.p.i.d.PrintCanvasMainChange - rect 1.3617021276595374 322.45106382978724 1021.6851063829787 185.47234042553225
2025-04-30 17:07:09 INFO  c.r.r.m.p.i.d.PrintCanvasMainChange - new rect {4, 961, 3045x552}
2025-04-30 17:07:10 INFO  c.r.r.m.p.i.d.PrintCanvasMainChange - 3045.0 * 552.0
2025-04-30 17:07:10 INFO  c.r.r.m.p.i.d.PrintCanvasMainChange - display image 3052.0 2500.0
2025-04-30 17:07:10 INFO  c.r.r.m.p.i.d.PrintCanvasMainChange - edited image 1024x838 
2025-04-30 17:07:10 INFO  c.r.r.m.p.i.d.PrintCanvasMainChange - rect 1.3617021276595374 322.45106382978724 1021.6851063829787 185.47234042553225
2025-04-30 17:07:10 INFO  c.r.r.m.p.i.d.PrintCanvasMainChange - new rect {4, 961, 3045x552}
2025-04-30 17:07:15 INFO  c.r.r.modules.print.Layout.LayoutTab - cropMultiple 2.98046875
2025-04-30 17:07:15 INFO  c.r.r.m.p.i.d.PrintCanvasMainChange - 3045.0 * 552.0
2025-04-30 17:07:15 INFO  c.r.r.m.p.i.d.PrintCanvasMainChange - display image 3052.0 2500.0
2025-04-30 17:07:15 INFO  c.r.r.m.p.i.d.PrintCanvasMainChange - edited image 1024x838 
2025-04-30 17:07:15 INFO  c.r.r.m.p.i.d.PrintCanvasMainChange - rect 338.55319148936155 261.95744680851067 368.3404255319146 318.6808510638294
2025-04-30 17:07:15 INFO  c.r.r.m.p.i.d.PrintCanvasMainChange - new rect {1009, 780, 1097x949}
2025-04-30 17:07:15 INFO  c.r.r.m.p.i.d.PrintCanvasMainChange - printDynamicCanvasElementsResize.getMultiple() 2.98046875
2025-04-30 17:07:15 INFO  c.r.r.m.p.i.d.PrintCanvasMainChange - 1097.0 * 949.0
2025-04-30 17:07:15 INFO  c.r.r.m.p.i.d.PrintCanvasMainChange - display image 3052.0 2500.0
2025-04-30 17:07:15 INFO  c.r.r.m.p.i.d.PrintCanvasMainChange - edited image 1024x838 
2025-04-30 17:07:15 INFO  c.r.r.m.p.i.d.PrintCanvasMainChange - rect 338.55319148936155 261.95744680851067 368.3404255319146 318.6808510638294
2025-04-30 17:07:15 INFO  c.r.r.m.p.i.d.PrintCanvasMainChange - new rect {1009, 780, 1097x949}
2025-04-30 17:10:21 INFO  c.r.r.m.I.i.ImageDrawWrapperHandling - is crop selected true 
2025-04-30 17:10:25 INFO  c.r.r.m.I.i.ImageDrawWrapperHandling - is crop selected true 
2025-04-30 17:10:25 INFO  c.r.r.m.I.i.ImageDrawWrapperHandling - is crop selected true 
2025-04-30 17:10:26 INFO  c.r.r.m.I.i.ImageDrawWrapperHandling - is crop selected false 
2025-04-30 17:10:27 INFO  c.r.r.m.I.i.ImageDrawWrapperHandling - is crop selected true 
2025-04-30 17:10:28 INFO  c.r.r.m.I.i.ImageDrawWrapperHandling - is crop selected true 
2025-04-30 17:10:28 INFO  c.r.r.m.I.i.ImageDrawWrapperHandling - is crop selected true 
2025-04-30 17:10:31 INFO  c.r.r.m.I.i.ImageDrawWrapperHandling - is crop selected true 
2025-04-30 17:10:33 INFO  c.r.r.m.I.i.ImageDrawWrapperHandling - is crop selected true 
2025-04-30 17:10:33 INFO  c.r.r.m.I.i.ImageDrawWrapperHandling - is crop selected false 
2025-04-30 17:10:34 INFO  c.r.r.m.I.i.ImageDrawWrapperHandling - is crop selected true 
2025-04-30 17:10:35 INFO  c.r.r.m.I.i.ImageDrawWrapperHandling - is crop selected true 
2025-04-30 17:10:37 INFO  c.r.r.m.I.i.ImageDrawWrapperHandling - is crop selected true 
2025-04-30 17:12:25 INFO  c.r.r.m.I.i.ImageDrawWrapperHandling - is crop selected true 
2025-04-30 17:13:04 INFO  c.r.r.m.I.i.ImageDrawWrapperHandling - is crop selected true 
2025-04-30 17:13:06 INFO  c.r.r.m.I.i.ImageDrawWrapperHandling - is crop selected true 
2025-04-30 17:13:09 INFO  c.r.r.m.I.i.ImageDrawWrapperHandling - is crop selected true 
