2025-05-26 16:30:33 INFO  com.raymedis.rxviewui.controller.LoginPage - logged In
2025-05-26 16:30:33 INFO  com.raymedis.rxviewui.service.login.LoginController - ip mismatched 192.168.126.140 and 192.168.12.10
2025-05-26 16:30:33 INFO  com.raymedis.rxviewui.service.login.LoginController - IP not found
2025-05-26 16:30:33 INFO  com.raymedis.rxviewui.service.login.LoginController - initialized
2025-05-26 16:30:37 INFO  com.raymedis.rxviewui.service.login.LoginController - No devices found!!!
2025-05-26 16:30:39 INFO  com.raymedis.rxviewui.service.study.StudyService - Image received
2025-05-26 16:30:40 INFO  com.raymedis.rxviewui.service.study.StudyService - org : CV_16UC1
2025-05-26 16:30:40 INFO  com.raymedis.rxviewui.modules.ImageProcessing.DrawToolsResource.MainDrawTool - ImagingParams is null
2025-05-26 16:30:41 INFO  com.raymedis.rxviewui.service.study.StudyService - org mat size 3052 * 2500
2025-05-26 16:30:51 INFO  com.raymedis.rxviewui.service.study.StudyService - Image received
2025-05-26 16:30:52 INFO  com.raymedis.rxviewui.service.study.StudyService - org : CV_16UC1
2025-05-26 16:30:52 INFO  com.raymedis.rxviewui.modules.ImageProcessing.DrawToolsResource.MainDrawTool - ImagingParams is null
2025-05-26 16:30:54 INFO  com.raymedis.rxviewui.service.study.StudyService - Image received
2025-05-26 16:30:55 INFO  com.raymedis.rxviewui.service.study.StudyService - org : CV_16UC1
2025-05-26 16:30:55 INFO  com.raymedis.rxviewui.modules.ImageProcessing.DrawToolsResource.MainDrawTool - ImagingParams is null
2025-05-26 16:30:56 INFO  com.raymedis.rxviewui.service.study.StudyService - Image received
2025-05-26 16:30:57 INFO  com.raymedis.rxviewui.service.study.StudyService - org : CV_16UC1
2025-05-26 16:30:57 INFO  com.raymedis.rxviewui.modules.ImageProcessing.DrawToolsResource.MainDrawTool - ImagingParams is null
2025-05-26 16:31:07 INFO  com.raymedis.rxviewui.modules.ImageProcessing.DrawToolsResource.MainDrawTool - ImagingParams is null
2025-05-26 16:31:09 INFO  com.raymedis.rxviewui.service.study.StudyService - Image received
2025-05-26 16:31:10 INFO  com.raymedis.rxviewui.service.study.StudyService - org : CV_16UC1
2025-05-26 16:31:10 INFO  com.raymedis.rxviewui.modules.ImageProcessing.DrawToolsResource.MainDrawTool - ImagingParams is null
2025-05-26 16:31:12 INFO  com.raymedis.rxviewui.service.study.StudyService - org mat size 3052 * 2500
