2025-07-21 14:39:52 INFO  c.r.r.s.study.StudyMainController - Console is ON
2025-07-21 14:39:52 INFO  c.r.r.s.database.DatabaseController - Setting visibility for field: accession number
2025-07-21 14:39:52 INFO  c.r.r.s.database.DatabaseController - Setting visibility for field: age
2025-07-21 14:39:52 INFO  c.r.r.s.database.DatabaseController - Setting visibility for field: height
2025-07-21 14:39:52 INFO  c.r.r.s.database.DatabaseController - Setting visibility for field: institution
2025-07-21 14:39:52 INFO  c.r.r.s.database.DatabaseController - Setting visibility for field: patient id
2025-07-21 14:39:52 INFO  c.r.r.s.database.DatabaseController - Setting visibility for field: patient name
2025-07-21 14:39:52 INFO  c.r.r.s.database.DatabaseController - Setting visibility for field: performing physician
2025-07-21 14:39:52 INFO  c.r.r.s.database.DatabaseController - Setting visibility for field: procedure
2025-07-21 14:39:52 INFO  c.r.r.s.database.DatabaseController - Setting visibility for field: study description
2025-07-21 14:39:55 INFO  c.r.rxviewui.controller.LoginPage - logged In
2025-07-21 14:39:55 INFO  c.r.r.service.login.LoginController - 192.168.12.10
2025-07-21 14:39:55 INFO  c.r.r.service.login.LoginController - No Wi-Fi interface found or no IPv4 address assigned.
2025-07-21 14:39:59 INFO  c.r.r.s.database.DatabaseController - Setting visibility for field: accession number
2025-07-21 14:39:59 INFO  c.r.r.s.database.DatabaseController - Setting visibility for field: age
2025-07-21 14:39:59 INFO  c.r.r.s.database.DatabaseController - Setting visibility for field: height
2025-07-21 14:39:59 INFO  c.r.r.s.database.DatabaseController - Setting visibility for field: institution
2025-07-21 14:39:59 INFO  c.r.r.s.database.DatabaseController - Setting visibility for field: patient id
2025-07-21 14:39:59 INFO  c.r.r.s.database.DatabaseController - Setting visibility for field: patient name
2025-07-21 14:39:59 INFO  c.r.r.s.database.DatabaseController - Setting visibility for field: performing physician
2025-07-21 14:39:59 INFO  c.r.r.s.database.DatabaseController - Setting visibility for field: procedure
2025-07-21 14:39:59 INFO  c.r.r.s.database.DatabaseController - Setting visibility for field: study description
2025-07-21 14:40:04 INFO  c.r.r.service.study.StudyService - study mat.rows() * width : 1024 1024.0
2025-07-21 14:40:04 INFO  c.r.r.service.study.StudyService - study DynamicCanvasElementsResize values set with multiple: 1.0
2025-07-21 14:40:04 INFO  c.r.r.service.study.StudyService - study Line Width: 2.0, Ellipse Radius X: 8.0, Ellipse Radius Y: 8.0, Label Font Size: 14.0, Rect Width: 90.0, Rect Height: 30.0, Custom Font Icon Size: 200.0
2025-07-21 14:40:04 INFO  c.r.r.m.I.D.CanvasMainChange - cropRect : {0, 0, 838x1024}
2025-07-21 14:40:04 INFO  c.r.r.m.I.D.CanvasMainChange - after cropRect : {0, 0, 838x1024}
2025-07-21 14:40:04 INFO  c.r.r.m.I.D.CanvasMainChange - displayImage : 838.0x1024.0
2025-07-21 14:40:04 INFO  c.r.r.m.I.D.MainDrawTool - imaging params 0.0,1.0,3.0,1.0
2025-07-21 14:40:04 INFO  c.r.r.m.I.D.MainDrawTool - Brightness and Contrast 0.0 1.0
2025-07-21 14:40:04 INFO  c.r.r.m.I.D.CanvasMainChange - cropRect : {0, 0, 838x1024}
2025-07-21 14:40:04 INFO  c.r.r.m.I.D.CanvasMainChange - after cropRect : {0, 0, 838x1024}
2025-07-21 14:40:04 INFO  c.r.r.m.I.D.CanvasMainChange - displayImage : 838.0x1024.0
2025-07-21 14:40:04 INFO  c.r.r.m.I.D.CanvasMainChange - cropRect : {0, 0, 838x1024}
2025-07-21 14:40:04 INFO  c.r.r.m.I.D.CanvasMainChange - after cropRect : {0, 0, 838x1024}
2025-07-21 14:40:04 INFO  c.r.r.m.I.D.CanvasMainChange - displayImage : 838.0x1024.0
2025-07-21 14:40:04 INFO  c.r.r.m.I.D.CanvasMainChange - cropRect : {0, 0, 838x1024}
2025-07-21 14:40:04 INFO  c.r.r.m.I.D.CanvasMainChange - after cropRect : {0, 0, 838x1024}
2025-07-21 14:40:04 INFO  c.r.r.m.I.D.CanvasMainChange - displayImage : 838.0x1024.0
2025-07-21 14:40:04 INFO  c.r.r.m.I.D.CanvasMainChange - cropRect : {0, 0, 838x1024}
2025-07-21 14:40:04 INFO  c.r.r.m.I.D.CanvasMainChange - after cropRect : {0, 0, 838x1024}
2025-07-21 14:40:04 INFO  c.r.r.m.I.D.CanvasMainChange - displayImage : 838.0x1024.0
2025-07-21 14:40:04 INFO  c.r.r.m.I.i.ImageDrawWrapperHandling - apply label  LeftRightDrawWrapper{offsetX=50.0, offsetY=50.0, text='LEFT'} 
2025-07-21 14:40:04 INFO  c.r.r.m.I.D.CanvasMainChange - cropRect : {0, 0, 838x1024}
2025-07-21 14:40:04 INFO  c.r.r.m.I.D.CanvasMainChange - after cropRect : {0, 0, 838x1024}
2025-07-21 14:40:04 INFO  c.r.r.m.I.D.CanvasMainChange - displayImage : 838.0x1024.0
2025-07-21 14:40:04 INFO  c.r.r.m.I.D.CanvasMainChange - cropRect : {0, 0, 838x1024}
2025-07-21 14:40:04 INFO  c.r.r.m.I.D.CanvasMainChange - after cropRect : {0, 0, 838x1024}
2025-07-21 14:40:04 INFO  c.r.r.m.I.D.CanvasMainChange - displayImage : 838.0x1024.0
2025-07-21 14:40:04 INFO  c.r.r.m.I.D.MainDrawTool - imaging params 0.0,1.0,3.0,1.0
2025-07-21 14:40:04 INFO  c.r.r.m.I.D.MainDrawTool - Brightness and Contrast 0.0 1.0
2025-07-21 14:40:05 INFO  c.r.r.m.I.D.CanvasMainChange - cropRect : {0, 0, 838x1024}
2025-07-21 14:40:05 INFO  c.r.r.m.I.D.CanvasMainChange - after cropRect : {0, 0, 838x1024}
2025-07-21 14:40:05 INFO  c.r.r.m.I.D.CanvasMainChange - displayImage : 838.0x1024.0
