2025-07-21 12:45:45 INFO  c.r.r.s.study.StudyMainController - Console is ON
2025-07-21 12:45:45 INFO  c.r.r.s.database.DatabaseController - Setting visibility for field: accession number
2025-07-21 12:45:45 INFO  c.r.r.s.database.DatabaseController - Setting visibility for field: age
2025-07-21 12:45:45 INFO  c.r.r.s.database.DatabaseController - Setting visibility for field: height
2025-07-21 12:45:45 INFO  c.r.r.s.database.DatabaseController - Setting visibility for field: institution
2025-07-21 12:45:45 INFO  c.r.r.s.database.DatabaseController - Setting visibility for field: patient id
2025-07-21 12:45:45 INFO  c.r.r.s.database.DatabaseController - Setting visibility for field: patient name
2025-07-21 12:45:45 INFO  c.r.r.s.database.DatabaseController - Setting visibility for field: performing physician
2025-07-21 12:45:45 INFO  c.r.r.s.database.DatabaseController - Setting visibility for field: procedure
2025-07-21 12:45:45 INFO  c.r.r.s.database.DatabaseController - Setting visibility for field: study description
2025-07-21 12:45:48 INFO  c.r.rxviewui.controller.LoginPage - logged In
2025-07-21 12:45:48 INFO  c.r.r.service.login.LoginController - 192.168.12.10
2025-07-21 12:45:48 INFO  c.r.r.service.login.LoginController - ip mismatched 192.168.28.232 and 192.168.12.10
2025-07-21 12:45:48 INFO  c.r.r.service.login.LoginController - IP not found
2025-07-21 12:45:48 INFO  c.r.r.service.json.WifiSettings - 192.168.12.10
2025-07-21 12:45:48 INFO  c.r.r.service.json.WifiSettings - Batch file created: set_static_ip.bat 
2025-07-21 12:45:48 INFO  c.r.r.service.json.WifiSettings - Running batch file as admin...
2025-07-21 12:45:48 INFO  c.r.r.s.f.controller.FpdController - Loading detector: X221AW2-B1C, SDK type: RAD_INNOCARE
2025-07-21 12:45:48 INFO  c.r.r.service.login.LoginController - initialized
2025-07-21 12:45:49 INFO  c.r.r.s.study.StudyMainController - Setting console values for body part: Chest
2025-07-21 12:45:49 INFO  c.r.r.m.s.SerialPortManager - Setting Xray Console - kv: 70.0, ma: 80, mas: 4.0
2025-07-21 12:45:49 INFO  c.r.s.r.RxPanelInitializationOld - Available COM ports:
2025-07-21 12:45:49 INFO  c.r.r.m.s.SerialPortManager - setMa kv1: 70.0, ma1: 80.0
2025-07-21 12:45:49 INFO  c.r.r.m.s.SerialPortManager - x: 175
2025-07-21 12:45:49 INFO  c.r.r.m.s.SerialPortManager - Current Sent: 80.0
2025-07-21 12:45:49 INFO  c.r.r.m.s.SerialPortManager - Calibration Val: 8.32
2025-07-21 12:45:49 INFO  c.r.r.m.s.SerialPortManager - Calibration Val: 8.49
2025-07-21 12:45:49 INFO  c.r.r.m.s.SerialPortManager - Calibration Val: 8.29
2025-07-21 12:45:49 INFO  c.r.r.m.s.SerialPortManager - Calibration Val: 8.49
2025-07-21 12:45:49 INFO  c.r.r.m.s.SerialPortManager - filamentCurrent: 8.32
2025-07-21 12:45:49 INFO  c.r.r.m.s.SerialPortManager - KV Sent : 70.0
2025-07-21 12:45:49 INFO  c.r.r.m.s.SerialPortManager - Calibration Val: 8.32
2025-07-21 12:45:49 INFO  c.r.r.m.s.SerialPortManager - Calibration Val: 8.49
2025-07-21 12:45:49 INFO  c.r.r.m.s.SerialPortManager - Calibration Val: 8.29
2025-07-21 12:45:49 INFO  c.r.r.m.s.SerialPortManager - Calibration Val: 8.49
2025-07-21 12:45:49 INFO  c.r.s.r.TriggerCommandRxOld - Serial port is not open.
2025-07-21 12:45:49 INFO  c.r.r.m.s.SerialPortManager - In short sending KV: 208
2025-07-21 12:45:49 INFO  c.r.r.m.s.SerialPortManager - In byte sending KV: -48
2025-07-21 12:45:49 INFO  c.r.r.m.s.SerialPortManager - setExposureTime 0.05
2025-07-21 12:45:49 INFO  c.r.r.m.s.SerialPortManager - Exposure Time Sent - 50
2025-07-21 12:45:49 INFO  c.r.s.r.TriggerCommandRxOld - Setting KV to: -48
2025-07-21 12:45:49 INFO  c.r.s.r.TriggerCommandRxOld - Serial port is not open.
2025-07-21 12:45:49 INFO  c.r.s.r.TriggerCommandRxOld - Setting Exposure Time to: 50 0 and G
2025-07-21 12:45:49 INFO  c.r.s.r.TriggerCommandRxOld - Serial port is not open.
2025-07-21 12:45:49 INFO  c.r.s.r.RxPanelInitializationOld - - COM6: USB-SERIAL CH340 (COM6)
2025-07-21 12:45:49 INFO  c.r.s.r.RxPanelInitializationOld - - COM5: USB-SERIAL CH340 (COM5)
2025-07-21 12:45:49 INFO  c.r.s.r.RxPanelInitializationOld - Available COM ports:
2025-07-21 12:45:49 INFO  c.r.s.r.RxPanelInitializationOld - - COM6: USB-SERIAL CH340 (COM6)
2025-07-21 12:45:49 INFO  c.r.s.r.RxPanelInitializationOld - - COM5: USB-SERIAL CH340 (COM5)
2025-07-21 12:45:49 INFO  c.r.s.r.RxPanelInitializationOld - Connected to RX panel.
2025-07-21 12:45:49 INFO  c.r.s.r.ReceiveCommandRxOld - requested interlocks, attempt 1
2025-07-21 12:45:51 INFO  c.r.s.r.ReceiveCommandRxOld - Interlock attempt 1 failed.
2025-07-21 12:45:51 INFO  c.r.s.r.ReceiveCommandRxOld - requested interlocks, attempt 2
2025-07-21 12:45:52 INFO  c.r.r.s.database.DatabaseController - Setting visibility for field: accession number
2025-07-21 12:45:52 INFO  c.r.r.s.database.DatabaseController - Setting visibility for field: age
2025-07-21 12:45:52 INFO  c.r.r.s.database.DatabaseController - Setting visibility for field: height
2025-07-21 12:45:52 INFO  c.r.r.s.database.DatabaseController - Setting visibility for field: institution
2025-07-21 12:45:52 INFO  c.r.r.s.database.DatabaseController - Setting visibility for field: patient id
2025-07-21 12:45:52 INFO  c.r.r.s.database.DatabaseController - Setting visibility for field: patient name
2025-07-21 12:45:52 INFO  c.r.r.s.database.DatabaseController - Setting visibility for field: performing physician
2025-07-21 12:45:52 INFO  c.r.r.s.database.DatabaseController - Setting visibility for field: procedure
2025-07-21 12:45:52 INFO  c.r.r.s.database.DatabaseController - Setting visibility for field: study description
2025-07-21 12:45:52 ERROR c.r.r.s.f.controller.FpdController - No devices found
2025-07-21 12:45:52 INFO  c.r.r.service.login.LoginController - No devices found!!!
2025-07-21 12:45:53 INFO  c.r.s.r.ReceiveCommandRxOld - Interlock attempt 2 failed.
2025-07-21 12:45:53 INFO  c.r.s.r.ReceiveCommandRxOld - requested interlocks, attempt 3
2025-07-21 12:45:55 INFO  c.r.s.r.ReceiveCommandRxOld - Interlock attempt 3 failed.
2025-07-21 12:45:55 INFO  c.r.s.r.ReceiveCommandRxOld - Failed to retrieve interlocks after 3 attempts. Exiting.
2025-07-21 12:45:55 INFO  c.r.r.m.s.SerialPortCommunicationService - Received response: INTERLOCK_FAILED
2025-07-21 12:45:55 INFO  c.r.r.m.s.SerialPortCommunicationService - Received response: INTERLOCK_FAILED
2025-07-21 12:45:55 INFO  c.r.r.m.s.SerialPortCommunicationService - Interlock failed.
2025-07-21 12:45:55 INFO  c.r.s.r.RxPanelInitializationOld - Disconnecting from RX panel...
2025-07-21 12:45:55 INFO  c.r.s.r.RxPanelInitializationOld - Disconnected Port due to interlock issues.
2025-07-21 12:45:55 INFO  c.r.r.s.study.StudyMainController - done
2025-07-21 12:46:05 INFO  c.r.r.s.database.DatabaseController - Saving for Pacs...
2025-07-21 12:46:05 INFO  c.r.r.s.study.StudyMainController - Setting console values for body part: Skull
2025-07-21 12:46:05 INFO  c.r.r.m.s.SerialPortManager - Setting Xray Console - kv: 75.0, ma: 100, mas: 16.0
2025-07-21 12:46:05 INFO  c.r.r.m.s.SerialPortManager - setMa kv1: 75.0, ma1: 100.0
2025-07-21 12:46:05 INFO  c.r.s.r.RxPanelInitializationOld - Available COM ports:
2025-07-21 12:46:05 INFO  c.r.r.m.s.SerialPortManager - x: 188
2025-07-21 12:46:05 INFO  c.r.r.m.s.SerialPortManager - Current Sent: 100.0
2025-07-21 12:46:05 INFO  c.r.r.m.s.SerialPortManager - Calibration Val: 8.49
2025-07-21 12:46:05 INFO  c.r.r.m.s.SerialPortManager - Calibration Val: 8.7
2025-07-21 12:46:05 INFO  c.r.r.m.s.SerialPortManager - Calibration Val: 8.49
2025-07-21 12:46:05 INFO  c.r.r.m.s.SerialPortManager - Calibration Val: 8.7
2025-07-21 12:46:05 INFO  c.r.r.m.s.SerialPortManager - filamentCurrent: 8.49
2025-07-21 12:46:05 INFO  c.r.r.m.s.SerialPortManager - KV Sent : 75.0
2025-07-21 12:46:05 INFO  c.r.r.m.s.SerialPortManager - Calibration Val: 8.49
2025-07-21 12:46:05 INFO  c.r.r.m.s.SerialPortManager - Calibration Val: 8.7
2025-07-21 12:46:05 INFO  c.r.r.m.s.SerialPortManager - Calibration Val: 8.49
2025-07-21 12:46:05 INFO  c.r.s.r.TriggerCommandRxOld - Serial port is not open.
2025-07-21 12:46:05 INFO  c.r.r.m.s.SerialPortManager - Calibration Val: 8.7
2025-07-21 12:46:05 INFO  c.r.r.m.s.SerialPortManager - In short sending KV: 212
2025-07-21 12:46:05 INFO  c.r.r.m.s.SerialPortManager - In byte sending KV: -44
2025-07-21 12:46:05 INFO  c.r.r.m.s.SerialPortManager - setExposureTime 0.16
2025-07-21 12:46:05 INFO  c.r.r.m.s.SerialPortManager - Exposure Time Sent - 160
2025-07-21 12:46:05 INFO  c.r.s.r.TriggerCommandRxOld - Setting KV to: -44
2025-07-21 12:46:05 INFO  c.r.s.r.TriggerCommandRxOld - Serial port is not open.
2025-07-21 12:46:05 INFO  c.r.s.r.TriggerCommandRxOld - Setting Exposure Time to: -96 0 and G
2025-07-21 12:46:05 INFO  c.r.s.r.TriggerCommandRxOld - Serial port is not open.
2025-07-21 12:46:05 INFO  c.r.s.r.RxPanelInitializationOld - - COM6: USB-SERIAL CH340 (COM6)
2025-07-21 12:46:05 INFO  c.r.s.r.RxPanelInitializationOld - - COM5: USB-SERIAL CH340 (COM5)
2025-07-21 12:46:05 INFO  c.r.s.r.RxPanelInitializationOld - Available COM ports:
2025-07-21 12:46:05 INFO  c.r.s.r.RxPanelInitializationOld - - COM6: USB-SERIAL CH340 (COM6)
2025-07-21 12:46:05 INFO  c.r.s.r.RxPanelInitializationOld - - COM5: USB-SERIAL CH340 (COM5)
2025-07-21 12:46:05 INFO  c.r.r.modules.dicom.DicomService - Status : Uploading Begins
2025-07-21 12:46:05 INFO  c.r.r.modules.dicom.DicomService - Creating DICOM File/s...
2025-07-21 12:46:05 INFO  c.r.r.modules.dicom.DicomService - Uploading to server...
2025-07-21 12:46:05 INFO  c.r.r.modules.dicom.DicomCStore - 
Initiating C-STORE operation...
2025-07-21 12:46:05 INFO  c.r.r.modules.dicom.DicomService - Upload completed successfully!
2025-07-21 12:46:05 INFO  c.r.s.r.RxPanelInitializationOld - Connected to RX panel.
2025-07-21 12:46:05 INFO  c.r.s.r.ReceiveCommandRxOld - requested interlocks, attempt 1
2025-07-21 12:46:05 INFO  c.r.r.s.study.StudyMainController - Setting console values for body part: Skull
2025-07-21 12:46:05 INFO  c.r.r.m.s.SerialPortManager - Setting Xray Console - kv: 75.0, ma: 100, mas: 16.0
2025-07-21 12:46:05 INFO  c.r.r.m.s.SerialPortManager - setMa kv1: 75.0, ma1: 100.0
2025-07-21 12:46:05 INFO  c.r.r.m.s.SerialPortManager - x: 188
2025-07-21 12:46:05 INFO  c.r.s.r.RxPanelInitializationOld - Available COM ports:
2025-07-21 12:46:05 INFO  c.r.r.m.s.SerialPortManager - Current Sent: 100.0
2025-07-21 12:46:05 INFO  c.r.r.m.s.SerialPortManager - Calibration Val: 8.49
2025-07-21 12:46:05 INFO  c.r.r.m.s.SerialPortManager - Calibration Val: 8.7
2025-07-21 12:46:05 INFO  c.r.r.m.s.SerialPortManager - Calibration Val: 8.49
2025-07-21 12:46:05 INFO  c.r.r.m.s.SerialPortManager - Calibration Val: 8.7
2025-07-21 12:46:05 INFO  c.r.r.m.s.SerialPortManager - filamentCurrent: 8.49
2025-07-21 12:46:05 INFO  c.r.r.m.s.SerialPortManager - KV Sent : 75.0
2025-07-21 12:46:05 INFO  c.r.r.m.s.SerialPortManager - Calibration Val: 8.49
2025-07-21 12:46:05 INFO  c.r.r.m.s.SerialPortManager - Calibration Val: 8.7
2025-07-21 12:46:05 INFO  c.r.r.m.s.SerialPortManager - Calibration Val: 8.49
2025-07-21 12:46:05 INFO  c.r.r.m.s.SerialPortManager - Calibration Val: 8.7
2025-07-21 12:46:05 INFO  c.r.r.m.s.SerialPortManager - In short sending KV: 212
2025-07-21 12:46:05 INFO  c.r.r.m.s.SerialPortManager - In byte sending KV: -44
2025-07-21 12:46:05 INFO  c.r.r.m.s.SerialPortManager - setExposureTime 0.16
2025-07-21 12:46:05 INFO  c.r.r.m.s.SerialPortManager - Exposure Time Sent - 160
2025-07-21 12:46:05 INFO  c.r.s.r.TriggerCommandRxOld - Setting KV to: -44
2025-07-21 12:46:05 INFO  c.r.s.r.TriggerCommandRxOld - Setting Exposure Time to: -96 0 and G
2025-07-21 12:46:05 INFO  c.r.s.r.RxPanelInitializationOld - - COM6: USB-SERIAL CH340 (COM6)
2025-07-21 12:46:05 INFO  c.r.s.r.RxPanelInitializationOld - - COM5: USB-SERIAL CH340 (COM5)
2025-07-21 12:46:05 INFO  c.r.s.r.RxPanelInitializationOld - Available COM ports:
2025-07-21 12:46:05 INFO  c.r.s.r.RxPanelInitializationOld - - COM6: USB-SERIAL CH340 (COM6)
2025-07-21 12:46:05 INFO  c.r.s.r.RxPanelInitializationOld - - COM5: USB-SERIAL CH340 (COM5)
2025-07-21 12:46:05 INFO  c.r.s.r.RxPanelInitializationOld - Failed to connect to RX panel.
2025-07-21 12:46:05 INFO  c.r.r.s.study.StudyMainController - done
2025-07-21 12:46:07 INFO  c.r.s.r.ReceiveCommandRxOld - Interlock attempt 1 failed.
2025-07-21 12:46:07 INFO  c.r.s.r.ReceiveCommandRxOld - requested interlocks, attempt 2
2025-07-21 12:46:09 INFO  c.r.s.r.ReceiveCommandRxOld - Interlock attempt 2 failed.
2025-07-21 12:46:09 INFO  c.r.s.r.ReceiveCommandRxOld - requested interlocks, attempt 3
2025-07-21 12:46:11 INFO  c.r.s.r.ReceiveCommandRxOld - Interlock attempt 3 failed.
2025-07-21 12:46:11 INFO  c.r.s.r.ReceiveCommandRxOld - Failed to retrieve interlocks after 3 attempts. Exiting.
2025-07-21 12:46:11 INFO  c.r.r.m.s.SerialPortCommunicationService - Received response: INTERLOCK_FAILED
2025-07-21 12:46:11 INFO  c.r.r.m.s.SerialPortCommunicationService - Received response: INTERLOCK_FAILED
2025-07-21 12:46:11 INFO  c.r.r.m.s.SerialPortCommunicationService - Interlock failed.
2025-07-21 12:46:11 INFO  c.r.s.r.RxPanelInitializationOld - Disconnecting from RX panel...
2025-07-21 12:46:11 INFO  c.r.s.r.RxPanelInitializationOld - Disconnected Port due to interlock issues.
2025-07-21 12:46:11 INFO  c.r.r.s.study.StudyMainController - done
