2025-07-21 17:00:47 INFO  com.raymedis.rxviewui.service.study.StudyMainController - Console is ON
2025-07-21 17:00:47 INFO  com.raymedis.rxviewui.service.database.DatabaseController - Setting visibility for field: accession number
2025-07-21 17:00:47 INFO  com.raymedis.rxviewui.service.database.DatabaseController - Setting visibility for field: age
2025-07-21 17:00:47 INFO  com.raymedis.rxviewui.service.database.DatabaseController - Setting visibility for field: height
2025-07-21 17:00:47 INFO  com.raymedis.rxviewui.service.database.DatabaseController - Setting visibility for field: institution
2025-07-21 17:00:47 INFO  com.raymedis.rxviewui.service.database.DatabaseController - Setting visibility for field: patient id
2025-07-21 17:00:47 INFO  com.raymedis.rxviewui.service.database.DatabaseController - Setting visibility for field: patient name
2025-07-21 17:00:47 INFO  com.raymedis.rxviewui.service.database.DatabaseController - Setting visibility for field: performing physician
2025-07-21 17:00:47 INFO  com.raymedis.rxviewui.service.database.DatabaseController - Setting visibility for field: procedure
2025-07-21 17:00:47 INFO  com.raymedis.rxviewui.service.database.DatabaseController - Setting visibility for field: study description
2025-07-21 17:01:13 INFO  com.raymedis.rxviewui.controller.LoginPage - logged In
2025-07-21 17:01:13 INFO  com.raymedis.rxviewui.service.login.LoginController - 192.168.12.10
2025-07-21 17:01:13 INFO  com.raymedis.rxviewui.service.login.LoginController - ip mismatched 192.168.28.232 and 192.168.12.10
2025-07-21 17:01:13 INFO  com.raymedis.rxviewui.service.login.LoginController - IP not found
2025-07-21 17:01:13 INFO  com.raymedis.rxviewui.service.json.WifiSettings - 192.168.12.10
2025-07-21 17:01:13 INFO  com.raymedis.rxviewui.service.json.WifiSettings - Batch file created: set_static_ip.bat 
2025-07-21 17:01:13 INFO  com.raymedis.rxviewui.service.json.WifiSettings - Running batch file as admin...
2025-07-21 17:01:13 INFO  com.raymedis.rxviewui.service.fpdSdks.controller.FpdController - Loading detector: X221AW2-B1C, SDK type: RAD_INNOCARE
2025-07-21 17:01:13 INFO  com.raymedis.rxviewui.service.login.LoginController - initialized
2025-07-21 17:01:17 ERROR com.raymedis.rxviewui.service.fpdSdks.controller.FpdController - No devices found
2025-07-21 17:01:17 INFO  com.raymedis.rxviewui.service.login.LoginController - No devices found!!!
2025-07-21 17:01:19 INFO  com.raymedis.rxviewui.service.database.DatabaseController - Setting visibility for field: accession number
2025-07-21 17:01:19 INFO  com.raymedis.rxviewui.service.database.DatabaseController - Setting visibility for field: age
2025-07-21 17:01:19 INFO  com.raymedis.rxviewui.service.database.DatabaseController - Setting visibility for field: height
2025-07-21 17:01:19 INFO  com.raymedis.rxviewui.service.database.DatabaseController - Setting visibility for field: institution
2025-07-21 17:01:19 INFO  com.raymedis.rxviewui.service.database.DatabaseController - Setting visibility for field: patient id
2025-07-21 17:01:19 INFO  com.raymedis.rxviewui.service.database.DatabaseController - Setting visibility for field: patient name
2025-07-21 17:01:19 INFO  com.raymedis.rxviewui.service.database.DatabaseController - Setting visibility for field: performing physician
2025-07-21 17:01:19 INFO  com.raymedis.rxviewui.service.database.DatabaseController - Setting visibility for field: procedure
2025-07-21 17:01:19 INFO  com.raymedis.rxviewui.service.database.DatabaseController - Setting visibility for field: study description
2025-07-21 17:01:21 INFO  com.raymedis.rxviewui.service.study.StudyService - study mat.rows() * width : 1024 1024.0
2025-07-21 17:01:21 INFO  com.raymedis.rxviewui.service.study.StudyService - study DynamicCanvasElementsResize values set with multiple: 1.0
2025-07-21 17:01:21 INFO  com.raymedis.rxviewui.service.study.StudyService - study Line Width: 2.0, Ellipse Radius X: 8.0, Ellipse Radius Y: 8.0, Label Font Size: 14.0, Rect Width: 90.0, Rect Height: 30.0, Custom Font Icon Size: 200.0
2025-07-21 17:01:21 INFO  com.raymedis.rxviewui.modules.ImageProcessing.DrawToolsResource.CanvasMainChange - cropRect : {0, 0, 838x1024}
2025-07-21 17:01:21 INFO  com.raymedis.rxviewui.modules.ImageProcessing.DrawToolsResource.MainDrawTool - imaging params 0.0,1.0,3.0,1.0
2025-07-21 17:01:21 INFO  com.raymedis.rxviewui.modules.ImageProcessing.DrawToolsResource.MainDrawTool - Brightness and Contrast 0.0 1.0
2025-07-21 17:01:21 INFO  com.raymedis.rxviewui.modules.ImageProcessing.DrawToolsResource.CanvasMainChange - cropRect : {0, 0, 838x1024}
2025-07-21 17:01:21 INFO  com.raymedis.rxviewui.modules.ImageProcessing.DrawToolsResource.CanvasMainChange - cropRect : {0, 0, 838x1024}
2025-07-21 17:01:21 INFO  com.raymedis.rxviewui.modules.ImageProcessing.DrawToolsResource.CanvasMainChange - cropRect : {0, 0, 838x1024}
2025-07-21 17:01:21 INFO  com.raymedis.rxviewui.modules.ImageProcessing.DrawToolsResource.CanvasMainChange - cropRect : {0, 0, 838x1024}
2025-07-21 17:01:21 INFO  com.raymedis.rxviewui.modules.ImageProcessing.imageToolsWrapper.ImageDrawWrapperHandling - apply label  LeftRightDrawWrapper{offsetX=50.0, offsetY=50.0, text='LEFT'} 
2025-07-21 17:01:21 INFO  com.raymedis.rxviewui.modules.ImageProcessing.DrawToolsResource.CanvasMainChange - cropRect : {0, 0, 838x1024}
2025-07-21 17:01:21 INFO  com.raymedis.rxviewui.modules.ImageProcessing.DrawToolsResource.CanvasMainChange - cropRect : {0, 0, 838x1024}
2025-07-21 17:01:21 INFO  com.raymedis.rxviewui.modules.ImageProcessing.DrawToolsResource.MainDrawTool - imaging params 0.0,1.0,3.0,1.0
2025-07-21 17:01:21 INFO  com.raymedis.rxviewui.modules.ImageProcessing.DrawToolsResource.MainDrawTool - Brightness and Contrast 0.0 1.0
2025-07-21 17:01:21 INFO  com.raymedis.rxviewui.modules.ImageProcessing.DrawToolsResource.CanvasMainChange - cropRect : {0, 0, 838x1024}
