2025-07-21 12:49:31 INFO  c.r.r.s.study.StudyMainController - Console is ON
2025-07-21 12:49:31 INFO  c.r.r.s.database.DatabaseController - Setting visibility for field: accession number
2025-07-21 12:49:31 INFO  c.r.r.s.database.DatabaseController - Setting visibility for field: age
2025-07-21 12:49:31 INFO  c.r.r.s.database.DatabaseController - Setting visibility for field: height
2025-07-21 12:49:31 INFO  c.r.r.s.database.DatabaseController - Setting visibility for field: institution
2025-07-21 12:49:31 INFO  c.r.r.s.database.DatabaseController - Setting visibility for field: patient id
2025-07-21 12:49:31 INFO  c.r.r.s.database.DatabaseController - Setting visibility for field: patient name
2025-07-21 12:49:31 INFO  c.r.r.s.database.DatabaseController - Setting visibility for field: performing physician
2025-07-21 12:49:31 INFO  c.r.r.s.database.DatabaseController - Setting visibility for field: procedure
2025-07-21 12:49:31 INFO  c.r.r.s.database.DatabaseController - Setting visibility for field: study description
2025-07-21 12:49:34 INFO  c.r.rxviewui.controller.LoginPage - logged In
2025-07-21 12:49:35 INFO  c.r.r.service.login.LoginController - 192.168.12.10
2025-07-21 12:49:35 INFO  c.r.r.service.login.LoginController - ip mismatched 192.168.28.232 and 192.168.12.10
2025-07-21 12:49:35 INFO  c.r.r.service.login.LoginController - IP not found
2025-07-21 12:49:35 INFO  c.r.r.service.json.WifiSettings - 192.168.12.10
2025-07-21 12:49:35 INFO  c.r.r.service.json.WifiSettings - Batch file created: set_static_ip.bat 
2025-07-21 12:49:35 INFO  c.r.r.service.json.WifiSettings - Running batch file as admin...
2025-07-21 12:49:35 INFO  c.r.r.s.f.controller.FpdController - Loading detector: X221AW2-B1C, SDK type: RAD_INNOCARE
2025-07-21 12:49:35 INFO  c.r.r.service.login.LoginController - initialized
2025-07-21 12:49:38 ERROR c.r.r.s.f.controller.FpdController - No devices found
2025-07-21 12:49:38 INFO  c.r.r.service.login.LoginController - No devices found!!!
2025-07-21 12:49:45 INFO  c.r.r.s.database.DatabaseController - Setting visibility for field: accession number
2025-07-21 12:49:45 INFO  c.r.r.s.database.DatabaseController - Setting visibility for field: age
2025-07-21 12:49:45 INFO  c.r.r.s.database.DatabaseController - Setting visibility for field: height
2025-07-21 12:49:45 INFO  c.r.r.s.database.DatabaseController - Setting visibility for field: institution
2025-07-21 12:49:45 INFO  c.r.r.s.database.DatabaseController - Setting visibility for field: patient id
2025-07-21 12:49:45 INFO  c.r.r.s.database.DatabaseController - Setting visibility for field: patient name
2025-07-21 12:49:45 INFO  c.r.r.s.database.DatabaseController - Setting visibility for field: performing physician
2025-07-21 12:49:45 INFO  c.r.r.s.database.DatabaseController - Setting visibility for field: procedure
2025-07-21 12:49:45 INFO  c.r.r.s.database.DatabaseController - Setting visibility for field: study description
2025-07-21 12:49:47 INFO  c.r.r.modules.dicom.DicomService - Status : Uploading Begins
2025-07-21 12:49:47 INFO  c.r.r.modules.dicom.DicomService - Creating DICOM File/s...
2025-07-21 12:49:47 ERROR c.r.r.modules.dicom.DicomService - DICOM File creation failed: {}
java.lang.NullPointerException: Cannot invoke "com.raymedis.rxviewui.modules.study.study.PatientStudyNode.getPatientStudy()" because the return value of "com.raymedis.rxviewui.modules.study.study.PatientStudyHandler.getCurrentStudy()" is null
	at com.raymedis.rxviewui/com.raymedis.rxviewui.modules.dicom.DicomService.createObjects(DicomService.java:203)
	at com.raymedis.rxviewui/com.raymedis.rxviewui.modules.dicom.DicomService.processBodyParts(DicomService.java:156)
	at com.raymedis.rxviewui/com.raymedis.rxviewui.modules.dicom.DicomService$1.call(DicomService.java:116)
	at com.raymedis.rxviewui/com.raymedis.rxviewui.modules.dicom.DicomService$1.call(DicomService.java:108)
	at javafx.graphics@21/javafx.concurrent.Task$TaskCallable.call(Task.java:1399)
	at java.base/java.util.concurrent.FutureTask.run(FutureTask.java:317)
	at java.base/java.lang.Thread.run(Thread.java:1583)
2025-07-21 12:49:47 ERROR c.r.r.modules.dicom.DicomService - DICOM File creation failed: {}
java.lang.NullPointerException: Cannot invoke "com.raymedis.rxviewui.modules.study.study.PatientStudyNode.getPatientStudy()" because the return value of "com.raymedis.rxviewui.modules.study.study.PatientStudyHandler.getCurrentStudy()" is null
	at com.raymedis.rxviewui/com.raymedis.rxviewui.modules.dicom.DicomService.createObjects(DicomService.java:203)
	at com.raymedis.rxviewui/com.raymedis.rxviewui.modules.dicom.DicomService.processBodyParts(DicomService.java:156)
	at com.raymedis.rxviewui/com.raymedis.rxviewui.modules.dicom.DicomService$1.call(DicomService.java:116)
	at com.raymedis.rxviewui/com.raymedis.rxviewui.modules.dicom.DicomService$1.call(DicomService.java:108)
	at javafx.graphics@21/javafx.concurrent.Task$TaskCallable.call(Task.java:1399)
	at java.base/java.util.concurrent.FutureTask.run(FutureTask.java:317)
	at java.base/java.lang.Thread.run(Thread.java:1583)
2025-07-21 12:49:47 ERROR c.r.r.modules.dicom.DicomService - Failed to create dicom File {}
java.lang.NullPointerException: Cannot invoke "com.raymedis.rxviewui.modules.study.study.PatientStudyNode.getPatientStudy()" because the return value of "com.raymedis.rxviewui.modules.study.study.PatientStudyHandler.getCurrentStudy()" is null
	at com.raymedis.rxviewui/com.raymedis.rxviewui.modules.dicom.DicomService.createObjects(DicomService.java:203)
	at com.raymedis.rxviewui/com.raymedis.rxviewui.modules.dicom.DicomService.processBodyParts(DicomService.java:156)
	at com.raymedis.rxviewui/com.raymedis.rxviewui.modules.dicom.DicomService$1.call(DicomService.java:116)
	at com.raymedis.rxviewui/com.raymedis.rxviewui.modules.dicom.DicomService$1.call(DicomService.java:108)
	at javafx.graphics@21/javafx.concurrent.Task$TaskCallable.call(Task.java:1399)
	at java.base/java.util.concurrent.FutureTask.run(FutureTask.java:317)
	at java.base/java.lang.Thread.run(Thread.java:1583)
2025-07-21 12:49:47 INFO  c.r.r.modules.dicom.DicomService - Status : Upload Failed
2025-07-21 12:49:47 ERROR c.r.r.modules.dicom.DicomService - DICOM File creation failed: {}
java.lang.NullPointerException: Cannot invoke "com.raymedis.rxviewui.modules.study.study.PatientStudyNode.getPatientStudy()" because the return value of "com.raymedis.rxviewui.modules.study.study.PatientStudyHandler.getCurrentStudy()" is null
	at com.raymedis.rxviewui/com.raymedis.rxviewui.modules.dicom.DicomService.createObjects(DicomService.java:203)
	at com.raymedis.rxviewui/com.raymedis.rxviewui.modules.dicom.DicomService.processBodyParts(DicomService.java:156)
	at com.raymedis.rxviewui/com.raymedis.rxviewui.modules.dicom.DicomService$1.call(DicomService.java:116)
	at com.raymedis.rxviewui/com.raymedis.rxviewui.modules.dicom.DicomService$1.call(DicomService.java:108)
	at javafx.graphics@21/javafx.concurrent.Task$TaskCallable.call(Task.java:1399)
	at java.base/java.util.concurrent.FutureTask.run(FutureTask.java:317)
	at java.base/java.lang.Thread.run(Thread.java:1583)
2025-07-21 12:49:47 ERROR c.r.r.modules.dicom.DicomService - Failed to create dicom File {}
java.lang.NullPointerException: Cannot invoke "com.raymedis.rxviewui.modules.study.study.PatientStudyNode.getPatientStudy()" because the return value of "com.raymedis.rxviewui.modules.study.study.PatientStudyHandler.getCurrentStudy()" is null
	at com.raymedis.rxviewui/com.raymedis.rxviewui.modules.dicom.DicomService.createObjects(DicomService.java:203)
	at com.raymedis.rxviewui/com.raymedis.rxviewui.modules.dicom.DicomService.processBodyParts(DicomService.java:156)
	at com.raymedis.rxviewui/com.raymedis.rxviewui.modules.dicom.DicomService$1.call(DicomService.java:116)
	at com.raymedis.rxviewui/com.raymedis.rxviewui.modules.dicom.DicomService$1.call(DicomService.java:108)
	at javafx.graphics@21/javafx.concurrent.Task$TaskCallable.call(Task.java:1399)
	at java.base/java.util.concurrent.FutureTask.run(FutureTask.java:317)
	at java.base/java.lang.Thread.run(Thread.java:1583)
2025-07-21 12:49:47 INFO  c.r.r.modules.dicom.DicomService - Status : Upload Failed
2025-07-21 12:49:47 INFO  c.r.r.modules.dicom.DicomService - Uploading to server...
2025-07-21 12:49:47 ERROR c.r.r.modules.dicom.DicomService - Failed to create dicom File {}
java.lang.NullPointerException: Cannot invoke "com.raymedis.rxviewui.modules.study.study.PatientStudyNode.getPatientStudy()" because the return value of "com.raymedis.rxviewui.modules.study.study.PatientStudyHandler.getCurrentStudy()" is null
	at com.raymedis.rxviewui/com.raymedis.rxviewui.modules.dicom.DicomService.createObjects(DicomService.java:203)
	at com.raymedis.rxviewui/com.raymedis.rxviewui.modules.dicom.DicomService.processBodyParts(DicomService.java:156)
	at com.raymedis.rxviewui/com.raymedis.rxviewui.modules.dicom.DicomService$1.call(DicomService.java:116)
	at com.raymedis.rxviewui/com.raymedis.rxviewui.modules.dicom.DicomService$1.call(DicomService.java:108)
	at javafx.graphics@21/javafx.concurrent.Task$TaskCallable.call(Task.java:1399)
	at java.base/java.util.concurrent.FutureTask.run(FutureTask.java:317)
	at java.base/java.lang.Thread.run(Thread.java:1583)
2025-07-21 12:49:47 INFO  c.r.r.modules.dicom.DicomService - Status : Upload Failed
2025-07-21 12:49:47 INFO  c.r.r.modules.dicom.DicomCStore - 
Initiating C-STORE operation...
2025-07-21 12:49:47 INFO  c.r.r.modules.dicom.DicomService - Upload completed successfully!
