2025-05-17 12:32:05 INFO  c.r.rxviewui.controller.LoginPage - logged In
2025-05-17 12:32:05 INFO  c.r.r.service.login.LoginController - ip mismatched 192.168.126.140 and 192.168.12.10
2025-05-17 12:32:05 INFO  c.r.r.service.login.LoginController - IP not found
2025-05-17 12:32:05 INFO  c.r.r.service.login.LoginController - initialized
2025-05-17 12:32:09 INFO  c.r.r.service.login.LoginController - No devices found!!!
2025-05-17 12:32:09 INFO  c.r.r.m.I.D.CanvasMainChange - DynamicCanvasElementsResize.getMultiple() 1.0 
2025-05-17 12:32:09 INFO  c.r.r.m.I.D.CanvasMainChange - DynamicCanvasElementsResize.getMultiple() 1.0 
2025-05-17 12:32:09 INFO  c.r.r.m.I.D.CanvasMainChange - DynamicCanvasElementsResize.getMultiple() 1.0 
2025-05-17 12:32:09 INFO  c.r.r.m.I.D.CanvasMainChange - ellipse center x 164.27021276595744 y 253.44680851063828 
2025-05-17 12:32:09 INFO  c.r.r.m.I.D.CanvasMainChange - ellipse center x 244.88297872340425 y 692.4595744680851 
2025-05-17 12:32:09 INFO  c.r.r.m.I.D.CanvasMainChange - DynamicCanvasElementsResize.getMultiple() 1.0 
2025-05-17 12:32:09 INFO  c.r.r.m.I.D.CanvasMainChange - ellipse center x 164.27021276595744 y 253.44680851063828 
2025-05-17 12:32:09 INFO  c.r.r.m.I.D.CanvasMainChange - ellipse center x 244.88297872340425 y 692.4595744680851 
2025-05-17 12:32:11 INFO  c.r.r.s.study.StudyMainController - saving for export...
2025-05-17 12:32:11 INFO  c.r.r.m.I.D.CanvasMainChange - DynamicCanvasElementsResize.getMultiple() 1.0 
2025-05-17 12:32:11 INFO  c.r.r.m.I.D.CanvasMainChange - ellipse center x 164.27021276595744 y 253.44680851063828 
2025-05-17 12:32:11 INFO  c.r.r.m.I.D.CanvasMainChange - ellipse center x 244.88297872340425 y 692.4595744680851 
2025-05-17 12:32:11 INFO  c.r.rxviewui.controller.ExportWindow - initialized
2025-05-17 12:32:11 INFO  c.r.r.m.I.D.CanvasMainChange - DynamicCanvasElementsResize.getMultiple() 1.0 
2025-05-17 12:32:11 INFO  c.r.r.m.I.D.CanvasMainChange - DynamicCanvasElementsResize.getMultiple() 1.0 
2025-05-17 12:32:11 INFO  c.r.r.m.I.D.CanvasMainChange - DynamicCanvasElementsResize.getMultiple() 1.0 
2025-05-17 12:32:11 INFO  c.r.r.m.I.D.CanvasMainChange - ellipse center x 164.27021276595744 y 253.44680851063828 
2025-05-17 12:32:11 INFO  c.r.r.m.I.D.CanvasMainChange - ellipse center x 244.88297872340425 y 692.4595744680851 
2025-05-17 12:32:11 INFO  c.r.r.m.I.D.CanvasMainChange - DynamicCanvasElementsResize.getMultiple() 1.0 
2025-05-17 12:32:11 INFO  c.r.r.m.I.D.CanvasMainChange - ellipse center x 164.27021276595744 y 253.44680851063828 
2025-05-17 12:32:11 INFO  c.r.r.m.I.D.CanvasMainChange - ellipse center x 244.88297872340425 y 692.4595744680851 
2025-05-17 12:32:13 INFO  c.r.r.m.I.D.CanvasMainChange - DynamicCanvasElementsResize.getMultiple() 2.441939327694954 
2025-05-17 12:32:13 INFO  c.r.r.m.I.D.CanvasMainChange - DynamicCanvasElementsResize.getMultiple() 2.441939327694954 
2025-05-17 12:32:13 INFO  c.r.r.m.I.D.CanvasMainChange - ellipse center x 401.13789292200914 y 618.9017291808998 
2025-05-17 12:32:13 INFO  c.r.r.m.I.D.CanvasMainChange - ellipse center x 597.9893764277675 y 1690.9442677325294 
2025-05-17 12:32:13 INFO  c.r.rxviewui.controller.ExportStudy - before last redraw 2.441939327694954 

2025-05-17 12:32:13 INFO  c.r.r.m.I.D.CanvasMainChange - DynamicCanvasElementsResize.getMultiple() 2.441939327694954 
2025-05-17 12:32:13 INFO  c.r.r.m.I.D.CanvasMainChange - ellipse center x 401.13789292200914 y 618.9017291808998 
2025-05-17 12:32:13 INFO  c.r.r.m.I.D.CanvasMainChange - ellipse center x 597.9893764277675 y 1690.9442677325294 
2025-05-17 12:32:13 INFO  c.r.rxviewui.controller.ExportStudy - after last redraw

2025-05-17 12:32:13 INFO  c.r.rxviewui.controller.ExportStudy - after last annotation

2025-05-17 12:32:33 INFO  c.r.r.m.I.D.CanvasMainChange - DynamicCanvasElementsResize.getMultiple() 1.0 
2025-05-17 12:32:33 INFO  c.r.r.m.I.D.CanvasMainChange - DynamicCanvasElementsResize.getMultiple() 1.0 
2025-05-17 12:32:33 INFO  c.r.r.m.I.D.CanvasMainChange - DynamicCanvasElementsResize.getMultiple() 1.0 
2025-05-17 12:32:33 INFO  c.r.r.m.I.D.CanvasMainChange - ellipse center x 164.27021276595744 y 253.44680851063828 
2025-05-17 12:32:33 INFO  c.r.r.m.I.D.CanvasMainChange - ellipse center x 244.88297872340425 y 692.4595744680851 
2025-05-17 12:32:33 INFO  c.r.r.m.I.D.CanvasMainChange - DynamicCanvasElementsResize.getMultiple() 1.0 
2025-05-17 12:32:33 INFO  c.r.r.m.I.D.CanvasMainChange - ellipse center x 164.27021276595744 y 253.44680851063828 
2025-05-17 12:32:33 INFO  c.r.r.m.I.D.CanvasMainChange - ellipse center x 244.88297872340425 y 692.4595744680851 
