2025-05-15 13:05:36 INFO  c.r.rxviewui.controller.LoginPage - logged In
2025-05-15 13:05:37 INFO  c.r.r.service.login.LoginController - ip mismatched 192.168.126.140 and 192.168.12.10
2025-05-15 13:05:37 INFO  c.r.r.service.login.LoginController - IP not found
2025-05-15 13:05:37 INFO  c.r.r.service.login.LoginController - initialized
2025-05-15 13:05:40 INFO  c.r.r.service.login.LoginController - No devices found!!!
2025-05-15 13:05:41 INFO  c.r.r.m.print.Layout.LayoutCreator - Creating layout with code: STANDARD\1,1 2048.0 2560.0
2025-05-15 13:05:49 INFO  c.r.r.m.print.Layout.LayoutCreator - Creating layout with code: STANDARD\1,2 2048.0 2560.0
2025-05-15 15:32:38 INFO  c.r.r.service.study.StudyService - Image received
2025-05-15 15:32:40 INFO  c.r.r.service.study.StudyService - Mat is not empty
2025-05-15 15:32:40 INFO  c.r.r.m.I.D.MainDrawTool - ImagingParams is null
2025-05-15 15:41:13 INFO  c.r.r.m.I.D.MainDrawTool - ImagingParams is null
2025-05-15 15:41:14 INFO  c.r.r.s.study.StudyMainController - saving for export...
2025-05-15 15:41:14 INFO  c.r.rxviewui.controller.ExportWindow - initialized
2025-05-15 16:48:31 INFO  c.r.r.m.print.Layout.LayoutCreator - Creating layout with code: STANDARD\1,1 2048.0 2560.0
2025-05-15 16:49:46 INFO  c.r.r.service.print.PrintService - Type or Depth Issue : CV_16UC4 : CV_8UC4
2025-05-15 16:49:46 INFO  c.r.r.m.print.Layout.LayoutCreator - Creating layout with code: STANDARD\1,1 2048.0 2560.0
2025-05-15 16:49:46 INFO  c.r.r.service.print.PrintService - Type or Depth Issue : CV_16UC4 : CV_8UC4
2025-05-15 16:49:47 INFO  c.r.r.service.print.PrintService - outputMat type : CV_16UC4
2025-05-15 16:49:47 INFO  c.r.r.service.print.PrintService - outputMat type: CV_16UC3
2025-05-15 16:49:47 INFO  c.r.r.m.print.Layout.LayoutCreator - Creating layout with code: STANDARD\1,1 2048.0 2560.0
