2025-04-10 16:06:52 INFO  c.r.rxviewui.controller.LoginPage - logged In
2025-04-10 16:06:52 INFO  c.r.r.service.login.LoginController - ip mismatched 192.168.31.178 and 192.168.12.10
2025-04-10 16:06:52 INFO  c.r.r.service.login.LoginController - IP not found
2025-04-10 16:06:52 INFO  c.r.r.service.login.LoginController - initialized
2025-04-10 16:06:56 INFO  c.r.r.service.login.LoginController - No devices found!!!
2025-04-10 16:06:57 INFO  c.r.r.service.study.StudyService - Image received
2025-04-10 16:06:58 INFO  c.r.r.service.study.StudyService - Mat is not empty
2025-04-10 16:06:59 INFO  c.r.r.s.study.StudyMainController - w 1526.0 1526.0 1526.0 1526.0 
2025-04-10 16:06:59 INFO  c.r.r.s.study.StudyMainController - h 1526.0 1526.0 1526.0 1526.0 
2025-04-10 16:06:59 INFO  c.r.r.s.study.StudyMainController - w 1526.0 1526.0 1526.0 1526.0 
2025-04-10 16:06:59 INFO  c.r.r.s.study.StudyMainController - h 1526.0 1526.0 1526.0 1526.0 
2025-04-10 16:06:59 INFO  c.r.r.s.study.StudyMainController - w 1526.0 1526.0 1526.0 1526.0 
2025-04-10 16:06:59 INFO  c.r.r.s.study.StudyMainController - h 1526.0 1526.0 1526.0 1526.0 
2025-04-10 16:06:59 INFO  c.r.r.m.I.D.MainDrawTool - ImagingParams is null
2025-04-10 16:07:04 INFO  c.r.r.s.study.StudyMainController - saving for export...
2025-04-10 16:07:04 INFO  c.r.rxviewui.controller.ExportWindow - initialized
2025-04-10 16:07:04 INFO  c.r.r.s.study.StudyMainController - w 1526.0 1526.0 1526.0 1526.0 
2025-04-10 16:07:04 INFO  c.r.r.s.study.StudyMainController - h 1526.0 1526.0 1526.0 1526.0 
2025-04-10 16:07:04 INFO  c.r.r.s.study.StudyMainController - w 1526.0 1526.0 1526.0 1526.0 
2025-04-10 16:07:04 INFO  c.r.r.s.study.StudyMainController - h 1526.0 1526.0 1526.0 1526.0 
2025-04-10 16:07:06 INFO  c.r.rxviewui.controller.ExportStudy - saveWithInformationBurn overlayGridPane 3052.0 * 3052.0
2025-04-10 16:07:06 ERROR c.r.rxviewui.controller.ExportWindow - e: 
java.lang.NullPointerException: Cannot read field "nativeObj" because "img" is null
	at opencv@4100/org.opencv.imgcodecs.Imgcodecs.imwrite(Imgcodecs.java:673)
	at com.raymedis.rxviewui/com.raymedis.rxviewui.controller.ExportWindow.imageConversion(ExportWindow.java:251)
	at com.raymedis.rxviewui/com.raymedis.rxviewui.controller.ExportWindow.startExport(ExportWindow.java:191)
	at java.base/jdk.internal.reflect.DirectMethodHandleAccessor.invoke(DirectMethodHandleAccessor.java:103)
	at java.base/java.lang.reflect.Method.invoke(Method.java:580)
	at com.sun.javafx.reflect.Trampoline.invoke(MethodUtil.java:72)
	at java.base/jdk.internal.reflect.DirectMethodHandleAccessor.invoke(DirectMethodHandleAccessor.java:103)
	at java.base/java.lang.reflect.Method.invoke(Method.java:580)
	at javafx.base@21/com.sun.javafx.reflect.MethodUtil.invoke(MethodUtil.java:270)
	at javafx.fxml@21/com.sun.javafx.fxml.MethodHelper.invoke(MethodHelper.java:84)
	at javafx.fxml@21/javafx.fxml.FXMLLoader$MethodHandler.invoke(FXMLLoader.java:1855)
	at javafx.fxml@21/javafx.fxml.FXMLLoader$ControllerMethodEventHandler.handle(FXMLLoader.java:1726)
	at javafx.base@21/com.sun.javafx.event.CompositeEventHandler.dispatchBubblingEvent(CompositeEventHandler.java:86)
	at javafx.base@21/com.sun.javafx.event.EventHandlerManager.dispatchBubblingEvent(EventHandlerManager.java:232)
	at javafx.base@21/com.sun.javafx.event.EventHandlerManager.dispatchBubblingEvent(EventHandlerManager.java:189)
	at javafx.base@21/com.sun.javafx.event.CompositeEventDispatcher.dispatchBubblingEvent(CompositeEventDispatcher.java:59)
	at javafx.base@21/com.sun.javafx.event.BasicEventDispatcher.dispatchEvent(BasicEventDispatcher.java:58)
	at javafx.base@21/com.sun.javafx.event.EventDispatchChainImpl.dispatchEvent(EventDispatchChainImpl.java:114)
	at javafx.base@21/com.sun.javafx.event.BasicEventDispatcher.dispatchEvent(BasicEventDispatcher.java:56)
	at javafx.base@21/com.sun.javafx.event.EventDispatchChainImpl.dispatchEvent(EventDispatchChainImpl.java:114)
	at javafx.base@21/com.sun.javafx.event.BasicEventDispatcher.dispatchEvent(BasicEventDispatcher.java:56)
	at javafx.base@21/com.sun.javafx.event.EventDispatchChainImpl.dispatchEvent(EventDispatchChainImpl.java:114)
	at javafx.base@21/com.sun.javafx.event.EventUtil.fireEventImpl(EventUtil.java:74)
	at javafx.base@21/com.sun.javafx.event.EventUtil.fireEvent(EventUtil.java:49)
	at javafx.base@21/javafx.event.Event.fireEvent(Event.java:198)
	at javafx.graphics@21/javafx.scene.Node.fireEvent(Node.java:8875)
	at javafx.controls@21/javafx.scene.control.Button.fire(Button.java:203)
	at javafx.controls@21/com.sun.javafx.scene.control.behavior.ButtonBehavior.mouseReleased(ButtonBehavior.java:207)
	at javafx.controls@21/com.sun.javafx.scene.control.inputmap.InputMap.handle(InputMap.java:274)
	at javafx.base@21/com.sun.javafx.event.CompositeEventHandler$NormalEventHandlerRecord.handleBubblingEvent(CompositeEventHandler.java:247)
	at javafx.base@21/com.sun.javafx.event.CompositeEventHandler.dispatchBubblingEvent(CompositeEventHandler.java:80)
	at javafx.base@21/com.sun.javafx.event.EventHandlerManager.dispatchBubblingEvent(EventHandlerManager.java:232)
	at javafx.base@21/com.sun.javafx.event.EventHandlerManager.dispatchBubblingEvent(EventHandlerManager.java:189)
	at javafx.base@21/com.sun.javafx.event.CompositeEventDispatcher.dispatchBubblingEvent(CompositeEventDispatcher.java:59)
	at javafx.base@21/com.sun.javafx.event.BasicEventDispatcher.dispatchEvent(BasicEventDispatcher.java:58)
	at javafx.base@21/com.sun.javafx.event.EventDispatchChainImpl.dispatchEvent(EventDispatchChainImpl.java:114)
	at javafx.base@21/com.sun.javafx.event.BasicEventDispatcher.dispatchEvent(BasicEventDispatcher.java:56)
	at javafx.base@21/com.sun.javafx.event.EventDispatchChainImpl.dispatchEvent(EventDispatchChainImpl.java:114)
	at javafx.base@21/com.sun.javafx.event.BasicEventDispatcher.dispatchEvent(BasicEventDispatcher.java:56)
	at javafx.base@21/com.sun.javafx.event.EventDispatchChainImpl.dispatchEvent(EventDispatchChainImpl.java:114)
	at javafx.base@21/com.sun.javafx.event.EventUtil.fireEventImpl(EventUtil.java:74)
	at javafx.base@21/com.sun.javafx.event.EventUtil.fireEvent(EventUtil.java:54)
	at javafx.base@21/javafx.event.Event.fireEvent(Event.java:198)
	at javafx.graphics@21/javafx.scene.Scene$MouseHandler.process(Scene.java:3984)
	at javafx.graphics@21/javafx.scene.Scene.processMouseEvent(Scene.java:1890)
	at javafx.graphics@21/javafx.scene.Scene$ScenePeerListener.mouseEvent(Scene.java:2708)
	at javafx.graphics@21/com.sun.javafx.tk.quantum.GlassViewEventHandler$MouseEventNotification.run(GlassViewEventHandler.java:411)
	at javafx.graphics@21/com.sun.javafx.tk.quantum.GlassViewEventHandler$MouseEventNotification.run(GlassViewEventHandler.java:301)
	at java.base/java.security.AccessController.doPrivileged(AccessController.java:400)
	at javafx.graphics@21/com.sun.javafx.tk.quantum.GlassViewEventHandler.lambda$handleMouseEvent$2(GlassViewEventHandler.java:450)
	at javafx.graphics@21/com.sun.javafx.tk.quantum.QuantumToolkit.runWithoutRenderLock(QuantumToolkit.java:424)
	at javafx.graphics@21/com.sun.javafx.tk.quantum.GlassViewEventHandler.handleMouseEvent(GlassViewEventHandler.java:449)
	at javafx.graphics@21/com.sun.glass.ui.View.handleMouseEvent(View.java:551)
	at javafx.graphics@21/com.sun.glass.ui.View.notifyMouse(View.java:937)
	at javafx.graphics@21/com.sun.glass.ui.win.WinApplication._runLoop(Native Method)
	at javafx.graphics@21/com.sun.glass.ui.win.WinApplication.lambda$runLoop$3(WinApplication.java:185)
	at java.base/java.lang.Thread.run(Thread.java:1583)
