2025-04-10 18:14:19 INFO  c.r.rxviewui.controller.LoginPage - logged In
2025-04-10 18:14:19 INFO  c.r.r.service.login.LoginController - ip mismatched 192.168.31.178 and 192.168.12.10
2025-04-10 18:14:19 INFO  c.r.r.service.login.LoginController - IP not found
2025-04-10 18:14:19 INFO  c.r.r.service.login.LoginController - initialized
2025-04-10 18:14:23 INFO  c.r.r.service.login.LoginController - No devices found!!!
2025-04-10 18:14:24 INFO  c.r.r.service.study.StudyService - Image received
2025-04-10 18:14:25 INFO  c.r.r.service.study.StudyService - Mat is not empty
2025-04-10 18:14:26 INFO  c.r.r.s.study.StudyMainController - w 1526.0 1526.0 1526.0 1526.0 
2025-04-10 18:14:26 INFO  c.r.r.s.study.StudyMainController - h 1526.0 1526.0 1526.0 1526.0 
2025-04-10 18:14:26 INFO  c.r.r.s.study.StudyMainController - w 1526.0 1526.0 1526.0 1526.0 
2025-04-10 18:14:26 INFO  c.r.r.s.study.StudyMainController - h 1526.0 1526.0 1526.0 1526.0 
2025-04-10 18:14:26 INFO  c.r.r.s.study.StudyMainController - w 1526.0 1526.0 1526.0 1526.0 
2025-04-10 18:14:26 INFO  c.r.r.s.study.StudyMainController - h 1526.0 1526.0 1526.0 1526.0 
2025-04-10 18:14:26 INFO  c.r.r.m.I.D.MainDrawTool - ImagingParams is null
2025-04-10 18:15:04 INFO  c.r.rxviewui.controller.LoginPage - logged In
2025-04-10 18:15:04 INFO  c.r.r.service.login.LoginController - ip mismatched 192.168.31.178 and 192.168.12.10
2025-04-10 18:15:04 INFO  c.r.r.service.login.LoginController - IP not found
2025-04-10 18:15:05 INFO  c.r.r.service.login.LoginController - initialized
2025-04-10 18:15:08 INFO  c.r.r.service.study.StudyService - Image received
2025-04-10 18:15:08 INFO  c.r.r.service.login.LoginController - No devices found!!!
2025-04-10 18:15:09 INFO  c.r.r.service.study.StudyService - Mat is not empty
2025-04-10 18:15:10 INFO  c.r.r.s.study.StudyMainController - w 1526.0 1526.0 1526.0 1526.0 
2025-04-10 18:15:10 INFO  c.r.r.s.study.StudyMainController - h 1526.0 1526.0 1526.0 1526.0 
2025-04-10 18:15:10 INFO  c.r.r.s.study.StudyMainController - w 1526.0 1526.0 1526.0 1526.0 
2025-04-10 18:15:10 INFO  c.r.r.s.study.StudyMainController - h 1526.0 1526.0 1526.0 1526.0 
2025-04-10 18:15:10 INFO  c.r.r.s.study.StudyMainController - w 1526.0 1526.0 1526.0 1526.0 
2025-04-10 18:15:10 INFO  c.r.r.s.study.StudyMainController - h 1526.0 1526.0 1526.0 1526.0 
2025-04-10 18:15:10 INFO  c.r.r.m.I.D.MainDrawTool - ImagingParams is null
2025-04-10 18:15:26 INFO  c.r.r.s.study.StudyMainController - saving for export...
2025-04-10 18:15:26 INFO  c.r.rxviewui.controller.ExportWindow - initialized
2025-04-10 18:15:26 INFO  c.r.r.s.study.StudyMainController - w 1526.0 1526.0 1526.0 1526.0 
2025-04-10 18:15:26 INFO  c.r.r.s.study.StudyMainController - h 1526.0 1526.0 1526.0 1526.0 
2025-04-10 18:15:26 INFO  c.r.r.s.study.StudyMainController - w 1526.0 1526.0 1526.0 1526.0 
2025-04-10 18:15:26 INFO  c.r.r.s.study.StudyMainController - h 1526.0 1526.0 1526.0 1526.0 
2025-04-10 18:15:29 INFO  c.r.r.s.study.StudyMainController - w 1526.0 1526.0 1526.0 1526.0 
2025-04-10 18:15:29 INFO  c.r.r.s.study.StudyMainController - h 1526.0 1526.0 1526.0 1526.0 
2025-04-10 18:15:55 INFO  c.r.r.s.study.StudyMainController - w 1526.0 1526.0 1526.0 1526.0 
2025-04-10 18:15:55 INFO  c.r.r.s.study.StudyMainController - h 1526.0 1526.0 1526.0 1526.0 
2025-04-10 18:15:55 INFO  c.r.r.s.study.StudyMainController - w 1526.0 1526.0 1526.0 1526.0 
2025-04-10 18:15:55 INFO  c.r.r.s.study.StudyMainController - h 1526.0 1526.0 1526.0 1526.0 
