2025-06-04 15:51:26 INFO  com.raymedis.rxviewui.controller.LoginPage - logged In
2025-06-04 15:51:26 INFO  com.raymedis.rxviewui.service.login.LoginController - 192.168.12.10
2025-06-04 15:51:26 INFO  com.raymedis.rxviewui.service.login.LoginController - No Wi-Fi interface found or no IPv4 address assigned.
2025-06-04 15:51:31 INFO  com.raymedis.rxviewui.service.export.ExportStudyService - ExportStudyService initialized.
2025-06-04 15:51:31 INFO  com.raymedis.rxviewui.service.export.ExportStudyService - Exporting body part: Chest
2025-06-04 15:51:31 INFO  com.raymedis.rxviewui.service.export.ExportStudyService - org width: 2500, wof1024: 838.7942332896462
2025-06-04 15:51:31 INFO  com.raymedis.rxviewui.service.export.ExportStudyService - cropMultiple 2.98046875
2025-06-04 15:51:31 INFO  com.raymedis.rxviewui.service.export.ExportStudyService - Crop Rect: {954, 0, 504x3052}
2025-06-04 15:51:31 INFO  com.raymedis.rxviewui.service.export.ExportStudyService - org width: 2500, wof1024: 838.7942332896462
2025-06-04 15:51:31 INFO  com.raymedis.rxviewui.service.export.ExportStudyService - cropMultiple 2.98046875
2025-06-04 15:51:31 INFO  com.raymedis.rxviewui.service.export.ExportStudyService - Crop Rect: {954, 0, 504x3052}
2025-06-04 15:51:31 INFO  com.raymedis.rxviewui.service.export.ExportStudyService - 2 DynamicCanvasElementsResize values set with multiple: 2.98046875
2025-06-04 15:51:31 INFO  com.raymedis.rxviewui.service.export.ExportStudyService - 2 Line Width: 5.9609375, Ellipse Radius X: 23.84375, Ellipse Radius Y: 23.84375, Label Font Size: 41.7265625, Rect Width: 268.2421875, Rect Height: 89.4140625, Custom Font Icon Size: 596.09375
2025-06-04 15:51:31 INFO  com.raymedis.rxviewui.service.export.ExportStudyService - Distance Line Start: (980.1964178856383, 1590.9361702127658), End: (1428.2559923537233, 1610.4170212765953)
2025-06-04 15:51:31 INFO  com.raymedis.rxviewui.service.export.ExportStudyService - multiple: 2.98046875, cropX: 320, cropY: 0
2025-06-04 15:51:31 INFO  com.raymedis.rxviewui.service.export.ExportStudyService - 2 Distance Line Start: (8.78936170212766, 533.7872340425531), End: (159.12127659574466, 540.323404255319)
2025-06-04 15:51:32 INFO  com.raymedis.rxviewui.service.export.ExportStudyService - Type or Depth Issue in annotationMat : CV_16UC1 : CV_8UC4
2025-06-04 15:51:32 INFO  com.raymedis.rxviewui.service.export.ExportStudyService - annotationMat size 2500x3052 , type CV_16UC4 
2025-06-04 15:51:32 INFO  com.raymedis.rxviewui.service.export.ExportStudyService - org Mat size 504x3052 , type CV_16UC1 
2025-06-04 15:51:32 INFO  com.raymedis.rxviewui.service.export.ExportStudyService - Exporting body part: Chest
2025-06-04 15:51:32 WARN  com.raymedis.rxviewui.service.export.ExportStudyService - No image found for body part: Chest
2025-06-04 15:51:32 INFO  com.raymedis.rxviewui.service.export.ExportStudyService - Exporting body part: Skull
2025-06-04 15:51:32 WARN  com.raymedis.rxviewui.service.export.ExportStudyService - No image found for body part: Skull
