2025-05-16 16:33:54 INFO  c.r.rxviewui.controller.LoginPage - logged In
2025-05-16 16:33:54 INFO  c.r.r.service.login.LoginController - ip mismatched 192.168.126.140 and 192.168.12.10
2025-05-16 16:33:54 INFO  c.r.r.service.login.LoginController - IP not found
2025-05-16 16:33:55 INFO  c.r.r.service.login.LoginController - initialized
2025-05-16 16:33:58 INFO  c.r.r.service.login.LoginController - No devices found!!!
2025-05-16 16:34:00 INFO  c.r.r.service.study.StudyService - multiple 1.0
2025-05-16 16:34:00 INFO  c.r.r.m.I.D.CanvasMainChange - DynamicCanvasElementsResize.getMultiple() 1.0 
2025-05-16 16:34:00 INFO  c.r.r.m.I.D.CanvasMainChange - DynamicCanvasElementsResize.getMultiple() 1.0 
2025-05-16 16:34:00 INFO  c.r.r.m.I.D.CanvasMainChange - DynamicCanvasElementsResize.getMultiple() 1.0 
2025-05-16 16:34:00 INFO  c.r.r.m.I.i.ImageDrawWrapperHandling - Applying all drawing tools
2025-05-16 16:34:00 INFO  c.r.r.m.I.D.CanvasMainChange - DynamicCanvasElementsResize.getMultiple() 1.0 
2025-05-16 16:34:04 INFO  c.r.r.m.I.D.CanvasMainChange - DynamicCanvasElementsResize.getMultiple() 1.0 
2025-05-16 16:34:10 INFO  c.r.r.m.I.D.CanvasMainChange - DynamicCanvasElementsResize.getMultiple() 1.0 
2025-05-16 16:34:10 INFO  c.r.r.m.I.D.CanvasMainChange - DynamicCanvasElementsResize.getMultiple() 1.0 
2025-05-16 16:34:10 INFO  c.r.r.m.I.D.CanvasMainChange - DynamicCanvasElementsResize.getMultiple() 1.0 
2025-05-16 16:34:10 INFO  c.r.r.m.I.D.CanvasMainChange - DynamicCanvasElementsResize.getMultiple() 1.0 
2025-05-16 16:34:10 INFO  c.r.r.m.I.D.CanvasMainChange - DynamicCanvasElementsResize.getMultiple() 1.0 
2025-05-16 16:34:31 INFO  c.r.r.m.I.D.CanvasMainChange - DynamicCanvasElementsResize.getMultiple() 1.0 
2025-05-16 16:34:32 INFO  c.r.r.m.I.D.CanvasMainChange - DynamicCanvasElementsResize.getMultiple() 1.0 
2025-05-16 16:34:32 INFO  c.r.r.m.I.D.CanvasMainChange - DynamicCanvasElementsResize.getMultiple() 1.0 
2025-05-16 16:34:32 INFO  c.r.r.m.I.D.CanvasMainChange - ellipse center x 107.82978723404256 y 257.08936170212763 
2025-05-16 16:34:33 INFO  c.r.r.m.I.D.CanvasMainChange - DynamicCanvasElementsResize.getMultiple() 1.0 
2025-05-16 16:34:33 INFO  c.r.r.m.I.D.CanvasMainChange - ellipse center x 107.82978723404256 y 257.08936170212763 
2025-05-16 16:34:33 INFO  c.r.r.m.I.D.CanvasMainChange - ellipse center x 143.77872340425532 y 522.8936170212766 
2025-05-16 16:34:33 INFO  c.r.r.m.I.D.CanvasMainChange - DynamicCanvasElementsResize.getMultiple() 1.0 
2025-05-16 16:34:33 INFO  c.r.r.m.I.D.CanvasMainChange - ellipse center x 107.82978723404256 y 257.08936170212763 
2025-05-16 16:34:33 INFO  c.r.r.m.I.D.CanvasMainChange - ellipse center x 143.77872340425532 y 522.8936170212766 
2025-05-16 16:34:33 INFO  c.r.r.m.I.D.CanvasMainChange - DynamicCanvasElementsResize.getMultiple() 1.0 
2025-05-16 16:34:33 INFO  c.r.r.m.I.D.CanvasMainChange - line start x 107.82978723404256 y 257.08936170212763 end x 143.77872340425532 y 522.8936170212766
2025-05-16 16:34:33 INFO  c.r.r.m.I.D.CanvasMainChange - ellipse center x 107.82978723404256 y 257.08936170212763 
2025-05-16 16:34:33 INFO  c.r.r.m.I.D.CanvasMainChange - ellipse center x 143.77872340425532 y 522.8936170212766 
2025-05-16 16:34:33 INFO  c.r.r.m.I.D.CanvasMainChange - DynamicCanvasElementsResize.getMultiple() 1.0 
2025-05-16 16:34:33 INFO  c.r.r.m.I.D.CanvasMainChange - line start x 107.82978723404256 y 257.08936170212763 end x 143.77872340425532 y 522.8936170212766
2025-05-16 16:34:33 INFO  c.r.r.m.I.D.CanvasMainChange - ellipse center x 107.82978723404256 y 257.08936170212763 
2025-05-16 16:34:33 INFO  c.r.r.m.I.D.CanvasMainChange - ellipse center x 143.77872340425532 y 522.8936170212766 
2025-05-16 16:34:33 INFO  c.r.r.m.I.D.CanvasMainChange - DynamicCanvasElementsResize.getMultiple() 1.0 
2025-05-16 16:34:33 INFO  c.r.r.m.I.D.CanvasMainChange - line start x 107.82978723404256 y 257.08936170212763 end x 143.77872340425532 y 522.8936170212766
2025-05-16 16:34:33 INFO  c.r.r.m.I.D.CanvasMainChange - ellipse center x 107.82978723404256 y 257.08936170212763 
2025-05-16 16:34:33 INFO  c.r.r.m.I.D.CanvasMainChange - ellipse center x 143.77872340425532 y 522.8936170212766 
2025-05-16 16:34:33 INFO  c.r.r.m.I.D.CanvasMainChange - DynamicCanvasElementsResize.getMultiple() 1.0 
2025-05-16 16:34:33 INFO  c.r.r.m.I.D.CanvasMainChange - line start x 107.82978723404256 y 257.08936170212763 end x 143.77872340425532 y 522.8936170212766
2025-05-16 16:34:33 INFO  c.r.r.m.I.D.CanvasMainChange - ellipse center x 107.82978723404256 y 257.08936170212763 
2025-05-16 16:34:33 INFO  c.r.r.m.I.D.CanvasMainChange - ellipse center x 143.77872340425532 y 522.8936170212766 
2025-05-16 16:34:37 INFO  c.r.r.m.I.D.CanvasMainChange - DynamicCanvasElementsResize.getMultiple() 1.0 
2025-05-16 16:34:37 INFO  c.r.r.m.I.D.CanvasMainChange - line start x 107.82978723404256 y 257.08936170212763 end x 143.77872340425532 y 522.8936170212766
2025-05-16 16:34:37 INFO  c.r.r.m.I.D.CanvasMainChange - ellipse center x 107.82978723404256 y 257.08936170212763 
2025-05-16 16:34:37 INFO  c.r.r.m.I.D.CanvasMainChange - ellipse center x 143.77872340425532 y 522.8936170212766 
2025-05-16 16:34:40 INFO  c.r.r.service.study.StudyService - multiple 1.0
2025-05-16 16:34:40 INFO  c.r.r.m.I.D.CanvasMainChange - DynamicCanvasElementsResize.getMultiple() 1.0 
2025-05-16 16:34:40 INFO  c.r.r.m.I.D.CanvasMainChange - DynamicCanvasElementsResize.getMultiple() 1.0 
2025-05-16 16:34:40 INFO  c.r.r.m.I.D.CanvasMainChange - DynamicCanvasElementsResize.getMultiple() 1.0 
2025-05-16 16:34:40 INFO  c.r.r.m.I.D.CanvasMainChange - line start x 107.82978723404256 y 257.08936170212763 end x 143.77872340425532 y 522.8936170212766
2025-05-16 16:34:40 INFO  c.r.r.m.I.D.CanvasMainChange - ellipse center x 107.82978723404256 y 257.08936170212763 
2025-05-16 16:34:40 INFO  c.r.r.m.I.D.CanvasMainChange - ellipse center x 143.77872340425532 y 522.8936170212766 
2025-05-16 16:34:40 INFO  c.r.r.m.I.i.ImageDrawWrapperHandling - Applying all drawing tools
2025-05-16 16:34:40 INFO  c.r.r.m.I.D.CanvasMainChange - DynamicCanvasElementsResize.getMultiple() 1.0 
2025-05-16 16:34:40 INFO  c.r.r.m.I.D.CanvasMainChange - line start x 107.82978723404256 y 257.08936170212763 end x 143.77872340425532 y 522.8936170212766
2025-05-16 16:34:40 INFO  c.r.r.m.I.D.CanvasMainChange - ellipse center x 107.82978723404256 y 257.08936170212763 
2025-05-16 16:34:40 INFO  c.r.r.m.I.D.CanvasMainChange - ellipse center x 143.77872340425532 y 522.8936170212766 
2025-05-16 16:34:41 INFO  c.r.r.m.I.D.CanvasMainChange - DynamicCanvasElementsResize.getMultiple() 1.0 
2025-05-16 16:34:41 INFO  c.r.r.m.I.D.CanvasMainChange - line start x 107.82978723404256 y 257.08936170212763 end x 143.77872340425532 y 522.8936170212766
2025-05-16 16:34:41 INFO  c.r.r.m.I.D.CanvasMainChange - ellipse center x 107.82978723404256 y 257.08936170212763 
2025-05-16 16:34:41 INFO  c.r.r.m.I.D.CanvasMainChange - ellipse center x 143.77872340425532 y 522.8936170212766 
2025-05-16 16:34:41 INFO  c.r.r.service.study.StudyService - multiple 1.0
2025-05-16 16:34:41 INFO  c.r.r.m.I.D.CanvasMainChange - DynamicCanvasElementsResize.getMultiple() 1.0 
2025-05-16 16:34:41 INFO  c.r.r.m.I.D.CanvasMainChange - DynamicCanvasElementsResize.getMultiple() 1.0 
2025-05-16 16:34:41 INFO  c.r.r.m.I.D.CanvasMainChange - DynamicCanvasElementsResize.getMultiple() 1.0 
2025-05-16 16:34:41 INFO  c.r.r.m.I.D.CanvasMainChange - line start x 107.82978723404256 y 257.08936170212763 end x 143.77872340425532 y 522.8936170212766
2025-05-16 16:34:41 INFO  c.r.r.m.I.D.CanvasMainChange - ellipse center x 107.82978723404256 y 257.08936170212763 
2025-05-16 16:34:41 INFO  c.r.r.m.I.D.CanvasMainChange - ellipse center x 143.77872340425532 y 522.8936170212766 
2025-05-16 16:34:41 INFO  c.r.r.m.I.i.ImageDrawWrapperHandling - Applying all drawing tools
2025-05-16 16:34:41 INFO  c.r.r.m.I.D.CanvasMainChange - DynamicCanvasElementsResize.getMultiple() 1.0 
2025-05-16 16:34:41 INFO  c.r.r.m.I.D.CanvasMainChange - line start x 107.82978723404256 y 257.08936170212763 end x 143.77872340425532 y 522.8936170212766
2025-05-16 16:34:41 INFO  c.r.r.m.I.D.CanvasMainChange - ellipse center x 107.82978723404256 y 257.08936170212763 
2025-05-16 16:34:41 INFO  c.r.r.m.I.D.CanvasMainChange - ellipse center x 143.77872340425532 y 522.8936170212766 
2025-05-16 16:34:44 INFO  c.r.r.m.I.D.CanvasMainChange - DynamicCanvasElementsResize.getMultiple() 1.0 
2025-05-16 16:34:44 INFO  c.r.r.m.I.D.CanvasMainChange - line start x 107.82978723404256 y 257.08936170212763 end x 143.77872340425532 y 522.8936170212766
2025-05-16 16:34:44 INFO  c.r.r.m.I.D.CanvasMainChange - ellipse center x 107.82978723404256 y 257.08936170212763 
2025-05-16 16:34:44 INFO  c.r.r.m.I.D.CanvasMainChange - ellipse center x 143.77872340425532 y 522.8936170212766 
2025-05-16 16:34:46 INFO  c.r.r.service.study.StudyService - Image received
2025-05-16 16:34:46 INFO  c.r.r.service.study.StudyService - Image received
2025-05-16 16:34:46 INFO  c.r.r.service.study.StudyService - Image received
2025-05-16 16:34:47 INFO  c.r.r.service.study.StudyService - Mat is not empty
2025-05-16 16:34:47 INFO  c.r.r.service.study.StudyService - Mat is not empty
2025-05-16 16:34:47 INFO  c.r.r.service.study.StudyService - multiple 1.0
2025-05-16 16:34:47 INFO  c.r.r.service.study.StudyService - multiple 1.0
2025-05-16 16:34:47 INFO  c.r.r.m.I.D.CanvasMainChange - DynamicCanvasElementsResize.getMultiple() 1.0 
2025-05-16 16:34:47 INFO  c.r.r.m.I.D.CanvasMainChange - DynamicCanvasElementsResize.getMultiple() 1.0 
2025-05-16 16:34:47 INFO  c.r.r.service.study.StudyService - multiple 1.0
2025-05-16 16:34:47 INFO  c.r.r.service.study.StudyService - Mat is not empty
2025-05-16 16:34:47 INFO  c.r.r.service.study.StudyService - multiple 1.0
2025-05-16 16:34:47 INFO  c.r.r.m.I.D.CanvasMainChange - DynamicCanvasElementsResize.getMultiple() 1.0 
2025-05-16 16:34:48 INFO  c.r.r.m.I.D.CanvasMainChange - DynamicCanvasElementsResize.getMultiple() 1.0 
2025-05-16 16:34:48 INFO  c.r.r.service.study.StudyService - multiple 1.0
2025-05-16 16:34:48 INFO  c.r.r.m.I.D.CanvasMainChange - DynamicCanvasElementsResize.getMultiple() 1.0 
2025-05-16 16:34:48 INFO  c.r.r.m.I.D.CanvasMainChange - DynamicCanvasElementsResize.getMultiple() 1.0 
2025-05-16 16:34:48 INFO  c.r.r.m.I.D.CanvasMainChange - DynamicCanvasElementsResize.getMultiple() 1.0 
2025-05-16 16:34:48 INFO  c.r.r.m.I.D.CanvasMainChange - DynamicCanvasElementsResize.getMultiple() 1.0 
2025-05-16 16:34:48 INFO  c.r.r.service.study.StudyService - multiple 1.0
2025-05-16 16:34:48 INFO  c.r.r.m.I.D.CanvasMainChange - DynamicCanvasElementsResize.getMultiple() 1.0 
2025-05-16 16:34:48 INFO  c.r.r.m.I.D.CanvasMainChange - DynamicCanvasElementsResize.getMultiple() 1.0 
2025-05-16 16:34:48 INFO  c.r.r.m.I.D.CanvasMainChange - DynamicCanvasElementsResize.getMultiple() 1.0 
2025-05-16 16:34:48 INFO  c.r.r.m.I.i.ImageDrawWrapperHandling - Applying all drawing tools
2025-05-16 16:34:48 INFO  c.r.r.m.I.D.MainDrawTool - ImagingParams is null
2025-05-16 16:35:01 INFO  c.r.r.m.I.D.CanvasMainChange - DynamicCanvasElementsResize.getMultiple() 1.0 
2025-05-16 16:35:07 INFO  c.r.r.m.I.D.CanvasMainChange - DynamicCanvasElementsResize.getMultiple() 1.0 
2025-05-16 16:35:07 INFO  c.r.r.m.I.D.CanvasMainChange - DynamicCanvasElementsResize.getMultiple() 1.0 
2025-05-16 16:35:07 INFO  c.r.r.m.I.D.CanvasMainChange - DynamicCanvasElementsResize.getMultiple() 1.0 
2025-05-16 16:35:07 INFO  c.r.r.m.I.D.CanvasMainChange - DynamicCanvasElementsResize.getMultiple() 1.0 
2025-05-16 16:35:07 INFO  c.r.r.m.I.D.CanvasMainChange - DynamicCanvasElementsResize.getMultiple() 1.0 
2025-05-16 16:35:10 INFO  c.r.r.m.I.D.CanvasMainChange - DynamicCanvasElementsResize.getMultiple() 1.0 
2025-05-16 16:35:11 INFO  c.r.r.m.I.D.CanvasMainChange - DynamicCanvasElementsResize.getMultiple() 1.0 
2025-05-16 16:35:11 INFO  c.r.r.m.I.D.CanvasMainChange - DynamicCanvasElementsResize.getMultiple() 1.0 
2025-05-16 16:35:11 INFO  c.r.r.m.I.D.CanvasMainChange - ellipse center x 709.1744680851064 y 119.2468085106383 
2025-05-16 16:35:11 INFO  c.r.r.m.I.D.CanvasMainChange - DynamicCanvasElementsResize.getMultiple() 1.0 
2025-05-16 16:35:11 INFO  c.r.r.m.I.D.CanvasMainChange - ellipse center x 709.1744680851064 y 119.2468085106383 
2025-05-16 16:35:11 INFO  c.r.r.m.I.D.CanvasMainChange - ellipse center x 629.6510638297873 y 302.25957446808513 
2025-05-16 16:35:11 INFO  c.r.r.m.I.D.CanvasMainChange - DynamicCanvasElementsResize.getMultiple() 1.0 
2025-05-16 16:35:11 INFO  c.r.r.m.I.D.CanvasMainChange - ellipse center x 709.1744680851064 y 119.2468085106383 
2025-05-16 16:35:11 INFO  c.r.r.m.I.D.CanvasMainChange - ellipse center x 629.6510638297873 y 302.25957446808513 
2025-05-16 16:35:11 INFO  c.r.r.m.I.D.CanvasMainChange - DynamicCanvasElementsResize.getMultiple() 1.0 
2025-05-16 16:35:11 INFO  c.r.r.m.I.D.CanvasMainChange - line start x 709.1744680851064 y 119.2468085106383 end x 629.6510638297873 y 302.25957446808513
2025-05-16 16:35:11 INFO  c.r.r.m.I.D.CanvasMainChange - ellipse center x 709.1744680851064 y 119.2468085106383 
2025-05-16 16:35:11 INFO  c.r.r.m.I.D.CanvasMainChange - ellipse center x 629.6510638297873 y 302.25957446808513 
2025-05-16 16:35:11 INFO  c.r.r.m.I.D.CanvasMainChange - DynamicCanvasElementsResize.getMultiple() 1.0 
2025-05-16 16:35:11 INFO  c.r.r.m.I.D.CanvasMainChange - line start x 709.1744680851064 y 119.2468085106383 end x 629.6510638297873 y 302.25957446808513
2025-05-16 16:35:11 INFO  c.r.r.m.I.D.CanvasMainChange - ellipse center x 709.1744680851064 y 119.2468085106383 
2025-05-16 16:35:11 INFO  c.r.r.m.I.D.CanvasMainChange - ellipse center x 629.6510638297873 y 302.25957446808513 
2025-05-16 16:35:11 INFO  c.r.r.m.I.D.CanvasMainChange - DynamicCanvasElementsResize.getMultiple() 1.0 
2025-05-16 16:35:11 INFO  c.r.r.m.I.D.CanvasMainChange - line start x 709.1744680851064 y 119.2468085106383 end x 629.6510638297873 y 302.25957446808513
2025-05-16 16:35:11 INFO  c.r.r.m.I.D.CanvasMainChange - ellipse center x 709.1744680851064 y 119.2468085106383 
2025-05-16 16:35:11 INFO  c.r.r.m.I.D.CanvasMainChange - ellipse center x 629.6510638297873 y 302.25957446808513 
2025-05-16 16:35:11 INFO  c.r.r.m.I.D.CanvasMainChange - DynamicCanvasElementsResize.getMultiple() 1.0 
2025-05-16 16:35:11 INFO  c.r.r.m.I.D.CanvasMainChange - line start x 709.1744680851064 y 119.2468085106383 end x 629.6510638297873 y 302.25957446808513
2025-05-16 16:35:11 INFO  c.r.r.m.I.D.CanvasMainChange - ellipse center x 709.1744680851064 y 119.2468085106383 
2025-05-16 16:35:11 INFO  c.r.r.m.I.D.CanvasMainChange - ellipse center x 629.6510638297873 y 302.25957446808513 
2025-05-16 16:35:16 INFO  c.r.r.m.I.D.CanvasMainChange - DynamicCanvasElementsResize.getMultiple() 1.0 
2025-05-16 16:35:16 INFO  c.r.r.m.I.D.CanvasMainChange - line start x 709.1744680851064 y 119.2468085106383 end x 629.6510638297873 y 302.25957446808513
2025-05-16 16:35:16 INFO  c.r.r.m.I.D.CanvasMainChange - ellipse center x 709.1744680851064 y 119.2468085106383 
2025-05-16 16:35:16 INFO  c.r.r.m.I.D.CanvasMainChange - ellipse center x 629.6510638297873 y 302.25957446808513 
2025-05-16 16:35:17 INFO  c.r.r.service.study.StudyService - Image received
2025-05-16 16:35:18 INFO  c.r.r.service.study.StudyService - Mat is not empty
2025-05-16 16:35:18 INFO  c.r.r.service.study.StudyService - multiple 1.0
2025-05-16 16:35:18 INFO  c.r.r.service.study.StudyService - multiple 1.0
2025-05-16 16:35:18 INFO  c.r.r.m.I.D.CanvasMainChange - DynamicCanvasElementsResize.getMultiple() 1.0 
2025-05-16 16:35:18 INFO  c.r.r.m.I.D.CanvasMainChange - DynamicCanvasElementsResize.getMultiple() 1.0 
2025-05-16 16:35:18 INFO  c.r.r.m.I.D.CanvasMainChange - DynamicCanvasElementsResize.getMultiple() 1.0 
2025-05-16 16:35:18 INFO  c.r.r.m.I.i.ImageDrawWrapperHandling - Applying all drawing tools
2025-05-16 16:35:18 INFO  c.r.r.m.I.D.MainDrawTool - ImagingParams is null
2025-05-16 16:35:21 INFO  c.r.r.m.I.D.CanvasMainChange - DynamicCanvasElementsResize.getMultiple() 1.0 
2025-05-16 16:35:21 INFO  c.r.r.service.study.StudyService - multiple 1.0
2025-05-16 16:35:22 INFO  c.r.r.m.I.D.CanvasMainChange - DynamicCanvasElementsResize.getMultiple() 1.0 
2025-05-16 16:35:22 INFO  c.r.r.m.I.D.CanvasMainChange - DynamicCanvasElementsResize.getMultiple() 1.0 
2025-05-16 16:35:22 INFO  c.r.r.m.I.D.CanvasMainChange - DynamicCanvasElementsResize.getMultiple() 1.0 
2025-05-16 16:35:22 INFO  c.r.r.m.I.D.CanvasMainChange - line start x 709.1744680851064 y 119.2468085106383 end x 629.6510638297873 y 302.25957446808513
2025-05-16 16:35:22 INFO  c.r.r.m.I.D.CanvasMainChange - ellipse center x 709.1744680851064 y 119.2468085106383 
2025-05-16 16:35:22 INFO  c.r.r.m.I.D.CanvasMainChange - ellipse center x 629.6510638297873 y 302.25957446808513 
2025-05-16 16:35:22 INFO  c.r.r.m.I.i.ImageDrawWrapperHandling - Applying all drawing tools
2025-05-16 16:35:22 INFO  c.r.r.m.I.D.CanvasMainChange - DynamicCanvasElementsResize.getMultiple() 1.0 
2025-05-16 16:35:22 INFO  c.r.r.m.I.D.CanvasMainChange - line start x 709.1744680851064 y 119.2468085106383 end x 629.6510638297873 y 302.25957446808513
2025-05-16 16:35:22 INFO  c.r.r.m.I.D.CanvasMainChange - ellipse center x 709.1744680851064 y 119.2468085106383 
2025-05-16 16:35:22 INFO  c.r.r.m.I.D.CanvasMainChange - ellipse center x 629.6510638297873 y 302.25957446808513 
2025-05-16 16:35:22 INFO  c.r.r.m.I.D.CanvasMainChange - DynamicCanvasElementsResize.getMultiple() 1.0 
2025-05-16 16:35:22 INFO  c.r.r.m.I.D.CanvasMainChange - line start x 709.1744680851064 y 119.2468085106383 end x 629.6510638297873 y 302.25957446808513
2025-05-16 16:35:22 INFO  c.r.r.m.I.D.CanvasMainChange - ellipse center x 709.1744680851064 y 119.2468085106383 
2025-05-16 16:35:22 INFO  c.r.r.m.I.D.CanvasMainChange - ellipse center x 629.6510638297873 y 302.25957446808513 
2025-05-16 16:35:22 INFO  c.r.r.service.study.StudyService - multiple 1.0
2025-05-16 16:35:22 INFO  c.r.r.m.I.D.CanvasMainChange - DynamicCanvasElementsResize.getMultiple() 1.0 
2025-05-16 16:35:22 INFO  c.r.r.m.I.D.CanvasMainChange - DynamicCanvasElementsResize.getMultiple() 1.0 
2025-05-16 16:35:22 INFO  c.r.r.m.I.D.CanvasMainChange - DynamicCanvasElementsResize.getMultiple() 1.0 
2025-05-16 16:35:22 INFO  c.r.r.m.I.D.CanvasMainChange - line start x 107.82978723404256 y 257.08936170212763 end x 143.77872340425532 y 522.8936170212766
2025-05-16 16:35:22 INFO  c.r.r.m.I.D.CanvasMainChange - ellipse center x 107.82978723404256 y 257.08936170212763 
2025-05-16 16:35:22 INFO  c.r.r.m.I.D.CanvasMainChange - ellipse center x 143.77872340425532 y 522.8936170212766 
2025-05-16 16:35:22 INFO  c.r.r.m.I.i.ImageDrawWrapperHandling - Applying all drawing tools
2025-05-16 16:35:22 INFO  c.r.r.m.I.D.CanvasMainChange - DynamicCanvasElementsResize.getMultiple() 1.0 
2025-05-16 16:35:22 INFO  c.r.r.m.I.D.CanvasMainChange - line start x 107.82978723404256 y 257.08936170212763 end x 143.77872340425532 y 522.8936170212766
2025-05-16 16:35:22 INFO  c.r.r.m.I.D.CanvasMainChange - ellipse center x 107.82978723404256 y 257.08936170212763 
2025-05-16 16:35:22 INFO  c.r.r.m.I.D.CanvasMainChange - ellipse center x 143.77872340425532 y 522.8936170212766 
2025-05-16 16:35:24 INFO  c.r.r.m.I.D.CanvasMainChange - DynamicCanvasElementsResize.getMultiple() 1.0 
2025-05-16 16:35:24 INFO  c.r.r.m.I.D.CanvasMainChange - line start x 107.82978723404256 y 257.08936170212763 end x 143.77872340425532 y 522.8936170212766
2025-05-16 16:35:24 INFO  c.r.r.m.I.D.CanvasMainChange - ellipse center x 107.82978723404256 y 257.08936170212763 
2025-05-16 16:35:24 INFO  c.r.r.m.I.D.CanvasMainChange - ellipse center x 143.77872340425532 y 522.8936170212766 
2025-05-16 16:35:24 INFO  c.r.r.service.study.StudyService - multiple 1.0
2025-05-16 16:35:24 INFO  c.r.r.m.I.D.CanvasMainChange - DynamicCanvasElementsResize.getMultiple() 1.0 
2025-05-16 16:35:24 INFO  c.r.r.m.I.D.CanvasMainChange - DynamicCanvasElementsResize.getMultiple() 1.0 
2025-05-16 16:35:24 INFO  c.r.r.m.I.D.CanvasMainChange - DynamicCanvasElementsResize.getMultiple() 1.0 
2025-05-16 16:35:24 INFO  c.r.r.m.I.D.CanvasMainChange - line start x 709.1744680851064 y 119.2468085106383 end x 629.6510638297873 y 302.25957446808513
2025-05-16 16:35:24 INFO  c.r.r.m.I.D.CanvasMainChange - ellipse center x 709.1744680851064 y 119.2468085106383 
2025-05-16 16:35:24 INFO  c.r.r.m.I.D.CanvasMainChange - ellipse center x 629.6510638297873 y 302.25957446808513 
2025-05-16 16:35:24 INFO  c.r.r.m.I.i.ImageDrawWrapperHandling - Applying all drawing tools
2025-05-16 16:35:24 INFO  c.r.r.m.I.D.CanvasMainChange - DynamicCanvasElementsResize.getMultiple() 1.0 
2025-05-16 16:35:24 INFO  c.r.r.m.I.D.CanvasMainChange - line start x 709.1744680851064 y 119.2468085106383 end x 629.6510638297873 y 302.25957446808513
2025-05-16 16:35:24 INFO  c.r.r.m.I.D.CanvasMainChange - ellipse center x 709.1744680851064 y 119.2468085106383 
2025-05-16 16:35:24 INFO  c.r.r.m.I.D.CanvasMainChange - ellipse center x 629.6510638297873 y 302.25957446808513 
2025-05-16 16:35:24 INFO  c.r.r.m.I.D.CanvasMainChange - DynamicCanvasElementsResize.getMultiple() 1.0 
2025-05-16 16:35:24 INFO  c.r.r.m.I.D.CanvasMainChange - line start x 709.1744680851064 y 119.2468085106383 end x 629.6510638297873 y 302.25957446808513
2025-05-16 16:35:24 INFO  c.r.r.m.I.D.CanvasMainChange - ellipse center x 709.1744680851064 y 119.2468085106383 
2025-05-16 16:35:24 INFO  c.r.r.m.I.D.CanvasMainChange - ellipse center x 629.6510638297873 y 302.25957446808513 
2025-05-16 16:35:24 INFO  c.r.r.service.study.StudyService - multiple 1.0
2025-05-16 16:35:24 INFO  c.r.r.m.I.D.CanvasMainChange - DynamicCanvasElementsResize.getMultiple() 1.0 
2025-05-16 16:35:24 INFO  c.r.r.m.I.D.CanvasMainChange - DynamicCanvasElementsResize.getMultiple() 1.0 
2025-05-16 16:35:24 INFO  c.r.r.m.I.D.CanvasMainChange - DynamicCanvasElementsResize.getMultiple() 1.0 
2025-05-16 16:35:24 INFO  c.r.r.m.I.i.ImageDrawWrapperHandling - Applying all drawing tools
2025-05-16 16:35:24 INFO  c.r.r.m.I.D.CanvasMainChange - DynamicCanvasElementsResize.getMultiple() 1.0 
2025-05-16 16:35:29 INFO  c.r.r.m.I.D.CanvasMainChange - DynamicCanvasElementsResize.getMultiple() 1.0 
2025-05-16 16:35:29 INFO  c.r.r.service.study.StudyService - multiple 1.0
2025-05-16 16:35:29 INFO  c.r.r.m.I.D.CanvasMainChange - DynamicCanvasElementsResize.getMultiple() 1.0 
2025-05-16 16:35:29 INFO  c.r.r.m.I.D.CanvasMainChange - DynamicCanvasElementsResize.getMultiple() 1.0 
2025-05-16 16:35:29 INFO  c.r.r.m.I.D.CanvasMainChange - DynamicCanvasElementsResize.getMultiple() 1.0 
2025-05-16 16:35:29 INFO  c.r.r.m.I.D.CanvasMainChange - line start x 107.82978723404256 y 257.08936170212763 end x 143.77872340425532 y 522.8936170212766
2025-05-16 16:35:29 INFO  c.r.r.m.I.D.CanvasMainChange - ellipse center x 107.82978723404256 y 257.08936170212763 
2025-05-16 16:35:29 INFO  c.r.r.m.I.D.CanvasMainChange - ellipse center x 143.77872340425532 y 522.8936170212766 
2025-05-16 16:35:29 INFO  c.r.r.m.I.i.ImageDrawWrapperHandling - Applying all drawing tools
2025-05-16 16:35:29 INFO  c.r.r.m.I.D.CanvasMainChange - DynamicCanvasElementsResize.getMultiple() 1.0 
2025-05-16 16:35:29 INFO  c.r.r.m.I.D.CanvasMainChange - line start x 107.82978723404256 y 257.08936170212763 end x 143.77872340425532 y 522.8936170212766
2025-05-16 16:35:29 INFO  c.r.r.m.I.D.CanvasMainChange - ellipse center x 107.82978723404256 y 257.08936170212763 
2025-05-16 16:35:29 INFO  c.r.r.m.I.D.CanvasMainChange - ellipse center x 143.77872340425532 y 522.8936170212766 
2025-05-16 16:35:33 INFO  c.r.r.s.study.StudyMainController - saving for export...
2025-05-16 16:35:33 INFO  c.r.r.m.I.D.CanvasMainChange - DynamicCanvasElementsResize.getMultiple() 1.0 
2025-05-16 16:35:33 INFO  c.r.r.m.I.D.CanvasMainChange - line start x 107.82978723404256 y 257.08936170212763 end x 143.77872340425532 y 522.8936170212766
2025-05-16 16:35:33 INFO  c.r.r.m.I.D.CanvasMainChange - ellipse center x 107.82978723404256 y 257.08936170212763 
2025-05-16 16:35:33 INFO  c.r.r.m.I.D.CanvasMainChange - ellipse center x 143.77872340425532 y 522.8936170212766 
2025-05-16 16:35:33 INFO  c.r.rxviewui.controller.ExportWindow - initialized
2025-05-16 16:35:33 INFO  c.r.r.service.study.StudyService - multiple 1.0
2025-05-16 16:35:33 INFO  c.r.r.m.I.D.CanvasMainChange - DynamicCanvasElementsResize.getMultiple() 1.0 
2025-05-16 16:35:33 INFO  c.r.r.m.I.D.CanvasMainChange - DynamicCanvasElementsResize.getMultiple() 1.0 
2025-05-16 16:35:33 INFO  c.r.r.m.I.D.CanvasMainChange - DynamicCanvasElementsResize.getMultiple() 1.0 
2025-05-16 16:35:33 INFO  c.r.r.m.I.D.CanvasMainChange - line start x 107.82978723404256 y 257.08936170212763 end x 143.77872340425532 y 522.8936170212766
2025-05-16 16:35:33 INFO  c.r.r.m.I.D.CanvasMainChange - ellipse center x 107.82978723404256 y 257.08936170212763 
2025-05-16 16:35:33 INFO  c.r.r.m.I.D.CanvasMainChange - ellipse center x 143.77872340425532 y 522.8936170212766 
2025-05-16 16:35:33 INFO  c.r.r.m.I.i.ImageDrawWrapperHandling - Applying all drawing tools
2025-05-16 16:35:33 INFO  c.r.r.m.I.D.CanvasMainChange - DynamicCanvasElementsResize.getMultiple() 1.0 
2025-05-16 16:35:33 INFO  c.r.r.m.I.D.CanvasMainChange - line start x 107.82978723404256 y 257.08936170212763 end x 143.77872340425532 y 522.8936170212766
2025-05-16 16:35:33 INFO  c.r.r.m.I.D.CanvasMainChange - ellipse center x 107.82978723404256 y 257.08936170212763 
2025-05-16 16:35:33 INFO  c.r.r.m.I.D.CanvasMainChange - ellipse center x 143.77872340425532 y 522.8936170212766 
2025-05-16 16:36:09 INFO  c.r.r.service.study.StudyService - multiple 2.98046875
2025-05-16 16:36:09 INFO  c.r.r.m.I.D.CanvasMainChange - DynamicCanvasElementsResize.getMultiple() 2.98046875 
2025-05-16 16:36:09 INFO  c.r.r.m.I.D.CanvasMainChange - DynamicCanvasElementsResize.getMultiple() 2.98046875 
2025-05-16 16:36:09 INFO  c.r.r.m.I.D.CanvasMainChange - line start x 107.82978723404256 y 257.08936170212763 end x 143.77872340425532 y 522.8936170212766
2025-05-16 16:36:09 INFO  c.r.r.m.I.D.CanvasMainChange - ellipse center x 107.82978723404256 y 257.08936170212763 
2025-05-16 16:36:09 INFO  c.r.r.m.I.D.CanvasMainChange - ellipse center x 143.77872340425532 y 522.8936170212766 
2025-05-16 16:36:09 INFO  c.r.r.m.I.i.ImageDrawWrapperHandling - Applying all drawing tools
2025-05-16 16:36:10 INFO  c.r.r.m.I.D.CanvasMainChange - DynamicCanvasElementsResize.getMultiple() 2.98046875 
2025-05-16 16:36:10 INFO  c.r.r.m.I.D.CanvasMainChange - line start x 107.82978723404256 y 257.08936170212763 end x 143.77872340425532 y 522.8936170212766
2025-05-16 16:36:10 INFO  c.r.r.m.I.D.CanvasMainChange - ellipse center x 107.82978723404256 y 257.08936170212763 
2025-05-16 16:36:10 INFO  c.r.r.m.I.D.CanvasMainChange - ellipse center x 143.77872340425532 y 522.8936170212766 
2025-05-16 16:36:10 INFO  c.r.rxviewui.controller.ExportStudy - after last redraw
2025-05-16 16:36:11 INFO  c.r.r.service.study.StudyService - multiple 2.98046875
2025-05-16 16:36:11 INFO  c.r.r.m.I.D.CanvasMainChange - DynamicCanvasElementsResize.getMultiple() 2.98046875 
2025-05-16 16:36:11 INFO  c.r.r.m.I.D.CanvasMainChange - DynamicCanvasElementsResize.getMultiple() 2.98046875 
2025-05-16 16:36:11 INFO  c.r.r.m.I.D.CanvasMainChange - line start x 709.1744680851064 y 119.2468085106383 end x 629.6510638297873 y 302.25957446808513
2025-05-16 16:36:11 INFO  c.r.r.m.I.D.CanvasMainChange - ellipse center x 709.1744680851064 y 119.2468085106383 
2025-05-16 16:36:11 INFO  c.r.r.m.I.D.CanvasMainChange - ellipse center x 629.6510638297873 y 302.25957446808513 
2025-05-16 16:36:11 INFO  c.r.r.m.I.i.ImageDrawWrapperHandling - Applying all drawing tools
2025-05-16 16:36:11 INFO  c.r.r.m.I.D.CanvasMainChange - DynamicCanvasElementsResize.getMultiple() 2.98046875 
2025-05-16 16:36:11 INFO  c.r.r.m.I.D.CanvasMainChange - line start x 709.1744680851064 y 119.2468085106383 end x 629.6510638297873 y 302.25957446808513
2025-05-16 16:36:11 INFO  c.r.r.m.I.D.CanvasMainChange - ellipse center x 709.1744680851064 y 119.2468085106383 
2025-05-16 16:36:11 INFO  c.r.r.m.I.D.CanvasMainChange - ellipse center x 629.6510638297873 y 302.25957446808513 
2025-05-16 16:36:11 INFO  c.r.rxviewui.controller.ExportStudy - after last redraw
2025-05-16 16:36:12 INFO  c.r.r.service.study.StudyService - multiple 2.98046875
2025-05-16 16:36:12 INFO  c.r.r.m.I.D.CanvasMainChange - DynamicCanvasElementsResize.getMultiple() 2.98046875 
2025-05-16 16:36:12 INFO  c.r.r.m.I.D.CanvasMainChange - DynamicCanvasElementsResize.getMultiple() 2.98046875 
2025-05-16 16:36:12 INFO  c.r.r.m.I.i.ImageDrawWrapperHandling - Applying all drawing tools
2025-05-16 16:36:12 INFO  c.r.r.m.I.D.CanvasMainChange - DynamicCanvasElementsResize.getMultiple() 2.98046875 
2025-05-16 16:36:12 INFO  c.r.rxviewui.controller.ExportStudy - after last redraw
2025-05-16 16:40:10 INFO  c.r.r.service.study.StudyService - multiple 1.0
2025-05-16 16:40:10 INFO  c.r.r.m.I.D.CanvasMainChange - DynamicCanvasElementsResize.getMultiple() 1.0 
2025-05-16 16:40:10 INFO  c.r.r.m.I.D.CanvasMainChange - DynamicCanvasElementsResize.getMultiple() 1.0 
2025-05-16 16:40:10 INFO  c.r.r.m.I.D.CanvasMainChange - DynamicCanvasElementsResize.getMultiple() 1.0 
2025-05-16 16:40:10 INFO  c.r.r.m.I.D.CanvasMainChange - line start x 107.82978723404256 y 257.08936170212763 end x 143.77872340425532 y 522.8936170212766
2025-05-16 16:40:10 INFO  c.r.r.m.I.D.CanvasMainChange - ellipse center x 107.82978723404256 y 257.08936170212763 
2025-05-16 16:40:10 INFO  c.r.r.m.I.D.CanvasMainChange - ellipse center x 143.77872340425532 y 522.8936170212766 
2025-05-16 16:40:10 INFO  c.r.r.m.I.i.ImageDrawWrapperHandling - Applying all drawing tools
2025-05-16 16:40:10 INFO  c.r.r.m.I.D.CanvasMainChange - DynamicCanvasElementsResize.getMultiple() 1.0 
2025-05-16 16:40:10 INFO  c.r.r.m.I.D.CanvasMainChange - line start x 107.82978723404256 y 257.08936170212763 end x 143.77872340425532 y 522.8936170212766
2025-05-16 16:40:10 INFO  c.r.r.m.I.D.CanvasMainChange - ellipse center x 107.82978723404256 y 257.08936170212763 
2025-05-16 16:40:10 INFO  c.r.r.m.I.D.CanvasMainChange - ellipse center x 143.77872340425532 y 522.8936170212766 
2025-05-16 16:40:16 INFO  c.r.r.m.I.D.CanvasMainChange - DynamicCanvasElementsResize.getMultiple() 1.0 
2025-05-16 16:40:16 INFO  c.r.r.m.I.D.CanvasMainChange - line start x 107.82978723404256 y 257.08936170212763 end x 143.77872340425532 y 522.8936170212766
2025-05-16 16:40:16 INFO  c.r.r.m.I.D.CanvasMainChange - ellipse center x 107.82978723404256 y 257.08936170212763 
2025-05-16 16:40:16 INFO  c.r.r.m.I.D.CanvasMainChange - ellipse center x 143.77872340425532 y 522.8936170212766 
2025-05-16 16:40:16 INFO  c.r.r.service.study.StudyService - multiple 1.0
2025-05-16 16:40:16 INFO  c.r.r.m.I.D.CanvasMainChange - DynamicCanvasElementsResize.getMultiple() 1.0 
2025-05-16 16:40:16 INFO  c.r.r.m.I.D.CanvasMainChange - DynamicCanvasElementsResize.getMultiple() 1.0 
2025-05-16 16:40:16 INFO  c.r.r.m.I.D.CanvasMainChange - DynamicCanvasElementsResize.getMultiple() 1.0 
2025-05-16 16:40:16 INFO  c.r.r.m.I.D.CanvasMainChange - line start x 709.1744680851064 y 119.2468085106383 end x 629.6510638297873 y 302.25957446808513
2025-05-16 16:40:16 INFO  c.r.r.m.I.D.CanvasMainChange - ellipse center x 709.1744680851064 y 119.2468085106383 
2025-05-16 16:40:16 INFO  c.r.r.m.I.D.CanvasMainChange - ellipse center x 629.6510638297873 y 302.25957446808513 
2025-05-16 16:40:16 INFO  c.r.r.m.I.i.ImageDrawWrapperHandling - Applying all drawing tools
2025-05-16 16:40:16 INFO  c.r.r.m.I.D.CanvasMainChange - DynamicCanvasElementsResize.getMultiple() 1.0 
2025-05-16 16:40:16 INFO  c.r.r.m.I.D.CanvasMainChange - line start x 709.1744680851064 y 119.2468085106383 end x 629.6510638297873 y 302.25957446808513
2025-05-16 16:40:16 INFO  c.r.r.m.I.D.CanvasMainChange - ellipse center x 709.1744680851064 y 119.2468085106383 
2025-05-16 16:40:16 INFO  c.r.r.m.I.D.CanvasMainChange - ellipse center x 629.6510638297873 y 302.25957446808513 
2025-05-16 16:40:17 INFO  c.r.r.service.study.StudyService - multiple 1.0
2025-05-16 16:40:17 INFO  c.r.r.m.I.D.CanvasMainChange - DynamicCanvasElementsResize.getMultiple() 1.0 
2025-05-16 16:40:17 INFO  c.r.r.m.I.D.CanvasMainChange - DynamicCanvasElementsResize.getMultiple() 1.0 
2025-05-16 16:40:17 INFO  c.r.r.m.I.D.CanvasMainChange - DynamicCanvasElementsResize.getMultiple() 1.0 
2025-05-16 16:40:17 INFO  c.r.r.m.I.D.CanvasMainChange - line start x 709.1744680851064 y 119.2468085106383 end x 629.6510638297873 y 302.25957446808513
2025-05-16 16:40:17 INFO  c.r.r.m.I.D.CanvasMainChange - ellipse center x 709.1744680851064 y 119.2468085106383 
2025-05-16 16:40:17 INFO  c.r.r.m.I.D.CanvasMainChange - ellipse center x 629.6510638297873 y 302.25957446808513 
2025-05-16 16:40:17 INFO  c.r.r.m.I.i.ImageDrawWrapperHandling - Applying all drawing tools
2025-05-16 16:40:17 INFO  c.r.r.m.I.D.CanvasMainChange - DynamicCanvasElementsResize.getMultiple() 1.0 
2025-05-16 16:40:17 INFO  c.r.r.m.I.D.CanvasMainChange - line start x 709.1744680851064 y 119.2468085106383 end x 629.6510638297873 y 302.25957446808513
2025-05-16 16:40:17 INFO  c.r.r.m.I.D.CanvasMainChange - ellipse center x 709.1744680851064 y 119.2468085106383 
2025-05-16 16:40:17 INFO  c.r.r.m.I.D.CanvasMainChange - ellipse center x 629.6510638297873 y 302.25957446808513 
2025-05-16 16:40:18 INFO  c.r.r.m.I.D.CanvasMainChange - DynamicCanvasElementsResize.getMultiple() 1.0 
2025-05-16 16:40:18 INFO  c.r.r.m.I.D.CanvasMainChange - line start x 709.1744680851064 y 119.2468085106383 end x 629.6510638297873 y 302.25957446808513
2025-05-16 16:40:18 INFO  c.r.r.m.I.D.CanvasMainChange - ellipse center x 709.1744680851064 y 119.2468085106383 
2025-05-16 16:40:18 INFO  c.r.r.m.I.D.CanvasMainChange - ellipse center x 629.6510638297873 y 302.25957446808513 
2025-05-16 16:40:18 INFO  c.r.r.service.study.StudyService - multiple 1.0
2025-05-16 16:40:18 INFO  c.r.r.m.I.D.CanvasMainChange - DynamicCanvasElementsResize.getMultiple() 1.0 
2025-05-16 16:40:18 INFO  c.r.r.m.I.D.CanvasMainChange - DynamicCanvasElementsResize.getMultiple() 1.0 
2025-05-16 16:40:18 INFO  c.r.r.m.I.D.CanvasMainChange - DynamicCanvasElementsResize.getMultiple() 1.0 
2025-05-16 16:40:18 INFO  c.r.r.m.I.i.ImageDrawWrapperHandling - Applying all drawing tools
2025-05-16 16:40:18 INFO  c.r.r.m.I.D.CanvasMainChange - DynamicCanvasElementsResize.getMultiple() 1.0 
