2025-05-16 15:57:55 INFO  c.r.rxviewui.controller.LoginPage - logged In
2025-05-16 15:57:55 INFO  c.r.r.service.login.LoginController - ip mismatched 192.168.126.140 and 192.168.12.10
2025-05-16 15:57:55 INFO  c.r.r.service.login.LoginController - IP not found
2025-05-16 15:57:55 INFO  c.r.r.service.login.LoginController - initialized
2025-05-16 15:57:58 INFO  c.r.r.service.study.StudyService - multiple 1.0
2025-05-16 15:57:58 INFO  c.r.r.m.I.i.ImageDrawWrapperHandling -  crop rect after {0, 0, 1024x838} and W * H is 838.0 1024.0
2025-05-16 15:57:59 INFO  c.r.r.service.login.LoginController - No devices found!!!
2025-05-16 15:58:09 INFO  c.r.r.m.I.D.CanvasMainChange - ellipse center x 125.87446808510639 y 257.08936170212763 
2025-05-16 15:58:09 INFO  c.r.r.m.I.D.CanvasMainChange - ellipse center x 125.87446808510639 y 257.08936170212763 
2025-05-16 15:58:09 INFO  c.r.r.m.I.D.CanvasMainChange - ellipse center x 141.12553191489363 y 468.4255319148936 
2025-05-16 15:58:09 INFO  c.r.r.m.I.D.CanvasMainChange - ellipse center x 125.87446808510639 y 257.08936170212763 
2025-05-16 15:58:09 INFO  c.r.r.m.I.D.CanvasMainChange - ellipse center x 141.12553191489363 y 468.4255319148936 
2025-05-16 15:58:09 INFO  c.r.r.m.I.D.CanvasMainChange - line start x 125.87446808510639 y 257.08936170212763 end x 141.12553191489363 y 468.4255319148936
2025-05-16 15:58:09 INFO  c.r.r.m.I.D.CanvasMainChange - ellipse center x 125.87446808510639 y 257.08936170212763 
2025-05-16 15:58:09 INFO  c.r.r.m.I.D.CanvasMainChange - ellipse center x 141.12553191489363 y 468.4255319148936 
2025-05-16 15:58:09 INFO  c.r.r.m.I.D.CanvasMainChange - line start x 125.87446808510639 y 257.08936170212763 end x 141.12553191489363 y 468.4255319148936
2025-05-16 15:58:09 INFO  c.r.r.m.I.D.CanvasMainChange - ellipse center x 125.87446808510639 y 257.08936170212763 
2025-05-16 15:58:09 INFO  c.r.r.m.I.D.CanvasMainChange - ellipse center x 141.12553191489363 y 468.4255319148936 
2025-05-16 15:58:09 INFO  c.r.r.m.I.D.CanvasMainChange - line start x 125.87446808510639 y 257.08936170212763 end x 141.12553191489363 y 468.4255319148936
2025-05-16 15:58:09 INFO  c.r.r.m.I.D.CanvasMainChange - ellipse center x 125.87446808510639 y 257.08936170212763 
2025-05-16 15:58:09 INFO  c.r.r.m.I.D.CanvasMainChange - ellipse center x 141.12553191489363 y 468.4255319148936 
2025-05-16 15:58:09 INFO  c.r.r.m.I.D.CanvasMainChange - line start x 125.87446808510639 y 257.08936170212763 end x 141.12553191489363 y 468.4255319148936
2025-05-16 15:58:09 INFO  c.r.r.m.I.D.CanvasMainChange - ellipse center x 125.87446808510639 y 257.08936170212763 
2025-05-16 15:58:09 INFO  c.r.r.m.I.D.CanvasMainChange - ellipse center x 141.12553191489363 y 468.4255319148936 
2025-05-16 15:58:11 INFO  c.r.r.m.I.D.CanvasMainChange - line start x 125.87446808510639 y 257.08936170212763 end x 141.12553191489363 y 468.4255319148936
2025-05-16 15:58:11 INFO  c.r.r.m.I.D.CanvasMainChange - ellipse center x 125.87446808510639 y 257.08936170212763 
2025-05-16 15:58:11 INFO  c.r.r.m.I.D.CanvasMainChange - ellipse center x 141.12553191489363 y 468.4255319148936 
2025-05-16 15:58:11 INFO  c.r.r.m.I.D.CanvasMainChange - line start x 125.87446808510639 y 257.08936170212763 end x 141.12553191489363 y 468.4255319148936
2025-05-16 15:58:11 INFO  c.r.r.m.I.D.CanvasMainChange - ellipse center x 125.87446808510639 y 257.08936170212763 
2025-05-16 15:58:11 INFO  c.r.r.m.I.D.CanvasMainChange - ellipse center x 141.12553191489363 y 468.4255319148936 
2025-05-16 15:58:11 INFO  c.r.r.m.I.D.CanvasMainChange - line start x 125.87446808510639 y 257.08936170212763 end x 141.12553191489363 y 468.4255319148936
2025-05-16 15:58:11 INFO  c.r.r.m.I.D.CanvasMainChange - ellipse center x 125.87446808510639 y 257.08936170212763 
2025-05-16 15:58:11 INFO  c.r.r.m.I.D.CanvasMainChange - ellipse center x 141.12553191489363 y 468.4255319148936 
2025-05-16 15:58:11 INFO  c.r.r.m.I.D.CanvasMainChange - ellipse center x 11.491489361702127 y 539.2340425531914 
2025-05-16 15:58:12 INFO  c.r.r.m.I.D.CanvasMainChange - line start x 125.87446808510639 y 257.08936170212763 end x 141.12553191489363 y 468.4255319148936
2025-05-16 15:58:12 INFO  c.r.r.m.I.D.CanvasMainChange - ellipse center x 125.87446808510639 y 257.08936170212763 
2025-05-16 15:58:12 INFO  c.r.r.m.I.D.CanvasMainChange - ellipse center x 141.12553191489363 y 468.4255319148936 
2025-05-16 15:58:12 INFO  c.r.r.m.I.D.CanvasMainChange - ellipse center x 11.491489361702127 y 539.2340425531914 
2025-05-16 15:58:12 INFO  c.r.r.m.I.D.CanvasMainChange - ellipse center x 140.03617021276597 y 764.731914893617 
2025-05-16 15:58:12 INFO  c.r.r.m.I.D.CanvasMainChange - line start x 125.87446808510639 y 257.08936170212763 end x 141.12553191489363 y 468.4255319148936
2025-05-16 15:58:12 INFO  c.r.r.m.I.D.CanvasMainChange - line start x 11.491489361702127 y 539.2340425531914 end x 140.03617021276597 y 764.731914893617
2025-05-16 15:58:12 INFO  c.r.r.m.I.D.CanvasMainChange - ellipse center x 125.87446808510639 y 257.08936170212763 
2025-05-16 15:58:12 INFO  c.r.r.m.I.D.CanvasMainChange - ellipse center x 141.12553191489363 y 468.4255319148936 
2025-05-16 15:58:12 INFO  c.r.r.m.I.D.CanvasMainChange - ellipse center x 11.491489361702127 y 539.2340425531914 
2025-05-16 15:58:12 INFO  c.r.r.m.I.D.CanvasMainChange - ellipse center x 140.03617021276597 y 764.731914893617 
2025-05-16 15:58:13 INFO  c.r.r.m.I.D.CanvasMainChange - line start x 125.87446808510639 y 257.08936170212763 end x 141.12553191489363 y 468.4255319148936
2025-05-16 15:58:13 INFO  c.r.r.m.I.D.CanvasMainChange - line start x 11.491489361702127 y 539.2340425531914 end x 140.03617021276597 y 764.731914893617
2025-05-16 15:58:13 INFO  c.r.r.m.I.D.CanvasMainChange - ellipse center x 125.87446808510639 y 257.08936170212763 
2025-05-16 15:58:13 INFO  c.r.r.m.I.D.CanvasMainChange - ellipse center x 141.12553191489363 y 468.4255319148936 
2025-05-16 15:58:13 INFO  c.r.r.m.I.D.CanvasMainChange - ellipse center x 11.491489361702127 y 539.2340425531914 
2025-05-16 15:58:13 INFO  c.r.r.m.I.D.CanvasMainChange - ellipse center x 140.03617021276597 y 764.731914893617 
2025-05-16 15:58:13 INFO  c.r.r.m.I.D.CanvasMainChange - ellipse center x 145.48297872340424 y 896.5446808510638 
2025-05-16 15:58:13 INFO  c.r.r.m.I.D.CanvasMainChange - line start x 125.87446808510639 y 257.08936170212763 end x 141.12553191489363 y 468.4255319148936
2025-05-16 15:58:13 INFO  c.r.r.m.I.D.CanvasMainChange - line start x 11.491489361702127 y 539.2340425531914 end x 140.03617021276597 y 764.731914893617
2025-05-16 15:58:13 INFO  c.r.r.m.I.D.CanvasMainChange - ellipse center x 125.87446808510639 y 257.08936170212763 
2025-05-16 15:58:13 INFO  c.r.r.m.I.D.CanvasMainChange - ellipse center x 141.12553191489363 y 468.4255319148936 
2025-05-16 15:58:13 INFO  c.r.r.m.I.D.CanvasMainChange - ellipse center x 11.491489361702127 y 539.2340425531914 
2025-05-16 15:58:13 INFO  c.r.r.m.I.D.CanvasMainChange - ellipse center x 140.03617021276597 y 764.731914893617 
2025-05-16 15:58:13 INFO  c.r.r.m.I.D.CanvasMainChange - ellipse center x 145.48297872340424 y 896.5446808510638 
2025-05-16 15:58:13 INFO  c.r.r.m.I.D.CanvasMainChange - line start x 125.87446808510639 y 257.08936170212763 end x 141.12553191489363 y 468.4255319148936
2025-05-16 15:58:13 INFO  c.r.r.m.I.D.CanvasMainChange - line start x 11.491489361702127 y 539.2340425531914 end x 140.03617021276597 y 764.731914893617
2025-05-16 15:58:13 INFO  c.r.r.m.I.D.CanvasMainChange - line start x 140.03617021276597 y 764.731914893617 end x 145.48297872340424 y 896.5446808510638
2025-05-16 15:58:13 INFO  c.r.r.m.I.D.CanvasMainChange - ellipse center x 125.87446808510639 y 257.08936170212763 
2025-05-16 15:58:13 INFO  c.r.r.m.I.D.CanvasMainChange - ellipse center x 141.12553191489363 y 468.4255319148936 
2025-05-16 15:58:13 INFO  c.r.r.m.I.D.CanvasMainChange - ellipse center x 11.491489361702127 y 539.2340425531914 
2025-05-16 15:58:13 INFO  c.r.r.m.I.D.CanvasMainChange - ellipse center x 140.03617021276597 y 764.731914893617 
2025-05-16 15:58:13 INFO  c.r.r.m.I.D.CanvasMainChange - ellipse center x 145.48297872340424 y 896.5446808510638 
2025-05-16 15:58:13 INFO  c.r.r.m.I.D.CanvasMainChange - line start x 125.87446808510639 y 257.08936170212763 end x 141.12553191489363 y 468.4255319148936
2025-05-16 15:58:13 INFO  c.r.r.m.I.D.CanvasMainChange - line start x 11.491489361702127 y 539.2340425531914 end x 140.03617021276597 y 764.731914893617
2025-05-16 15:58:13 INFO  c.r.r.m.I.D.CanvasMainChange - line start x 140.03617021276597 y 764.731914893617 end x 145.48297872340424 y 896.5446808510638
2025-05-16 15:58:13 INFO  c.r.r.m.I.D.CanvasMainChange - ellipse center x 125.87446808510639 y 257.08936170212763 
2025-05-16 15:58:13 INFO  c.r.r.m.I.D.CanvasMainChange - ellipse center x 141.12553191489363 y 468.4255319148936 
2025-05-16 15:58:13 INFO  c.r.r.m.I.D.CanvasMainChange - ellipse center x 11.491489361702127 y 539.2340425531914 
2025-05-16 15:58:13 INFO  c.r.r.m.I.D.CanvasMainChange - ellipse center x 140.03617021276597 y 764.731914893617 
2025-05-16 15:58:13 INFO  c.r.r.m.I.D.CanvasMainChange - ellipse center x 145.48297872340424 y 896.5446808510638 
2025-05-16 15:58:13 INFO  c.r.r.m.I.D.CanvasMainChange - line start x 125.87446808510639 y 257.08936170212763 end x 141.12553191489363 y 468.4255319148936
2025-05-16 15:58:13 INFO  c.r.r.m.I.D.CanvasMainChange - line start x 11.491489361702127 y 539.2340425531914 end x 140.03617021276597 y 764.731914893617
2025-05-16 15:58:13 INFO  c.r.r.m.I.D.CanvasMainChange - line start x 140.03617021276597 y 764.731914893617 end x 145.48297872340424 y 896.5446808510638
2025-05-16 15:58:13 INFO  c.r.r.m.I.D.CanvasMainChange - ellipse center x 125.87446808510639 y 257.08936170212763 
2025-05-16 15:58:13 INFO  c.r.r.m.I.D.CanvasMainChange - ellipse center x 141.12553191489363 y 468.4255319148936 
2025-05-16 15:58:13 INFO  c.r.r.m.I.D.CanvasMainChange - ellipse center x 11.491489361702127 y 539.2340425531914 
2025-05-16 15:58:13 INFO  c.r.r.m.I.D.CanvasMainChange - ellipse center x 140.03617021276597 y 764.731914893617 
2025-05-16 15:58:13 INFO  c.r.r.m.I.D.CanvasMainChange - ellipse center x 145.48297872340424 y 896.5446808510638 
2025-05-16 15:58:13 INFO  c.r.r.m.I.D.CanvasMainChange - line start x 125.87446808510639 y 257.08936170212763 end x 141.12553191489363 y 468.4255319148936
2025-05-16 15:58:13 INFO  c.r.r.m.I.D.CanvasMainChange - line start x 11.491489361702127 y 539.2340425531914 end x 140.03617021276597 y 764.731914893617
2025-05-16 15:58:13 INFO  c.r.r.m.I.D.CanvasMainChange - line start x 140.03617021276597 y 764.731914893617 end x 145.48297872340424 y 896.5446808510638
2025-05-16 15:58:13 INFO  c.r.r.m.I.D.CanvasMainChange - ellipse center x 125.87446808510639 y 257.08936170212763 
2025-05-16 15:58:13 INFO  c.r.r.m.I.D.CanvasMainChange - ellipse center x 141.12553191489363 y 468.4255319148936 
2025-05-16 15:58:13 INFO  c.r.r.m.I.D.CanvasMainChange - ellipse center x 11.491489361702127 y 539.2340425531914 
2025-05-16 15:58:13 INFO  c.r.r.m.I.D.CanvasMainChange - ellipse center x 140.03617021276597 y 764.731914893617 
2025-05-16 15:58:13 INFO  c.r.r.m.I.D.CanvasMainChange - ellipse center x 145.48297872340424 y 896.5446808510638 
2025-05-16 15:58:19 INFO  c.r.r.s.study.StudyMainController - saving for export...
2025-05-16 15:58:19 INFO  c.r.r.m.I.D.CanvasMainChange - line start x 125.87446808510639 y 257.08936170212763 end x 141.12553191489363 y 468.4255319148936
2025-05-16 15:58:19 INFO  c.r.r.m.I.D.CanvasMainChange - line start x 11.491489361702127 y 539.2340425531914 end x 140.03617021276597 y 764.731914893617
2025-05-16 15:58:19 INFO  c.r.r.m.I.D.CanvasMainChange - line start x 140.03617021276597 y 764.731914893617 end x 145.48297872340424 y 896.5446808510638
2025-05-16 15:58:19 INFO  c.r.r.m.I.D.CanvasMainChange - ellipse center x 125.87446808510639 y 257.08936170212763 
2025-05-16 15:58:19 INFO  c.r.r.m.I.D.CanvasMainChange - ellipse center x 141.12553191489363 y 468.4255319148936 
2025-05-16 15:58:19 INFO  c.r.r.m.I.D.CanvasMainChange - ellipse center x 11.491489361702127 y 539.2340425531914 
2025-05-16 15:58:19 INFO  c.r.r.m.I.D.CanvasMainChange - ellipse center x 140.03617021276597 y 764.731914893617 
2025-05-16 15:58:19 INFO  c.r.r.m.I.D.CanvasMainChange - ellipse center x 145.48297872340424 y 896.5446808510638 
2025-05-16 15:58:19 INFO  c.r.rxviewui.controller.ExportWindow - initialized
2025-05-16 15:58:19 INFO  c.r.r.service.study.StudyService - multiple 1.0
2025-05-16 15:58:19 INFO  c.r.r.m.I.i.ImageDrawWrapperHandling -  crop rect after {288, 0, 428x838} and W * H is 838.0 1024.0
2025-05-16 15:58:19 INFO  c.r.r.m.I.D.CanvasMainChange - line start x 11.491489361702127 y 539.2340425531914 end x 140.03617021276597 y 764.731914893617
2025-05-16 15:58:19 INFO  c.r.r.m.I.D.CanvasMainChange - line start x 140.03617021276597 y 764.731914893617 end x 145.48297872340424 y 896.5446808510638
2025-05-16 15:58:19 INFO  c.r.r.m.I.D.CanvasMainChange - line start x 125.87446808510639 y 257.08936170212763 end x 141.12553191489363 y 468.4255319148936
2025-05-16 15:58:19 INFO  c.r.r.m.I.D.CanvasMainChange - ellipse center x 11.491489361702127 y 539.2340425531914 
2025-05-16 15:58:19 INFO  c.r.r.m.I.D.CanvasMainChange - ellipse center x 140.03617021276597 y 764.731914893617 
2025-05-16 15:58:19 INFO  c.r.r.m.I.D.CanvasMainChange - ellipse center x 145.48297872340424 y 896.5446808510638 
2025-05-16 15:58:19 INFO  c.r.r.m.I.D.CanvasMainChange - ellipse center x 125.87446808510639 y 257.08936170212763 
2025-05-16 15:58:19 INFO  c.r.r.m.I.D.CanvasMainChange - ellipse center x 141.12553191489363 y 468.4255319148936 
2025-05-16 15:58:19 INFO  c.r.r.m.I.D.CanvasMainChange - line start x 11.491489361702127 y 539.2340425531914 end x 140.03617021276597 y 764.731914893617
2025-05-16 15:58:19 INFO  c.r.r.m.I.D.CanvasMainChange - line start x 140.03617021276597 y 764.731914893617 end x 145.48297872340424 y 896.5446808510638
2025-05-16 15:58:19 INFO  c.r.r.m.I.D.CanvasMainChange - line start x 125.87446808510639 y 257.08936170212763 end x 141.12553191489363 y 468.4255319148936
2025-05-16 15:58:19 INFO  c.r.r.m.I.D.CanvasMainChange - ellipse center x 11.491489361702127 y 539.2340425531914 
2025-05-16 15:58:19 INFO  c.r.r.m.I.D.CanvasMainChange - ellipse center x 140.03617021276597 y 764.731914893617 
2025-05-16 15:58:19 INFO  c.r.r.m.I.D.CanvasMainChange - ellipse center x 145.48297872340424 y 896.5446808510638 
2025-05-16 15:58:19 INFO  c.r.r.m.I.D.CanvasMainChange - ellipse center x 125.87446808510639 y 257.08936170212763 
2025-05-16 15:58:19 INFO  c.r.r.m.I.D.CanvasMainChange - ellipse center x 141.12553191489363 y 468.4255319148936 
2025-05-16 15:59:08 INFO  c.r.r.s.study.StudyMainController - saving for export...
2025-05-16 15:59:08 INFO  c.r.r.m.I.D.CanvasMainChange - line start x 11.491489361702127 y 539.2340425531914 end x 140.03617021276597 y 764.731914893617
2025-05-16 15:59:08 INFO  c.r.r.m.I.D.CanvasMainChange - line start x 140.03617021276597 y 764.731914893617 end x 145.48297872340424 y 896.5446808510638
2025-05-16 15:59:08 INFO  c.r.r.m.I.D.CanvasMainChange - line start x 125.87446808510639 y 257.08936170212763 end x 141.12553191489363 y 468.4255319148936
2025-05-16 15:59:08 INFO  c.r.r.m.I.D.CanvasMainChange - ellipse center x 11.491489361702127 y 539.2340425531914 
2025-05-16 15:59:08 INFO  c.r.r.m.I.D.CanvasMainChange - ellipse center x 140.03617021276597 y 764.731914893617 
2025-05-16 15:59:08 INFO  c.r.r.m.I.D.CanvasMainChange - ellipse center x 145.48297872340424 y 896.5446808510638 
2025-05-16 15:59:08 INFO  c.r.r.m.I.D.CanvasMainChange - ellipse center x 125.87446808510639 y 257.08936170212763 
2025-05-16 15:59:08 INFO  c.r.r.m.I.D.CanvasMainChange - ellipse center x 141.12553191489363 y 468.4255319148936 
2025-05-16 15:59:08 INFO  c.r.rxviewui.controller.ExportWindow - initialized
2025-05-16 15:59:08 INFO  c.r.r.service.study.StudyService - multiple 1.0
2025-05-16 15:59:08 INFO  c.r.r.m.I.i.ImageDrawWrapperHandling -  crop rect after {288, 0, 428x838} and W * H is 838.0 1024.0
2025-05-16 15:59:08 INFO  c.r.r.m.I.D.CanvasMainChange - line start x 11.491489361702127 y 539.2340425531914 end x 140.03617021276597 y 764.731914893617
2025-05-16 15:59:08 INFO  c.r.r.m.I.D.CanvasMainChange - line start x 140.03617021276597 y 764.731914893617 end x 145.48297872340424 y 896.5446808510638
2025-05-16 15:59:08 INFO  c.r.r.m.I.D.CanvasMainChange - line start x 125.87446808510639 y 257.08936170212763 end x 141.12553191489363 y 468.4255319148936
2025-05-16 15:59:08 INFO  c.r.r.m.I.D.CanvasMainChange - ellipse center x 11.491489361702127 y 539.2340425531914 
2025-05-16 15:59:08 INFO  c.r.r.m.I.D.CanvasMainChange - ellipse center x 140.03617021276597 y 764.731914893617 
2025-05-16 15:59:08 INFO  c.r.r.m.I.D.CanvasMainChange - ellipse center x 145.48297872340424 y 896.5446808510638 
2025-05-16 15:59:08 INFO  c.r.r.m.I.D.CanvasMainChange - ellipse center x 125.87446808510639 y 257.08936170212763 
2025-05-16 15:59:08 INFO  c.r.r.m.I.D.CanvasMainChange - ellipse center x 141.12553191489363 y 468.4255319148936 
2025-05-16 15:59:08 INFO  c.r.r.m.I.D.CanvasMainChange - line start x 11.491489361702127 y 539.2340425531914 end x 140.03617021276597 y 764.731914893617
2025-05-16 15:59:08 INFO  c.r.r.m.I.D.CanvasMainChange - line start x 140.03617021276597 y 764.731914893617 end x 145.48297872340424 y 896.5446808510638
2025-05-16 15:59:08 INFO  c.r.r.m.I.D.CanvasMainChange - line start x 125.87446808510639 y 257.08936170212763 end x 141.12553191489363 y 468.4255319148936
2025-05-16 15:59:08 INFO  c.r.r.m.I.D.CanvasMainChange - ellipse center x 11.491489361702127 y 539.2340425531914 
2025-05-16 15:59:08 INFO  c.r.r.m.I.D.CanvasMainChange - ellipse center x 140.03617021276597 y 764.731914893617 
2025-05-16 15:59:08 INFO  c.r.r.m.I.D.CanvasMainChange - ellipse center x 145.48297872340424 y 896.5446808510638 
2025-05-16 15:59:08 INFO  c.r.r.m.I.D.CanvasMainChange - ellipse center x 125.87446808510639 y 257.08936170212763 
2025-05-16 15:59:08 INFO  c.r.r.m.I.D.CanvasMainChange - ellipse center x 141.12553191489363 y 468.4255319148936 
2025-05-16 15:59:13 INFO  c.r.rxviewui.controller.ExportStudy - patientBodyPart.getImageMat() 3052x2500
2025-05-16 15:59:13 INFO  c.r.r.service.study.StudyService - multiple 2.98046875
2025-05-16 15:59:13 INFO  c.r.r.m.I.i.ImageDrawWrapperHandling -  crop rect after {288, 0, 428x838} and W * H is 2500.0 3052.0
2025-05-16 15:59:14 INFO  c.r.r.m.I.D.CanvasMainChange - line start x 11.491489361702127 y 539.2340425531914 end x 140.03617021276597 y 764.731914893617
2025-05-16 15:59:14 INFO  c.r.r.m.I.D.CanvasMainChange - line start x 140.03617021276597 y 764.731914893617 end x 145.48297872340424 y 896.5446808510638
2025-05-16 15:59:14 INFO  c.r.r.m.I.D.CanvasMainChange - line start x 125.87446808510639 y 257.08936170212763 end x 141.12553191489363 y 468.4255319148936
2025-05-16 15:59:14 INFO  c.r.r.m.I.D.CanvasMainChange - ellipse center x 11.491489361702127 y 539.2340425531914 
2025-05-16 15:59:14 INFO  c.r.r.m.I.D.CanvasMainChange - ellipse center x 140.03617021276597 y 764.731914893617 
2025-05-16 15:59:14 INFO  c.r.r.m.I.D.CanvasMainChange - ellipse center x 145.48297872340424 y 896.5446808510638 
2025-05-16 15:59:14 INFO  c.r.r.m.I.D.CanvasMainChange - ellipse center x 125.87446808510639 y 257.08936170212763 
2025-05-16 15:59:14 INFO  c.r.r.m.I.D.CanvasMainChange - ellipse center x 141.12553191489363 y 468.4255319148936 
2025-05-16 15:59:14 INFO  c.r.r.m.I.D.CanvasMainChange - line start x 11.491489361702127 y 539.2340425531914 end x 140.03617021276597 y 764.731914893617
2025-05-16 15:59:14 INFO  c.r.r.m.I.D.CanvasMainChange - line start x 140.03617021276597 y 764.731914893617 end x 145.48297872340424 y 896.5446808510638
2025-05-16 15:59:14 INFO  c.r.r.m.I.D.CanvasMainChange - line start x 125.87446808510639 y 257.08936170212763 end x 141.12553191489363 y 468.4255319148936
2025-05-16 15:59:14 INFO  c.r.r.m.I.D.CanvasMainChange - ellipse center x 11.491489361702127 y 539.2340425531914 
2025-05-16 15:59:14 INFO  c.r.r.m.I.D.CanvasMainChange - ellipse center x 140.03617021276597 y 764.731914893617 
2025-05-16 15:59:14 INFO  c.r.r.m.I.D.CanvasMainChange - ellipse center x 145.48297872340424 y 896.5446808510638 
2025-05-16 15:59:14 INFO  c.r.r.m.I.D.CanvasMainChange - ellipse center x 125.87446808510639 y 257.08936170212763 
2025-05-16 15:59:14 INFO  c.r.r.m.I.D.CanvasMainChange - ellipse center x 141.12553191489363 y 468.4255319148936 
2025-05-16 15:59:15 INFO  c.r.rxviewui.controller.ExportStudy - patientBodyPart.getImageMat() 3052x2500
2025-05-16 15:59:15 INFO  c.r.r.service.study.StudyService - multiple 2.98046875
2025-05-16 15:59:15 INFO  c.r.r.m.I.i.ImageDrawWrapperHandling -  crop rect after {288, 0, 428x838} and W * H is 2500.0 3052.0
2025-05-16 15:59:15 INFO  c.r.r.m.I.D.CanvasMainChange - line start x 11.491489361702127 y 539.2340425531914 end x 140.03617021276597 y 764.731914893617
2025-05-16 15:59:15 INFO  c.r.r.m.I.D.CanvasMainChange - line start x 140.03617021276597 y 764.731914893617 end x 145.48297872340424 y 896.5446808510638
2025-05-16 15:59:15 INFO  c.r.r.m.I.D.CanvasMainChange - line start x 125.87446808510639 y 257.08936170212763 end x 141.12553191489363 y 468.4255319148936
2025-05-16 15:59:15 INFO  c.r.r.m.I.D.CanvasMainChange - ellipse center x 11.491489361702127 y 539.2340425531914 
2025-05-16 15:59:15 INFO  c.r.r.m.I.D.CanvasMainChange - ellipse center x 140.03617021276597 y 764.731914893617 
2025-05-16 15:59:15 INFO  c.r.r.m.I.D.CanvasMainChange - ellipse center x 145.48297872340424 y 896.5446808510638 
2025-05-16 15:59:15 INFO  c.r.r.m.I.D.CanvasMainChange - ellipse center x 125.87446808510639 y 257.08936170212763 
2025-05-16 15:59:15 INFO  c.r.r.m.I.D.CanvasMainChange - ellipse center x 141.12553191489363 y 468.4255319148936 
2025-05-16 15:59:15 INFO  c.r.r.m.I.D.CanvasMainChange - line start x 11.491489361702127 y 539.2340425531914 end x 140.03617021276597 y 764.731914893617
2025-05-16 15:59:15 INFO  c.r.r.m.I.D.CanvasMainChange - line start x 140.03617021276597 y 764.731914893617 end x 145.48297872340424 y 896.5446808510638
2025-05-16 15:59:15 INFO  c.r.r.m.I.D.CanvasMainChange - line start x 125.87446808510639 y 257.08936170212763 end x 141.12553191489363 y 468.4255319148936
2025-05-16 15:59:15 INFO  c.r.r.m.I.D.CanvasMainChange - ellipse center x 11.491489361702127 y 539.2340425531914 
2025-05-16 15:59:15 INFO  c.r.r.m.I.D.CanvasMainChange - ellipse center x 140.03617021276597 y 764.731914893617 
2025-05-16 15:59:15 INFO  c.r.r.m.I.D.CanvasMainChange - ellipse center x 145.48297872340424 y 896.5446808510638 
2025-05-16 15:59:15 INFO  c.r.r.m.I.D.CanvasMainChange - ellipse center x 125.87446808510639 y 257.08936170212763 
2025-05-16 15:59:15 INFO  c.r.r.m.I.D.CanvasMainChange - ellipse center x 141.12553191489363 y 468.4255319148936 
