2025-05-16 15:54:16 INFO  c.r.rxviewui.controller.LoginPage - logged In
2025-05-16 15:54:16 INFO  c.r.r.service.login.LoginController - ip mismatched 192.168.126.140 and 192.168.12.10
2025-05-16 15:54:16 INFO  c.r.r.service.login.LoginController - IP not found
2025-05-16 15:54:16 INFO  c.r.r.service.login.LoginController - initialized
2025-05-16 15:54:20 INFO  c.r.r.service.login.LoginController - No devices found!!!
2025-05-16 15:54:22 INFO  c.r.r.service.study.StudyService - multiple 1.0
2025-05-16 15:54:22 INFO  c.r.r.m.I.i.ImageDrawWrapperHandling -  crop rect after {0, 0, 1024x838} and W * H is 838.0 1024.0
2025-05-16 15:54:37 INFO  c.r.r.m.I.D.CanvasMainChange - ellipse center x 162.65106382978723 y 282.1446808510638 
2025-05-16 15:54:38 INFO  c.r.r.m.I.D.CanvasMainChange - ellipse center x 162.65106382978723 y 282.1446808510638 
2025-05-16 15:54:38 INFO  c.r.r.m.I.D.CanvasMainChange - ellipse center x 186.61702127659575 y 480.40851063829786 
2025-05-16 15:54:38 INFO  c.r.r.m.I.D.CanvasMainChange - ellipse center x 162.65106382978723 y 282.1446808510638 
2025-05-16 15:54:38 INFO  c.r.r.m.I.D.CanvasMainChange - ellipse center x 186.61702127659575 y 480.40851063829786 
2025-05-16 15:54:38 INFO  c.r.r.m.I.D.CanvasMainChange - line start x 162.65106382978723 y 282.1446808510638 end x 186.61702127659575 y 480.40851063829786
2025-05-16 15:54:38 INFO  c.r.r.m.I.D.CanvasMainChange - ellipse center x 162.65106382978723 y 282.1446808510638 
2025-05-16 15:54:38 INFO  c.r.r.m.I.D.CanvasMainChange - ellipse center x 186.61702127659575 y 480.40851063829786 
2025-05-16 15:54:38 INFO  c.r.r.m.I.D.CanvasMainChange - line start x 162.65106382978723 y 282.1446808510638 end x 186.61702127659575 y 480.40851063829786
2025-05-16 15:54:38 INFO  c.r.r.m.I.D.CanvasMainChange - ellipse center x 162.65106382978723 y 282.1446808510638 
2025-05-16 15:54:38 INFO  c.r.r.m.I.D.CanvasMainChange - ellipse center x 186.61702127659575 y 480.40851063829786 
2025-05-16 15:54:38 INFO  c.r.r.m.I.D.CanvasMainChange - line start x 162.65106382978723 y 282.1446808510638 end x 186.61702127659575 y 480.40851063829786
2025-05-16 15:54:38 INFO  c.r.r.m.I.D.CanvasMainChange - ellipse center x 162.65106382978723 y 282.1446808510638 
2025-05-16 15:54:38 INFO  c.r.r.m.I.D.CanvasMainChange - ellipse center x 186.61702127659575 y 480.40851063829786 
2025-05-16 15:54:38 INFO  c.r.r.m.I.D.CanvasMainChange - line start x 162.65106382978723 y 282.1446808510638 end x 186.61702127659575 y 480.40851063829786
2025-05-16 15:54:38 INFO  c.r.r.m.I.D.CanvasMainChange - ellipse center x 162.65106382978723 y 282.1446808510638 
2025-05-16 15:54:38 INFO  c.r.r.m.I.D.CanvasMainChange - ellipse center x 186.61702127659575 y 480.40851063829786 
2025-05-16 15:54:41 INFO  c.r.r.m.I.D.CanvasMainChange - line start x 162.65106382978723 y 282.1446808510638 end x 186.61702127659575 y 480.40851063829786
2025-05-16 15:54:41 INFO  c.r.r.m.I.D.CanvasMainChange - ellipse center x 162.65106382978723 y 282.1446808510638 
2025-05-16 15:54:41 INFO  c.r.r.m.I.D.CanvasMainChange - ellipse center x 186.61702127659575 y 480.40851063829786 
2025-05-16 15:54:42 INFO  c.r.r.m.I.D.CanvasMainChange - line start x 162.65106382978723 y 282.1446808510638 end x 186.61702127659575 y 480.40851063829786
2025-05-16 15:54:42 INFO  c.r.r.m.I.D.CanvasMainChange - ellipse center x 162.65106382978723 y 282.1446808510638 
2025-05-16 15:54:42 INFO  c.r.r.m.I.D.CanvasMainChange - ellipse center x 186.61702127659575 y 480.40851063829786 
2025-05-16 15:54:42 INFO  c.r.r.m.I.D.CanvasMainChange - line start x 162.65106382978723 y 282.1446808510638 end x 186.61702127659575 y 480.40851063829786
2025-05-16 15:54:42 INFO  c.r.r.m.I.D.CanvasMainChange - ellipse center x 162.65106382978723 y 282.1446808510638 
2025-05-16 15:54:42 INFO  c.r.r.m.I.D.CanvasMainChange - ellipse center x 186.61702127659575 y 480.40851063829786 
2025-05-16 15:54:42 INFO  c.r.r.m.I.D.CanvasMainChange - ellipse center x 570.0723404255319 y 418.31489361702126 
2025-05-16 15:54:43 INFO  c.r.r.m.I.D.CanvasMainChange - line start x 162.65106382978723 y 282.1446808510638 end x 186.61702127659575 y 480.40851063829786
2025-05-16 15:54:43 INFO  c.r.r.m.I.D.CanvasMainChange - ellipse center x 162.65106382978723 y 282.1446808510638 
2025-05-16 15:54:43 INFO  c.r.r.m.I.D.CanvasMainChange - ellipse center x 186.61702127659575 y 480.40851063829786 
2025-05-16 15:54:43 INFO  c.r.r.m.I.D.CanvasMainChange - ellipse center x 570.0723404255319 y 418.31489361702126 
2025-05-16 15:54:43 INFO  c.r.r.m.I.D.CanvasMainChange - ellipse center x 485.1021276595745 y 595.8808510638298 
2025-05-16 15:54:43 INFO  c.r.r.m.I.D.CanvasMainChange - line start x 162.65106382978723 y 282.1446808510638 end x 186.61702127659575 y 480.40851063829786
2025-05-16 15:54:43 INFO  c.r.r.m.I.D.CanvasMainChange - line start x 570.0723404255319 y 418.31489361702126 end x 485.1021276595745 y 595.8808510638298
2025-05-16 15:54:43 INFO  c.r.r.m.I.D.CanvasMainChange - ellipse center x 162.65106382978723 y 282.1446808510638 
2025-05-16 15:54:43 INFO  c.r.r.m.I.D.CanvasMainChange - ellipse center x 186.61702127659575 y 480.40851063829786 
2025-05-16 15:54:43 INFO  c.r.r.m.I.D.CanvasMainChange - ellipse center x 570.0723404255319 y 418.31489361702126 
2025-05-16 15:54:43 INFO  c.r.r.m.I.D.CanvasMainChange - ellipse center x 485.1021276595745 y 595.8808510638298 
2025-05-16 15:54:44 INFO  c.r.r.m.I.D.CanvasMainChange - line start x 162.65106382978723 y 282.1446808510638 end x 186.61702127659575 y 480.40851063829786
2025-05-16 15:54:44 INFO  c.r.r.m.I.D.CanvasMainChange - line start x 570.0723404255319 y 418.31489361702126 end x 485.1021276595745 y 595.8808510638298
2025-05-16 15:54:44 INFO  c.r.r.m.I.D.CanvasMainChange - ellipse center x 162.65106382978723 y 282.1446808510638 
2025-05-16 15:54:44 INFO  c.r.r.m.I.D.CanvasMainChange - ellipse center x 186.61702127659575 y 480.40851063829786 
2025-05-16 15:54:44 INFO  c.r.r.m.I.D.CanvasMainChange - ellipse center x 570.0723404255319 y 418.31489361702126 
2025-05-16 15:54:44 INFO  c.r.r.m.I.D.CanvasMainChange - ellipse center x 485.1021276595745 y 595.8808510638298 
2025-05-16 15:54:44 INFO  c.r.r.m.I.D.CanvasMainChange - ellipse center x 437.17021276595744 y 806.1276595744681 
2025-05-16 15:54:44 INFO  c.r.r.m.I.D.CanvasMainChange - line start x 162.65106382978723 y 282.1446808510638 end x 186.61702127659575 y 480.40851063829786
2025-05-16 15:54:44 INFO  c.r.r.m.I.D.CanvasMainChange - line start x 570.0723404255319 y 418.31489361702126 end x 485.1021276595745 y 595.8808510638298
2025-05-16 15:54:44 INFO  c.r.r.m.I.D.CanvasMainChange - ellipse center x 162.65106382978723 y 282.1446808510638 
2025-05-16 15:54:44 INFO  c.r.r.m.I.D.CanvasMainChange - ellipse center x 186.61702127659575 y 480.40851063829786 
2025-05-16 15:54:44 INFO  c.r.r.m.I.D.CanvasMainChange - ellipse center x 570.0723404255319 y 418.31489361702126 
2025-05-16 15:54:44 INFO  c.r.r.m.I.D.CanvasMainChange - ellipse center x 485.1021276595745 y 595.8808510638298 
2025-05-16 15:54:44 INFO  c.r.r.m.I.D.CanvasMainChange - ellipse center x 437.17021276595744 y 806.1276595744681 
2025-05-16 15:54:44 INFO  c.r.r.m.I.D.CanvasMainChange - line start x 162.65106382978723 y 282.1446808510638 end x 186.61702127659575 y 480.40851063829786
2025-05-16 15:54:44 INFO  c.r.r.m.I.D.CanvasMainChange - line start x 570.0723404255319 y 418.31489361702126 end x 485.1021276595745 y 595.8808510638298
2025-05-16 15:54:44 INFO  c.r.r.m.I.D.CanvasMainChange - line start x 485.1021276595745 y 595.8808510638298 end x 437.17021276595744 y 806.1276595744681
2025-05-16 15:54:44 INFO  c.r.r.m.I.D.CanvasMainChange - ellipse center x 162.65106382978723 y 282.1446808510638 
2025-05-16 15:54:44 INFO  c.r.r.m.I.D.CanvasMainChange - ellipse center x 186.61702127659575 y 480.40851063829786 
2025-05-16 15:54:44 INFO  c.r.r.m.I.D.CanvasMainChange - ellipse center x 570.0723404255319 y 418.31489361702126 
2025-05-16 15:54:44 INFO  c.r.r.m.I.D.CanvasMainChange - ellipse center x 485.1021276595745 y 595.8808510638298 
2025-05-16 15:54:44 INFO  c.r.r.m.I.D.CanvasMainChange - ellipse center x 437.17021276595744 y 806.1276595744681 
2025-05-16 15:54:44 INFO  c.r.r.m.I.D.CanvasMainChange - line start x 162.65106382978723 y 282.1446808510638 end x 186.61702127659575 y 480.40851063829786
2025-05-16 15:54:44 INFO  c.r.r.m.I.D.CanvasMainChange - line start x 570.0723404255319 y 418.31489361702126 end x 485.1021276595745 y 595.8808510638298
2025-05-16 15:54:44 INFO  c.r.r.m.I.D.CanvasMainChange - line start x 485.1021276595745 y 595.8808510638298 end x 437.17021276595744 y 806.1276595744681
2025-05-16 15:54:44 INFO  c.r.r.m.I.D.CanvasMainChange - ellipse center x 162.65106382978723 y 282.1446808510638 
2025-05-16 15:54:44 INFO  c.r.r.m.I.D.CanvasMainChange - ellipse center x 186.61702127659575 y 480.40851063829786 
2025-05-16 15:54:44 INFO  c.r.r.m.I.D.CanvasMainChange - ellipse center x 570.0723404255319 y 418.31489361702126 
2025-05-16 15:54:44 INFO  c.r.r.m.I.D.CanvasMainChange - ellipse center x 485.1021276595745 y 595.8808510638298 
2025-05-16 15:54:44 INFO  c.r.r.m.I.D.CanvasMainChange - ellipse center x 437.17021276595744 y 806.1276595744681 
2025-05-16 15:54:44 INFO  c.r.r.m.I.D.CanvasMainChange - line start x 162.65106382978723 y 282.1446808510638 end x 186.61702127659575 y 480.40851063829786
2025-05-16 15:54:44 INFO  c.r.r.m.I.D.CanvasMainChange - line start x 570.0723404255319 y 418.31489361702126 end x 485.1021276595745 y 595.8808510638298
2025-05-16 15:54:44 INFO  c.r.r.m.I.D.CanvasMainChange - line start x 485.1021276595745 y 595.8808510638298 end x 437.17021276595744 y 806.1276595744681
2025-05-16 15:54:44 INFO  c.r.r.m.I.D.CanvasMainChange - ellipse center x 162.65106382978723 y 282.1446808510638 
2025-05-16 15:54:44 INFO  c.r.r.m.I.D.CanvasMainChange - ellipse center x 186.61702127659575 y 480.40851063829786 
2025-05-16 15:54:44 INFO  c.r.r.m.I.D.CanvasMainChange - ellipse center x 570.0723404255319 y 418.31489361702126 
2025-05-16 15:54:44 INFO  c.r.r.m.I.D.CanvasMainChange - ellipse center x 485.1021276595745 y 595.8808510638298 
2025-05-16 15:54:44 INFO  c.r.r.m.I.D.CanvasMainChange - ellipse center x 437.17021276595744 y 806.1276595744681 
2025-05-16 15:54:44 INFO  c.r.r.m.I.D.CanvasMainChange - line start x 162.65106382978723 y 282.1446808510638 end x 186.61702127659575 y 480.40851063829786
2025-05-16 15:54:44 INFO  c.r.r.m.I.D.CanvasMainChange - line start x 570.0723404255319 y 418.31489361702126 end x 485.1021276595745 y 595.8808510638298
2025-05-16 15:54:44 INFO  c.r.r.m.I.D.CanvasMainChange - line start x 485.1021276595745 y 595.8808510638298 end x 437.17021276595744 y 806.1276595744681
2025-05-16 15:54:44 INFO  c.r.r.m.I.D.CanvasMainChange - ellipse center x 162.65106382978723 y 282.1446808510638 
2025-05-16 15:54:44 INFO  c.r.r.m.I.D.CanvasMainChange - ellipse center x 186.61702127659575 y 480.40851063829786 
2025-05-16 15:54:44 INFO  c.r.r.m.I.D.CanvasMainChange - ellipse center x 570.0723404255319 y 418.31489361702126 
2025-05-16 15:54:44 INFO  c.r.r.m.I.D.CanvasMainChange - ellipse center x 485.1021276595745 y 595.8808510638298 
2025-05-16 15:54:44 INFO  c.r.r.m.I.D.CanvasMainChange - ellipse center x 437.17021276595744 y 806.1276595744681 
2025-05-16 15:54:49 INFO  c.r.r.s.study.StudyMainController - saving for export...
2025-05-16 15:54:49 INFO  c.r.r.m.I.D.CanvasMainChange - line start x 162.65106382978723 y 282.1446808510638 end x 186.61702127659575 y 480.40851063829786
2025-05-16 15:54:49 INFO  c.r.r.m.I.D.CanvasMainChange - line start x 570.0723404255319 y 418.31489361702126 end x 485.1021276595745 y 595.8808510638298
2025-05-16 15:54:49 INFO  c.r.r.m.I.D.CanvasMainChange - line start x 485.1021276595745 y 595.8808510638298 end x 437.17021276595744 y 806.1276595744681
2025-05-16 15:54:49 INFO  c.r.r.m.I.D.CanvasMainChange - ellipse center x 162.65106382978723 y 282.1446808510638 
2025-05-16 15:54:49 INFO  c.r.r.m.I.D.CanvasMainChange - ellipse center x 186.61702127659575 y 480.40851063829786 
2025-05-16 15:54:49 INFO  c.r.r.m.I.D.CanvasMainChange - ellipse center x 570.0723404255319 y 418.31489361702126 
2025-05-16 15:54:49 INFO  c.r.r.m.I.D.CanvasMainChange - ellipse center x 485.1021276595745 y 595.8808510638298 
2025-05-16 15:54:49 INFO  c.r.r.m.I.D.CanvasMainChange - ellipse center x 437.17021276595744 y 806.1276595744681 
2025-05-16 15:54:49 INFO  c.r.rxviewui.controller.ExportWindow - initialized
2025-05-16 15:54:49 INFO  c.r.r.service.study.StudyService - multiple 1.0
2025-05-16 15:54:49 INFO  c.r.r.m.I.i.ImageDrawWrapperHandling -  crop rect after {259, 0, 492x838} and W * H is 838.0 1024.0
2025-05-16 15:54:49 INFO  c.r.r.m.I.D.CanvasMainChange - line start x 570.0723404255319 y 418.31489361702126 end x 485.1021276595745 y 595.8808510638298
2025-05-16 15:54:49 INFO  c.r.r.m.I.D.CanvasMainChange - line start x 485.1021276595745 y 595.8808510638298 end x 437.17021276595744 y 806.1276595744681
2025-05-16 15:54:49 INFO  c.r.r.m.I.D.CanvasMainChange - line start x 162.65106382978723 y 282.1446808510638 end x 186.61702127659575 y 480.40851063829786
2025-05-16 15:54:49 INFO  c.r.r.m.I.D.CanvasMainChange - ellipse center x 570.0723404255319 y 418.31489361702126 
2025-05-16 15:54:49 INFO  c.r.r.m.I.D.CanvasMainChange - ellipse center x 485.1021276595745 y 595.8808510638298 
2025-05-16 15:54:49 INFO  c.r.r.m.I.D.CanvasMainChange - ellipse center x 437.17021276595744 y 806.1276595744681 
2025-05-16 15:54:49 INFO  c.r.r.m.I.D.CanvasMainChange - ellipse center x 162.65106382978723 y 282.1446808510638 
2025-05-16 15:54:49 INFO  c.r.r.m.I.D.CanvasMainChange - ellipse center x 186.61702127659575 y 480.40851063829786 
2025-05-16 15:54:49 INFO  c.r.r.m.I.D.CanvasMainChange - line start x 570.0723404255319 y 418.31489361702126 end x 485.1021276595745 y 595.8808510638298
2025-05-16 15:54:49 INFO  c.r.r.m.I.D.CanvasMainChange - line start x 485.1021276595745 y 595.8808510638298 end x 437.17021276595744 y 806.1276595744681
2025-05-16 15:54:49 INFO  c.r.r.m.I.D.CanvasMainChange - line start x 162.65106382978723 y 282.1446808510638 end x 186.61702127659575 y 480.40851063829786
2025-05-16 15:54:49 INFO  c.r.r.m.I.D.CanvasMainChange - ellipse center x 570.0723404255319 y 418.31489361702126 
2025-05-16 15:54:49 INFO  c.r.r.m.I.D.CanvasMainChange - ellipse center x 485.1021276595745 y 595.8808510638298 
2025-05-16 15:54:49 INFO  c.r.r.m.I.D.CanvasMainChange - ellipse center x 437.17021276595744 y 806.1276595744681 
2025-05-16 15:54:49 INFO  c.r.r.m.I.D.CanvasMainChange - ellipse center x 162.65106382978723 y 282.1446808510638 
2025-05-16 15:54:49 INFO  c.r.r.m.I.D.CanvasMainChange - ellipse center x 186.61702127659575 y 480.40851063829786 
2025-05-16 15:55:08 INFO  c.r.rxviewui.controller.ExportStudy - patientBodyPart.getImageMat() 3052x2500
2025-05-16 15:55:08 INFO  c.r.r.service.study.StudyService - multiple 2.98046875
2025-05-16 15:55:08 INFO  c.r.r.m.I.i.ImageDrawWrapperHandling -  crop rect after {259, 0, 492x838} and W * H is 2500.0 3052.0
2025-05-16 15:55:08 INFO  c.r.r.m.I.D.CanvasMainChange - line start x 570.0723404255319 y 418.31489361702126 end x 485.1021276595745 y 595.8808510638298
2025-05-16 15:55:08 INFO  c.r.r.m.I.D.CanvasMainChange - line start x 485.1021276595745 y 595.8808510638298 end x 437.17021276595744 y 806.1276595744681
2025-05-16 15:55:08 INFO  c.r.r.m.I.D.CanvasMainChange - line start x 162.65106382978723 y 282.1446808510638 end x 186.61702127659575 y 480.40851063829786
2025-05-16 15:55:08 INFO  c.r.r.m.I.D.CanvasMainChange - ellipse center x 570.0723404255319 y 418.31489361702126 
2025-05-16 15:55:08 INFO  c.r.r.m.I.D.CanvasMainChange - ellipse center x 485.1021276595745 y 595.8808510638298 
2025-05-16 15:55:08 INFO  c.r.r.m.I.D.CanvasMainChange - ellipse center x 437.17021276595744 y 806.1276595744681 
2025-05-16 15:55:08 INFO  c.r.r.m.I.D.CanvasMainChange - ellipse center x 162.65106382978723 y 282.1446808510638 
2025-05-16 15:55:08 INFO  c.r.r.m.I.D.CanvasMainChange - ellipse center x 186.61702127659575 y 480.40851063829786 
2025-05-16 15:55:08 INFO  c.r.r.m.I.D.CanvasMainChange - line start x 570.0723404255319 y 418.31489361702126 end x 485.1021276595745 y 595.8808510638298
2025-05-16 15:55:08 INFO  c.r.r.m.I.D.CanvasMainChange - line start x 485.1021276595745 y 595.8808510638298 end x 437.17021276595744 y 806.1276595744681
2025-05-16 15:55:08 INFO  c.r.r.m.I.D.CanvasMainChange - line start x 162.65106382978723 y 282.1446808510638 end x 186.61702127659575 y 480.40851063829786
2025-05-16 15:55:08 INFO  c.r.r.m.I.D.CanvasMainChange - ellipse center x 570.0723404255319 y 418.31489361702126 
2025-05-16 15:55:08 INFO  c.r.r.m.I.D.CanvasMainChange - ellipse center x 485.1021276595745 y 595.8808510638298 
2025-05-16 15:55:08 INFO  c.r.r.m.I.D.CanvasMainChange - ellipse center x 437.17021276595744 y 806.1276595744681 
2025-05-16 15:55:08 INFO  c.r.r.m.I.D.CanvasMainChange - ellipse center x 162.65106382978723 y 282.1446808510638 
2025-05-16 15:55:08 INFO  c.r.r.m.I.D.CanvasMainChange - ellipse center x 186.61702127659575 y 480.40851063829786 
2025-05-16 15:55:58 INFO  c.r.r.service.study.StudyService - multiple 1.0
2025-05-16 15:55:58 INFO  c.r.r.m.I.i.ImageDrawWrapperHandling -  crop rect after {259, 0, 492x838} and W * H is 838.0 1024.0
2025-05-16 15:55:58 INFO  c.r.r.m.I.D.CanvasMainChange - line start x 570.0723404255319 y 418.31489361702126 end x 485.1021276595745 y 595.8808510638298
2025-05-16 15:55:58 INFO  c.r.r.m.I.D.CanvasMainChange - line start x 485.1021276595745 y 595.8808510638298 end x 437.17021276595744 y 806.1276595744681
2025-05-16 15:55:58 INFO  c.r.r.m.I.D.CanvasMainChange - line start x 162.65106382978723 y 282.1446808510638 end x 186.61702127659575 y 480.40851063829786
2025-05-16 15:55:58 INFO  c.r.r.m.I.D.CanvasMainChange - ellipse center x 570.0723404255319 y 418.31489361702126 
2025-05-16 15:55:58 INFO  c.r.r.m.I.D.CanvasMainChange - ellipse center x 485.1021276595745 y 595.8808510638298 
2025-05-16 15:55:58 INFO  c.r.r.m.I.D.CanvasMainChange - ellipse center x 437.17021276595744 y 806.1276595744681 
2025-05-16 15:55:58 INFO  c.r.r.m.I.D.CanvasMainChange - ellipse center x 162.65106382978723 y 282.1446808510638 
2025-05-16 15:55:58 INFO  c.r.r.m.I.D.CanvasMainChange - ellipse center x 186.61702127659575 y 480.40851063829786 
2025-05-16 15:55:58 INFO  c.r.r.m.I.D.CanvasMainChange - line start x 570.0723404255319 y 418.31489361702126 end x 485.1021276595745 y 595.8808510638298
2025-05-16 15:55:58 INFO  c.r.r.m.I.D.CanvasMainChange - line start x 485.1021276595745 y 595.8808510638298 end x 437.17021276595744 y 806.1276595744681
2025-05-16 15:55:58 INFO  c.r.r.m.I.D.CanvasMainChange - line start x 162.65106382978723 y 282.1446808510638 end x 186.61702127659575 y 480.40851063829786
2025-05-16 15:55:58 INFO  c.r.r.m.I.D.CanvasMainChange - ellipse center x 570.0723404255319 y 418.31489361702126 
2025-05-16 15:55:58 INFO  c.r.r.m.I.D.CanvasMainChange - ellipse center x 485.1021276595745 y 595.8808510638298 
2025-05-16 15:55:58 INFO  c.r.r.m.I.D.CanvasMainChange - ellipse center x 437.17021276595744 y 806.1276595744681 
2025-05-16 15:55:58 INFO  c.r.r.m.I.D.CanvasMainChange - ellipse center x 162.65106382978723 y 282.1446808510638 
2025-05-16 15:55:58 INFO  c.r.r.m.I.D.CanvasMainChange - ellipse center x 186.61702127659575 y 480.40851063829786 
2025-05-16 15:56:31 INFO  c.r.r.m.I.D.CanvasMainChange - line start x 570.0723404255319 y 418.31489361702126 end x 485.1021276595745 y 595.8808510638298
2025-05-16 15:56:31 INFO  c.r.r.m.I.D.CanvasMainChange - line start x 485.1021276595745 y 595.8808510638298 end x 437.17021276595744 y 806.1276595744681
2025-05-16 15:56:31 INFO  c.r.r.m.I.D.CanvasMainChange - line start x 162.65106382978723 y 282.1446808510638 end x 186.61702127659575 y 480.40851063829786
2025-05-16 15:56:31 INFO  c.r.r.m.I.D.CanvasMainChange - ellipse center x 570.0723404255319 y 418.31489361702126 
2025-05-16 15:56:31 INFO  c.r.r.m.I.D.CanvasMainChange - ellipse center x 485.1021276595745 y 595.8808510638298 
2025-05-16 15:56:31 INFO  c.r.r.m.I.D.CanvasMainChange - ellipse center x 437.17021276595744 y 806.1276595744681 
2025-05-16 15:56:31 INFO  c.r.r.m.I.D.CanvasMainChange - ellipse center x 162.65106382978723 y 282.1446808510638 
2025-05-16 15:56:31 INFO  c.r.r.m.I.D.CanvasMainChange - ellipse center x 186.61702127659575 y 480.40851063829786 
