2025-05-16 15:48:51 INFO  c.r.rxviewui.controller.LoginPage - logged In
2025-05-16 15:48:51 INFO  c.r.r.service.login.LoginController - ip mismatched 192.168.126.140 and 192.168.12.10
2025-05-16 15:48:51 INFO  c.r.r.service.login.LoginController - IP not found
2025-05-16 15:48:51 INFO  c.r.r.service.login.LoginController - initialized
2025-05-16 15:48:55 INFO  c.r.r.service.login.LoginController - No devices found!!!
2025-05-16 15:48:56 INFO  c.r.r.service.study.StudyService - multiple 1.0
2025-05-16 15:48:56 INFO  c.r.r.m.I.i.ImageDrawWrapperHandling -  crop rect after {0, 0, 1024x838} and W * H is 838.0 1024.0
2025-05-16 15:49:13 INFO  c.r.r.service.study.StudyService - Image received
2025-05-16 15:49:14 INFO  c.r.r.service.study.StudyService - Mat is not empty
2025-05-16 15:49:14 INFO  c.r.r.service.study.StudyService - multiple 1.0
2025-05-16 15:49:14 INFO  c.r.r.service.study.StudyService - multiple 1.0
2025-05-16 15:49:14 INFO  c.r.r.m.I.i.ImageDrawWrapperHandling -  crop rect after {0, 0, 1024x838} and W * H is 838.0 1024.0
2025-05-16 15:49:14 INFO  c.r.r.m.I.D.MainDrawTool - ImagingParams is null
2025-05-16 15:49:33 INFO  c.r.r.s.study.StudyMainController - saving for export...
2025-05-16 15:49:33 INFO  c.r.rxviewui.controller.ExportWindow - initialized
2025-05-16 15:49:33 INFO  c.r.r.service.study.StudyService - multiple 1.0
2025-05-16 15:49:33 INFO  c.r.r.m.I.i.ImageDrawWrapperHandling -  crop rect after {0, 173, 1024x373} and W * H is 838.0 1024.0
2025-05-16 15:49:35 INFO  c.r.rxviewui.controller.ExportStudy - patientBodyPart.getImageMat() 3052x2500
2025-05-16 15:49:35 INFO  c.r.r.service.study.StudyService - multiple 2.98046875
2025-05-16 15:49:35 INFO  c.r.r.m.I.i.ImageDrawWrapperHandling -  crop rect after {262, 0, 454x838} and W * H is 2500.0 3052.0
2025-05-16 15:49:36 INFO  c.r.rxviewui.controller.ExportStudy - patientBodyPart.getImageMat() 3052x2500
2025-05-16 15:49:36 INFO  c.r.r.service.study.StudyService - multiple 2.98046875
2025-05-16 15:49:36 INFO  c.r.r.m.I.i.ImageDrawWrapperHandling -  crop rect after {0, 173, 1024x373} and W * H is 2500.0 3052.0
2025-05-16 15:50:00 INFO  c.r.r.service.study.StudyService - multiple 1.0
2025-05-16 15:50:00 INFO  c.r.r.m.I.i.ImageDrawWrapperHandling -  crop rect after {0, 173, 1024x373} and W * H is 838.0 1024.0
2025-05-16 15:50:01 INFO  c.r.r.service.study.StudyService - multiple 1.0
2025-05-16 15:50:01 INFO  c.r.r.m.I.i.ImageDrawWrapperHandling -  crop rect after {262, 0, 454x838} and W * H is 838.0 1024.0
2025-05-16 15:50:26 INFO  c.r.r.service.study.StudyService - multiple 1.0
2025-05-16 15:50:26 INFO  c.r.r.m.I.i.ImageDrawWrapperHandling -  crop rect after {0, 173, 1024x373} and W * H is 838.0 1024.0
