2025-07-10 16:41:41 INFO  com.raymedis.rxviewui.controller.LoginPage - logged In
2025-07-10 16:41:41 INFO  com.raymedis.rxviewui.service.login.LoginController - 192.168.12.10
2025-07-10 16:41:41 INFO  com.raymedis.rxviewui.service.login.LoginController - No Wi-Fi interface found or no IPv4 address assigned.
2025-07-10 16:41:46 INFO  com.raymedis.serialPortCommunication.rxview_consolecom_old.RxPanelInitializationOld - Available COM ports:
2025-07-10 16:41:46 INFO  com.raymedis.serialPortCommunication.rxview_consolecom_old.RxPanelInitializationOld - - COM6: USB-SERIAL CH340 (COM6)
2025-07-10 16:41:46 INFO  com.raymedis.serialPortCommunication.rxview_consolecom_old.RxPanelInitializationOld - - COM5: USB-SERIAL CH340 (COM5)
2025-07-10 16:41:46 INFO  com.raymedis.serialPortCommunication.rxview_consolecom_old.RxPanelInitializationOld - Available COM ports:
2025-07-10 16:41:46 INFO  com.raymedis.serialPortCommunication.rxview_consolecom_old.RxPanelInitializationOld - - COM6: USB-SERIAL CH340 (COM6)
2025-07-10 16:41:46 INFO  com.raymedis.serialPortCommunication.rxview_consolecom_old.RxPanelInitializationOld - - COM5: USB-SERIAL CH340 (COM5)
2025-07-10 16:41:46 INFO  com.raymedis.serialPortCommunication.rxview_consolecom_old.RxPanelInitializationOld - Connected to RX panel.
2025-07-10 16:41:46 INFO  com.raymedis.serialPortCommunication.rxview_consolecom_old.ReceiveCommandRxOld - requested interlocks, attempt 1
2025-07-10 16:41:48 INFO  com.raymedis.serialPortCommunication.rxview_consolecom_old.ReceiveCommandRxOld - Read bytes: [119, 1, 1, 1, 1, 1, 0]
2025-07-10 16:41:48 INFO  com.raymedis.serialPortCommunication.rxview_consolecom_old.ReceiveCommandRxOld - Interlock count: 5
2025-07-10 16:41:48 INFO  com.raymedis.serialPortCommunication.rxview_consolecom_old.ReceiveCommandRxOld - Interlock count: 4
2025-07-10 16:41:48 INFO  com.raymedis.serialPortCommunication.rxview_consolecom_old.ReceiveCommandRxOld - Interlock count: 3
2025-07-10 16:41:48 INFO  com.raymedis.serialPortCommunication.rxview_consolecom_old.ReceiveCommandRxOld - Interlock count: 2
2025-07-10 16:41:48 INFO  com.raymedis.serialPortCommunication.rxview_consolecom_old.ReceiveCommandRxOld - Interlock count: 1
2025-07-10 16:41:48 INFO  com.raymedis.serialPortCommunication.rxview_consolecom_old.ReceiveCommandRxOld - Interlock count: 0
2025-07-10 16:41:48 INFO  com.raymedis.serialPortCommunication.rxview_consolecom_old.ReceiveCommandRxOld - Interlock: 
2025-07-10 16:41:48 INFO  com.raymedis.serialPortCommunication.rxview_consolecom_old.ReceiveCommandRxOld - all faults: true true true true true true
2025-07-10 16:41:48 INFO  com.raymedis.serialPortCommunication.rxview_consolecom_old.ReceiveCommandRxOld - Detected Faults:
2025-07-10 16:41:48 INFO  com.raymedis.serialPortCommunication.rxview_consolecom_old.ReceiveCommandRxOld - Overvoltage: false
2025-07-10 16:41:48 INFO  com.raymedis.serialPortCommunication.rxview_consolecom_old.ReceiveCommandRxOld - Filament: false
2025-07-10 16:41:48 INFO  com.raymedis.serialPortCommunication.rxview_consolecom_old.ReceiveCommandRxOld - Thermal: false
2025-07-10 16:41:48 INFO  com.raymedis.serialPortCommunication.rxview_consolecom_old.ReceiveCommandRxOld - Rotor: false
2025-07-10 16:41:48 INFO  com.raymedis.serialPortCommunication.rxview_consolecom_old.ReceiveCommandRxOld - Overcurrent: false
2025-07-10 16:41:48 INFO  com.raymedis.serialPortCommunication.rxview_consolecom_old.ReceiveCommandRxOld - GOS: false
2025-07-10 16:41:48 INFO  com.raymedis.serialPortCommunication.rxview_consolecom_old.RxPanelInitializationOld - Interlocks retrieved successfully.
2025-07-10 16:41:48 INFO  com.raymedis.serialPortCommunication.rxview_consolecom_old.RxPanelInitializationOld - Calling X-ray mode set.
2025-07-10 16:41:48 INFO  com.raymedis.rxviewui.service.study.StudyMainController - done
2025-07-10 16:41:50 INFO  com.raymedis.serialPortCommunication.rxview_consolecom_old.ReceiveCommandRxOld - Read bytes: [97]
2025-07-10 16:41:50 INFO  com.raymedis.serialPortCommunication.rxview_consolecom_old.ReceiveCommandRxOld - Received DO_NOTHING command.
2025-07-10 16:41:50 INFO  com.raymedis.serialPortCommunication.rxview_consolecom_old.ReceiveCommandRxOld - Received DO_NOTHING command commandExecuteAsync.
2025-07-10 16:41:50 INFO  com.raymedis.rxviewui.modules.serialPortCom.SerialPortCommunicationService - Received response: DO_NOTHING
2025-07-10 16:41:50 INFO  com.raymedis.rxviewui.modules.serialPortCom.SerialPortCommunicationService - Received response: DO_NOTHING
2025-07-10 16:41:50 INFO  com.raymedis.rxviewui.service.study.StudyMainController - Console is ON
2025-07-10 16:41:50 INFO  com.raymedis.rxviewui.service.study.StudyMainController - Setting console values for body part: Chest
2025-07-10 16:41:50 INFO  com.raymedis.rxviewui.modules.serialPortCom.SerialPortManager - Setting Xray Console - kv: 70.0, ma: 80, mas: 4.0
2025-07-10 16:41:50 INFO  com.raymedis.rxviewui.modules.serialPortCom.SerialPortManager - setMa kv1: 70.0, ma1: 80.0
2025-07-10 16:41:50 INFO  com.raymedis.rxviewui.modules.serialPortCom.SerialPortManager - x: 175
2025-07-10 16:41:50 INFO  com.raymedis.rxviewui.modules.serialPortCom.SerialPortManager - Current Sent: 80.0
2025-07-10 16:41:50 INFO  com.raymedis.rxviewui.modules.serialPortCom.SerialPortManager - Calibration Val: 8.32
2025-07-10 16:41:50 INFO  com.raymedis.rxviewui.modules.serialPortCom.SerialPortManager - Calibration Val: 8.49
2025-07-10 16:41:50 INFO  com.raymedis.rxviewui.modules.serialPortCom.SerialPortManager - Calibration Val: 8.29
2025-07-10 16:41:50 INFO  com.raymedis.rxviewui.modules.serialPortCom.SerialPortManager - Calibration Val: 8.49
2025-07-10 16:41:50 INFO  com.raymedis.rxviewui.modules.serialPortCom.SerialPortManager - filamentCurrent: 8.32
2025-07-10 16:41:50 INFO  com.raymedis.rxviewui.modules.serialPortCom.SerialPortManager - KV Sent : 70.0
2025-07-10 16:41:50 INFO  com.raymedis.rxviewui.modules.serialPortCom.SerialPortManager - Calibration Val: 8.32
2025-07-10 16:41:50 INFO  com.raymedis.rxviewui.modules.serialPortCom.SerialPortManager - Calibration Val: 8.49
2025-07-10 16:41:50 INFO  com.raymedis.rxviewui.modules.serialPortCom.SerialPortManager - Calibration Val: 8.29
2025-07-10 16:41:50 INFO  com.raymedis.rxviewui.modules.serialPortCom.SerialPortManager - Calibration Val: 8.49
2025-07-10 16:41:50 INFO  com.raymedis.rxviewui.modules.serialPortCom.SerialPortManager - In short sending KV: 208
2025-07-10 16:41:50 INFO  com.raymedis.rxviewui.modules.serialPortCom.SerialPortManager - In byte sending KV: -48
2025-07-10 16:41:50 INFO  com.raymedis.rxviewui.modules.serialPortCom.SerialPortManager - setExposureTime 0.05
2025-07-10 16:41:50 INFO  com.raymedis.rxviewui.modules.serialPortCom.SerialPortManager - Exposure Time Sent - 50
2025-07-10 16:41:50 INFO  com.raymedis.serialPortCommunication.rxview_consolecom_old.TriggerCommandRxOld - Setting KV to: -48
2025-07-10 16:41:50 INFO  com.raymedis.serialPortCommunication.rxview_consolecom_old.TriggerCommandRxOld - Setting Exposure Time to: 50 0 and G
2025-07-10 16:41:52 INFO  com.raymedis.rxviewui.service.study.StudyMainController - DecKv KV: 70.0, MA: 80.0
2025-07-10 16:41:52 INFO  com.raymedis.rxviewui.modules.serialPortCom.SerialPortManager - decKv currentKv: 70.0, currentMa: 80.0
2025-07-10 16:41:52 INFO  com.raymedis.rxviewui.modules.serialPortCom.SerialPortManager - In mA 250
2025-07-10 16:41:52 INFO  com.raymedis.rxviewui.modules.serialPortCom.SerialPortManager - setMa kv1: 69.0, ma1: 80.0
2025-07-10 16:41:52 INFO  com.raymedis.rxviewui.modules.serialPortCom.SerialPortManager - x: 173
2025-07-10 16:41:52 INFO  com.raymedis.rxviewui.modules.serialPortCom.SerialPortManager - Current Sent: 80.0
2025-07-10 16:41:52 INFO  com.raymedis.rxviewui.modules.serialPortCom.SerialPortManager - Calibration Val: 8.35
2025-07-10 16:41:52 INFO  com.raymedis.rxviewui.modules.serialPortCom.SerialPortManager - Calibration Val: 8.52
2025-07-10 16:41:52 INFO  com.raymedis.rxviewui.modules.serialPortCom.SerialPortManager - Calibration Val: 8.32
2025-07-10 16:41:52 INFO  com.raymedis.rxviewui.modules.serialPortCom.SerialPortManager - Calibration Val: 8.49
2025-07-10 16:41:52 INFO  com.raymedis.rxviewui.modules.serialPortCom.SerialPortManager - filamentCurrent: 8.323
2025-07-10 16:41:52 INFO  com.raymedis.rxviewui.modules.serialPortCom.SerialPortManager - KV Sent : 69.0
2025-07-10 16:41:52 INFO  com.raymedis.rxviewui.modules.serialPortCom.SerialPortManager - Calibration Val: 8.35
2025-07-10 16:41:52 INFO  com.raymedis.rxviewui.modules.serialPortCom.SerialPortManager - Calibration Val: 8.52
2025-07-10 16:41:52 INFO  com.raymedis.rxviewui.modules.serialPortCom.SerialPortManager - Calibration Val: 8.32
2025-07-10 16:41:52 INFO  com.raymedis.rxviewui.modules.serialPortCom.SerialPortManager - Calibration Val: 8.49
2025-07-10 16:41:52 INFO  com.raymedis.rxviewui.modules.serialPortCom.SerialPortManager - In short sending KV: 208
2025-07-10 16:41:52 INFO  com.raymedis.rxviewui.modules.serialPortCom.SerialPortManager - In byte sending KV: -48
2025-07-10 16:41:52 INFO  com.raymedis.serialPortCommunication.rxview_consolecom_old.TriggerCommandRxOld - Setting KV to: -48
2025-07-10 16:41:52 INFO  com.raymedis.rxviewui.service.study.StudyMainController - DecKv KV: 69.0, MA: 80.0
2025-07-10 16:41:52 INFO  com.raymedis.rxviewui.modules.serialPortCom.SerialPortManager - decKv currentKv: 69.0, currentMa: 80.0
2025-07-10 16:41:52 INFO  com.raymedis.rxviewui.modules.serialPortCom.SerialPortManager - In mA 250
2025-07-10 16:41:52 INFO  com.raymedis.rxviewui.modules.serialPortCom.SerialPortManager - setMa kv1: 68.0, ma1: 80.0
2025-07-10 16:41:52 INFO  com.raymedis.rxviewui.modules.serialPortCom.SerialPortManager - x: 170
2025-07-10 16:41:52 INFO  com.raymedis.rxviewui.modules.serialPortCom.SerialPortManager - Current Sent: 80.0
2025-07-10 16:41:52 INFO  com.raymedis.rxviewui.modules.serialPortCom.SerialPortManager - Calibration Val: 8.35
2025-07-10 16:41:52 INFO  com.raymedis.rxviewui.modules.serialPortCom.SerialPortManager - Calibration Val: 8.52
2025-07-10 16:41:52 INFO  com.raymedis.rxviewui.modules.serialPortCom.SerialPortManager - Calibration Val: 8.32
2025-07-10 16:41:52 INFO  com.raymedis.rxviewui.modules.serialPortCom.SerialPortManager - Calibration Val: 8.49
2025-07-10 16:41:52 INFO  com.raymedis.rxviewui.modules.serialPortCom.SerialPortManager - filamentCurrent: 8.326
2025-07-10 16:41:52 INFO  com.raymedis.rxviewui.modules.serialPortCom.SerialPortManager - KV Sent : 68.0
2025-07-10 16:41:52 INFO  com.raymedis.rxviewui.modules.serialPortCom.SerialPortManager - Calibration Val: 8.35
2025-07-10 16:41:52 INFO  com.raymedis.rxviewui.modules.serialPortCom.SerialPortManager - Calibration Val: 8.52
2025-07-10 16:41:52 INFO  com.raymedis.rxviewui.modules.serialPortCom.SerialPortManager - Calibration Val: 8.32
2025-07-10 16:41:52 INFO  com.raymedis.rxviewui.modules.serialPortCom.SerialPortManager - Calibration Val: 8.49
2025-07-10 16:41:52 INFO  com.raymedis.rxviewui.modules.serialPortCom.SerialPortManager - In short sending KV: 208
2025-07-10 16:41:52 INFO  com.raymedis.rxviewui.modules.serialPortCom.SerialPortManager - In byte sending KV: -48
2025-07-10 16:41:52 INFO  com.raymedis.serialPortCommunication.rxview_consolecom_old.TriggerCommandRxOld - Setting KV to: -48
2025-07-10 16:41:52 INFO  com.raymedis.rxviewui.service.study.StudyMainController - DecKv KV: 68.0, MA: 80.0
2025-07-10 16:41:52 INFO  com.raymedis.rxviewui.modules.serialPortCom.SerialPortManager - decKv currentKv: 68.0, currentMa: 80.0
2025-07-10 16:41:52 INFO  com.raymedis.rxviewui.modules.serialPortCom.SerialPortManager - In mA 250
2025-07-10 16:41:52 INFO  com.raymedis.rxviewui.modules.serialPortCom.SerialPortManager - setMa kv1: 67.0, ma1: 80.0
2025-07-10 16:41:52 INFO  com.raymedis.rxviewui.modules.serialPortCom.SerialPortManager - x: 168
2025-07-10 16:41:52 INFO  com.raymedis.rxviewui.modules.serialPortCom.SerialPortManager - Current Sent: 80.0
2025-07-10 16:41:52 INFO  com.raymedis.rxviewui.modules.serialPortCom.SerialPortManager - Calibration Val: 8.35
2025-07-10 16:41:52 INFO  com.raymedis.rxviewui.modules.serialPortCom.SerialPortManager - Calibration Val: 8.52
2025-07-10 16:41:52 INFO  com.raymedis.rxviewui.modules.serialPortCom.SerialPortManager - Calibration Val: 8.32
2025-07-10 16:41:52 INFO  com.raymedis.rxviewui.modules.serialPortCom.SerialPortManager - Calibration Val: 8.49
2025-07-10 16:41:52 INFO  com.raymedis.rxviewui.modules.serialPortCom.SerialPortManager - filamentCurrent: 8.329
2025-07-10 16:41:52 INFO  com.raymedis.rxviewui.modules.serialPortCom.SerialPortManager - KV Sent : 67.0
2025-07-10 16:41:52 INFO  com.raymedis.rxviewui.modules.serialPortCom.SerialPortManager - Calibration Val: 8.35
2025-07-10 16:41:52 INFO  com.raymedis.rxviewui.modules.serialPortCom.SerialPortManager - Calibration Val: 8.52
2025-07-10 16:41:52 INFO  com.raymedis.rxviewui.modules.serialPortCom.SerialPortManager - Calibration Val: 8.32
2025-07-10 16:41:52 INFO  com.raymedis.rxviewui.modules.serialPortCom.SerialPortManager - Calibration Val: 8.49
2025-07-10 16:41:52 INFO  com.raymedis.rxviewui.modules.serialPortCom.SerialPortManager - In short sending KV: 208
2025-07-10 16:41:52 INFO  com.raymedis.rxviewui.modules.serialPortCom.SerialPortManager - In byte sending KV: -48
2025-07-10 16:41:52 INFO  com.raymedis.serialPortCommunication.rxview_consolecom_old.TriggerCommandRxOld - Setting KV to: -48
2025-07-10 16:41:53 INFO  com.raymedis.rxviewui.service.study.StudyMainController - DecKv KV: 67.0, MA: 80.0
2025-07-10 16:41:53 INFO  com.raymedis.rxviewui.modules.serialPortCom.SerialPortManager - decKv currentKv: 67.0, currentMa: 80.0
2025-07-10 16:41:53 INFO  com.raymedis.rxviewui.modules.serialPortCom.SerialPortManager - In mA 250
2025-07-10 16:41:53 INFO  com.raymedis.rxviewui.modules.serialPortCom.SerialPortManager - setMa kv1: 66.0, ma1: 80.0
2025-07-10 16:41:53 INFO  com.raymedis.rxviewui.modules.serialPortCom.SerialPortManager - x: 165
2025-07-10 16:41:53 INFO  com.raymedis.rxviewui.modules.serialPortCom.SerialPortManager - Current Sent: 80.0
2025-07-10 16:41:53 INFO  com.raymedis.rxviewui.modules.serialPortCom.SerialPortManager - Calibration Val: 8.35
2025-07-10 16:41:53 INFO  com.raymedis.rxviewui.modules.serialPortCom.SerialPortManager - Calibration Val: 8.52
2025-07-10 16:41:53 INFO  com.raymedis.rxviewui.modules.serialPortCom.SerialPortManager - Calibration Val: 8.32
2025-07-10 16:41:53 INFO  com.raymedis.rxviewui.modules.serialPortCom.SerialPortManager - Calibration Val: 8.49
2025-07-10 16:41:53 INFO  com.raymedis.rxviewui.modules.serialPortCom.SerialPortManager - filamentCurrent: 8.332
2025-07-10 16:41:53 INFO  com.raymedis.rxviewui.modules.serialPortCom.SerialPortManager - KV Sent : 66.0
2025-07-10 16:41:53 INFO  com.raymedis.rxviewui.modules.serialPortCom.SerialPortManager - Calibration Val: 8.35
2025-07-10 16:41:53 INFO  com.raymedis.rxviewui.modules.serialPortCom.SerialPortManager - Calibration Val: 8.52
2025-07-10 16:41:53 INFO  com.raymedis.rxviewui.modules.serialPortCom.SerialPortManager - Calibration Val: 8.32
2025-07-10 16:41:53 INFO  com.raymedis.rxviewui.modules.serialPortCom.SerialPortManager - Calibration Val: 8.49
2025-07-10 16:41:53 INFO  com.raymedis.rxviewui.modules.serialPortCom.SerialPortManager - In short sending KV: 208
2025-07-10 16:41:53 INFO  com.raymedis.rxviewui.modules.serialPortCom.SerialPortManager - In byte sending KV: -48
2025-07-10 16:41:53 INFO  com.raymedis.serialPortCommunication.rxview_consolecom_old.TriggerCommandRxOld - Setting KV to: -48
2025-07-10 16:41:53 INFO  com.raymedis.rxviewui.service.study.StudyMainController - DecKv KV: 66.0, MA: 80.0
2025-07-10 16:41:53 INFO  com.raymedis.rxviewui.modules.serialPortCom.SerialPortManager - decKv currentKv: 66.0, currentMa: 80.0
2025-07-10 16:41:53 INFO  com.raymedis.rxviewui.modules.serialPortCom.SerialPortManager - In mA 250
2025-07-10 16:41:53 INFO  com.raymedis.rxviewui.modules.serialPortCom.SerialPortManager - setMa kv1: 65.0, ma1: 80.0
2025-07-10 16:41:53 INFO  com.raymedis.rxviewui.modules.serialPortCom.SerialPortManager - x: 163
2025-07-10 16:41:53 INFO  com.raymedis.rxviewui.modules.serialPortCom.SerialPortManager - Current Sent: 80.0
2025-07-10 16:41:53 INFO  com.raymedis.rxviewui.modules.serialPortCom.SerialPortManager - Calibration Val: 8.35
2025-07-10 16:41:53 INFO  com.raymedis.rxviewui.modules.serialPortCom.SerialPortManager - Calibration Val: 8.52
2025-07-10 16:41:53 INFO  com.raymedis.rxviewui.modules.serialPortCom.SerialPortManager - Calibration Val: 8.32
2025-07-10 16:41:53 INFO  com.raymedis.rxviewui.modules.serialPortCom.SerialPortManager - Calibration Val: 8.49
2025-07-10 16:41:53 INFO  com.raymedis.rxviewui.modules.serialPortCom.SerialPortManager - filamentCurrent: 8.335
2025-07-10 16:41:53 INFO  com.raymedis.rxviewui.modules.serialPortCom.SerialPortManager - KV Sent : 65.0
2025-07-10 16:41:53 INFO  com.raymedis.rxviewui.modules.serialPortCom.SerialPortManager - Calibration Val: 8.35
2025-07-10 16:41:53 INFO  com.raymedis.rxviewui.modules.serialPortCom.SerialPortManager - Calibration Val: 8.52
2025-07-10 16:41:53 INFO  com.raymedis.rxviewui.modules.serialPortCom.SerialPortManager - Calibration Val: 8.32
2025-07-10 16:41:53 INFO  com.raymedis.rxviewui.modules.serialPortCom.SerialPortManager - Calibration Val: 8.49
2025-07-10 16:41:53 INFO  com.raymedis.rxviewui.modules.serialPortCom.SerialPortManager - In short sending KV: 208
2025-07-10 16:41:53 INFO  com.raymedis.rxviewui.modules.serialPortCom.SerialPortManager - In byte sending KV: -48
2025-07-10 16:41:53 INFO  com.raymedis.serialPortCommunication.rxview_consolecom_old.TriggerCommandRxOld - Setting KV to: -48
2025-07-10 16:41:53 INFO  com.raymedis.rxviewui.service.study.StudyMainController - DecKv KV: 65.0, MA: 80.0
2025-07-10 16:41:53 INFO  com.raymedis.rxviewui.modules.serialPortCom.SerialPortManager - decKv currentKv: 65.0, currentMa: 80.0
2025-07-10 16:41:53 INFO  com.raymedis.rxviewui.modules.serialPortCom.SerialPortManager - In mA 250
2025-07-10 16:41:53 INFO  com.raymedis.rxviewui.modules.serialPortCom.SerialPortManager - setMa kv1: 64.0, ma1: 80.0
2025-07-10 16:41:53 INFO  com.raymedis.rxviewui.modules.serialPortCom.SerialPortManager - x: 160
2025-07-10 16:41:53 INFO  com.raymedis.rxviewui.modules.serialPortCom.SerialPortManager - Current Sent: 80.0
2025-07-10 16:41:53 INFO  com.raymedis.rxviewui.modules.serialPortCom.SerialPortManager - Calibration Val: 8.35
2025-07-10 16:41:53 INFO  com.raymedis.rxviewui.modules.serialPortCom.SerialPortManager - Calibration Val: 8.52
2025-07-10 16:41:53 INFO  com.raymedis.rxviewui.modules.serialPortCom.SerialPortManager - Calibration Val: 8.32
2025-07-10 16:41:53 INFO  com.raymedis.rxviewui.modules.serialPortCom.SerialPortManager - Calibration Val: 8.49
2025-07-10 16:41:53 INFO  com.raymedis.rxviewui.modules.serialPortCom.SerialPortManager - filamentCurrent: 8.338
2025-07-10 16:41:53 INFO  com.raymedis.rxviewui.modules.serialPortCom.SerialPortManager - KV Sent : 64.0
2025-07-10 16:41:53 INFO  com.raymedis.rxviewui.modules.serialPortCom.SerialPortManager - Calibration Val: 8.35
2025-07-10 16:41:53 INFO  com.raymedis.rxviewui.modules.serialPortCom.SerialPortManager - Calibration Val: 8.52
2025-07-10 16:41:53 INFO  com.raymedis.rxviewui.modules.serialPortCom.SerialPortManager - Calibration Val: 8.32
2025-07-10 16:41:53 INFO  com.raymedis.rxviewui.modules.serialPortCom.SerialPortManager - Calibration Val: 8.49
2025-07-10 16:41:53 INFO  com.raymedis.rxviewui.modules.serialPortCom.SerialPortManager - In short sending KV: 208
2025-07-10 16:41:53 INFO  com.raymedis.rxviewui.modules.serialPortCom.SerialPortManager - In byte sending KV: -48
2025-07-10 16:41:53 INFO  com.raymedis.serialPortCommunication.rxview_consolecom_old.TriggerCommandRxOld - Setting KV to: -48
2025-07-10 16:41:53 INFO  com.raymedis.rxviewui.service.study.StudyMainController - DecKv KV: 64.0, MA: 80.0
2025-07-10 16:41:53 INFO  com.raymedis.rxviewui.modules.serialPortCom.SerialPortManager - decKv currentKv: 64.0, currentMa: 80.0
2025-07-10 16:41:53 INFO  com.raymedis.rxviewui.modules.serialPortCom.SerialPortManager - In mA 250
2025-07-10 16:41:53 INFO  com.raymedis.rxviewui.modules.serialPortCom.SerialPortManager - setMa kv1: 63.0, ma1: 80.0
2025-07-10 16:41:53 INFO  com.raymedis.rxviewui.modules.serialPortCom.SerialPortManager - x: 158
2025-07-10 16:41:53 INFO  com.raymedis.rxviewui.modules.serialPortCom.SerialPortManager - Current Sent: 80.0
2025-07-10 16:41:53 INFO  com.raymedis.rxviewui.modules.serialPortCom.SerialPortManager - Calibration Val: 8.35
2025-07-10 16:41:53 INFO  com.raymedis.rxviewui.modules.serialPortCom.SerialPortManager - Calibration Val: 8.52
2025-07-10 16:41:53 INFO  com.raymedis.rxviewui.modules.serialPortCom.SerialPortManager - Calibration Val: 8.32
2025-07-10 16:41:53 INFO  com.raymedis.rxviewui.modules.serialPortCom.SerialPortManager - Calibration Val: 8.49
2025-07-10 16:41:53 INFO  com.raymedis.rxviewui.modules.serialPortCom.SerialPortManager - filamentCurrent: 8.341
2025-07-10 16:41:53 INFO  com.raymedis.rxviewui.modules.serialPortCom.SerialPortManager - KV Sent : 63.0
2025-07-10 16:41:53 INFO  com.raymedis.rxviewui.modules.serialPortCom.SerialPortManager - Calibration Val: 8.35
2025-07-10 16:41:53 INFO  com.raymedis.rxviewui.modules.serialPortCom.SerialPortManager - Calibration Val: 8.52
2025-07-10 16:41:53 INFO  com.raymedis.rxviewui.modules.serialPortCom.SerialPortManager - Calibration Val: 8.32
2025-07-10 16:41:53 INFO  com.raymedis.rxviewui.modules.serialPortCom.SerialPortManager - Calibration Val: 8.49
2025-07-10 16:41:53 INFO  com.raymedis.rxviewui.modules.serialPortCom.SerialPortManager - In short sending KV: 209
2025-07-10 16:41:53 INFO  com.raymedis.rxviewui.modules.serialPortCom.SerialPortManager - In byte sending KV: -47
2025-07-10 16:41:53 INFO  com.raymedis.serialPortCommunication.rxview_consolecom_old.TriggerCommandRxOld - Setting KV to: -47
2025-07-10 16:41:53 INFO  com.raymedis.rxviewui.service.study.StudyMainController - DecKv KV: 63.0, MA: 80.0
2025-07-10 16:41:53 INFO  com.raymedis.rxviewui.modules.serialPortCom.SerialPortManager - decKv currentKv: 63.0, currentMa: 80.0
2025-07-10 16:41:53 INFO  com.raymedis.rxviewui.modules.serialPortCom.SerialPortManager - In mA 250
2025-07-10 16:41:53 INFO  com.raymedis.rxviewui.modules.serialPortCom.SerialPortManager - setMa kv1: 62.0, ma1: 80.0
2025-07-10 16:41:53 INFO  com.raymedis.rxviewui.modules.serialPortCom.SerialPortManager - x: 155
2025-07-10 16:41:53 INFO  com.raymedis.rxviewui.modules.serialPortCom.SerialPortManager - Current Sent: 80.0
2025-07-10 16:41:53 INFO  com.raymedis.rxviewui.modules.serialPortCom.SerialPortManager - Calibration Val: 8.35
2025-07-10 16:41:53 INFO  com.raymedis.rxviewui.modules.serialPortCom.SerialPortManager - Calibration Val: 8.52
2025-07-10 16:41:53 INFO  com.raymedis.rxviewui.modules.serialPortCom.SerialPortManager - Calibration Val: 8.32
2025-07-10 16:41:53 INFO  com.raymedis.rxviewui.modules.serialPortCom.SerialPortManager - Calibration Val: 8.49
2025-07-10 16:41:53 INFO  com.raymedis.rxviewui.modules.serialPortCom.SerialPortManager - filamentCurrent: 8.344
2025-07-10 16:41:53 INFO  com.raymedis.rxviewui.modules.serialPortCom.SerialPortManager - KV Sent : 62.0
2025-07-10 16:41:53 INFO  com.raymedis.rxviewui.modules.serialPortCom.SerialPortManager - Calibration Val: 8.35
2025-07-10 16:41:53 INFO  com.raymedis.rxviewui.modules.serialPortCom.SerialPortManager - Calibration Val: 8.52
2025-07-10 16:41:53 INFO  com.raymedis.rxviewui.modules.serialPortCom.SerialPortManager - Calibration Val: 8.32
2025-07-10 16:41:53 INFO  com.raymedis.rxviewui.modules.serialPortCom.SerialPortManager - Calibration Val: 8.49
2025-07-10 16:41:53 INFO  com.raymedis.rxviewui.modules.serialPortCom.SerialPortManager - In short sending KV: 209
2025-07-10 16:41:53 INFO  com.raymedis.rxviewui.modules.serialPortCom.SerialPortManager - In byte sending KV: -47
2025-07-10 16:41:53 INFO  com.raymedis.serialPortCommunication.rxview_consolecom_old.TriggerCommandRxOld - Setting KV to: -47
2025-07-10 16:41:53 INFO  com.raymedis.rxviewui.service.study.StudyMainController - DecKv KV: 62.0, MA: 80.0
2025-07-10 16:41:53 INFO  com.raymedis.rxviewui.modules.serialPortCom.SerialPortManager - decKv currentKv: 62.0, currentMa: 80.0
2025-07-10 16:41:53 INFO  com.raymedis.rxviewui.modules.serialPortCom.SerialPortManager - In mA 250
2025-07-10 16:41:53 INFO  com.raymedis.rxviewui.modules.serialPortCom.SerialPortManager - setMa kv1: 61.0, ma1: 80.0
2025-07-10 16:41:53 INFO  com.raymedis.rxviewui.modules.serialPortCom.SerialPortManager - x: 153
2025-07-10 16:41:53 INFO  com.raymedis.rxviewui.modules.serialPortCom.SerialPortManager - Current Sent: 80.0
2025-07-10 16:41:53 INFO  com.raymedis.rxviewui.modules.serialPortCom.SerialPortManager - Calibration Val: 8.35
2025-07-10 16:41:53 INFO  com.raymedis.rxviewui.modules.serialPortCom.SerialPortManager - Calibration Val: 8.52
2025-07-10 16:41:53 INFO  com.raymedis.rxviewui.modules.serialPortCom.SerialPortManager - Calibration Val: 8.32
2025-07-10 16:41:53 INFO  com.raymedis.rxviewui.modules.serialPortCom.SerialPortManager - Calibration Val: 8.49
2025-07-10 16:41:53 INFO  com.raymedis.rxviewui.modules.serialPortCom.SerialPortManager - filamentCurrent: 8.347
2025-07-10 16:41:53 INFO  com.raymedis.rxviewui.modules.serialPortCom.SerialPortManager - KV Sent : 61.0
2025-07-10 16:41:53 INFO  com.raymedis.rxviewui.modules.serialPortCom.SerialPortManager - Calibration Val: 8.35
2025-07-10 16:41:53 INFO  com.raymedis.rxviewui.modules.serialPortCom.SerialPortManager - Calibration Val: 8.52
2025-07-10 16:41:53 INFO  com.raymedis.rxviewui.modules.serialPortCom.SerialPortManager - Calibration Val: 8.32
2025-07-10 16:41:53 INFO  com.raymedis.rxviewui.modules.serialPortCom.SerialPortManager - Calibration Val: 8.49
2025-07-10 16:41:53 INFO  com.raymedis.rxviewui.modules.serialPortCom.SerialPortManager - In short sending KV: 209
2025-07-10 16:41:53 INFO  com.raymedis.rxviewui.modules.serialPortCom.SerialPortManager - In byte sending KV: -47
2025-07-10 16:41:53 INFO  com.raymedis.serialPortCommunication.rxview_consolecom_old.TriggerCommandRxOld - Setting KV to: -47
2025-07-10 16:41:54 INFO  com.raymedis.rxviewui.service.study.StudyMainController - DecKv KV: 61.0, MA: 80.0
2025-07-10 16:41:54 INFO  com.raymedis.rxviewui.modules.serialPortCom.SerialPortManager - decKv currentKv: 61.0, currentMa: 80.0
2025-07-10 16:41:54 INFO  com.raymedis.rxviewui.modules.serialPortCom.SerialPortManager - In mA 250
2025-07-10 16:41:54 INFO  com.raymedis.rxviewui.modules.serialPortCom.SerialPortManager - setMa kv1: 60.0, ma1: 80.0
2025-07-10 16:41:54 INFO  com.raymedis.rxviewui.modules.serialPortCom.SerialPortManager - x: 150
2025-07-10 16:41:54 INFO  com.raymedis.rxviewui.modules.serialPortCom.SerialPortManager - Current Sent: 80.0
2025-07-10 16:41:54 INFO  com.raymedis.rxviewui.modules.serialPortCom.SerialPortManager - Calibration Val: 8.35
2025-07-10 16:41:54 INFO  com.raymedis.rxviewui.modules.serialPortCom.SerialPortManager - Calibration Val: 8.52
2025-07-10 16:41:54 INFO  com.raymedis.rxviewui.modules.serialPortCom.SerialPortManager - Calibration Val: 8.32
2025-07-10 16:41:54 INFO  com.raymedis.rxviewui.modules.serialPortCom.SerialPortManager - Calibration Val: 8.49
2025-07-10 16:41:54 INFO  com.raymedis.rxviewui.modules.serialPortCom.SerialPortManager - filamentCurrent: 8.35
2025-07-10 16:41:54 INFO  com.raymedis.rxviewui.modules.serialPortCom.SerialPortManager - KV Sent : 60.0
2025-07-10 16:41:54 INFO  com.raymedis.rxviewui.modules.serialPortCom.SerialPortManager - Calibration Val: 8.35
2025-07-10 16:41:54 INFO  com.raymedis.rxviewui.modules.serialPortCom.SerialPortManager - Calibration Val: 8.52
2025-07-10 16:41:54 INFO  com.raymedis.rxviewui.modules.serialPortCom.SerialPortManager - Calibration Val: 8.32
2025-07-10 16:41:54 INFO  com.raymedis.rxviewui.modules.serialPortCom.SerialPortManager - Calibration Val: 8.49
2025-07-10 16:41:54 INFO  com.raymedis.rxviewui.modules.serialPortCom.SerialPortManager - In short sending KV: 209
2025-07-10 16:41:54 INFO  com.raymedis.rxviewui.modules.serialPortCom.SerialPortManager - In byte sending KV: -47
2025-07-10 16:41:54 INFO  com.raymedis.serialPortCommunication.rxview_consolecom_old.TriggerCommandRxOld - Setting KV to: -47
2025-07-10 16:41:54 INFO  com.raymedis.rxviewui.service.study.StudyMainController - DecKv KV: 60.0, MA: 80.0
2025-07-10 16:41:54 INFO  com.raymedis.rxviewui.modules.serialPortCom.SerialPortManager - decKv currentKv: 60.0, currentMa: 80.0
2025-07-10 16:41:54 INFO  com.raymedis.rxviewui.modules.serialPortCom.SerialPortManager - In mA 250
2025-07-10 16:41:54 INFO  com.raymedis.rxviewui.modules.serialPortCom.SerialPortManager - setMa kv1: 59.0, ma1: 80.0
2025-07-10 16:41:54 INFO  com.raymedis.rxviewui.modules.serialPortCom.SerialPortManager - x: 148
2025-07-10 16:41:54 INFO  com.raymedis.rxviewui.modules.serialPortCom.SerialPortManager - Current Sent: 80.0
2025-07-10 16:41:54 INFO  com.raymedis.rxviewui.modules.serialPortCom.SerialPortManager - Calibration Val: 8.4
2025-07-10 16:41:54 INFO  com.raymedis.rxviewui.modules.serialPortCom.SerialPortManager - Calibration Val: 8.55
2025-07-10 16:41:54 INFO  com.raymedis.rxviewui.modules.serialPortCom.SerialPortManager - Calibration Val: 8.35
2025-07-10 16:41:54 INFO  com.raymedis.rxviewui.modules.serialPortCom.SerialPortManager - Calibration Val: 8.52
2025-07-10 16:41:54 INFO  com.raymedis.rxviewui.modules.serialPortCom.SerialPortManager - filamentCurrent: 8.355
2025-07-10 16:41:54 INFO  com.raymedis.rxviewui.modules.serialPortCom.SerialPortManager - KV Sent : 59.0
2025-07-10 16:41:54 INFO  com.raymedis.rxviewui.modules.serialPortCom.SerialPortManager - Calibration Val: 8.4
2025-07-10 16:41:54 INFO  com.raymedis.rxviewui.modules.serialPortCom.SerialPortManager - Calibration Val: 8.55
2025-07-10 16:41:54 INFO  com.raymedis.rxviewui.modules.serialPortCom.SerialPortManager - Calibration Val: 8.35
2025-07-10 16:41:54 INFO  com.raymedis.rxviewui.modules.serialPortCom.SerialPortManager - Calibration Val: 8.52
2025-07-10 16:41:54 INFO  com.raymedis.rxviewui.modules.serialPortCom.SerialPortManager - In short sending KV: 209
2025-07-10 16:41:54 INFO  com.raymedis.rxviewui.modules.serialPortCom.SerialPortManager - In byte sending KV: -47
2025-07-10 16:41:54 INFO  com.raymedis.serialPortCommunication.rxview_consolecom_old.TriggerCommandRxOld - Setting KV to: -47
2025-07-10 16:41:54 INFO  com.raymedis.rxviewui.service.study.StudyMainController - DecKv KV: 59.0, MA: 80.0
2025-07-10 16:41:54 INFO  com.raymedis.rxviewui.modules.serialPortCom.SerialPortManager - decKv currentKv: 59.0, currentMa: 80.0
2025-07-10 16:41:54 INFO  com.raymedis.rxviewui.modules.serialPortCom.SerialPortManager - In mA 250
2025-07-10 16:41:54 INFO  com.raymedis.rxviewui.modules.serialPortCom.SerialPortManager - setMa kv1: 58.0, ma1: 80.0
2025-07-10 16:41:54 INFO  com.raymedis.rxviewui.modules.serialPortCom.SerialPortManager - x: 145
2025-07-10 16:41:54 INFO  com.raymedis.rxviewui.modules.serialPortCom.SerialPortManager - Current Sent: 80.0
2025-07-10 16:41:54 INFO  com.raymedis.rxviewui.modules.serialPortCom.SerialPortManager - Calibration Val: 8.4
2025-07-10 16:41:54 INFO  com.raymedis.rxviewui.modules.serialPortCom.SerialPortManager - Calibration Val: 8.55
2025-07-10 16:41:54 INFO  com.raymedis.rxviewui.modules.serialPortCom.SerialPortManager - Calibration Val: 8.35
2025-07-10 16:41:54 INFO  com.raymedis.rxviewui.modules.serialPortCom.SerialPortManager - Calibration Val: 8.52
2025-07-10 16:41:54 INFO  com.raymedis.rxviewui.modules.serialPortCom.SerialPortManager - filamentCurrent: 8.36
2025-07-10 16:41:54 INFO  com.raymedis.rxviewui.modules.serialPortCom.SerialPortManager - KV Sent : 58.0
2025-07-10 16:41:54 INFO  com.raymedis.rxviewui.modules.serialPortCom.SerialPortManager - Calibration Val: 8.4
2025-07-10 16:41:54 INFO  com.raymedis.rxviewui.modules.serialPortCom.SerialPortManager - Calibration Val: 8.55
2025-07-10 16:41:54 INFO  com.raymedis.rxviewui.modules.serialPortCom.SerialPortManager - Calibration Val: 8.35
2025-07-10 16:41:54 INFO  com.raymedis.rxviewui.modules.serialPortCom.SerialPortManager - Calibration Val: 8.52
2025-07-10 16:41:54 INFO  com.raymedis.rxviewui.modules.serialPortCom.SerialPortManager - In short sending KV: 209
2025-07-10 16:41:54 INFO  com.raymedis.rxviewui.modules.serialPortCom.SerialPortManager - In byte sending KV: -47
2025-07-10 16:41:54 INFO  com.raymedis.serialPortCommunication.rxview_consolecom_old.TriggerCommandRxOld - Setting KV to: -47
2025-07-10 16:41:54 INFO  com.raymedis.rxviewui.service.study.StudyMainController - DecKv KV: 58.0, MA: 80.0
2025-07-10 16:41:54 INFO  com.raymedis.rxviewui.modules.serialPortCom.SerialPortManager - decKv currentKv: 58.0, currentMa: 80.0
2025-07-10 16:41:54 INFO  com.raymedis.rxviewui.modules.serialPortCom.SerialPortManager - In mA 250
2025-07-10 16:41:54 INFO  com.raymedis.rxviewui.modules.serialPortCom.SerialPortManager - setMa kv1: 57.0, ma1: 80.0
2025-07-10 16:41:54 INFO  com.raymedis.rxviewui.modules.serialPortCom.SerialPortManager - x: 143
2025-07-10 16:41:54 INFO  com.raymedis.rxviewui.modules.serialPortCom.SerialPortManager - Current Sent: 80.0
2025-07-10 16:41:54 INFO  com.raymedis.rxviewui.modules.serialPortCom.SerialPortManager - Calibration Val: 8.4
2025-07-10 16:41:54 INFO  com.raymedis.rxviewui.modules.serialPortCom.SerialPortManager - Calibration Val: 8.55
2025-07-10 16:41:54 INFO  com.raymedis.rxviewui.modules.serialPortCom.SerialPortManager - Calibration Val: 8.35
2025-07-10 16:41:54 INFO  com.raymedis.rxviewui.modules.serialPortCom.SerialPortManager - Calibration Val: 8.52
2025-07-10 16:41:54 INFO  com.raymedis.rxviewui.modules.serialPortCom.SerialPortManager - filamentCurrent: 8.365
2025-07-10 16:41:54 INFO  com.raymedis.rxviewui.modules.serialPortCom.SerialPortManager - KV Sent : 57.0
2025-07-10 16:41:54 INFO  com.raymedis.rxviewui.modules.serialPortCom.SerialPortManager - Calibration Val: 8.4
2025-07-10 16:41:54 INFO  com.raymedis.rxviewui.modules.serialPortCom.SerialPortManager - Calibration Val: 8.55
2025-07-10 16:41:54 INFO  com.raymedis.rxviewui.modules.serialPortCom.SerialPortManager - Calibration Val: 8.35
2025-07-10 16:41:54 INFO  com.raymedis.rxviewui.modules.serialPortCom.SerialPortManager - Calibration Val: 8.52
2025-07-10 16:41:54 INFO  com.raymedis.rxviewui.modules.serialPortCom.SerialPortManager - In short sending KV: 209
2025-07-10 16:41:54 INFO  com.raymedis.rxviewui.modules.serialPortCom.SerialPortManager - In byte sending KV: -47
2025-07-10 16:41:54 INFO  com.raymedis.serialPortCommunication.rxview_consolecom_old.TriggerCommandRxOld - Setting KV to: -47
2025-07-10 16:41:54 INFO  com.raymedis.rxviewui.service.study.StudyMainController - DecKv KV: 57.0, MA: 80.0
2025-07-10 16:41:54 INFO  com.raymedis.rxviewui.modules.serialPortCom.SerialPortManager - decKv currentKv: 57.0, currentMa: 80.0
2025-07-10 16:41:54 INFO  com.raymedis.rxviewui.modules.serialPortCom.SerialPortManager - In mA 250
2025-07-10 16:41:54 INFO  com.raymedis.rxviewui.modules.serialPortCom.SerialPortManager - setMa kv1: 56.0, ma1: 80.0
2025-07-10 16:41:54 INFO  com.raymedis.rxviewui.modules.serialPortCom.SerialPortManager - x: 140
2025-07-10 16:41:54 INFO  com.raymedis.rxviewui.modules.serialPortCom.SerialPortManager - Current Sent: 80.0
2025-07-10 16:41:54 INFO  com.raymedis.rxviewui.modules.serialPortCom.SerialPortManager - Calibration Val: 8.4
2025-07-10 16:41:54 INFO  com.raymedis.rxviewui.modules.serialPortCom.SerialPortManager - Calibration Val: 8.55
2025-07-10 16:41:54 INFO  com.raymedis.rxviewui.modules.serialPortCom.SerialPortManager - Calibration Val: 8.35
2025-07-10 16:41:54 INFO  com.raymedis.rxviewui.modules.serialPortCom.SerialPortManager - Calibration Val: 8.52
2025-07-10 16:41:54 INFO  com.raymedis.rxviewui.modules.serialPortCom.SerialPortManager - filamentCurrent: 8.37
2025-07-10 16:41:54 INFO  com.raymedis.rxviewui.modules.serialPortCom.SerialPortManager - KV Sent : 56.0
2025-07-10 16:41:54 INFO  com.raymedis.rxviewui.modules.serialPortCom.SerialPortManager - Calibration Val: 8.4
2025-07-10 16:41:54 INFO  com.raymedis.rxviewui.modules.serialPortCom.SerialPortManager - Calibration Val: 8.55
2025-07-10 16:41:54 INFO  com.raymedis.rxviewui.modules.serialPortCom.SerialPortManager - Calibration Val: 8.35
2025-07-10 16:41:54 INFO  com.raymedis.rxviewui.modules.serialPortCom.SerialPortManager - Calibration Val: 8.52
2025-07-10 16:41:54 INFO  com.raymedis.rxviewui.modules.serialPortCom.SerialPortManager - In short sending KV: 209
2025-07-10 16:41:54 INFO  com.raymedis.rxviewui.modules.serialPortCom.SerialPortManager - In byte sending KV: -47
2025-07-10 16:41:54 INFO  com.raymedis.serialPortCommunication.rxview_consolecom_old.TriggerCommandRxOld - Setting KV to: -47
2025-07-10 16:41:55 INFO  com.raymedis.rxviewui.service.study.StudyMainController - DecKv KV: 56.0, MA: 80.0
2025-07-10 16:41:55 INFO  com.raymedis.rxviewui.modules.serialPortCom.SerialPortManager - decKv currentKv: 56.0, currentMa: 80.0
2025-07-10 16:41:55 INFO  com.raymedis.rxviewui.modules.serialPortCom.SerialPortManager - In mA 250
2025-07-10 16:41:55 INFO  com.raymedis.rxviewui.modules.serialPortCom.SerialPortManager - setMa kv1: 55.0, ma1: 80.0
2025-07-10 16:41:55 INFO  com.raymedis.rxviewui.modules.serialPortCom.SerialPortManager - x: 138
2025-07-10 16:41:55 INFO  com.raymedis.rxviewui.modules.serialPortCom.SerialPortManager - Current Sent: 80.0
2025-07-10 16:41:55 INFO  com.raymedis.rxviewui.modules.serialPortCom.SerialPortManager - Calibration Val: 8.4
2025-07-10 16:41:55 INFO  com.raymedis.rxviewui.modules.serialPortCom.SerialPortManager - Calibration Val: 8.55
2025-07-10 16:41:55 INFO  com.raymedis.rxviewui.modules.serialPortCom.SerialPortManager - Calibration Val: 8.35
2025-07-10 16:41:55 INFO  com.raymedis.rxviewui.modules.serialPortCom.SerialPortManager - Calibration Val: 8.52
2025-07-10 16:41:55 INFO  com.raymedis.rxviewui.modules.serialPortCom.SerialPortManager - filamentCurrent: 8.375
2025-07-10 16:41:55 INFO  com.raymedis.rxviewui.modules.serialPortCom.SerialPortManager - KV Sent : 55.0
2025-07-10 16:41:55 INFO  com.raymedis.rxviewui.modules.serialPortCom.SerialPortManager - Calibration Val: 8.4
2025-07-10 16:41:55 INFO  com.raymedis.rxviewui.modules.serialPortCom.SerialPortManager - Calibration Val: 8.55
2025-07-10 16:41:55 INFO  com.raymedis.rxviewui.modules.serialPortCom.SerialPortManager - Calibration Val: 8.35
2025-07-10 16:41:55 INFO  com.raymedis.rxviewui.modules.serialPortCom.SerialPortManager - Calibration Val: 8.52
2025-07-10 16:41:55 INFO  com.raymedis.rxviewui.modules.serialPortCom.SerialPortManager - In short sending KV: 209
2025-07-10 16:41:55 INFO  com.raymedis.rxviewui.modules.serialPortCom.SerialPortManager - In byte sending KV: -47
2025-07-10 16:41:55 INFO  com.raymedis.serialPortCommunication.rxview_consolecom_old.TriggerCommandRxOld - Setting KV to: -47
2025-07-10 16:41:55 INFO  com.raymedis.rxviewui.service.study.StudyMainController - DecKv KV: 55.0, MA: 80.0
2025-07-10 16:41:55 INFO  com.raymedis.rxviewui.modules.serialPortCom.SerialPortManager - decKv currentKv: 55.0, currentMa: 80.0
2025-07-10 16:41:55 INFO  com.raymedis.rxviewui.modules.serialPortCom.SerialPortManager - In mA 250
2025-07-10 16:41:55 INFO  com.raymedis.rxviewui.modules.serialPortCom.SerialPortManager - setMa kv1: 54.0, ma1: 80.0
2025-07-10 16:41:55 INFO  com.raymedis.rxviewui.modules.serialPortCom.SerialPortManager - x: 135
2025-07-10 16:41:55 INFO  com.raymedis.rxviewui.modules.serialPortCom.SerialPortManager - Current Sent: 80.0
2025-07-10 16:41:55 INFO  com.raymedis.rxviewui.modules.serialPortCom.SerialPortManager - Calibration Val: 8.4
2025-07-10 16:41:55 INFO  com.raymedis.rxviewui.modules.serialPortCom.SerialPortManager - Calibration Val: 8.55
2025-07-10 16:41:55 INFO  com.raymedis.rxviewui.modules.serialPortCom.SerialPortManager - Calibration Val: 8.35
2025-07-10 16:41:55 INFO  com.raymedis.rxviewui.modules.serialPortCom.SerialPortManager - Calibration Val: 8.52
2025-07-10 16:41:55 INFO  com.raymedis.rxviewui.modules.serialPortCom.SerialPortManager - filamentCurrent: 8.38
2025-07-10 16:41:55 INFO  com.raymedis.rxviewui.modules.serialPortCom.SerialPortManager - KV Sent : 54.0
2025-07-10 16:41:55 INFO  com.raymedis.rxviewui.modules.serialPortCom.SerialPortManager - Calibration Val: 8.4
2025-07-10 16:41:55 INFO  com.raymedis.rxviewui.modules.serialPortCom.SerialPortManager - Calibration Val: 8.55
2025-07-10 16:41:55 INFO  com.raymedis.rxviewui.modules.serialPortCom.SerialPortManager - Calibration Val: 8.35
2025-07-10 16:41:55 INFO  com.raymedis.rxviewui.modules.serialPortCom.SerialPortManager - Calibration Val: 8.52
2025-07-10 16:41:55 INFO  com.raymedis.rxviewui.modules.serialPortCom.SerialPortManager - In short sending KV: 210
2025-07-10 16:41:55 INFO  com.raymedis.rxviewui.modules.serialPortCom.SerialPortManager - In byte sending KV: -46
2025-07-10 16:41:55 INFO  com.raymedis.serialPortCommunication.rxview_consolecom_old.TriggerCommandRxOld - Setting KV to: -46
2025-07-10 16:41:56 INFO  com.raymedis.rxviewui.service.study.StudyMainController - IncKv KV: 54.0,  MA: 80.0
2025-07-10 16:41:56 INFO  com.raymedis.rxviewui.modules.serialPortCom.SerialPortManager - incKv currentKv: 54.0, currentMa: 80.0
2025-07-10 16:41:56 INFO  com.raymedis.rxviewui.modules.serialPortCom.SerialPortManager - In mA 250
2025-07-10 16:41:56 INFO  com.raymedis.rxviewui.modules.serialPortCom.SerialPortManager - setMa kv1: 55.0, ma1: 80.0
2025-07-10 16:41:56 INFO  com.raymedis.rxviewui.modules.serialPortCom.SerialPortManager - x: 138
2025-07-10 16:41:56 INFO  com.raymedis.rxviewui.modules.serialPortCom.SerialPortManager - Current Sent: 80.0
2025-07-10 16:41:56 INFO  com.raymedis.rxviewui.modules.serialPortCom.SerialPortManager - Calibration Val: 8.4
2025-07-10 16:41:56 INFO  com.raymedis.rxviewui.modules.serialPortCom.SerialPortManager - Calibration Val: 8.55
2025-07-10 16:41:56 INFO  com.raymedis.rxviewui.modules.serialPortCom.SerialPortManager - Calibration Val: 8.35
2025-07-10 16:41:56 INFO  com.raymedis.rxviewui.modules.serialPortCom.SerialPortManager - Calibration Val: 8.52
2025-07-10 16:41:56 INFO  com.raymedis.rxviewui.modules.serialPortCom.SerialPortManager - filamentCurrent: 8.375
2025-07-10 16:41:56 INFO  com.raymedis.rxviewui.modules.serialPortCom.SerialPortManager - KV Sent : 55.0
2025-07-10 16:41:56 INFO  com.raymedis.rxviewui.modules.serialPortCom.SerialPortManager - Calibration Val: 8.4
2025-07-10 16:41:56 INFO  com.raymedis.rxviewui.modules.serialPortCom.SerialPortManager - Calibration Val: 8.55
2025-07-10 16:41:56 INFO  com.raymedis.rxviewui.modules.serialPortCom.SerialPortManager - Calibration Val: 8.35
2025-07-10 16:41:56 INFO  com.raymedis.rxviewui.modules.serialPortCom.SerialPortManager - Calibration Val: 8.52
2025-07-10 16:41:56 INFO  com.raymedis.rxviewui.modules.serialPortCom.SerialPortManager - In short sending KV: 209
2025-07-10 16:41:56 INFO  com.raymedis.rxviewui.modules.serialPortCom.SerialPortManager - In byte sending KV: -47
2025-07-10 16:41:56 INFO  com.raymedis.serialPortCommunication.rxview_consolecom_old.TriggerCommandRxOld - Setting KV to: -47
2025-07-10 16:41:57 INFO  com.raymedis.rxviewui.service.study.StudyMainController - IncMa kv: 55.0,  MA: 80.0
2025-07-10 16:41:57 INFO  com.raymedis.rxviewui.modules.serialPortCom.SerialPortManager - received currentKv: 55.0, currentMa: 80.0
2025-07-10 16:41:57 INFO  com.raymedis.rxviewui.modules.serialPortCom.SerialPortManager - x 4, maxlength: 6
2025-07-10 16:41:57 INFO  com.raymedis.rxviewui.modules.serialPortCom.SerialPortManager - x 5, maxlength: 6
2025-07-10 16:41:57 INFO  com.raymedis.rxviewui.modules.serialPortCom.SerialPortManager - currentMa: 100.0
2025-07-10 16:41:57 INFO  com.raymedis.rxviewui.modules.serialPortCom.SerialPortManager - setMa kv1: 55.0, ma1: 100.0
2025-07-10 16:41:57 INFO  com.raymedis.rxviewui.modules.serialPortCom.SerialPortManager - x: 138
2025-07-10 16:41:57 INFO  com.raymedis.rxviewui.modules.serialPortCom.SerialPortManager - Current Sent: 100.0
2025-07-10 16:41:57 INFO  com.raymedis.rxviewui.modules.serialPortCom.SerialPortManager - Calibration Val: 8.55
2025-07-10 16:41:57 INFO  com.raymedis.rxviewui.modules.serialPortCom.SerialPortManager - Calibration Val: 8.75
2025-07-10 16:41:57 INFO  com.raymedis.rxviewui.modules.serialPortCom.SerialPortManager - Calibration Val: 8.52
2025-07-10 16:41:57 INFO  com.raymedis.rxviewui.modules.serialPortCom.SerialPortManager - Calibration Val: 8.7
2025-07-10 16:41:57 INFO  com.raymedis.rxviewui.modules.serialPortCom.SerialPortManager - filamentCurrent: 8.535
2025-07-10 16:41:57 INFO  com.raymedis.rxviewui.modules.serialPortCom.SerialPortManager - KV Sent : 55.0
2025-07-10 16:41:57 INFO  com.raymedis.rxviewui.modules.serialPortCom.SerialPortManager - Calibration Val: 8.55
2025-07-10 16:41:57 INFO  com.raymedis.rxviewui.modules.serialPortCom.SerialPortManager - Calibration Val: 8.75
2025-07-10 16:41:57 INFO  com.raymedis.rxviewui.modules.serialPortCom.SerialPortManager - Calibration Val: 8.52
2025-07-10 16:41:57 INFO  com.raymedis.rxviewui.modules.serialPortCom.SerialPortManager - Calibration Val: 8.7
2025-07-10 16:41:57 INFO  com.raymedis.rxviewui.modules.serialPortCom.SerialPortManager - In short sending KV: 213
2025-07-10 16:41:57 INFO  com.raymedis.rxviewui.modules.serialPortCom.SerialPortManager - In byte sending KV: -43
2025-07-10 16:41:57 INFO  com.raymedis.rxviewui.modules.serialPortCom.SerialPortManager - setExposureTime 0.04
2025-07-10 16:41:57 INFO  com.raymedis.rxviewui.modules.serialPortCom.SerialPortManager - Exposure Time Sent - 40
2025-07-10 16:41:57 INFO  com.raymedis.serialPortCommunication.rxview_consolecom_old.TriggerCommandRxOld - Setting KV to: -43
2025-07-10 16:41:57 INFO  com.raymedis.serialPortCommunication.rxview_consolecom_old.TriggerCommandRxOld - Setting Exposure Time to: 40 0 and G
2025-07-10 16:42:06 INFO  com.raymedis.rxviewui.service.preProcessing.PreProcess - Processing body part: chest
2025-07-10 16:42:06 INFO  com.raymedis.rxviewui.service.preProcessing.PreProcess - Mat is 16-bit unsigned
2025-07-10 16:42:08 INFO  com.raymedis.rxviewui.service.study.StudyService - Image received Found in FPD
2025-07-10 16:42:09 INFO  com.raymedis.rxviewui.service.study.StudyService - org : CV_16UC1
2025-07-10 16:42:09 INFO  com.raymedis.rxviewui.service.study.StudyService - study mat.rows() * width : 1024 1024.0
2025-07-10 16:42:09 INFO  com.raymedis.rxviewui.service.study.StudyService - study DynamicCanvasElementsResize values set with multiple: 1.0
2025-07-10 16:42:09 INFO  com.raymedis.rxviewui.service.study.StudyService - study Line Width: 2.0, Ellipse Radius X: 8.0, Ellipse Radius Y: 8.0, Label Font Size: 14.0, Rect Width: 90.0, Rect Height: 30.0, Custom Font Icon Size: 200.0
2025-07-10 16:42:09 INFO  com.raymedis.rxviewui.modules.ImageProcessing.DrawToolsResource.CanvasMainChange - cropRect : {0, 0, 838x1024}
2025-07-10 16:42:09 INFO  com.raymedis.rxviewui.modules.ImageProcessing.DrawToolsResource.CanvasMainChange - after cropRect : {0, 0, 838x1024}
2025-07-10 16:42:09 INFO  com.raymedis.rxviewui.modules.ImageProcessing.DrawToolsResource.CanvasMainChange - displayImage : 838.0x1024.0
2025-07-10 16:42:09 INFO  com.raymedis.rxviewui.modules.ImageProcessing.DrawToolsResource.CanvasMainChange - cropRect : {0, 0, 838x1024}
2025-07-10 16:42:09 INFO  com.raymedis.rxviewui.modules.ImageProcessing.DrawToolsResource.CanvasMainChange - after cropRect : {0, 0, 838x1024}
2025-07-10 16:42:09 INFO  com.raymedis.rxviewui.modules.ImageProcessing.DrawToolsResource.CanvasMainChange - displayImage : 838.0x1024.0
2025-07-10 16:42:09 INFO  com.raymedis.rxviewui.modules.ImageProcessing.DrawToolsResource.MainDrawTool - ImagingParams is null
2025-07-10 16:42:09 INFO  com.raymedis.rxviewui.modules.ImageProcessing.DrawToolsResource.MainDrawTool - StepEntity is null, no params to apply
2025-07-10 16:42:20 INFO  com.raymedis.rxviewui.service.study.StudyMainController - Exposure timer reset after 15 seconds.
