2025-07-10 16:57:10 INFO  com.raymedis.rxviewui.controller.LoginPage - logged In
2025-07-10 16:57:10 INFO  com.raymedis.rxviewui.service.login.LoginController - 192.168.12.10
2025-07-10 16:57:10 INFO  com.raymedis.rxviewui.service.login.LoginController - No Wi-Fi interface found or no IPv4 address assigned.
2025-07-10 16:57:11 INFO  com.raymedis.serialPortCommunication.rxview_consolecom_old.RxPanelInitializationOld - Available COM ports:
2025-07-10 16:57:11 INFO  com.raymedis.serialPortCommunication.rxview_consolecom_old.RxPanelInitializationOld - - COM6: USB-SERIAL CH340 (COM6)
2025-07-10 16:57:11 INFO  com.raymedis.serialPortCommunication.rxview_consolecom_old.RxPanelInitializationOld - - COM5: USB-SERIAL CH340 (COM5)
2025-07-10 16:57:11 INFO  com.raymedis.serialPortCommunication.rxview_consolecom_old.RxPanelInitializationOld - Available COM ports:
2025-07-10 16:57:11 INFO  com.raymedis.serialPortCommunication.rxview_consolecom_old.RxPanelInitializationOld - - COM6: USB-SERIAL CH340 (COM6)
2025-07-10 16:57:11 INFO  com.raymedis.serialPortCommunication.rxview_consolecom_old.RxPanelInitializationOld - - COM5: USB-SERIAL CH340 (COM5)
2025-07-10 16:57:12 INFO  com.raymedis.serialPortCommunication.rxview_consolecom_old.RxPanelInitializationOld - Connected to RX panel.
2025-07-10 16:57:12 INFO  com.raymedis.serialPortCommunication.rxview_consolecom_old.ReceiveCommandRxOld - requested interlocks, attempt 1
2025-07-10 16:57:13 INFO  com.raymedis.serialPortCommunication.rxview_consolecom_old.ReceiveCommandRxOld - Read bytes: [119, 1, 1, 1, 1, 1, 0]
2025-07-10 16:57:13 INFO  com.raymedis.serialPortCommunication.rxview_consolecom_old.ReceiveCommandRxOld - Interlock count: 5
2025-07-10 16:57:13 INFO  com.raymedis.serialPortCommunication.rxview_consolecom_old.ReceiveCommandRxOld - Interlock count: 4
2025-07-10 16:57:13 INFO  com.raymedis.serialPortCommunication.rxview_consolecom_old.ReceiveCommandRxOld - Interlock count: 3
2025-07-10 16:57:13 INFO  com.raymedis.serialPortCommunication.rxview_consolecom_old.ReceiveCommandRxOld - Interlock count: 2
2025-07-10 16:57:13 INFO  com.raymedis.serialPortCommunication.rxview_consolecom_old.ReceiveCommandRxOld - Interlock count: 1
2025-07-10 16:57:13 INFO  com.raymedis.serialPortCommunication.rxview_consolecom_old.ReceiveCommandRxOld - Interlock count: 0
2025-07-10 16:57:13 INFO  com.raymedis.serialPortCommunication.rxview_consolecom_old.ReceiveCommandRxOld - Interlock: 
2025-07-10 16:57:13 INFO  com.raymedis.serialPortCommunication.rxview_consolecom_old.ReceiveCommandRxOld - all faults: true true true true true true
2025-07-10 16:57:13 INFO  com.raymedis.serialPortCommunication.rxview_consolecom_old.ReceiveCommandRxOld - Detected Faults:
2025-07-10 16:57:13 INFO  com.raymedis.serialPortCommunication.rxview_consolecom_old.ReceiveCommandRxOld - Overvoltage: false
2025-07-10 16:57:13 INFO  com.raymedis.serialPortCommunication.rxview_consolecom_old.ReceiveCommandRxOld - Filament: false
2025-07-10 16:57:13 INFO  com.raymedis.serialPortCommunication.rxview_consolecom_old.ReceiveCommandRxOld - Thermal: false
2025-07-10 16:57:13 INFO  com.raymedis.serialPortCommunication.rxview_consolecom_old.ReceiveCommandRxOld - Rotor: false
2025-07-10 16:57:13 INFO  com.raymedis.serialPortCommunication.rxview_consolecom_old.ReceiveCommandRxOld - Overcurrent: false
2025-07-10 16:57:13 INFO  com.raymedis.serialPortCommunication.rxview_consolecom_old.ReceiveCommandRxOld - GOS: false
2025-07-10 16:57:13 INFO  com.raymedis.serialPortCommunication.rxview_consolecom_old.RxPanelInitializationOld - Interlocks retrieved successfully.
2025-07-10 16:57:13 INFO  com.raymedis.serialPortCommunication.rxview_consolecom_old.RxPanelInitializationOld - Calling X-ray mode set.
2025-07-10 16:57:13 INFO  com.raymedis.rxviewui.service.study.StudyMainController - done
2025-07-10 16:57:14 INFO  com.raymedis.serialPortCommunication.rxview_consolecom_old.ReceiveCommandRxOld - Read bytes: [97]
2025-07-10 16:57:14 INFO  com.raymedis.serialPortCommunication.rxview_consolecom_old.ReceiveCommandRxOld - Received DO_NOTHING command.
2025-07-10 16:57:14 INFO  com.raymedis.serialPortCommunication.rxview_consolecom_old.ReceiveCommandRxOld - Received DO_NOTHING command commandExecuteAsync.
2025-07-10 16:57:14 INFO  com.raymedis.rxviewui.modules.serialPortCom.SerialPortCommunicationService - Received response: DO_NOTHING
2025-07-10 16:57:14 INFO  com.raymedis.rxviewui.modules.serialPortCom.SerialPortCommunicationService - Received response: DO_NOTHING
2025-07-10 16:57:14 INFO  com.raymedis.rxviewui.service.study.StudyMainController - Console is ON
2025-07-10 16:57:14 INFO  com.raymedis.rxviewui.service.study.StudyMainController - Setting console values for body part: Chest
2025-07-10 16:57:14 INFO  com.raymedis.rxviewui.modules.serialPortCom.SerialPortManager - Setting Xray Console - kv: 70.0, ma: 80, mas: 4.0
2025-07-10 16:57:14 INFO  com.raymedis.rxviewui.modules.serialPortCom.SerialPortManager - setMa kv1: 70.0, ma1: 80.0
2025-07-10 16:57:14 INFO  com.raymedis.rxviewui.modules.serialPortCom.SerialPortManager - x: 175
2025-07-10 16:57:14 INFO  com.raymedis.rxviewui.modules.serialPortCom.SerialPortManager - Current Sent: 80.0
2025-07-10 16:57:14 INFO  com.raymedis.rxviewui.modules.serialPortCom.SerialPortManager - Calibration Val: 8.32
2025-07-10 16:57:14 INFO  com.raymedis.rxviewui.modules.serialPortCom.SerialPortManager - Calibration Val: 8.49
2025-07-10 16:57:14 INFO  com.raymedis.rxviewui.modules.serialPortCom.SerialPortManager - Calibration Val: 8.29
2025-07-10 16:57:14 INFO  com.raymedis.rxviewui.modules.serialPortCom.SerialPortManager - Calibration Val: 8.49
2025-07-10 16:57:14 INFO  com.raymedis.rxviewui.modules.serialPortCom.SerialPortManager - filamentCurrent: 8.32
2025-07-10 16:57:14 INFO  com.raymedis.rxviewui.modules.serialPortCom.SerialPortManager - KV Sent : 70.0
2025-07-10 16:57:14 INFO  com.raymedis.rxviewui.modules.serialPortCom.SerialPortManager - Calibration Val: 8.32
2025-07-10 16:57:14 INFO  com.raymedis.rxviewui.modules.serialPortCom.SerialPortManager - Calibration Val: 8.49
2025-07-10 16:57:14 INFO  com.raymedis.rxviewui.modules.serialPortCom.SerialPortManager - Calibration Val: 8.29
2025-07-10 16:57:14 INFO  com.raymedis.rxviewui.modules.serialPortCom.SerialPortManager - Calibration Val: 8.49
2025-07-10 16:57:14 INFO  com.raymedis.rxviewui.modules.serialPortCom.SerialPortManager - In short sending KV: 208
2025-07-10 16:57:14 INFO  com.raymedis.rxviewui.modules.serialPortCom.SerialPortManager - In byte sending KV: -48
2025-07-10 16:57:14 INFO  com.raymedis.rxviewui.modules.serialPortCom.SerialPortManager - setExposureTime 0.05
2025-07-10 16:57:14 INFO  com.raymedis.rxviewui.modules.serialPortCom.SerialPortManager - Exposure Time Sent - 50
2025-07-10 16:57:14 INFO  com.raymedis.serialPortCommunication.rxview_consolecom_old.TriggerCommandRxOld - Setting KV to: -48
2025-07-10 16:57:14 INFO  com.raymedis.serialPortCommunication.rxview_consolecom_old.TriggerCommandRxOld - Setting Exposure Time to: 50 0 and G
2025-07-10 16:57:17 INFO  com.raymedis.rxviewui.service.study.StudyMainController - DecKv KV: 70.0, MA: 80.0
2025-07-10 16:57:17 INFO  com.raymedis.rxviewui.modules.serialPortCom.SerialPortManager - decKv currentKv: 70.0, currentMa: 80.0
2025-07-10 16:57:17 INFO  com.raymedis.rxviewui.modules.serialPortCom.SerialPortManager - In mA 250
2025-07-10 16:57:17 INFO  com.raymedis.rxviewui.modules.serialPortCom.SerialPortManager - setMa kv1: 69.0, ma1: 80.0
2025-07-10 16:57:17 INFO  com.raymedis.rxviewui.modules.serialPortCom.SerialPortManager - x: 173
2025-07-10 16:57:17 INFO  com.raymedis.rxviewui.modules.serialPortCom.SerialPortManager - Current Sent: 80.0
2025-07-10 16:57:17 INFO  com.raymedis.rxviewui.modules.serialPortCom.SerialPortManager - Calibration Val: 8.35
2025-07-10 16:57:17 INFO  com.raymedis.rxviewui.modules.serialPortCom.SerialPortManager - Calibration Val: 8.52
2025-07-10 16:57:17 INFO  com.raymedis.rxviewui.modules.serialPortCom.SerialPortManager - Calibration Val: 8.32
2025-07-10 16:57:17 INFO  com.raymedis.rxviewui.modules.serialPortCom.SerialPortManager - Calibration Val: 8.49
2025-07-10 16:57:17 INFO  com.raymedis.rxviewui.modules.serialPortCom.SerialPortManager - filamentCurrent: 8.323
2025-07-10 16:57:17 INFO  com.raymedis.rxviewui.modules.serialPortCom.SerialPortManager - KV Sent : 69.0
2025-07-10 16:57:17 INFO  com.raymedis.rxviewui.modules.serialPortCom.SerialPortManager - Calibration Val: 8.35
2025-07-10 16:57:17 INFO  com.raymedis.rxviewui.modules.serialPortCom.SerialPortManager - Calibration Val: 8.52
2025-07-10 16:57:17 INFO  com.raymedis.rxviewui.modules.serialPortCom.SerialPortManager - Calibration Val: 8.32
2025-07-10 16:57:17 INFO  com.raymedis.rxviewui.modules.serialPortCom.SerialPortManager - Calibration Val: 8.49
2025-07-10 16:57:17 INFO  com.raymedis.rxviewui.modules.serialPortCom.SerialPortManager - In short sending KV: 208
2025-07-10 16:57:17 INFO  com.raymedis.rxviewui.modules.serialPortCom.SerialPortManager - In byte sending KV: -48
2025-07-10 16:57:17 INFO  com.raymedis.serialPortCommunication.rxview_consolecom_old.TriggerCommandRxOld - Setting KV to: -48
2025-07-10 16:57:18 INFO  com.raymedis.rxviewui.service.study.StudyMainController - DecMa kv: 69.0,  MA: 80.0
2025-07-10 16:57:18 INFO  com.raymedis.rxviewui.modules.serialPortCom.SerialPortManager - decMA currentKv: 69.0, currentMa: 80.0
2025-07-10 16:57:18 INFO  com.raymedis.rxviewui.modules.serialPortCom.SerialPortManager - Current mA value: 80
2025-07-10 16:57:18 INFO  com.raymedis.rxviewui.modules.serialPortCom.SerialPortManager - x before decrement: 4, mAkW size: 6
2025-07-10 16:57:18 INFO  com.raymedis.rxviewui.modules.serialPortCom.SerialPortManager - x after decrement: 3, mAkW size: 6
2025-07-10 16:57:18 INFO  com.raymedis.rxviewui.modules.serialPortCom.SerialPortManager - New filamentCurrent: 70.0, filamentVoltage: 69.0
2025-07-10 16:57:18 INFO  com.raymedis.rxviewui.modules.serialPortCom.SerialPortManager - setMa kv1: 69.0, ma1: 70.0
2025-07-10 16:57:18 INFO  com.raymedis.rxviewui.modules.serialPortCom.SerialPortManager - x: 173
2025-07-10 16:57:18 INFO  com.raymedis.rxviewui.modules.serialPortCom.SerialPortManager - Current Sent: 70.0
2025-07-10 16:57:18 INFO  com.raymedis.rxviewui.modules.serialPortCom.SerialPortManager - Calibration Val: 8.17
2025-07-10 16:57:18 INFO  com.raymedis.rxviewui.modules.serialPortCom.SerialPortManager - Calibration Val: 8.35
2025-07-10 16:57:18 INFO  com.raymedis.rxviewui.modules.serialPortCom.SerialPortManager - Calibration Val: 8.14
2025-07-10 16:57:18 INFO  com.raymedis.rxviewui.modules.serialPortCom.SerialPortManager - Calibration Val: 8.32
2025-07-10 16:57:18 INFO  com.raymedis.rxviewui.modules.serialPortCom.SerialPortManager - filamentCurrent: 8.233
2025-07-10 16:57:18 INFO  com.raymedis.rxviewui.modules.serialPortCom.SerialPortManager - KV Sent : 69.0
2025-07-10 16:57:18 INFO  com.raymedis.rxviewui.modules.serialPortCom.SerialPortManager - Calibration Val: 8.17
2025-07-10 16:57:18 INFO  com.raymedis.rxviewui.modules.serialPortCom.SerialPortManager - Calibration Val: 8.35
2025-07-10 16:57:18 INFO  com.raymedis.rxviewui.modules.serialPortCom.SerialPortManager - Calibration Val: 8.14
2025-07-10 16:57:18 INFO  com.raymedis.rxviewui.modules.serialPortCom.SerialPortManager - Calibration Val: 8.32
2025-07-10 16:57:18 INFO  com.raymedis.rxviewui.modules.serialPortCom.SerialPortManager - In short sending KV: 206
2025-07-10 16:57:18 INFO  com.raymedis.rxviewui.modules.serialPortCom.SerialPortManager - In byte sending KV: -50
2025-07-10 16:57:18 INFO  com.raymedis.serialPortCommunication.rxview_consolecom_old.TriggerCommandRxOld - Setting KV to: -50
2025-07-10 16:57:18 INFO  com.raymedis.rxviewui.modules.serialPortCom.SerialPortManager - setExposureTime 0.05714285714285714
2025-07-10 16:57:18 INFO  com.raymedis.rxviewui.modules.serialPortCom.SerialPortManager - Exposure Time Sent - 57
2025-07-10 16:57:18 INFO  com.raymedis.serialPortCommunication.rxview_consolecom_old.TriggerCommandRxOld - Setting Exposure Time to: 57 0 and G
2025-07-10 16:57:20 INFO  com.raymedis.rxviewui.service.study.StudyMainController - DecKv KV: 69.0, MA: 70.0
2025-07-10 16:57:20 INFO  com.raymedis.rxviewui.modules.serialPortCom.SerialPortManager - decKv currentKv: 69.0, currentMa: 70.0
2025-07-10 16:57:20 WARN  com.raymedis.rxviewui.modules.serialPortCom.SerialPortManager - Unhandled mA value: 70.0
2025-07-10 16:57:20 INFO  com.raymedis.rxviewui.modules.serialPortCom.SerialPortManager - 
2025-07-10 16:57:20 INFO  com.raymedis.rxviewui.modules.serialPortCom.SerialPortManager - setMa kv1: 68.0, ma1: 70.0
2025-07-10 16:57:20 INFO  com.raymedis.rxviewui.modules.serialPortCom.SerialPortManager - x: 170
2025-07-10 16:57:20 INFO  com.raymedis.rxviewui.modules.serialPortCom.SerialPortManager - Current Sent: 70.0
2025-07-10 16:57:20 INFO  com.raymedis.rxviewui.modules.serialPortCom.SerialPortManager - Calibration Val: 8.17
2025-07-10 16:57:20 INFO  com.raymedis.rxviewui.modules.serialPortCom.SerialPortManager - Calibration Val: 8.35
2025-07-10 16:57:20 INFO  com.raymedis.rxviewui.modules.serialPortCom.SerialPortManager - Calibration Val: 8.14
2025-07-10 16:57:20 INFO  com.raymedis.rxviewui.modules.serialPortCom.SerialPortManager - Calibration Val: 8.32
2025-07-10 16:57:20 INFO  com.raymedis.rxviewui.modules.serialPortCom.SerialPortManager - filamentCurrent: 8.236
2025-07-10 16:57:20 INFO  com.raymedis.rxviewui.modules.serialPortCom.SerialPortManager - KV Sent : 68.0
2025-07-10 16:57:20 INFO  com.raymedis.rxviewui.modules.serialPortCom.SerialPortManager - Calibration Val: 8.17
2025-07-10 16:57:20 INFO  com.raymedis.rxviewui.modules.serialPortCom.SerialPortManager - Calibration Val: 8.35
2025-07-10 16:57:20 INFO  com.raymedis.rxviewui.modules.serialPortCom.SerialPortManager - Calibration Val: 8.14
2025-07-10 16:57:20 INFO  com.raymedis.rxviewui.modules.serialPortCom.SerialPortManager - Calibration Val: 8.32
2025-07-10 16:57:20 INFO  com.raymedis.rxviewui.modules.serialPortCom.SerialPortManager - In short sending KV: 206
2025-07-10 16:57:20 INFO  com.raymedis.rxviewui.modules.serialPortCom.SerialPortManager - In byte sending KV: -50
2025-07-10 16:57:20 INFO  com.raymedis.serialPortCommunication.rxview_consolecom_old.TriggerCommandRxOld - Setting KV to: -50
2025-07-10 16:57:20 INFO  com.raymedis.rxviewui.service.study.StudyMainController - DecKv KV: 68.0, MA: 70.0
2025-07-10 16:57:20 INFO  com.raymedis.rxviewui.modules.serialPortCom.SerialPortManager - decKv currentKv: 68.0, currentMa: 70.0
2025-07-10 16:57:20 WARN  com.raymedis.rxviewui.modules.serialPortCom.SerialPortManager - Unhandled mA value: 70.0
2025-07-10 16:57:20 INFO  com.raymedis.rxviewui.modules.serialPortCom.SerialPortManager - 
2025-07-10 16:57:20 INFO  com.raymedis.rxviewui.modules.serialPortCom.SerialPortManager - setMa kv1: 67.0, ma1: 70.0
2025-07-10 16:57:20 INFO  com.raymedis.rxviewui.modules.serialPortCom.SerialPortManager - x: 168
2025-07-10 16:57:20 INFO  com.raymedis.rxviewui.modules.serialPortCom.SerialPortManager - Current Sent: 70.0
2025-07-10 16:57:20 INFO  com.raymedis.rxviewui.modules.serialPortCom.SerialPortManager - Calibration Val: 8.17
2025-07-10 16:57:20 INFO  com.raymedis.rxviewui.modules.serialPortCom.SerialPortManager - Calibration Val: 8.35
2025-07-10 16:57:20 INFO  com.raymedis.rxviewui.modules.serialPortCom.SerialPortManager - Calibration Val: 8.14
2025-07-10 16:57:20 INFO  com.raymedis.rxviewui.modules.serialPortCom.SerialPortManager - Calibration Val: 8.32
2025-07-10 16:57:20 INFO  com.raymedis.rxviewui.modules.serialPortCom.SerialPortManager - filamentCurrent: 8.239
2025-07-10 16:57:20 INFO  com.raymedis.rxviewui.modules.serialPortCom.SerialPortManager - KV Sent : 67.0
2025-07-10 16:57:20 INFO  com.raymedis.rxviewui.modules.serialPortCom.SerialPortManager - Calibration Val: 8.17
2025-07-10 16:57:20 INFO  com.raymedis.rxviewui.modules.serialPortCom.SerialPortManager - Calibration Val: 8.35
2025-07-10 16:57:20 INFO  com.raymedis.rxviewui.modules.serialPortCom.SerialPortManager - Calibration Val: 8.14
2025-07-10 16:57:20 INFO  com.raymedis.rxviewui.modules.serialPortCom.SerialPortManager - Calibration Val: 8.32
2025-07-10 16:57:20 INFO  com.raymedis.rxviewui.modules.serialPortCom.SerialPortManager - In short sending KV: 206
2025-07-10 16:57:20 INFO  com.raymedis.rxviewui.modules.serialPortCom.SerialPortManager - In byte sending KV: -50
2025-07-10 16:57:20 INFO  com.raymedis.serialPortCommunication.rxview_consolecom_old.TriggerCommandRxOld - Setting KV to: -50
2025-07-10 16:57:20 INFO  com.raymedis.rxviewui.service.study.StudyMainController - DecKv KV: 67.0, MA: 70.0
2025-07-10 16:57:20 INFO  com.raymedis.rxviewui.modules.serialPortCom.SerialPortManager - decKv currentKv: 67.0, currentMa: 70.0
2025-07-10 16:57:20 WARN  com.raymedis.rxviewui.modules.serialPortCom.SerialPortManager - Unhandled mA value: 70.0
2025-07-10 16:57:20 INFO  com.raymedis.rxviewui.modules.serialPortCom.SerialPortManager - 
2025-07-10 16:57:20 INFO  com.raymedis.rxviewui.modules.serialPortCom.SerialPortManager - setMa kv1: 66.0, ma1: 70.0
2025-07-10 16:57:20 INFO  com.raymedis.rxviewui.modules.serialPortCom.SerialPortManager - x: 165
2025-07-10 16:57:20 INFO  com.raymedis.rxviewui.modules.serialPortCom.SerialPortManager - Current Sent: 70.0
2025-07-10 16:57:20 INFO  com.raymedis.rxviewui.modules.serialPortCom.SerialPortManager - Calibration Val: 8.17
2025-07-10 16:57:20 INFO  com.raymedis.rxviewui.modules.serialPortCom.SerialPortManager - Calibration Val: 8.35
2025-07-10 16:57:20 INFO  com.raymedis.rxviewui.modules.serialPortCom.SerialPortManager - Calibration Val: 8.14
2025-07-10 16:57:20 INFO  com.raymedis.rxviewui.modules.serialPortCom.SerialPortManager - Calibration Val: 8.32
2025-07-10 16:57:20 INFO  com.raymedis.rxviewui.modules.serialPortCom.SerialPortManager - filamentCurrent: 8.242
2025-07-10 16:57:20 INFO  com.raymedis.rxviewui.modules.serialPortCom.SerialPortManager - KV Sent : 66.0
2025-07-10 16:57:20 INFO  com.raymedis.rxviewui.modules.serialPortCom.SerialPortManager - Calibration Val: 8.17
2025-07-10 16:57:20 INFO  com.raymedis.rxviewui.modules.serialPortCom.SerialPortManager - Calibration Val: 8.35
2025-07-10 16:57:20 INFO  com.raymedis.rxviewui.modules.serialPortCom.SerialPortManager - Calibration Val: 8.14
2025-07-10 16:57:20 INFO  com.raymedis.rxviewui.modules.serialPortCom.SerialPortManager - Calibration Val: 8.32
2025-07-10 16:57:20 INFO  com.raymedis.rxviewui.modules.serialPortCom.SerialPortManager - In short sending KV: 206
2025-07-10 16:57:20 INFO  com.raymedis.rxviewui.modules.serialPortCom.SerialPortManager - In byte sending KV: -50
2025-07-10 16:57:20 INFO  com.raymedis.serialPortCommunication.rxview_consolecom_old.TriggerCommandRxOld - Setting KV to: -50
2025-07-10 16:57:20 INFO  com.raymedis.rxviewui.service.study.StudyMainController - DecKv KV: 66.0, MA: 70.0
2025-07-10 16:57:20 INFO  com.raymedis.rxviewui.modules.serialPortCom.SerialPortManager - decKv currentKv: 66.0, currentMa: 70.0
2025-07-10 16:57:20 WARN  com.raymedis.rxviewui.modules.serialPortCom.SerialPortManager - Unhandled mA value: 70.0
2025-07-10 16:57:20 INFO  com.raymedis.rxviewui.modules.serialPortCom.SerialPortManager - 
2025-07-10 16:57:20 INFO  com.raymedis.rxviewui.modules.serialPortCom.SerialPortManager - setMa kv1: 65.0, ma1: 70.0
2025-07-10 16:57:20 INFO  com.raymedis.rxviewui.modules.serialPortCom.SerialPortManager - x: 163
2025-07-10 16:57:20 INFO  com.raymedis.rxviewui.modules.serialPortCom.SerialPortManager - Current Sent: 70.0
2025-07-10 16:57:20 INFO  com.raymedis.rxviewui.modules.serialPortCom.SerialPortManager - Calibration Val: 8.17
2025-07-10 16:57:20 INFO  com.raymedis.rxviewui.modules.serialPortCom.SerialPortManager - Calibration Val: 8.35
2025-07-10 16:57:20 INFO  com.raymedis.rxviewui.modules.serialPortCom.SerialPortManager - Calibration Val: 8.14
2025-07-10 16:57:20 INFO  com.raymedis.rxviewui.modules.serialPortCom.SerialPortManager - Calibration Val: 8.32
2025-07-10 16:57:20 INFO  com.raymedis.rxviewui.modules.serialPortCom.SerialPortManager - filamentCurrent: 8.245000000000001
2025-07-10 16:57:20 INFO  com.raymedis.rxviewui.modules.serialPortCom.SerialPortManager - KV Sent : 65.0
2025-07-10 16:57:20 INFO  com.raymedis.rxviewui.modules.serialPortCom.SerialPortManager - Calibration Val: 8.17
2025-07-10 16:57:20 INFO  com.raymedis.rxviewui.modules.serialPortCom.SerialPortManager - Calibration Val: 8.35
2025-07-10 16:57:20 INFO  com.raymedis.rxviewui.modules.serialPortCom.SerialPortManager - Calibration Val: 8.14
2025-07-10 16:57:20 INFO  com.raymedis.rxviewui.modules.serialPortCom.SerialPortManager - Calibration Val: 8.32
2025-07-10 16:57:20 INFO  com.raymedis.rxviewui.modules.serialPortCom.SerialPortManager - In short sending KV: 206
2025-07-10 16:57:20 INFO  com.raymedis.rxviewui.modules.serialPortCom.SerialPortManager - In byte sending KV: -50
2025-07-10 16:57:20 INFO  com.raymedis.serialPortCommunication.rxview_consolecom_old.TriggerCommandRxOld - Setting KV to: -50
2025-07-10 16:57:25 INFO  com.raymedis.rxviewui.service.preProcessing.PreProcess - Processing body part: chest
2025-07-10 16:57:25 INFO  com.raymedis.rxviewui.service.preProcessing.PreProcess - Mat is 16-bit unsigned
2025-07-10 16:57:28 INFO  com.raymedis.rxviewui.service.study.StudyService - Image received Found in FPD
2025-07-10 16:57:28 INFO  com.raymedis.rxviewui.service.study.StudyService - org : CV_16UC1
2025-07-10 16:57:28 INFO  com.raymedis.rxviewui.service.study.StudyService - study mat.rows() * width : 1024 1024.0
2025-07-10 16:57:28 INFO  com.raymedis.rxviewui.service.study.StudyService - study DynamicCanvasElementsResize values set with multiple: 1.0
2025-07-10 16:57:28 INFO  com.raymedis.rxviewui.service.study.StudyService - study Line Width: 2.0, Ellipse Radius X: 8.0, Ellipse Radius Y: 8.0, Label Font Size: 14.0, Rect Width: 90.0, Rect Height: 30.0, Custom Font Icon Size: 200.0
2025-07-10 16:57:28 INFO  com.raymedis.rxviewui.modules.ImageProcessing.DrawToolsResource.CanvasMainChange - cropRect : {0, 0, 838x1024}
2025-07-10 16:57:28 INFO  com.raymedis.rxviewui.modules.ImageProcessing.DrawToolsResource.CanvasMainChange - after cropRect : {0, 0, 838x1024}
2025-07-10 16:57:28 INFO  com.raymedis.rxviewui.modules.ImageProcessing.DrawToolsResource.CanvasMainChange - displayImage : 838.0x1024.0
2025-07-10 16:57:28 INFO  com.raymedis.rxviewui.modules.ImageProcessing.DrawToolsResource.CanvasMainChange - cropRect : {0, 0, 838x1024}
2025-07-10 16:57:28 INFO  com.raymedis.rxviewui.modules.ImageProcessing.DrawToolsResource.CanvasMainChange - after cropRect : {0, 0, 838x1024}
2025-07-10 16:57:28 INFO  com.raymedis.rxviewui.modules.ImageProcessing.DrawToolsResource.CanvasMainChange - displayImage : 838.0x1024.0
2025-07-10 16:57:29 INFO  com.raymedis.rxviewui.modules.ImageProcessing.DrawToolsResource.MainDrawTool - ImagingParams is null
2025-07-10 16:57:29 INFO  com.raymedis.rxviewui.modules.ImageProcessing.DrawToolsResource.MainDrawTool - StepEntity is null, no params to apply
2025-07-10 16:57:40 INFO  com.raymedis.rxviewui.service.study.StudyMainController - Exposure timer reset after 15 seconds.
