2025-04-05 11:53:51 INFO  c.r.rxviewui.controller.LoginPage - logged In
2025-04-05 11:53:51 INFO  c.r.r.service.login.LoginController - ip mismatched 192.168.31.178 and 192.168.12.10
2025-04-05 11:53:51 INFO  c.r.r.service.login.LoginController - IP not found
2025-04-05 11:53:51 INFO  c.r.r.service.login.LoginController - initialized
2025-04-05 11:53:55 INFO  c.r.r.service.login.LoginController - No devices found!!!
2025-04-05 11:53:58 INFO  c.r.r.service.study.StudyService - Image received
2025-04-05 11:54:00 INFO  c.r.r.service.study.StudyService - Mat is not empty
2025-04-05 11:54:00 INFO  c.r.r.m.I.D.MainDrawTool - ImagingParams is null
2025-04-05 11:54:12 INFO  c.r.r.m.print.LayoutTab.LayoutTab - Sex : male
2025-04-05 11:54:12 INFO  c.r.r.m.print.LayoutTab.LayoutTab - Institutional Name : Apollo Hospital
2025-04-05 11:54:12 INFO  c.r.r.m.print.LayoutTab.LayoutTab - Institutional Adress : Film Nagar, Hyderabad, Telangana 500033
2025-04-05 11:54:12 INFO  c.r.r.m.print.LayoutTab.LayoutTab - Modality : DX
2025-04-05 11:54:21 INFO  c.r.r.m.print.LayoutTab.LayoutTab - Sex : male
2025-04-05 11:54:21 INFO  c.r.r.m.print.LayoutTab.LayoutTab - Institutional Name : Apollo Hospital
2025-04-05 11:54:21 INFO  c.r.r.m.print.LayoutTab.LayoutTab - Institutional Adress : Film Nagar, Hyderabad, Telangana 500033
2025-04-05 11:54:21 INFO  c.r.r.m.print.LayoutTab.LayoutTab - Modality : DX
2025-04-05 11:54:24 INFO  c.r.r.m.print.LayoutTab.LayoutTab - Sex : male
2025-04-05 11:54:24 INFO  c.r.r.m.print.LayoutTab.LayoutTab - Institutional Name : Apollo Hospital
2025-04-05 11:54:24 INFO  c.r.r.m.print.LayoutTab.LayoutTab - Institutional Adress : Film Nagar, Hyderabad, Telangana 500033
2025-04-05 11:54:24 INFO  c.r.r.m.print.LayoutTab.LayoutTab - Modality : DX
2025-04-05 11:54:26 INFO  c.r.r.m.print.LayoutTab.LayoutTab - Sex : male
2025-04-05 11:54:26 INFO  c.r.r.m.print.LayoutTab.LayoutTab - Institutional Name : Apollo Hospital
2025-04-05 11:54:26 INFO  c.r.r.m.print.LayoutTab.LayoutTab - Institutional Adress : Film Nagar, Hyderabad, Telangana 500033
2025-04-05 11:54:26 INFO  c.r.r.m.print.LayoutTab.LayoutTab - Modality : DX
2025-04-05 11:56:32 INFO  c.r.r.m.print.LayoutTab.LayoutTab - Sex : male
2025-04-05 11:56:32 INFO  c.r.r.m.print.LayoutTab.LayoutTab - Institutional Name : Apollo Hospital
2025-04-05 11:56:32 INFO  c.r.r.m.print.LayoutTab.LayoutTab - Institutional Adress : Film Nagar, Hyderabad, Telangana 500033
2025-04-05 11:56:32 INFO  c.r.r.m.print.LayoutTab.LayoutTab - Modality : DX
