2025-04-05 18:19:00 INFO  c.r.rxviewui.controller.LoginPage - logged In
2025-04-05 18:19:00 INFO  c.r.r.service.login.LoginController - ip mismatched 192.168.31.178 and 192.168.12.10
2025-04-05 18:19:00 INFO  c.r.r.service.login.LoginController - IP not found
2025-04-05 18:19:00 INFO  c.r.r.service.login.LoginController - initialized
2025-04-05 18:19:04 INFO  c.r.r.service.login.LoginController - No devices found!!!
2025-04-05 18:19:06 INFO  c.r.r.service.study.StudyService - Image received
2025-04-05 18:19:08 INFO  c.r.r.service.study.StudyService - Mat is not empty
2025-04-05 18:19:08 INFO  c.r.r.m.I.D.MainDrawTool - ImagingParams is null
2025-04-05 18:19:11 INFO  c.r.r.service.study.StudyService - Image received
2025-04-05 18:19:12 INFO  c.r.r.service.study.StudyService - Mat is not empty
2025-04-05 18:19:13 INFO  c.r.r.m.I.D.MainDrawTool - ImagingParams is null
2025-04-05 18:19:27 INFO  c.r.r.m.p.LayoutTab.LayoutCreator - Skull
2025-04-05 18:19:29 INFO  c.r.r.m.p.LayoutTab.LayoutCreator - Skull
2025-04-05 18:19:30 INFO  c.r.r.m.p.LayoutTab.LayoutCreator - Skull
2025-04-05 18:19:32 INFO  c.r.r.m.p.LayoutTab.LayoutCreator - Chest
2025-04-05 18:19:34 INFO  c.r.r.m.p.LayoutTab.LayoutCreator - Chest
2025-04-05 18:19:37 INFO  c.r.r.m.p.LayoutTab.LayoutCreator - Skull
2025-04-05 18:19:38 INFO  c.r.r.m.p.LayoutTab.LayoutCreator - Skull
2025-04-05 18:19:39 INFO  c.r.r.m.p.LayoutTab.LayoutCreator - Chest
2025-04-05 18:19:44 INFO  c.r.r.m.p.LayoutTab.LayoutCreator - Skull
