2025-04-04 17:57:40 INFO  c.r.rxviewui.controller.LoginPage - logged In
2025-04-04 17:57:40 INFO  c.r.r.service.login.LoginController - ip mismatched 192.168.31.178 and 192.168.12.10
2025-04-04 17:57:40 INFO  c.r.r.service.login.LoginController - IP not found
2025-04-04 17:57:40 INFO  c.r.r.service.login.LoginController - initialized
2025-04-04 17:57:44 INFO  c.r.r.service.login.LoginController - No devices found!!!
2025-04-04 17:57:47 INFO  c.r.r.service.study.StudyService - Image received
2025-04-04 17:57:48 INFO  c.r.r.service.study.StudyService - Mat is not empty
2025-04-04 17:57:49 INFO  c.r.r.m.I.D.MainDrawTool - ImagingParams is null
2025-04-04 17:57:50 INFO  c.r.r.service.print.PrintService - loadStudyData patientStudy : PatientPrintData{patientId='', patientName='', age=0, height=0.0, weight=0.0, birthDate=2025-04-04T17:57:44.755001100, patientSize='Medium', sex='male', patientInstituteResidence='', studyId='202504040009', studyUid=' ', isRejected=false, accessionNum='', modality='DX', requestProcedurePriority='', additionalPatientHistory='', admittingDiagnosisDescription='', studyDescription='', procedureCode='None', studyDateTime=2025-04-04T17:57:44.759988100, registerDateTime=2025-04-04T17:57:44.759988100, scheduledDateTime=2025-04-04T17:57:44.759988100, exposedDateTime=2025-04-04T17:57:47.061268800, patientComments='', readingPhysician='', performingPhysician='', referringPhysician='', institution='Apollo Hospital', patientPrintImageDataList=[PatientPrintImageData{imageSessionId='Chest AP', isExposed=true, isRejected=false, bodyPartName='Chest', bodyPartPosition='AP', thumbNail=Mat [ 3052*2500*CV_8UC3, isCont=true, isSubmat=false, nativeObj=0x24ec611c390, dataAddr=0x24f06e6e080 ], imageMat=Mat [ 3052*2500*CV_8UC3, isCont=true, isSubmat=false, nativeObj=0x24ec6122de0, dataAddr=0x24f0dbea080 ], editedMat=Mat [ 1024*838*CV_8UC3, isCont=true, isSubmat=false, nativeObj=0x24ec61216b0, dataAddr=0x24ed7ecb080 ], exposureDateTime=2025-04-04T17:57:48.501099300, instanceUid='', seriesUid='', instanceId='1', seriesId='1', studyInstanceUID='', isCrop=false, windowLevel=0.0, windowWidth=1.0, zoomFactor=1.0, angleFactor=0.0, imageLeft=0.0, imageTop=0.0, isHFlip=false, isVFlip=false, isInvert=false, mAs=2.5, mA=200.0, KV=120.0, ms=12.5, patientPrintAngleDrawWrappers=[], patientPrintDistanceDrawWrappers=[], patientPrintTextDrawWrappers=[], rectX=0.0, rectY=0.0, rectWidth=838.0, rectHeight=1024.0, offsetX=0.0, offsetY=0.0, text='null'}, PatientPrintImageData{imageSessionId='Chest PA', isExposed=false, isRejected=false, bodyPartName='Chest', bodyPartPosition='PA', thumbNail=Mat [ 400*400*CV_8UC4, isCont=true, isSubmat=false, nativeObj=0x24ec5b82230, dataAddr=0x24ec56afd00 ], imageMat=null, editedMat=null, exposureDateTime=null, instanceUid='', seriesUid='', instanceId='1', seriesId='2', studyInstanceUID='', isCrop=false, windowLevel=0.0, windowWidth=0.0, zoomFactor=0.0, angleFactor=0.0, imageLeft=0.0, imageTop=0.0, isHFlip=false, isVFlip=false, isInvert=false, mAs=0.0, mA=0.0, KV=0.0, ms=0.0, patientPrintAngleDrawWrappers=[], patientPrintDistanceDrawWrappers=[], patientPrintTextDrawWrappers=[], rectX=0.0, rectY=0.0, rectWidth=0.0, rectHeight=0.0, offsetX=0.0, offsetY=0.0, text='null'}, PatientPrintImageData{imageSessionId='Skull AP', isExposed=false, isRejected=false, bodyPartName='Skull', bodyPartPosition='AP', thumbNail=Mat [ 400*400*CV_8UC4, isCont=true, isSubmat=false, nativeObj=0x24ec5b82310, dataAddr=0x24ec795f080 ], imageMat=null, editedMat=null, exposureDateTime=null, instanceUid='', seriesUid='', instanceId='1', seriesId='3', studyInstanceUID='', isCrop=false, windowLevel=0.0, windowWidth=0.0, zoomFactor=0.0, angleFactor=0.0, imageLeft=0.0, imageTop=0.0, isHFlip=false, isVFlip=false, isInvert=false, mAs=0.0, mA=0.0, KV=0.0, ms=0.0, patientPrintAngleDrawWrappers=[], patientPrintDistanceDrawWrappers=[], patientPrintTextDrawWrappers=[], rectX=0.0, rectY=0.0, rectWidth=0.0, rectHeight=0.0, offsetX=0.0, offsetY=0.0, text='null'}]}
2025-04-04 17:57:55 INFO  c.r.r.m.p.LayoutTab.LayoutCreator - name : Chest_AP
2025-04-04 17:58:11 INFO  c.r.r.m.p.LayoutTab.LayoutCreator - name : Chest_AP
2025-04-04 17:58:11 INFO  c.r.r.m.p.LayoutTab.LayoutCreator - name : Chest_AP
2025-04-04 17:58:32 INFO  c.r.r.m.p.LayoutTab.LayoutCreator - name : Chest_AP
2025-04-04 17:58:34 INFO  c.r.r.m.p.LayoutTab.LayoutCreator - name : Chest_AP
2025-04-04 17:58:35 INFO  c.r.r.m.p.LayoutTab.LayoutCreator - name : Chest_AP
2025-04-04 17:58:35 INFO  c.r.r.m.p.LayoutTab.LayoutCreator - name : Chest_AP
2025-04-04 17:58:36 INFO  c.r.r.m.p.LayoutTab.LayoutCreator - name : Chest_AP
2025-04-04 17:58:36 INFO  c.r.r.m.p.LayoutTab.LayoutCreator - name : Chest_AP
2025-04-04 17:58:36 INFO  c.r.r.m.p.LayoutTab.LayoutCreator - name : Chest_AP
2025-04-04 17:59:03 INFO  c.r.r.m.p.LayoutTab.LayoutCreator - name : Chest_AP
