2025-04-04 18:20:55 INFO  c.r.rxviewui.controller.LoginPage - logged In
2025-04-04 18:20:56 INFO  c.r.r.service.login.LoginController - ip mismatched 192.168.31.178 and 192.168.12.10
2025-04-04 18:20:56 INFO  c.r.r.service.login.LoginController - IP not found
2025-04-04 18:20:56 INFO  c.r.r.service.login.LoginController - initialized
2025-04-04 18:21:00 INFO  c.r.r.service.login.LoginController - No devices found!!!
2025-04-04 18:21:02 INFO  c.r.r.service.study.StudyService - Image received
2025-04-04 18:21:03 INFO  c.r.r.service.study.StudyService - Mat is not empty
2025-04-04 18:21:04 INFO  c.r.r.m.I.D.MainDrawTool - ImagingParams is null
2025-04-04 18:21:35 INFO  c.r.r.m.p.LayoutTab.LayoutCreator - name : Chest_AP
2025-04-04 18:21:37 INFO  c.r.r.m.p.LayoutTab.LayoutCreator - name : Chest_AP
2025-04-04 18:22:32 INFO  c.r.r.m.p.LayoutTab.LayoutCreator - name : Chest_AP
2025-04-04 18:22:38 INFO  c.r.r.m.p.LayoutTab.LayoutCreator - name : Chest_AP
2025-04-04 18:22:39 INFO  c.r.r.m.p.LayoutTab.LayoutCreator - name : Chest_AP
2025-04-04 18:22:40 INFO  c.r.r.m.p.LayoutTab.LayoutCreator - name : Chest_AP
2025-04-04 18:22:41 INFO  c.r.r.m.p.LayoutTab.LayoutCreator - name : Chest_AP
2025-04-04 18:22:43 INFO  c.r.r.m.p.LayoutTab.LayoutCreator - name : Chest_AP
2025-04-04 18:22:44 INFO  c.r.r.m.p.LayoutTab.LayoutCreator - name : Chest_AP
2025-04-04 18:22:45 INFO  c.r.r.m.p.LayoutTab.LayoutCreator - name : Chest_AP
2025-04-04 18:22:46 INFO  c.r.r.m.p.LayoutTab.LayoutCreator - name : Chest_AP
2025-04-04 18:22:49 INFO  c.r.r.m.p.LayoutTab.LayoutCreator - name : Chest_AP
2025-04-04 18:22:50 INFO  c.r.r.m.p.LayoutTab.LayoutCreator - name : Chest_AP
2025-04-04 18:22:53 INFO  c.r.r.m.p.LayoutTab.LayoutCreator - name : Chest_AP
2025-04-04 18:22:55 INFO  c.r.r.m.p.LayoutTab.LayoutCreator - name : Chest_AP
2025-04-04 18:22:56 INFO  c.r.r.m.p.LayoutTab.LayoutCreator - name : Chest_AP
2025-04-04 18:22:57 INFO  c.r.r.m.p.LayoutTab.LayoutCreator - name : Chest_AP
2025-04-04 18:22:58 INFO  c.r.r.m.p.LayoutTab.LayoutCreator - name : Chest_AP
2025-04-04 18:23:00 INFO  c.r.r.m.p.LayoutTab.LayoutCreator - name : Chest_AP
2025-04-04 18:23:01 INFO  c.r.r.m.p.LayoutTab.LayoutCreator - name : Chest_AP
2025-04-04 18:23:05 INFO  c.r.r.m.p.LayoutTab.LayoutCreator - name : Chest_AP
2025-04-04 18:23:06 INFO  c.r.r.m.p.LayoutTab.LayoutCreator - name : Chest_AP
2025-04-04 18:23:07 INFO  c.r.r.m.p.LayoutTab.LayoutCreator - name : Chest_AP
2025-04-04 18:23:08 INFO  c.r.r.m.p.LayoutTab.LayoutCreator - name : Chest_AP
