2025-07-16 17:14:40 INFO  c.r.r.s.study.StudyMainController - Console is ON
2025-07-16 17:14:53 INFO  c.r.rxviewui.controller.LoginPage - logged In
2025-07-16 17:14:53 INFO  c.r.r.service.login.LoginController - 192.168.12.10
2025-07-16 17:14:53 INFO  c.r.r.service.login.LoginController - No Wi-Fi interface found or no IPv4 address assigned.
2025-07-16 17:14:59 INFO  c.r.r.s.study.StudyMainController - Setting console values for body part: Chest
2025-07-16 17:14:59 INFO  c.r.r.m.s.SerialPortManager - Setting Xray Console - kv: 70.0, ma: 80, mas: 4.0
2025-07-16 17:14:59 INFO  c.r.r.m.s.SerialPortManager - setMa kv1: 70.0, ma1: 80.0
2025-07-16 17:14:59 INFO  c.r.r.m.s.SerialPortManager - x: 175
2025-07-16 17:14:59 INFO  c.r.r.m.s.SerialPortManager - Current Sent: 80.0
2025-07-16 17:14:59 INFO  c.r.r.m.s.SerialPortManager - Calibration Val: 8.32
2025-07-16 17:14:59 INFO  c.r.r.m.s.SerialPortManager - Calibration Val: 8.49
2025-07-16 17:14:59 INFO  c.r.r.m.s.SerialPortManager - Calibration Val: 8.29
2025-07-16 17:14:59 INFO  c.r.r.m.s.SerialPortManager - Calibration Val: 8.49
2025-07-16 17:14:59 INFO  c.r.r.m.s.SerialPortManager - filamentCurrent: 8.32
2025-07-16 17:14:59 INFO  c.r.r.m.s.SerialPortManager - KV Sent : 70.0
2025-07-16 17:14:59 INFO  c.r.r.m.s.SerialPortManager - Calibration Val: 8.32
2025-07-16 17:14:59 INFO  c.r.r.m.s.SerialPortManager - Calibration Val: 8.49
2025-07-16 17:14:59 INFO  c.r.s.r.TriggerCommandRxOld - Serial port is not open.
2025-07-16 17:14:59 INFO  c.r.r.m.s.SerialPortManager - Calibration Val: 8.29
2025-07-16 17:14:59 INFO  c.r.r.m.s.SerialPortManager - Calibration Val: 8.49
2025-07-16 17:14:59 INFO  c.r.r.m.s.SerialPortManager - In short sending KV: 208
2025-07-16 17:14:59 INFO  c.r.r.m.s.SerialPortManager - In byte sending KV: -48
2025-07-16 17:14:59 INFO  c.r.r.m.s.SerialPortManager - setExposureTime 0.05
2025-07-16 17:14:59 INFO  c.r.r.m.s.SerialPortManager - Exposure Time Sent - 50
2025-07-16 17:14:59 INFO  c.r.s.r.TriggerCommandRxOld - Setting KV to: -48
2025-07-16 17:14:59 INFO  c.r.s.r.TriggerCommandRxOld - Serial port is not open.
2025-07-16 17:14:59 INFO  c.r.s.r.TriggerCommandRxOld - Setting Exposure Time to: 50 0 and G
2025-07-16 17:14:59 INFO  c.r.s.r.TriggerCommandRxOld - Serial port is not open.
2025-07-16 17:15:13 INFO  c.r.r.service.study.StudyService - current bodyPart chest AP
2025-07-16 17:15:13 INFO  c.r.r.s.preProcessing.PreProcess - Processing body part: chest
2025-07-16 17:15:13 INFO  c.r.r.s.preProcessing.PreProcess - Mat is 16-bit unsigned
2025-07-16 17:15:16 INFO  c.r.r.service.study.StudyService - Image received Found in FPD
2025-07-16 17:15:17 INFO  c.r.r.service.study.StudyService - org : CV_16UC1
2025-07-16 17:15:17 INFO  c.r.r.service.study.StudyService - study mat.rows() * width : 1024 1024.0
2025-07-16 17:15:17 INFO  c.r.r.service.study.StudyService - study DynamicCanvasElementsResize values set with multiple: 1.0
2025-07-16 17:15:17 INFO  c.r.r.service.study.StudyService - study Line Width: 2.0, Ellipse Radius X: 8.0, Ellipse Radius Y: 8.0, Label Font Size: 14.0, Rect Width: 90.0, Rect Height: 30.0, Custom Font Icon Size: 200.0
2025-07-16 17:15:17 INFO  c.r.r.m.I.D.CanvasMainChange - cropRect : {0, 0, 838x1024}
2025-07-16 17:15:17 INFO  c.r.r.m.I.D.CanvasMainChange - after cropRect : {0, 0, 838x1024}
2025-07-16 17:15:17 INFO  c.r.r.m.I.D.CanvasMainChange - displayImage : 838.0x1024.0
2025-07-16 17:15:17 INFO  c.r.r.m.I.D.CanvasMainChange - cropRect : {0, 0, 838x1024}
2025-07-16 17:15:17 INFO  c.r.r.m.I.D.CanvasMainChange - after cropRect : {0, 0, 838x1024}
2025-07-16 17:15:17 INFO  c.r.r.m.I.D.CanvasMainChange - displayImage : 838.0x1024.0
2025-07-16 17:15:17 INFO  c.r.r.m.I.D.MainDrawTool - ImagingParams is null
2025-07-16 17:15:17 INFO  c.r.r.m.I.D.MainDrawTool - StepEntity is null, no params to apply
2025-07-16 17:15:21 INFO  c.r.r.s.study.ProcessingToolsService - Processing Denoise Slider with value: 3.13
2025-07-16 17:15:21 INFO  c.r.r.s.study.ProcessingToolsService - Processing Denoise Slider with value: 3.27
2025-07-16 17:15:21 INFO  c.r.r.s.study.ProcessingToolsService - Processing Denoise Slider with value: 3.4
2025-07-16 17:15:21 INFO  c.r.r.s.study.ProcessingToolsService - Processing Denoise Slider with value: 3.66
2025-07-16 17:15:21 INFO  c.r.r.s.study.ProcessingToolsService - Processing Denoise Slider with value: 4.06
2025-07-16 17:15:21 INFO  c.r.r.s.study.ProcessingToolsService - Processing Denoise Slider with value: 4.46
2025-07-16 17:15:21 INFO  c.r.r.s.study.ProcessingToolsService - Processing Denoise Slider with value: 4.86
2025-07-16 17:15:21 INFO  c.r.r.s.study.ProcessingToolsService - Processing Denoise Slider with value: 5.53
2025-07-16 17:15:21 INFO  c.r.r.s.study.ProcessingToolsService - Processing Denoise Slider with value: 5.93
2025-07-16 17:15:21 INFO  c.r.r.s.study.ProcessingToolsService - Processing Denoise Slider with value: 6.19
2025-07-16 17:15:21 INFO  c.r.r.m.I.D.CanvasMainChange - cropRect : {0, 0, 838x1024}
2025-07-16 17:15:21 INFO  c.r.r.m.I.D.CanvasMainChange - after cropRect : {0, 0, 838x1024}
2025-07-16 17:15:21 INFO  c.r.r.m.I.D.CanvasMainChange - displayImage : 838.0x1024.0
2025-07-16 17:15:21 INFO  c.r.r.s.study.ProcessingToolsService - Processing Denoise Slider with value: 7.65
2025-07-16 17:15:22 INFO  c.r.r.s.study.ProcessingToolsService - Processing Denoise Slider with value: 7.79
2025-07-16 17:15:22 INFO  c.r.r.s.study.ProcessingToolsService - Processing Denoise Slider with value: 8.19
2025-07-16 17:15:22 INFO  c.r.r.s.study.ProcessingToolsService - Processing Denoise Slider with value: 8.32
2025-07-16 17:15:22 INFO  c.r.r.s.study.ProcessingToolsService - Processing Denoise Slider with value: 8.45
2025-07-16 17:15:22 INFO  c.r.r.m.I.D.CanvasMainChange - cropRect : {0, 0, 838x1024}
2025-07-16 17:15:22 INFO  c.r.r.m.I.D.CanvasMainChange - after cropRect : {0, 0, 838x1024}
2025-07-16 17:15:22 INFO  c.r.r.m.I.D.CanvasMainChange - displayImage : 838.0x1024.0
2025-07-16 17:15:22 INFO  c.r.r.s.study.ProcessingToolsService - Processing Denoise Slider with value: 10.18
2025-07-16 17:15:22 INFO  c.r.r.s.study.ProcessingToolsService - Processing Denoise Slider with value: 10.58
2025-07-16 17:15:22 INFO  c.r.r.s.study.ProcessingToolsService - Processing Denoise Slider with value: 10.98
2025-07-16 17:15:22 INFO  c.r.r.m.I.D.CanvasMainChange - cropRect : {0, 0, 838x1024}
2025-07-16 17:15:22 INFO  c.r.r.m.I.D.CanvasMainChange - after cropRect : {0, 0, 838x1024}
2025-07-16 17:15:22 INFO  c.r.r.m.I.D.CanvasMainChange - displayImage : 838.0x1024.0
2025-07-16 17:15:22 INFO  c.r.r.s.study.ProcessingToolsService - Processing Denoise Slider with value: 13.64
2025-07-16 17:15:22 INFO  c.r.r.s.study.ProcessingToolsService - Processing Denoise Slider with value: 13.77
2025-07-16 17:15:22 INFO  c.r.r.s.study.ProcessingToolsService - Processing Denoise Slider with value: 13.9
2025-07-16 17:15:22 INFO  c.r.r.m.I.D.CanvasMainChange - cropRect : {0, 0, 838x1024}
2025-07-16 17:15:22 INFO  c.r.r.m.I.D.CanvasMainChange - after cropRect : {0, 0, 838x1024}
2025-07-16 17:15:22 INFO  c.r.r.m.I.D.CanvasMainChange - displayImage : 838.0x1024.0
2025-07-16 17:15:22 INFO  c.r.r.s.study.ProcessingToolsService - Processing Denoise Slider with value: 14.83
2025-07-16 17:15:22 INFO  c.r.r.s.study.ProcessingToolsService - Processing Denoise Slider with value: 14.97
2025-07-16 17:15:22 INFO  c.r.r.s.study.ProcessingToolsService - Processing Denoise Slider with value: 15.1
2025-07-16 17:15:22 INFO  c.r.r.s.study.ProcessingToolsService - Processing Denoise Slider with value: 15.37
2025-07-16 17:15:22 INFO  c.r.r.m.I.D.CanvasMainChange - cropRect : {0, 0, 838x1024}
2025-07-16 17:15:22 INFO  c.r.r.m.I.D.CanvasMainChange - after cropRect : {0, 0, 838x1024}
2025-07-16 17:15:22 INFO  c.r.r.m.I.D.CanvasMainChange - displayImage : 838.0x1024.0
2025-07-16 17:15:22 INFO  c.r.r.s.study.ProcessingToolsService - Processing Denoise Slider with value: 15.76
2025-07-16 17:15:22 INFO  c.r.r.s.study.ProcessingToolsService - Processing Denoise Slider with value: 15.9
2025-07-16 17:15:22 INFO  c.r.r.s.study.ProcessingToolsService - Processing Denoise Slider with value: 16.16
2025-07-16 17:15:22 INFO  c.r.r.s.study.ProcessingToolsService - Processing Denoise Slider with value: 16.43
2025-07-16 17:15:22 INFO  c.r.r.m.I.D.CanvasMainChange - cropRect : {0, 0, 838x1024}
2025-07-16 17:15:22 INFO  c.r.r.m.I.D.CanvasMainChange - after cropRect : {0, 0, 838x1024}
2025-07-16 17:15:22 INFO  c.r.r.m.I.D.CanvasMainChange - displayImage : 838.0x1024.0
2025-07-16 17:15:22 INFO  c.r.r.s.study.ProcessingToolsService - Processing Denoise Slider with value: 19.22
2025-07-16 17:15:22 INFO  c.r.r.s.study.ProcessingToolsService - Processing Denoise Slider with value: 19.49
2025-07-16 17:15:22 INFO  c.r.r.s.study.ProcessingToolsService - Processing Denoise Slider with value: 19.75
2025-07-16 17:15:22 INFO  c.r.r.m.I.D.CanvasMainChange - cropRect : {0, 0, 838x1024}
2025-07-16 17:15:22 INFO  c.r.r.m.I.D.CanvasMainChange - after cropRect : {0, 0, 838x1024}
2025-07-16 17:15:22 INFO  c.r.r.m.I.D.CanvasMainChange - displayImage : 838.0x1024.0
2025-07-16 17:15:22 INFO  c.r.r.s.study.ProcessingToolsService - Processing Denoise Slider with value: 20.68
2025-07-16 17:15:22 INFO  c.r.r.s.study.ProcessingToolsService - Processing Denoise Slider with value: 20.95
2025-07-16 17:15:22 INFO  c.r.r.s.study.ProcessingToolsService - Processing Denoise Slider with value: 21.35
2025-07-16 17:15:22 INFO  c.r.r.m.I.D.CanvasMainChange - cropRect : {0, 0, 838x1024}
2025-07-16 17:15:22 INFO  c.r.r.m.I.D.CanvasMainChange - after cropRect : {0, 0, 838x1024}
2025-07-16 17:15:22 INFO  c.r.r.m.I.D.CanvasMainChange - displayImage : 838.0x1024.0
2025-07-16 17:15:22 INFO  c.r.r.s.study.ProcessingToolsService - Processing Denoise Slider with value: 22.68
2025-07-16 17:15:22 INFO  c.r.r.s.study.ProcessingToolsService - Processing Denoise Slider with value: 22.81
2025-07-16 17:15:22 INFO  c.r.r.m.I.D.CanvasMainChange - cropRect : {0, 0, 838x1024}
2025-07-16 17:15:22 INFO  c.r.r.m.I.D.CanvasMainChange - after cropRect : {0, 0, 838x1024}
2025-07-16 17:15:22 INFO  c.r.r.m.I.D.CanvasMainChange - displayImage : 838.0x1024.0
2025-07-16 17:15:22 INFO  c.r.r.s.study.ProcessingToolsService - Processing Denoise Slider with value: 23.08
2025-07-16 17:15:22 INFO  c.r.r.s.study.ProcessingToolsService - Processing Denoise Slider with value: 23.21
2025-07-16 17:15:22 INFO  c.r.r.m.I.D.CanvasMainChange - cropRect : {0, 0, 838x1024}
2025-07-16 17:15:22 INFO  c.r.r.m.I.D.CanvasMainChange - after cropRect : {0, 0, 838x1024}
2025-07-16 17:15:22 INFO  c.r.r.m.I.D.CanvasMainChange - displayImage : 838.0x1024.0
2025-07-16 17:15:22 INFO  c.r.r.s.study.ProcessingToolsService - Processing Denoise Slider with value: 23.61
2025-07-16 17:15:22 INFO  c.r.r.s.study.ProcessingToolsService - Processing Denoise Slider with value: 23.74
2025-07-16 17:15:22 INFO  c.r.r.s.study.ProcessingToolsService - Processing Denoise Slider with value: 24.01
2025-07-16 17:15:22 INFO  c.r.r.m.I.D.CanvasMainChange - cropRect : {0, 0, 838x1024}
2025-07-16 17:15:22 INFO  c.r.r.m.I.D.CanvasMainChange - after cropRect : {0, 0, 838x1024}
2025-07-16 17:15:22 INFO  c.r.r.m.I.D.CanvasMainChange - displayImage : 838.0x1024.0
2025-07-16 17:15:22 INFO  c.r.r.m.I.D.CanvasMainChange - cropRect : {0, 0, 838x1024}
2025-07-16 17:15:22 INFO  c.r.r.m.I.D.CanvasMainChange - after cropRect : {0, 0, 838x1024}
2025-07-16 17:15:22 INFO  c.r.r.m.I.D.CanvasMainChange - displayImage : 838.0x1024.0
2025-07-16 17:15:22 INFO  c.r.r.m.I.D.CanvasMainChange - cropRect : {0, 0, 838x1024}
2025-07-16 17:15:22 INFO  c.r.r.m.I.D.CanvasMainChange - after cropRect : {0, 0, 838x1024}
2025-07-16 17:15:22 INFO  c.r.r.m.I.D.CanvasMainChange - displayImage : 838.0x1024.0
2025-07-16 17:15:22 INFO  c.r.r.s.study.ProcessingToolsService - Processing Denoise Slider with value: 25.0
2025-07-16 17:15:22 INFO  c.r.r.m.I.D.CanvasMainChange - cropRect : {0, 0, 838x1024}
2025-07-16 17:15:22 INFO  c.r.r.m.I.D.CanvasMainChange - after cropRect : {0, 0, 838x1024}
2025-07-16 17:15:22 INFO  c.r.r.m.I.D.CanvasMainChange - displayImage : 838.0x1024.0
2025-07-16 17:15:22 INFO  c.r.r.m.I.D.CanvasMainChange - cropRect : {0, 0, 838x1024}
2025-07-16 17:15:22 INFO  c.r.r.m.I.D.CanvasMainChange - after cropRect : {0, 0, 838x1024}
2025-07-16 17:15:22 INFO  c.r.r.m.I.D.CanvasMainChange - displayImage : 838.0x1024.0
2025-07-16 17:15:23 INFO  c.r.r.m.I.D.CanvasMainChange - cropRect : {0, 0, 838x1024}
2025-07-16 17:15:23 INFO  c.r.r.m.I.D.CanvasMainChange - after cropRect : {0, 0, 838x1024}
2025-07-16 17:15:23 INFO  c.r.r.m.I.D.CanvasMainChange - displayImage : 838.0x1024.0
2025-07-16 17:15:23 INFO  c.r.r.m.I.D.CanvasMainChange - cropRect : {0, 0, 838x1024}
2025-07-16 17:15:23 INFO  c.r.r.m.I.D.CanvasMainChange - after cropRect : {0, 0, 838x1024}
2025-07-16 17:15:23 INFO  c.r.r.m.I.D.CanvasMainChange - displayImage : 838.0x1024.0
2025-07-16 17:15:23 INFO  c.r.r.m.I.D.CanvasMainChange - cropRect : {0, 0, 838x1024}
2025-07-16 17:15:23 INFO  c.r.r.m.I.D.CanvasMainChange - after cropRect : {0, 0, 838x1024}
2025-07-16 17:15:23 INFO  c.r.r.m.I.D.CanvasMainChange - displayImage : 838.0x1024.0
2025-07-16 17:15:23 INFO  c.r.r.m.I.D.CanvasMainChange - cropRect : {0, 0, 838x1024}
2025-07-16 17:15:23 INFO  c.r.r.m.I.D.CanvasMainChange - after cropRect : {0, 0, 838x1024}
2025-07-16 17:15:23 INFO  c.r.r.m.I.D.CanvasMainChange - displayImage : 838.0x1024.0
2025-07-16 17:15:23 INFO  c.r.r.m.I.D.CanvasMainChange - cropRect : {0, 0, 838x1024}
2025-07-16 17:15:23 INFO  c.r.r.m.I.D.CanvasMainChange - after cropRect : {0, 0, 838x1024}
2025-07-16 17:15:23 INFO  c.r.r.m.I.D.CanvasMainChange - displayImage : 838.0x1024.0
2025-07-16 17:15:23 INFO  c.r.r.m.I.D.CanvasMainChange - cropRect : {0, 0, 838x1024}
2025-07-16 17:15:23 INFO  c.r.r.m.I.D.CanvasMainChange - after cropRect : {0, 0, 838x1024}
2025-07-16 17:15:23 INFO  c.r.r.m.I.D.CanvasMainChange - displayImage : 838.0x1024.0
2025-07-16 17:15:23 INFO  c.r.r.m.I.D.CanvasMainChange - cropRect : {0, 0, 838x1024}
2025-07-16 17:15:23 INFO  c.r.r.m.I.D.CanvasMainChange - after cropRect : {0, 0, 838x1024}
2025-07-16 17:15:23 INFO  c.r.r.m.I.D.CanvasMainChange - displayImage : 838.0x1024.0
2025-07-16 17:15:23 INFO  c.r.r.m.I.D.CanvasMainChange - cropRect : {0, 0, 838x1024}
2025-07-16 17:15:23 INFO  c.r.r.m.I.D.CanvasMainChange - after cropRect : {0, 0, 838x1024}
2025-07-16 17:15:23 INFO  c.r.r.m.I.D.CanvasMainChange - displayImage : 838.0x1024.0
2025-07-16 17:15:23 INFO  c.r.r.m.I.D.CanvasMainChange - cropRect : {0, 0, 838x1024}
2025-07-16 17:15:23 INFO  c.r.r.m.I.D.CanvasMainChange - after cropRect : {0, 0, 838x1024}
2025-07-16 17:15:23 INFO  c.r.r.m.I.D.CanvasMainChange - displayImage : 838.0x1024.0
2025-07-16 17:15:23 INFO  c.r.r.m.I.D.CanvasMainChange - cropRect : {0, 0, 838x1024}
2025-07-16 17:15:23 INFO  c.r.r.m.I.D.CanvasMainChange - after cropRect : {0, 0, 838x1024}
2025-07-16 17:15:23 INFO  c.r.r.m.I.D.CanvasMainChange - displayImage : 838.0x1024.0
2025-07-16 17:15:23 INFO  c.r.r.m.I.D.CanvasMainChange - cropRect : {0, 0, 838x1024}
2025-07-16 17:15:23 INFO  c.r.r.m.I.D.CanvasMainChange - after cropRect : {0, 0, 838x1024}
2025-07-16 17:15:23 INFO  c.r.r.m.I.D.CanvasMainChange - displayImage : 838.0x1024.0
2025-07-16 17:15:23 INFO  c.r.r.m.I.D.CanvasMainChange - cropRect : {0, 0, 838x1024}
2025-07-16 17:15:23 INFO  c.r.r.m.I.D.CanvasMainChange - after cropRect : {0, 0, 838x1024}
2025-07-16 17:15:23 INFO  c.r.r.m.I.D.CanvasMainChange - displayImage : 838.0x1024.0
2025-07-16 17:15:23 INFO  c.r.r.m.I.D.CanvasMainChange - cropRect : {0, 0, 838x1024}
2025-07-16 17:15:23 INFO  c.r.r.m.I.D.CanvasMainChange - after cropRect : {0, 0, 838x1024}
2025-07-16 17:15:23 INFO  c.r.r.m.I.D.CanvasMainChange - displayImage : 838.0x1024.0
2025-07-16 17:15:24 INFO  c.r.r.m.I.D.CanvasMainChange - cropRect : {0, 0, 838x1024}
2025-07-16 17:15:24 INFO  c.r.r.m.I.D.CanvasMainChange - after cropRect : {0, 0, 838x1024}
2025-07-16 17:15:24 INFO  c.r.r.m.I.D.CanvasMainChange - displayImage : 838.0x1024.0
2025-07-16 17:15:24 INFO  c.r.r.m.I.D.CanvasMainChange - cropRect : {0, 0, 838x1024}
2025-07-16 17:15:24 INFO  c.r.r.m.I.D.CanvasMainChange - after cropRect : {0, 0, 838x1024}
2025-07-16 17:15:24 INFO  c.r.r.m.I.D.CanvasMainChange - displayImage : 838.0x1024.0
2025-07-16 17:15:24 INFO  c.r.r.m.I.D.CanvasMainChange - cropRect : {0, 0, 838x1024}
2025-07-16 17:15:24 INFO  c.r.r.m.I.D.CanvasMainChange - after cropRect : {0, 0, 838x1024}
2025-07-16 17:15:24 INFO  c.r.r.m.I.D.CanvasMainChange - displayImage : 838.0x1024.0
2025-07-16 17:15:24 INFO  c.r.r.m.I.D.CanvasMainChange - cropRect : {0, 0, 838x1024}
2025-07-16 17:15:24 INFO  c.r.r.m.I.D.CanvasMainChange - after cropRect : {0, 0, 838x1024}
2025-07-16 17:15:24 INFO  c.r.r.m.I.D.CanvasMainChange - displayImage : 838.0x1024.0
2025-07-16 17:15:24 INFO  c.r.r.m.I.D.CanvasMainChange - cropRect : {0, 0, 838x1024}
2025-07-16 17:15:24 INFO  c.r.r.m.I.D.CanvasMainChange - after cropRect : {0, 0, 838x1024}
2025-07-16 17:15:24 INFO  c.r.r.m.I.D.CanvasMainChange - displayImage : 838.0x1024.0
2025-07-16 17:15:24 INFO  c.r.r.s.study.ProcessingToolsService - Processing Denoise Slider with value: 25.27
2025-07-16 17:15:24 INFO  c.r.r.s.study.ProcessingToolsService - Processing Denoise Slider with value: 25.4
2025-07-16 17:15:24 INFO  c.r.r.s.study.ProcessingToolsService - Processing Denoise Slider with value: 26.2
2025-07-16 17:15:24 INFO  c.r.r.m.I.D.CanvasMainChange - cropRect : {0, 0, 838x1024}
2025-07-16 17:15:24 INFO  c.r.r.m.I.D.CanvasMainChange - after cropRect : {0, 0, 838x1024}
2025-07-16 17:15:24 INFO  c.r.r.m.I.D.CanvasMainChange - displayImage : 838.0x1024.0
2025-07-16 17:15:24 INFO  c.r.r.s.study.ProcessingToolsService - Processing Denoise Slider with value: 26.86
2025-07-16 17:15:24 INFO  c.r.r.s.study.ProcessingToolsService - Processing Denoise Slider with value: 26.99
2025-07-16 17:15:24 INFO  c.r.r.s.study.ProcessingToolsService - Processing Denoise Slider with value: 27.13
2025-07-16 17:15:24 INFO  c.r.r.s.study.ProcessingToolsService - Processing Denoise Slider with value: 27.26
2025-07-16 17:15:24 INFO  c.r.r.s.study.ProcessingToolsService - Processing Denoise Slider with value: 27.66
2025-07-16 17:15:24 INFO  c.r.r.s.study.ProcessingToolsService - Processing Denoise Slider with value: 27.93
2025-07-16 17:15:24 INFO  c.r.r.m.I.D.CanvasMainChange - cropRect : {0, 0, 838x1024}
2025-07-16 17:15:24 INFO  c.r.r.m.I.D.CanvasMainChange - after cropRect : {0, 0, 838x1024}
2025-07-16 17:15:24 INFO  c.r.r.m.I.D.CanvasMainChange - displayImage : 838.0x1024.0
2025-07-16 17:15:24 INFO  c.r.r.s.study.ProcessingToolsService - Processing Denoise Slider with value: 29.65
2025-07-16 17:15:24 INFO  c.r.r.s.study.ProcessingToolsService - Processing Denoise Slider with value: 29.79
2025-07-16 17:15:24 INFO  c.r.r.s.study.ProcessingToolsService - Processing Denoise Slider with value: 30.19
2025-07-16 17:15:24 INFO  c.r.r.s.study.ProcessingToolsService - Processing Denoise Slider with value: 35.5
2025-07-16 17:15:24 INFO  c.r.r.s.study.ProcessingToolsService - Processing Denoise Slider with value: 35.64
2025-07-16 17:15:24 INFO  c.r.r.s.study.ProcessingToolsService - Processing Denoise Slider with value: 35.77
2025-07-16 17:15:25 INFO  c.r.r.m.I.D.CanvasMainChange - cropRect : {0, 0, 838x1024}
2025-07-16 17:15:25 INFO  c.r.r.m.I.D.CanvasMainChange - after cropRect : {0, 0, 838x1024}
2025-07-16 17:15:25 INFO  c.r.r.m.I.D.CanvasMainChange - displayImage : 838.0x1024.0
2025-07-16 17:15:25 INFO  c.r.r.s.study.ProcessingToolsService - Processing Denoise Slider with value: 35.0
2025-07-16 17:15:25 INFO  c.r.r.m.I.D.CanvasMainChange - cropRect : {0, 0, 838x1024}
2025-07-16 17:15:25 INFO  c.r.r.m.I.D.CanvasMainChange - after cropRect : {0, 0, 838x1024}
2025-07-16 17:15:25 INFO  c.r.r.m.I.D.CanvasMainChange - displayImage : 838.0x1024.0
2025-07-16 17:15:25 INFO  c.r.r.m.I.D.CanvasMainChange - cropRect : {0, 0, 838x1024}
2025-07-16 17:15:25 INFO  c.r.r.m.I.D.CanvasMainChange - after cropRect : {0, 0, 838x1024}
2025-07-16 17:15:25 INFO  c.r.r.m.I.D.CanvasMainChange - displayImage : 838.0x1024.0
2025-07-16 17:15:26 INFO  c.r.r.s.study.ProcessingToolsService - Processing Denoise Slider with value: 34.6
2025-07-16 17:15:26 INFO  c.r.r.s.study.ProcessingToolsService - Processing Denoise Slider with value: 34.34
2025-07-16 17:15:26 INFO  c.r.r.s.study.ProcessingToolsService - Processing Denoise Slider with value: 34.07
2025-07-16 17:15:26 INFO  c.r.r.s.study.ProcessingToolsService - Processing Denoise Slider with value: 33.8
2025-07-16 17:15:26 INFO  c.r.r.s.study.ProcessingToolsService - Processing Denoise Slider with value: 33.54
2025-07-16 17:15:26 INFO  c.r.r.s.study.ProcessingToolsService - Processing Denoise Slider with value: 33.4
2025-07-16 17:15:26 INFO  c.r.r.s.study.ProcessingToolsService - Processing Denoise Slider with value: 33.14
2025-07-16 17:15:26 INFO  c.r.r.s.study.ProcessingToolsService - Processing Denoise Slider with value: 32.87
2025-07-16 17:15:26 INFO  c.r.r.s.study.ProcessingToolsService - Processing Denoise Slider with value: 32.74
2025-07-16 17:15:26 INFO  c.r.r.s.study.ProcessingToolsService - Processing Denoise Slider with value: 32.61
2025-07-16 17:15:26 INFO  c.r.r.s.study.ProcessingToolsService - Processing Denoise Slider with value: 32.34
2025-07-16 17:15:26 INFO  c.r.r.s.study.ProcessingToolsService - Processing Denoise Slider with value: 32.21
2025-07-16 17:15:26 INFO  c.r.r.m.I.D.CanvasMainChange - cropRect : {0, 0, 838x1024}
2025-07-16 17:15:26 INFO  c.r.r.m.I.D.CanvasMainChange - after cropRect : {0, 0, 838x1024}
2025-07-16 17:15:26 INFO  c.r.r.m.I.D.CanvasMainChange - displayImage : 838.0x1024.0
2025-07-16 17:15:26 INFO  c.r.r.s.study.ProcessingToolsService - Processing Denoise Slider with value: 30.21
2025-07-16 17:15:26 INFO  c.r.r.s.study.ProcessingToolsService - Processing Denoise Slider with value: 26.22
2025-07-16 17:15:26 INFO  c.r.r.s.study.ProcessingToolsService - Processing Denoise Slider with value: 23.43
2025-07-16 17:15:26 INFO  c.r.r.s.study.ProcessingToolsService - Processing Denoise Slider with value: 21.7
2025-07-16 17:15:26 INFO  c.r.r.s.study.ProcessingToolsService - Processing Denoise Slider with value: 9.74
2025-07-16 17:15:26 INFO  c.r.r.m.I.D.CanvasMainChange - cropRect : {0, 0, 838x1024}
2025-07-16 17:15:26 INFO  c.r.r.m.I.D.CanvasMainChange - after cropRect : {0, 0, 838x1024}
2025-07-16 17:15:26 INFO  c.r.r.m.I.D.CanvasMainChange - displayImage : 838.0x1024.0
2025-07-16 17:15:26 INFO  c.r.r.s.study.ProcessingToolsService - Processing Denoise Slider with value: 9.0
2025-07-16 17:15:26 INFO  c.r.r.m.I.D.CanvasMainChange - cropRect : {0, 0, 838x1024}
2025-07-16 17:15:26 INFO  c.r.r.m.I.D.CanvasMainChange - after cropRect : {0, 0, 838x1024}
2025-07-16 17:15:26 INFO  c.r.r.m.I.D.CanvasMainChange - displayImage : 838.0x1024.0
2025-07-16 17:15:27 INFO  c.r.r.m.I.D.CanvasMainChange - cropRect : {0, 0, 838x1024}
2025-07-16 17:15:27 INFO  c.r.r.m.I.D.CanvasMainChange - after cropRect : {0, 0, 838x1024}
2025-07-16 17:15:27 INFO  c.r.r.m.I.D.CanvasMainChange - displayImage : 838.0x1024.0
2025-07-16 17:15:27 INFO  c.r.r.s.study.ProcessingToolsService - Processing Denoise Slider with value: 15.38
2025-07-16 17:15:27 INFO  c.r.r.s.study.ProcessingToolsService - Processing Denoise Slider with value: 17.64
2025-07-16 17:15:27 INFO  c.r.r.s.study.ProcessingToolsService - Processing Denoise Slider with value: 19.77
2025-07-16 17:15:27 INFO  c.r.r.s.study.ProcessingToolsService - Processing Denoise Slider with value: 21.76
2025-07-16 17:15:27 INFO  c.r.r.s.study.ProcessingToolsService - Processing Denoise Slider with value: 23.36
2025-07-16 17:15:27 INFO  c.r.r.s.study.ProcessingToolsService - Processing Denoise Slider with value: 24.82
2025-07-16 17:15:27 INFO  c.r.r.s.study.ProcessingToolsService - Processing Denoise Slider with value: 25.89
2025-07-16 17:15:27 INFO  c.r.r.s.study.ProcessingToolsService - Processing Denoise Slider with value: 27.48
2025-07-16 17:15:27 INFO  c.r.r.s.study.ProcessingToolsService - Processing Denoise Slider with value: 30.81
2025-07-16 17:15:27 INFO  c.r.r.s.study.ProcessingToolsService - Processing Denoise Slider with value: 31.47
2025-07-16 17:15:27 INFO  c.r.r.s.study.ProcessingToolsService - Processing Denoise Slider with value: 31.87
2025-07-16 17:15:28 INFO  c.r.r.s.study.ProcessingToolsService - Processing Denoise Slider with value: 38.39
2025-07-16 17:15:28 INFO  c.r.r.s.study.ProcessingToolsService - Processing Denoise Slider with value: 38.52
2025-07-16 17:15:28 INFO  c.r.r.s.study.ProcessingToolsService - Processing Denoise Slider with value: 38.78
2025-07-16 17:15:28 INFO  c.r.r.s.study.ProcessingToolsService - Processing Denoise Slider with value: 39.05
2025-07-16 17:15:28 INFO  c.r.r.s.study.ProcessingToolsService - Processing Denoise Slider with value: 42.37
2025-07-16 17:15:28 INFO  c.r.r.s.study.ProcessingToolsService - Processing Denoise Slider with value: 42.64
2025-07-16 17:15:28 INFO  c.r.r.s.study.ProcessingToolsService - Processing Denoise Slider with value: 42.77
2025-07-16 17:15:28 INFO  c.r.r.s.study.ProcessingToolsService - Processing Denoise Slider with value: 43.17
2025-07-16 17:15:28 INFO  c.r.r.s.study.ProcessingToolsService - Processing Denoise Slider with value: 43.3
2025-07-16 17:15:28 INFO  c.r.r.s.study.ProcessingToolsService - Processing Denoise Slider with value: 43.57
2025-07-16 17:15:28 INFO  c.r.r.s.study.ProcessingToolsService - Processing Denoise Slider with value: 43.7
2025-07-16 17:15:28 INFO  c.r.r.s.study.ProcessingToolsService - Processing Denoise Slider with value: 43.84
2025-07-16 17:15:28 INFO  c.r.r.s.study.ProcessingToolsService - Processing Denoise Slider with value: 43.97
2025-07-16 17:15:28 INFO  c.r.r.m.I.D.CanvasMainChange - cropRect : {0, 0, 838x1024}
2025-07-16 17:15:28 INFO  c.r.r.m.I.D.CanvasMainChange - after cropRect : {0, 0, 838x1024}
2025-07-16 17:15:28 INFO  c.r.r.m.I.D.CanvasMainChange - displayImage : 838.0x1024.0
2025-07-16 17:15:28 INFO  c.r.r.s.study.ProcessingToolsService - Processing Denoise Slider with value: 45.03
2025-07-16 17:15:28 INFO  c.r.r.s.study.ProcessingToolsService - Processing Denoise Slider with value: 45.17
2025-07-16 17:15:28 INFO  c.r.r.s.study.ProcessingToolsService - Processing Denoise Slider with value: 45.43
2025-07-16 17:15:28 INFO  c.r.r.s.study.ProcessingToolsService - Processing Denoise Slider with value: 46.5
2025-07-16 17:15:28 INFO  c.r.r.s.study.ProcessingToolsService - Processing Denoise Slider with value: 47.0
2025-07-16 17:15:28 INFO  c.r.r.m.I.D.CanvasMainChange - cropRect : {0, 0, 838x1024}
2025-07-16 17:15:28 INFO  c.r.r.m.I.D.CanvasMainChange - after cropRect : {0, 0, 838x1024}
2025-07-16 17:15:28 INFO  c.r.r.m.I.D.CanvasMainChange - displayImage : 838.0x1024.0
2025-07-16 17:15:29 INFO  c.r.r.m.I.D.CanvasMainChange - cropRect : {0, 0, 838x1024}
2025-07-16 17:15:29 INFO  c.r.r.m.I.D.CanvasMainChange - after cropRect : {0, 0, 838x1024}
2025-07-16 17:15:29 INFO  c.r.r.m.I.D.CanvasMainChange - displayImage : 838.0x1024.0
2025-07-16 17:15:30 INFO  c.r.r.m.I.D.CanvasMainChange - cropRect : {0, 0, 838x1024}
2025-07-16 17:15:30 INFO  c.r.r.m.I.D.CanvasMainChange - after cropRect : {0, 0, 838x1024}
2025-07-16 17:15:30 INFO  c.r.r.m.I.D.CanvasMainChange - displayImage : 838.0x1024.0
2025-07-16 17:15:30 INFO  c.r.r.m.I.D.CanvasMainChange - cropRect : {0, 0, 838x1024}
2025-07-16 17:15:30 INFO  c.r.r.m.I.D.CanvasMainChange - after cropRect : {0, 0, 838x1024}
2025-07-16 17:15:30 INFO  c.r.r.m.I.D.CanvasMainChange - displayImage : 838.0x1024.0
2025-07-16 17:15:31 INFO  c.r.r.m.I.D.CanvasMainChange - cropRect : {0, 0, 838x1024}
2025-07-16 17:15:31 INFO  c.r.r.m.I.D.CanvasMainChange - after cropRect : {0, 0, 838x1024}
2025-07-16 17:15:31 INFO  c.r.r.m.I.D.CanvasMainChange - displayImage : 838.0x1024.0
2025-07-16 17:15:32 INFO  c.r.r.m.I.D.CanvasMainChange - cropRect : {0, 0, 838x1024}
2025-07-16 17:15:32 INFO  c.r.r.m.I.D.CanvasMainChange - after cropRect : {0, 0, 838x1024}
2025-07-16 17:15:32 INFO  c.r.r.m.I.D.CanvasMainChange - displayImage : 838.0x1024.0
2025-07-16 17:15:33 INFO  c.r.r.m.I.D.CanvasMainChange - cropRect : {0, 0, 838x1024}
2025-07-16 17:15:33 INFO  c.r.r.m.I.D.CanvasMainChange - after cropRect : {0, 0, 838x1024}
2025-07-16 17:15:33 INFO  c.r.r.m.I.D.CanvasMainChange - displayImage : 838.0x1024.0
2025-07-16 17:15:33 INFO  c.r.r.m.I.D.CanvasMainChange - cropRect : {0, 0, 838x1024}
2025-07-16 17:15:33 INFO  c.r.r.m.I.D.CanvasMainChange - after cropRect : {0, 0, 838x1024}
2025-07-16 17:15:33 INFO  c.r.r.m.I.D.CanvasMainChange - displayImage : 838.0x1024.0
2025-07-16 17:15:34 INFO  c.r.r.m.I.D.CanvasMainChange - cropRect : {0, 0, 838x1024}
2025-07-16 17:15:34 INFO  c.r.r.m.I.D.CanvasMainChange - after cropRect : {0, 0, 838x1024}
2025-07-16 17:15:34 INFO  c.r.r.m.I.D.CanvasMainChange - displayImage : 838.0x1024.0
2025-07-16 17:15:35 INFO  c.r.r.m.I.D.CanvasMainChange - cropRect : {0, 0, 838x1024}
2025-07-16 17:15:35 INFO  c.r.r.m.I.D.CanvasMainChange - after cropRect : {0, 0, 838x1024}
2025-07-16 17:15:35 INFO  c.r.r.m.I.D.CanvasMainChange - displayImage : 838.0x1024.0
2025-07-16 17:15:36 INFO  c.r.r.m.I.D.CanvasMainChange - cropRect : {0, 0, 838x1024}
2025-07-16 17:15:36 INFO  c.r.r.m.I.D.CanvasMainChange - after cropRect : {0, 0, 838x1024}
2025-07-16 17:15:36 INFO  c.r.r.m.I.D.CanvasMainChange - displayImage : 838.0x1024.0
2025-07-16 17:15:36 INFO  c.r.r.s.study.ProcessingToolsService - Processing Denoise Slider with value: 46.47
2025-07-16 17:15:36 INFO  c.r.r.s.study.ProcessingToolsService - Processing Denoise Slider with value: 45.94
2025-07-16 17:15:37 INFO  c.r.r.s.study.ProcessingToolsService - Processing Denoise Slider with value: 32.37
2025-07-16 17:15:37 INFO  c.r.r.s.study.ProcessingToolsService - Processing Denoise Slider with value: 31.98
2025-07-16 17:15:37 INFO  c.r.r.s.study.ProcessingToolsService - Processing Denoise Slider with value: 30.65
2025-07-16 17:15:37 INFO  c.r.r.s.study.ProcessingToolsService - Processing Denoise Slider with value: 30.25
2025-07-16 17:15:37 INFO  c.r.r.s.study.ProcessingToolsService - Processing Denoise Slider with value: 29.98
2025-07-16 17:15:37 INFO  c.r.r.s.study.ProcessingToolsService - Processing Denoise Slider with value: 29.71
2025-07-16 17:15:37 INFO  c.r.r.s.study.ProcessingToolsService - Processing Denoise Slider with value: 29.32
2025-07-16 17:15:37 INFO  c.r.r.s.study.ProcessingToolsService - Processing Denoise Slider with value: 29.05
2025-07-16 17:15:37 INFO  c.r.r.s.study.ProcessingToolsService - Processing Denoise Slider with value: 28.65
2025-07-16 17:15:37 INFO  c.r.r.s.study.ProcessingToolsService - Processing Denoise Slider with value: 28.39
2025-07-16 17:15:37 INFO  c.r.r.s.study.ProcessingToolsService - Processing Denoise Slider with value: 27.99
2025-07-16 17:15:37 INFO  c.r.r.s.study.ProcessingToolsService - Processing Denoise Slider with value: 27.72
2025-07-16 17:15:37 INFO  c.r.r.s.study.ProcessingToolsService - Processing Denoise Slider with value: 26.92
2025-07-16 17:15:37 INFO  c.r.r.s.study.ProcessingToolsService - Processing Denoise Slider with value: 26.52
2025-07-16 17:15:37 INFO  c.r.r.s.study.ProcessingToolsService - Processing Denoise Slider with value: 26.12
2025-07-16 17:15:37 INFO  c.r.r.s.study.ProcessingToolsService - Processing Denoise Slider with value: 24.8
2025-07-16 17:15:37 INFO  c.r.r.s.study.ProcessingToolsService - Processing Denoise Slider with value: 24.0
2025-07-16 17:15:37 INFO  c.r.r.s.study.ProcessingToolsService - Processing Denoise Slider with value: 23.07
2025-07-16 17:15:37 INFO  c.r.r.s.study.ProcessingToolsService - Processing Denoise Slider with value: 22.0
2025-07-16 17:15:37 INFO  c.r.r.s.study.ProcessingToolsService - Processing Denoise Slider with value: 21.07
2025-07-16 17:15:37 INFO  c.r.r.s.study.ProcessingToolsService - Processing Denoise Slider with value: 20.14
2025-07-16 17:15:37 INFO  c.r.r.s.study.ProcessingToolsService - Processing Denoise Slider with value: 19.21
2025-07-16 17:15:37 INFO  c.r.r.s.study.ProcessingToolsService - Processing Denoise Slider with value: 18.15
2025-07-16 17:15:37 INFO  c.r.r.s.study.ProcessingToolsService - Processing Denoise Slider with value: 17.08
2025-07-16 17:15:37 INFO  c.r.r.s.study.ProcessingToolsService - Processing Denoise Slider with value: 16.29
2025-07-16 17:15:37 INFO  c.r.r.s.study.ProcessingToolsService - Processing Denoise Slider with value: 15.35
2025-07-16 17:15:37 INFO  c.r.r.s.study.ProcessingToolsService - Processing Denoise Slider with value: 14.42
2025-07-16 17:15:37 INFO  c.r.r.s.study.ProcessingToolsService - Processing Denoise Slider with value: 13.63
2025-07-16 17:15:37 INFO  c.r.r.s.study.ProcessingToolsService - Processing Denoise Slider with value: 12.56
2025-07-16 17:15:37 INFO  c.r.r.s.study.ProcessingToolsService - Processing Denoise Slider with value: 11.37
2025-07-16 17:15:37 INFO  c.r.r.s.study.ProcessingToolsService - Processing Denoise Slider with value: 10.3
2025-07-16 17:15:37 INFO  c.r.r.s.study.ProcessingToolsService - Processing Denoise Slider with value: 9.24
2025-07-16 17:15:37 INFO  c.r.r.s.study.ProcessingToolsService - Processing Denoise Slider with value: 8.17
2025-07-16 17:15:37 INFO  c.r.r.s.study.ProcessingToolsService - Processing Denoise Slider with value: 7.38
2025-07-16 17:15:37 INFO  c.r.r.s.study.ProcessingToolsService - Processing Denoise Slider with value: 6.58
2025-07-16 17:15:37 INFO  c.r.r.s.study.ProcessingToolsService - Processing Denoise Slider with value: 5.91
2025-07-16 17:15:37 INFO  c.r.r.s.study.ProcessingToolsService - Processing Denoise Slider with value: 5.38
2025-07-16 17:15:37 INFO  c.r.r.s.study.ProcessingToolsService - Processing Denoise Slider with value: 4.85
2025-07-16 17:15:37 INFO  c.r.r.s.study.ProcessingToolsService - Processing Denoise Slider with value: 4.45
2025-07-16 17:15:37 INFO  c.r.r.s.study.ProcessingToolsService - Processing Denoise Slider with value: 4.05
2025-07-16 17:15:37 INFO  c.r.r.m.I.D.CanvasMainChange - cropRect : {0, 0, 838x1024}
2025-07-16 17:15:37 INFO  c.r.r.m.I.D.CanvasMainChange - after cropRect : {0, 0, 838x1024}
2025-07-16 17:15:37 INFO  c.r.r.m.I.D.CanvasMainChange - displayImage : 838.0x1024.0
2025-07-16 17:15:37 INFO  c.r.r.s.study.ProcessingToolsService - Processing Denoise Slider with value: 3.0
2025-07-16 17:15:38 INFO  c.r.r.m.I.D.CanvasMainChange - cropRect : {0, 0, 838x1024}
2025-07-16 17:15:38 INFO  c.r.r.m.I.D.CanvasMainChange - after cropRect : {0, 0, 838x1024}
2025-07-16 17:15:38 INFO  c.r.r.m.I.D.CanvasMainChange - displayImage : 838.0x1024.0
2025-07-16 17:15:39 INFO  c.r.r.m.I.D.CanvasMainChange - cropRect : {0, 0, 838x1024}
2025-07-16 17:15:39 INFO  c.r.r.m.I.D.CanvasMainChange - after cropRect : {0, 0, 838x1024}
2025-07-16 17:15:39 INFO  c.r.r.m.I.D.CanvasMainChange - displayImage : 838.0x1024.0
2025-07-16 17:15:40 INFO  c.r.r.m.I.D.CanvasMainChange - cropRect : {0, 0, 838x1024}
2025-07-16 17:15:40 INFO  c.r.r.m.I.D.CanvasMainChange - after cropRect : {0, 0, 838x1024}
2025-07-16 17:15:40 INFO  c.r.r.m.I.D.CanvasMainChange - displayImage : 838.0x1024.0
2025-07-16 17:15:40 INFO  c.r.r.m.I.D.CanvasMainChange - cropRect : {0, 0, 838x1024}
2025-07-16 17:15:40 INFO  c.r.r.m.I.D.CanvasMainChange - after cropRect : {0, 0, 838x1024}
2025-07-16 17:15:40 INFO  c.r.r.m.I.D.CanvasMainChange - displayImage : 838.0x1024.0
2025-07-16 17:15:41 INFO  c.r.r.m.I.D.CanvasMainChange - cropRect : {0, 0, 838x1024}
2025-07-16 17:15:41 INFO  c.r.r.m.I.D.CanvasMainChange - after cropRect : {0, 0, 838x1024}
2025-07-16 17:15:41 INFO  c.r.r.m.I.D.CanvasMainChange - displayImage : 838.0x1024.0
2025-07-16 17:15:42 INFO  c.r.r.m.I.D.CanvasMainChange - cropRect : {0, 0, 838x1024}
2025-07-16 17:15:42 INFO  c.r.r.m.I.D.CanvasMainChange - after cropRect : {0, 0, 838x1024}
2025-07-16 17:15:42 INFO  c.r.r.m.I.D.CanvasMainChange - displayImage : 838.0x1024.0
2025-07-16 17:15:43 INFO  c.r.r.m.I.D.CanvasMainChange - cropRect : {0, 0, 838x1024}
2025-07-16 17:15:43 INFO  c.r.r.m.I.D.CanvasMainChange - after cropRect : {0, 0, 838x1024}
2025-07-16 17:15:43 INFO  c.r.r.m.I.D.CanvasMainChange - displayImage : 838.0x1024.0
2025-07-16 17:15:44 INFO  c.r.r.m.I.D.CanvasMainChange - cropRect : {0, 0, 838x1024}
2025-07-16 17:15:44 INFO  c.r.r.m.I.D.CanvasMainChange - after cropRect : {0, 0, 838x1024}
2025-07-16 17:15:44 INFO  c.r.r.m.I.D.CanvasMainChange - displayImage : 838.0x1024.0
2025-07-16 17:15:44 INFO  c.r.r.m.I.D.CanvasMainChange - cropRect : {0, 0, 838x1024}
2025-07-16 17:15:44 INFO  c.r.r.m.I.D.CanvasMainChange - after cropRect : {0, 0, 838x1024}
2025-07-16 17:15:44 INFO  c.r.r.m.I.D.CanvasMainChange - displayImage : 838.0x1024.0
2025-07-16 17:15:45 INFO  c.r.r.m.I.D.CanvasMainChange - cropRect : {0, 0, 838x1024}
2025-07-16 17:15:45 INFO  c.r.r.m.I.D.CanvasMainChange - after cropRect : {0, 0, 838x1024}
2025-07-16 17:15:45 INFO  c.r.r.m.I.D.CanvasMainChange - displayImage : 838.0x1024.0
2025-07-16 17:15:46 INFO  c.r.r.m.I.D.CanvasMainChange - cropRect : {0, 0, 838x1024}
2025-07-16 17:15:46 INFO  c.r.r.m.I.D.CanvasMainChange - after cropRect : {0, 0, 838x1024}
2025-07-16 17:15:46 INFO  c.r.r.m.I.D.CanvasMainChange - displayImage : 838.0x1024.0
2025-07-16 17:15:46 INFO  c.r.r.m.I.D.CanvasMainChange - cropRect : {0, 0, 838x1024}
2025-07-16 17:15:46 INFO  c.r.r.m.I.D.CanvasMainChange - after cropRect : {0, 0, 838x1024}
2025-07-16 17:15:46 INFO  c.r.r.m.I.D.CanvasMainChange - displayImage : 838.0x1024.0
2025-07-16 17:15:47 INFO  c.r.r.m.I.D.CanvasMainChange - cropRect : {0, 0, 838x1024}
2025-07-16 17:15:47 INFO  c.r.r.m.I.D.CanvasMainChange - after cropRect : {0, 0, 838x1024}
2025-07-16 17:15:47 INFO  c.r.r.m.I.D.CanvasMainChange - displayImage : 838.0x1024.0
2025-07-16 17:15:48 INFO  c.r.r.m.I.D.CanvasMainChange - cropRect : {0, 0, 838x1024}
2025-07-16 17:15:48 INFO  c.r.r.m.I.D.CanvasMainChange - after cropRect : {0, 0, 838x1024}
2025-07-16 17:15:48 INFO  c.r.r.m.I.D.CanvasMainChange - displayImage : 838.0x1024.0
2025-07-16 17:15:49 INFO  c.r.r.m.I.D.CanvasMainChange - cropRect : {0, 0, 838x1024}
2025-07-16 17:15:49 INFO  c.r.r.m.I.D.CanvasMainChange - after cropRect : {0, 0, 838x1024}
2025-07-16 17:15:49 INFO  c.r.r.m.I.D.CanvasMainChange - displayImage : 838.0x1024.0
2025-07-16 17:15:50 INFO  c.r.r.m.I.D.CanvasMainChange - cropRect : {0, 0, 838x1024}
2025-07-16 17:15:50 INFO  c.r.r.m.I.D.CanvasMainChange - after cropRect : {0, 0, 838x1024}
2025-07-16 17:15:50 INFO  c.r.r.m.I.D.CanvasMainChange - displayImage : 838.0x1024.0
2025-07-16 17:15:51 INFO  c.r.r.m.I.D.CanvasMainChange - cropRect : {0, 0, 838x1024}
2025-07-16 17:15:51 INFO  c.r.r.m.I.D.CanvasMainChange - after cropRect : {0, 0, 838x1024}
2025-07-16 17:15:51 INFO  c.r.r.m.I.D.CanvasMainChange - displayImage : 838.0x1024.0
2025-07-16 17:15:52 INFO  c.r.r.m.I.D.CanvasMainChange - cropRect : {0, 0, 838x1024}
2025-07-16 17:15:52 INFO  c.r.r.m.I.D.CanvasMainChange - after cropRect : {0, 0, 838x1024}
2025-07-16 17:15:52 INFO  c.r.r.m.I.D.CanvasMainChange - displayImage : 838.0x1024.0
2025-07-16 17:15:52 INFO  c.r.r.m.I.D.CanvasMainChange - cropRect : {0, 0, 838x1024}
2025-07-16 17:15:52 INFO  c.r.r.m.I.D.CanvasMainChange - after cropRect : {0, 0, 838x1024}
2025-07-16 17:15:52 INFO  c.r.r.m.I.D.CanvasMainChange - displayImage : 838.0x1024.0
2025-07-16 17:15:53 INFO  c.r.r.m.I.D.CanvasMainChange - cropRect : {0, 0, 838x1024}
2025-07-16 17:15:53 INFO  c.r.r.m.I.D.CanvasMainChange - after cropRect : {0, 0, 838x1024}
2025-07-16 17:15:53 INFO  c.r.r.m.I.D.CanvasMainChange - displayImage : 838.0x1024.0
2025-07-16 17:15:53 INFO  c.r.r.m.I.D.CanvasMainChange - cropRect : {0, 0, 838x1024}
2025-07-16 17:15:53 INFO  c.r.r.m.I.D.CanvasMainChange - after cropRect : {0, 0, 838x1024}
2025-07-16 17:15:53 INFO  c.r.r.m.I.D.CanvasMainChange - displayImage : 838.0x1024.0
2025-07-16 17:15:53 INFO  c.r.r.m.I.D.CanvasMainChange - cropRect : {0, 0, 838x1024}
2025-07-16 17:15:53 INFO  c.r.r.m.I.D.CanvasMainChange - after cropRect : {0, 0, 838x1024}
2025-07-16 17:15:53 INFO  c.r.r.m.I.D.CanvasMainChange - displayImage : 838.0x1024.0
2025-07-16 17:15:53 INFO  c.r.r.m.I.D.CanvasMainChange - cropRect : {0, 0, 838x1024}
2025-07-16 17:15:53 INFO  c.r.r.m.I.D.CanvasMainChange - after cropRect : {0, 0, 838x1024}
2025-07-16 17:15:53 INFO  c.r.r.m.I.D.CanvasMainChange - displayImage : 838.0x1024.0
2025-07-16 17:15:53 INFO  c.r.r.m.I.D.CanvasMainChange - cropRect : {0, 0, 838x1024}
2025-07-16 17:15:53 INFO  c.r.r.m.I.D.CanvasMainChange - after cropRect : {0, 0, 838x1024}
2025-07-16 17:15:53 INFO  c.r.r.m.I.D.CanvasMainChange - displayImage : 838.0x1024.0
2025-07-16 17:15:53 INFO  c.r.r.m.I.D.CanvasMainChange - cropRect : {0, 0, 838x1024}
2025-07-16 17:15:53 INFO  c.r.r.m.I.D.CanvasMainChange - after cropRect : {0, 0, 838x1024}
2025-07-16 17:15:53 INFO  c.r.r.m.I.D.CanvasMainChange - displayImage : 838.0x1024.0
2025-07-16 17:15:53 INFO  c.r.r.m.I.D.CanvasMainChange - cropRect : {0, 0, 838x1024}
2025-07-16 17:15:53 INFO  c.r.r.m.I.D.CanvasMainChange - after cropRect : {0, 0, 838x1024}
2025-07-16 17:15:53 INFO  c.r.r.m.I.D.CanvasMainChange - displayImage : 838.0x1024.0
2025-07-16 17:15:54 INFO  c.r.r.m.I.D.CanvasMainChange - cropRect : {0, 0, 838x1024}
2025-07-16 17:15:54 INFO  c.r.r.m.I.D.CanvasMainChange - after cropRect : {0, 0, 838x1024}
2025-07-16 17:15:54 INFO  c.r.r.m.I.D.CanvasMainChange - displayImage : 838.0x1024.0
2025-07-16 17:15:54 INFO  c.r.r.m.I.D.CanvasMainChange - cropRect : {0, 0, 838x1024}
2025-07-16 17:15:54 INFO  c.r.r.m.I.D.CanvasMainChange - after cropRect : {0, 0, 838x1024}
2025-07-16 17:15:54 INFO  c.r.r.m.I.D.CanvasMainChange - displayImage : 838.0x1024.0
2025-07-16 17:15:55 INFO  c.r.r.m.I.D.CanvasMainChange - cropRect : {0, 0, 838x1024}
2025-07-16 17:15:55 INFO  c.r.r.m.I.D.CanvasMainChange - after cropRect : {0, 0, 838x1024}
2025-07-16 17:15:55 INFO  c.r.r.m.I.D.CanvasMainChange - displayImage : 838.0x1024.0
2025-07-16 17:15:56 INFO  c.r.r.m.I.D.CanvasMainChange - cropRect : {0, 0, 838x1024}
2025-07-16 17:15:56 INFO  c.r.r.m.I.D.CanvasMainChange - after cropRect : {0, 0, 838x1024}
2025-07-16 17:15:56 INFO  c.r.r.m.I.D.CanvasMainChange - displayImage : 838.0x1024.0
2025-07-16 17:15:57 INFO  c.r.r.m.I.D.CanvasMainChange - cropRect : {0, 0, 838x1024}
2025-07-16 17:15:57 INFO  c.r.r.m.I.D.CanvasMainChange - after cropRect : {0, 0, 838x1024}
2025-07-16 17:15:57 INFO  c.r.r.m.I.D.CanvasMainChange - displayImage : 838.0x1024.0
2025-07-16 17:15:57 INFO  c.r.r.m.I.D.CanvasMainChange - cropRect : {0, 0, 838x1024}
2025-07-16 17:15:57 INFO  c.r.r.m.I.D.CanvasMainChange - after cropRect : {0, 0, 838x1024}
2025-07-16 17:15:57 INFO  c.r.r.m.I.D.CanvasMainChange - displayImage : 838.0x1024.0
2025-07-16 17:15:58 INFO  c.r.r.m.I.D.CanvasMainChange - cropRect : {0, 0, 838x1024}
2025-07-16 17:15:58 INFO  c.r.r.m.I.D.CanvasMainChange - after cropRect : {0, 0, 838x1024}
2025-07-16 17:15:58 INFO  c.r.r.m.I.D.CanvasMainChange - displayImage : 838.0x1024.0
2025-07-16 17:16:00 INFO  c.r.r.m.I.D.CanvasMainChange - cropRect : {0, 0, 838x1024}
2025-07-16 17:16:00 INFO  c.r.r.m.I.D.CanvasMainChange - after cropRect : {0, 0, 838x1024}
2025-07-16 17:16:00 INFO  c.r.r.m.I.D.CanvasMainChange - displayImage : 838.0x1024.0
2025-07-16 17:16:00 INFO  c.r.r.m.I.D.CanvasMainChange - cropRect : {0, 0, 838x1024}
2025-07-16 17:16:00 INFO  c.r.r.m.I.D.CanvasMainChange - after cropRect : {0, 0, 838x1024}
2025-07-16 17:16:00 INFO  c.r.r.m.I.D.CanvasMainChange - displayImage : 838.0x1024.0
2025-07-16 17:16:01 INFO  c.r.r.m.I.D.CanvasMainChange - cropRect : {0, 0, 838x1024}
2025-07-16 17:16:01 INFO  c.r.r.m.I.D.CanvasMainChange - after cropRect : {0, 0, 838x1024}
2025-07-16 17:16:01 INFO  c.r.r.m.I.D.CanvasMainChange - displayImage : 838.0x1024.0
2025-07-16 17:16:02 INFO  c.r.r.m.I.D.CanvasMainChange - cropRect : {0, 0, 838x1024}
2025-07-16 17:16:02 INFO  c.r.r.m.I.D.CanvasMainChange - after cropRect : {0, 0, 838x1024}
2025-07-16 17:16:02 INFO  c.r.r.m.I.D.CanvasMainChange - displayImage : 838.0x1024.0
2025-07-16 17:16:04 INFO  c.r.r.m.I.D.CanvasMainChange - cropRect : {0, 0, 838x1024}
2025-07-16 17:16:04 INFO  c.r.r.m.I.D.CanvasMainChange - after cropRect : {0, 0, 838x1024}
2025-07-16 17:16:04 INFO  c.r.r.m.I.D.CanvasMainChange - displayImage : 838.0x1024.0
2025-07-16 17:16:05 INFO  c.r.r.m.I.D.CanvasMainChange - cropRect : {0, 0, 838x1024}
2025-07-16 17:16:05 INFO  c.r.r.m.I.D.CanvasMainChange - after cropRect : {0, 0, 838x1024}
2025-07-16 17:16:05 INFO  c.r.r.m.I.D.CanvasMainChange - displayImage : 838.0x1024.0
2025-07-16 17:16:07 INFO  c.r.r.m.I.D.CanvasMainChange - cropRect : {0, 0, 838x1024}
2025-07-16 17:16:07 INFO  c.r.r.m.I.D.CanvasMainChange - after cropRect : {0, 0, 838x1024}
2025-07-16 17:16:07 INFO  c.r.r.m.I.D.CanvasMainChange - displayImage : 838.0x1024.0
2025-07-16 17:16:09 INFO  c.r.r.m.I.D.CanvasMainChange - cropRect : {0, 0, 838x1024}
2025-07-16 17:16:09 INFO  c.r.r.m.I.D.CanvasMainChange - after cropRect : {0, 0, 838x1024}
2025-07-16 17:16:09 INFO  c.r.r.m.I.D.CanvasMainChange - displayImage : 838.0x1024.0
2025-07-16 17:16:10 INFO  c.r.r.m.I.D.CanvasMainChange - cropRect : {0, 0, 838x1024}
2025-07-16 17:16:10 INFO  c.r.r.m.I.D.CanvasMainChange - after cropRect : {0, 0, 838x1024}
2025-07-16 17:16:10 INFO  c.r.r.m.I.D.CanvasMainChange - displayImage : 838.0x1024.0
2025-07-16 17:16:12 INFO  c.r.r.m.I.D.CanvasMainChange - cropRect : {0, 0, 838x1024}
2025-07-16 17:16:12 INFO  c.r.r.m.I.D.CanvasMainChange - after cropRect : {0, 0, 838x1024}
2025-07-16 17:16:12 INFO  c.r.r.m.I.D.CanvasMainChange - displayImage : 838.0x1024.0
2025-07-16 17:16:13 INFO  c.r.r.m.I.D.CanvasMainChange - cropRect : {0, 0, 838x1024}
2025-07-16 17:16:13 INFO  c.r.r.m.I.D.CanvasMainChange - after cropRect : {0, 0, 838x1024}
2025-07-16 17:16:13 INFO  c.r.r.m.I.D.CanvasMainChange - displayImage : 838.0x1024.0
2025-07-16 17:16:15 INFO  c.r.r.m.I.D.CanvasMainChange - cropRect : {0, 0, 838x1024}
2025-07-16 17:16:15 INFO  c.r.r.m.I.D.CanvasMainChange - after cropRect : {0, 0, 838x1024}
2025-07-16 17:16:15 INFO  c.r.r.m.I.D.CanvasMainChange - displayImage : 838.0x1024.0
2025-07-16 17:16:17 INFO  c.r.r.m.I.D.CanvasMainChange - cropRect : {0, 0, 838x1024}
2025-07-16 17:16:17 INFO  c.r.r.m.I.D.CanvasMainChange - after cropRect : {0, 0, 838x1024}
2025-07-16 17:16:17 INFO  c.r.r.m.I.D.CanvasMainChange - displayImage : 838.0x1024.0
2025-07-16 17:16:18 INFO  c.r.r.m.I.D.CanvasMainChange - cropRect : {0, 0, 838x1024}
2025-07-16 17:16:18 INFO  c.r.r.m.I.D.CanvasMainChange - after cropRect : {0, 0, 838x1024}
2025-07-16 17:16:18 INFO  c.r.r.m.I.D.CanvasMainChange - displayImage : 838.0x1024.0
2025-07-16 17:16:19 INFO  c.r.r.m.I.D.CanvasMainChange - cropRect : {0, 0, 838x1024}
2025-07-16 17:16:19 INFO  c.r.r.m.I.D.CanvasMainChange - after cropRect : {0, 0, 838x1024}
2025-07-16 17:16:19 INFO  c.r.r.m.I.D.CanvasMainChange - displayImage : 838.0x1024.0
2025-07-16 17:16:21 INFO  c.r.r.m.I.D.CanvasMainChange - cropRect : {0, 0, 838x1024}
2025-07-16 17:16:21 INFO  c.r.r.m.I.D.CanvasMainChange - after cropRect : {0, 0, 838x1024}
2025-07-16 17:16:21 INFO  c.r.r.m.I.D.CanvasMainChange - displayImage : 838.0x1024.0
2025-07-16 17:16:22 INFO  c.r.r.m.I.D.CanvasMainChange - cropRect : {0, 0, 838x1024}
2025-07-16 17:16:22 INFO  c.r.r.m.I.D.CanvasMainChange - after cropRect : {0, 0, 838x1024}
2025-07-16 17:16:22 INFO  c.r.r.m.I.D.CanvasMainChange - displayImage : 838.0x1024.0
2025-07-16 17:16:24 INFO  c.r.r.m.I.D.CanvasMainChange - cropRect : {0, 0, 838x1024}
2025-07-16 17:16:24 INFO  c.r.r.m.I.D.CanvasMainChange - after cropRect : {0, 0, 838x1024}
2025-07-16 17:16:24 INFO  c.r.r.m.I.D.CanvasMainChange - displayImage : 838.0x1024.0
2025-07-16 17:16:26 INFO  c.r.r.m.I.D.CanvasMainChange - cropRect : {0, 0, 838x1024}
2025-07-16 17:16:26 INFO  c.r.r.m.I.D.CanvasMainChange - after cropRect : {0, 0, 838x1024}
2025-07-16 17:16:26 INFO  c.r.r.m.I.D.CanvasMainChange - displayImage : 838.0x1024.0
2025-07-16 17:16:28 INFO  c.r.r.m.I.D.CanvasMainChange - cropRect : {0, 0, 838x1024}
2025-07-16 17:16:28 INFO  c.r.r.m.I.D.CanvasMainChange - after cropRect : {0, 0, 838x1024}
2025-07-16 17:16:28 INFO  c.r.r.m.I.D.CanvasMainChange - displayImage : 838.0x1024.0
2025-07-16 17:16:29 INFO  c.r.r.m.I.D.CanvasMainChange - cropRect : {0, 0, 838x1024}
2025-07-16 17:16:29 INFO  c.r.r.m.I.D.CanvasMainChange - after cropRect : {0, 0, 838x1024}
2025-07-16 17:16:29 INFO  c.r.r.m.I.D.CanvasMainChange - displayImage : 838.0x1024.0
2025-07-16 17:16:30 INFO  c.r.r.m.I.D.CanvasMainChange - cropRect : {0, 0, 838x1024}
2025-07-16 17:16:30 INFO  c.r.r.m.I.D.CanvasMainChange - after cropRect : {0, 0, 838x1024}
2025-07-16 17:16:30 INFO  c.r.r.m.I.D.CanvasMainChange - displayImage : 838.0x1024.0
2025-07-16 17:16:30 INFO  c.r.r.m.I.D.CanvasMainChange - cropRect : {0, 0, 838x1024}
2025-07-16 17:16:30 INFO  c.r.r.m.I.D.CanvasMainChange - after cropRect : {0, 0, 838x1024}
2025-07-16 17:16:30 INFO  c.r.r.m.I.D.CanvasMainChange - displayImage : 838.0x1024.0
2025-07-16 17:16:31 INFO  c.r.r.m.I.D.CanvasMainChange - cropRect : {0, 0, 838x1024}
2025-07-16 17:16:31 INFO  c.r.r.m.I.D.CanvasMainChange - after cropRect : {0, 0, 838x1024}
2025-07-16 17:16:31 INFO  c.r.r.m.I.D.CanvasMainChange - displayImage : 838.0x1024.0
2025-07-16 17:16:32 INFO  c.r.r.m.I.D.CanvasMainChange - cropRect : {0, 0, 838x1024}
2025-07-16 17:16:32 INFO  c.r.r.m.I.D.CanvasMainChange - after cropRect : {0, 0, 838x1024}
2025-07-16 17:16:32 INFO  c.r.r.m.I.D.CanvasMainChange - displayImage : 838.0x1024.0
2025-07-16 17:16:33 INFO  c.r.r.m.I.D.CanvasMainChange - cropRect : {0, 0, 838x1024}
2025-07-16 17:16:33 INFO  c.r.r.m.I.D.CanvasMainChange - after cropRect : {0, 0, 838x1024}
2025-07-16 17:16:33 INFO  c.r.r.m.I.D.CanvasMainChange - displayImage : 838.0x1024.0
2025-07-16 17:16:34 INFO  c.r.r.m.I.D.CanvasMainChange - cropRect : {0, 0, 838x1024}
2025-07-16 17:16:34 INFO  c.r.r.m.I.D.CanvasMainChange - after cropRect : {0, 0, 838x1024}
2025-07-16 17:16:34 INFO  c.r.r.m.I.D.CanvasMainChange - displayImage : 838.0x1024.0
2025-07-16 17:16:35 INFO  c.r.r.m.I.D.CanvasMainChange - cropRect : {0, 0, 838x1024}
2025-07-16 17:16:35 INFO  c.r.r.m.I.D.CanvasMainChange - after cropRect : {0, 0, 838x1024}
2025-07-16 17:16:35 INFO  c.r.r.m.I.D.CanvasMainChange - displayImage : 838.0x1024.0
2025-07-16 17:16:35 INFO  c.r.r.m.I.D.CanvasMainChange - cropRect : {0, 0, 838x1024}
2025-07-16 17:16:35 INFO  c.r.r.m.I.D.CanvasMainChange - after cropRect : {0, 0, 838x1024}
2025-07-16 17:16:35 INFO  c.r.r.m.I.D.CanvasMainChange - displayImage : 838.0x1024.0
2025-07-16 17:16:36 INFO  c.r.r.m.I.D.CanvasMainChange - cropRect : {0, 0, 838x1024}
2025-07-16 17:16:36 INFO  c.r.r.m.I.D.CanvasMainChange - after cropRect : {0, 0, 838x1024}
2025-07-16 17:16:36 INFO  c.r.r.m.I.D.CanvasMainChange - displayImage : 838.0x1024.0
2025-07-16 17:16:37 INFO  c.r.r.m.I.D.CanvasMainChange - cropRect : {0, 0, 838x1024}
2025-07-16 17:16:37 INFO  c.r.r.m.I.D.CanvasMainChange - after cropRect : {0, 0, 838x1024}
2025-07-16 17:16:37 INFO  c.r.r.m.I.D.CanvasMainChange - displayImage : 838.0x1024.0
2025-07-16 17:16:37 INFO  c.r.r.m.I.D.CanvasMainChange - cropRect : {0, 0, 838x1024}
2025-07-16 17:16:37 INFO  c.r.r.m.I.D.CanvasMainChange - after cropRect : {0, 0, 838x1024}
2025-07-16 17:16:37 INFO  c.r.r.m.I.D.CanvasMainChange - displayImage : 838.0x1024.0
2025-07-16 17:16:38 INFO  c.r.r.m.I.D.CanvasMainChange - cropRect : {0, 0, 838x1024}
2025-07-16 17:16:38 INFO  c.r.r.m.I.D.CanvasMainChange - after cropRect : {0, 0, 838x1024}
2025-07-16 17:16:38 INFO  c.r.r.m.I.D.CanvasMainChange - displayImage : 838.0x1024.0
2025-07-16 17:16:38 INFO  c.r.r.m.I.D.CanvasMainChange - cropRect : {0, 0, 838x1024}
2025-07-16 17:16:38 INFO  c.r.r.m.I.D.CanvasMainChange - after cropRect : {0, 0, 838x1024}
2025-07-16 17:16:38 INFO  c.r.r.m.I.D.CanvasMainChange - displayImage : 838.0x1024.0
2025-07-16 17:16:39 INFO  c.r.r.m.I.D.CanvasMainChange - cropRect : {0, 0, 838x1024}
2025-07-16 17:16:39 INFO  c.r.r.m.I.D.CanvasMainChange - after cropRect : {0, 0, 838x1024}
2025-07-16 17:16:39 INFO  c.r.r.m.I.D.CanvasMainChange - displayImage : 838.0x1024.0
2025-07-16 17:16:39 INFO  c.r.r.m.I.D.CanvasMainChange - cropRect : {0, 0, 838x1024}
2025-07-16 17:16:39 INFO  c.r.r.m.I.D.CanvasMainChange - after cropRect : {0, 0, 838x1024}
2025-07-16 17:16:39 INFO  c.r.r.m.I.D.CanvasMainChange - displayImage : 838.0x1024.0
2025-07-16 17:16:40 INFO  c.r.r.m.I.D.CanvasMainChange - cropRect : {0, 0, 838x1024}
2025-07-16 17:16:40 INFO  c.r.r.m.I.D.CanvasMainChange - after cropRect : {0, 0, 838x1024}
2025-07-16 17:16:40 INFO  c.r.r.m.I.D.CanvasMainChange - displayImage : 838.0x1024.0
2025-07-16 17:16:40 INFO  c.r.r.m.I.D.CanvasMainChange - cropRect : {0, 0, 838x1024}
2025-07-16 17:16:40 INFO  c.r.r.m.I.D.CanvasMainChange - after cropRect : {0, 0, 838x1024}
2025-07-16 17:16:40 INFO  c.r.r.m.I.D.CanvasMainChange - displayImage : 838.0x1024.0
2025-07-16 17:16:41 INFO  c.r.r.m.I.D.CanvasMainChange - cropRect : {0, 0, 838x1024}
2025-07-16 17:16:41 INFO  c.r.r.m.I.D.CanvasMainChange - after cropRect : {0, 0, 838x1024}
2025-07-16 17:16:41 INFO  c.r.r.m.I.D.CanvasMainChange - displayImage : 838.0x1024.0
2025-07-16 17:16:41 INFO  c.r.r.m.I.D.CanvasMainChange - cropRect : {0, 0, 838x1024}
2025-07-16 17:16:41 INFO  c.r.r.m.I.D.CanvasMainChange - after cropRect : {0, 0, 838x1024}
2025-07-16 17:16:41 INFO  c.r.r.m.I.D.CanvasMainChange - displayImage : 838.0x1024.0
2025-07-16 17:16:41 INFO  c.r.r.m.I.D.CanvasMainChange - cropRect : {0, 0, 838x1024}
2025-07-16 17:16:41 INFO  c.r.r.m.I.D.CanvasMainChange - after cropRect : {0, 0, 838x1024}
2025-07-16 17:16:41 INFO  c.r.r.m.I.D.CanvasMainChange - displayImage : 838.0x1024.0
2025-07-16 17:16:41 INFO  c.r.r.m.I.D.CanvasMainChange - cropRect : {0, 0, 838x1024}
2025-07-16 17:16:41 INFO  c.r.r.m.I.D.CanvasMainChange - after cropRect : {0, 0, 838x1024}
2025-07-16 17:16:41 INFO  c.r.r.m.I.D.CanvasMainChange - displayImage : 838.0x1024.0
2025-07-16 17:16:41 INFO  c.r.r.m.I.D.CanvasMainChange - cropRect : {0, 0, 838x1024}
2025-07-16 17:16:41 INFO  c.r.r.m.I.D.CanvasMainChange - after cropRect : {0, 0, 838x1024}
2025-07-16 17:16:41 INFO  c.r.r.m.I.D.CanvasMainChange - displayImage : 838.0x1024.0
2025-07-16 17:16:42 INFO  c.r.r.m.I.D.CanvasMainChange - cropRect : {0, 0, 838x1024}
2025-07-16 17:16:42 INFO  c.r.r.m.I.D.CanvasMainChange - after cropRect : {0, 0, 838x1024}
2025-07-16 17:16:42 INFO  c.r.r.m.I.D.CanvasMainChange - displayImage : 838.0x1024.0
2025-07-16 17:16:42 INFO  c.r.r.m.I.D.CanvasMainChange - cropRect : {0, 0, 838x1024}
2025-07-16 17:16:42 INFO  c.r.r.m.I.D.CanvasMainChange - after cropRect : {0, 0, 838x1024}
2025-07-16 17:16:42 INFO  c.r.r.m.I.D.CanvasMainChange - displayImage : 838.0x1024.0
2025-07-16 17:16:42 INFO  c.r.r.m.I.D.CanvasMainChange - cropRect : {0, 0, 838x1024}
2025-07-16 17:16:42 INFO  c.r.r.m.I.D.CanvasMainChange - after cropRect : {0, 0, 838x1024}
2025-07-16 17:16:42 INFO  c.r.r.m.I.D.CanvasMainChange - displayImage : 838.0x1024.0
2025-07-16 17:16:42 INFO  c.r.r.m.I.D.CanvasMainChange - cropRect : {0, 0, 838x1024}
2025-07-16 17:16:42 INFO  c.r.r.m.I.D.CanvasMainChange - after cropRect : {0, 0, 838x1024}
2025-07-16 17:16:42 INFO  c.r.r.m.I.D.CanvasMainChange - displayImage : 838.0x1024.0
2025-07-16 17:16:42 INFO  c.r.r.m.I.D.CanvasMainChange - cropRect : {0, 0, 838x1024}
2025-07-16 17:16:42 INFO  c.r.r.m.I.D.CanvasMainChange - after cropRect : {0, 0, 838x1024}
2025-07-16 17:16:42 INFO  c.r.r.m.I.D.CanvasMainChange - displayImage : 838.0x1024.0
2025-07-16 17:16:42 INFO  c.r.r.m.I.D.CanvasMainChange - cropRect : {0, 0, 838x1024}
2025-07-16 17:16:42 INFO  c.r.r.m.I.D.CanvasMainChange - after cropRect : {0, 0, 838x1024}
2025-07-16 17:16:42 INFO  c.r.r.m.I.D.CanvasMainChange - displayImage : 838.0x1024.0
2025-07-16 17:16:42 INFO  c.r.r.m.I.D.CanvasMainChange - cropRect : {0, 0, 838x1024}
2025-07-16 17:16:42 INFO  c.r.r.m.I.D.CanvasMainChange - after cropRect : {0, 0, 838x1024}
2025-07-16 17:16:42 INFO  c.r.r.m.I.D.CanvasMainChange - displayImage : 838.0x1024.0
2025-07-16 17:16:42 INFO  c.r.r.m.I.D.CanvasMainChange - cropRect : {0, 0, 838x1024}
2025-07-16 17:16:42 INFO  c.r.r.m.I.D.CanvasMainChange - after cropRect : {0, 0, 838x1024}
2025-07-16 17:16:42 INFO  c.r.r.m.I.D.CanvasMainChange - displayImage : 838.0x1024.0
2025-07-16 17:16:43 INFO  c.r.r.m.I.D.CanvasMainChange - cropRect : {0, 0, 838x1024}
2025-07-16 17:16:43 INFO  c.r.r.m.I.D.CanvasMainChange - after cropRect : {0, 0, 838x1024}
2025-07-16 17:16:43 INFO  c.r.r.m.I.D.CanvasMainChange - displayImage : 838.0x1024.0
2025-07-16 17:16:43 INFO  c.r.r.m.I.D.CanvasMainChange - cropRect : {0, 0, 838x1024}
2025-07-16 17:16:43 INFO  c.r.r.m.I.D.CanvasMainChange - after cropRect : {0, 0, 838x1024}
2025-07-16 17:16:43 INFO  c.r.r.m.I.D.CanvasMainChange - displayImage : 838.0x1024.0
2025-07-16 17:16:43 INFO  c.r.r.m.I.D.CanvasMainChange - cropRect : {0, 0, 838x1024}
2025-07-16 17:16:43 INFO  c.r.r.m.I.D.CanvasMainChange - after cropRect : {0, 0, 838x1024}
2025-07-16 17:16:43 INFO  c.r.r.m.I.D.CanvasMainChange - displayImage : 838.0x1024.0
2025-07-16 17:16:43 INFO  c.r.r.m.I.D.CanvasMainChange - cropRect : {0, 0, 838x1024}
2025-07-16 17:16:43 INFO  c.r.r.m.I.D.CanvasMainChange - after cropRect : {0, 0, 838x1024}
2025-07-16 17:16:43 INFO  c.r.r.m.I.D.CanvasMainChange - displayImage : 838.0x1024.0
2025-07-16 17:16:43 INFO  c.r.r.m.I.D.CanvasMainChange - cropRect : {0, 0, 838x1024}
2025-07-16 17:16:43 INFO  c.r.r.m.I.D.CanvasMainChange - after cropRect : {0, 0, 838x1024}
2025-07-16 17:16:43 INFO  c.r.r.m.I.D.CanvasMainChange - displayImage : 838.0x1024.0
2025-07-16 17:16:43 INFO  c.r.r.m.I.D.CanvasMainChange - cropRect : {0, 0, 838x1024}
2025-07-16 17:16:43 INFO  c.r.r.m.I.D.CanvasMainChange - after cropRect : {0, 0, 838x1024}
2025-07-16 17:16:43 INFO  c.r.r.m.I.D.CanvasMainChange - displayImage : 838.0x1024.0
2025-07-16 17:16:43 INFO  c.r.r.m.I.D.CanvasMainChange - cropRect : {0, 0, 838x1024}
2025-07-16 17:16:43 INFO  c.r.r.m.I.D.CanvasMainChange - after cropRect : {0, 0, 838x1024}
2025-07-16 17:16:43 INFO  c.r.r.m.I.D.CanvasMainChange - displayImage : 838.0x1024.0
2025-07-16 17:16:43 INFO  c.r.r.m.I.D.CanvasMainChange - cropRect : {0, 0, 838x1024}
2025-07-16 17:16:43 INFO  c.r.r.m.I.D.CanvasMainChange - after cropRect : {0, 0, 838x1024}
2025-07-16 17:16:43 INFO  c.r.r.m.I.D.CanvasMainChange - displayImage : 838.0x1024.0
2025-07-16 17:16:43 INFO  c.r.r.m.I.D.CanvasMainChange - cropRect : {0, 0, 838x1024}
2025-07-16 17:16:43 INFO  c.r.r.m.I.D.CanvasMainChange - after cropRect : {0, 0, 838x1024}
2025-07-16 17:16:43 INFO  c.r.r.m.I.D.CanvasMainChange - displayImage : 838.0x1024.0
2025-07-16 17:16:43 INFO  c.r.r.m.I.D.CanvasMainChange - cropRect : {0, 0, 838x1024}
2025-07-16 17:16:43 INFO  c.r.r.m.I.D.CanvasMainChange - after cropRect : {0, 0, 838x1024}
2025-07-16 17:16:43 INFO  c.r.r.m.I.D.CanvasMainChange - displayImage : 838.0x1024.0
