2025-07-16 18:10:06 INFO  c.r.r.s.study.StudyMainController - Console is ON
2025-07-16 18:10:09 INFO  c.r.rxviewui.controller.LoginPage - logged In
2025-07-16 18:10:09 INFO  c.r.r.service.login.LoginController - 192.168.12.10
2025-07-16 18:10:09 INFO  c.r.r.service.login.LoginController - No Wi-Fi interface found or no IPv4 address assigned.
2025-07-16 18:10:11 INFO  c.r.r.s.study.StudyMainController - Setting console values for body part: Chest
2025-07-16 18:10:11 INFO  c.r.r.m.s.SerialPortManager - Setting Xray Console - kv: 70.0, ma: 80, mas: 4.0
2025-07-16 18:10:11 INFO  c.r.r.m.s.SerialPortManager - setMa kv1: 70.0, ma1: 80.0
2025-07-16 18:10:11 INFO  c.r.r.m.s.SerialPortManager - x: 175
2025-07-16 18:10:11 INFO  c.r.r.m.s.SerialPortManager - Current Sent: 80.0
2025-07-16 18:10:11 INFO  c.r.r.m.s.SerialPortManager - Calibration Val: 8.32
2025-07-16 18:10:11 INFO  c.r.r.m.s.SerialPortManager - Calibration Val: 8.49
2025-07-16 18:10:11 INFO  c.r.r.m.s.SerialPortManager - Calibration Val: 8.29
2025-07-16 18:10:11 INFO  c.r.r.m.s.SerialPortManager - Calibration Val: 8.49
2025-07-16 18:10:11 INFO  c.r.r.m.s.SerialPortManager - filamentCurrent: 8.32
2025-07-16 18:10:11 INFO  c.r.r.m.s.SerialPortManager - KV Sent : 70.0
2025-07-16 18:10:11 INFO  c.r.r.m.s.SerialPortManager - Calibration Val: 8.32
2025-07-16 18:10:11 INFO  c.r.r.m.s.SerialPortManager - Calibration Val: 8.49
2025-07-16 18:10:11 INFO  c.r.r.m.s.SerialPortManager - Calibration Val: 8.29
2025-07-16 18:10:11 INFO  c.r.r.m.s.SerialPortManager - Calibration Val: 8.49
2025-07-16 18:10:11 INFO  c.r.s.r.TriggerCommandRxOld - Serial port is not open.
2025-07-16 18:10:11 INFO  c.r.r.m.s.SerialPortManager - In short sending KV: 208
2025-07-16 18:10:11 INFO  c.r.r.m.s.SerialPortManager - In byte sending KV: -48
2025-07-16 18:10:11 INFO  c.r.r.m.s.SerialPortManager - setExposureTime 0.05
2025-07-16 18:10:11 INFO  c.r.r.m.s.SerialPortManager - Exposure Time Sent - 50
2025-07-16 18:10:11 INFO  c.r.s.r.TriggerCommandRxOld - Setting KV to: -48
2025-07-16 18:10:11 INFO  c.r.s.r.TriggerCommandRxOld - Serial port is not open.
2025-07-16 18:10:11 INFO  c.r.s.r.TriggerCommandRxOld - Setting Exposure Time to: 50 0 and G
2025-07-16 18:10:11 INFO  c.r.s.r.TriggerCommandRxOld - Serial port is not open.
2025-07-16 18:10:12 INFO  c.r.r.service.study.StudyService - current bodyPart chest AP
2025-07-16 18:10:12 INFO  c.r.r.s.preProcessing.PreProcess - Processing body part: chest
2025-07-16 18:10:12 INFO  c.r.r.s.preProcessing.PreProcess - Mat is 16-bit unsigned
2025-07-16 18:10:14 INFO  c.r.r.service.study.StudyService - Image received Found in FPD
2025-07-16 18:10:15 INFO  c.r.r.service.study.StudyService - org : CV_16UC1
2025-07-16 18:10:15 INFO  c.r.r.service.study.StudyService - study mat.rows() * width : 1024 1024.0
2025-07-16 18:10:15 INFO  c.r.r.service.study.StudyService - study DynamicCanvasElementsResize values set with multiple: 1.0
2025-07-16 18:10:15 INFO  c.r.r.service.study.StudyService - study Line Width: 2.0, Ellipse Radius X: 8.0, Ellipse Radius Y: 8.0, Label Font Size: 14.0, Rect Width: 90.0, Rect Height: 30.0, Custom Font Icon Size: 200.0
2025-07-16 18:10:15 INFO  c.r.r.m.I.D.CanvasMainChange - cropRect : {0, 0, 838x1024}
2025-07-16 18:10:15 INFO  c.r.r.m.I.D.CanvasMainChange - after cropRect : {0, 0, 838x1024}
2025-07-16 18:10:15 INFO  c.r.r.m.I.D.CanvasMainChange - displayImage : 838.0x1024.0
2025-07-16 18:10:15 INFO  c.r.r.m.I.D.CanvasMainChange - cropRect : {0, 0, 838x1024}
2025-07-16 18:10:15 INFO  c.r.r.m.I.D.CanvasMainChange - after cropRect : {0, 0, 838x1024}
2025-07-16 18:10:15 INFO  c.r.r.m.I.D.CanvasMainChange - displayImage : 838.0x1024.0
2025-07-16 18:10:15 INFO  c.r.r.m.I.D.MainDrawTool - ImagingParams is null
2025-07-16 18:10:15 INFO  c.r.r.m.I.D.MainDrawTool - StepEntity is null, no params to apply
2025-07-16 18:10:23 INFO  c.r.r.s.study.ProcessingToolsService - Processing Contrast Slider with value: 0.99
2025-07-16 18:10:23 INFO  c.r.r.m.I.D.MainDrawTool - Brightness and Contrast 0.0 0.99
2025-07-16 18:10:23 INFO  c.r.r.m.I.D.CanvasMainChange - cropRect : {0, 0, 838x1024}
2025-07-16 18:10:23 INFO  c.r.r.m.I.D.CanvasMainChange - after cropRect : {0, 0, 838x1024}
2025-07-16 18:10:23 INFO  c.r.r.m.I.D.CanvasMainChange - displayImage : 838.0x1024.0
2025-07-16 18:10:24 INFO  c.r.r.s.study.ProcessingToolsService - Processing Contrast Slider with value: 0.96
2025-07-16 18:10:24 INFO  c.r.r.m.I.D.MainDrawTool - Brightness and Contrast 0.0 0.96
2025-07-16 18:10:24 INFO  c.r.r.m.I.D.CanvasMainChange - cropRect : {0, 0, 838x1024}
2025-07-16 18:10:24 INFO  c.r.r.m.I.D.CanvasMainChange - after cropRect : {0, 0, 838x1024}
2025-07-16 18:10:24 INFO  c.r.r.m.I.D.CanvasMainChange - displayImage : 838.0x1024.0
2025-07-16 18:10:24 INFO  c.r.r.s.study.ProcessingToolsService - Processing Contrast Slider with value: 0.91
2025-07-16 18:10:24 INFO  c.r.r.m.I.D.MainDrawTool - Brightness and Contrast 0.0 0.91
2025-07-16 18:10:24 INFO  c.r.r.m.I.D.CanvasMainChange - cropRect : {0, 0, 838x1024}
2025-07-16 18:10:24 INFO  c.r.r.m.I.D.CanvasMainChange - after cropRect : {0, 0, 838x1024}
2025-07-16 18:10:24 INFO  c.r.r.m.I.D.CanvasMainChange - displayImage : 838.0x1024.0
2025-07-16 18:10:24 INFO  c.r.r.s.study.ProcessingToolsService - Processing Contrast Slider with value: 0.88
2025-07-16 18:10:24 INFO  c.r.r.m.I.D.MainDrawTool - Brightness and Contrast 0.0 0.88
2025-07-16 18:10:24 INFO  c.r.r.m.I.D.CanvasMainChange - cropRect : {0, 0, 838x1024}
2025-07-16 18:10:24 INFO  c.r.r.m.I.D.CanvasMainChange - after cropRect : {0, 0, 838x1024}
2025-07-16 18:10:24 INFO  c.r.r.m.I.D.CanvasMainChange - displayImage : 838.0x1024.0
2025-07-16 18:10:24 INFO  c.r.r.s.study.ProcessingToolsService - Processing Contrast Slider with value: 0.87
2025-07-16 18:10:24 INFO  c.r.r.m.I.D.MainDrawTool - Brightness and Contrast 0.0 0.87
2025-07-16 18:10:24 INFO  c.r.r.m.I.D.CanvasMainChange - cropRect : {0, 0, 838x1024}
2025-07-16 18:10:24 INFO  c.r.r.m.I.D.CanvasMainChange - after cropRect : {0, 0, 838x1024}
2025-07-16 18:10:24 INFO  c.r.r.m.I.D.CanvasMainChange - displayImage : 838.0x1024.0
2025-07-16 18:10:24 INFO  c.r.r.s.study.ProcessingToolsService - Processing Contrast Slider with value: 0.83
2025-07-16 18:10:24 INFO  c.r.r.m.I.D.MainDrawTool - Brightness and Contrast 0.0 0.83
2025-07-16 18:10:24 INFO  c.r.r.m.I.D.CanvasMainChange - cropRect : {0, 0, 838x1024}
2025-07-16 18:10:24 INFO  c.r.r.m.I.D.CanvasMainChange - after cropRect : {0, 0, 838x1024}
2025-07-16 18:10:24 INFO  c.r.r.m.I.D.CanvasMainChange - displayImage : 838.0x1024.0
2025-07-16 18:10:24 INFO  c.r.r.s.study.ProcessingToolsService - Processing Contrast Slider with value: 0.81
2025-07-16 18:10:24 INFO  c.r.r.m.I.D.MainDrawTool - Brightness and Contrast 0.0 0.81
2025-07-16 18:10:24 INFO  c.r.r.m.I.D.CanvasMainChange - cropRect : {0, 0, 838x1024}
2025-07-16 18:10:24 INFO  c.r.r.m.I.D.CanvasMainChange - after cropRect : {0, 0, 838x1024}
2025-07-16 18:10:24 INFO  c.r.r.m.I.D.CanvasMainChange - displayImage : 838.0x1024.0
2025-07-16 18:10:24 INFO  c.r.r.s.study.ProcessingToolsService - Processing Contrast Slider with value: 0.8
2025-07-16 18:10:24 INFO  c.r.r.m.I.D.MainDrawTool - Brightness and Contrast 0.0 0.8
2025-07-16 18:10:24 INFO  c.r.r.m.I.D.CanvasMainChange - cropRect : {0, 0, 838x1024}
2025-07-16 18:10:24 INFO  c.r.r.m.I.D.CanvasMainChange - after cropRect : {0, 0, 838x1024}
2025-07-16 18:10:24 INFO  c.r.r.m.I.D.CanvasMainChange - displayImage : 838.0x1024.0
2025-07-16 18:10:24 INFO  c.r.r.s.study.ProcessingToolsService - Processing Contrast Slider with value: 0.79
2025-07-16 18:10:24 INFO  c.r.r.m.I.D.MainDrawTool - Brightness and Contrast 0.0 0.79
2025-07-16 18:10:24 INFO  c.r.r.m.I.D.CanvasMainChange - cropRect : {0, 0, 838x1024}
2025-07-16 18:10:24 INFO  c.r.r.m.I.D.CanvasMainChange - after cropRect : {0, 0, 838x1024}
2025-07-16 18:10:24 INFO  c.r.r.m.I.D.CanvasMainChange - displayImage : 838.0x1024.0
2025-07-16 18:10:24 INFO  c.r.r.s.study.ProcessingToolsService - Processing Contrast Slider with value: 0.78
2025-07-16 18:10:24 INFO  c.r.r.m.I.D.MainDrawTool - Brightness and Contrast 0.0 0.78
2025-07-16 18:10:24 INFO  c.r.r.m.I.D.CanvasMainChange - cropRect : {0, 0, 838x1024}
2025-07-16 18:10:24 INFO  c.r.r.m.I.D.CanvasMainChange - after cropRect : {0, 0, 838x1024}
2025-07-16 18:10:24 INFO  c.r.r.m.I.D.CanvasMainChange - displayImage : 838.0x1024.0
2025-07-16 18:10:25 INFO  c.r.r.s.study.ProcessingToolsService - Processing Contrast Slider with value: 0.79
2025-07-16 18:10:25 INFO  c.r.r.m.I.D.MainDrawTool - Brightness and Contrast 0.0 0.79
2025-07-16 18:10:25 INFO  c.r.r.m.I.D.CanvasMainChange - cropRect : {0, 0, 838x1024}
2025-07-16 18:10:25 INFO  c.r.r.m.I.D.CanvasMainChange - after cropRect : {0, 0, 838x1024}
2025-07-16 18:10:25 INFO  c.r.r.m.I.D.CanvasMainChange - displayImage : 838.0x1024.0
2025-07-16 18:10:25 INFO  c.r.r.s.study.ProcessingToolsService - Processing Contrast Slider with value: 0.84
2025-07-16 18:10:25 INFO  c.r.r.m.I.D.MainDrawTool - Brightness and Contrast 0.0 0.84
2025-07-16 18:10:25 INFO  c.r.r.m.I.D.CanvasMainChange - cropRect : {0, 0, 838x1024}
2025-07-16 18:10:25 INFO  c.r.r.m.I.D.CanvasMainChange - after cropRect : {0, 0, 838x1024}
2025-07-16 18:10:25 INFO  c.r.r.m.I.D.CanvasMainChange - displayImage : 838.0x1024.0
2025-07-16 18:10:25 INFO  c.r.r.s.study.ProcessingToolsService - Processing Contrast Slider with value: 0.93
2025-07-16 18:10:25 INFO  c.r.r.m.I.D.MainDrawTool - Brightness and Contrast 0.0 0.93
2025-07-16 18:10:25 INFO  c.r.r.m.I.D.CanvasMainChange - cropRect : {0, 0, 838x1024}
2025-07-16 18:10:25 INFO  c.r.r.m.I.D.CanvasMainChange - after cropRect : {0, 0, 838x1024}
2025-07-16 18:10:25 INFO  c.r.r.m.I.D.CanvasMainChange - displayImage : 838.0x1024.0
2025-07-16 18:10:25 INFO  c.r.r.s.study.ProcessingToolsService - Processing Contrast Slider with value: 1.02
2025-07-16 18:10:25 INFO  c.r.r.m.I.D.MainDrawTool - Brightness and Contrast 0.0 1.02
2025-07-16 18:10:25 INFO  c.r.r.m.I.D.CanvasMainChange - cropRect : {0, 0, 838x1024}
2025-07-16 18:10:25 INFO  c.r.r.m.I.D.CanvasMainChange - after cropRect : {0, 0, 838x1024}
2025-07-16 18:10:25 INFO  c.r.r.m.I.D.CanvasMainChange - displayImage : 838.0x1024.0
2025-07-16 18:10:25 INFO  c.r.r.s.study.ProcessingToolsService - Processing Contrast Slider with value: 1.07
2025-07-16 18:10:25 INFO  c.r.r.m.I.D.MainDrawTool - Brightness and Contrast 0.0 1.07
2025-07-16 18:10:25 INFO  c.r.r.m.I.D.CanvasMainChange - cropRect : {0, 0, 838x1024}
2025-07-16 18:10:25 INFO  c.r.r.m.I.D.CanvasMainChange - after cropRect : {0, 0, 838x1024}
2025-07-16 18:10:25 INFO  c.r.r.m.I.D.CanvasMainChange - displayImage : 838.0x1024.0
2025-07-16 18:10:25 INFO  c.r.r.s.study.ProcessingToolsService - Processing Contrast Slider with value: 1.09
2025-07-16 18:10:25 INFO  c.r.r.m.I.D.MainDrawTool - Brightness and Contrast 0.0 1.09
2025-07-16 18:10:25 INFO  c.r.r.m.I.D.CanvasMainChange - cropRect : {0, 0, 838x1024}
2025-07-16 18:10:25 INFO  c.r.r.m.I.D.CanvasMainChange - after cropRect : {0, 0, 838x1024}
2025-07-16 18:10:25 INFO  c.r.r.m.I.D.CanvasMainChange - displayImage : 838.0x1024.0
2025-07-16 18:10:25 INFO  c.r.r.s.study.ProcessingToolsService - Processing Contrast Slider with value: 1.14
2025-07-16 18:10:25 INFO  c.r.r.m.I.D.MainDrawTool - Brightness and Contrast 0.0 1.14
2025-07-16 18:10:25 INFO  c.r.r.m.I.D.CanvasMainChange - cropRect : {0, 0, 838x1024}
2025-07-16 18:10:25 INFO  c.r.r.m.I.D.CanvasMainChange - after cropRect : {0, 0, 838x1024}
2025-07-16 18:10:25 INFO  c.r.r.m.I.D.CanvasMainChange - displayImage : 838.0x1024.0
2025-07-16 18:10:25 INFO  c.r.r.s.study.ProcessingToolsService - Processing Contrast Slider with value: 1.16
2025-07-16 18:10:25 INFO  c.r.r.m.I.D.MainDrawTool - Brightness and Contrast 0.0 1.16
2025-07-16 18:10:25 INFO  c.r.r.m.I.D.CanvasMainChange - cropRect : {0, 0, 838x1024}
2025-07-16 18:10:25 INFO  c.r.r.m.I.D.CanvasMainChange - after cropRect : {0, 0, 838x1024}
2025-07-16 18:10:25 INFO  c.r.r.m.I.D.CanvasMainChange - displayImage : 838.0x1024.0
2025-07-16 18:10:25 INFO  c.r.r.s.study.ProcessingToolsService - Processing Contrast Slider with value: 1.18
2025-07-16 18:10:25 INFO  c.r.r.m.I.D.MainDrawTool - Brightness and Contrast 0.0 1.18
2025-07-16 18:10:25 INFO  c.r.r.m.I.D.CanvasMainChange - cropRect : {0, 0, 838x1024}
2025-07-16 18:10:25 INFO  c.r.r.m.I.D.CanvasMainChange - after cropRect : {0, 0, 838x1024}
2025-07-16 18:10:25 INFO  c.r.r.m.I.D.CanvasMainChange - displayImage : 838.0x1024.0
2025-07-16 18:10:29 INFO  c.r.r.s.study.ProcessingToolsService - Processing Brightness Slider with value: 0.83
2025-07-16 18:10:29 INFO  c.r.r.m.I.D.MainDrawTool - Brightness and Contrast 0.83 1.18
2025-07-16 18:10:29 INFO  c.r.r.m.I.D.CanvasMainChange - cropRect : {0, 0, 838x1024}
2025-07-16 18:10:29 INFO  c.r.r.m.I.D.CanvasMainChange - after cropRect : {0, 0, 838x1024}
2025-07-16 18:10:29 INFO  c.r.r.m.I.D.CanvasMainChange - displayImage : 838.0x1024.0
2025-07-16 18:10:29 INFO  c.r.r.s.study.ProcessingToolsService - Processing Brightness Slider with value: 8.31
2025-07-16 18:10:29 INFO  c.r.r.m.I.D.MainDrawTool - Brightness and Contrast 8.31 1.18
2025-07-16 18:10:29 INFO  c.r.r.m.I.D.CanvasMainChange - cropRect : {0, 0, 838x1024}
2025-07-16 18:10:29 INFO  c.r.r.m.I.D.CanvasMainChange - after cropRect : {0, 0, 838x1024}
2025-07-16 18:10:29 INFO  c.r.r.m.I.D.CanvasMainChange - displayImage : 838.0x1024.0
2025-07-16 18:10:29 INFO  c.r.r.s.study.ProcessingToolsService - Processing Brightness Slider with value: 12.74
2025-07-16 18:10:29 INFO  c.r.r.m.I.D.MainDrawTool - Brightness and Contrast 12.74 1.18
2025-07-16 18:10:29 INFO  c.r.r.m.I.D.CanvasMainChange - cropRect : {0, 0, 838x1024}
2025-07-16 18:10:29 INFO  c.r.r.m.I.D.CanvasMainChange - after cropRect : {0, 0, 838x1024}
2025-07-16 18:10:29 INFO  c.r.r.m.I.D.CanvasMainChange - displayImage : 838.0x1024.0
2025-07-16 18:10:29 INFO  c.r.r.s.study.ProcessingToolsService - Processing Brightness Slider with value: 15.24
2025-07-16 18:10:29 INFO  c.r.r.m.I.D.MainDrawTool - Brightness and Contrast 15.24 1.18
2025-07-16 18:10:29 INFO  c.r.r.m.I.D.CanvasMainChange - cropRect : {0, 0, 838x1024}
2025-07-16 18:10:29 INFO  c.r.r.m.I.D.CanvasMainChange - after cropRect : {0, 0, 838x1024}
2025-07-16 18:10:29 INFO  c.r.r.m.I.D.CanvasMainChange - displayImage : 838.0x1024.0
2025-07-16 18:10:29 INFO  c.r.r.s.study.ProcessingToolsService - Processing Brightness Slider with value: 18.01
2025-07-16 18:10:29 INFO  c.r.r.m.I.D.MainDrawTool - Brightness and Contrast 18.01 1.18
2025-07-16 18:10:29 INFO  c.r.r.m.I.D.CanvasMainChange - cropRect : {0, 0, 838x1024}
2025-07-16 18:10:29 INFO  c.r.r.m.I.D.CanvasMainChange - after cropRect : {0, 0, 838x1024}
2025-07-16 18:10:29 INFO  c.r.r.m.I.D.CanvasMainChange - displayImage : 838.0x1024.0
2025-07-16 18:10:29 INFO  c.r.r.s.study.ProcessingToolsService - Processing Brightness Slider with value: 21.05
2025-07-16 18:10:29 INFO  c.r.r.m.I.D.MainDrawTool - Brightness and Contrast 21.05 1.18
2025-07-16 18:10:29 INFO  c.r.r.m.I.D.CanvasMainChange - cropRect : {0, 0, 838x1024}
2025-07-16 18:10:29 INFO  c.r.r.m.I.D.CanvasMainChange - after cropRect : {0, 0, 838x1024}
2025-07-16 18:10:29 INFO  c.r.r.m.I.D.CanvasMainChange - displayImage : 838.0x1024.0
2025-07-16 18:10:29 INFO  c.r.r.s.study.ProcessingToolsService - Processing Brightness Slider with value: 24.1
2025-07-16 18:10:29 INFO  c.r.r.m.I.D.MainDrawTool - Brightness and Contrast 24.1 1.18
2025-07-16 18:10:29 INFO  c.r.r.m.I.D.CanvasMainChange - cropRect : {0, 0, 838x1024}
2025-07-16 18:10:29 INFO  c.r.r.m.I.D.CanvasMainChange - after cropRect : {0, 0, 838x1024}
2025-07-16 18:10:29 INFO  c.r.r.m.I.D.CanvasMainChange - displayImage : 838.0x1024.0
2025-07-16 18:10:29 INFO  c.r.r.s.study.ProcessingToolsService - Processing Brightness Slider with value: 28.53
2025-07-16 18:10:29 INFO  c.r.r.m.I.D.MainDrawTool - Brightness and Contrast 28.53 1.18
2025-07-16 18:10:29 INFO  c.r.r.m.I.D.CanvasMainChange - cropRect : {0, 0, 838x1024}
2025-07-16 18:10:29 INFO  c.r.r.m.I.D.CanvasMainChange - after cropRect : {0, 0, 838x1024}
2025-07-16 18:10:29 INFO  c.r.r.m.I.D.CanvasMainChange - displayImage : 838.0x1024.0
2025-07-16 18:10:30 INFO  c.r.r.s.study.ProcessingToolsService - Processing Brightness Slider with value: 34.35
2025-07-16 18:10:30 INFO  c.r.r.m.I.D.MainDrawTool - Brightness and Contrast 34.35 1.18
2025-07-16 18:10:30 INFO  c.r.r.m.I.D.CanvasMainChange - cropRect : {0, 0, 838x1024}
2025-07-16 18:10:30 INFO  c.r.r.m.I.D.CanvasMainChange - after cropRect : {0, 0, 838x1024}
2025-07-16 18:10:30 INFO  c.r.r.m.I.D.CanvasMainChange - displayImage : 838.0x1024.0
2025-07-16 18:10:30 INFO  c.r.r.s.study.ProcessingToolsService - Processing Brightness Slider with value: 37.12
2025-07-16 18:10:30 INFO  c.r.r.m.I.D.MainDrawTool - Brightness and Contrast 37.12 1.18
2025-07-16 18:10:30 INFO  c.r.r.m.I.D.CanvasMainChange - cropRect : {0, 0, 838x1024}
2025-07-16 18:10:30 INFO  c.r.r.m.I.D.CanvasMainChange - after cropRect : {0, 0, 838x1024}
2025-07-16 18:10:30 INFO  c.r.r.m.I.D.CanvasMainChange - displayImage : 838.0x1024.0
2025-07-16 18:10:30 INFO  c.r.r.s.study.ProcessingToolsService - Processing Brightness Slider with value: 40.44
2025-07-16 18:10:30 INFO  c.r.r.m.I.D.MainDrawTool - Brightness and Contrast 40.44 1.18
2025-07-16 18:10:30 INFO  c.r.r.m.I.D.CanvasMainChange - cropRect : {0, 0, 838x1024}
2025-07-16 18:10:30 INFO  c.r.r.m.I.D.CanvasMainChange - after cropRect : {0, 0, 838x1024}
2025-07-16 18:10:30 INFO  c.r.r.m.I.D.CanvasMainChange - displayImage : 838.0x1024.0
2025-07-16 18:10:30 INFO  c.r.r.s.study.ProcessingToolsService - Processing Brightness Slider with value: 42.38
2025-07-16 18:10:30 INFO  c.r.r.m.I.D.MainDrawTool - Brightness and Contrast 42.38 1.18
2025-07-16 18:10:30 INFO  c.r.r.m.I.D.CanvasMainChange - cropRect : {0, 0, 838x1024}
2025-07-16 18:10:30 INFO  c.r.r.m.I.D.CanvasMainChange - after cropRect : {0, 0, 838x1024}
2025-07-16 18:10:30 INFO  c.r.r.m.I.D.CanvasMainChange - displayImage : 838.0x1024.0
2025-07-16 18:10:30 INFO  c.r.r.s.study.ProcessingToolsService - Processing Brightness Slider with value: 44.04
2025-07-16 18:10:30 INFO  c.r.r.m.I.D.MainDrawTool - Brightness and Contrast 44.04 1.18
2025-07-16 18:10:30 INFO  c.r.r.m.I.D.CanvasMainChange - cropRect : {0, 0, 838x1024}
2025-07-16 18:10:30 INFO  c.r.r.m.I.D.CanvasMainChange - after cropRect : {0, 0, 838x1024}
2025-07-16 18:10:30 INFO  c.r.r.m.I.D.CanvasMainChange - displayImage : 838.0x1024.0
2025-07-16 18:10:30 INFO  c.r.r.s.study.ProcessingToolsService - Processing Brightness Slider with value: 46.26
2025-07-16 18:10:30 INFO  c.r.r.m.I.D.MainDrawTool - Brightness and Contrast 46.26 1.18
2025-07-16 18:10:30 INFO  c.r.r.m.I.D.CanvasMainChange - cropRect : {0, 0, 838x1024}
2025-07-16 18:10:30 INFO  c.r.r.m.I.D.CanvasMainChange - after cropRect : {0, 0, 838x1024}
2025-07-16 18:10:30 INFO  c.r.r.m.I.D.CanvasMainChange - displayImage : 838.0x1024.0
2025-07-16 18:10:30 INFO  c.r.r.s.study.ProcessingToolsService - Processing Brightness Slider with value: 48.48
2025-07-16 18:10:30 INFO  c.r.r.m.I.D.MainDrawTool - Brightness and Contrast 48.48 1.18
2025-07-16 18:10:30 INFO  c.r.r.m.I.D.CanvasMainChange - cropRect : {0, 0, 838x1024}
2025-07-16 18:10:30 INFO  c.r.r.m.I.D.CanvasMainChange - after cropRect : {0, 0, 838x1024}
2025-07-16 18:10:30 INFO  c.r.r.m.I.D.CanvasMainChange - displayImage : 838.0x1024.0
2025-07-16 18:10:30 INFO  c.r.r.s.study.ProcessingToolsService - Processing Brightness Slider with value: 50.0
2025-07-16 18:10:30 INFO  c.r.r.m.I.D.MainDrawTool - Brightness and Contrast 50.0 1.18
2025-07-16 18:10:30 INFO  c.r.r.m.I.D.CanvasMainChange - cropRect : {0, 0, 838x1024}
2025-07-16 18:10:30 INFO  c.r.r.m.I.D.CanvasMainChange - after cropRect : {0, 0, 838x1024}
2025-07-16 18:10:30 INFO  c.r.r.m.I.D.CanvasMainChange - displayImage : 838.0x1024.0
2025-07-16 18:10:32 INFO  c.r.r.s.study.ProcessingToolsService - Processing Brightness Slider with value: 47.65
2025-07-16 18:10:32 INFO  c.r.r.m.I.D.MainDrawTool - Brightness and Contrast 47.65 1.18
2025-07-16 18:10:32 INFO  c.r.r.m.I.D.CanvasMainChange - cropRect : {0, 0, 838x1024}
2025-07-16 18:10:32 INFO  c.r.r.m.I.D.CanvasMainChange - after cropRect : {0, 0, 838x1024}
2025-07-16 18:10:32 INFO  c.r.r.m.I.D.CanvasMainChange - displayImage : 838.0x1024.0
2025-07-16 18:10:32 INFO  c.r.r.s.study.ProcessingToolsService - Processing Brightness Slider with value: 10.8
2025-07-16 18:10:32 INFO  c.r.r.m.I.D.MainDrawTool - Brightness and Contrast 10.8 1.18
2025-07-16 18:10:32 INFO  c.r.r.m.I.D.CanvasMainChange - cropRect : {0, 0, 838x1024}
2025-07-16 18:10:32 INFO  c.r.r.m.I.D.CanvasMainChange - after cropRect : {0, 0, 838x1024}
2025-07-16 18:10:32 INFO  c.r.r.m.I.D.CanvasMainChange - displayImage : 838.0x1024.0
2025-07-16 18:10:32 INFO  c.r.r.s.study.ProcessingToolsService - Processing Brightness Slider with value: 2.22
2025-07-16 18:10:32 INFO  c.r.r.m.I.D.MainDrawTool - Brightness and Contrast 2.22 1.18
2025-07-16 18:10:32 INFO  c.r.r.m.I.D.CanvasMainChange - cropRect : {0, 0, 838x1024}
2025-07-16 18:10:32 INFO  c.r.r.m.I.D.CanvasMainChange - after cropRect : {0, 0, 838x1024}
2025-07-16 18:10:32 INFO  c.r.r.m.I.D.CanvasMainChange - displayImage : 838.0x1024.0
2025-07-16 18:10:34 INFO  c.r.r.s.study.ProcessingToolsService - Processing Brightness Slider with value: 0.0
2025-07-16 18:10:34 INFO  c.r.r.m.I.D.MainDrawTool - Brightness and Contrast 0.0 1.18
2025-07-16 18:10:34 INFO  c.r.r.m.I.D.CanvasMainChange - cropRect : {0, 0, 838x1024}
2025-07-16 18:10:34 INFO  c.r.r.m.I.D.CanvasMainChange - after cropRect : {0, 0, 838x1024}
2025-07-16 18:10:34 INFO  c.r.r.m.I.D.CanvasMainChange - displayImage : 838.0x1024.0
2025-07-16 18:10:34 INFO  c.r.r.s.study.ProcessingToolsService - Processing Brightness Slider with value: 2.77
2025-07-16 18:10:34 INFO  c.r.r.m.I.D.MainDrawTool - Brightness and Contrast 2.77 1.18
2025-07-16 18:10:34 INFO  c.r.r.m.I.D.CanvasMainChange - cropRect : {0, 0, 838x1024}
2025-07-16 18:10:34 INFO  c.r.r.m.I.D.CanvasMainChange - after cropRect : {0, 0, 838x1024}
2025-07-16 18:10:34 INFO  c.r.r.m.I.D.CanvasMainChange - displayImage : 838.0x1024.0
2025-07-16 18:10:34 INFO  c.r.r.s.study.ProcessingToolsService - Processing Brightness Slider with value: 9.42
2025-07-16 18:10:34 INFO  c.r.r.m.I.D.MainDrawTool - Brightness and Contrast 9.42 1.18
2025-07-16 18:10:34 INFO  c.r.r.m.I.D.CanvasMainChange - cropRect : {0, 0, 838x1024}
2025-07-16 18:10:34 INFO  c.r.r.m.I.D.CanvasMainChange - after cropRect : {0, 0, 838x1024}
2025-07-16 18:10:34 INFO  c.r.r.m.I.D.CanvasMainChange - displayImage : 838.0x1024.0
2025-07-16 18:10:34 INFO  c.r.r.s.study.ProcessingToolsService - Processing Brightness Slider with value: 19.39
2025-07-16 18:10:34 INFO  c.r.r.m.I.D.MainDrawTool - Brightness and Contrast 19.39 1.18
2025-07-16 18:10:34 INFO  c.r.r.m.I.D.CanvasMainChange - cropRect : {0, 0, 838x1024}
2025-07-16 18:10:34 INFO  c.r.r.m.I.D.CanvasMainChange - after cropRect : {0, 0, 838x1024}
2025-07-16 18:10:34 INFO  c.r.r.m.I.D.CanvasMainChange - displayImage : 838.0x1024.0
2025-07-16 18:10:34 INFO  c.r.r.s.study.ProcessingToolsService - Processing Brightness Slider with value: 26.32
2025-07-16 18:10:34 INFO  c.r.r.m.I.D.MainDrawTool - Brightness and Contrast 26.32 1.18
2025-07-16 18:10:34 INFO  c.r.r.m.I.D.CanvasMainChange - cropRect : {0, 0, 838x1024}
2025-07-16 18:10:34 INFO  c.r.r.m.I.D.CanvasMainChange - after cropRect : {0, 0, 838x1024}
2025-07-16 18:10:34 INFO  c.r.r.m.I.D.CanvasMainChange - displayImage : 838.0x1024.0
2025-07-16 18:10:34 INFO  c.r.r.s.study.ProcessingToolsService - Processing Brightness Slider with value: 32.96
2025-07-16 18:10:34 INFO  c.r.r.m.I.D.MainDrawTool - Brightness and Contrast 32.96 1.18
2025-07-16 18:10:34 INFO  c.r.r.m.I.D.CanvasMainChange - cropRect : {0, 0, 838x1024}
2025-07-16 18:10:34 INFO  c.r.r.m.I.D.CanvasMainChange - after cropRect : {0, 0, 838x1024}
2025-07-16 18:10:34 INFO  c.r.r.m.I.D.CanvasMainChange - displayImage : 838.0x1024.0
2025-07-16 18:10:35 INFO  c.r.r.s.study.ProcessingToolsService - Processing Brightness Slider with value: 41.83
2025-07-16 18:10:35 INFO  c.r.r.m.I.D.MainDrawTool - Brightness and Contrast 41.83 1.18
2025-07-16 18:10:35 INFO  c.r.r.m.I.D.CanvasMainChange - cropRect : {0, 0, 838x1024}
2025-07-16 18:10:35 INFO  c.r.r.m.I.D.CanvasMainChange - after cropRect : {0, 0, 838x1024}
2025-07-16 18:10:35 INFO  c.r.r.m.I.D.CanvasMainChange - displayImage : 838.0x1024.0
2025-07-16 18:10:35 INFO  c.r.r.s.study.ProcessingToolsService - Processing Brightness Slider with value: 50.0
2025-07-16 18:10:35 INFO  c.r.r.m.I.D.MainDrawTool - Brightness and Contrast 50.0 1.18
2025-07-16 18:10:35 INFO  c.r.r.m.I.D.CanvasMainChange - cropRect : {0, 0, 838x1024}
2025-07-16 18:10:35 INFO  c.r.r.m.I.D.CanvasMainChange - after cropRect : {0, 0, 838x1024}
2025-07-16 18:10:35 INFO  c.r.r.m.I.D.CanvasMainChange - displayImage : 838.0x1024.0
2025-07-16 18:10:36 INFO  c.r.r.s.study.ProcessingToolsService - Processing Brightness Slider with value: 46.26
2025-07-16 18:10:36 INFO  c.r.r.m.I.D.MainDrawTool - Brightness and Contrast 46.26 1.18
2025-07-16 18:10:36 INFO  c.r.r.m.I.D.CanvasMainChange - cropRect : {0, 0, 838x1024}
2025-07-16 18:10:36 INFO  c.r.r.m.I.D.CanvasMainChange - after cropRect : {0, 0, 838x1024}
2025-07-16 18:10:36 INFO  c.r.r.m.I.D.CanvasMainChange - displayImage : 838.0x1024.0
2025-07-16 18:10:37 INFO  c.r.r.s.study.ProcessingToolsService - Processing Brightness Slider with value: 0.55
2025-07-16 18:10:37 INFO  c.r.r.m.I.D.MainDrawTool - Brightness and Contrast 0.55 1.18
2025-07-16 18:10:37 INFO  c.r.r.m.I.D.CanvasMainChange - cropRect : {0, 0, 838x1024}
2025-07-16 18:10:37 INFO  c.r.r.m.I.D.CanvasMainChange - after cropRect : {0, 0, 838x1024}
2025-07-16 18:10:37 INFO  c.r.r.m.I.D.CanvasMainChange - displayImage : 838.0x1024.0
2025-07-16 18:10:37 INFO  c.r.r.s.study.ProcessingToolsService - Processing Brightness Slider with value: 50.0
2025-07-16 18:10:37 INFO  c.r.r.m.I.D.MainDrawTool - Brightness and Contrast 50.0 1.18
2025-07-16 18:10:37 INFO  c.r.r.m.I.D.CanvasMainChange - cropRect : {0, 0, 838x1024}
2025-07-16 18:10:37 INFO  c.r.r.m.I.D.CanvasMainChange - after cropRect : {0, 0, 838x1024}
2025-07-16 18:10:37 INFO  c.r.r.m.I.D.CanvasMainChange - displayImage : 838.0x1024.0
2025-07-16 18:10:38 INFO  c.r.r.s.study.ProcessingToolsService - Processing Brightness Slider with value: 44.32
2025-07-16 18:10:38 INFO  c.r.r.m.I.D.MainDrawTool - Brightness and Contrast 44.32 1.18
2025-07-16 18:10:38 INFO  c.r.r.m.I.D.CanvasMainChange - cropRect : {0, 0, 838x1024}
2025-07-16 18:10:38 INFO  c.r.r.m.I.D.CanvasMainChange - after cropRect : {0, 0, 838x1024}
2025-07-16 18:10:38 INFO  c.r.r.m.I.D.CanvasMainChange - displayImage : 838.0x1024.0
2025-07-16 18:10:41 INFO  c.r.r.s.study.ProcessingToolsService - Processing Brightness Slider with value: 6.09
2025-07-16 18:10:41 INFO  c.r.r.m.I.D.MainDrawTool - Brightness and Contrast 6.09 1.18
2025-07-16 18:10:41 INFO  c.r.r.m.I.D.CanvasMainChange - cropRect : {0, 0, 838x1024}
2025-07-16 18:10:41 INFO  c.r.r.m.I.D.CanvasMainChange - after cropRect : {0, 0, 838x1024}
2025-07-16 18:10:41 INFO  c.r.r.m.I.D.CanvasMainChange - displayImage : 838.0x1024.0
2025-07-16 18:10:41 INFO  c.r.r.s.study.ProcessingToolsService - Processing Brightness Slider with value: 50.0
2025-07-16 18:10:41 INFO  c.r.r.m.I.D.MainDrawTool - Brightness and Contrast 50.0 1.18
2025-07-16 18:10:42 INFO  c.r.r.m.I.D.CanvasMainChange - cropRect : {0, 0, 838x1024}
2025-07-16 18:10:42 INFO  c.r.r.m.I.D.CanvasMainChange - after cropRect : {0, 0, 838x1024}
2025-07-16 18:10:42 INFO  c.r.r.m.I.D.CanvasMainChange - displayImage : 838.0x1024.0
2025-07-16 18:10:43 INFO  c.r.r.s.study.ProcessingToolsService - Processing Brightness Slider with value: 49.31
2025-07-16 18:10:43 INFO  c.r.r.m.I.D.MainDrawTool - Brightness and Contrast 49.31 1.18
2025-07-16 18:10:43 INFO  c.r.r.m.I.D.CanvasMainChange - cropRect : {0, 0, 838x1024}
2025-07-16 18:10:43 INFO  c.r.r.m.I.D.CanvasMainChange - after cropRect : {0, 0, 838x1024}
2025-07-16 18:10:43 INFO  c.r.r.m.I.D.CanvasMainChange - displayImage : 838.0x1024.0
2025-07-16 18:10:43 INFO  c.r.r.s.study.ProcessingToolsService - Processing Brightness Slider with value: 20.78
2025-07-16 18:10:43 INFO  c.r.r.m.I.D.MainDrawTool - Brightness and Contrast 20.78 1.18
2025-07-16 18:10:43 INFO  c.r.r.m.I.D.CanvasMainChange - cropRect : {0, 0, 838x1024}
2025-07-16 18:10:43 INFO  c.r.r.m.I.D.CanvasMainChange - after cropRect : {0, 0, 838x1024}
2025-07-16 18:10:43 INFO  c.r.r.m.I.D.CanvasMainChange - displayImage : 838.0x1024.0
2025-07-16 18:10:43 INFO  c.r.r.s.study.ProcessingToolsService - Processing Brightness Slider with value: 2.77
2025-07-16 18:10:43 INFO  c.r.r.m.I.D.MainDrawTool - Brightness and Contrast 2.77 1.18
2025-07-16 18:10:43 INFO  c.r.r.m.I.D.CanvasMainChange - cropRect : {0, 0, 838x1024}
2025-07-16 18:10:43 INFO  c.r.r.m.I.D.CanvasMainChange - after cropRect : {0, 0, 838x1024}
2025-07-16 18:10:43 INFO  c.r.r.m.I.D.CanvasMainChange - displayImage : 838.0x1024.0
2025-07-16 18:10:45 INFO  c.r.r.s.study.ProcessingToolsService - Processing Contrast Slider with value: 1.17
2025-07-16 18:10:45 INFO  c.r.r.m.I.D.MainDrawTool - Brightness and Contrast 2.77 1.17
2025-07-16 18:10:45 INFO  c.r.r.m.I.D.CanvasMainChange - cropRect : {0, 0, 838x1024}
2025-07-16 18:10:45 INFO  c.r.r.m.I.D.CanvasMainChange - after cropRect : {0, 0, 838x1024}
2025-07-16 18:10:45 INFO  c.r.r.m.I.D.CanvasMainChange - displayImage : 838.0x1024.0
2025-07-16 18:10:45 INFO  c.r.r.s.study.ProcessingToolsService - Processing Contrast Slider with value: 1.16
2025-07-16 18:10:45 INFO  c.r.r.m.I.D.MainDrawTool - Brightness and Contrast 2.77 1.16
2025-07-16 18:10:45 INFO  c.r.r.m.I.D.CanvasMainChange - cropRect : {0, 0, 838x1024}
2025-07-16 18:10:45 INFO  c.r.r.m.I.D.CanvasMainChange - after cropRect : {0, 0, 838x1024}
2025-07-16 18:10:45 INFO  c.r.r.m.I.D.CanvasMainChange - displayImage : 838.0x1024.0
2025-07-16 18:10:45 INFO  c.r.r.s.study.ProcessingToolsService - Processing Contrast Slider with value: 1.15
2025-07-16 18:10:45 INFO  c.r.r.m.I.D.MainDrawTool - Brightness and Contrast 2.77 1.15
2025-07-16 18:10:45 INFO  c.r.r.m.I.D.CanvasMainChange - cropRect : {0, 0, 838x1024}
2025-07-16 18:10:45 INFO  c.r.r.m.I.D.CanvasMainChange - after cropRect : {0, 0, 838x1024}
2025-07-16 18:10:45 INFO  c.r.r.m.I.D.CanvasMainChange - displayImage : 838.0x1024.0
2025-07-16 18:10:45 INFO  c.r.r.s.study.ProcessingToolsService - Processing Contrast Slider with value: 1.12
2025-07-16 18:10:45 INFO  c.r.r.m.I.D.MainDrawTool - Brightness and Contrast 2.77 1.12
2025-07-16 18:10:45 INFO  c.r.r.m.I.D.CanvasMainChange - cropRect : {0, 0, 838x1024}
2025-07-16 18:10:45 INFO  c.r.r.m.I.D.CanvasMainChange - after cropRect : {0, 0, 838x1024}
2025-07-16 18:10:45 INFO  c.r.r.m.I.D.CanvasMainChange - displayImage : 838.0x1024.0
2025-07-16 18:10:45 INFO  c.r.r.s.study.ProcessingToolsService - Processing Contrast Slider with value: 1.1
2025-07-16 18:10:45 INFO  c.r.r.m.I.D.MainDrawTool - Brightness and Contrast 2.77 1.1
2025-07-16 18:10:45 INFO  c.r.r.m.I.D.CanvasMainChange - cropRect : {0, 0, 838x1024}
2025-07-16 18:10:45 INFO  c.r.r.m.I.D.CanvasMainChange - after cropRect : {0, 0, 838x1024}
2025-07-16 18:10:45 INFO  c.r.r.m.I.D.CanvasMainChange - displayImage : 838.0x1024.0
2025-07-16 18:10:45 INFO  c.r.r.s.study.ProcessingToolsService - Processing Contrast Slider with value: 1.09
2025-07-16 18:10:45 INFO  c.r.r.m.I.D.MainDrawTool - Brightness and Contrast 2.77 1.09
2025-07-16 18:10:45 INFO  c.r.r.m.I.D.CanvasMainChange - cropRect : {0, 0, 838x1024}
2025-07-16 18:10:45 INFO  c.r.r.m.I.D.CanvasMainChange - after cropRect : {0, 0, 838x1024}
2025-07-16 18:10:45 INFO  c.r.r.m.I.D.CanvasMainChange - displayImage : 838.0x1024.0
2025-07-16 18:10:45 INFO  c.r.r.s.study.ProcessingToolsService - Processing Contrast Slider with value: 1.06
2025-07-16 18:10:45 INFO  c.r.r.m.I.D.MainDrawTool - Brightness and Contrast 2.77 1.06
2025-07-16 18:10:45 INFO  c.r.r.m.I.D.CanvasMainChange - cropRect : {0, 0, 838x1024}
2025-07-16 18:10:45 INFO  c.r.r.m.I.D.CanvasMainChange - after cropRect : {0, 0, 838x1024}
2025-07-16 18:10:45 INFO  c.r.r.m.I.D.CanvasMainChange - displayImage : 838.0x1024.0
2025-07-16 18:10:45 INFO  c.r.r.s.study.ProcessingToolsService - Processing Contrast Slider with value: 1.05
2025-07-16 18:10:45 INFO  c.r.r.m.I.D.MainDrawTool - Brightness and Contrast 2.77 1.05
2025-07-16 18:10:45 INFO  c.r.r.m.I.D.CanvasMainChange - cropRect : {0, 0, 838x1024}
2025-07-16 18:10:45 INFO  c.r.r.m.I.D.CanvasMainChange - after cropRect : {0, 0, 838x1024}
2025-07-16 18:10:45 INFO  c.r.r.m.I.D.CanvasMainChange - displayImage : 838.0x1024.0
2025-07-16 18:10:45 INFO  c.r.r.s.study.ProcessingToolsService - Processing Contrast Slider with value: 1.04
2025-07-16 18:10:45 INFO  c.r.r.m.I.D.MainDrawTool - Brightness and Contrast 2.77 1.04
2025-07-16 18:10:45 INFO  c.r.r.m.I.D.CanvasMainChange - cropRect : {0, 0, 838x1024}
2025-07-16 18:10:45 INFO  c.r.r.m.I.D.CanvasMainChange - after cropRect : {0, 0, 838x1024}
2025-07-16 18:10:45 INFO  c.r.r.m.I.D.CanvasMainChange - displayImage : 838.0x1024.0
2025-07-16 18:10:45 INFO  c.r.r.s.study.ProcessingToolsService - Processing Contrast Slider with value: 1.02
2025-07-16 18:10:45 INFO  c.r.r.m.I.D.MainDrawTool - Brightness and Contrast 2.77 1.02
2025-07-16 18:10:45 INFO  c.r.r.m.I.D.CanvasMainChange - cropRect : {0, 0, 838x1024}
2025-07-16 18:10:45 INFO  c.r.r.m.I.D.CanvasMainChange - after cropRect : {0, 0, 838x1024}
2025-07-16 18:10:45 INFO  c.r.r.m.I.D.CanvasMainChange - displayImage : 838.0x1024.0
2025-07-16 18:10:45 INFO  c.r.r.s.study.ProcessingToolsService - Processing Contrast Slider with value: 1.01
2025-07-16 18:10:45 INFO  c.r.r.m.I.D.MainDrawTool - Brightness and Contrast 2.77 1.01
2025-07-16 18:10:46 INFO  c.r.r.m.I.D.CanvasMainChange - cropRect : {0, 0, 838x1024}
2025-07-16 18:10:46 INFO  c.r.r.m.I.D.CanvasMainChange - after cropRect : {0, 0, 838x1024}
2025-07-16 18:10:46 INFO  c.r.r.m.I.D.CanvasMainChange - displayImage : 838.0x1024.0
2025-07-16 18:10:46 INFO  c.r.r.s.study.ProcessingToolsService - Processing Contrast Slider with value: 1.0
2025-07-16 18:10:46 INFO  c.r.r.m.I.D.MainDrawTool - Brightness and Contrast 2.77 1.0
2025-07-16 18:10:46 INFO  c.r.r.m.I.D.CanvasMainChange - cropRect : {0, 0, 838x1024}
2025-07-16 18:10:46 INFO  c.r.r.m.I.D.CanvasMainChange - after cropRect : {0, 0, 838x1024}
2025-07-16 18:10:46 INFO  c.r.r.m.I.D.CanvasMainChange - displayImage : 838.0x1024.0
2025-07-16 18:10:46 INFO  c.r.r.s.study.ProcessingToolsService - Processing Contrast Slider with value: 0.99
2025-07-16 18:10:46 INFO  c.r.r.m.I.D.MainDrawTool - Brightness and Contrast 2.77 0.99
2025-07-16 18:10:46 INFO  c.r.r.m.I.D.CanvasMainChange - cropRect : {0, 0, 838x1024}
2025-07-16 18:10:46 INFO  c.r.r.m.I.D.CanvasMainChange - after cropRect : {0, 0, 838x1024}
2025-07-16 18:10:46 INFO  c.r.r.m.I.D.CanvasMainChange - displayImage : 838.0x1024.0
2025-07-16 18:10:46 INFO  c.r.r.s.study.ProcessingToolsService - Processing Contrast Slider with value: 0.98
2025-07-16 18:10:46 INFO  c.r.r.m.I.D.MainDrawTool - Brightness and Contrast 2.77 0.98
2025-07-16 18:10:46 INFO  c.r.r.m.I.D.CanvasMainChange - cropRect : {0, 0, 838x1024}
2025-07-16 18:10:46 INFO  c.r.r.m.I.D.CanvasMainChange - after cropRect : {0, 0, 838x1024}
2025-07-16 18:10:46 INFO  c.r.r.m.I.D.CanvasMainChange - displayImage : 838.0x1024.0
2025-07-16 18:10:46 INFO  c.r.r.s.study.ProcessingToolsService - Processing Contrast Slider with value: 0.97
2025-07-16 18:10:46 INFO  c.r.r.m.I.D.MainDrawTool - Brightness and Contrast 2.77 0.97
2025-07-16 18:10:46 INFO  c.r.r.m.I.D.CanvasMainChange - cropRect : {0, 0, 838x1024}
2025-07-16 18:10:46 INFO  c.r.r.m.I.D.CanvasMainChange - after cropRect : {0, 0, 838x1024}
2025-07-16 18:10:46 INFO  c.r.r.m.I.D.CanvasMainChange - displayImage : 838.0x1024.0
2025-07-16 18:10:46 INFO  c.r.r.s.study.ProcessingToolsService - Processing Contrast Slider with value: 0.96
2025-07-16 18:10:46 INFO  c.r.r.m.I.D.MainDrawTool - Brightness and Contrast 2.77 0.96
2025-07-16 18:10:46 INFO  c.r.r.m.I.D.CanvasMainChange - cropRect : {0, 0, 838x1024}
2025-07-16 18:10:46 INFO  c.r.r.m.I.D.CanvasMainChange - after cropRect : {0, 0, 838x1024}
2025-07-16 18:10:46 INFO  c.r.r.m.I.D.CanvasMainChange - displayImage : 838.0x1024.0
2025-07-16 18:10:46 INFO  c.r.r.s.study.ProcessingToolsService - Processing Contrast Slider with value: 0.95
2025-07-16 18:10:46 INFO  c.r.r.m.I.D.MainDrawTool - Brightness and Contrast 2.77 0.95
2025-07-16 18:10:46 INFO  c.r.r.m.I.D.CanvasMainChange - cropRect : {0, 0, 838x1024}
2025-07-16 18:10:46 INFO  c.r.r.m.I.D.CanvasMainChange - after cropRect : {0, 0, 838x1024}
2025-07-16 18:10:46 INFO  c.r.r.m.I.D.CanvasMainChange - displayImage : 838.0x1024.0
2025-07-16 18:10:46 INFO  c.r.r.s.study.ProcessingToolsService - Processing Contrast Slider with value: 0.94
2025-07-16 18:10:46 INFO  c.r.r.m.I.D.MainDrawTool - Brightness and Contrast 2.77 0.94
2025-07-16 18:10:47 INFO  c.r.r.m.I.D.CanvasMainChange - cropRect : {0, 0, 838x1024}
2025-07-16 18:10:47 INFO  c.r.r.m.I.D.CanvasMainChange - after cropRect : {0, 0, 838x1024}
2025-07-16 18:10:47 INFO  c.r.r.m.I.D.CanvasMainChange - displayImage : 838.0x1024.0
2025-07-16 18:10:47 INFO  c.r.r.s.study.ProcessingToolsService - Processing Contrast Slider with value: 0.93
2025-07-16 18:10:47 INFO  c.r.r.m.I.D.MainDrawTool - Brightness and Contrast 2.77 0.93
2025-07-16 18:10:47 INFO  c.r.r.m.I.D.CanvasMainChange - cropRect : {0, 0, 838x1024}
2025-07-16 18:10:47 INFO  c.r.r.m.I.D.CanvasMainChange - after cropRect : {0, 0, 838x1024}
2025-07-16 18:10:47 INFO  c.r.r.m.I.D.CanvasMainChange - displayImage : 838.0x1024.0
2025-07-16 18:10:47 INFO  c.r.r.s.study.ProcessingToolsService - Processing Contrast Slider with value: 0.92
2025-07-16 18:10:47 INFO  c.r.r.m.I.D.MainDrawTool - Brightness and Contrast 2.77 0.92
2025-07-16 18:10:47 INFO  c.r.r.m.I.D.CanvasMainChange - cropRect : {0, 0, 838x1024}
2025-07-16 18:10:47 INFO  c.r.r.m.I.D.CanvasMainChange - after cropRect : {0, 0, 838x1024}
2025-07-16 18:10:47 INFO  c.r.r.m.I.D.CanvasMainChange - displayImage : 838.0x1024.0
2025-07-16 18:10:47 INFO  c.r.r.s.study.ProcessingToolsService - Processing Contrast Slider with value: 0.91
2025-07-16 18:10:47 INFO  c.r.r.m.I.D.MainDrawTool - Brightness and Contrast 2.77 0.91
2025-07-16 18:10:47 INFO  c.r.r.m.I.D.CanvasMainChange - cropRect : {0, 0, 838x1024}
2025-07-16 18:10:47 INFO  c.r.r.m.I.D.CanvasMainChange - after cropRect : {0, 0, 838x1024}
2025-07-16 18:10:47 INFO  c.r.r.m.I.D.CanvasMainChange - displayImage : 838.0x1024.0
2025-07-16 18:10:47 INFO  c.r.r.s.study.ProcessingToolsService - Processing Contrast Slider with value: 0.9
2025-07-16 18:10:47 INFO  c.r.r.m.I.D.MainDrawTool - Brightness and Contrast 2.77 0.9
2025-07-16 18:10:47 INFO  c.r.r.m.I.D.CanvasMainChange - cropRect : {0, 0, 838x1024}
2025-07-16 18:10:47 INFO  c.r.r.m.I.D.CanvasMainChange - after cropRect : {0, 0, 838x1024}
2025-07-16 18:10:47 INFO  c.r.r.m.I.D.CanvasMainChange - displayImage : 838.0x1024.0
2025-07-16 18:10:48 INFO  c.r.r.s.study.ProcessingToolsService - Processing Contrast Slider with value: 0.89
2025-07-16 18:10:48 INFO  c.r.r.m.I.D.MainDrawTool - Brightness and Contrast 2.77 0.89
2025-07-16 18:10:48 INFO  c.r.r.m.I.D.CanvasMainChange - cropRect : {0, 0, 838x1024}
2025-07-16 18:10:48 INFO  c.r.r.m.I.D.CanvasMainChange - after cropRect : {0, 0, 838x1024}
2025-07-16 18:10:48 INFO  c.r.r.m.I.D.CanvasMainChange - displayImage : 838.0x1024.0
2025-07-16 18:10:48 INFO  c.r.r.s.study.ProcessingToolsService - Processing Contrast Slider with value: 0.88
2025-07-16 18:10:48 INFO  c.r.r.m.I.D.MainDrawTool - Brightness and Contrast 2.77 0.88
2025-07-16 18:10:48 INFO  c.r.r.m.I.D.CanvasMainChange - cropRect : {0, 0, 838x1024}
2025-07-16 18:10:48 INFO  c.r.r.m.I.D.CanvasMainChange - after cropRect : {0, 0, 838x1024}
2025-07-16 18:10:48 INFO  c.r.r.m.I.D.CanvasMainChange - displayImage : 838.0x1024.0
2025-07-16 18:10:48 INFO  c.r.r.s.study.ProcessingToolsService - Processing Contrast Slider with value: 0.86
2025-07-16 18:10:48 INFO  c.r.r.m.I.D.MainDrawTool - Brightness and Contrast 2.77 0.86
2025-07-16 18:10:48 INFO  c.r.r.m.I.D.CanvasMainChange - cropRect : {0, 0, 838x1024}
2025-07-16 18:10:48 INFO  c.r.r.m.I.D.CanvasMainChange - after cropRect : {0, 0, 838x1024}
2025-07-16 18:10:48 INFO  c.r.r.m.I.D.CanvasMainChange - displayImage : 838.0x1024.0
2025-07-16 18:10:48 INFO  c.r.r.s.study.ProcessingToolsService - Processing Contrast Slider with value: 0.85
2025-07-16 18:10:48 INFO  c.r.r.m.I.D.MainDrawTool - Brightness and Contrast 2.77 0.85
2025-07-16 18:10:48 INFO  c.r.r.m.I.D.CanvasMainChange - cropRect : {0, 0, 838x1024}
2025-07-16 18:10:48 INFO  c.r.r.m.I.D.CanvasMainChange - after cropRect : {0, 0, 838x1024}
2025-07-16 18:10:48 INFO  c.r.r.m.I.D.CanvasMainChange - displayImage : 838.0x1024.0
2025-07-16 18:10:48 INFO  c.r.r.s.study.ProcessingToolsService - Processing Contrast Slider with value: 0.84
2025-07-16 18:10:48 INFO  c.r.r.m.I.D.MainDrawTool - Brightness and Contrast 2.77 0.84
2025-07-16 18:10:48 INFO  c.r.r.m.I.D.CanvasMainChange - cropRect : {0, 0, 838x1024}
2025-07-16 18:10:48 INFO  c.r.r.m.I.D.CanvasMainChange - after cropRect : {0, 0, 838x1024}
2025-07-16 18:10:48 INFO  c.r.r.m.I.D.CanvasMainChange - displayImage : 838.0x1024.0
2025-07-16 18:10:48 INFO  c.r.r.s.study.ProcessingToolsService - Processing Contrast Slider with value: 0.83
2025-07-16 18:10:48 INFO  c.r.r.m.I.D.MainDrawTool - Brightness and Contrast 2.77 0.83
2025-07-16 18:10:48 INFO  c.r.r.m.I.D.CanvasMainChange - cropRect : {0, 0, 838x1024}
2025-07-16 18:10:48 INFO  c.r.r.m.I.D.CanvasMainChange - after cropRect : {0, 0, 838x1024}
2025-07-16 18:10:48 INFO  c.r.r.m.I.D.CanvasMainChange - displayImage : 838.0x1024.0
2025-07-16 18:10:48 INFO  c.r.r.s.study.ProcessingToolsService - Processing Contrast Slider with value: 0.82
2025-07-16 18:10:48 INFO  c.r.r.m.I.D.MainDrawTool - Brightness and Contrast 2.77 0.82
2025-07-16 18:10:48 INFO  c.r.r.m.I.D.CanvasMainChange - cropRect : {0, 0, 838x1024}
2025-07-16 18:10:48 INFO  c.r.r.m.I.D.CanvasMainChange - after cropRect : {0, 0, 838x1024}
2025-07-16 18:10:48 INFO  c.r.r.m.I.D.CanvasMainChange - displayImage : 838.0x1024.0
2025-07-16 18:10:48 INFO  c.r.r.s.study.ProcessingToolsService - Processing Contrast Slider with value: 0.81
2025-07-16 18:10:48 INFO  c.r.r.m.I.D.MainDrawTool - Brightness and Contrast 2.77 0.81
2025-07-16 18:10:48 INFO  c.r.r.m.I.D.CanvasMainChange - cropRect : {0, 0, 838x1024}
2025-07-16 18:10:48 INFO  c.r.r.m.I.D.CanvasMainChange - after cropRect : {0, 0, 838x1024}
2025-07-16 18:10:48 INFO  c.r.r.m.I.D.CanvasMainChange - displayImage : 838.0x1024.0
2025-07-16 18:10:49 INFO  c.r.r.s.study.ProcessingToolsService - Processing Contrast Slider with value: 0.8
2025-07-16 18:10:49 INFO  c.r.r.m.I.D.MainDrawTool - Brightness and Contrast 2.77 0.8
2025-07-16 18:10:49 INFO  c.r.r.m.I.D.CanvasMainChange - cropRect : {0, 0, 838x1024}
2025-07-16 18:10:49 INFO  c.r.r.m.I.D.CanvasMainChange - after cropRect : {0, 0, 838x1024}
2025-07-16 18:10:49 INFO  c.r.r.m.I.D.CanvasMainChange - displayImage : 838.0x1024.0
2025-07-16 18:10:49 INFO  c.r.r.s.study.ProcessingToolsService - Processing Contrast Slider with value: 0.79
2025-07-16 18:10:49 INFO  c.r.r.m.I.D.MainDrawTool - Brightness and Contrast 2.77 0.79
2025-07-16 18:10:49 INFO  c.r.r.m.I.D.CanvasMainChange - cropRect : {0, 0, 838x1024}
2025-07-16 18:10:49 INFO  c.r.r.m.I.D.CanvasMainChange - after cropRect : {0, 0, 838x1024}
2025-07-16 18:10:49 INFO  c.r.r.m.I.D.CanvasMainChange - displayImage : 838.0x1024.0
2025-07-16 18:10:49 INFO  c.r.r.s.study.ProcessingToolsService - Processing Contrast Slider with value: 0.78
2025-07-16 18:10:49 INFO  c.r.r.m.I.D.MainDrawTool - Brightness and Contrast 2.77 0.78
2025-07-16 18:10:49 INFO  c.r.r.m.I.D.CanvasMainChange - cropRect : {0, 0, 838x1024}
2025-07-16 18:10:49 INFO  c.r.r.m.I.D.CanvasMainChange - after cropRect : {0, 0, 838x1024}
2025-07-16 18:10:49 INFO  c.r.r.m.I.D.CanvasMainChange - displayImage : 838.0x1024.0
2025-07-16 18:10:49 INFO  c.r.r.s.study.ProcessingToolsService - Processing Contrast Slider with value: 0.77
2025-07-16 18:10:49 INFO  c.r.r.m.I.D.MainDrawTool - Brightness and Contrast 2.77 0.77
2025-07-16 18:10:49 INFO  c.r.r.m.I.D.CanvasMainChange - cropRect : {0, 0, 838x1024}
2025-07-16 18:10:49 INFO  c.r.r.m.I.D.CanvasMainChange - after cropRect : {0, 0, 838x1024}
2025-07-16 18:10:49 INFO  c.r.r.m.I.D.CanvasMainChange - displayImage : 838.0x1024.0
2025-07-16 18:10:49 INFO  c.r.r.s.study.ProcessingToolsService - Processing Contrast Slider with value: 0.76
2025-07-16 18:10:49 INFO  c.r.r.m.I.D.MainDrawTool - Brightness and Contrast 2.77 0.76
2025-07-16 18:10:49 INFO  c.r.r.m.I.D.CanvasMainChange - cropRect : {0, 0, 838x1024}
2025-07-16 18:10:49 INFO  c.r.r.m.I.D.CanvasMainChange - after cropRect : {0, 0, 838x1024}
2025-07-16 18:10:49 INFO  c.r.r.m.I.D.CanvasMainChange - displayImage : 838.0x1024.0
2025-07-16 18:10:49 INFO  c.r.r.s.study.ProcessingToolsService - Processing Contrast Slider with value: 0.75
2025-07-16 18:10:49 INFO  c.r.r.m.I.D.MainDrawTool - Brightness and Contrast 2.77 0.75
2025-07-16 18:10:49 INFO  c.r.r.m.I.D.CanvasMainChange - cropRect : {0, 0, 838x1024}
2025-07-16 18:10:49 INFO  c.r.r.m.I.D.CanvasMainChange - after cropRect : {0, 0, 838x1024}
2025-07-16 18:10:49 INFO  c.r.r.m.I.D.CanvasMainChange - displayImage : 838.0x1024.0
2025-07-16 18:10:49 INFO  c.r.r.s.study.ProcessingToolsService - Processing Contrast Slider with value: 0.74
2025-07-16 18:10:49 INFO  c.r.r.m.I.D.MainDrawTool - Brightness and Contrast 2.77 0.74
2025-07-16 18:10:49 INFO  c.r.r.m.I.D.CanvasMainChange - cropRect : {0, 0, 838x1024}
2025-07-16 18:10:49 INFO  c.r.r.m.I.D.CanvasMainChange - after cropRect : {0, 0, 838x1024}
2025-07-16 18:10:49 INFO  c.r.r.m.I.D.CanvasMainChange - displayImage : 838.0x1024.0
2025-07-16 18:10:49 INFO  c.r.r.s.study.ProcessingToolsService - Processing Contrast Slider with value: 0.73
2025-07-16 18:10:49 INFO  c.r.r.m.I.D.MainDrawTool - Brightness and Contrast 2.77 0.73
2025-07-16 18:10:49 INFO  c.r.r.m.I.D.CanvasMainChange - cropRect : {0, 0, 838x1024}
2025-07-16 18:10:49 INFO  c.r.r.m.I.D.CanvasMainChange - after cropRect : {0, 0, 838x1024}
2025-07-16 18:10:49 INFO  c.r.r.m.I.D.CanvasMainChange - displayImage : 838.0x1024.0
2025-07-16 18:10:49 INFO  c.r.r.s.study.ProcessingToolsService - Processing Contrast Slider with value: 0.72
2025-07-16 18:10:49 INFO  c.r.r.m.I.D.MainDrawTool - Brightness and Contrast 2.77 0.72
2025-07-16 18:10:49 INFO  c.r.r.m.I.D.CanvasMainChange - cropRect : {0, 0, 838x1024}
2025-07-16 18:10:49 INFO  c.r.r.m.I.D.CanvasMainChange - after cropRect : {0, 0, 838x1024}
2025-07-16 18:10:49 INFO  c.r.r.m.I.D.CanvasMainChange - displayImage : 838.0x1024.0
2025-07-16 18:10:49 INFO  c.r.r.s.study.ProcessingToolsService - Processing Contrast Slider with value: 0.71
2025-07-16 18:10:49 INFO  c.r.r.m.I.D.MainDrawTool - Brightness and Contrast 2.77 0.71
2025-07-16 18:10:49 INFO  c.r.r.m.I.D.CanvasMainChange - cropRect : {0, 0, 838x1024}
2025-07-16 18:10:49 INFO  c.r.r.m.I.D.CanvasMainChange - after cropRect : {0, 0, 838x1024}
2025-07-16 18:10:49 INFO  c.r.r.m.I.D.CanvasMainChange - displayImage : 838.0x1024.0
2025-07-16 18:10:49 INFO  c.r.r.s.study.ProcessingToolsService - Processing Contrast Slider with value: 0.7
2025-07-16 18:10:49 INFO  c.r.r.m.I.D.MainDrawTool - Brightness and Contrast 2.77 0.7
2025-07-16 18:10:49 INFO  c.r.r.m.I.D.CanvasMainChange - cropRect : {0, 0, 838x1024}
2025-07-16 18:10:49 INFO  c.r.r.m.I.D.CanvasMainChange - after cropRect : {0, 0, 838x1024}
2025-07-16 18:10:49 INFO  c.r.r.m.I.D.CanvasMainChange - displayImage : 838.0x1024.0
2025-07-16 18:10:50 INFO  c.r.r.s.study.ProcessingToolsService - Processing Contrast Slider with value: 0.69
2025-07-16 18:10:50 INFO  c.r.r.m.I.D.MainDrawTool - Brightness and Contrast 2.77 0.69
2025-07-16 18:10:50 INFO  c.r.r.m.I.D.CanvasMainChange - cropRect : {0, 0, 838x1024}
2025-07-16 18:10:50 INFO  c.r.r.m.I.D.CanvasMainChange - after cropRect : {0, 0, 838x1024}
2025-07-16 18:10:50 INFO  c.r.r.m.I.D.CanvasMainChange - displayImage : 838.0x1024.0
2025-07-16 18:10:50 INFO  c.r.r.s.study.ProcessingToolsService - Processing Contrast Slider with value: 0.68
2025-07-16 18:10:50 INFO  c.r.r.m.I.D.MainDrawTool - Brightness and Contrast 2.77 0.68
2025-07-16 18:10:50 INFO  c.r.r.m.I.D.CanvasMainChange - cropRect : {0, 0, 838x1024}
2025-07-16 18:10:50 INFO  c.r.r.m.I.D.CanvasMainChange - after cropRect : {0, 0, 838x1024}
2025-07-16 18:10:50 INFO  c.r.r.m.I.D.CanvasMainChange - displayImage : 838.0x1024.0
2025-07-16 18:10:50 INFO  c.r.r.s.study.ProcessingToolsService - Processing Contrast Slider with value: 0.67
2025-07-16 18:10:50 INFO  c.r.r.m.I.D.MainDrawTool - Brightness and Contrast 2.77 0.67
2025-07-16 18:10:50 INFO  c.r.r.m.I.D.CanvasMainChange - cropRect : {0, 0, 838x1024}
2025-07-16 18:10:50 INFO  c.r.r.m.I.D.CanvasMainChange - after cropRect : {0, 0, 838x1024}
2025-07-16 18:10:50 INFO  c.r.r.m.I.D.CanvasMainChange - displayImage : 838.0x1024.0
2025-07-16 18:10:50 INFO  c.r.r.s.study.ProcessingToolsService - Processing Contrast Slider with value: 0.66
2025-07-16 18:10:50 INFO  c.r.r.m.I.D.MainDrawTool - Brightness and Contrast 2.77 0.66
2025-07-16 18:10:50 INFO  c.r.r.m.I.D.CanvasMainChange - cropRect : {0, 0, 838x1024}
2025-07-16 18:10:50 INFO  c.r.r.m.I.D.CanvasMainChange - after cropRect : {0, 0, 838x1024}
2025-07-16 18:10:50 INFO  c.r.r.m.I.D.CanvasMainChange - displayImage : 838.0x1024.0
2025-07-16 18:10:50 INFO  c.r.r.s.study.ProcessingToolsService - Processing Contrast Slider with value: 0.65
2025-07-16 18:10:50 INFO  c.r.r.m.I.D.MainDrawTool - Brightness and Contrast 2.77 0.65
2025-07-16 18:10:50 INFO  c.r.r.m.I.D.CanvasMainChange - cropRect : {0, 0, 838x1024}
2025-07-16 18:10:50 INFO  c.r.r.m.I.D.CanvasMainChange - after cropRect : {0, 0, 838x1024}
2025-07-16 18:10:50 INFO  c.r.r.m.I.D.CanvasMainChange - displayImage : 838.0x1024.0
2025-07-16 18:10:50 INFO  c.r.r.s.study.ProcessingToolsService - Processing Contrast Slider with value: 0.64
2025-07-16 18:10:50 INFO  c.r.r.m.I.D.MainDrawTool - Brightness and Contrast 2.77 0.64
2025-07-16 18:10:50 INFO  c.r.r.m.I.D.CanvasMainChange - cropRect : {0, 0, 838x1024}
2025-07-16 18:10:50 INFO  c.r.r.m.I.D.CanvasMainChange - after cropRect : {0, 0, 838x1024}
2025-07-16 18:10:50 INFO  c.r.r.m.I.D.CanvasMainChange - displayImage : 838.0x1024.0
2025-07-16 18:10:50 INFO  c.r.r.s.study.ProcessingToolsService - Processing Contrast Slider with value: 0.63
2025-07-16 18:10:50 INFO  c.r.r.m.I.D.MainDrawTool - Brightness and Contrast 2.77 0.63
2025-07-16 18:10:50 INFO  c.r.r.m.I.D.CanvasMainChange - cropRect : {0, 0, 838x1024}
2025-07-16 18:10:50 INFO  c.r.r.m.I.D.CanvasMainChange - after cropRect : {0, 0, 838x1024}
2025-07-16 18:10:50 INFO  c.r.r.m.I.D.CanvasMainChange - displayImage : 838.0x1024.0
2025-07-16 18:10:50 INFO  c.r.r.s.study.ProcessingToolsService - Processing Contrast Slider with value: 0.62
2025-07-16 18:10:50 INFO  c.r.r.m.I.D.MainDrawTool - Brightness and Contrast 2.77 0.62
2025-07-16 18:10:50 INFO  c.r.r.m.I.D.CanvasMainChange - cropRect : {0, 0, 838x1024}
2025-07-16 18:10:50 INFO  c.r.r.m.I.D.CanvasMainChange - after cropRect : {0, 0, 838x1024}
2025-07-16 18:10:50 INFO  c.r.r.m.I.D.CanvasMainChange - displayImage : 838.0x1024.0
2025-07-16 18:10:50 INFO  c.r.r.s.study.ProcessingToolsService - Processing Contrast Slider with value: 0.61
2025-07-16 18:10:50 INFO  c.r.r.m.I.D.MainDrawTool - Brightness and Contrast 2.77 0.61
2025-07-16 18:10:50 INFO  c.r.r.m.I.D.CanvasMainChange - cropRect : {0, 0, 838x1024}
2025-07-16 18:10:50 INFO  c.r.r.m.I.D.CanvasMainChange - after cropRect : {0, 0, 838x1024}
2025-07-16 18:10:50 INFO  c.r.r.m.I.D.CanvasMainChange - displayImage : 838.0x1024.0
2025-07-16 18:10:51 INFO  c.r.r.s.study.ProcessingToolsService - Processing Contrast Slider with value: 0.6
2025-07-16 18:10:51 INFO  c.r.r.m.I.D.MainDrawTool - Brightness and Contrast 2.77 0.6
2025-07-16 18:10:51 INFO  c.r.r.m.I.D.CanvasMainChange - cropRect : {0, 0, 838x1024}
2025-07-16 18:10:51 INFO  c.r.r.m.I.D.CanvasMainChange - after cropRect : {0, 0, 838x1024}
2025-07-16 18:10:51 INFO  c.r.r.m.I.D.CanvasMainChange - displayImage : 838.0x1024.0
2025-07-16 18:10:53 INFO  c.r.r.s.study.ProcessingToolsService - Processing Brightness Slider with value: 2.47
2025-07-16 18:10:53 INFO  c.r.r.m.I.D.MainDrawTool - Brightness and Contrast 2.47 0.6
2025-07-16 18:10:53 INFO  c.r.r.m.I.D.CanvasMainChange - cropRect : {0, 0, 838x1024}
2025-07-16 18:10:53 INFO  c.r.r.m.I.D.CanvasMainChange - after cropRect : {0, 0, 838x1024}
2025-07-16 18:10:53 INFO  c.r.r.m.I.D.CanvasMainChange - displayImage : 838.0x1024.0
2025-07-16 18:10:53 INFO  c.r.r.s.study.ProcessingToolsService - Processing Brightness Slider with value: 43.19
2025-07-16 18:10:53 INFO  c.r.r.m.I.D.MainDrawTool - Brightness and Contrast 43.19 0.6
2025-07-16 18:10:53 INFO  c.r.r.m.I.D.CanvasMainChange - cropRect : {0, 0, 838x1024}
2025-07-16 18:10:53 INFO  c.r.r.m.I.D.CanvasMainChange - after cropRect : {0, 0, 838x1024}
2025-07-16 18:10:53 INFO  c.r.r.m.I.D.CanvasMainChange - displayImage : 838.0x1024.0
2025-07-16 18:10:53 INFO  c.r.r.s.study.ProcessingToolsService - Processing Brightness Slider with value: 50.0
2025-07-16 18:10:53 INFO  c.r.r.m.I.D.MainDrawTool - Brightness and Contrast 50.0 0.6
2025-07-16 18:10:53 INFO  c.r.r.m.I.D.CanvasMainChange - cropRect : {0, 0, 838x1024}
2025-07-16 18:10:53 INFO  c.r.r.m.I.D.CanvasMainChange - after cropRect : {0, 0, 838x1024}
2025-07-16 18:10:53 INFO  c.r.r.m.I.D.CanvasMainChange - displayImage : 838.0x1024.0
2025-07-16 18:10:53 INFO  c.r.r.s.study.ProcessingToolsService - Processing Brightness Slider with value: 36.81
2025-07-16 18:10:53 INFO  c.r.r.m.I.D.MainDrawTool - Brightness and Contrast 36.81 0.6
2025-07-16 18:10:53 INFO  c.r.r.m.I.D.CanvasMainChange - cropRect : {0, 0, 838x1024}
2025-07-16 18:10:53 INFO  c.r.r.m.I.D.CanvasMainChange - after cropRect : {0, 0, 838x1024}
2025-07-16 18:10:53 INFO  c.r.r.m.I.D.CanvasMainChange - displayImage : 838.0x1024.0
2025-07-16 18:10:54 INFO  c.r.r.s.study.ProcessingToolsService - Processing Brightness Slider with value: 19.09
2025-07-16 18:10:54 INFO  c.r.r.m.I.D.MainDrawTool - Brightness and Contrast 19.09 0.6
2025-07-16 18:10:54 INFO  c.r.r.m.I.D.CanvasMainChange - cropRect : {0, 0, 838x1024}
2025-07-16 18:10:54 INFO  c.r.r.m.I.D.CanvasMainChange - after cropRect : {0, 0, 838x1024}
2025-07-16 18:10:54 INFO  c.r.r.m.I.D.CanvasMainChange - displayImage : 838.0x1024.0
2025-07-16 18:10:54 INFO  c.r.r.s.study.ProcessingToolsService - Processing Brightness Slider with value: 50.0
2025-07-16 18:10:54 INFO  c.r.r.m.I.D.MainDrawTool - Brightness and Contrast 50.0 0.6
2025-07-16 18:10:54 INFO  c.r.r.m.I.D.CanvasMainChange - cropRect : {0, 0, 838x1024}
2025-07-16 18:10:54 INFO  c.r.r.m.I.D.CanvasMainChange - after cropRect : {0, 0, 838x1024}
2025-07-16 18:10:54 INFO  c.r.r.m.I.D.CanvasMainChange - displayImage : 838.0x1024.0
2025-07-16 18:10:54 INFO  c.r.r.s.study.ProcessingToolsService - Processing Brightness Slider with value: 14.65
2025-07-16 18:10:54 INFO  c.r.r.m.I.D.MainDrawTool - Brightness and Contrast 14.65 0.6
2025-07-16 18:10:54 INFO  c.r.r.m.I.D.CanvasMainChange - cropRect : {0, 0, 838x1024}
2025-07-16 18:10:54 INFO  c.r.r.m.I.D.CanvasMainChange - after cropRect : {0, 0, 838x1024}
2025-07-16 18:10:54 INFO  c.r.r.m.I.D.CanvasMainChange - displayImage : 838.0x1024.0
2025-07-16 18:10:54 INFO  c.r.r.s.study.ProcessingToolsService - Processing Brightness Slider with value: 38.48
2025-07-16 18:10:54 INFO  c.r.r.m.I.D.MainDrawTool - Brightness and Contrast 38.48 0.6
2025-07-16 18:10:54 INFO  c.r.r.m.I.D.CanvasMainChange - cropRect : {0, 0, 838x1024}
2025-07-16 18:10:54 INFO  c.r.r.m.I.D.CanvasMainChange - after cropRect : {0, 0, 838x1024}
2025-07-16 18:10:54 INFO  c.r.r.m.I.D.CanvasMainChange - displayImage : 838.0x1024.0
2025-07-16 18:10:54 INFO  c.r.r.s.study.ProcessingToolsService - Processing Brightness Slider with value: 36.26
2025-07-16 18:10:54 INFO  c.r.r.m.I.D.MainDrawTool - Brightness and Contrast 36.26 0.6
2025-07-16 18:10:54 INFO  c.r.r.m.I.D.CanvasMainChange - cropRect : {0, 0, 838x1024}
2025-07-16 18:10:54 INFO  c.r.r.m.I.D.CanvasMainChange - after cropRect : {0, 0, 838x1024}
2025-07-16 18:10:54 INFO  c.r.r.m.I.D.CanvasMainChange - displayImage : 838.0x1024.0
2025-07-16 18:10:54 INFO  c.r.r.s.study.ProcessingToolsService - Processing Brightness Slider with value: 50.0
2025-07-16 18:10:54 INFO  c.r.r.m.I.D.MainDrawTool - Brightness and Contrast 50.0 0.6
2025-07-16 18:10:54 INFO  c.r.r.m.I.D.CanvasMainChange - cropRect : {0, 0, 838x1024}
2025-07-16 18:10:54 INFO  c.r.r.m.I.D.CanvasMainChange - after cropRect : {0, 0, 838x1024}
2025-07-16 18:10:54 INFO  c.r.r.m.I.D.CanvasMainChange - displayImage : 838.0x1024.0
2025-07-16 18:10:54 INFO  c.r.r.s.study.ProcessingToolsService - Processing Brightness Slider with value: 9.39
2025-07-16 18:10:54 INFO  c.r.r.m.I.D.MainDrawTool - Brightness and Contrast 9.39 0.6
2025-07-16 18:10:54 INFO  c.r.r.m.I.D.CanvasMainChange - cropRect : {0, 0, 838x1024}
2025-07-16 18:10:54 INFO  c.r.r.m.I.D.CanvasMainChange - after cropRect : {0, 0, 838x1024}
2025-07-16 18:10:54 INFO  c.r.r.m.I.D.CanvasMainChange - displayImage : 838.0x1024.0
2025-07-16 18:10:54 INFO  c.r.r.s.study.ProcessingToolsService - Processing Brightness Slider with value: 50.0
2025-07-16 18:10:54 INFO  c.r.r.m.I.D.MainDrawTool - Brightness and Contrast 50.0 0.6
2025-07-16 18:10:54 INFO  c.r.r.m.I.D.CanvasMainChange - cropRect : {0, 0, 838x1024}
2025-07-16 18:10:54 INFO  c.r.r.m.I.D.CanvasMainChange - after cropRect : {0, 0, 838x1024}
2025-07-16 18:10:54 INFO  c.r.r.m.I.D.CanvasMainChange - displayImage : 838.0x1024.0
2025-07-16 18:10:54 INFO  c.r.r.s.study.ProcessingToolsService - Processing Brightness Slider with value: 19.92
2025-07-16 18:10:54 INFO  c.r.r.m.I.D.MainDrawTool - Brightness and Contrast 19.92 0.6
2025-07-16 18:10:54 INFO  c.r.r.m.I.D.CanvasMainChange - cropRect : {0, 0, 838x1024}
2025-07-16 18:10:54 INFO  c.r.r.m.I.D.CanvasMainChange - after cropRect : {0, 0, 838x1024}
2025-07-16 18:10:54 INFO  c.r.r.m.I.D.CanvasMainChange - displayImage : 838.0x1024.0
2025-07-16 18:10:54 INFO  c.r.r.s.study.ProcessingToolsService - Processing Brightness Slider with value: 50.0
2025-07-16 18:10:54 INFO  c.r.r.m.I.D.MainDrawTool - Brightness and Contrast 50.0 0.6
2025-07-16 18:10:54 INFO  c.r.r.m.I.D.CanvasMainChange - cropRect : {0, 0, 838x1024}
2025-07-16 18:10:54 INFO  c.r.r.m.I.D.CanvasMainChange - after cropRect : {0, 0, 838x1024}
2025-07-16 18:10:54 INFO  c.r.r.m.I.D.CanvasMainChange - displayImage : 838.0x1024.0
2025-07-16 18:10:59 INFO  c.r.r.s.study.ProcessingToolsService - Processing Sharpness Slider with value: 1.08
2025-07-16 18:10:59 INFO  c.r.r.s.study.ProcessingToolsService - Processing Sharpness Slider with value: 2.16
2025-07-16 18:10:59 INFO  c.r.r.m.I.D.CanvasMainChange - cropRect : {0, 0, 838x1024}
2025-07-16 18:10:59 INFO  c.r.r.m.I.D.CanvasMainChange - after cropRect : {0, 0, 838x1024}
2025-07-16 18:10:59 INFO  c.r.r.m.I.D.CanvasMainChange - displayImage : 838.0x1024.0
2025-07-16 18:10:59 INFO  c.r.r.s.study.ProcessingToolsService - Processing Sharpness Slider with value: 8.89
2025-07-16 18:10:59 INFO  c.r.r.s.study.ProcessingToolsService - Processing Sharpness Slider with value: 13.38
2025-07-16 18:10:59 INFO  c.r.r.s.study.ProcessingToolsService - Processing Sharpness Slider with value: 15.63
2025-07-16 18:10:59 INFO  c.r.r.m.I.D.CanvasMainChange - cropRect : {0, 0, 838x1024}
2025-07-16 18:10:59 INFO  c.r.r.m.I.D.CanvasMainChange - after cropRect : {0, 0, 838x1024}
2025-07-16 18:10:59 INFO  c.r.r.m.I.D.CanvasMainChange - displayImage : 838.0x1024.0
2025-07-16 18:10:59 INFO  c.r.r.s.study.ProcessingToolsService - Processing Sharpness Slider with value: 16.96
2025-07-16 18:10:59 INFO  c.r.r.m.I.D.CanvasMainChange - cropRect : {0, 0, 838x1024}
2025-07-16 18:10:59 INFO  c.r.r.m.I.D.CanvasMainChange - after cropRect : {0, 0, 838x1024}
2025-07-16 18:10:59 INFO  c.r.r.m.I.D.CanvasMainChange - displayImage : 838.0x1024.0
2025-07-16 18:10:59 INFO  c.r.r.s.study.ProcessingToolsService - Processing Sharpness Slider with value: 18.29
2025-07-16 18:10:59 INFO  c.r.r.m.I.D.CanvasMainChange - cropRect : {0, 0, 838x1024}
2025-07-16 18:10:59 INFO  c.r.r.m.I.D.CanvasMainChange - after cropRect : {0, 0, 838x1024}
2025-07-16 18:10:59 INFO  c.r.r.m.I.D.CanvasMainChange - displayImage : 838.0x1024.0
2025-07-16 18:10:59 INFO  c.r.r.s.study.ProcessingToolsService - Processing Sharpness Slider with value: 19.03
2025-07-16 18:10:59 INFO  c.r.r.s.study.ProcessingToolsService - Processing Sharpness Slider with value: 19.2
2025-07-16 18:10:59 INFO  c.r.r.m.I.D.CanvasMainChange - cropRect : {0, 0, 838x1024}
2025-07-16 18:10:59 INFO  c.r.r.m.I.D.CanvasMainChange - after cropRect : {0, 0, 838x1024}
2025-07-16 18:10:59 INFO  c.r.r.m.I.D.CanvasMainChange - displayImage : 838.0x1024.0
2025-07-16 18:10:59 INFO  c.r.r.s.study.ProcessingToolsService - Processing Sharpness Slider with value: 19.28
2025-07-16 18:10:59 INFO  c.r.r.m.I.D.CanvasMainChange - cropRect : {0, 0, 838x1024}
2025-07-16 18:10:59 INFO  c.r.r.m.I.D.CanvasMainChange - after cropRect : {0, 0, 838x1024}
2025-07-16 18:10:59 INFO  c.r.r.m.I.D.CanvasMainChange - displayImage : 838.0x1024.0
2025-07-16 18:10:59 INFO  c.r.r.m.I.D.CanvasMainChange - cropRect : {0, 0, 838x1024}
2025-07-16 18:10:59 INFO  c.r.r.m.I.D.CanvasMainChange - after cropRect : {0, 0, 838x1024}
2025-07-16 18:10:59 INFO  c.r.r.m.I.D.CanvasMainChange - displayImage : 838.0x1024.0
2025-07-16 18:10:59 INFO  c.r.r.m.I.D.CanvasMainChange - cropRect : {0, 0, 838x1024}
2025-07-16 18:10:59 INFO  c.r.r.m.I.D.CanvasMainChange - after cropRect : {0, 0, 838x1024}
2025-07-16 18:10:59 INFO  c.r.r.m.I.D.CanvasMainChange - displayImage : 838.0x1024.0
2025-07-16 18:10:59 INFO  c.r.r.m.I.D.CanvasMainChange - cropRect : {0, 0, 838x1024}
2025-07-16 18:10:59 INFO  c.r.r.m.I.D.CanvasMainChange - after cropRect : {0, 0, 838x1024}
2025-07-16 18:10:59 INFO  c.r.r.m.I.D.CanvasMainChange - displayImage : 838.0x1024.0
2025-07-16 18:10:59 INFO  c.r.r.m.I.D.CanvasMainChange - cropRect : {0, 0, 838x1024}
2025-07-16 18:10:59 INFO  c.r.r.m.I.D.CanvasMainChange - after cropRect : {0, 0, 838x1024}
2025-07-16 18:10:59 INFO  c.r.r.m.I.D.CanvasMainChange - displayImage : 838.0x1024.0
2025-07-16 18:11:00 INFO  c.r.r.s.study.ProcessingToolsService - Processing Sharpness Slider with value: 19.2
2025-07-16 18:11:00 INFO  c.r.r.s.study.ProcessingToolsService - Processing Sharpness Slider with value: 18.78
2025-07-16 18:11:00 INFO  c.r.r.m.I.D.CanvasMainChange - cropRect : {0, 0, 838x1024}
2025-07-16 18:11:00 INFO  c.r.r.m.I.D.CanvasMainChange - after cropRect : {0, 0, 838x1024}
2025-07-16 18:11:00 INFO  c.r.r.m.I.D.CanvasMainChange - displayImage : 838.0x1024.0
2025-07-16 18:11:00 INFO  c.r.r.s.study.ProcessingToolsService - Processing Sharpness Slider with value: 17.79
2025-07-16 18:11:00 INFO  c.r.r.s.study.ProcessingToolsService - Processing Sharpness Slider with value: 17.12
2025-07-16 18:11:00 INFO  c.r.r.s.study.ProcessingToolsService - Processing Sharpness Slider with value: 16.62
2025-07-16 18:11:00 INFO  c.r.r.m.I.D.CanvasMainChange - cropRect : {0, 0, 838x1024}
2025-07-16 18:11:00 INFO  c.r.r.m.I.D.CanvasMainChange - after cropRect : {0, 0, 838x1024}
2025-07-16 18:11:00 INFO  c.r.r.m.I.D.CanvasMainChange - displayImage : 838.0x1024.0
2025-07-16 18:11:00 INFO  c.r.r.s.study.ProcessingToolsService - Processing Sharpness Slider with value: 14.38
2025-07-16 18:11:00 INFO  c.r.r.m.I.D.CanvasMainChange - cropRect : {0, 0, 838x1024}
2025-07-16 18:11:00 INFO  c.r.r.m.I.D.CanvasMainChange - after cropRect : {0, 0, 838x1024}
2025-07-16 18:11:00 INFO  c.r.r.m.I.D.CanvasMainChange - displayImage : 838.0x1024.0
2025-07-16 18:11:00 INFO  c.r.r.s.study.ProcessingToolsService - Processing Sharpness Slider with value: 11.06
2025-07-16 18:11:00 INFO  c.r.r.m.I.D.CanvasMainChange - cropRect : {0, 0, 838x1024}
2025-07-16 18:11:00 INFO  c.r.r.m.I.D.CanvasMainChange - after cropRect : {0, 0, 838x1024}
2025-07-16 18:11:00 INFO  c.r.r.m.I.D.CanvasMainChange - displayImage : 838.0x1024.0
2025-07-16 18:11:00 INFO  c.r.r.s.study.ProcessingToolsService - Processing Sharpness Slider with value: 10.47
2025-07-16 18:11:00 INFO  c.r.r.s.study.ProcessingToolsService - Processing Sharpness Slider with value: 10.31
2025-07-16 18:11:00 INFO  c.r.r.s.study.ProcessingToolsService - Processing Sharpness Slider with value: 9.81
2025-07-16 18:11:00 INFO  c.r.r.m.I.D.CanvasMainChange - cropRect : {0, 0, 838x1024}
2025-07-16 18:11:00 INFO  c.r.r.m.I.D.CanvasMainChange - after cropRect : {0, 0, 838x1024}
2025-07-16 18:11:00 INFO  c.r.r.m.I.D.CanvasMainChange - displayImage : 838.0x1024.0
2025-07-16 18:11:00 INFO  c.r.r.s.study.ProcessingToolsService - Processing Sharpness Slider with value: 6.15
2025-07-16 18:11:00 INFO  c.r.r.m.I.D.CanvasMainChange - cropRect : {0, 0, 838x1024}
2025-07-16 18:11:00 INFO  c.r.r.m.I.D.CanvasMainChange - after cropRect : {0, 0, 838x1024}
2025-07-16 18:11:00 INFO  c.r.r.m.I.D.CanvasMainChange - displayImage : 838.0x1024.0
2025-07-16 18:11:00 INFO  c.r.r.s.study.ProcessingToolsService - Processing Sharpness Slider with value: 1.33
2025-07-16 18:11:00 INFO  c.r.r.m.I.D.CanvasMainChange - cropRect : {0, 0, 838x1024}
2025-07-16 18:11:00 INFO  c.r.r.m.I.D.CanvasMainChange - after cropRect : {0, 0, 838x1024}
2025-07-16 18:11:00 INFO  c.r.r.m.I.D.CanvasMainChange - displayImage : 838.0x1024.0
2025-07-16 18:11:00 INFO  c.r.r.s.study.ProcessingToolsService - Processing Sharpness Slider with value: 1.0
2025-07-16 18:11:00 INFO  c.r.r.m.I.D.CanvasMainChange - cropRect : {0, 0, 838x1024}
2025-07-16 18:11:00 INFO  c.r.r.m.I.D.CanvasMainChange - after cropRect : {0, 0, 838x1024}
2025-07-16 18:11:00 INFO  c.r.r.m.I.D.CanvasMainChange - displayImage : 838.0x1024.0
2025-07-16 18:11:00 INFO  c.r.r.m.I.D.CanvasMainChange - cropRect : {0, 0, 838x1024}
2025-07-16 18:11:00 INFO  c.r.r.m.I.D.CanvasMainChange - after cropRect : {0, 0, 838x1024}
2025-07-16 18:11:00 INFO  c.r.r.m.I.D.CanvasMainChange - displayImage : 838.0x1024.0
2025-07-16 18:11:00 INFO  c.r.r.m.I.D.CanvasMainChange - cropRect : {0, 0, 838x1024}
2025-07-16 18:11:00 INFO  c.r.r.m.I.D.CanvasMainChange - after cropRect : {0, 0, 838x1024}
2025-07-16 18:11:00 INFO  c.r.r.m.I.D.CanvasMainChange - displayImage : 838.0x1024.0
2025-07-16 18:11:01 INFO  c.r.r.m.I.D.CanvasMainChange - cropRect : {0, 0, 838x1024}
2025-07-16 18:11:01 INFO  c.r.r.m.I.D.CanvasMainChange - after cropRect : {0, 0, 838x1024}
2025-07-16 18:11:01 INFO  c.r.r.m.I.D.CanvasMainChange - displayImage : 838.0x1024.0
2025-07-16 18:11:01 INFO  c.r.r.m.I.D.CanvasMainChange - cropRect : {0, 0, 838x1024}
2025-07-16 18:11:01 INFO  c.r.r.m.I.D.CanvasMainChange - after cropRect : {0, 0, 838x1024}
2025-07-16 18:11:01 INFO  c.r.r.m.I.D.CanvasMainChange - displayImage : 838.0x1024.0
2025-07-16 18:11:01 INFO  c.r.r.m.I.D.CanvasMainChange - cropRect : {0, 0, 838x1024}
2025-07-16 18:11:01 INFO  c.r.r.m.I.D.CanvasMainChange - after cropRect : {0, 0, 838x1024}
2025-07-16 18:11:01 INFO  c.r.r.m.I.D.CanvasMainChange - displayImage : 838.0x1024.0
2025-07-16 18:11:02 INFO  c.r.r.s.study.ProcessingToolsService - Processing Contrast Slider with value: 0.61
2025-07-16 18:11:02 INFO  c.r.r.m.I.D.MainDrawTool - Brightness and Contrast 50.0 0.61
2025-07-16 18:11:02 INFO  c.r.r.m.I.D.CanvasMainChange - cropRect : {0, 0, 838x1024}
2025-07-16 18:11:02 INFO  c.r.r.m.I.D.CanvasMainChange - after cropRect : {0, 0, 838x1024}
2025-07-16 18:11:02 INFO  c.r.r.m.I.D.CanvasMainChange - displayImage : 838.0x1024.0
2025-07-16 18:11:03 INFO  c.r.r.s.study.ProcessingToolsService - Processing Contrast Slider with value: 0.62
2025-07-16 18:11:03 INFO  c.r.r.m.I.D.MainDrawTool - Brightness and Contrast 50.0 0.62
2025-07-16 18:11:03 INFO  c.r.r.m.I.D.CanvasMainChange - cropRect : {0, 0, 838x1024}
2025-07-16 18:11:03 INFO  c.r.r.m.I.D.CanvasMainChange - after cropRect : {0, 0, 838x1024}
2025-07-16 18:11:03 INFO  c.r.r.m.I.D.CanvasMainChange - displayImage : 838.0x1024.0
2025-07-16 18:11:03 INFO  c.r.r.s.study.ProcessingToolsService - Processing Contrast Slider with value: 0.71
2025-07-16 18:11:03 INFO  c.r.r.m.I.D.MainDrawTool - Brightness and Contrast 50.0 0.71
2025-07-16 18:11:03 INFO  c.r.r.m.I.D.CanvasMainChange - cropRect : {0, 0, 838x1024}
2025-07-16 18:11:03 INFO  c.r.r.m.I.D.CanvasMainChange - after cropRect : {0, 0, 838x1024}
2025-07-16 18:11:03 INFO  c.r.r.m.I.D.CanvasMainChange - displayImage : 838.0x1024.0
2025-07-16 18:11:03 INFO  c.r.r.s.study.ProcessingToolsService - Processing Contrast Slider with value: 0.83
2025-07-16 18:11:03 INFO  c.r.r.m.I.D.MainDrawTool - Brightness and Contrast 50.0 0.83
2025-07-16 18:11:03 INFO  c.r.r.m.I.D.CanvasMainChange - cropRect : {0, 0, 838x1024}
2025-07-16 18:11:03 INFO  c.r.r.m.I.D.CanvasMainChange - after cropRect : {0, 0, 838x1024}
2025-07-16 18:11:03 INFO  c.r.r.m.I.D.CanvasMainChange - displayImage : 838.0x1024.0
2025-07-16 18:11:03 INFO  c.r.r.s.study.ProcessingToolsService - Processing Contrast Slider with value: 0.89
2025-07-16 18:11:03 INFO  c.r.r.m.I.D.MainDrawTool - Brightness and Contrast 50.0 0.89
2025-07-16 18:11:03 INFO  c.r.r.m.I.D.CanvasMainChange - cropRect : {0, 0, 838x1024}
2025-07-16 18:11:03 INFO  c.r.r.m.I.D.CanvasMainChange - after cropRect : {0, 0, 838x1024}
2025-07-16 18:11:03 INFO  c.r.r.m.I.D.CanvasMainChange - displayImage : 838.0x1024.0
2025-07-16 18:11:03 INFO  c.r.r.s.study.ProcessingToolsService - Processing Contrast Slider with value: 0.91
2025-07-16 18:11:03 INFO  c.r.r.m.I.D.MainDrawTool - Brightness and Contrast 50.0 0.91
2025-07-16 18:11:03 INFO  c.r.r.m.I.D.CanvasMainChange - cropRect : {0, 0, 838x1024}
2025-07-16 18:11:03 INFO  c.r.r.m.I.D.CanvasMainChange - after cropRect : {0, 0, 838x1024}
2025-07-16 18:11:03 INFO  c.r.r.m.I.D.CanvasMainChange - displayImage : 838.0x1024.0
2025-07-16 18:11:08 INFO  c.r.r.s.study.ProcessingToolsService - Processing Denoise Slider with value: 3.13
2025-07-16 18:11:08 INFO  c.r.r.s.study.ProcessingToolsService - Processing Denoise Slider with value: 3.4
2025-07-16 18:11:08 INFO  c.r.r.s.study.ProcessingToolsService - Processing Denoise Slider with value: 3.66
2025-07-16 18:11:08 INFO  c.r.r.s.study.ProcessingToolsService - Processing Denoise Slider with value: 4.06
2025-07-16 18:11:09 INFO  c.r.r.s.study.ProcessingToolsService - Processing Denoise Slider with value: 4.46
2025-07-16 18:11:09 INFO  c.r.r.s.study.ProcessingToolsService - Processing Denoise Slider with value: 4.99
2025-07-16 18:11:09 INFO  c.r.r.m.I.D.CanvasMainChange - cropRect : {0, 0, 838x1024}
2025-07-16 18:11:09 INFO  c.r.r.m.I.D.CanvasMainChange - after cropRect : {0, 0, 838x1024}
2025-07-16 18:11:09 INFO  c.r.r.m.I.D.CanvasMainChange - displayImage : 838.0x1024.0
2025-07-16 18:11:09 INFO  c.r.r.s.study.ProcessingToolsService - Processing Denoise Slider with value: 8.72
2025-07-16 18:11:09 INFO  c.r.r.m.I.D.CanvasMainChange - cropRect : {0, 0, 838x1024}
2025-07-16 18:11:09 INFO  c.r.r.m.I.D.CanvasMainChange - after cropRect : {0, 0, 838x1024}
2025-07-16 18:11:09 INFO  c.r.r.m.I.D.CanvasMainChange - displayImage : 838.0x1024.0
2025-07-16 18:11:09 INFO  c.r.r.s.study.ProcessingToolsService - Processing Denoise Slider with value: 13.11
2025-07-16 18:11:09 INFO  c.r.r.s.study.ProcessingToolsService - Processing Denoise Slider with value: 13.77
2025-07-16 18:11:09 INFO  c.r.r.s.study.ProcessingToolsService - Processing Denoise Slider with value: 14.43
2025-07-16 18:11:09 INFO  c.r.r.m.I.D.CanvasMainChange - cropRect : {0, 0, 838x1024}
2025-07-16 18:11:09 INFO  c.r.r.m.I.D.CanvasMainChange - after cropRect : {0, 0, 838x1024}
2025-07-16 18:11:09 INFO  c.r.r.m.I.D.CanvasMainChange - displayImage : 838.0x1024.0
2025-07-16 18:11:09 INFO  c.r.r.s.study.ProcessingToolsService - Processing Denoise Slider with value: 20.82
2025-07-16 18:11:09 INFO  c.r.r.s.study.ProcessingToolsService - Processing Denoise Slider with value: 22.68
2025-07-16 18:11:09 INFO  c.r.r.s.study.ProcessingToolsService - Processing Denoise Slider with value: 24.67
2025-07-16 18:11:09 INFO  c.r.r.m.I.D.CanvasMainChange - cropRect : {0, 0, 838x1024}
2025-07-16 18:11:09 INFO  c.r.r.m.I.D.CanvasMainChange - after cropRect : {0, 0, 838x1024}
2025-07-16 18:11:09 INFO  c.r.r.m.I.D.CanvasMainChange - displayImage : 838.0x1024.0
2025-07-16 18:11:09 INFO  c.r.r.s.study.ProcessingToolsService - Processing Denoise Slider with value: 36.24
2025-07-16 18:11:09 INFO  c.r.r.s.study.ProcessingToolsService - Processing Denoise Slider with value: 36.64
2025-07-16 18:11:10 INFO  c.r.r.m.I.D.CanvasMainChange - cropRect : {0, 0, 838x1024}
2025-07-16 18:11:10 INFO  c.r.r.m.I.D.CanvasMainChange - after cropRect : {0, 0, 838x1024}
2025-07-16 18:11:10 INFO  c.r.r.m.I.D.CanvasMainChange - displayImage : 838.0x1024.0
2025-07-16 18:11:10 INFO  c.r.r.s.study.ProcessingToolsService - Processing Denoise Slider with value: 36.51
2025-07-16 18:11:10 INFO  c.r.r.s.study.ProcessingToolsService - Processing Denoise Slider with value: 35.98
2025-07-16 18:11:10 INFO  c.r.r.s.study.ProcessingToolsService - Processing Denoise Slider with value: 35.58
2025-07-16 18:11:11 INFO  c.r.r.s.study.ProcessingToolsService - Processing Denoise Slider with value: 35.44
2025-07-16 18:11:11 INFO  c.r.r.s.study.ProcessingToolsService - Processing Denoise Slider with value: 35.31
2025-07-16 18:11:11 INFO  c.r.r.s.study.ProcessingToolsService - Processing Denoise Slider with value: 35.18
2025-07-16 18:11:11 INFO  c.r.r.s.study.ProcessingToolsService - Processing Denoise Slider with value: 34.91
2025-07-16 18:11:11 INFO  c.r.r.s.study.ProcessingToolsService - Processing Denoise Slider with value: 33.71
2025-07-16 18:11:11 INFO  c.r.r.s.study.ProcessingToolsService - Processing Denoise Slider with value: 33.45
2025-07-16 18:11:11 INFO  c.r.r.s.study.ProcessingToolsService - Processing Denoise Slider with value: 33.18
2025-07-16 18:11:11 INFO  c.r.r.s.study.ProcessingToolsService - Processing Denoise Slider with value: 32.65
2025-07-16 18:11:11 INFO  c.r.r.s.study.ProcessingToolsService - Processing Denoise Slider with value: 29.73
2025-07-16 18:11:11 INFO  c.r.r.s.study.ProcessingToolsService - Processing Denoise Slider with value: 29.46
2025-07-16 18:11:11 INFO  c.r.r.s.study.ProcessingToolsService - Processing Denoise Slider with value: 28.13
2025-07-16 18:11:11 INFO  c.r.r.s.study.ProcessingToolsService - Processing Denoise Slider with value: 27.86
2025-07-16 18:11:11 INFO  c.r.r.s.study.ProcessingToolsService - Processing Denoise Slider with value: 27.73
2025-07-16 18:11:11 INFO  c.r.r.s.study.ProcessingToolsService - Processing Denoise Slider with value: 27.6
2025-07-16 18:11:11 INFO  c.r.r.s.study.ProcessingToolsService - Processing Denoise Slider with value: 27.07
2025-07-16 18:11:11 INFO  c.r.r.s.study.ProcessingToolsService - Processing Denoise Slider with value: 26.93
2025-07-16 18:11:11 INFO  c.r.r.s.study.ProcessingToolsService - Processing Denoise Slider with value: 26.8
2025-07-16 18:11:12 INFO  c.r.r.m.I.D.CanvasMainChange - cropRect : {0, 0, 838x1024}
2025-07-16 18:11:12 INFO  c.r.r.m.I.D.CanvasMainChange - after cropRect : {0, 0, 838x1024}
2025-07-16 18:11:12 INFO  c.r.r.m.I.D.CanvasMainChange - displayImage : 838.0x1024.0
2025-07-16 18:11:13 INFO  c.r.r.s.study.ProcessingToolsService - Processing Denoise Slider with value: 26.67
2025-07-16 18:11:13 INFO  c.r.r.s.study.ProcessingToolsService - Processing Denoise Slider with value: 25.6
2025-07-16 18:11:13 INFO  c.r.r.s.study.ProcessingToolsService - Processing Denoise Slider with value: 24.94
2025-07-16 18:11:13 INFO  c.r.r.s.study.ProcessingToolsService - Processing Denoise Slider with value: 18.16
2025-07-16 18:11:13 INFO  c.r.r.s.study.ProcessingToolsService - Processing Denoise Slider with value: 18.02
2025-07-16 18:11:13 INFO  c.r.r.m.I.D.CanvasMainChange - cropRect : {0, 0, 838x1024}
2025-07-16 18:11:13 INFO  c.r.r.m.I.D.CanvasMainChange - after cropRect : {0, 0, 838x1024}
2025-07-16 18:11:13 INFO  c.r.r.m.I.D.CanvasMainChange - displayImage : 838.0x1024.0
2025-07-16 18:11:14 INFO  c.r.r.s.study.ProcessingToolsService - Processing Denoise Slider with value: 17.89
2025-07-16 18:11:14 INFO  c.r.r.s.study.ProcessingToolsService - Processing Denoise Slider with value: 17.63
2025-07-16 18:11:14 INFO  c.r.r.s.study.ProcessingToolsService - Processing Denoise Slider with value: 17.49
2025-07-16 18:11:14 INFO  c.r.r.s.study.ProcessingToolsService - Processing Denoise Slider with value: 17.23
2025-07-16 18:11:14 INFO  c.r.r.s.study.ProcessingToolsService - Processing Denoise Slider with value: 16.83
2025-07-16 18:11:14 INFO  c.r.r.s.study.ProcessingToolsService - Processing Denoise Slider with value: 16.3
2025-07-16 18:11:14 INFO  c.r.r.s.study.ProcessingToolsService - Processing Denoise Slider with value: 15.5
2025-07-16 18:11:14 INFO  c.r.r.s.study.ProcessingToolsService - Processing Denoise Slider with value: 14.83
2025-07-16 18:11:14 INFO  c.r.r.s.study.ProcessingToolsService - Processing Denoise Slider with value: 14.04
2025-07-16 18:11:14 INFO  c.r.r.s.study.ProcessingToolsService - Processing Denoise Slider with value: 12.84
2025-07-16 18:11:14 INFO  c.r.r.s.study.ProcessingToolsService - Processing Denoise Slider with value: 12.44
2025-07-16 18:11:14 INFO  c.r.r.s.study.ProcessingToolsService - Processing Denoise Slider with value: 12.04
2025-07-16 18:11:14 INFO  c.r.r.s.study.ProcessingToolsService - Processing Denoise Slider with value: 11.78
2025-07-16 18:11:14 INFO  c.r.r.s.study.ProcessingToolsService - Processing Denoise Slider with value: 11.38
2025-07-16 18:11:14 INFO  c.r.r.s.study.ProcessingToolsService - Processing Denoise Slider with value: 11.11
2025-07-16 18:11:14 INFO  c.r.r.s.study.ProcessingToolsService - Processing Denoise Slider with value: 10.98
2025-07-16 18:11:14 INFO  c.r.r.s.study.ProcessingToolsService - Processing Denoise Slider with value: 10.71
2025-07-16 18:11:14 INFO  c.r.r.s.study.ProcessingToolsService - Processing Denoise Slider with value: 10.58
2025-07-16 18:11:14 INFO  c.r.r.s.study.ProcessingToolsService - Processing Denoise Slider with value: 10.45
2025-07-16 18:11:14 INFO  c.r.r.s.study.ProcessingToolsService - Processing Denoise Slider with value: 10.31
2025-07-16 18:11:14 INFO  c.r.r.m.I.D.CanvasMainChange - cropRect : {0, 0, 838x1024}
2025-07-16 18:11:14 INFO  c.r.r.m.I.D.CanvasMainChange - after cropRect : {0, 0, 838x1024}
2025-07-16 18:11:14 INFO  c.r.r.m.I.D.CanvasMainChange - displayImage : 838.0x1024.0
2025-07-16 18:11:15 INFO  c.r.r.s.study.ProcessingToolsService - Processing Denoise Slider with value: 10.18
2025-07-16 18:11:15 INFO  c.r.r.s.study.ProcessingToolsService - Processing Denoise Slider with value: 10.05
2025-07-16 18:11:15 INFO  c.r.r.s.study.ProcessingToolsService - Processing Denoise Slider with value: 9.91
2025-07-16 18:11:15 INFO  c.r.r.s.study.ProcessingToolsService - Processing Denoise Slider with value: 9.78
2025-07-16 18:11:15 INFO  c.r.r.m.I.D.CanvasMainChange - cropRect : {0, 0, 838x1024}
2025-07-16 18:11:15 INFO  c.r.r.m.I.D.CanvasMainChange - after cropRect : {0, 0, 838x1024}
2025-07-16 18:11:15 INFO  c.r.r.m.I.D.CanvasMainChange - displayImage : 838.0x1024.0
2025-07-16 18:11:15 INFO  c.r.r.s.study.ProcessingToolsService - Processing Denoise Slider with value: 6.99
2025-07-16 18:11:15 INFO  c.r.r.m.I.D.CanvasMainChange - cropRect : {0, 0, 838x1024}
2025-07-16 18:11:15 INFO  c.r.r.m.I.D.CanvasMainChange - after cropRect : {0, 0, 838x1024}
2025-07-16 18:11:15 INFO  c.r.r.m.I.D.CanvasMainChange - displayImage : 838.0x1024.0
2025-07-16 18:11:15 INFO  c.r.r.s.study.ProcessingToolsService - Processing Denoise Slider with value: 3.0
2025-07-16 18:11:15 INFO  c.r.r.m.I.D.CanvasMainChange - cropRect : {0, 0, 838x1024}
2025-07-16 18:11:15 INFO  c.r.r.m.I.D.CanvasMainChange - after cropRect : {0, 0, 838x1024}
2025-07-16 18:11:15 INFO  c.r.r.m.I.D.CanvasMainChange - displayImage : 838.0x1024.0
2025-07-16 18:11:15 INFO  c.r.r.m.I.D.CanvasMainChange - cropRect : {0, 0, 838x1024}
2025-07-16 18:11:15 INFO  c.r.r.m.I.D.CanvasMainChange - after cropRect : {0, 0, 838x1024}
2025-07-16 18:11:15 INFO  c.r.r.m.I.D.CanvasMainChange - displayImage : 838.0x1024.0
2025-07-16 18:11:16 INFO  c.r.r.s.study.ProcessingToolsService - Processing Denoise Slider with value: 3.4
2025-07-16 18:11:16 INFO  c.r.r.s.study.ProcessingToolsService - Processing Denoise Slider with value: 4.06
2025-07-16 18:11:16 INFO  c.r.r.s.study.ProcessingToolsService - Processing Denoise Slider with value: 4.73
2025-07-16 18:11:16 INFO  c.r.r.s.study.ProcessingToolsService - Processing Denoise Slider with value: 5.26
2025-07-16 18:11:16 INFO  c.r.r.s.study.ProcessingToolsService - Processing Denoise Slider with value: 5.79
2025-07-16 18:11:16 INFO  c.r.r.m.I.D.CanvasMainChange - cropRect : {0, 0, 838x1024}
2025-07-16 18:11:16 INFO  c.r.r.m.I.D.CanvasMainChange - after cropRect : {0, 0, 838x1024}
2025-07-16 18:11:16 INFO  c.r.r.m.I.D.CanvasMainChange - displayImage : 838.0x1024.0
2025-07-16 18:11:16 INFO  c.r.r.s.study.ProcessingToolsService - Processing Denoise Slider with value: 7.25
2025-07-16 18:11:16 INFO  c.r.r.m.I.D.CanvasMainChange - cropRect : {0, 0, 838x1024}
2025-07-16 18:11:16 INFO  c.r.r.m.I.D.CanvasMainChange - after cropRect : {0, 0, 838x1024}
2025-07-16 18:11:16 INFO  c.r.r.m.I.D.CanvasMainChange - displayImage : 838.0x1024.0
2025-07-16 18:11:17 INFO  c.r.r.s.study.ProcessingToolsService - Processing Denoise Slider with value: 7.92
2025-07-16 18:11:17 INFO  c.r.r.s.study.ProcessingToolsService - Processing Denoise Slider with value: 8.19
2025-07-16 18:11:17 INFO  c.r.r.m.I.D.CanvasMainChange - cropRect : {0, 0, 838x1024}
2025-07-16 18:11:17 INFO  c.r.r.m.I.D.CanvasMainChange - after cropRect : {0, 0, 838x1024}
2025-07-16 18:11:17 INFO  c.r.r.m.I.D.CanvasMainChange - displayImage : 838.0x1024.0
2025-07-16 18:11:17 INFO  c.r.r.s.study.ProcessingToolsService - Processing Denoise Slider with value: 9.12
2025-07-16 18:11:17 INFO  c.r.r.m.I.D.CanvasMainChange - cropRect : {0, 0, 838x1024}
2025-07-16 18:11:17 INFO  c.r.r.m.I.D.CanvasMainChange - after cropRect : {0, 0, 838x1024}
2025-07-16 18:11:17 INFO  c.r.r.m.I.D.CanvasMainChange - displayImage : 838.0x1024.0
2025-07-16 18:11:17 INFO  c.r.r.s.study.ProcessingToolsService - Processing Denoise Slider with value: 9.65
2025-07-16 18:11:17 INFO  c.r.r.s.study.ProcessingToolsService - Processing Denoise Slider with value: 9.78
2025-07-16 18:11:17 INFO  c.r.r.m.I.D.CanvasMainChange - cropRect : {0, 0, 838x1024}
2025-07-16 18:11:17 INFO  c.r.r.m.I.D.CanvasMainChange - after cropRect : {0, 0, 838x1024}
2025-07-16 18:11:17 INFO  c.r.r.m.I.D.CanvasMainChange - displayImage : 838.0x1024.0
2025-07-16 18:11:17 INFO  c.r.r.s.study.ProcessingToolsService - Processing Denoise Slider with value: 10.58
2025-07-16 18:11:17 INFO  c.r.r.m.I.D.CanvasMainChange - cropRect : {0, 0, 838x1024}
2025-07-16 18:11:17 INFO  c.r.r.m.I.D.CanvasMainChange - after cropRect : {0, 0, 838x1024}
2025-07-16 18:11:17 INFO  c.r.r.m.I.D.CanvasMainChange - displayImage : 838.0x1024.0
2025-07-16 18:11:17 INFO  c.r.r.m.I.D.CanvasMainChange - cropRect : {0, 0, 838x1024}
2025-07-16 18:11:17 INFO  c.r.r.m.I.D.CanvasMainChange - after cropRect : {0, 0, 838x1024}
2025-07-16 18:11:17 INFO  c.r.r.m.I.D.CanvasMainChange - displayImage : 838.0x1024.0
2025-07-16 18:11:17 INFO  c.r.r.s.study.ProcessingToolsService - Processing Denoise Slider with value: 10.45
2025-07-16 18:11:17 INFO  c.r.r.s.study.ProcessingToolsService - Processing Denoise Slider with value: 10.31
2025-07-16 18:11:17 INFO  c.r.r.s.study.ProcessingToolsService - Processing Denoise Slider with value: 10.05
2025-07-16 18:11:17 INFO  c.r.r.s.study.ProcessingToolsService - Processing Denoise Slider with value: 9.65
2025-07-16 18:11:17 INFO  c.r.r.s.study.ProcessingToolsService - Processing Denoise Slider with value: 9.25
2025-07-16 18:11:17 INFO  c.r.r.s.study.ProcessingToolsService - Processing Denoise Slider with value: 8.85
2025-07-16 18:11:17 INFO  c.r.r.s.study.ProcessingToolsService - Processing Denoise Slider with value: 8.45
2025-07-16 18:11:17 INFO  c.r.r.s.study.ProcessingToolsService - Processing Denoise Slider with value: 7.92
2025-07-16 18:11:17 INFO  c.r.r.s.study.ProcessingToolsService - Processing Denoise Slider with value: 7.25
2025-07-16 18:11:17 INFO  c.r.r.s.study.ProcessingToolsService - Processing Denoise Slider with value: 6.19
2025-07-16 18:11:17 INFO  c.r.r.s.study.ProcessingToolsService - Processing Denoise Slider with value: 5.13
2025-07-16 18:11:17 INFO  c.r.r.s.study.ProcessingToolsService - Processing Denoise Slider with value: 3.8
2025-07-16 18:11:17 INFO  c.r.r.s.study.ProcessingToolsService - Processing Denoise Slider with value: 3.0
2025-07-16 18:11:17 INFO  c.r.r.m.I.D.CanvasMainChange - cropRect : {0, 0, 838x1024}
2025-07-16 18:11:17 INFO  c.r.r.m.I.D.CanvasMainChange - after cropRect : {0, 0, 838x1024}
2025-07-16 18:11:17 INFO  c.r.r.m.I.D.CanvasMainChange - displayImage : 838.0x1024.0
2025-07-16 18:11:17 INFO  c.r.r.m.I.D.CanvasMainChange - cropRect : {0, 0, 838x1024}
2025-07-16 18:11:17 INFO  c.r.r.m.I.D.CanvasMainChange - after cropRect : {0, 0, 838x1024}
2025-07-16 18:11:17 INFO  c.r.r.m.I.D.CanvasMainChange - displayImage : 838.0x1024.0
