2025-07-16 17:21:47 INFO  c.r.r.s.study.StudyMainController - Console is ON
2025-07-16 17:21:50 INFO  c.r.rxviewui.controller.LoginPage - logged In
2025-07-16 17:21:51 INFO  c.r.r.service.login.LoginController - 192.168.12.10
2025-07-16 17:21:51 INFO  c.r.r.service.login.LoginController - No Wi-Fi interface found or no IPv4 address assigned.
2025-07-16 17:21:51 INFO  c.r.r.s.study.StudyMainController - Setting console values for body part: Chest
2025-07-16 17:21:51 INFO  c.r.r.m.s.SerialPortManager - Setting Xray Console - kv: 70.0, ma: 80, mas: 4.0
2025-07-16 17:21:51 INFO  c.r.r.m.s.SerialPortManager - setMa kv1: 70.0, ma1: 80.0
2025-07-16 17:21:51 INFO  c.r.r.m.s.SerialPortManager - x: 175
2025-07-16 17:21:51 INFO  c.r.r.m.s.SerialPortManager - Current Sent: 80.0
2025-07-16 17:21:51 INFO  c.r.r.m.s.SerialPortManager - Calibration Val: 8.32
2025-07-16 17:21:51 INFO  c.r.r.m.s.SerialPortManager - Calibration Val: 8.49
2025-07-16 17:21:51 INFO  c.r.r.m.s.SerialPortManager - Calibration Val: 8.29
2025-07-16 17:21:51 INFO  c.r.r.m.s.SerialPortManager - Calibration Val: 8.49
2025-07-16 17:21:51 INFO  c.r.r.m.s.SerialPortManager - filamentCurrent: 8.32
2025-07-16 17:21:51 INFO  c.r.r.m.s.SerialPortManager - KV Sent : 70.0
2025-07-16 17:21:51 INFO  c.r.r.m.s.SerialPortManager - Calibration Val: 8.32
2025-07-16 17:21:51 INFO  c.r.r.m.s.SerialPortManager - Calibration Val: 8.49
2025-07-16 17:21:51 INFO  c.r.r.m.s.SerialPortManager - Calibration Val: 8.29
2025-07-16 17:21:51 INFO  c.r.s.r.TriggerCommandRxOld - Serial port is not open.
2025-07-16 17:21:51 INFO  c.r.r.m.s.SerialPortManager - Calibration Val: 8.49
2025-07-16 17:21:51 INFO  c.r.r.m.s.SerialPortManager - In short sending KV: 208
2025-07-16 17:21:51 INFO  c.r.r.m.s.SerialPortManager - In byte sending KV: -48
2025-07-16 17:21:51 INFO  c.r.r.m.s.SerialPortManager - setExposureTime 0.05
2025-07-16 17:21:51 INFO  c.r.r.m.s.SerialPortManager - Exposure Time Sent - 50
2025-07-16 17:21:51 INFO  c.r.s.r.TriggerCommandRxOld - Setting KV to: -48
2025-07-16 17:21:51 INFO  c.r.s.r.TriggerCommandRxOld - Serial port is not open.
2025-07-16 17:21:51 INFO  c.r.s.r.TriggerCommandRxOld - Setting Exposure Time to: 50 0 and G
2025-07-16 17:21:51 INFO  c.r.s.r.TriggerCommandRxOld - Serial port is not open.
2025-07-16 17:21:53 INFO  c.r.r.service.study.StudyService - current bodyPart chest AP
2025-07-16 17:21:53 INFO  c.r.r.s.preProcessing.PreProcess - Processing body part: chest
2025-07-16 17:21:53 INFO  c.r.r.s.preProcessing.PreProcess - Mat is 16-bit unsigned
2025-07-16 17:21:56 INFO  c.r.r.service.study.StudyService - Image received Found in FPD
2025-07-16 17:21:56 INFO  c.r.r.service.study.StudyService - org : CV_16UC1
2025-07-16 17:21:56 INFO  c.r.r.service.study.StudyService - study mat.rows() * width : 1024 1024.0
2025-07-16 17:21:56 INFO  c.r.r.service.study.StudyService - study DynamicCanvasElementsResize values set with multiple: 1.0
2025-07-16 17:21:56 INFO  c.r.r.service.study.StudyService - study Line Width: 2.0, Ellipse Radius X: 8.0, Ellipse Radius Y: 8.0, Label Font Size: 14.0, Rect Width: 90.0, Rect Height: 30.0, Custom Font Icon Size: 200.0
2025-07-16 17:21:56 INFO  c.r.r.m.I.D.CanvasMainChange - cropRect : {0, 0, 838x1024}
2025-07-16 17:21:56 INFO  c.r.r.m.I.D.CanvasMainChange - after cropRect : {0, 0, 838x1024}
2025-07-16 17:21:56 INFO  c.r.r.m.I.D.CanvasMainChange - displayImage : 838.0x1024.0
2025-07-16 17:21:57 INFO  c.r.r.m.I.D.CanvasMainChange - cropRect : {0, 0, 838x1024}
2025-07-16 17:21:57 INFO  c.r.r.m.I.D.CanvasMainChange - after cropRect : {0, 0, 838x1024}
2025-07-16 17:21:57 INFO  c.r.r.m.I.D.CanvasMainChange - displayImage : 838.0x1024.0
2025-07-16 17:21:57 INFO  c.r.r.m.I.D.MainDrawTool - ImagingParams is null
2025-07-16 17:21:57 INFO  c.r.r.m.I.D.MainDrawTool - StepEntity is null, no params to apply
2025-07-16 17:22:01 INFO  c.r.r.s.study.ProcessingToolsService - Processing Denoise Slider with value: 3.13
2025-07-16 17:22:01 INFO  c.r.r.s.study.ProcessingToolsService - Processing Denoise Slider with value: 3.27
2025-07-16 17:22:01 INFO  c.r.r.s.study.ProcessingToolsService - Processing Denoise Slider with value: 3.93
2025-07-16 17:22:01 INFO  c.r.r.s.study.ProcessingToolsService - Processing Denoise Slider with value: 4.46
2025-07-16 17:22:01 INFO  c.r.r.s.study.ProcessingToolsService - Processing Denoise Slider with value: 4.99
2025-07-16 17:22:01 INFO  c.r.r.s.study.ProcessingToolsService - Processing Denoise Slider with value: 5.79
2025-07-16 17:22:01 INFO  c.r.r.m.I.D.CanvasMainChange - cropRect : {0, 0, 838x1024}
2025-07-16 17:22:01 INFO  c.r.r.m.I.D.CanvasMainChange - after cropRect : {0, 0, 838x1024}
2025-07-16 17:22:01 INFO  c.r.r.m.I.D.CanvasMainChange - displayImage : 838.0x1024.0
2025-07-16 17:22:01 INFO  c.r.r.s.study.ProcessingToolsService - Processing Denoise Slider with value: 13.11
2025-07-16 17:22:01 INFO  c.r.r.m.I.D.CanvasMainChange - cropRect : {0, 0, 838x1024}
2025-07-16 17:22:01 INFO  c.r.r.m.I.D.CanvasMainChange - after cropRect : {0, 0, 838x1024}
2025-07-16 17:22:01 INFO  c.r.r.m.I.D.CanvasMainChange - displayImage : 838.0x1024.0
2025-07-16 17:22:01 INFO  c.r.r.s.study.ProcessingToolsService - Processing Denoise Slider with value: 14.3
2025-07-16 17:22:01 INFO  c.r.r.m.I.D.CanvasMainChange - cropRect : {0, 0, 838x1024}
2025-07-16 17:22:01 INFO  c.r.r.m.I.D.CanvasMainChange - after cropRect : {0, 0, 838x1024}
2025-07-16 17:22:01 INFO  c.r.r.m.I.D.CanvasMainChange - displayImage : 838.0x1024.0
2025-07-16 17:22:01 INFO  c.r.r.s.study.ProcessingToolsService - Processing Denoise Slider with value: 14.83
2025-07-16 17:22:01 INFO  c.r.r.m.I.D.CanvasMainChange - cropRect : {0, 0, 838x1024}
2025-07-16 17:22:01 INFO  c.r.r.m.I.D.CanvasMainChange - after cropRect : {0, 0, 838x1024}
2025-07-16 17:22:01 INFO  c.r.r.m.I.D.CanvasMainChange - displayImage : 838.0x1024.0
2025-07-16 17:22:01 INFO  c.r.r.s.study.ProcessingToolsService - Processing Denoise Slider with value: 14.97
2025-07-16 17:22:01 INFO  c.r.r.s.study.ProcessingToolsService - Processing Denoise Slider with value: 15.1
2025-07-16 17:22:01 INFO  c.r.r.m.I.D.CanvasMainChange - cropRect : {0, 0, 838x1024}
2025-07-16 17:22:01 INFO  c.r.r.m.I.D.CanvasMainChange - after cropRect : {0, 0, 838x1024}
2025-07-16 17:22:01 INFO  c.r.r.m.I.D.CanvasMainChange - displayImage : 838.0x1024.0
2025-07-16 17:22:01 INFO  c.r.r.s.study.ProcessingToolsService - Processing Denoise Slider with value: 15.63
2025-07-16 17:22:01 INFO  c.r.r.m.I.D.CanvasMainChange - cropRect : {0, 0, 838x1024}
2025-07-16 17:22:01 INFO  c.r.r.m.I.D.CanvasMainChange - after cropRect : {0, 0, 838x1024}
2025-07-16 17:22:01 INFO  c.r.r.m.I.D.CanvasMainChange - displayImage : 838.0x1024.0
2025-07-16 17:22:01 INFO  c.r.r.s.study.ProcessingToolsService - Processing Denoise Slider with value: 15.0
2025-07-16 17:22:01 INFO  c.r.r.m.I.D.CanvasMainChange - cropRect : {0, 0, 838x1024}
2025-07-16 17:22:01 INFO  c.r.r.m.I.D.CanvasMainChange - after cropRect : {0, 0, 838x1024}
2025-07-16 17:22:01 INFO  c.r.r.m.I.D.CanvasMainChange - displayImage : 838.0x1024.0
2025-07-16 17:22:01 INFO  c.r.r.m.I.D.CanvasMainChange - cropRect : {0, 0, 838x1024}
2025-07-16 17:22:01 INFO  c.r.r.m.I.D.CanvasMainChange - after cropRect : {0, 0, 838x1024}
2025-07-16 17:22:01 INFO  c.r.r.m.I.D.CanvasMainChange - displayImage : 838.0x1024.0
2025-07-16 17:22:01 INFO  c.r.r.m.I.D.CanvasMainChange - cropRect : {0, 0, 838x1024}
2025-07-16 17:22:01 INFO  c.r.r.m.I.D.CanvasMainChange - after cropRect : {0, 0, 838x1024}
2025-07-16 17:22:01 INFO  c.r.r.m.I.D.CanvasMainChange - displayImage : 838.0x1024.0
2025-07-16 17:22:01 INFO  c.r.r.m.I.D.CanvasMainChange - cropRect : {0, 0, 838x1024}
2025-07-16 17:22:01 INFO  c.r.r.m.I.D.CanvasMainChange - after cropRect : {0, 0, 838x1024}
2025-07-16 17:22:01 INFO  c.r.r.m.I.D.CanvasMainChange - displayImage : 838.0x1024.0
2025-07-16 17:22:01 INFO  c.r.r.m.I.D.CanvasMainChange - cropRect : {0, 0, 838x1024}
2025-07-16 17:22:01 INFO  c.r.r.m.I.D.CanvasMainChange - after cropRect : {0, 0, 838x1024}
2025-07-16 17:22:01 INFO  c.r.r.m.I.D.CanvasMainChange - displayImage : 838.0x1024.0
2025-07-16 17:22:02 INFO  c.r.r.m.I.D.CanvasMainChange - cropRect : {0, 0, 838x1024}
2025-07-16 17:22:02 INFO  c.r.r.m.I.D.CanvasMainChange - after cropRect : {0, 0, 838x1024}
2025-07-16 17:22:02 INFO  c.r.r.m.I.D.CanvasMainChange - displayImage : 838.0x1024.0
2025-07-16 17:22:02 INFO  c.r.r.m.I.D.CanvasMainChange - cropRect : {0, 0, 838x1024}
2025-07-16 17:22:02 INFO  c.r.r.m.I.D.CanvasMainChange - after cropRect : {0, 0, 838x1024}
2025-07-16 17:22:02 INFO  c.r.r.m.I.D.CanvasMainChange - displayImage : 838.0x1024.0
2025-07-16 17:22:03 INFO  c.r.r.s.study.ProcessingToolsService - Processing Denoise Slider with value: 15.13
2025-07-16 17:22:03 INFO  c.r.r.s.study.ProcessingToolsService - Processing Denoise Slider with value: 15.8
2025-07-16 17:22:03 INFO  c.r.r.s.study.ProcessingToolsService - Processing Denoise Slider with value: 17.13
2025-07-16 17:22:03 INFO  c.r.r.s.study.ProcessingToolsService - Processing Denoise Slider with value: 18.19
2025-07-16 17:22:03 INFO  c.r.r.s.study.ProcessingToolsService - Processing Denoise Slider with value: 19.52
2025-07-16 17:22:03 INFO  c.r.r.s.study.ProcessingToolsService - Processing Denoise Slider with value: 20.85
2025-07-16 17:22:03 INFO  c.r.r.s.study.ProcessingToolsService - Processing Denoise Slider with value: 22.45
2025-07-16 17:22:03 INFO  c.r.r.s.study.ProcessingToolsService - Processing Denoise Slider with value: 24.04
2025-07-16 17:22:03 INFO  c.r.r.s.study.ProcessingToolsService - Processing Denoise Slider with value: 25.77
2025-07-16 17:22:03 INFO  c.r.r.m.I.D.CanvasMainChange - cropRect : {0, 0, 838x1024}
2025-07-16 17:22:03 INFO  c.r.r.m.I.D.CanvasMainChange - after cropRect : {0, 0, 838x1024}
2025-07-16 17:22:03 INFO  c.r.r.m.I.D.CanvasMainChange - displayImage : 838.0x1024.0
2025-07-16 17:22:03 INFO  c.r.r.s.study.ProcessingToolsService - Processing Denoise Slider with value: 35.21
2025-07-16 17:22:03 INFO  c.r.r.s.study.ProcessingToolsService - Processing Denoise Slider with value: 35.61
2025-07-16 17:22:03 INFO  c.r.r.m.I.D.CanvasMainChange - cropRect : {0, 0, 838x1024}
2025-07-16 17:22:03 INFO  c.r.r.m.I.D.CanvasMainChange - after cropRect : {0, 0, 838x1024}
2025-07-16 17:22:03 INFO  c.r.r.m.I.D.CanvasMainChange - displayImage : 838.0x1024.0
2025-07-16 17:22:04 INFO  c.r.r.m.I.D.CanvasMainChange - cropRect : {0, 0, 838x1024}
2025-07-16 17:22:04 INFO  c.r.r.m.I.D.CanvasMainChange - after cropRect : {0, 0, 838x1024}
2025-07-16 17:22:04 INFO  c.r.r.m.I.D.CanvasMainChange - displayImage : 838.0x1024.0
2025-07-16 17:22:04 INFO  c.r.r.s.study.ProcessingToolsService - Processing Denoise Slider with value: 35.0
2025-07-16 17:22:04 INFO  c.r.r.m.I.D.CanvasMainChange - cropRect : {0, 0, 838x1024}
2025-07-16 17:22:04 INFO  c.r.r.m.I.D.CanvasMainChange - after cropRect : {0, 0, 838x1024}
2025-07-16 17:22:04 INFO  c.r.r.m.I.D.CanvasMainChange - displayImage : 838.0x1024.0
2025-07-16 17:22:04 INFO  c.r.r.m.I.D.CanvasMainChange - cropRect : {0, 0, 838x1024}
2025-07-16 17:22:04 INFO  c.r.r.m.I.D.CanvasMainChange - after cropRect : {0, 0, 838x1024}
2025-07-16 17:22:04 INFO  c.r.r.m.I.D.CanvasMainChange - displayImage : 838.0x1024.0
2025-07-16 17:22:04 INFO  c.r.r.m.I.D.CanvasMainChange - cropRect : {0, 0, 838x1024}
2025-07-16 17:22:04 INFO  c.r.r.m.I.D.CanvasMainChange - after cropRect : {0, 0, 838x1024}
2025-07-16 17:22:04 INFO  c.r.r.m.I.D.CanvasMainChange - displayImage : 838.0x1024.0
2025-07-16 17:22:04 INFO  c.r.r.m.I.D.CanvasMainChange - cropRect : {0, 0, 838x1024}
2025-07-16 17:22:04 INFO  c.r.r.m.I.D.CanvasMainChange - after cropRect : {0, 0, 838x1024}
2025-07-16 17:22:04 INFO  c.r.r.m.I.D.CanvasMainChange - displayImage : 838.0x1024.0
2025-07-16 17:22:05 INFO  c.r.r.m.I.D.CanvasMainChange - cropRect : {0, 0, 838x1024}
2025-07-16 17:22:05 INFO  c.r.r.m.I.D.CanvasMainChange - after cropRect : {0, 0, 838x1024}
2025-07-16 17:22:05 INFO  c.r.r.m.I.D.CanvasMainChange - displayImage : 838.0x1024.0
2025-07-16 17:22:05 INFO  c.r.r.m.I.D.CanvasMainChange - cropRect : {0, 0, 838x1024}
2025-07-16 17:22:05 INFO  c.r.r.m.I.D.CanvasMainChange - after cropRect : {0, 0, 838x1024}
2025-07-16 17:22:05 INFO  c.r.r.m.I.D.CanvasMainChange - displayImage : 838.0x1024.0
2025-07-16 17:22:06 INFO  c.r.r.m.I.D.CanvasMainChange - cropRect : {0, 0, 838x1024}
2025-07-16 17:22:06 INFO  c.r.r.m.I.D.CanvasMainChange - after cropRect : {0, 0, 838x1024}
2025-07-16 17:22:06 INFO  c.r.r.m.I.D.CanvasMainChange - displayImage : 838.0x1024.0
2025-07-16 17:22:07 INFO  c.r.r.m.I.D.CanvasMainChange - cropRect : {0, 0, 838x1024}
2025-07-16 17:22:07 INFO  c.r.r.m.I.D.CanvasMainChange - after cropRect : {0, 0, 838x1024}
2025-07-16 17:22:07 INFO  c.r.r.m.I.D.CanvasMainChange - displayImage : 838.0x1024.0
2025-07-16 17:22:07 INFO  c.r.r.m.I.D.CanvasMainChange - cropRect : {0, 0, 838x1024}
2025-07-16 17:22:07 INFO  c.r.r.m.I.D.CanvasMainChange - after cropRect : {0, 0, 838x1024}
2025-07-16 17:22:07 INFO  c.r.r.m.I.D.CanvasMainChange - displayImage : 838.0x1024.0
2025-07-16 17:22:09 INFO  c.r.r.s.study.ProcessingToolsService - Processing Denoise Slider with value: 34.87
2025-07-16 17:22:10 INFO  c.r.r.s.study.ProcessingToolsService - Processing Denoise Slider with value: 25.69
2025-07-16 17:22:10 INFO  c.r.r.s.study.ProcessingToolsService - Processing Denoise Slider with value: 24.5
2025-07-16 17:22:10 INFO  c.r.r.s.study.ProcessingToolsService - Processing Denoise Slider with value: 22.1
2025-07-16 17:22:10 INFO  c.r.r.s.study.ProcessingToolsService - Processing Denoise Slider with value: 21.7
2025-07-16 17:22:10 INFO  c.r.r.s.study.ProcessingToolsService - Processing Denoise Slider with value: 21.3
2025-07-16 17:22:10 INFO  c.r.r.s.study.ProcessingToolsService - Processing Denoise Slider with value: 20.64
2025-07-16 17:22:10 INFO  c.r.r.s.study.ProcessingToolsService - Processing Denoise Slider with value: 20.37
2025-07-16 17:22:10 INFO  c.r.r.s.study.ProcessingToolsService - Processing Denoise Slider with value: 19.98
2025-07-16 17:22:10 INFO  c.r.r.s.study.ProcessingToolsService - Processing Denoise Slider with value: 11.33
2025-07-16 17:22:10 INFO  c.r.r.s.study.ProcessingToolsService - Processing Denoise Slider with value: 10.93
2025-07-16 17:22:10 INFO  c.r.r.s.study.ProcessingToolsService - Processing Denoise Slider with value: 10.53
2025-07-16 17:22:10 INFO  c.r.r.s.study.ProcessingToolsService - Processing Denoise Slider with value: 10.27
2025-07-16 17:22:10 INFO  c.r.r.s.study.ProcessingToolsService - Processing Denoise Slider with value: 9.74
2025-07-16 17:22:10 INFO  c.r.r.s.study.ProcessingToolsService - Processing Denoise Slider with value: 8.54
2025-07-16 17:22:10 INFO  c.r.r.s.study.ProcessingToolsService - Processing Denoise Slider with value: 8.14
2025-07-16 17:22:10 INFO  c.r.r.s.study.ProcessingToolsService - Processing Denoise Slider with value: 7.74
2025-07-16 17:22:10 INFO  c.r.r.s.study.ProcessingToolsService - Processing Denoise Slider with value: 7.48
2025-07-16 17:22:10 INFO  c.r.r.s.study.ProcessingToolsService - Processing Denoise Slider with value: 7.21
2025-07-16 17:22:10 INFO  c.r.r.s.study.ProcessingToolsService - Processing Denoise Slider with value: 7.08
2025-07-16 17:22:10 INFO  c.r.r.s.study.ProcessingToolsService - Processing Denoise Slider with value: 7.0
2025-07-16 17:22:10 INFO  c.r.r.m.I.D.CanvasMainChange - cropRect : {0, 0, 838x1024}
2025-07-16 17:22:10 INFO  c.r.r.m.I.D.CanvasMainChange - after cropRect : {0, 0, 838x1024}
2025-07-16 17:22:10 INFO  c.r.r.m.I.D.CanvasMainChange - displayImage : 838.0x1024.0
2025-07-16 17:22:10 INFO  c.r.r.m.I.D.CanvasMainChange - cropRect : {0, 0, 838x1024}
2025-07-16 17:22:10 INFO  c.r.r.m.I.D.CanvasMainChange - after cropRect : {0, 0, 838x1024}
2025-07-16 17:22:10 INFO  c.r.r.m.I.D.CanvasMainChange - displayImage : 838.0x1024.0
2025-07-16 17:22:11 INFO  c.r.r.m.I.D.CanvasMainChange - cropRect : {0, 0, 838x1024}
2025-07-16 17:22:11 INFO  c.r.r.m.I.D.CanvasMainChange - after cropRect : {0, 0, 838x1024}
2025-07-16 17:22:11 INFO  c.r.r.m.I.D.CanvasMainChange - displayImage : 838.0x1024.0
2025-07-16 17:22:11 INFO  c.r.r.m.I.D.CanvasMainChange - cropRect : {0, 0, 838x1024}
2025-07-16 17:22:11 INFO  c.r.r.m.I.D.CanvasMainChange - after cropRect : {0, 0, 838x1024}
2025-07-16 17:22:11 INFO  c.r.r.m.I.D.CanvasMainChange - displayImage : 838.0x1024.0
2025-07-16 17:22:11 INFO  c.r.r.m.I.D.CanvasMainChange - cropRect : {0, 0, 838x1024}
2025-07-16 17:22:11 INFO  c.r.r.m.I.D.CanvasMainChange - after cropRect : {0, 0, 838x1024}
2025-07-16 17:22:11 INFO  c.r.r.m.I.D.CanvasMainChange - displayImage : 838.0x1024.0
2025-07-16 17:22:11 INFO  c.r.r.m.I.D.CanvasMainChange - cropRect : {0, 0, 838x1024}
2025-07-16 17:22:11 INFO  c.r.r.m.I.D.CanvasMainChange - after cropRect : {0, 0, 838x1024}
2025-07-16 17:22:11 INFO  c.r.r.m.I.D.CanvasMainChange - displayImage : 838.0x1024.0
2025-07-16 17:22:11 INFO  c.r.r.m.I.D.CanvasMainChange - cropRect : {0, 0, 838x1024}
2025-07-16 17:22:11 INFO  c.r.r.m.I.D.CanvasMainChange - after cropRect : {0, 0, 838x1024}
2025-07-16 17:22:11 INFO  c.r.r.m.I.D.CanvasMainChange - displayImage : 838.0x1024.0
2025-07-16 17:22:11 INFO  c.r.r.m.I.D.CanvasMainChange - cropRect : {0, 0, 838x1024}
2025-07-16 17:22:11 INFO  c.r.r.m.I.D.CanvasMainChange - after cropRect : {0, 0, 838x1024}
2025-07-16 17:22:11 INFO  c.r.r.m.I.D.CanvasMainChange - displayImage : 838.0x1024.0
2025-07-16 17:22:12 INFO  c.r.r.m.I.D.CanvasMainChange - cropRect : {0, 0, 838x1024}
2025-07-16 17:22:12 INFO  c.r.r.m.I.D.CanvasMainChange - after cropRect : {0, 0, 838x1024}
2025-07-16 17:22:12 INFO  c.r.r.m.I.D.CanvasMainChange - displayImage : 838.0x1024.0
2025-07-16 17:22:12 INFO  c.r.r.m.I.D.CanvasMainChange - cropRect : {0, 0, 838x1024}
2025-07-16 17:22:12 INFO  c.r.r.m.I.D.CanvasMainChange - after cropRect : {0, 0, 838x1024}
2025-07-16 17:22:12 INFO  c.r.r.m.I.D.CanvasMainChange - displayImage : 838.0x1024.0
2025-07-16 17:22:12 INFO  c.r.r.m.I.D.CanvasMainChange - cropRect : {0, 0, 838x1024}
2025-07-16 17:22:12 INFO  c.r.r.m.I.D.CanvasMainChange - after cropRect : {0, 0, 838x1024}
2025-07-16 17:22:12 INFO  c.r.r.m.I.D.CanvasMainChange - displayImage : 838.0x1024.0
2025-07-16 17:22:12 INFO  c.r.r.m.I.D.CanvasMainChange - cropRect : {0, 0, 838x1024}
2025-07-16 17:22:12 INFO  c.r.r.m.I.D.CanvasMainChange - after cropRect : {0, 0, 838x1024}
2025-07-16 17:22:12 INFO  c.r.r.m.I.D.CanvasMainChange - displayImage : 838.0x1024.0
2025-07-16 17:22:12 INFO  c.r.r.m.I.D.CanvasMainChange - cropRect : {0, 0, 838x1024}
2025-07-16 17:22:12 INFO  c.r.r.m.I.D.CanvasMainChange - after cropRect : {0, 0, 838x1024}
2025-07-16 17:22:12 INFO  c.r.r.m.I.D.CanvasMainChange - displayImage : 838.0x1024.0
2025-07-16 17:22:12 INFO  c.r.r.m.I.D.CanvasMainChange - cropRect : {0, 0, 838x1024}
2025-07-16 17:22:12 INFO  c.r.r.m.I.D.CanvasMainChange - after cropRect : {0, 0, 838x1024}
2025-07-16 17:22:12 INFO  c.r.r.m.I.D.CanvasMainChange - displayImage : 838.0x1024.0
2025-07-16 17:22:12 INFO  c.r.r.m.I.D.CanvasMainChange - cropRect : {0, 0, 838x1024}
2025-07-16 17:22:12 INFO  c.r.r.m.I.D.CanvasMainChange - after cropRect : {0, 0, 838x1024}
2025-07-16 17:22:12 INFO  c.r.r.m.I.D.CanvasMainChange - displayImage : 838.0x1024.0
2025-07-16 17:22:12 INFO  c.r.r.m.I.D.CanvasMainChange - cropRect : {0, 0, 838x1024}
2025-07-16 17:22:12 INFO  c.r.r.m.I.D.CanvasMainChange - after cropRect : {0, 0, 838x1024}
2025-07-16 17:22:12 INFO  c.r.r.m.I.D.CanvasMainChange - displayImage : 838.0x1024.0
2025-07-16 17:22:12 INFO  c.r.r.m.I.D.CanvasMainChange - cropRect : {0, 0, 838x1024}
2025-07-16 17:22:12 INFO  c.r.r.m.I.D.CanvasMainChange - after cropRect : {0, 0, 838x1024}
2025-07-16 17:22:12 INFO  c.r.r.m.I.D.CanvasMainChange - displayImage : 838.0x1024.0
2025-07-16 17:22:12 INFO  c.r.r.m.I.D.CanvasMainChange - cropRect : {0, 0, 838x1024}
2025-07-16 17:22:12 INFO  c.r.r.m.I.D.CanvasMainChange - after cropRect : {0, 0, 838x1024}
2025-07-16 17:22:12 INFO  c.r.r.m.I.D.CanvasMainChange - displayImage : 838.0x1024.0
2025-07-16 17:22:12 INFO  c.r.r.m.I.D.CanvasMainChange - cropRect : {0, 0, 838x1024}
2025-07-16 17:22:12 INFO  c.r.r.m.I.D.CanvasMainChange - after cropRect : {0, 0, 838x1024}
2025-07-16 17:22:12 INFO  c.r.r.m.I.D.CanvasMainChange - displayImage : 838.0x1024.0
2025-07-16 17:22:12 INFO  c.r.r.m.I.D.CanvasMainChange - cropRect : {0, 0, 838x1024}
2025-07-16 17:22:12 INFO  c.r.r.m.I.D.CanvasMainChange - after cropRect : {0, 0, 838x1024}
2025-07-16 17:22:12 INFO  c.r.r.m.I.D.CanvasMainChange - displayImage : 838.0x1024.0
2025-07-16 17:22:12 INFO  c.r.r.m.I.D.CanvasMainChange - cropRect : {0, 0, 838x1024}
2025-07-16 17:22:12 INFO  c.r.r.m.I.D.CanvasMainChange - after cropRect : {0, 0, 838x1024}
2025-07-16 17:22:12 INFO  c.r.r.m.I.D.CanvasMainChange - displayImage : 838.0x1024.0
2025-07-16 17:22:14 INFO  c.r.r.s.study.ProcessingToolsService - Processing Denoise Slider with value: 7.27
2025-07-16 17:22:14 INFO  c.r.r.s.study.ProcessingToolsService - Processing Denoise Slider with value: 8.2
2025-07-16 17:22:14 INFO  c.r.r.s.study.ProcessingToolsService - Processing Denoise Slider with value: 9.66
2025-07-16 17:22:14 INFO  c.r.r.s.study.ProcessingToolsService - Processing Denoise Slider with value: 11.39
2025-07-16 17:22:14 INFO  c.r.r.s.study.ProcessingToolsService - Processing Denoise Slider with value: 13.65
2025-07-16 17:22:14 INFO  c.r.r.s.study.ProcessingToolsService - Processing Denoise Slider with value: 16.71
2025-07-16 17:22:14 INFO  c.r.r.m.I.D.CanvasMainChange - cropRect : {0, 0, 838x1024}
2025-07-16 17:22:14 INFO  c.r.r.m.I.D.CanvasMainChange - after cropRect : {0, 0, 838x1024}
2025-07-16 17:22:14 INFO  c.r.r.m.I.D.CanvasMainChange - displayImage : 838.0x1024.0
2025-07-16 17:22:14 INFO  c.r.r.s.study.ProcessingToolsService - Processing Denoise Slider with value: 30.0
2025-07-16 17:22:14 INFO  c.r.r.s.study.ProcessingToolsService - Processing Denoise Slider with value: 31.33
2025-07-16 17:22:14 INFO  c.r.r.m.I.D.CanvasMainChange - cropRect : {0, 0, 838x1024}
2025-07-16 17:22:14 INFO  c.r.r.m.I.D.CanvasMainChange - after cropRect : {0, 0, 838x1024}
2025-07-16 17:22:14 INFO  c.r.r.m.I.D.CanvasMainChange - displayImage : 838.0x1024.0
2025-07-16 17:22:14 INFO  c.r.r.s.study.ProcessingToolsService - Processing Denoise Slider with value: 33.59
2025-07-16 17:22:14 INFO  c.r.r.m.I.D.CanvasMainChange - cropRect : {0, 0, 838x1024}
2025-07-16 17:22:14 INFO  c.r.r.m.I.D.CanvasMainChange - after cropRect : {0, 0, 838x1024}
2025-07-16 17:22:14 INFO  c.r.r.m.I.D.CanvasMainChange - displayImage : 838.0x1024.0
2025-07-16 17:22:14 INFO  c.r.r.s.study.ProcessingToolsService - Processing Denoise Slider with value: 34.26
2025-07-16 17:22:14 INFO  c.r.r.s.study.ProcessingToolsService - Processing Denoise Slider with value: 34.39
2025-07-16 17:22:14 INFO  c.r.r.m.I.D.CanvasMainChange - cropRect : {0, 0, 838x1024}
2025-07-16 17:22:14 INFO  c.r.r.m.I.D.CanvasMainChange - after cropRect : {0, 0, 838x1024}
2025-07-16 17:22:14 INFO  c.r.r.m.I.D.CanvasMainChange - displayImage : 838.0x1024.0
2025-07-16 17:22:14 INFO  c.r.r.s.study.ProcessingToolsService - Processing Denoise Slider with value: 35.32
2025-07-16 17:22:14 INFO  c.r.r.s.study.ProcessingToolsService - Processing Denoise Slider with value: 35.45
2025-07-16 17:22:14 INFO  c.r.r.m.I.D.CanvasMainChange - cropRect : {0, 0, 838x1024}
2025-07-16 17:22:14 INFO  c.r.r.m.I.D.CanvasMainChange - after cropRect : {0, 0, 838x1024}
2025-07-16 17:22:14 INFO  c.r.r.m.I.D.CanvasMainChange - displayImage : 838.0x1024.0
2025-07-16 17:22:14 INFO  c.r.r.s.study.ProcessingToolsService - Processing Denoise Slider with value: 40.64
2025-07-16 17:22:14 INFO  c.r.r.m.I.D.CanvasMainChange - cropRect : {0, 0, 838x1024}
2025-07-16 17:22:14 INFO  c.r.r.m.I.D.CanvasMainChange - after cropRect : {0, 0, 838x1024}
2025-07-16 17:22:14 INFO  c.r.r.m.I.D.CanvasMainChange - displayImage : 838.0x1024.0
2025-07-16 17:22:14 INFO  c.r.r.s.study.ProcessingToolsService - Processing Denoise Slider with value: 45.96
2025-07-16 17:22:14 INFO  c.r.r.s.study.ProcessingToolsService - Processing Denoise Slider with value: 45.0
2025-07-16 17:22:15 INFO  c.r.r.m.I.D.CanvasMainChange - cropRect : {0, 0, 838x1024}
2025-07-16 17:22:15 INFO  c.r.r.m.I.D.CanvasMainChange - after cropRect : {0, 0, 838x1024}
2025-07-16 17:22:15 INFO  c.r.r.m.I.D.CanvasMainChange - displayImage : 838.0x1024.0
2025-07-16 17:22:16 INFO  c.r.r.m.I.D.CanvasMainChange - cropRect : {0, 0, 838x1024}
2025-07-16 17:22:16 INFO  c.r.r.m.I.D.CanvasMainChange - after cropRect : {0, 0, 838x1024}
2025-07-16 17:22:16 INFO  c.r.r.m.I.D.CanvasMainChange - displayImage : 838.0x1024.0
2025-07-16 17:22:18 INFO  c.r.r.m.I.D.CanvasMainChange - cropRect : {0, 0, 838x1024}
2025-07-16 17:22:18 INFO  c.r.r.m.I.D.CanvasMainChange - after cropRect : {0, 0, 838x1024}
2025-07-16 17:22:18 INFO  c.r.r.m.I.D.CanvasMainChange - displayImage : 838.0x1024.0
2025-07-16 17:22:19 INFO  c.r.r.m.I.D.CanvasMainChange - cropRect : {0, 0, 838x1024}
2025-07-16 17:22:19 INFO  c.r.r.m.I.D.CanvasMainChange - after cropRect : {0, 0, 838x1024}
2025-07-16 17:22:19 INFO  c.r.r.m.I.D.CanvasMainChange - displayImage : 838.0x1024.0
2025-07-16 17:22:20 INFO  c.r.r.m.I.D.CanvasMainChange - cropRect : {0, 0, 838x1024}
2025-07-16 17:22:20 INFO  c.r.r.m.I.D.CanvasMainChange - after cropRect : {0, 0, 838x1024}
2025-07-16 17:22:20 INFO  c.r.r.m.I.D.CanvasMainChange - displayImage : 838.0x1024.0
2025-07-16 17:22:21 INFO  c.r.r.m.I.D.CanvasMainChange - cropRect : {0, 0, 838x1024}
2025-07-16 17:22:21 INFO  c.r.r.m.I.D.CanvasMainChange - after cropRect : {0, 0, 838x1024}
2025-07-16 17:22:21 INFO  c.r.r.m.I.D.CanvasMainChange - displayImage : 838.0x1024.0
2025-07-16 17:22:22 INFO  c.r.r.m.I.D.CanvasMainChange - cropRect : {0, 0, 838x1024}
2025-07-16 17:22:22 INFO  c.r.r.m.I.D.CanvasMainChange - after cropRect : {0, 0, 838x1024}
2025-07-16 17:22:22 INFO  c.r.r.m.I.D.CanvasMainChange - displayImage : 838.0x1024.0
2025-07-16 17:22:23 INFO  c.r.r.m.I.D.CanvasMainChange - cropRect : {0, 0, 838x1024}
2025-07-16 17:22:23 INFO  c.r.r.m.I.D.CanvasMainChange - after cropRect : {0, 0, 838x1024}
2025-07-16 17:22:23 INFO  c.r.r.m.I.D.CanvasMainChange - displayImage : 838.0x1024.0
