2025-05-02 18:22:35 INFO  c.r.rxviewui.controller.LoginPage - logged In
2025-05-02 18:22:35 INFO  c.r.r.service.login.LoginController - ip mismatched 192.168.1.139 and 192.168.12.10
2025-05-02 18:22:35 INFO  c.r.r.service.login.LoginController - IP not found
2025-05-02 18:22:35 INFO  c.r.r.service.login.LoginController - initialized
2025-05-02 18:22:39 INFO  c.r.r.service.login.LoginController - No devices found!!!
2025-05-02 18:22:43 INFO  c.r.r.m.p.i.d.PrintCanvasMainChange - printDynamicCanvasElementsResize.getMultiple() 2.98046875
2025-05-02 18:22:43 INFO  c.r.r.m.p.i.d.PrintCanvasMainChange - printDynamicCanvasElementsResize.getMultiple() 2.98046875
2025-05-02 18:22:43 INFO  c.r.r.m.p.i.d.PrintCanvasMainChange - printDynamicCanvasElementsResize.getMultiple() 1.0
2025-05-02 18:22:43 INFO  c.r.r.m.p.i.d.PrintCanvasMainChange - printDynamicCanvasElementsResize.getMultiple() 1.0
2025-05-02 18:22:43 INFO  c.r.r.m.p.i.d.PrintCanvasMainChange - printDynamicCanvasElementsResize.getMultiple() 1.0
2025-05-02 18:22:43 INFO  c.r.r.m.p.i.d.PrintCanvasMainChange - printDynamicCanvasElementsResize.getMultiple() 1.0
2025-05-02 18:22:43 INFO  c.r.r.m.p.i.d.PrintCanvasMainChange - printDynamicCanvasElementsResize.getMultiple() 2.98046875
2025-05-02 18:22:44 INFO  c.r.r.m.p.i.d.PrintCanvasMainChange - printDynamicCanvasElementsResize.getMultiple() 2.98046875
2025-05-02 18:22:44 INFO  c.r.r.m.p.i.d.PrintCanvasMainChange - printDynamicCanvasElementsResize.getMultiple() 1.0
2025-05-02 18:22:47 INFO  c.r.r.m.p.i.d.PrintCanvasMainChange - printDynamicCanvasElementsResize.getMultiple() 1.0
2025-05-02 18:22:47 INFO  c.r.r.m.p.i.d.PrintCanvasMainChange - printDynamicCanvasElementsResize.getMultiple() 1.0
2025-05-02 18:22:47 INFO  c.r.r.m.p.i.d.PrintCanvasMainChange - printDynamicCanvasElementsResize.getMultiple() 1.0
2025-05-02 18:22:47 INFO  c.r.r.m.p.i.d.PrintCanvasMainChange - printDynamicCanvasElementsResize.getMultiple() 1.0
2025-05-02 18:22:47 INFO  c.r.r.m.p.i.d.PrintCanvasMainChange - printDynamicCanvasElementsResize.getMultiple() 1.0
2025-05-02 18:22:48 INFO  c.r.r.m.p.i.d.PrintCanvasMainChange - printDynamicCanvasElementsResize.getMultiple() 1.0
2025-05-02 18:22:48 INFO  c.r.r.m.p.i.d.PrintCanvasMainChange - printDynamicCanvasElementsResize.getMultiple() 1.0
2025-05-02 18:22:48 INFO  c.r.r.m.p.i.d.PrintCanvasMainChange - printDynamicCanvasElementsResize.getMultiple() 1.0
2025-05-02 18:22:49 INFO  c.r.r.m.p.i.d.PrintCanvasMainChange - printDynamicCanvasElementsResize.getMultiple() 1.0
2025-05-02 18:22:49 INFO  c.r.r.m.p.i.d.PrintCanvasMainChange - printDynamicCanvasElementsResize.getMultiple() 1.0
2025-05-02 18:22:49 INFO  c.r.r.m.p.i.d.PrintCanvasMainChange - printDynamicCanvasElementsResize.getMultiple() 1.0
2025-05-02 18:22:49 INFO  c.r.r.m.p.i.d.PrintCanvasMainChange - printDynamicCanvasElementsResize.getMultiple() 1.0
2025-05-02 18:22:49 INFO  c.r.r.m.p.i.d.PrintCanvasMainChange - printDynamicCanvasElementsResize.getMultiple() 1.0
2025-05-02 18:22:49 INFO  c.r.r.m.p.i.d.PrintCanvasMainChange - printDynamicCanvasElementsResize.getMultiple() 1.0
2025-05-02 18:22:50 INFO  c.r.r.m.p.i.d.PrintCanvasMainChange - printDynamicCanvasElementsResize.getMultiple() 1.0
2025-05-02 18:22:50 INFO  c.r.r.m.p.i.d.PrintCanvasMainChange - printDynamicCanvasElementsResize.getMultiple() 1.0
2025-05-02 18:22:51 INFO  c.r.r.m.p.i.d.PrintCanvasMainChange - printDynamicCanvasElementsResize.getMultiple() 1.0
2025-05-02 18:22:51 INFO  c.r.r.m.p.i.d.PrintCanvasMainChange - printDynamicCanvasElementsResize.getMultiple() 1.0
2025-05-02 18:22:51 INFO  c.r.r.m.p.i.d.PrintCanvasMainChange - printDynamicCanvasElementsResize.getMultiple() 1.0
2025-05-02 18:22:51 INFO  c.r.r.m.p.i.d.PrintCanvasMainChange - printDynamicCanvasElementsResize.getMultiple() 1.0
2025-05-02 18:22:51 INFO  c.r.r.m.p.i.d.PrintCanvasMainChange - printDynamicCanvasElementsResize.getMultiple() 1.0
2025-05-02 18:22:51 INFO  c.r.r.m.p.i.d.PrintCanvasMainChange - printDynamicCanvasElementsResize.getMultiple() 1.0
2025-05-02 18:22:51 INFO  c.r.r.m.p.i.d.PrintCanvasMainChange - printDynamicCanvasElementsResize.getMultiple() 1.0
2025-05-02 18:22:51 INFO  c.r.r.m.p.i.d.PrintCanvasMainChange - printDynamicCanvasElementsResize.getMultiple() 1.0
2025-05-02 18:22:52 INFO  c.r.r.m.p.i.d.PrintCanvasMainChange - printDynamicCanvasElementsResize.getMultiple() 1.0
2025-05-02 18:22:53 INFO  c.r.r.m.p.i.d.PrintCanvasMainChange - printDynamicCanvasElementsResize.getMultiple() 1.0
2025-05-02 18:22:53 INFO  c.r.r.m.p.i.d.PrintCanvasMainChange - printDynamicCanvasElementsResize.getMultiple() 1.0
2025-05-02 18:22:53 INFO  c.r.r.m.p.i.d.PrintCanvasMainChange - printDynamicCanvasElementsResize.getMultiple() 1.0
2025-05-02 18:22:53 INFO  c.r.r.m.p.i.d.PrintCanvasMainChange - printDynamicCanvasElementsResize.getMultiple() 1.0
2025-05-02 18:22:53 INFO  c.r.r.m.p.i.d.PrintCanvasMainChange - printDynamicCanvasElementsResize.getMultiple() 1.0
2025-05-02 18:22:53 INFO  c.r.r.m.p.i.d.PrintCanvasMainChange - printDynamicCanvasElementsResize.getMultiple() 1.0
2025-05-02 18:22:53 INFO  c.r.r.m.p.i.d.PrintCanvasMainChange - printDynamicCanvasElementsResize.getMultiple() 1.0
