2025-05-12 14:22:32 INFO  c.r.rxviewui.controller.LoginPage - logged In
2025-05-12 14:22:32 INFO  c.r.r.service.login.LoginController - ip mismatched 192.168.204.139 and 192.168.12.10
2025-05-12 14:22:32 INFO  c.r.r.service.login.LoginController - IP not found
2025-05-12 14:22:32 INFO  c.r.r.service.login.LoginController - initialized
2025-05-12 14:22:36 INFO  c.r.r.service.login.LoginController - No devices found!!!
2025-05-12 14:22:39 INFO  c.r.r.m.I.D.CanvasMainChange - w * h 3052.0 : 2500.0
2025-05-12 14:22:39 INFO  c.r.r.m.I.D.CanvasMainChange - w * h 3052.0 : 2500.0
2025-05-12 14:22:39 INFO  c.r.r.m.I.D.CanvasMainChange - w * h 3052.0 : 2500.0
2025-05-12 14:22:39 INFO  c.r.r.m.I.D.CanvasMainChange - w * h 3052.0 : 2500.0
2025-05-12 14:22:43 INFO  c.r.r.service.study.StudyService - Image received
2025-05-12 14:22:45 INFO  c.r.r.service.study.StudyService - Mat is not empty
2025-05-12 14:22:45 INFO  c.r.r.m.I.D.CanvasMainChange - w * h 1024.0 : 838.0
2025-05-12 14:22:45 INFO  c.r.r.m.I.D.CanvasMainChange - ============
2025-05-12 14:22:45 INFO  c.r.r.m.I.D.CanvasMainChange - w * h 1024.0 : 838.0
2025-05-12 14:22:45 INFO  c.r.r.m.I.D.CanvasMainChange - ============
2025-05-12 14:22:46 INFO  c.r.r.m.I.D.CanvasMainChange - w * h 1024.0 : 838.0
2025-05-12 14:22:46 INFO  c.r.r.m.I.D.CanvasMainChange - w * h 1024.0 : 838.0
2025-05-12 14:22:46 INFO  c.r.r.m.I.D.CanvasMainChange - w * h 1024.0 : 838.0
2025-05-12 14:22:46 INFO  c.r.r.m.I.D.CanvasMainChange - ============
2025-05-12 14:22:46 INFO  c.r.r.m.I.D.CanvasMainChange - w * h 1024.0 : 838.0
2025-05-12 14:22:46 INFO  c.r.r.m.I.D.CanvasMainChange - ============
2025-05-12 14:22:46 INFO  c.r.r.m.I.D.CanvasMainChange - w * h 1024.0 : 838.0
2025-05-12 14:22:46 INFO  c.r.r.m.I.D.CanvasMainChange - ============
2025-05-12 14:22:46 INFO  c.r.r.m.I.D.MainDrawTool - ImagingParams is null
2025-05-12 14:22:55 INFO  c.r.r.m.I.D.CanvasMainChange - w * h 1024.0 : 838.0
2025-05-12 14:22:55 INFO  c.r.r.m.I.D.CanvasMainChange - ============
2025-05-12 14:22:56 INFO  c.r.r.m.I.D.CanvasMainChange - w * h 1024.0 : 838.0
2025-05-12 14:22:56 INFO  c.r.r.m.I.D.CanvasMainChange - ============
2025-05-12 14:22:56 INFO  c.r.r.m.I.D.CanvasMainChange - w * h 1024.0 : 838.0
2025-05-12 14:22:56 INFO  c.r.r.m.I.D.CanvasMainChange - ellipse centerX: 325.7191489361702 centerY: 672.8212765957447 radiusX: 8.0 radiusY: 8.0 
2025-05-12 14:22:56 INFO  c.r.r.m.I.D.CanvasMainChange - ============
2025-05-12 14:22:56 INFO  c.r.r.m.I.D.CanvasMainChange - w * h 1024.0 : 838.0
2025-05-12 14:22:56 INFO  c.r.r.m.I.D.CanvasMainChange - ellipse centerX: 325.7191489361702 centerY: 672.8212765957447 radiusX: 8.0 radiusY: 8.0 
2025-05-12 14:22:56 INFO  c.r.r.m.I.D.CanvasMainChange - ellipse centerX: 764.731914893617 centerY: 670.6425531914894 radiusX: 8.0 radiusY: 8.0 
2025-05-12 14:22:56 INFO  c.r.r.m.I.D.CanvasMainChange - ============
2025-05-12 14:22:57 INFO  c.r.r.m.I.D.CanvasMainChange - w * h 1024.0 : 838.0
2025-05-12 14:22:57 INFO  c.r.r.m.I.D.CanvasMainChange - ellipse centerX: 325.7191489361702 centerY: 672.8212765957447 radiusX: 8.0 radiusY: 8.0 
2025-05-12 14:22:57 INFO  c.r.r.m.I.D.CanvasMainChange - ellipse centerX: 764.731914893617 centerY: 670.6425531914894 radiusX: 8.0 radiusY: 8.0 
2025-05-12 14:22:57 INFO  c.r.r.m.I.D.CanvasMainChange - ============
2025-05-12 14:22:57 INFO  c.r.r.m.I.D.CanvasMainChange - w * h 1024.0 : 838.0
2025-05-12 14:22:57 INFO  c.r.r.m.I.D.CanvasMainChange - line startX: 325.7191489361702 startY: 672.8212765957447 endX: 764.731914893617 endY: 670.6425531914894
2025-05-12 14:22:57 INFO  c.r.r.m.I.D.CanvasMainChange - ellipse centerX: 325.7191489361702 centerY: 672.8212765957447 radiusX: 8.0 radiusY: 8.0 
2025-05-12 14:22:57 INFO  c.r.r.m.I.D.CanvasMainChange - ellipse centerX: 764.731914893617 centerY: 670.6425531914894 radiusX: 8.0 radiusY: 8.0 
2025-05-12 14:22:57 INFO  c.r.r.m.I.D.CanvasMainChange - ============
2025-05-12 14:22:57 INFO  c.r.r.m.I.D.CanvasMainChange - w * h 1024.0 : 838.0
2025-05-12 14:22:57 INFO  c.r.r.m.I.D.CanvasMainChange - line startX: 325.7191489361702 startY: 672.8212765957447 endX: 764.731914893617 endY: 670.6425531914894
2025-05-12 14:22:57 INFO  c.r.r.m.I.D.CanvasMainChange - ellipse centerX: 325.7191489361702 centerY: 672.8212765957447 radiusX: 8.0 radiusY: 8.0 
2025-05-12 14:22:57 INFO  c.r.r.m.I.D.CanvasMainChange - ellipse centerX: 764.731914893617 centerY: 670.6425531914894 radiusX: 8.0 radiusY: 8.0 
2025-05-12 14:22:57 INFO  c.r.r.m.I.D.CanvasMainChange - ============
2025-05-12 14:22:57 INFO  c.r.r.m.I.D.CanvasMainChange - w * h 1024.0 : 838.0
2025-05-12 14:22:57 INFO  c.r.r.m.I.D.CanvasMainChange - line startX: 325.7191489361702 startY: 672.8212765957447 endX: 764.731914893617 endY: 670.6425531914894
2025-05-12 14:22:57 INFO  c.r.r.m.I.D.CanvasMainChange - ellipse centerX: 325.7191489361702 centerY: 672.8212765957447 radiusX: 8.0 radiusY: 8.0 
2025-05-12 14:22:57 INFO  c.r.r.m.I.D.CanvasMainChange - ellipse centerX: 764.731914893617 centerY: 670.6425531914894 radiusX: 8.0 radiusY: 8.0 
2025-05-12 14:22:57 INFO  c.r.r.m.I.D.CanvasMainChange - ============
2025-05-12 14:22:57 INFO  c.r.r.m.I.D.CanvasMainChange - w * h 1024.0 : 838.0
2025-05-12 14:22:57 INFO  c.r.r.m.I.D.CanvasMainChange - line startX: 325.7191489361702 startY: 672.8212765957447 endX: 764.731914893617 endY: 670.6425531914894
2025-05-12 14:22:57 INFO  c.r.r.m.I.D.CanvasMainChange - ellipse centerX: 325.7191489361702 centerY: 672.8212765957447 radiusX: 8.0 radiusY: 8.0 
2025-05-12 14:22:57 INFO  c.r.r.m.I.D.CanvasMainChange - ellipse centerX: 764.731914893617 centerY: 670.6425531914894 radiusX: 8.0 radiusY: 8.0 
2025-05-12 14:22:57 INFO  c.r.r.m.I.D.CanvasMainChange - ============
2025-05-12 14:23:00 INFO  c.r.r.s.study.StudyMainController - saving for export...
2025-05-12 14:23:00 INFO  c.r.r.m.I.D.CanvasMainChange - w * h 1024.0 : 838.0
2025-05-12 14:23:00 INFO  c.r.r.m.I.D.CanvasMainChange - line startX: 325.7191489361702 startY: 672.8212765957447 endX: 764.731914893617 endY: 670.6425531914894
2025-05-12 14:23:00 INFO  c.r.r.m.I.D.CanvasMainChange - ellipse centerX: 325.7191489361702 centerY: 672.8212765957447 radiusX: 8.0 radiusY: 8.0 
2025-05-12 14:23:00 INFO  c.r.r.m.I.D.CanvasMainChange - ellipse centerX: 764.731914893617 centerY: 670.6425531914894 radiusX: 8.0 radiusY: 8.0 
2025-05-12 14:23:00 INFO  c.r.r.m.I.D.CanvasMainChange - ============
2025-05-12 14:23:00 INFO  c.r.r.m.I.D.CanvasMainChange - w * h 1024.0 : 838.0
2025-05-12 14:23:00 INFO  c.r.r.m.I.D.CanvasMainChange - w * h 1024.0 : 838.0
2025-05-12 14:23:00 INFO  c.r.r.m.I.D.CanvasMainChange - w * h 1024.0 : 838.0
2025-05-12 14:23:00 INFO  c.r.r.m.I.D.CanvasMainChange - w * h 1024.0 : 838.0
2025-05-12 14:23:00 INFO  c.r.r.m.I.D.CanvasMainChange - w * h 1024.0 : 838.0
2025-05-12 14:23:01 INFO  c.r.rxviewui.controller.ExportWindow - initialized
2025-05-12 14:23:01 INFO  c.r.r.m.I.D.CanvasMainChange - w * h 1024.0 : 838.0
2025-05-12 14:23:01 INFO  c.r.r.m.I.D.CanvasMainChange - ============
2025-05-12 14:23:01 INFO  c.r.r.m.I.D.CanvasMainChange - w * h 1024.0 : 838.0
2025-05-12 14:23:01 INFO  c.r.r.m.I.D.CanvasMainChange - ============
2025-05-12 14:23:01 INFO  c.r.r.m.I.D.CanvasMainChange - w * h 1024.0 : 838.0
2025-05-12 14:23:01 INFO  c.r.r.m.I.D.CanvasMainChange - line startX: 325.7191489361702 startY: 672.8212765957447 endX: 764.731914893617 endY: 670.6425531914894
2025-05-12 14:23:01 INFO  c.r.r.m.I.D.CanvasMainChange - ellipse centerX: 325.7191489361702 centerY: 672.8212765957447 radiusX: 8.0 radiusY: 8.0 
2025-05-12 14:23:01 INFO  c.r.r.m.I.D.CanvasMainChange - ellipse centerX: 764.731914893617 centerY: 670.6425531914894 radiusX: 8.0 radiusY: 8.0 
2025-05-12 14:23:01 INFO  c.r.r.m.I.D.CanvasMainChange - ============
2025-05-12 14:23:01 INFO  c.r.r.m.I.D.CanvasMainChange - w * h 1024.0 : 838.0
2025-05-12 14:23:01 INFO  c.r.r.m.I.D.CanvasMainChange - line startX: 325.7191489361702 startY: 672.8212765957447 endX: 764.731914893617 endY: 670.6425531914894
2025-05-12 14:23:01 INFO  c.r.r.m.I.D.CanvasMainChange - ellipse centerX: 325.7191489361702 centerY: 672.8212765957447 radiusX: 8.0 radiusY: 8.0 
2025-05-12 14:23:01 INFO  c.r.r.m.I.D.CanvasMainChange - ellipse centerX: 764.731914893617 centerY: 670.6425531914894 radiusX: 8.0 radiusY: 8.0 
2025-05-12 14:23:01 INFO  c.r.r.m.I.D.CanvasMainChange - ============
2025-05-12 14:23:05 INFO  c.r.r.m.I.D.CanvasMainChange - w * h 1024.0 : 838.0
2025-05-12 14:23:05 INFO  c.r.r.m.I.D.CanvasMainChange - w * h 1024.0 : 838.0
2025-05-12 14:23:05 INFO  c.r.r.m.I.D.CanvasMainChange - w * h 1024.0 : 838.0
2025-05-12 14:23:05 INFO  c.r.r.m.I.D.CanvasMainChange - ============
2025-05-12 14:23:05 INFO  c.r.r.m.I.D.CanvasMainChange - w * h 1024.0 : 838.0
2025-05-12 14:23:05 INFO  c.r.r.m.I.D.CanvasMainChange - line startX: 325.7191489361702 startY: 672.8212765957447 endX: 764.731914893617 endY: 670.6425531914894
2025-05-12 14:23:05 INFO  c.r.r.m.I.D.CanvasMainChange - ellipse centerX: 325.7191489361702 centerY: 672.8212765957447 radiusX: 8.0 radiusY: 8.0 
2025-05-12 14:23:05 INFO  c.r.r.m.I.D.CanvasMainChange - ellipse centerX: 764.731914893617 centerY: 670.6425531914894 radiusX: 8.0 radiusY: 8.0 
2025-05-12 14:23:05 INFO  c.r.r.m.I.D.CanvasMainChange - ============
2025-05-12 14:23:06 INFO  c.r.r.m.I.D.CanvasMainChange - w * h 3052.0 : 2497.6328125
2025-05-12 14:23:06 INFO  c.r.r.m.I.D.CanvasMainChange - line startX: 325.7191489361702 startY: 672.8212765957447 endX: 764.731914893617 endY: 670.6425531914894
2025-05-12 14:23:06 INFO  c.r.r.m.I.D.CanvasMainChange - ellipse centerX: 325.7191489361702 centerY: 672.8212765957447 radiusX: 8.0 radiusY: 8.0 
2025-05-12 14:23:06 INFO  c.r.r.m.I.D.CanvasMainChange - ellipse centerX: 764.731914893617 centerY: 670.6425531914894 radiusX: 8.0 radiusY: 8.0 
2025-05-12 14:23:06 INFO  c.r.r.m.I.D.CanvasMainChange - ============
2025-05-12 14:23:06 INFO  c.r.rxviewui.controller.ExportStudy - after last redraw
2025-05-12 14:23:06 ERROR c.r.rxviewui.controller.ExportWindow - e: 
java.lang.NullPointerException: Cannot invoke "org.opencv.core.Mat.width()" because "orgCloneMat" is null
	at com.raymedis.rxviewui/com.raymedis.rxviewui.controller.ExportStudy.saveWithInformationBurn(ExportStudy.java:99)
	at com.raymedis.rxviewui/com.raymedis.rxviewui.controller.ExportWindow.imageConversion(ExportWindow.java:237)
	at com.raymedis.rxviewui/com.raymedis.rxviewui.controller.ExportWindow.startExport(ExportWindow.java:191)
	at java.base/jdk.internal.reflect.DirectMethodHandleAccessor.invoke(DirectMethodHandleAccessor.java:103)
	at java.base/java.lang.reflect.Method.invoke(Method.java:580)
	at com.sun.javafx.reflect.Trampoline.invoke(MethodUtil.java:72)
	at java.base/jdk.internal.reflect.DirectMethodHandleAccessor.invoke(DirectMethodHandleAccessor.java:103)
	at java.base/java.lang.reflect.Method.invoke(Method.java:580)
	at javafx.base@21/com.sun.javafx.reflect.MethodUtil.invoke(MethodUtil.java:270)
	at javafx.fxml@21/com.sun.javafx.fxml.MethodHelper.invoke(MethodHelper.java:84)
	at javafx.fxml@21/javafx.fxml.FXMLLoader$MethodHandler.invoke(FXMLLoader.java:1855)
	at javafx.fxml@21/javafx.fxml.FXMLLoader$ControllerMethodEventHandler.handle(FXMLLoader.java:1726)
	at javafx.base@21/com.sun.javafx.event.CompositeEventHandler.dispatchBubblingEvent(CompositeEventHandler.java:86)
	at javafx.base@21/com.sun.javafx.event.EventHandlerManager.dispatchBubblingEvent(EventHandlerManager.java:232)
	at javafx.base@21/com.sun.javafx.event.EventHandlerManager.dispatchBubblingEvent(EventHandlerManager.java:189)
	at javafx.base@21/com.sun.javafx.event.CompositeEventDispatcher.dispatchBubblingEvent(CompositeEventDispatcher.java:59)
	at javafx.base@21/com.sun.javafx.event.BasicEventDispatcher.dispatchEvent(BasicEventDispatcher.java:58)
	at javafx.base@21/com.sun.javafx.event.EventDispatchChainImpl.dispatchEvent(EventDispatchChainImpl.java:114)
	at javafx.base@21/com.sun.javafx.event.BasicEventDispatcher.dispatchEvent(BasicEventDispatcher.java:56)
	at javafx.base@21/com.sun.javafx.event.EventDispatchChainImpl.dispatchEvent(EventDispatchChainImpl.java:114)
	at javafx.base@21/com.sun.javafx.event.BasicEventDispatcher.dispatchEvent(BasicEventDispatcher.java:56)
	at javafx.base@21/com.sun.javafx.event.EventDispatchChainImpl.dispatchEvent(EventDispatchChainImpl.java:114)
	at javafx.base@21/com.sun.javafx.event.EventUtil.fireEventImpl(EventUtil.java:74)
	at javafx.base@21/com.sun.javafx.event.EventUtil.fireEvent(EventUtil.java:49)
	at javafx.base@21/javafx.event.Event.fireEvent(Event.java:198)
	at javafx.graphics@21/javafx.scene.Node.fireEvent(Node.java:8875)
	at javafx.controls@21/javafx.scene.control.Button.fire(Button.java:203)
	at javafx.controls@21/com.sun.javafx.scene.control.behavior.ButtonBehavior.mouseReleased(ButtonBehavior.java:207)
	at javafx.controls@21/com.sun.javafx.scene.control.inputmap.InputMap.handle(InputMap.java:274)
	at javafx.base@21/com.sun.javafx.event.CompositeEventHandler$NormalEventHandlerRecord.handleBubblingEvent(CompositeEventHandler.java:247)
	at javafx.base@21/com.sun.javafx.event.CompositeEventHandler.dispatchBubblingEvent(CompositeEventHandler.java:80)
	at javafx.base@21/com.sun.javafx.event.EventHandlerManager.dispatchBubblingEvent(EventHandlerManager.java:232)
	at javafx.base@21/com.sun.javafx.event.EventHandlerManager.dispatchBubblingEvent(EventHandlerManager.java:189)
	at javafx.base@21/com.sun.javafx.event.CompositeEventDispatcher.dispatchBubblingEvent(CompositeEventDispatcher.java:59)
	at javafx.base@21/com.sun.javafx.event.BasicEventDispatcher.dispatchEvent(BasicEventDispatcher.java:58)
	at javafx.base@21/com.sun.javafx.event.EventDispatchChainImpl.dispatchEvent(EventDispatchChainImpl.java:114)
	at javafx.base@21/com.sun.javafx.event.BasicEventDispatcher.dispatchEvent(BasicEventDispatcher.java:56)
	at javafx.base@21/com.sun.javafx.event.EventDispatchChainImpl.dispatchEvent(EventDispatchChainImpl.java:114)
	at javafx.base@21/com.sun.javafx.event.BasicEventDispatcher.dispatchEvent(BasicEventDispatcher.java:56)
	at javafx.base@21/com.sun.javafx.event.EventDispatchChainImpl.dispatchEvent(EventDispatchChainImpl.java:114)
	at javafx.base@21/com.sun.javafx.event.EventUtil.fireEventImpl(EventUtil.java:74)
	at javafx.base@21/com.sun.javafx.event.EventUtil.fireEvent(EventUtil.java:54)
	at javafx.base@21/javafx.event.Event.fireEvent(Event.java:198)
	at javafx.graphics@21/javafx.scene.Scene$MouseHandler.process(Scene.java:3984)
	at javafx.graphics@21/javafx.scene.Scene.processMouseEvent(Scene.java:1890)
	at javafx.graphics@21/javafx.scene.Scene$ScenePeerListener.mouseEvent(Scene.java:2708)
	at javafx.graphics@21/com.sun.javafx.tk.quantum.GlassViewEventHandler$MouseEventNotification.run(GlassViewEventHandler.java:411)
	at javafx.graphics@21/com.sun.javafx.tk.quantum.GlassViewEventHandler$MouseEventNotification.run(GlassViewEventHandler.java:301)
	at java.base/java.security.AccessController.doPrivileged(AccessController.java:400)
	at javafx.graphics@21/com.sun.javafx.tk.quantum.GlassViewEventHandler.lambda$handleMouseEvent$2(GlassViewEventHandler.java:450)
	at javafx.graphics@21/com.sun.javafx.tk.quantum.QuantumToolkit.runWithoutRenderLock(QuantumToolkit.java:424)
	at javafx.graphics@21/com.sun.javafx.tk.quantum.GlassViewEventHandler.handleMouseEvent(GlassViewEventHandler.java:449)
	at javafx.graphics@21/com.sun.glass.ui.View.handleMouseEvent(View.java:551)
	at javafx.graphics@21/com.sun.glass.ui.View.notifyMouse(View.java:937)
	at javafx.graphics@21/com.sun.glass.ui.win.WinApplication._runLoop(Native Method)
	at javafx.graphics@21/com.sun.glass.ui.win.WinApplication.lambda$runLoop$3(WinApplication.java:185)
	at java.base/java.lang.Thread.run(Thread.java:1583)
