2025-05-12 11:26:54 INFO  c.r.rxviewui.controller.LoginPage - logged In
2025-05-12 11:26:55 INFO  c.r.r.service.login.LoginController - ip mismatched 192.168.204.139 and 192.168.12.10
2025-05-12 11:26:55 INFO  c.r.r.service.login.LoginController - IP not found
2025-05-12 11:26:55 INFO  c.r.r.service.login.LoginController - initialized
2025-05-12 11:26:58 INFO  c.r.r.m.print.Layout.LayoutCreator - Creating layout with code: STANDARD\1,1 2048.0 2560.0
2025-05-12 11:26:59 INFO  c.r.r.service.login.LoginController - No devices found!!!
2025-05-12 11:27:05 INFO  c.r.r.m.print.Layout.LayoutCreator - Creating layout with code: STANDARD\1,2 2048.0 2560.0
2025-05-12 11:27:09 INFO  c.r.r.m.print.Layout.LayoutCreator - Creating layout with code: COL\1,2 2048.0 2560.0
2025-05-12 11:27:24 INFO  c.r.r.m.print.Layout.LayoutCreator - Creating layout with code: STANDARD\1,2 2048.0 2560.0
2025-05-12 11:27:26 INFO  c.r.r.m.print.Layout.LayoutCreator - Creating layout with code: COL\1,2 2048.0 2560.0
2025-05-12 11:27:28 INFO  c.r.r.m.print.Layout.LayoutCreator - Creating layout with code: STANDARD\2,2 2048.0 2560.0
2025-05-12 11:27:30 INFO  c.r.r.m.print.Layout.LayoutCreator - Creating layout with code: STANDARD\1,1 2048.0 2560.0
2025-05-12 11:27:38 INFO  c.r.r.m.print.Layout.LayoutCreator - Creating layout with code: COL\1,2 2048.0 2560.0
2025-05-12 11:27:56 INFO  c.r.r.m.print.Layout.LayoutCreator - Creating layout with code: STANDARD\1,2 2048.0 2560.0
2025-05-12 11:27:59 INFO  c.r.r.m.print.Layout.LayoutCreator - Creating layout with code: COL\1,2 2048.0 2560.0
2025-05-12 11:27:59 INFO  c.r.r.m.print.Layout.LayoutCreator - Creating layout with code: STANDARD\3,4 2048.0 2560.0
2025-05-12 11:28:03 INFO  c.r.r.m.print.Layout.LayoutCreator - Creating layout with code: ROW\2,3,1 2048.0 2560.0
2025-05-12 11:28:06 INFO  c.r.r.m.print.Layout.LayoutCreator - Creating layout with code: STANDARD\2,2 2048.0 2560.0
2025-05-12 11:28:07 INFO  c.r.r.m.print.Layout.LayoutCreator - Creating layout with code: STANDARD\1,1 2048.0 2560.0
2025-05-12 11:28:09 INFO  c.r.r.m.print.Layout.LayoutCreator - Creating layout with code: STANDARD\1,2 2048.0 2560.0
2025-05-12 11:28:10 INFO  c.r.r.m.print.Layout.LayoutCreator - Creating layout with code: ROW\1,2 2048.0 2560.0
2025-05-12 11:28:13 INFO  c.r.r.m.print.Layout.LayoutCreator - Creating layout with code: ROW\1,2,2,1 2048.0 2560.0
