2025-05-12 13:14:54 INFO  c.r.rxviewui.controller.LoginPage - logged In
2025-05-12 13:14:54 INFO  c.r.r.service.login.LoginController - ip mismatched 192.168.204.139 and 192.168.12.10
2025-05-12 13:14:54 INFO  c.r.r.service.login.LoginController - IP not found
2025-05-12 13:14:54 INFO  c.r.r.service.login.LoginController - initialized
2025-05-12 13:14:58 INFO  c.r.r.service.login.LoginController - No devices found!!!
2025-05-12 13:15:03 INFO  c.r.r.service.study.StudyService - Image received
2025-05-12 13:15:05 INFO  c.r.r.service.study.StudyService - Mat is not empty
2025-05-12 13:15:06 INFO  c.r.r.m.I.D.MainDrawTool - ImagingParams is null
2025-05-12 13:15:07 INFO  c.r.r.m.I.D.CanvasMainChange - ellipse centerX: 313.73617021276596 centerY: 742.5404255319149 radiusX: 8.0 radiusY: 8.0
2025-05-12 13:15:07 INFO  c.r.r.m.I.D.CanvasMainChange - ellipse centerX: 313.73617021276596 centerY: 742.5404255319149 radiusX: 8.0 radiusY: 8.0
2025-05-12 13:15:07 INFO  c.r.r.m.I.D.CanvasMainChange - ellipse centerX: 680.8510638297872 centerY: 726.2 radiusX: 8.0 radiusY: 8.0
2025-05-12 13:15:07 INFO  c.r.r.m.I.D.CanvasMainChange - ellipse centerX: 313.73617021276596 centerY: 742.5404255319149 radiusX: 8.0 radiusY: 8.0
2025-05-12 13:15:07 INFO  c.r.r.m.I.D.CanvasMainChange - ellipse centerX: 680.8510638297872 centerY: 726.2 radiusX: 8.0 radiusY: 8.0
2025-05-12 13:15:07 INFO  c.r.r.m.I.D.CanvasMainChange - line startX: 313.73617021276596 startY: 742.5404255319149 endX: 680.8510638297872 endY: 726.2
2025-05-12 13:15:07 INFO  c.r.r.m.I.D.CanvasMainChange - ellipse centerX: 313.73617021276596 centerY: 742.5404255319149 radiusX: 8.0 radiusY: 8.0
2025-05-12 13:15:07 INFO  c.r.r.m.I.D.CanvasMainChange - ellipse centerX: 680.8510638297872 centerY: 726.2 radiusX: 8.0 radiusY: 8.0
2025-05-12 13:15:07 INFO  c.r.r.m.I.D.CanvasMainChange - line startX: 313.73617021276596 startY: 742.5404255319149 endX: 680.8510638297872 endY: 726.2
2025-05-12 13:15:07 INFO  c.r.r.m.I.D.CanvasMainChange - ellipse centerX: 313.73617021276596 centerY: 742.5404255319149 radiusX: 8.0 radiusY: 8.0
2025-05-12 13:15:07 INFO  c.r.r.m.I.D.CanvasMainChange - ellipse centerX: 680.8510638297872 centerY: 726.2 radiusX: 8.0 radiusY: 8.0
2025-05-12 13:15:07 INFO  c.r.r.m.I.D.CanvasMainChange - line startX: 313.73617021276596 startY: 742.5404255319149 endX: 680.8510638297872 endY: 726.2
2025-05-12 13:15:07 INFO  c.r.r.m.I.D.CanvasMainChange - ellipse centerX: 313.73617021276596 centerY: 742.5404255319149 radiusX: 8.0 radiusY: 8.0
2025-05-12 13:15:07 INFO  c.r.r.m.I.D.CanvasMainChange - ellipse centerX: 680.8510638297872 centerY: 726.2 radiusX: 8.0 radiusY: 8.0
2025-05-12 13:15:07 INFO  c.r.r.m.I.D.CanvasMainChange - line startX: 313.73617021276596 startY: 742.5404255319149 endX: 680.8510638297872 endY: 726.2
2025-05-12 13:15:07 INFO  c.r.r.m.I.D.CanvasMainChange - ellipse centerX: 313.73617021276596 centerY: 742.5404255319149 radiusX: 8.0 radiusY: 8.0
2025-05-12 13:15:07 INFO  c.r.r.m.I.D.CanvasMainChange - ellipse centerX: 680.8510638297872 centerY: 726.2 radiusX: 8.0 radiusY: 8.0
2025-05-12 13:15:19 INFO  c.r.r.s.study.StudyMainController - saving for export...
2025-05-12 13:15:19 INFO  c.r.r.m.I.D.CanvasMainChange - line startX: 313.73617021276596 startY: 742.5404255319149 endX: 680.8510638297872 endY: 726.2
2025-05-12 13:15:19 INFO  c.r.r.m.I.D.CanvasMainChange - ellipse centerX: 313.73617021276596 centerY: 742.5404255319149 radiusX: 8.0 radiusY: 8.0
2025-05-12 13:15:19 INFO  c.r.r.m.I.D.CanvasMainChange - ellipse centerX: 680.8510638297872 centerY: 726.2 radiusX: 8.0 radiusY: 8.0
2025-05-12 13:15:20 INFO  c.r.rxviewui.controller.ExportWindow - initialized
2025-05-12 13:15:20 INFO  c.r.r.m.I.D.CanvasMainChange - line startX: 313.73617021276596 startY: 742.5404255319149 endX: 680.8510638297872 endY: 726.2
2025-05-12 13:15:20 INFO  c.r.r.m.I.D.CanvasMainChange - ellipse centerX: 313.73617021276596 centerY: 742.5404255319149 radiusX: 8.0 radiusY: 8.0
2025-05-12 13:15:20 INFO  c.r.r.m.I.D.CanvasMainChange - ellipse centerX: 680.8510638297872 centerY: 726.2 radiusX: 8.0 radiusY: 8.0
2025-05-12 13:15:20 INFO  c.r.r.m.I.D.CanvasMainChange - line startX: 313.73617021276596 startY: 742.5404255319149 endX: 680.8510638297872 endY: 726.2
2025-05-12 13:15:20 INFO  c.r.r.m.I.D.CanvasMainChange - ellipse centerX: 313.73617021276596 centerY: 742.5404255319149 radiusX: 8.0 radiusY: 8.0
2025-05-12 13:15:20 INFO  c.r.r.m.I.D.CanvasMainChange - ellipse centerX: 680.8510638297872 centerY: 726.2 radiusX: 8.0 radiusY: 8.0
2025-05-12 13:15:24 INFO  c.r.r.m.I.D.CanvasMainChange - line startX: 313.73617021276596 startY: 742.5404255319149 endX: 680.8510638297872 endY: 726.2
2025-05-12 13:15:24 INFO  c.r.r.m.I.D.CanvasMainChange - ellipse centerX: 313.73617021276596 centerY: 742.5404255319149 radiusX: 8.0 radiusY: 8.0
2025-05-12 13:15:24 INFO  c.r.r.m.I.D.CanvasMainChange - ellipse centerX: 680.8510638297872 centerY: 726.2 radiusX: 8.0 radiusY: 8.0
2025-05-12 13:15:24 INFO  c.r.r.m.I.D.CanvasMainChange - line startX: 313.73617021276596 startY: 742.5404255319149 endX: 680.8510638297872 endY: 726.2
2025-05-12 13:15:24 INFO  c.r.r.m.I.D.CanvasMainChange - ellipse centerX: 313.73617021276596 centerY: 742.5404255319149 radiusX: 8.0 radiusY: 8.0
2025-05-12 13:15:24 INFO  c.r.r.m.I.D.CanvasMainChange - ellipse centerX: 680.8510638297872 centerY: 726.2 radiusX: 8.0 radiusY: 8.0
2025-05-12 13:15:24 INFO  c.r.rxviewui.controller.ExportStudy - 3052.0 : 2497.6328125
2025-05-12 13:15:24 INFO  c.r.rxviewui.controller.ExportStudy - after last redraw
