2025-07-17 11:47:33 INFO  c.r.r.s.study.StudyMainController - Console is ON
2025-07-17 11:47:36 INFO  c.r.rxviewui.controller.LoginPage - logged In
2025-07-17 11:47:37 INFO  c.r.r.service.login.LoginController - 192.168.12.10
2025-07-17 11:47:37 INFO  c.r.r.service.login.LoginController - No Wi-Fi interface found or no IPv4 address assigned.
2025-07-17 11:47:40 INFO  c.r.r.s.study.StudyMainController - Setting console values for body part: Chest
2025-07-17 11:47:40 INFO  c.r.r.m.s.SerialPortManager - Setting Xray Console - kv: 70.0, ma: 80, mas: 4.0
2025-07-17 11:47:40 INFO  c.r.r.m.s.SerialPortManager - setMa kv1: 70.0, ma1: 80.0
2025-07-17 11:47:40 INFO  c.r.r.m.s.SerialPortManager - x: 175
2025-07-17 11:47:40 INFO  c.r.r.m.s.SerialPortManager - Current Sent: 80.0
2025-07-17 11:47:40 INFO  c.r.r.m.s.SerialPortManager - Calibration Val: 8.32
2025-07-17 11:47:40 INFO  c.r.r.m.s.SerialPortManager - Calibration Val: 8.49
2025-07-17 11:47:40 INFO  c.r.r.m.s.SerialPortManager - Calibration Val: 8.29
2025-07-17 11:47:40 INFO  c.r.r.m.s.SerialPortManager - Calibration Val: 8.49
2025-07-17 11:47:40 INFO  c.r.r.m.s.SerialPortManager - filamentCurrent: 8.32
2025-07-17 11:47:40 INFO  c.r.r.m.s.SerialPortManager - KV Sent : 70.0
2025-07-17 11:47:40 INFO  c.r.r.m.s.SerialPortManager - Calibration Val: 8.32
2025-07-17 11:47:40 INFO  c.r.r.m.s.SerialPortManager - Calibration Val: 8.49
2025-07-17 11:47:40 INFO  c.r.r.m.s.SerialPortManager - Calibration Val: 8.29
2025-07-17 11:47:40 INFO  c.r.s.r.TriggerCommandRxOld - Serial port is not open.
2025-07-17 11:47:40 INFO  c.r.r.m.s.SerialPortManager - Calibration Val: 8.49
2025-07-17 11:47:40 INFO  c.r.r.m.s.SerialPortManager - In short sending KV: 208
2025-07-17 11:47:40 INFO  c.r.r.m.s.SerialPortManager - In byte sending KV: -48
2025-07-17 11:47:40 INFO  c.r.r.m.s.SerialPortManager - setExposureTime 0.05
2025-07-17 11:47:40 INFO  c.r.r.m.s.SerialPortManager - Exposure Time Sent - 50
2025-07-17 11:47:40 INFO  c.r.s.r.TriggerCommandRxOld - Setting KV to: -48
2025-07-17 11:47:40 INFO  c.r.s.r.TriggerCommandRxOld - Serial port is not open.
2025-07-17 11:47:40 INFO  c.r.s.r.TriggerCommandRxOld - Setting Exposure Time to: 50 0 and G
2025-07-17 11:47:40 INFO  c.r.s.r.TriggerCommandRxOld - Serial port is not open.
2025-07-17 11:47:42 INFO  c.r.r.service.study.StudyService - current bodyPart chest AP
2025-07-17 11:47:42 INFO  c.r.r.s.preProcessing.PreProcess - Processing body part: chest
2025-07-17 11:47:42 INFO  c.r.r.s.preProcessing.PreProcess - Mat is 16-bit unsigned
2025-07-17 11:47:45 INFO  c.r.r.service.study.StudyService - Image received Found in FPD
2025-07-17 11:47:45 INFO  c.r.r.service.study.StudyService - org : CV_16UC1
2025-07-17 11:47:45 INFO  c.r.r.service.study.StudyService - study mat.rows() * width : 1024 1024.0
2025-07-17 11:47:45 INFO  c.r.r.service.study.StudyService - study DynamicCanvasElementsResize values set with multiple: 1.0
2025-07-17 11:47:45 INFO  c.r.r.service.study.StudyService - study Line Width: 2.0, Ellipse Radius X: 8.0, Ellipse Radius Y: 8.0, Label Font Size: 14.0, Rect Width: 90.0, Rect Height: 30.0, Custom Font Icon Size: 200.0
2025-07-17 11:47:45 INFO  c.r.r.m.I.D.CanvasMainChange - cropRect : {0, 0, 838x1024}
2025-07-17 11:47:45 INFO  c.r.r.m.I.D.CanvasMainChange - after cropRect : {0, 0, 838x1024}
2025-07-17 11:47:45 INFO  c.r.r.m.I.D.CanvasMainChange - displayImage : 838.0x1024.0
2025-07-17 11:47:45 INFO  c.r.r.m.I.D.CanvasMainChange - cropRect : {0, 0, 838x1024}
2025-07-17 11:47:45 INFO  c.r.r.m.I.D.CanvasMainChange - after cropRect : {0, 0, 838x1024}
2025-07-17 11:47:45 INFO  c.r.r.m.I.D.CanvasMainChange - displayImage : 838.0x1024.0
2025-07-17 11:47:45 INFO  c.r.r.m.I.D.MainDrawTool - ImagingParams is null
2025-07-17 11:47:45 INFO  c.r.r.m.I.D.MainDrawTool - StepEntity is null, no params to apply
2025-07-17 11:47:52 INFO  c.r.r.s.s.ProcessingToolsController - Slider moved: oldVal=0.0 newVal=-0.554016620498615
2025-07-17 11:47:52 INFO  c.r.r.s.study.ProcessingToolsService - slider value changed: -0.554016620498615
2025-07-17 11:47:52 INFO  c.r.r.s.study.ProcessingToolsService - Processing Brightness Slider with value: -1
2025-07-17 11:47:52 INFO  c.r.r.m.I.D.MainDrawTool - frame type CV_16UC1
2025-07-17 11:47:52 INFO  c.r.r.m.I.D.MainDrawTool - Brightness and Contrast -257.0 1.0
2025-07-17 11:47:52 INFO  c.r.r.m.I.D.CanvasMainChange - cropRect : {0, 0, 838x1024}
2025-07-17 11:47:52 INFO  c.r.r.m.I.D.CanvasMainChange - after cropRect : {0, 0, 838x1024}
2025-07-17 11:47:52 INFO  c.r.r.m.I.D.CanvasMainChange - displayImage : 838.0x1024.0
2025-07-17 11:47:52 INFO  c.r.r.s.s.ProcessingToolsController - Slider moved: oldVal=-0.554016620498615 newVal=-5.54016620498615
2025-07-17 11:47:52 INFO  c.r.r.s.study.ProcessingToolsService - slider value changed: -5.54016620498615
2025-07-17 11:47:52 INFO  c.r.r.s.study.ProcessingToolsService - Processing Brightness Slider with value: -6
2025-07-17 11:47:52 INFO  c.r.r.m.I.D.MainDrawTool - frame type CV_16UC1
2025-07-17 11:47:52 INFO  c.r.r.m.I.D.MainDrawTool - Brightness and Contrast -1542.0 1.0
2025-07-17 11:47:52 INFO  c.r.r.m.I.D.CanvasMainChange - cropRect : {0, 0, 838x1024}
2025-07-17 11:47:52 INFO  c.r.r.m.I.D.CanvasMainChange - after cropRect : {0, 0, 838x1024}
2025-07-17 11:47:52 INFO  c.r.r.m.I.D.CanvasMainChange - displayImage : 838.0x1024.0
2025-07-17 11:47:52 INFO  c.r.r.s.s.ProcessingToolsController - Slider moved: oldVal=-5.54016620498615 newVal=-6.64819944598338
2025-07-17 11:47:52 INFO  c.r.r.s.study.ProcessingToolsService - slider value changed: -6.64819944598338
2025-07-17 11:47:52 INFO  c.r.r.s.study.ProcessingToolsService - Processing Brightness Slider with value: -7
2025-07-17 11:47:52 INFO  c.r.r.m.I.D.MainDrawTool - frame type CV_16UC1
2025-07-17 11:47:52 INFO  c.r.r.m.I.D.MainDrawTool - Brightness and Contrast -1799.0 1.0
2025-07-17 11:47:52 INFO  c.r.r.m.I.D.CanvasMainChange - cropRect : {0, 0, 838x1024}
2025-07-17 11:47:52 INFO  c.r.r.m.I.D.CanvasMainChange - after cropRect : {0, 0, 838x1024}
2025-07-17 11:47:52 INFO  c.r.r.m.I.D.CanvasMainChange - displayImage : 838.0x1024.0
2025-07-17 11:47:52 INFO  c.r.r.s.s.ProcessingToolsController - Slider moved: oldVal=-6.64819944598338 newVal=-7.75623268698061
2025-07-17 11:47:52 INFO  c.r.r.s.study.ProcessingToolsService - slider value changed: -7.75623268698061
2025-07-17 11:47:52 INFO  c.r.r.s.study.ProcessingToolsService - Processing Brightness Slider with value: -8
2025-07-17 11:47:52 INFO  c.r.r.m.I.D.MainDrawTool - frame type CV_16UC1
2025-07-17 11:47:52 INFO  c.r.r.m.I.D.MainDrawTool - Brightness and Contrast -2056.0 1.0
2025-07-17 11:47:52 INFO  c.r.r.m.I.D.CanvasMainChange - cropRect : {0, 0, 838x1024}
2025-07-17 11:47:52 INFO  c.r.r.m.I.D.CanvasMainChange - after cropRect : {0, 0, 838x1024}
2025-07-17 11:47:52 INFO  c.r.r.m.I.D.CanvasMainChange - displayImage : 838.0x1024.0
2025-07-17 11:47:52 INFO  c.r.r.s.s.ProcessingToolsController - Slider moved: oldVal=-7.75623268698061 newVal=-10.526315789473685
2025-07-17 11:47:52 INFO  c.r.r.s.study.ProcessingToolsService - slider value changed: -10.526315789473685
2025-07-17 11:47:52 INFO  c.r.r.s.study.ProcessingToolsService - Processing Brightness Slider with value: -11
2025-07-17 11:47:52 INFO  c.r.r.m.I.D.MainDrawTool - frame type CV_16UC1
2025-07-17 11:47:52 INFO  c.r.r.m.I.D.MainDrawTool - Brightness and Contrast -2827.0 1.0
2025-07-17 11:47:52 INFO  c.r.r.m.I.D.CanvasMainChange - cropRect : {0, 0, 838x1024}
2025-07-17 11:47:52 INFO  c.r.r.m.I.D.CanvasMainChange - after cropRect : {0, 0, 838x1024}
2025-07-17 11:47:52 INFO  c.r.r.m.I.D.CanvasMainChange - displayImage : 838.0x1024.0
2025-07-17 11:47:52 INFO  c.r.r.s.s.ProcessingToolsController - Slider released at value: -10.526315789473685
2025-07-17 11:47:52 INFO  c.r.r.s.study.ProcessingToolsService - slider value changed: -10.526315789473685
2025-07-17 11:47:52 INFO  c.r.r.s.study.ProcessingToolsService - Processing Brightness Slider with value: -11
2025-07-17 11:47:52 INFO  c.r.r.m.I.D.MainDrawTool - frame type CV_16UC1
2025-07-17 11:47:52 INFO  c.r.r.m.I.D.MainDrawTool - Brightness and Contrast -2827.0 1.0
2025-07-17 11:47:52 INFO  c.r.r.m.I.D.CanvasMainChange - cropRect : {0, 0, 838x1024}
2025-07-17 11:47:52 INFO  c.r.r.m.I.D.CanvasMainChange - after cropRect : {0, 0, 838x1024}
2025-07-17 11:47:52 INFO  c.r.r.m.I.D.CanvasMainChange - displayImage : 838.0x1024.0
2025-07-17 11:47:52 INFO  c.r.r.s.s.ProcessingToolsController - Slider moved: oldVal=-10.526315789473685 newVal=-11.0
2025-07-17 11:47:52 INFO  c.r.r.s.study.ProcessingToolsService - slider value changed: -11.0
2025-07-17 11:47:52 INFO  c.r.r.s.study.ProcessingToolsService - Processing Brightness Slider with value: -11
2025-07-17 11:47:52 INFO  c.r.r.m.I.D.MainDrawTool - frame type CV_16UC1
2025-07-17 11:47:52 INFO  c.r.r.m.I.D.MainDrawTool - Brightness and Contrast -2827.0 1.0
2025-07-17 11:47:52 INFO  c.r.r.m.I.D.CanvasMainChange - cropRect : {0, 0, 838x1024}
2025-07-17 11:47:52 INFO  c.r.r.m.I.D.CanvasMainChange - after cropRect : {0, 0, 838x1024}
2025-07-17 11:47:52 INFO  c.r.r.m.I.D.CanvasMainChange - displayImage : 838.0x1024.0
2025-07-17 11:48:10 INFO  c.r.r.s.s.ProcessingToolsController - Slider moved: oldVal=-11.0 newVal=-12.10803324099723
2025-07-17 11:48:10 INFO  c.r.r.s.study.ProcessingToolsService - slider value changed: -12.10803324099723
2025-07-17 11:48:10 INFO  c.r.r.s.study.ProcessingToolsService - Processing Brightness Slider with value: -12
2025-07-17 11:48:10 INFO  c.r.r.m.I.D.MainDrawTool - frame type CV_16UC1
2025-07-17 11:48:10 INFO  c.r.r.m.I.D.MainDrawTool - Brightness and Contrast -3084.0 1.0
2025-07-17 11:48:10 INFO  c.r.r.m.I.D.CanvasMainChange - cropRect : {0, 0, 838x1024}
2025-07-17 11:48:10 INFO  c.r.r.m.I.D.CanvasMainChange - after cropRect : {0, 0, 838x1024}
2025-07-17 11:48:10 INFO  c.r.r.m.I.D.CanvasMainChange - displayImage : 838.0x1024.0
2025-07-17 11:48:10 INFO  c.r.r.s.s.ProcessingToolsController - Slider moved: oldVal=-12.10803324099723 newVal=-18.75623268698061
2025-07-17 11:48:10 INFO  c.r.r.s.study.ProcessingToolsService - slider value changed: -18.75623268698061
2025-07-17 11:48:10 INFO  c.r.r.s.study.ProcessingToolsService - Processing Brightness Slider with value: -19
2025-07-17 11:48:10 INFO  c.r.r.m.I.D.MainDrawTool - frame type CV_16UC1
2025-07-17 11:48:10 INFO  c.r.r.m.I.D.MainDrawTool - Brightness and Contrast -4883.0 1.0
2025-07-17 11:48:10 INFO  c.r.r.m.I.D.CanvasMainChange - cropRect : {0, 0, 838x1024}
2025-07-17 11:48:10 INFO  c.r.r.m.I.D.CanvasMainChange - after cropRect : {0, 0, 838x1024}
2025-07-17 11:48:10 INFO  c.r.r.m.I.D.CanvasMainChange - displayImage : 838.0x1024.0
2025-07-17 11:48:10 INFO  c.r.r.s.s.ProcessingToolsController - Slider moved: oldVal=-18.75623268698061 newVal=-22.634349030470915
2025-07-17 11:48:10 INFO  c.r.r.s.study.ProcessingToolsService - slider value changed: -22.634349030470915
2025-07-17 11:48:10 INFO  c.r.r.s.study.ProcessingToolsService - Processing Brightness Slider with value: -23
2025-07-17 11:48:10 INFO  c.r.r.m.I.D.MainDrawTool - frame type CV_16UC1
2025-07-17 11:48:10 INFO  c.r.r.m.I.D.MainDrawTool - Brightness and Contrast -5911.0 1.0
2025-07-17 11:48:10 INFO  c.r.r.m.I.D.CanvasMainChange - cropRect : {0, 0, 838x1024}
2025-07-17 11:48:10 INFO  c.r.r.m.I.D.CanvasMainChange - after cropRect : {0, 0, 838x1024}
2025-07-17 11:48:10 INFO  c.r.r.m.I.D.CanvasMainChange - displayImage : 838.0x1024.0
2025-07-17 11:48:10 INFO  c.r.r.s.s.ProcessingToolsController - Slider moved: oldVal=-22.634349030470915 newVal=-32.606648199445985
2025-07-17 11:48:10 INFO  c.r.r.s.study.ProcessingToolsService - slider value changed: -32.606648199445985
2025-07-17 11:48:10 INFO  c.r.r.s.study.ProcessingToolsService - Processing Brightness Slider with value: -33
2025-07-17 11:48:10 INFO  c.r.r.m.I.D.MainDrawTool - frame type CV_16UC1
2025-07-17 11:48:10 INFO  c.r.r.m.I.D.MainDrawTool - Brightness and Contrast -8481.0 1.0
2025-07-17 11:48:10 INFO  c.r.r.m.I.D.CanvasMainChange - cropRect : {0, 0, 838x1024}
2025-07-17 11:48:10 INFO  c.r.r.m.I.D.CanvasMainChange - after cropRect : {0, 0, 838x1024}
2025-07-17 11:48:10 INFO  c.r.r.m.I.D.CanvasMainChange - displayImage : 838.0x1024.0
2025-07-17 11:48:10 INFO  c.r.r.s.s.ProcessingToolsController - Slider moved: oldVal=-32.606648199445985 newVal=-43.68698060941828
2025-07-17 11:48:10 INFO  c.r.r.s.study.ProcessingToolsService - slider value changed: -43.68698060941828
2025-07-17 11:48:10 INFO  c.r.r.s.study.ProcessingToolsService - Processing Brightness Slider with value: -44
2025-07-17 11:48:10 INFO  c.r.r.m.I.D.MainDrawTool - frame type CV_16UC1
2025-07-17 11:48:10 INFO  c.r.r.m.I.D.MainDrawTool - Brightness and Contrast -11308.0 1.0
2025-07-17 11:48:10 INFO  c.r.r.m.I.D.CanvasMainChange - cropRect : {0, 0, 838x1024}
2025-07-17 11:48:10 INFO  c.r.r.m.I.D.CanvasMainChange - after cropRect : {0, 0, 838x1024}
2025-07-17 11:48:10 INFO  c.r.r.m.I.D.CanvasMainChange - displayImage : 838.0x1024.0
2025-07-17 11:48:11 INFO  c.r.r.s.s.ProcessingToolsController - Slider moved: oldVal=-43.68698060941828 newVal=-44.2409972299169
2025-07-17 11:48:11 INFO  c.r.r.s.study.ProcessingToolsService - slider value changed: -44.2409972299169
2025-07-17 11:48:11 INFO  c.r.r.s.study.ProcessingToolsService - Processing Brightness Slider with value: -44
2025-07-17 11:48:11 INFO  c.r.r.m.I.D.MainDrawTool - frame type CV_16UC1
2025-07-17 11:48:11 INFO  c.r.r.m.I.D.MainDrawTool - Brightness and Contrast -11308.0 1.0
2025-07-17 11:48:11 INFO  c.r.r.m.I.D.CanvasMainChange - cropRect : {0, 0, 838x1024}
2025-07-17 11:48:11 INFO  c.r.r.m.I.D.CanvasMainChange - after cropRect : {0, 0, 838x1024}
2025-07-17 11:48:11 INFO  c.r.r.m.I.D.CanvasMainChange - displayImage : 838.0x1024.0
2025-07-17 11:48:11 INFO  c.r.r.s.s.ProcessingToolsController - Slider moved: oldVal=-44.2409972299169 newVal=-45.34903047091412
2025-07-17 11:48:11 INFO  c.r.r.s.study.ProcessingToolsService - slider value changed: -45.34903047091412
2025-07-17 11:48:11 INFO  c.r.r.s.study.ProcessingToolsService - Processing Brightness Slider with value: -45
2025-07-17 11:48:11 INFO  c.r.r.m.I.D.MainDrawTool - frame type CV_16UC1
2025-07-17 11:48:11 INFO  c.r.r.m.I.D.MainDrawTool - Brightness and Contrast -11565.0 1.0
2025-07-17 11:48:11 INFO  c.r.r.m.I.D.CanvasMainChange - cropRect : {0, 0, 838x1024}
2025-07-17 11:48:11 INFO  c.r.r.m.I.D.CanvasMainChange - after cropRect : {0, 0, 838x1024}
2025-07-17 11:48:11 INFO  c.r.r.m.I.D.CanvasMainChange - displayImage : 838.0x1024.0
2025-07-17 11:48:16 INFO  c.r.r.s.s.ProcessingToolsController - Slider moved: oldVal=-45.34903047091412 newVal=-45.90304709141274
2025-07-17 11:48:16 INFO  c.r.r.s.study.ProcessingToolsService - slider value changed: -45.90304709141274
2025-07-17 11:48:16 INFO  c.r.r.s.study.ProcessingToolsService - Processing Brightness Slider with value: -46
2025-07-17 11:48:16 INFO  c.r.r.m.I.D.MainDrawTool - frame type CV_16UC1
2025-07-17 11:48:16 INFO  c.r.r.m.I.D.MainDrawTool - Brightness and Contrast -11822.0 1.0
2025-07-17 11:48:16 INFO  c.r.r.m.I.D.CanvasMainChange - cropRect : {0, 0, 838x1024}
2025-07-17 11:48:16 INFO  c.r.r.m.I.D.CanvasMainChange - after cropRect : {0, 0, 838x1024}
2025-07-17 11:48:16 INFO  c.r.r.m.I.D.CanvasMainChange - displayImage : 838.0x1024.0
2025-07-17 11:48:16 INFO  c.r.r.s.s.ProcessingToolsController - Slider moved: oldVal=-45.90304709141274 newVal=-51.443213296398895
2025-07-17 11:48:16 INFO  c.r.r.s.study.ProcessingToolsService - slider value changed: -51.443213296398895
2025-07-17 11:48:16 INFO  c.r.r.s.study.ProcessingToolsService - Processing Brightness Slider with value: -51
2025-07-17 11:48:16 INFO  c.r.r.m.I.D.MainDrawTool - frame type CV_16UC1
2025-07-17 11:48:16 INFO  c.r.r.m.I.D.MainDrawTool - Brightness and Contrast -13107.0 1.0
2025-07-17 11:48:17 INFO  c.r.r.m.I.D.CanvasMainChange - cropRect : {0, 0, 838x1024}
2025-07-17 11:48:17 INFO  c.r.r.m.I.D.CanvasMainChange - after cropRect : {0, 0, 838x1024}
2025-07-17 11:48:17 INFO  c.r.r.m.I.D.CanvasMainChange - displayImage : 838.0x1024.0
2025-07-17 11:48:17 INFO  c.r.r.s.s.ProcessingToolsController - Slider moved: oldVal=-51.443213296398895 newVal=-56.42936288088642
2025-07-17 11:48:17 INFO  c.r.r.s.study.ProcessingToolsService - slider value changed: -56.42936288088642
2025-07-17 11:48:17 INFO  c.r.r.s.study.ProcessingToolsService - Processing Brightness Slider with value: -56
2025-07-17 11:48:17 INFO  c.r.r.m.I.D.MainDrawTool - frame type CV_16UC1
2025-07-17 11:48:17 INFO  c.r.r.m.I.D.MainDrawTool - Brightness and Contrast -14392.0 1.0
2025-07-17 11:48:17 INFO  c.r.r.m.I.D.CanvasMainChange - cropRect : {0, 0, 838x1024}
2025-07-17 11:48:17 INFO  c.r.r.m.I.D.CanvasMainChange - after cropRect : {0, 0, 838x1024}
2025-07-17 11:48:17 INFO  c.r.r.m.I.D.CanvasMainChange - displayImage : 838.0x1024.0
2025-07-17 11:48:17 INFO  c.r.r.s.s.ProcessingToolsController - Slider moved: oldVal=-56.42936288088642 newVal=-57.53739612188365
2025-07-17 11:48:17 INFO  c.r.r.s.study.ProcessingToolsService - slider value changed: -57.53739612188365
2025-07-17 11:48:17 INFO  c.r.r.s.study.ProcessingToolsService - Processing Brightness Slider with value: -58
2025-07-17 11:48:17 INFO  c.r.r.m.I.D.MainDrawTool - frame type CV_16UC1
2025-07-17 11:48:17 INFO  c.r.r.m.I.D.MainDrawTool - Brightness and Contrast -14906.0 1.0
2025-07-17 11:48:17 INFO  c.r.r.m.I.D.CanvasMainChange - cropRect : {0, 0, 838x1024}
2025-07-17 11:48:17 INFO  c.r.r.m.I.D.CanvasMainChange - after cropRect : {0, 0, 838x1024}
2025-07-17 11:48:17 INFO  c.r.r.m.I.D.CanvasMainChange - displayImage : 838.0x1024.0
2025-07-17 11:48:17 INFO  c.r.r.s.s.ProcessingToolsController - Slider moved: oldVal=-57.53739612188365 newVal=-59.75346260387811
2025-07-17 11:48:17 INFO  c.r.r.s.study.ProcessingToolsService - slider value changed: -59.75346260387811
2025-07-17 11:48:17 INFO  c.r.r.s.study.ProcessingToolsService - Processing Brightness Slider with value: -60
2025-07-17 11:48:17 INFO  c.r.r.m.I.D.MainDrawTool - frame type CV_16UC1
2025-07-17 11:48:17 INFO  c.r.r.m.I.D.MainDrawTool - Brightness and Contrast -15420.0 1.0
2025-07-17 11:48:17 INFO  c.r.r.m.I.D.CanvasMainChange - cropRect : {0, 0, 838x1024}
2025-07-17 11:48:17 INFO  c.r.r.m.I.D.CanvasMainChange - after cropRect : {0, 0, 838x1024}
2025-07-17 11:48:17 INFO  c.r.r.m.I.D.CanvasMainChange - displayImage : 838.0x1024.0
2025-07-17 11:48:17 INFO  c.r.r.s.s.ProcessingToolsController - Slider moved: oldVal=-59.75346260387811 newVal=-61.41551246537396
2025-07-17 11:48:17 INFO  c.r.r.s.study.ProcessingToolsService - slider value changed: -61.41551246537396
2025-07-17 11:48:17 INFO  c.r.r.s.study.ProcessingToolsService - Processing Brightness Slider with value: -61
2025-07-17 11:48:17 INFO  c.r.r.m.I.D.MainDrawTool - frame type CV_16UC1
2025-07-17 11:48:17 INFO  c.r.r.m.I.D.MainDrawTool - Brightness and Contrast -15677.0 1.0
2025-07-17 11:48:17 INFO  c.r.r.m.I.D.CanvasMainChange - cropRect : {0, 0, 838x1024}
2025-07-17 11:48:17 INFO  c.r.r.m.I.D.CanvasMainChange - after cropRect : {0, 0, 838x1024}
2025-07-17 11:48:17 INFO  c.r.r.m.I.D.CanvasMainChange - displayImage : 838.0x1024.0
2025-07-17 11:48:18 INFO  c.r.r.s.s.ProcessingToolsController - Slider moved: oldVal=-61.41551246537396 newVal=-60.86149584487535
2025-07-17 11:48:18 INFO  c.r.r.s.study.ProcessingToolsService - slider value changed: -60.86149584487535
2025-07-17 11:48:18 INFO  c.r.r.s.study.ProcessingToolsService - Processing Brightness Slider with value: -61
2025-07-17 11:48:18 INFO  c.r.r.m.I.D.MainDrawTool - frame type CV_16UC1
2025-07-17 11:48:18 INFO  c.r.r.m.I.D.MainDrawTool - Brightness and Contrast -15677.0 1.0
2025-07-17 11:48:18 INFO  c.r.r.m.I.D.CanvasMainChange - cropRect : {0, 0, 838x1024}
2025-07-17 11:48:18 INFO  c.r.r.m.I.D.CanvasMainChange - after cropRect : {0, 0, 838x1024}
2025-07-17 11:48:18 INFO  c.r.r.m.I.D.CanvasMainChange - displayImage : 838.0x1024.0
2025-07-17 11:48:18 INFO  c.r.r.s.s.ProcessingToolsController - Slider moved: oldVal=-60.86149584487535 newVal=-35.37673130193906
2025-07-17 11:48:18 INFO  c.r.r.s.study.ProcessingToolsService - slider value changed: -35.37673130193906
2025-07-17 11:48:18 INFO  c.r.r.s.study.ProcessingToolsService - Processing Brightness Slider with value: -35
2025-07-17 11:48:18 INFO  c.r.r.m.I.D.MainDrawTool - frame type CV_16UC1
2025-07-17 11:48:18 INFO  c.r.r.m.I.D.MainDrawTool - Brightness and Contrast -8995.0 1.0
2025-07-17 11:48:19 INFO  c.r.r.m.I.D.CanvasMainChange - cropRect : {0, 0, 838x1024}
2025-07-17 11:48:19 INFO  c.r.r.m.I.D.CanvasMainChange - after cropRect : {0, 0, 838x1024}
2025-07-17 11:48:19 INFO  c.r.r.m.I.D.CanvasMainChange - displayImage : 838.0x1024.0
2025-07-17 11:48:19 INFO  c.r.r.s.s.ProcessingToolsController - Slider moved: oldVal=-35.37673130193906 newVal=-19.86426592797784
2025-07-17 11:48:19 INFO  c.r.r.s.study.ProcessingToolsService - slider value changed: -19.86426592797784
2025-07-17 11:48:19 INFO  c.r.r.s.study.ProcessingToolsService - Processing Brightness Slider with value: -20
2025-07-17 11:48:19 INFO  c.r.r.m.I.D.MainDrawTool - frame type CV_16UC1
2025-07-17 11:48:19 INFO  c.r.r.m.I.D.MainDrawTool - Brightness and Contrast -5140.0 1.0
2025-07-17 11:48:19 INFO  c.r.r.m.I.D.CanvasMainChange - cropRect : {0, 0, 838x1024}
2025-07-17 11:48:19 INFO  c.r.r.m.I.D.CanvasMainChange - after cropRect : {0, 0, 838x1024}
2025-07-17 11:48:19 INFO  c.r.r.m.I.D.CanvasMainChange - displayImage : 838.0x1024.0
2025-07-17 11:48:19 INFO  c.r.r.s.s.ProcessingToolsController - Slider moved: oldVal=-19.86426592797784 newVal=-13.21606648199446
2025-07-17 11:48:19 INFO  c.r.r.s.study.ProcessingToolsService - slider value changed: -13.21606648199446
2025-07-17 11:48:19 INFO  c.r.r.s.study.ProcessingToolsService - Processing Brightness Slider with value: -13
2025-07-17 11:48:19 INFO  c.r.r.m.I.D.MainDrawTool - frame type CV_16UC1
2025-07-17 11:48:19 INFO  c.r.r.m.I.D.MainDrawTool - Brightness and Contrast -3341.0 1.0
2025-07-17 11:48:19 INFO  c.r.r.m.I.D.CanvasMainChange - cropRect : {0, 0, 838x1024}
2025-07-17 11:48:19 INFO  c.r.r.m.I.D.CanvasMainChange - after cropRect : {0, 0, 838x1024}
2025-07-17 11:48:19 INFO  c.r.r.m.I.D.CanvasMainChange - displayImage : 838.0x1024.0
2025-07-17 11:48:19 INFO  c.r.r.s.s.ProcessingToolsController - Slider moved: oldVal=-13.21606648199446 newVal=-4.905817174515235
2025-07-17 11:48:19 INFO  c.r.r.s.study.ProcessingToolsService - slider value changed: -4.905817174515235
2025-07-17 11:48:19 INFO  c.r.r.s.study.ProcessingToolsService - Processing Brightness Slider with value: -5
2025-07-17 11:48:19 INFO  c.r.r.m.I.D.MainDrawTool - frame type CV_16UC1
2025-07-17 11:48:19 INFO  c.r.r.m.I.D.MainDrawTool - Brightness and Contrast -1285.0 1.0
2025-07-17 11:48:19 INFO  c.r.r.m.I.D.CanvasMainChange - cropRect : {0, 0, 838x1024}
2025-07-17 11:48:19 INFO  c.r.r.m.I.D.CanvasMainChange - after cropRect : {0, 0, 838x1024}
2025-07-17 11:48:19 INFO  c.r.r.m.I.D.CanvasMainChange - displayImage : 838.0x1024.0
2025-07-17 11:48:19 INFO  c.r.r.s.s.ProcessingToolsController - Slider moved: oldVal=-4.905817174515235 newVal=-1.02770083102493
2025-07-17 11:48:19 INFO  c.r.r.s.study.ProcessingToolsService - slider value changed: -1.02770083102493
2025-07-17 11:48:19 INFO  c.r.r.s.study.ProcessingToolsService - Processing Brightness Slider with value: -1
2025-07-17 11:48:19 INFO  c.r.r.m.I.D.MainDrawTool - frame type CV_16UC1
2025-07-17 11:48:19 INFO  c.r.r.m.I.D.MainDrawTool - Brightness and Contrast -257.0 1.0
2025-07-17 11:48:19 INFO  c.r.r.m.I.D.CanvasMainChange - cropRect : {0, 0, 838x1024}
2025-07-17 11:48:19 INFO  c.r.r.m.I.D.CanvasMainChange - after cropRect : {0, 0, 838x1024}
2025-07-17 11:48:19 INFO  c.r.r.m.I.D.CanvasMainChange - displayImage : 838.0x1024.0
2025-07-17 11:48:19 INFO  c.r.r.s.s.ProcessingToolsController - Slider moved: oldVal=-1.02770083102493 newVal=-0.47368421052631504
2025-07-17 11:48:19 INFO  c.r.r.s.study.ProcessingToolsService - slider value changed: -0.47368421052631504
2025-07-17 11:48:19 INFO  c.r.r.s.study.ProcessingToolsService - Processing Brightness Slider with value: 0
2025-07-17 11:48:19 INFO  c.r.r.m.I.D.MainDrawTool - frame type CV_16UC1
2025-07-17 11:48:19 INFO  c.r.r.m.I.D.MainDrawTool - Brightness and Contrast 0.0 1.0
2025-07-17 11:48:19 INFO  c.r.r.m.I.D.CanvasMainChange - cropRect : {0, 0, 838x1024}
2025-07-17 11:48:19 INFO  c.r.r.m.I.D.CanvasMainChange - after cropRect : {0, 0, 838x1024}
2025-07-17 11:48:19 INFO  c.r.r.m.I.D.CanvasMainChange - displayImage : 838.0x1024.0
2025-07-17 11:48:19 INFO  c.r.r.s.s.ProcessingToolsController - Slider moved: oldVal=-0.47368421052631504 newVal=0.08033240997229996
2025-07-17 11:48:19 INFO  c.r.r.s.s.ProcessingToolsController - Slider moved: oldVal=0.08033240997229996 newVal=0.08
2025-07-17 11:48:19 INFO  c.r.r.s.study.ProcessingToolsService - slider value changed: 0.08
2025-07-17 11:48:19 INFO  c.r.r.s.study.ProcessingToolsService - Processing Brightness Slider with value: 0
2025-07-17 11:48:19 INFO  c.r.r.m.I.D.MainDrawTool - frame type CV_16UC1
2025-07-17 11:48:19 INFO  c.r.r.m.I.D.MainDrawTool - Brightness and Contrast 0.0 1.0
2025-07-17 11:48:19 INFO  c.r.r.m.I.D.CanvasMainChange - cropRect : {0, 0, 838x1024}
2025-07-17 11:48:19 INFO  c.r.r.m.I.D.CanvasMainChange - after cropRect : {0, 0, 838x1024}
2025-07-17 11:48:19 INFO  c.r.r.m.I.D.CanvasMainChange - displayImage : 838.0x1024.0
2025-07-17 11:48:19 INFO  c.r.r.s.study.ProcessingToolsService - slider value changed: 0.08
2025-07-17 11:48:19 INFO  c.r.r.s.study.ProcessingToolsService - Processing Brightness Slider with value: 0
2025-07-17 11:48:19 INFO  c.r.r.m.I.D.MainDrawTool - frame type CV_16UC1
2025-07-17 11:48:19 INFO  c.r.r.m.I.D.MainDrawTool - Brightness and Contrast 0.0 1.0
2025-07-17 11:48:19 INFO  c.r.r.m.I.D.CanvasMainChange - cropRect : {0, 0, 838x1024}
2025-07-17 11:48:19 INFO  c.r.r.m.I.D.CanvasMainChange - after cropRect : {0, 0, 838x1024}
2025-07-17 11:48:19 INFO  c.r.r.m.I.D.CanvasMainChange - displayImage : 838.0x1024.0
2025-07-17 11:48:19 INFO  c.r.r.s.study.ProcessingToolsService - slider value changed: 0.08
2025-07-17 11:48:19 INFO  c.r.r.s.study.ProcessingToolsService - Processing Brightness Slider with value: 0
2025-07-17 11:48:19 INFO  c.r.r.m.I.D.MainDrawTool - frame type CV_16UC1
2025-07-17 11:48:19 INFO  c.r.r.m.I.D.MainDrawTool - Brightness and Contrast 0.0 1.0
2025-07-17 11:48:19 INFO  c.r.r.m.I.D.CanvasMainChange - cropRect : {0, 0, 838x1024}
2025-07-17 11:48:19 INFO  c.r.r.m.I.D.CanvasMainChange - after cropRect : {0, 0, 838x1024}
2025-07-17 11:48:19 INFO  c.r.r.m.I.D.CanvasMainChange - displayImage : 838.0x1024.0
2025-07-17 11:48:21 INFO  c.r.r.s.s.ProcessingToolsController - Slider released at value: 0.08
2025-07-17 11:48:21 INFO  c.r.r.s.study.ProcessingToolsService - slider value changed: 0.08
2025-07-17 11:48:21 INFO  c.r.r.s.study.ProcessingToolsService - Processing Brightness Slider with value: 0
2025-07-17 11:48:21 INFO  c.r.r.m.I.D.MainDrawTool - frame type CV_16UC1
2025-07-17 11:48:21 INFO  c.r.r.m.I.D.MainDrawTool - Brightness and Contrast 0.0 1.0
2025-07-17 11:48:21 INFO  c.r.r.m.I.D.CanvasMainChange - cropRect : {0, 0, 838x1024}
2025-07-17 11:48:21 INFO  c.r.r.m.I.D.CanvasMainChange - after cropRect : {0, 0, 838x1024}
2025-07-17 11:48:21 INFO  c.r.r.m.I.D.CanvasMainChange - displayImage : 838.0x1024.0
2025-07-17 11:48:21 INFO  c.r.r.s.s.ProcessingToolsController - Slider moved: oldVal=0.08 newVal=0.0
2025-07-17 11:48:21 INFO  c.r.r.s.study.ProcessingToolsService - slider value changed: 0.0
2025-07-17 11:48:21 INFO  c.r.r.s.study.ProcessingToolsService - Processing Brightness Slider with value: 0
2025-07-17 11:48:21 INFO  c.r.r.m.I.D.MainDrawTool - frame type CV_16UC1
2025-07-17 11:48:21 INFO  c.r.r.m.I.D.MainDrawTool - Brightness and Contrast 0.0 1.0
2025-07-17 11:48:21 INFO  c.r.r.m.I.D.CanvasMainChange - cropRect : {0, 0, 838x1024}
2025-07-17 11:48:21 INFO  c.r.r.m.I.D.CanvasMainChange - after cropRect : {0, 0, 838x1024}
2025-07-17 11:48:21 INFO  c.r.r.m.I.D.CanvasMainChange - displayImage : 838.0x1024.0
2025-07-17 11:48:21 INFO  c.r.r.s.study.ProcessingToolsService - slider value changed: 0.0
2025-07-17 11:48:21 INFO  c.r.r.s.study.ProcessingToolsService - Processing Brightness Slider with value: 0
2025-07-17 11:48:21 INFO  c.r.r.m.I.D.MainDrawTool - frame type CV_16UC1
2025-07-17 11:48:21 INFO  c.r.r.m.I.D.MainDrawTool - Brightness and Contrast 0.0 1.0
2025-07-17 11:48:21 INFO  c.r.r.m.I.D.CanvasMainChange - cropRect : {0, 0, 838x1024}
2025-07-17 11:48:21 INFO  c.r.r.m.I.D.CanvasMainChange - after cropRect : {0, 0, 838x1024}
2025-07-17 11:48:21 INFO  c.r.r.m.I.D.CanvasMainChange - displayImage : 838.0x1024.0
