2025-07-17 11:13:12 INFO  com.raymedis.rxviewui.service.study.StudyMainController - Console is ON
2025-07-17 11:13:21 INFO  com.raymedis.rxviewui.service.login.LoginController - username is 
2025-07-17 11:13:21 INFO  com.raymedis.rxviewui.service.login.LoginController - password is 
2025-07-17 11:13:21 INFO  com.raymedis.rxviewui.service.login.Authentication - User not found: 
2025-07-17 11:13:21 INFO  com.raymedis.rxviewui.service.login.LoginController - role is null
2025-07-17 11:13:53 INFO  com.raymedis.rxviewui.service.login.LoginController - username is 
2025-07-17 11:13:53 INFO  com.raymedis.rxviewui.service.login.LoginController - password is 
2025-07-17 11:13:53 INFO  com.raymedis.rxviewui.service.login.Authentication - User not found: 
2025-07-17 11:13:53 INFO  com.raymedis.rxviewui.service.login.LoginController - role is null
2025-07-17 11:14:01 INFO  c.r.r.s.study.StudyMainController - Console is ON
2025-07-17 11:14:04 INFO  c.r.rxviewui.controller.LoginPage - logged In
2025-07-17 11:14:04 INFO  c.r.r.service.login.LoginController - 192.168.12.10
2025-07-17 11:14:04 INFO  c.r.r.service.login.LoginController - No Wi-Fi interface found or no IPv4 address assigned.
2025-07-17 11:14:09 INFO  c.r.r.s.study.StudyMainController - Setting console values for body part: Chest
2025-07-17 11:14:09 INFO  c.r.r.m.s.SerialPortManager - Setting Xray Console - kv: 70.0, ma: 80, mas: 4.0
2025-07-17 11:14:09 INFO  c.r.r.m.s.SerialPortManager - setMa kv1: 70.0, ma1: 80.0
2025-07-17 11:14:09 INFO  c.r.r.m.s.SerialPortManager - x: 175
2025-07-17 11:14:09 INFO  c.r.r.m.s.SerialPortManager - Current Sent: 80.0
2025-07-17 11:14:09 INFO  c.r.r.m.s.SerialPortManager - Calibration Val: 8.32
2025-07-17 11:14:09 INFO  c.r.r.m.s.SerialPortManager - Calibration Val: 8.49
2025-07-17 11:14:09 INFO  c.r.r.m.s.SerialPortManager - Calibration Val: 8.29
2025-07-17 11:14:09 INFO  c.r.r.m.s.SerialPortManager - Calibration Val: 8.49
2025-07-17 11:14:09 INFO  c.r.r.m.s.SerialPortManager - filamentCurrent: 8.32
2025-07-17 11:14:09 INFO  c.r.r.m.s.SerialPortManager - KV Sent : 70.0
2025-07-17 11:14:09 INFO  c.r.r.m.s.SerialPortManager - Calibration Val: 8.32
2025-07-17 11:14:09 INFO  c.r.r.m.s.SerialPortManager - Calibration Val: 8.49
2025-07-17 11:14:09 INFO  c.r.r.m.s.SerialPortManager - Calibration Val: 8.29
2025-07-17 11:14:09 INFO  c.r.r.m.s.SerialPortManager - Calibration Val: 8.49
2025-07-17 11:14:09 INFO  c.r.r.m.s.SerialPortManager - In short sending KV: 208
2025-07-17 11:14:09 INFO  c.r.s.r.TriggerCommandRxOld - Serial port is not open.
2025-07-17 11:14:09 INFO  c.r.r.m.s.SerialPortManager - In byte sending KV: -48
2025-07-17 11:14:09 INFO  c.r.r.m.s.SerialPortManager - setExposureTime 0.05
2025-07-17 11:14:09 INFO  c.r.r.m.s.SerialPortManager - Exposure Time Sent - 50
2025-07-17 11:14:09 INFO  c.r.s.r.TriggerCommandRxOld - Setting KV to: -48
2025-07-17 11:14:09 INFO  c.r.s.r.TriggerCommandRxOld - Serial port is not open.
2025-07-17 11:14:09 INFO  c.r.s.r.TriggerCommandRxOld - Setting Exposure Time to: 50 0 and G
2025-07-17 11:14:09 INFO  c.r.s.r.TriggerCommandRxOld - Serial port is not open.
2025-07-17 11:14:10 INFO  c.r.r.service.study.StudyService - current bodyPart chest AP
2025-07-17 11:14:10 INFO  c.r.r.s.preProcessing.PreProcess - Processing body part: chest
2025-07-17 11:14:10 INFO  c.r.r.s.preProcessing.PreProcess - Mat is 16-bit unsigned
2025-07-17 11:14:13 INFO  c.r.r.service.study.StudyService - Image received Found in FPD
2025-07-17 11:14:14 INFO  c.r.r.service.study.StudyService - org : CV_16UC1
2025-07-17 11:14:14 INFO  c.r.r.service.study.StudyService - study mat.rows() * width : 1024 1024.0
2025-07-17 11:14:14 INFO  c.r.r.service.study.StudyService - study DynamicCanvasElementsResize values set with multiple: 1.0
2025-07-17 11:14:14 INFO  c.r.r.service.study.StudyService - study Line Width: 2.0, Ellipse Radius X: 8.0, Ellipse Radius Y: 8.0, Label Font Size: 14.0, Rect Width: 90.0, Rect Height: 30.0, Custom Font Icon Size: 200.0
2025-07-17 11:14:14 INFO  c.r.r.m.I.D.CanvasMainChange - cropRect : {0, 0, 838x1024}
2025-07-17 11:14:14 INFO  c.r.r.m.I.D.CanvasMainChange - after cropRect : {0, 0, 838x1024}
2025-07-17 11:14:14 INFO  c.r.r.m.I.D.CanvasMainChange - displayImage : 838.0x1024.0
2025-07-17 11:14:14 INFO  c.r.r.m.I.D.CanvasMainChange - cropRect : {0, 0, 838x1024}
2025-07-17 11:14:14 INFO  c.r.r.m.I.D.CanvasMainChange - after cropRect : {0, 0, 838x1024}
2025-07-17 11:14:14 INFO  c.r.r.m.I.D.CanvasMainChange - displayImage : 838.0x1024.0
2025-07-17 11:14:14 INFO  c.r.r.m.I.D.MainDrawTool - ImagingParams is null
2025-07-17 11:14:14 INFO  c.r.r.m.I.D.MainDrawTool - StepEntity is null, no params to apply
2025-07-17 11:15:26 INFO  c.r.r.s.study.ProcessingToolsService - Processing Brightness Slider with value: 0.0
2025-07-17 11:15:26 INFO  c.r.r.m.I.D.MainDrawTool - Brightness and Contrast 0.0 1.0
2025-07-17 11:15:27 INFO  c.r.r.m.I.D.CanvasMainChange - cropRect : {0, 0, 838x1024}
2025-07-17 11:15:27 INFO  c.r.r.m.I.D.CanvasMainChange - after cropRect : {0, 0, 838x1024}
2025-07-17 11:15:27 INFO  c.r.r.m.I.D.CanvasMainChange - displayImage : 838.0x1024.0
2025-07-17 11:15:27 INFO  c.r.r.s.study.ProcessingToolsService - Processing Brightness Slider with value: 10.25
2025-07-17 11:15:27 INFO  c.r.r.m.I.D.MainDrawTool - Brightness and Contrast 10.25 1.0
2025-07-17 11:15:27 INFO  c.r.r.m.I.D.CanvasMainChange - cropRect : {0, 0, 838x1024}
2025-07-17 11:15:27 INFO  c.r.r.m.I.D.CanvasMainChange - after cropRect : {0, 0, 838x1024}
2025-07-17 11:15:27 INFO  c.r.r.m.I.D.CanvasMainChange - displayImage : 838.0x1024.0
2025-07-17 11:15:27 INFO  c.r.r.s.study.ProcessingToolsService - Processing Brightness Slider with value: 27.15
2025-07-17 11:15:27 INFO  c.r.r.m.I.D.MainDrawTool - Brightness and Contrast 27.15 1.0
2025-07-17 11:15:27 INFO  c.r.r.m.I.D.CanvasMainChange - cropRect : {0, 0, 838x1024}
2025-07-17 11:15:27 INFO  c.r.r.m.I.D.CanvasMainChange - after cropRect : {0, 0, 838x1024}
2025-07-17 11:15:27 INFO  c.r.r.m.I.D.CanvasMainChange - displayImage : 838.0x1024.0
2025-07-17 11:15:27 INFO  c.r.r.s.study.ProcessingToolsService - Processing Brightness Slider with value: 44.04
2025-07-17 11:15:27 INFO  c.r.r.m.I.D.MainDrawTool - Brightness and Contrast 44.04 1.0
2025-07-17 11:15:27 INFO  c.r.r.m.I.D.CanvasMainChange - cropRect : {0, 0, 838x1024}
2025-07-17 11:15:27 INFO  c.r.r.m.I.D.CanvasMainChange - after cropRect : {0, 0, 838x1024}
2025-07-17 11:15:27 INFO  c.r.r.m.I.D.CanvasMainChange - displayImage : 838.0x1024.0
2025-07-17 11:15:27 INFO  c.r.r.s.study.ProcessingToolsService - Processing Brightness Slider with value: 48.75
2025-07-17 11:15:27 INFO  c.r.r.m.I.D.MainDrawTool - Brightness and Contrast 48.75 1.0
2025-07-17 11:15:27 INFO  c.r.r.m.I.D.CanvasMainChange - cropRect : {0, 0, 838x1024}
2025-07-17 11:15:27 INFO  c.r.r.m.I.D.CanvasMainChange - after cropRect : {0, 0, 838x1024}
2025-07-17 11:15:27 INFO  c.r.r.m.I.D.CanvasMainChange - displayImage : 838.0x1024.0
2025-07-17 11:15:27 INFO  c.r.r.s.study.ProcessingToolsService - Processing Brightness Slider with value: 49.03
2025-07-17 11:15:27 INFO  c.r.r.m.I.D.MainDrawTool - Brightness and Contrast 49.03 1.0
2025-07-17 11:15:27 INFO  c.r.r.m.I.D.CanvasMainChange - cropRect : {0, 0, 838x1024}
2025-07-17 11:15:27 INFO  c.r.r.m.I.D.CanvasMainChange - after cropRect : {0, 0, 838x1024}
2025-07-17 11:15:27 INFO  c.r.r.m.I.D.CanvasMainChange - displayImage : 838.0x1024.0
2025-07-17 11:15:27 INFO  c.r.r.s.study.ProcessingToolsService - Processing Brightness Slider with value: 47.92
2025-07-17 11:15:27 INFO  c.r.r.m.I.D.MainDrawTool - Brightness and Contrast 47.92 1.0
2025-07-17 11:15:27 INFO  c.r.r.m.I.D.CanvasMainChange - cropRect : {0, 0, 838x1024}
2025-07-17 11:15:27 INFO  c.r.r.m.I.D.CanvasMainChange - after cropRect : {0, 0, 838x1024}
2025-07-17 11:15:27 INFO  c.r.r.m.I.D.CanvasMainChange - displayImage : 838.0x1024.0
2025-07-17 11:15:27 INFO  c.r.r.s.study.ProcessingToolsService - Processing Brightness Slider with value: 25.76
2025-07-17 11:15:27 INFO  c.r.r.m.I.D.MainDrawTool - Brightness and Contrast 25.76 1.0
2025-07-17 11:15:27 INFO  c.r.r.m.I.D.CanvasMainChange - cropRect : {0, 0, 838x1024}
2025-07-17 11:15:27 INFO  c.r.r.m.I.D.CanvasMainChange - after cropRect : {0, 0, 838x1024}
2025-07-17 11:15:27 INFO  c.r.r.m.I.D.CanvasMainChange - displayImage : 838.0x1024.0
2025-07-17 11:15:27 INFO  c.r.r.s.study.ProcessingToolsService - Processing Brightness Slider with value: 18.56
2025-07-17 11:15:27 INFO  c.r.r.m.I.D.MainDrawTool - Brightness and Contrast 18.56 1.0
2025-07-17 11:15:27 INFO  c.r.r.m.I.D.CanvasMainChange - cropRect : {0, 0, 838x1024}
2025-07-17 11:15:27 INFO  c.r.r.m.I.D.CanvasMainChange - after cropRect : {0, 0, 838x1024}
2025-07-17 11:15:27 INFO  c.r.r.m.I.D.CanvasMainChange - displayImage : 838.0x1024.0
2025-07-17 11:15:27 INFO  c.r.r.s.study.ProcessingToolsService - Processing Brightness Slider with value: 15.79
2025-07-17 11:15:27 INFO  c.r.r.m.I.D.MainDrawTool - Brightness and Contrast 15.79 1.0
2025-07-17 11:15:27 INFO  c.r.r.m.I.D.CanvasMainChange - cropRect : {0, 0, 838x1024}
2025-07-17 11:15:27 INFO  c.r.r.m.I.D.CanvasMainChange - after cropRect : {0, 0, 838x1024}
2025-07-17 11:15:27 INFO  c.r.r.m.I.D.CanvasMainChange - displayImage : 838.0x1024.0
2025-07-17 11:15:27 INFO  c.r.r.s.study.ProcessingToolsService - Processing Brightness Slider with value: 12.47
2025-07-17 11:15:27 INFO  c.r.r.m.I.D.MainDrawTool - Brightness and Contrast 12.47 1.0
2025-07-17 11:15:28 INFO  c.r.r.m.I.D.CanvasMainChange - cropRect : {0, 0, 838x1024}
2025-07-17 11:15:28 INFO  c.r.r.m.I.D.CanvasMainChange - after cropRect : {0, 0, 838x1024}
2025-07-17 11:15:28 INFO  c.r.r.m.I.D.CanvasMainChange - displayImage : 838.0x1024.0
2025-07-17 11:15:28 INFO  c.r.r.s.study.ProcessingToolsService - Processing Brightness Slider with value: 11.36
2025-07-17 11:15:28 INFO  c.r.r.m.I.D.MainDrawTool - Brightness and Contrast 11.36 1.0
2025-07-17 11:15:28 INFO  c.r.r.m.I.D.CanvasMainChange - cropRect : {0, 0, 838x1024}
2025-07-17 11:15:28 INFO  c.r.r.m.I.D.CanvasMainChange - after cropRect : {0, 0, 838x1024}
2025-07-17 11:15:28 INFO  c.r.r.m.I.D.CanvasMainChange - displayImage : 838.0x1024.0
2025-07-17 11:15:28 INFO  c.r.r.s.study.ProcessingToolsService - Processing Brightness Slider with value: 11.08
2025-07-17 11:15:28 INFO  c.r.r.m.I.D.MainDrawTool - Brightness and Contrast 11.08 1.0
2025-07-17 11:15:28 INFO  c.r.r.m.I.D.CanvasMainChange - cropRect : {0, 0, 838x1024}
2025-07-17 11:15:28 INFO  c.r.r.m.I.D.CanvasMainChange - after cropRect : {0, 0, 838x1024}
2025-07-17 11:15:28 INFO  c.r.r.m.I.D.CanvasMainChange - displayImage : 838.0x1024.0
2025-07-17 11:15:28 INFO  c.r.r.s.study.ProcessingToolsService - Processing Brightness Slider with value: 10.25
2025-07-17 11:15:28 INFO  c.r.r.m.I.D.MainDrawTool - Brightness and Contrast 10.25 1.0
2025-07-17 11:15:28 INFO  c.r.r.m.I.D.CanvasMainChange - cropRect : {0, 0, 838x1024}
2025-07-17 11:15:28 INFO  c.r.r.m.I.D.CanvasMainChange - after cropRect : {0, 0, 838x1024}
2025-07-17 11:15:28 INFO  c.r.r.m.I.D.CanvasMainChange - displayImage : 838.0x1024.0
2025-07-17 11:15:28 INFO  c.r.r.s.study.ProcessingToolsService - Processing Brightness Slider with value: 9.42
2025-07-17 11:15:28 INFO  c.r.r.m.I.D.MainDrawTool - Brightness and Contrast 9.42 1.0
2025-07-17 11:15:28 INFO  c.r.r.m.I.D.CanvasMainChange - cropRect : {0, 0, 838x1024}
2025-07-17 11:15:28 INFO  c.r.r.m.I.D.CanvasMainChange - after cropRect : {0, 0, 838x1024}
2025-07-17 11:15:28 INFO  c.r.r.m.I.D.CanvasMainChange - displayImage : 838.0x1024.0
2025-07-17 11:15:28 INFO  c.r.r.s.study.ProcessingToolsService - Processing Brightness Slider with value: 9.14
2025-07-17 11:15:28 INFO  c.r.r.m.I.D.MainDrawTool - Brightness and Contrast 9.14 1.0
2025-07-17 11:15:28 INFO  c.r.r.m.I.D.CanvasMainChange - cropRect : {0, 0, 838x1024}
2025-07-17 11:15:28 INFO  c.r.r.m.I.D.CanvasMainChange - after cropRect : {0, 0, 838x1024}
2025-07-17 11:15:28 INFO  c.r.r.m.I.D.CanvasMainChange - displayImage : 838.0x1024.0
2025-07-17 11:15:28 INFO  c.r.r.s.study.ProcessingToolsService - Processing Brightness Slider with value: 8.86
2025-07-17 11:15:28 INFO  c.r.r.m.I.D.MainDrawTool - Brightness and Contrast 8.86 1.0
2025-07-17 11:15:28 INFO  c.r.r.m.I.D.CanvasMainChange - cropRect : {0, 0, 838x1024}
2025-07-17 11:15:28 INFO  c.r.r.m.I.D.CanvasMainChange - after cropRect : {0, 0, 838x1024}
2025-07-17 11:15:28 INFO  c.r.r.m.I.D.CanvasMainChange - displayImage : 838.0x1024.0
2025-07-17 11:15:28 INFO  c.r.r.s.study.ProcessingToolsService - Processing Brightness Slider with value: 6.65
2025-07-17 11:15:28 INFO  c.r.r.m.I.D.MainDrawTool - Brightness and Contrast 6.65 1.0
2025-07-17 11:15:28 INFO  c.r.r.m.I.D.CanvasMainChange - cropRect : {0, 0, 838x1024}
2025-07-17 11:15:28 INFO  c.r.r.m.I.D.CanvasMainChange - after cropRect : {0, 0, 838x1024}
2025-07-17 11:15:28 INFO  c.r.r.m.I.D.CanvasMainChange - displayImage : 838.0x1024.0
2025-07-17 11:15:28 INFO  c.r.r.s.study.ProcessingToolsService - Processing Brightness Slider with value: 6.37
2025-07-17 11:15:28 INFO  c.r.r.m.I.D.MainDrawTool - Brightness and Contrast 6.37 1.0
2025-07-17 11:15:28 INFO  c.r.r.m.I.D.CanvasMainChange - cropRect : {0, 0, 838x1024}
2025-07-17 11:15:28 INFO  c.r.r.m.I.D.CanvasMainChange - after cropRect : {0, 0, 838x1024}
2025-07-17 11:15:28 INFO  c.r.r.m.I.D.CanvasMainChange - displayImage : 838.0x1024.0
2025-07-17 11:15:28 INFO  c.r.r.s.study.ProcessingToolsService - Processing Brightness Slider with value: 5.54
2025-07-17 11:15:28 INFO  c.r.r.m.I.D.MainDrawTool - Brightness and Contrast 5.54 1.0
2025-07-17 11:15:28 INFO  c.r.r.m.I.D.CanvasMainChange - cropRect : {0, 0, 838x1024}
2025-07-17 11:15:28 INFO  c.r.r.m.I.D.CanvasMainChange - after cropRect : {0, 0, 838x1024}
2025-07-17 11:15:28 INFO  c.r.r.m.I.D.CanvasMainChange - displayImage : 838.0x1024.0
2025-07-17 11:15:28 INFO  c.r.r.s.study.ProcessingToolsService - Processing Brightness Slider with value: 5.26
2025-07-17 11:15:28 INFO  c.r.r.m.I.D.MainDrawTool - Brightness and Contrast 5.26 1.0
2025-07-17 11:15:28 INFO  c.r.r.m.I.D.CanvasMainChange - cropRect : {0, 0, 838x1024}
2025-07-17 11:15:28 INFO  c.r.r.m.I.D.CanvasMainChange - after cropRect : {0, 0, 838x1024}
2025-07-17 11:15:28 INFO  c.r.r.m.I.D.CanvasMainChange - displayImage : 838.0x1024.0
2025-07-17 11:15:28 INFO  c.r.r.s.study.ProcessingToolsService - Processing Brightness Slider with value: 4.99
2025-07-17 11:15:28 INFO  c.r.r.m.I.D.MainDrawTool - Brightness and Contrast 4.99 1.0
2025-07-17 11:15:29 INFO  c.r.r.m.I.D.CanvasMainChange - cropRect : {0, 0, 838x1024}
2025-07-17 11:15:29 INFO  c.r.r.m.I.D.CanvasMainChange - after cropRect : {0, 0, 838x1024}
2025-07-17 11:15:29 INFO  c.r.r.m.I.D.CanvasMainChange - displayImage : 838.0x1024.0
2025-07-17 11:15:29 INFO  c.r.r.s.study.ProcessingToolsService - Processing Brightness Slider with value: 5.0
2025-07-17 11:15:29 INFO  c.r.r.m.I.D.MainDrawTool - Brightness and Contrast 5.0 1.0
2025-07-17 11:15:29 INFO  c.r.r.m.I.D.CanvasMainChange - cropRect : {0, 0, 838x1024}
2025-07-17 11:15:29 INFO  c.r.r.m.I.D.CanvasMainChange - after cropRect : {0, 0, 838x1024}
2025-07-17 11:15:29 INFO  c.r.r.m.I.D.CanvasMainChange - displayImage : 838.0x1024.0
2025-07-17 11:15:33 INFO  c.r.r.s.study.ProcessingToolsService - Processing Contrast Slider with value: 0.99
2025-07-17 11:15:33 INFO  c.r.r.m.I.D.MainDrawTool - Brightness and Contrast 5.0 0.99
2025-07-17 11:15:33 INFO  c.r.r.m.I.D.CanvasMainChange - cropRect : {0, 0, 838x1024}
2025-07-17 11:15:33 INFO  c.r.r.m.I.D.CanvasMainChange - after cropRect : {0, 0, 838x1024}
2025-07-17 11:15:33 INFO  c.r.r.m.I.D.CanvasMainChange - displayImage : 838.0x1024.0
2025-07-17 11:15:33 INFO  c.r.r.s.study.ProcessingToolsService - Processing Contrast Slider with value: 0.85
2025-07-17 11:15:33 INFO  c.r.r.m.I.D.MainDrawTool - Brightness and Contrast 5.0 0.85
2025-07-17 11:15:33 INFO  c.r.r.m.I.D.CanvasMainChange - cropRect : {0, 0, 838x1024}
2025-07-17 11:15:33 INFO  c.r.r.m.I.D.CanvasMainChange - after cropRect : {0, 0, 838x1024}
2025-07-17 11:15:33 INFO  c.r.r.m.I.D.CanvasMainChange - displayImage : 838.0x1024.0
2025-07-17 11:15:33 INFO  c.r.r.s.study.ProcessingToolsService - Processing Contrast Slider with value: 0.68
2025-07-17 11:15:33 INFO  c.r.r.m.I.D.MainDrawTool - Brightness and Contrast 5.0 0.68
2025-07-17 11:15:33 INFO  c.r.r.m.I.D.CanvasMainChange - cropRect : {0, 0, 838x1024}
2025-07-17 11:15:33 INFO  c.r.r.m.I.D.CanvasMainChange - after cropRect : {0, 0, 838x1024}
2025-07-17 11:15:33 INFO  c.r.r.m.I.D.CanvasMainChange - displayImage : 838.0x1024.0
2025-07-17 11:15:33 INFO  c.r.r.s.study.ProcessingToolsService - Processing Contrast Slider with value: 0.64
2025-07-17 11:15:33 INFO  c.r.r.m.I.D.MainDrawTool - Brightness and Contrast 5.0 0.64
2025-07-17 11:15:33 INFO  c.r.r.m.I.D.CanvasMainChange - cropRect : {0, 0, 838x1024}
2025-07-17 11:15:33 INFO  c.r.r.m.I.D.CanvasMainChange - after cropRect : {0, 0, 838x1024}
2025-07-17 11:15:33 INFO  c.r.r.m.I.D.CanvasMainChange - displayImage : 838.0x1024.0
2025-07-17 11:15:33 INFO  c.r.r.s.study.ProcessingToolsService - Processing Contrast Slider with value: 0.63
2025-07-17 11:15:33 INFO  c.r.r.m.I.D.MainDrawTool - Brightness and Contrast 5.0 0.63
2025-07-17 11:15:33 INFO  c.r.r.m.I.D.CanvasMainChange - cropRect : {0, 0, 838x1024}
2025-07-17 11:15:33 INFO  c.r.r.m.I.D.CanvasMainChange - after cropRect : {0, 0, 838x1024}
2025-07-17 11:15:33 INFO  c.r.r.m.I.D.CanvasMainChange - displayImage : 838.0x1024.0
2025-07-17 11:15:33 INFO  c.r.r.s.study.ProcessingToolsService - Processing Contrast Slider with value: 0.64
2025-07-17 11:15:33 INFO  c.r.r.m.I.D.MainDrawTool - Brightness and Contrast 5.0 0.64
2025-07-17 11:15:33 INFO  c.r.r.m.I.D.CanvasMainChange - cropRect : {0, 0, 838x1024}
2025-07-17 11:15:33 INFO  c.r.r.m.I.D.CanvasMainChange - after cropRect : {0, 0, 838x1024}
2025-07-17 11:15:33 INFO  c.r.r.m.I.D.CanvasMainChange - displayImage : 838.0x1024.0
2025-07-17 11:15:34 INFO  c.r.r.s.study.ProcessingToolsService - Processing Contrast Slider with value: 0.73
2025-07-17 11:15:34 INFO  c.r.r.m.I.D.MainDrawTool - Brightness and Contrast 5.0 0.73
2025-07-17 11:15:34 INFO  c.r.r.m.I.D.CanvasMainChange - cropRect : {0, 0, 838x1024}
2025-07-17 11:15:34 INFO  c.r.r.m.I.D.CanvasMainChange - after cropRect : {0, 0, 838x1024}
2025-07-17 11:15:34 INFO  c.r.r.m.I.D.CanvasMainChange - displayImage : 838.0x1024.0
2025-07-17 11:15:34 INFO  c.r.r.s.study.ProcessingToolsService - Processing Contrast Slider with value: 0.82
2025-07-17 11:15:34 INFO  c.r.r.m.I.D.MainDrawTool - Brightness and Contrast 5.0 0.82
2025-07-17 11:15:34 INFO  c.r.r.m.I.D.CanvasMainChange - cropRect : {0, 0, 838x1024}
2025-07-17 11:15:34 INFO  c.r.r.m.I.D.CanvasMainChange - after cropRect : {0, 0, 838x1024}
2025-07-17 11:15:34 INFO  c.r.r.m.I.D.CanvasMainChange - displayImage : 838.0x1024.0
2025-07-17 11:15:34 INFO  c.r.r.s.study.ProcessingToolsService - Processing Contrast Slider with value: 0.92
2025-07-17 11:15:34 INFO  c.r.r.m.I.D.MainDrawTool - Brightness and Contrast 5.0 0.92
2025-07-17 11:15:34 INFO  c.r.r.m.I.D.CanvasMainChange - cropRect : {0, 0, 838x1024}
2025-07-17 11:15:34 INFO  c.r.r.m.I.D.CanvasMainChange - after cropRect : {0, 0, 838x1024}
2025-07-17 11:15:34 INFO  c.r.r.m.I.D.CanvasMainChange - displayImage : 838.0x1024.0
2025-07-17 11:15:34 INFO  c.r.r.s.study.ProcessingToolsService - Processing Contrast Slider with value: 0.94
2025-07-17 11:15:34 INFO  c.r.r.m.I.D.MainDrawTool - Brightness and Contrast 5.0 0.94
2025-07-17 11:15:34 INFO  c.r.r.m.I.D.CanvasMainChange - cropRect : {0, 0, 838x1024}
2025-07-17 11:15:34 INFO  c.r.r.m.I.D.CanvasMainChange - after cropRect : {0, 0, 838x1024}
2025-07-17 11:15:34 INFO  c.r.r.m.I.D.CanvasMainChange - displayImage : 838.0x1024.0
