2025-07-17 11:27:58 INFO  c.r.r.s.study.StudyMainController - Console is ON
2025-07-17 11:28:01 INFO  c.r.rxviewui.controller.LoginPage - logged In
2025-07-17 11:28:01 INFO  c.r.r.service.login.LoginController - 192.168.12.10
2025-07-17 11:28:01 INFO  c.r.r.service.login.LoginController - No Wi-Fi interface found or no IPv4 address assigned.
2025-07-17 11:28:22 INFO  c.r.r.s.study.StudyMainController - Setting console values for body part: Chest
2025-07-17 11:28:22 INFO  c.r.r.m.s.SerialPortManager - Setting Xray Console - kv: 70.0, ma: 80, mas: 4.0
2025-07-17 11:28:22 INFO  c.r.r.m.s.SerialPortManager - setMa kv1: 70.0, ma1: 80.0
2025-07-17 11:28:22 INFO  c.r.r.m.s.SerialPortManager - x: 175
2025-07-17 11:28:22 INFO  c.r.r.m.s.SerialPortManager - Current Sent: 80.0
2025-07-17 11:28:22 INFO  c.r.r.m.s.SerialPortManager - Calibration Val: 8.32
2025-07-17 11:28:22 INFO  c.r.r.m.s.SerialPortManager - Calibration Val: 8.49
2025-07-17 11:28:22 INFO  c.r.r.m.s.SerialPortManager - Calibration Val: 8.29
2025-07-17 11:28:22 INFO  c.r.r.m.s.SerialPortManager - Calibration Val: 8.49
2025-07-17 11:28:22 INFO  c.r.r.m.s.SerialPortManager - filamentCurrent: 8.32
2025-07-17 11:28:22 INFO  c.r.r.m.s.SerialPortManager - KV Sent : 70.0
2025-07-17 11:28:22 INFO  c.r.r.m.s.SerialPortManager - Calibration Val: 8.32
2025-07-17 11:28:22 INFO  c.r.r.m.s.SerialPortManager - Calibration Val: 8.49
2025-07-17 11:28:22 INFO  c.r.r.m.s.SerialPortManager - Calibration Val: 8.29
2025-07-17 11:28:22 INFO  c.r.r.m.s.SerialPortManager - Calibration Val: 8.49
2025-07-17 11:28:22 INFO  c.r.s.r.TriggerCommandRxOld - Serial port is not open.
2025-07-17 11:28:22 INFO  c.r.r.m.s.SerialPortManager - In short sending KV: 208
2025-07-17 11:28:22 INFO  c.r.r.m.s.SerialPortManager - In byte sending KV: -48
2025-07-17 11:28:22 INFO  c.r.r.m.s.SerialPortManager - setExposureTime 0.05
2025-07-17 11:28:22 INFO  c.r.r.m.s.SerialPortManager - Exposure Time Sent - 50
2025-07-17 11:28:22 INFO  c.r.s.r.TriggerCommandRxOld - Setting KV to: -48
2025-07-17 11:28:22 INFO  c.r.s.r.TriggerCommandRxOld - Serial port is not open.
2025-07-17 11:28:22 INFO  c.r.s.r.TriggerCommandRxOld - Setting Exposure Time to: 50 0 and G
2025-07-17 11:28:22 INFO  c.r.s.r.TriggerCommandRxOld - Serial port is not open.
2025-07-17 11:28:23 INFO  c.r.r.service.study.StudyService - current bodyPart chest AP
2025-07-17 11:28:23 INFO  c.r.r.s.preProcessing.PreProcess - Processing body part: chest
2025-07-17 11:28:23 INFO  c.r.r.s.preProcessing.PreProcess - Mat is 16-bit unsigned
2025-07-17 11:28:26 INFO  c.r.r.service.study.StudyService - Image received Found in FPD
2025-07-17 11:28:26 INFO  c.r.r.service.study.StudyService - org : CV_16UC1
2025-07-17 11:28:27 INFO  c.r.r.service.study.StudyService - study mat.rows() * width : 1024 1024.0
2025-07-17 11:28:27 INFO  c.r.r.service.study.StudyService - study DynamicCanvasElementsResize values set with multiple: 1.0
2025-07-17 11:28:27 INFO  c.r.r.service.study.StudyService - study Line Width: 2.0, Ellipse Radius X: 8.0, Ellipse Radius Y: 8.0, Label Font Size: 14.0, Rect Width: 90.0, Rect Height: 30.0, Custom Font Icon Size: 200.0
2025-07-17 11:28:27 INFO  c.r.r.m.I.D.CanvasMainChange - cropRect : {0, 0, 838x1024}
2025-07-17 11:28:27 INFO  c.r.r.m.I.D.CanvasMainChange - after cropRect : {0, 0, 838x1024}
2025-07-17 11:28:27 INFO  c.r.r.m.I.D.CanvasMainChange - displayImage : 838.0x1024.0
2025-07-17 11:28:27 INFO  c.r.r.m.I.D.CanvasMainChange - cropRect : {0, 0, 838x1024}
2025-07-17 11:28:27 INFO  c.r.r.m.I.D.CanvasMainChange - after cropRect : {0, 0, 838x1024}
2025-07-17 11:28:27 INFO  c.r.r.m.I.D.CanvasMainChange - displayImage : 838.0x1024.0
2025-07-17 11:28:27 INFO  c.r.r.m.I.D.MainDrawTool - ImagingParams is null
2025-07-17 11:28:27 INFO  c.r.r.m.I.D.MainDrawTool - StepEntity is null, no params to apply
2025-07-17 11:28:34 INFO  c.r.r.s.study.ProcessingToolsService - Processing Brightness Slider with value: 0.0
2025-07-17 11:28:34 INFO  c.r.r.m.I.D.MainDrawTool - frame type CV_16UC1
2025-07-17 11:28:34 INFO  c.r.r.m.I.D.MainDrawTool - Brightness and Contrast 0.0 1.0
2025-07-17 11:28:34 INFO  c.r.r.m.I.D.CanvasMainChange - cropRect : {0, 0, 838x1024}
2025-07-17 11:28:34 INFO  c.r.r.m.I.D.CanvasMainChange - after cropRect : {0, 0, 838x1024}
2025-07-17 11:28:34 INFO  c.r.r.m.I.D.CanvasMainChange - displayImage : 838.0x1024.0
2025-07-17 11:28:34 INFO  c.r.r.s.study.ProcessingToolsService - Processing Brightness Slider with value: 26.59
2025-07-17 11:28:34 INFO  c.r.r.m.I.D.MainDrawTool - frame type CV_16UC1
2025-07-17 11:28:34 INFO  c.r.r.m.I.D.MainDrawTool - Brightness and Contrast 6833.63 1.0
2025-07-17 11:28:34 INFO  c.r.r.m.I.D.CanvasMainChange - cropRect : {0, 0, 838x1024}
2025-07-17 11:28:34 INFO  c.r.r.m.I.D.CanvasMainChange - after cropRect : {0, 0, 838x1024}
2025-07-17 11:28:34 INFO  c.r.r.m.I.D.CanvasMainChange - displayImage : 838.0x1024.0
2025-07-17 11:28:34 INFO  c.r.r.s.study.ProcessingToolsService - Processing Brightness Slider with value: 55.96
2025-07-17 11:28:34 INFO  c.r.r.m.I.D.MainDrawTool - frame type CV_16UC1
2025-07-17 11:28:34 INFO  c.r.r.m.I.D.MainDrawTool - Brightness and Contrast 14381.72 1.0
2025-07-17 11:28:34 INFO  c.r.r.m.I.D.CanvasMainChange - cropRect : {0, 0, 838x1024}
2025-07-17 11:28:34 INFO  c.r.r.m.I.D.CanvasMainChange - after cropRect : {0, 0, 838x1024}
2025-07-17 11:28:34 INFO  c.r.r.m.I.D.CanvasMainChange - displayImage : 838.0x1024.0
2025-07-17 11:28:34 INFO  c.r.r.s.study.ProcessingToolsService - Processing Brightness Slider with value: 77.56
2025-07-17 11:28:34 INFO  c.r.r.m.I.D.MainDrawTool - frame type CV_16UC1
2025-07-17 11:28:34 INFO  c.r.r.m.I.D.MainDrawTool - Brightness and Contrast 19932.920000000002 1.0
2025-07-17 11:28:34 INFO  c.r.r.m.I.D.CanvasMainChange - cropRect : {0, 0, 838x1024}
2025-07-17 11:28:34 INFO  c.r.r.m.I.D.CanvasMainChange - after cropRect : {0, 0, 838x1024}
2025-07-17 11:28:34 INFO  c.r.r.m.I.D.CanvasMainChange - displayImage : 838.0x1024.0
2025-07-17 11:28:34 INFO  c.r.r.s.study.ProcessingToolsService - Processing Brightness Slider with value: 91.41
2025-07-17 11:28:34 INFO  c.r.r.m.I.D.MainDrawTool - frame type CV_16UC1
2025-07-17 11:28:34 INFO  c.r.r.m.I.D.MainDrawTool - Brightness and Contrast 23492.37 1.0
2025-07-17 11:28:34 INFO  c.r.r.m.I.D.CanvasMainChange - cropRect : {0, 0, 838x1024}
2025-07-17 11:28:34 INFO  c.r.r.m.I.D.CanvasMainChange - after cropRect : {0, 0, 838x1024}
2025-07-17 11:28:34 INFO  c.r.r.m.I.D.CanvasMainChange - displayImage : 838.0x1024.0
2025-07-17 11:28:34 INFO  c.r.r.s.study.ProcessingToolsService - Processing Brightness Slider with value: 94.18
2025-07-17 11:28:34 INFO  c.r.r.m.I.D.MainDrawTool - frame type CV_16UC1
2025-07-17 11:28:34 INFO  c.r.r.m.I.D.MainDrawTool - Brightness and Contrast 24204.260000000002 1.0
2025-07-17 11:28:34 INFO  c.r.r.m.I.D.CanvasMainChange - cropRect : {0, 0, 838x1024}
2025-07-17 11:28:34 INFO  c.r.r.m.I.D.CanvasMainChange - after cropRect : {0, 0, 838x1024}
2025-07-17 11:28:34 INFO  c.r.r.m.I.D.CanvasMainChange - displayImage : 838.0x1024.0
2025-07-17 11:28:34 INFO  c.r.r.s.study.ProcessingToolsService - Processing Brightness Slider with value: 94.74
2025-07-17 11:28:34 INFO  c.r.r.m.I.D.MainDrawTool - frame type CV_16UC1
2025-07-17 11:28:34 INFO  c.r.r.m.I.D.MainDrawTool - Brightness and Contrast 24348.18 1.0
2025-07-17 11:28:34 INFO  c.r.r.m.I.D.CanvasMainChange - cropRect : {0, 0, 838x1024}
2025-07-17 11:28:34 INFO  c.r.r.m.I.D.CanvasMainChange - after cropRect : {0, 0, 838x1024}
2025-07-17 11:28:34 INFO  c.r.r.m.I.D.CanvasMainChange - displayImage : 838.0x1024.0
2025-07-17 11:28:35 INFO  c.r.r.s.study.ProcessingToolsService - Processing Brightness Slider with value: 94.18
2025-07-17 11:28:35 INFO  c.r.r.m.I.D.MainDrawTool - frame type CV_16UC1
2025-07-17 11:28:35 INFO  c.r.r.m.I.D.MainDrawTool - Brightness and Contrast 24204.260000000002 1.0
2025-07-17 11:28:35 INFO  c.r.r.m.I.D.CanvasMainChange - cropRect : {0, 0, 838x1024}
2025-07-17 11:28:35 INFO  c.r.r.m.I.D.CanvasMainChange - after cropRect : {0, 0, 838x1024}
2025-07-17 11:28:35 INFO  c.r.r.m.I.D.CanvasMainChange - displayImage : 838.0x1024.0
2025-07-17 11:28:35 INFO  c.r.r.s.study.ProcessingToolsService - Processing Brightness Slider with value: 70.36
2025-07-17 11:28:35 INFO  c.r.r.m.I.D.MainDrawTool - frame type CV_16UC1
2025-07-17 11:28:35 INFO  c.r.r.m.I.D.MainDrawTool - Brightness and Contrast 18082.52 1.0
2025-07-17 11:28:35 INFO  c.r.r.m.I.D.CanvasMainChange - cropRect : {0, 0, 838x1024}
2025-07-17 11:28:35 INFO  c.r.r.m.I.D.CanvasMainChange - after cropRect : {0, 0, 838x1024}
2025-07-17 11:28:35 INFO  c.r.r.m.I.D.CanvasMainChange - displayImage : 838.0x1024.0
2025-07-17 11:28:35 INFO  c.r.r.s.study.ProcessingToolsService - Processing Brightness Slider with value: 23.82
2025-07-17 11:28:35 INFO  c.r.r.m.I.D.MainDrawTool - frame type CV_16UC1
2025-07-17 11:28:35 INFO  c.r.r.m.I.D.MainDrawTool - Brightness and Contrast 6121.74 1.0
2025-07-17 11:28:35 INFO  c.r.r.m.I.D.CanvasMainChange - cropRect : {0, 0, 838x1024}
2025-07-17 11:28:35 INFO  c.r.r.m.I.D.CanvasMainChange - after cropRect : {0, 0, 838x1024}
2025-07-17 11:28:35 INFO  c.r.r.m.I.D.CanvasMainChange - displayImage : 838.0x1024.0
2025-07-17 11:28:35 INFO  c.r.r.s.study.ProcessingToolsService - Processing Brightness Slider with value: 7.76
2025-07-17 11:28:35 INFO  c.r.r.m.I.D.MainDrawTool - frame type CV_16UC1
2025-07-17 11:28:35 INFO  c.r.r.m.I.D.MainDrawTool - Brightness and Contrast 1994.32 1.0
2025-07-17 11:28:35 INFO  c.r.r.m.I.D.CanvasMainChange - cropRect : {0, 0, 838x1024}
2025-07-17 11:28:35 INFO  c.r.r.m.I.D.CanvasMainChange - after cropRect : {0, 0, 838x1024}
2025-07-17 11:28:35 INFO  c.r.r.m.I.D.CanvasMainChange - displayImage : 838.0x1024.0
2025-07-17 11:28:37 INFO  c.r.r.s.study.ProcessingToolsService - Processing Brightness Slider with value: 0.0
2025-07-17 11:28:37 INFO  c.r.r.m.I.D.MainDrawTool - frame type CV_16UC1
2025-07-17 11:28:37 INFO  c.r.r.m.I.D.MainDrawTool - Brightness and Contrast 0.0 1.0
2025-07-17 11:28:37 INFO  c.r.r.m.I.D.CanvasMainChange - cropRect : {0, 0, 838x1024}
2025-07-17 11:28:37 INFO  c.r.r.m.I.D.CanvasMainChange - after cropRect : {0, 0, 838x1024}
2025-07-17 11:28:37 INFO  c.r.r.m.I.D.CanvasMainChange - displayImage : 838.0x1024.0
2025-07-17 11:28:37 INFO  c.r.r.s.study.ProcessingToolsService - Processing Brightness Slider with value: 1.11
2025-07-17 11:28:37 INFO  c.r.r.m.I.D.MainDrawTool - frame type CV_16UC1
2025-07-17 11:28:37 INFO  c.r.r.m.I.D.MainDrawTool - Brightness and Contrast 285.27000000000004 1.0
2025-07-17 11:28:37 INFO  c.r.r.m.I.D.CanvasMainChange - cropRect : {0, 0, 838x1024}
2025-07-17 11:28:37 INFO  c.r.r.m.I.D.CanvasMainChange - after cropRect : {0, 0, 838x1024}
2025-07-17 11:28:37 INFO  c.r.r.m.I.D.CanvasMainChange - displayImage : 838.0x1024.0
2025-07-17 11:28:37 INFO  c.r.r.s.study.ProcessingToolsService - Processing Brightness Slider with value: 1.66
2025-07-17 11:28:37 INFO  c.r.r.m.I.D.MainDrawTool - frame type CV_16UC1
2025-07-17 11:28:37 INFO  c.r.r.m.I.D.MainDrawTool - Brightness and Contrast 426.62 1.0
2025-07-17 11:28:38 INFO  c.r.r.m.I.D.CanvasMainChange - cropRect : {0, 0, 838x1024}
2025-07-17 11:28:38 INFO  c.r.r.m.I.D.CanvasMainChange - after cropRect : {0, 0, 838x1024}
2025-07-17 11:28:38 INFO  c.r.r.m.I.D.CanvasMainChange - displayImage : 838.0x1024.0
2025-07-17 11:28:38 INFO  c.r.r.s.study.ProcessingToolsService - Processing Brightness Slider with value: 0.0
2025-07-17 11:28:38 INFO  c.r.r.m.I.D.MainDrawTool - frame type CV_16UC1
2025-07-17 11:28:38 INFO  c.r.r.m.I.D.MainDrawTool - Brightness and Contrast 0.0 1.0
2025-07-17 11:28:38 INFO  c.r.r.m.I.D.CanvasMainChange - cropRect : {0, 0, 838x1024}
2025-07-17 11:28:38 INFO  c.r.r.m.I.D.CanvasMainChange - after cropRect : {0, 0, 838x1024}
2025-07-17 11:28:38 INFO  c.r.r.m.I.D.CanvasMainChange - displayImage : 838.0x1024.0
2025-07-17 11:28:40 INFO  c.r.r.m.I.D.CanvasMainChange - cropRect : {0, 0, 838x1024}
2025-07-17 11:28:40 INFO  c.r.r.m.I.D.CanvasMainChange - after cropRect : {0, 0, 838x1024}
2025-07-17 11:28:40 INFO  c.r.r.m.I.D.CanvasMainChange - displayImage : 838.0x1024.0
2025-07-17 11:28:40 INFO  c.r.r.m.I.D.MainDrawTool - Brightness and Contrast 0.0 1.003780085106383
2025-07-17 11:28:40 INFO  c.r.r.m.I.D.CanvasMainChange - cropRect : {0, 0, 838x1024}
2025-07-17 11:28:40 INFO  c.r.r.m.I.D.CanvasMainChange - after cropRect : {0, 0, 838x1024}
2025-07-17 11:28:40 INFO  c.r.r.m.I.D.CanvasMainChange - displayImage : 838.0x1024.0
2025-07-17 11:28:40 INFO  c.r.r.m.I.D.MainDrawTool - Brightness and Contrast 0.0 1.007560170212766
2025-07-17 11:28:40 INFO  c.r.r.m.I.D.CanvasMainChange - cropRect : {0, 0, 838x1024}
2025-07-17 11:28:40 INFO  c.r.r.m.I.D.CanvasMainChange - after cropRect : {0, 0, 838x1024}
2025-07-17 11:28:40 INFO  c.r.r.m.I.D.CanvasMainChange - displayImage : 838.0x1024.0
2025-07-17 11:28:40 INFO  c.r.r.m.I.D.MainDrawTool - Brightness and Contrast 0.0 1.185224170212766
2025-07-17 11:28:40 INFO  c.r.r.m.I.D.CanvasMainChange - cropRect : {0, 0, 838x1024}
2025-07-17 11:28:40 INFO  c.r.r.m.I.D.CanvasMainChange - after cropRect : {0, 0, 838x1024}
2025-07-17 11:28:40 INFO  c.r.r.m.I.D.CanvasMainChange - displayImage : 838.0x1024.0
2025-07-17 11:28:40 INFO  c.r.r.m.I.D.MainDrawTool - Brightness and Contrast 0.0 1.3213072340425531
2025-07-17 11:28:40 INFO  c.r.r.m.I.D.CanvasMainChange - cropRect : {0, 0, 838x1024}
2025-07-17 11:28:40 INFO  c.r.r.m.I.D.CanvasMainChange - after cropRect : {0, 0, 838x1024}
2025-07-17 11:28:40 INFO  c.r.r.m.I.D.CanvasMainChange - displayImage : 838.0x1024.0
2025-07-17 11:28:40 INFO  c.r.r.m.I.D.MainDrawTool - Brightness and Contrast 0.0 1.4687305531914894
2025-07-17 11:28:41 INFO  c.r.r.m.I.D.CanvasMainChange - cropRect : {0, 0, 838x1024}
2025-07-17 11:28:41 INFO  c.r.r.m.I.D.CanvasMainChange - after cropRect : {0, 0, 838x1024}
2025-07-17 11:28:41 INFO  c.r.r.m.I.D.CanvasMainChange - displayImage : 838.0x1024.0
2025-07-17 11:28:41 INFO  c.r.r.m.I.D.MainDrawTool - Brightness and Contrast 0.0 1.4838508936170212
2025-07-17 11:28:41 INFO  c.r.r.m.I.D.CanvasMainChange - cropRect : {0, 0, 838x1024}
2025-07-17 11:28:41 INFO  c.r.r.m.I.D.CanvasMainChange - after cropRect : {0, 0, 838x1024}
2025-07-17 11:28:41 INFO  c.r.r.m.I.D.CanvasMainChange - displayImage : 838.0x1024.0
2025-07-17 11:28:41 INFO  c.r.r.m.I.D.MainDrawTool - Brightness and Contrast 0.0 1.4876309787234043
2025-07-17 11:28:41 INFO  c.r.r.m.I.D.CanvasMainChange - cropRect : {0, 0, 838x1024}
2025-07-17 11:28:41 INFO  c.r.r.m.I.D.CanvasMainChange - after cropRect : {0, 0, 838x1024}
2025-07-17 11:28:41 INFO  c.r.r.m.I.D.CanvasMainChange - displayImage : 838.0x1024.0
2025-07-17 11:28:41 INFO  c.r.r.m.I.D.MainDrawTool - Brightness and Contrast 0.0 1.4914110638297873
2025-07-17 11:28:41 INFO  c.r.r.m.I.D.CanvasMainChange - cropRect : {0, 0, 838x1024}
2025-07-17 11:28:41 INFO  c.r.r.m.I.D.CanvasMainChange - after cropRect : {0, 0, 838x1024}
2025-07-17 11:28:41 INFO  c.r.r.m.I.D.CanvasMainChange - displayImage : 838.0x1024.0
2025-07-17 11:28:41 INFO  c.r.r.m.I.D.MainDrawTool - Brightness and Contrast 0.0 1.4951911489361702
2025-07-17 11:28:41 INFO  c.r.r.m.I.D.CanvasMainChange - cropRect : {0, 0, 838x1024}
2025-07-17 11:28:41 INFO  c.r.r.m.I.D.CanvasMainChange - after cropRect : {0, 0, 838x1024}
2025-07-17 11:28:41 INFO  c.r.r.m.I.D.CanvasMainChange - displayImage : 838.0x1024.0
2025-07-17 11:28:41 INFO  c.r.r.m.I.D.MainDrawTool - Brightness and Contrast 0.0 1.4914110638297873
2025-07-17 11:28:41 INFO  c.r.r.m.I.D.CanvasMainChange - cropRect : {0, 0, 838x1024}
2025-07-17 11:28:41 INFO  c.r.r.m.I.D.CanvasMainChange - after cropRect : {0, 0, 838x1024}
2025-07-17 11:28:41 INFO  c.r.r.m.I.D.CanvasMainChange - displayImage : 838.0x1024.0
2025-07-17 11:28:41 INFO  c.r.r.m.I.D.MainDrawTool - Brightness and Contrast 0.0 1.2986267234042552
2025-07-17 11:28:41 INFO  c.r.r.m.I.D.CanvasMainChange - cropRect : {0, 0, 838x1024}
2025-07-17 11:28:41 INFO  c.r.r.m.I.D.CanvasMainChange - after cropRect : {0, 0, 838x1024}
2025-07-17 11:28:41 INFO  c.r.r.m.I.D.CanvasMainChange - displayImage : 838.0x1024.0
2025-07-17 11:28:41 INFO  c.r.r.m.I.D.MainDrawTool - Brightness and Contrast 0.0 1.0642614468085108
2025-07-17 11:28:41 INFO  c.r.r.m.I.D.CanvasMainChange - cropRect : {0, 0, 838x1024}
2025-07-17 11:28:41 INFO  c.r.r.m.I.D.CanvasMainChange - after cropRect : {0, 0, 838x1024}
2025-07-17 11:28:41 INFO  c.r.r.m.I.D.CanvasMainChange - displayImage : 838.0x1024.0
2025-07-17 11:28:41 INFO  c.r.r.m.I.D.MainDrawTool - Brightness and Contrast 0.0 1.0264605957446808
2025-07-17 11:28:41 INFO  c.r.r.m.I.D.CanvasMainChange - cropRect : {0, 0, 838x1024}
2025-07-17 11:28:41 INFO  c.r.r.m.I.D.CanvasMainChange - after cropRect : {0, 0, 838x1024}
2025-07-17 11:28:41 INFO  c.r.r.m.I.D.CanvasMainChange - displayImage : 838.0x1024.0
2025-07-17 11:28:41 INFO  c.r.r.m.I.D.MainDrawTool - Brightness and Contrast 0.0 0.9848796595744681
2025-07-17 11:28:41 INFO  c.r.r.m.I.D.CanvasMainChange - cropRect : {0, 0, 838x1024}
2025-07-17 11:28:41 INFO  c.r.r.m.I.D.CanvasMainChange - after cropRect : {0, 0, 838x1024}
2025-07-17 11:28:41 INFO  c.r.r.m.I.D.CanvasMainChange - displayImage : 838.0x1024.0
2025-07-17 11:28:41 INFO  c.r.r.m.I.D.MainDrawTool - Brightness and Contrast 0.0 0.9508588936170213
2025-07-17 11:28:41 INFO  c.r.r.m.I.D.CanvasMainChange - cropRect : {0, 0, 838x1024}
2025-07-17 11:28:41 INFO  c.r.r.m.I.D.CanvasMainChange - after cropRect : {0, 0, 838x1024}
2025-07-17 11:28:41 INFO  c.r.r.m.I.D.CanvasMainChange - displayImage : 838.0x1024.0
2025-07-17 11:28:41 INFO  c.r.r.m.I.D.MainDrawTool - Brightness and Contrast 0.0 0.8865974468085106
2025-07-17 11:28:41 INFO  c.r.r.m.I.D.CanvasMainChange - cropRect : {0, 0, 838x1024}
2025-07-17 11:28:41 INFO  c.r.r.m.I.D.CanvasMainChange - after cropRect : {0, 0, 838x1024}
2025-07-17 11:28:41 INFO  c.r.r.m.I.D.CanvasMainChange - displayImage : 838.0x1024.0
2025-07-17 11:28:41 INFO  c.r.r.m.I.D.MainDrawTool - Brightness and Contrast 0.0 0.8412364255319149
2025-07-17 11:28:41 INFO  c.r.r.m.I.D.CanvasMainChange - cropRect : {0, 0, 838x1024}
2025-07-17 11:28:41 INFO  c.r.r.m.I.D.CanvasMainChange - after cropRect : {0, 0, 838x1024}
2025-07-17 11:28:41 INFO  c.r.r.m.I.D.CanvasMainChange - displayImage : 838.0x1024.0
2025-07-17 11:28:41 INFO  c.r.r.m.I.D.MainDrawTool - Brightness and Contrast 0.0 0.826116085106383
2025-07-17 11:28:42 INFO  c.r.r.m.I.D.CanvasMainChange - cropRect : {0, 0, 838x1024}
2025-07-17 11:28:42 INFO  c.r.r.m.I.D.CanvasMainChange - after cropRect : {0, 0, 838x1024}
2025-07-17 11:28:42 INFO  c.r.r.m.I.D.CanvasMainChange - displayImage : 838.0x1024.0
2025-07-17 11:28:42 INFO  c.r.r.m.I.D.MainDrawTool - Brightness and Contrast 0.0 0.8034355744680851
2025-07-17 11:28:42 INFO  c.r.r.m.I.D.CanvasMainChange - cropRect : {0, 0, 838x1024}
2025-07-17 11:28:42 INFO  c.r.r.m.I.D.CanvasMainChange - after cropRect : {0, 0, 838x1024}
2025-07-17 11:28:42 INFO  c.r.r.m.I.D.CanvasMainChange - displayImage : 838.0x1024.0
2025-07-17 11:28:42 INFO  c.r.r.m.I.D.MainDrawTool - Brightness and Contrast 0.0 0.7920953191489362
2025-07-17 11:28:42 INFO  c.r.r.m.I.D.CanvasMainChange - cropRect : {0, 0, 838x1024}
2025-07-17 11:28:42 INFO  c.r.r.m.I.D.CanvasMainChange - after cropRect : {0, 0, 838x1024}
2025-07-17 11:28:42 INFO  c.r.r.m.I.D.CanvasMainChange - displayImage : 838.0x1024.0
2025-07-17 11:28:42 INFO  c.r.r.m.I.D.MainDrawTool - Brightness and Contrast 0.0 0.7845351489361703
2025-07-17 11:28:42 INFO  c.r.r.m.I.D.CanvasMainChange - cropRect : {0, 0, 838x1024}
2025-07-17 11:28:42 INFO  c.r.r.m.I.D.CanvasMainChange - after cropRect : {0, 0, 838x1024}
2025-07-17 11:28:42 INFO  c.r.r.m.I.D.CanvasMainChange - displayImage : 838.0x1024.0
2025-07-17 11:28:42 INFO  c.r.r.m.I.D.MainDrawTool - Brightness and Contrast 0.0 0.7807550638297872
2025-07-17 11:28:42 INFO  c.r.r.m.I.D.CanvasMainChange - cropRect : {0, 0, 838x1024}
2025-07-17 11:28:42 INFO  c.r.r.m.I.D.CanvasMainChange - after cropRect : {0, 0, 838x1024}
2025-07-17 11:28:42 INFO  c.r.r.m.I.D.CanvasMainChange - displayImage : 838.0x1024.0
2025-07-17 11:28:42 INFO  c.r.r.m.I.D.MainDrawTool - Brightness and Contrast 0.0 0.7769749787234043
2025-07-17 11:28:42 INFO  c.r.r.m.I.D.CanvasMainChange - cropRect : {0, 0, 838x1024}
2025-07-17 11:28:42 INFO  c.r.r.m.I.D.CanvasMainChange - after cropRect : {0, 0, 838x1024}
2025-07-17 11:28:42 INFO  c.r.r.m.I.D.CanvasMainChange - displayImage : 838.0x1024.0
2025-07-17 11:28:42 INFO  c.r.r.m.I.D.MainDrawTool - Brightness and Contrast 0.0 0.7505143829787234
2025-07-17 11:28:42 INFO  c.r.r.m.I.D.CanvasMainChange - cropRect : {0, 0, 838x1024}
2025-07-17 11:28:42 INFO  c.r.r.m.I.D.CanvasMainChange - after cropRect : {0, 0, 838x1024}
2025-07-17 11:28:42 INFO  c.r.r.m.I.D.CanvasMainChange - displayImage : 838.0x1024.0
2025-07-17 11:28:42 INFO  c.r.r.m.I.D.MainDrawTool - Brightness and Contrast 0.0 0.7202737021276595
2025-07-17 11:28:42 INFO  c.r.r.m.I.D.CanvasMainChange - cropRect : {0, 0, 838x1024}
2025-07-17 11:28:42 INFO  c.r.r.m.I.D.CanvasMainChange - after cropRect : {0, 0, 838x1024}
2025-07-17 11:28:42 INFO  c.r.r.m.I.D.CanvasMainChange - displayImage : 838.0x1024.0
2025-07-17 11:28:42 INFO  c.r.r.m.I.D.MainDrawTool - Brightness and Contrast 0.0 0.6900330212765957
2025-07-17 11:28:42 INFO  c.r.r.m.I.D.CanvasMainChange - cropRect : {0, 0, 838x1024}
2025-07-17 11:28:42 INFO  c.r.r.m.I.D.CanvasMainChange - after cropRect : {0, 0, 838x1024}
2025-07-17 11:28:42 INFO  c.r.r.m.I.D.CanvasMainChange - displayImage : 838.0x1024.0
2025-07-17 11:28:42 INFO  c.r.r.m.I.D.MainDrawTool - Brightness and Contrast 0.0 0.6257715744680852
2025-07-17 11:28:42 INFO  c.r.r.m.I.D.CanvasMainChange - cropRect : {0, 0, 838x1024}
2025-07-17 11:28:42 INFO  c.r.r.m.I.D.CanvasMainChange - after cropRect : {0, 0, 838x1024}
2025-07-17 11:28:42 INFO  c.r.r.m.I.D.CanvasMainChange - displayImage : 838.0x1024.0
2025-07-17 11:28:42 INFO  c.r.r.m.I.D.MainDrawTool - Brightness and Contrast 0.0 0.5917508085106383
2025-07-17 11:28:42 INFO  c.r.r.m.I.D.CanvasMainChange - cropRect : {0, 0, 838x1024}
2025-07-17 11:28:42 INFO  c.r.r.m.I.D.CanvasMainChange - after cropRect : {0, 0, 838x1024}
2025-07-17 11:28:42 INFO  c.r.r.m.I.D.CanvasMainChange - displayImage : 838.0x1024.0
2025-07-17 11:28:43 INFO  c.r.r.m.I.D.MainDrawTool - Brightness and Contrast 0.0 0.5728503829787235
2025-07-17 11:28:43 INFO  c.r.r.m.I.D.CanvasMainChange - cropRect : {0, 0, 838x1024}
2025-07-17 11:28:43 INFO  c.r.r.m.I.D.CanvasMainChange - after cropRect : {0, 0, 838x1024}
2025-07-17 11:28:43 INFO  c.r.r.m.I.D.CanvasMainChange - displayImage : 838.0x1024.0
2025-07-17 11:28:43 INFO  c.r.r.m.I.D.MainDrawTool - Brightness and Contrast 0.0 0.5539499574468085
2025-07-17 11:28:43 INFO  c.r.r.m.I.D.CanvasMainChange - cropRect : {0, 0, 838x1024}
2025-07-17 11:28:43 INFO  c.r.r.m.I.D.CanvasMainChange - after cropRect : {0, 0, 838x1024}
2025-07-17 11:28:43 INFO  c.r.r.m.I.D.CanvasMainChange - displayImage : 838.0x1024.0
2025-07-17 11:28:45 INFO  c.r.r.m.I.D.MainDrawTool - Brightness and Contrast 0.0 0.5463897872340424
2025-07-17 11:28:46 INFO  c.r.r.m.I.D.CanvasMainChange - cropRect : {0, 0, 838x1024}
2025-07-17 11:28:46 INFO  c.r.r.m.I.D.CanvasMainChange - after cropRect : {0, 0, 838x1024}
2025-07-17 11:28:46 INFO  c.r.r.m.I.D.CanvasMainChange - displayImage : 838.0x1024.0
2025-07-17 11:28:53 INFO  c.r.r.m.I.D.MainDrawTool - Brightness and Contrast 0.0 0.5463897872340424
2025-07-17 11:28:53 INFO  c.r.r.m.I.D.CanvasMainChange - cropRect : {0, 0, 838x1024}
2025-07-17 11:28:53 INFO  c.r.r.m.I.D.CanvasMainChange - after cropRect : {0, 0, 838x1024}
2025-07-17 11:28:53 INFO  c.r.r.m.I.D.CanvasMainChange - displayImage : 838.0x1024.0
2025-07-17 11:28:53 INFO  c.r.r.m.I.D.MainDrawTool - Brightness and Contrast 0.0 0.5312694468085105
2025-07-17 11:28:53 INFO  c.r.r.m.I.D.CanvasMainChange - cropRect : {0, 0, 838x1024}
2025-07-17 11:28:53 INFO  c.r.r.m.I.D.CanvasMainChange - after cropRect : {0, 0, 838x1024}
2025-07-17 11:28:53 INFO  c.r.r.m.I.D.CanvasMainChange - displayImage : 838.0x1024.0
2025-07-17 11:28:53 INFO  c.r.r.m.I.D.MainDrawTool - Brightness and Contrast 0.0 0.5237092765957447
2025-07-17 11:28:53 INFO  c.r.r.m.I.D.CanvasMainChange - cropRect : {0, 0, 838x1024}
2025-07-17 11:28:53 INFO  c.r.r.m.I.D.CanvasMainChange - after cropRect : {0, 0, 838x1024}
2025-07-17 11:28:53 INFO  c.r.r.m.I.D.CanvasMainChange - displayImage : 838.0x1024.0
2025-07-17 11:28:53 INFO  c.r.r.m.I.D.MainDrawTool - Brightness and Contrast 0.0 0.5161491063829787
2025-07-17 11:28:53 INFO  c.r.r.m.I.D.CanvasMainChange - cropRect : {0, 0, 838x1024}
2025-07-17 11:28:53 INFO  c.r.r.m.I.D.CanvasMainChange - after cropRect : {0, 0, 838x1024}
2025-07-17 11:28:53 INFO  c.r.r.m.I.D.CanvasMainChange - displayImage : 838.0x1024.0
2025-07-17 11:28:53 INFO  c.r.r.m.I.D.MainDrawTool - Brightness and Contrast 0.0 0.4859084255319149
2025-07-17 11:28:53 INFO  c.r.r.m.I.D.CanvasMainChange - cropRect : {0, 0, 838x1024}
2025-07-17 11:28:53 INFO  c.r.r.m.I.D.CanvasMainChange - after cropRect : {0, 0, 838x1024}
2025-07-17 11:28:53 INFO  c.r.r.m.I.D.CanvasMainChange - displayImage : 838.0x1024.0
2025-07-17 11:28:53 INFO  c.r.r.m.I.D.MainDrawTool - Brightness and Contrast 0.0 0.43298723404255307
2025-07-17 11:28:53 INFO  c.r.r.m.I.D.CanvasMainChange - cropRect : {0, 0, 838x1024}
2025-07-17 11:28:53 INFO  c.r.r.m.I.D.CanvasMainChange - after cropRect : {0, 0, 838x1024}
2025-07-17 11:28:53 INFO  c.r.r.m.I.D.CanvasMainChange - displayImage : 838.0x1024.0
2025-07-17 11:28:53 INFO  c.r.r.m.I.D.MainDrawTool - Brightness and Contrast 0.0 0.38762621276595743
2025-07-17 11:28:53 INFO  c.r.r.m.I.D.CanvasMainChange - cropRect : {0, 0, 838x1024}
2025-07-17 11:28:53 INFO  c.r.r.m.I.D.CanvasMainChange - after cropRect : {0, 0, 838x1024}
2025-07-17 11:28:53 INFO  c.r.r.m.I.D.CanvasMainChange - displayImage : 838.0x1024.0
2025-07-17 11:28:54 INFO  c.r.r.m.I.D.MainDrawTool - Brightness and Contrast 0.0 0.38006604255319154
2025-07-17 11:28:54 INFO  c.r.r.m.I.D.CanvasMainChange - cropRect : {0, 0, 838x1024}
2025-07-17 11:28:54 INFO  c.r.r.m.I.D.CanvasMainChange - after cropRect : {0, 0, 838x1024}
2025-07-17 11:28:54 INFO  c.r.r.m.I.D.CanvasMainChange - displayImage : 838.0x1024.0
2025-07-17 11:28:54 INFO  c.r.r.m.I.D.MainDrawTool - Brightness and Contrast 0.0 0.37628595744680843
2025-07-17 11:28:54 INFO  c.r.r.m.I.D.CanvasMainChange - cropRect : {0, 0, 838x1024}
2025-07-17 11:28:54 INFO  c.r.r.m.I.D.CanvasMainChange - after cropRect : {0, 0, 838x1024}
2025-07-17 11:28:54 INFO  c.r.r.m.I.D.CanvasMainChange - displayImage : 838.0x1024.0
2025-07-17 11:28:54 INFO  c.r.r.m.I.D.MainDrawTool - Brightness and Contrast 0.0 0.37250587234042554
2025-07-17 11:28:54 INFO  c.r.r.m.I.D.CanvasMainChange - cropRect : {0, 0, 838x1024}
2025-07-17 11:28:54 INFO  c.r.r.m.I.D.CanvasMainChange - after cropRect : {0, 0, 838x1024}
2025-07-17 11:28:54 INFO  c.r.r.m.I.D.CanvasMainChange - displayImage : 838.0x1024.0
2025-07-17 11:28:54 INFO  c.r.r.m.I.D.MainDrawTool - Brightness and Contrast 0.0 0.3687257872340425
2025-07-17 11:28:54 INFO  c.r.r.m.I.D.CanvasMainChange - cropRect : {0, 0, 838x1024}
2025-07-17 11:28:54 INFO  c.r.r.m.I.D.CanvasMainChange - after cropRect : {0, 0, 838x1024}
2025-07-17 11:28:54 INFO  c.r.r.m.I.D.CanvasMainChange - displayImage : 838.0x1024.0
2025-07-17 11:28:56 INFO  c.r.r.m.I.D.MainDrawTool - Brightness and Contrast 0.0 0.36494570212765953
2025-07-17 11:28:56 INFO  c.r.r.m.I.D.CanvasMainChange - cropRect : {0, 0, 838x1024}
2025-07-17 11:28:56 INFO  c.r.r.m.I.D.CanvasMainChange - after cropRect : {0, 0, 838x1024}
2025-07-17 11:28:56 INFO  c.r.r.m.I.D.CanvasMainChange - displayImage : 838.0x1024.0
2025-07-17 11:28:56 INFO  c.r.r.m.I.D.MainDrawTool - Brightness and Contrast 0.0 0.27044357446808504
2025-07-17 11:28:56 INFO  c.r.r.m.I.D.CanvasMainChange - cropRect : {0, 0, 838x1024}
2025-07-17 11:28:56 INFO  c.r.r.m.I.D.CanvasMainChange - after cropRect : {0, 0, 838x1024}
2025-07-17 11:28:56 INFO  c.r.r.m.I.D.CanvasMainChange - displayImage : 838.0x1024.0
2025-07-17 11:28:56 INFO  c.r.r.m.I.D.MainDrawTool - Brightness and Contrast 0.0 0.1646011914893617
2025-07-17 11:28:56 INFO  c.r.r.m.I.D.CanvasMainChange - cropRect : {0, 0, 838x1024}
2025-07-17 11:28:56 INFO  c.r.r.m.I.D.CanvasMainChange - after cropRect : {0, 0, 838x1024}
2025-07-17 11:28:56 INFO  c.r.r.m.I.D.CanvasMainChange - displayImage : 838.0x1024.0
2025-07-17 11:28:56 INFO  c.r.r.m.I.D.MainDrawTool - Brightness and Contrast 0.0 0.12680034042553184
2025-07-17 11:28:56 INFO  c.r.r.m.I.D.CanvasMainChange - cropRect : {0, 0, 838x1024}
2025-07-17 11:28:56 INFO  c.r.r.m.I.D.CanvasMainChange - after cropRect : {0, 0, 838x1024}
2025-07-17 11:28:56 INFO  c.r.r.m.I.D.CanvasMainChange - displayImage : 838.0x1024.0
2025-07-17 11:28:56 INFO  c.r.r.m.I.D.MainDrawTool - Brightness and Contrast 0.0 0.11167999999999995
2025-07-17 11:28:56 INFO  c.r.r.m.I.D.CanvasMainChange - cropRect : {0, 0, 838x1024}
2025-07-17 11:28:56 INFO  c.r.r.m.I.D.CanvasMainChange - after cropRect : {0, 0, 838x1024}
2025-07-17 11:28:56 INFO  c.r.r.m.I.D.CanvasMainChange - displayImage : 838.0x1024.0
2025-07-17 11:28:56 INFO  c.r.r.m.I.D.MainDrawTool - Brightness and Contrast 0.0 0.07387914893617009
2025-07-17 11:28:56 INFO  c.r.r.m.I.D.CanvasMainChange - cropRect : {0, 0, 838x1024}
2025-07-17 11:28:56 INFO  c.r.r.m.I.D.CanvasMainChange - after cropRect : {0, 0, 838x1024}
2025-07-17 11:28:56 INFO  c.r.r.m.I.D.CanvasMainChange - displayImage : 838.0x1024.0
2025-07-17 11:28:56 INFO  c.r.r.m.I.D.MainDrawTool - Brightness and Contrast 0.0 0.02473804255319134
2025-07-17 11:28:56 INFO  c.r.r.m.I.D.CanvasMainChange - cropRect : {0, 0, 838x1024}
2025-07-17 11:28:56 INFO  c.r.r.m.I.D.CanvasMainChange - after cropRect : {0, 0, 838x1024}
2025-07-17 11:28:56 INFO  c.r.r.m.I.D.CanvasMainChange - displayImage : 838.0x1024.0
2025-07-17 11:28:56 INFO  c.r.r.m.I.D.MainDrawTool - Brightness and Contrast 0.0 0.00205753191489344
2025-07-17 11:28:56 INFO  c.r.r.m.I.D.CanvasMainChange - cropRect : {0, 0, 838x1024}
2025-07-17 11:28:56 INFO  c.r.r.m.I.D.CanvasMainChange - after cropRect : {0, 0, 838x1024}
2025-07-17 11:28:56 INFO  c.r.r.m.I.D.CanvasMainChange - displayImage : 838.0x1024.0
2025-07-17 11:28:56 INFO  c.r.r.m.I.D.MainDrawTool - Brightness and Contrast 0.0 0.0
2025-07-17 11:28:56 INFO  c.r.r.m.I.D.CanvasMainChange - cropRect : {0, 0, 838x1024}
2025-07-17 11:28:56 INFO  c.r.r.m.I.D.CanvasMainChange - after cropRect : {0, 0, 838x1024}
2025-07-17 11:28:56 INFO  c.r.r.m.I.D.CanvasMainChange - displayImage : 838.0x1024.0
2025-07-17 11:28:56 INFO  c.r.r.m.I.D.MainDrawTool - Brightness and Contrast 0.0 0.0
2025-07-17 11:28:56 INFO  c.r.r.m.I.D.CanvasMainChange - cropRect : {0, 0, 838x1024}
2025-07-17 11:28:56 INFO  c.r.r.m.I.D.CanvasMainChange - after cropRect : {0, 0, 838x1024}
2025-07-17 11:28:56 INFO  c.r.r.m.I.D.CanvasMainChange - displayImage : 838.0x1024.0
2025-07-17 11:28:56 INFO  c.r.r.m.I.D.MainDrawTool - Brightness and Contrast 0.0 0.0
2025-07-17 11:28:56 INFO  c.r.r.m.I.D.CanvasMainChange - cropRect : {0, 0, 838x1024}
2025-07-17 11:28:56 INFO  c.r.r.m.I.D.CanvasMainChange - after cropRect : {0, 0, 838x1024}
2025-07-17 11:28:56 INFO  c.r.r.m.I.D.CanvasMainChange - displayImage : 838.0x1024.0
2025-07-17 11:29:01 INFO  c.r.r.m.I.D.MainDrawTool - Brightness and Contrast 0.0 0.0
2025-07-17 11:29:01 INFO  c.r.r.m.I.D.CanvasMainChange - cropRect : {0, 0, 838x1024}
2025-07-17 11:29:01 INFO  c.r.r.m.I.D.CanvasMainChange - after cropRect : {0, 0, 838x1024}
2025-07-17 11:29:01 INFO  c.r.r.m.I.D.CanvasMainChange - displayImage : 838.0x1024.0
2025-07-17 11:29:01 INFO  c.r.r.m.I.D.MainDrawTool - Brightness and Contrast 0.0 0.06631897872340409
2025-07-17 11:29:01 INFO  c.r.r.m.I.D.CanvasMainChange - cropRect : {0, 0, 838x1024}
2025-07-17 11:29:01 INFO  c.r.r.m.I.D.CanvasMainChange - after cropRect : {0, 0, 838x1024}
2025-07-17 11:29:01 INFO  c.r.r.m.I.D.CanvasMainChange - displayImage : 838.0x1024.0
2025-07-17 11:29:01 INFO  c.r.r.m.I.D.MainDrawTool - Brightness and Contrast 0.0 0.24398297872340424
2025-07-17 11:29:01 INFO  c.r.r.m.I.D.CanvasMainChange - cropRect : {0, 0, 838x1024}
2025-07-17 11:29:01 INFO  c.r.r.m.I.D.CanvasMainChange - after cropRect : {0, 0, 838x1024}
2025-07-17 11:29:01 INFO  c.r.r.m.I.D.CanvasMainChange - displayImage : 838.0x1024.0
2025-07-17 11:29:01 INFO  c.r.r.m.I.D.MainDrawTool - Brightness and Contrast 0.0 0.285563914893617
2025-07-17 11:29:01 INFO  c.r.r.m.I.D.CanvasMainChange - cropRect : {0, 0, 838x1024}
2025-07-17 11:29:01 INFO  c.r.r.m.I.D.CanvasMainChange - after cropRect : {0, 0, 838x1024}
2025-07-17 11:29:01 INFO  c.r.r.m.I.D.CanvasMainChange - displayImage : 838.0x1024.0
2025-07-17 11:29:01 INFO  c.r.r.m.I.D.MainDrawTool - Brightness and Contrast 0.0 0.3082444255319149
2025-07-17 11:29:01 INFO  c.r.r.m.I.D.CanvasMainChange - cropRect : {0, 0, 838x1024}
2025-07-17 11:29:01 INFO  c.r.r.m.I.D.CanvasMainChange - after cropRect : {0, 0, 838x1024}
2025-07-17 11:29:01 INFO  c.r.r.m.I.D.CanvasMainChange - displayImage : 838.0x1024.0
2025-07-17 11:29:01 INFO  c.r.r.m.I.D.MainDrawTool - Brightness and Contrast 0.0 0.32714485106382973
2025-07-17 11:29:01 INFO  c.r.r.m.I.D.CanvasMainChange - cropRect : {0, 0, 838x1024}
2025-07-17 11:29:01 INFO  c.r.r.m.I.D.CanvasMainChange - after cropRect : {0, 0, 838x1024}
2025-07-17 11:29:01 INFO  c.r.r.m.I.D.CanvasMainChange - displayImage : 838.0x1024.0
2025-07-17 11:29:01 INFO  c.r.r.m.I.D.MainDrawTool - Brightness and Contrast 0.0 0.3536054468085105
2025-07-17 11:29:01 INFO  c.r.r.m.I.D.CanvasMainChange - cropRect : {0, 0, 838x1024}
2025-07-17 11:29:01 INFO  c.r.r.m.I.D.CanvasMainChange - after cropRect : {0, 0, 838x1024}
2025-07-17 11:29:01 INFO  c.r.r.m.I.D.CanvasMainChange - displayImage : 838.0x1024.0
2025-07-17 11:29:01 INFO  c.r.r.m.I.D.MainDrawTool - Brightness and Contrast 0.0 0.3687257872340425
2025-07-17 11:29:01 INFO  c.r.r.m.I.D.CanvasMainChange - cropRect : {0, 0, 838x1024}
2025-07-17 11:29:01 INFO  c.r.r.m.I.D.CanvasMainChange - after cropRect : {0, 0, 838x1024}
2025-07-17 11:29:01 INFO  c.r.r.m.I.D.CanvasMainChange - displayImage : 838.0x1024.0
2025-07-17 11:29:01 INFO  c.r.r.m.I.D.MainDrawTool - Brightness and Contrast 0.0 0.39896646808510633
2025-07-17 11:29:01 INFO  c.r.r.m.I.D.CanvasMainChange - cropRect : {0, 0, 838x1024}
2025-07-17 11:29:01 INFO  c.r.r.m.I.D.CanvasMainChange - after cropRect : {0, 0, 838x1024}
2025-07-17 11:29:01 INFO  c.r.r.m.I.D.CanvasMainChange - displayImage : 838.0x1024.0
2025-07-17 11:29:01 INFO  c.r.r.m.I.D.MainDrawTool - Brightness and Contrast 0.0 0.4178668936170211
2025-07-17 11:29:01 INFO  c.r.r.m.I.D.CanvasMainChange - cropRect : {0, 0, 838x1024}
2025-07-17 11:29:01 INFO  c.r.r.m.I.D.CanvasMainChange - after cropRect : {0, 0, 838x1024}
2025-07-17 11:29:01 INFO  c.r.r.m.I.D.CanvasMainChange - displayImage : 838.0x1024.0
2025-07-17 11:29:01 INFO  c.r.r.m.I.D.MainDrawTool - Brightness and Contrast 0.0 0.4367673191489362
2025-07-17 11:29:01 INFO  c.r.r.m.I.D.CanvasMainChange - cropRect : {0, 0, 838x1024}
2025-07-17 11:29:01 INFO  c.r.r.m.I.D.CanvasMainChange - after cropRect : {0, 0, 838x1024}
2025-07-17 11:29:01 INFO  c.r.r.m.I.D.CanvasMainChange - displayImage : 838.0x1024.0
2025-07-17 11:29:01 INFO  c.r.r.m.I.D.MainDrawTool - Brightness and Contrast 0.0 0.4518876595744681
2025-07-17 11:29:01 INFO  c.r.r.m.I.D.CanvasMainChange - cropRect : {0, 0, 838x1024}
2025-07-17 11:29:01 INFO  c.r.r.m.I.D.CanvasMainChange - after cropRect : {0, 0, 838x1024}
2025-07-17 11:29:01 INFO  c.r.r.m.I.D.CanvasMainChange - displayImage : 838.0x1024.0
2025-07-17 11:29:01 INFO  c.r.r.m.I.D.MainDrawTool - Brightness and Contrast 0.0 0.46700799999999987
2025-07-17 11:29:02 INFO  c.r.r.m.I.D.CanvasMainChange - cropRect : {0, 0, 838x1024}
2025-07-17 11:29:02 INFO  c.r.r.m.I.D.CanvasMainChange - after cropRect : {0, 0, 838x1024}
2025-07-17 11:29:02 INFO  c.r.r.m.I.D.CanvasMainChange - displayImage : 838.0x1024.0
2025-07-17 11:29:02 INFO  c.r.r.m.I.D.MainDrawTool - Brightness and Contrast 0.0 0.48212834042553177
2025-07-17 11:29:02 INFO  c.r.r.m.I.D.CanvasMainChange - cropRect : {0, 0, 838x1024}
2025-07-17 11:29:02 INFO  c.r.r.m.I.D.CanvasMainChange - after cropRect : {0, 0, 838x1024}
2025-07-17 11:29:02 INFO  c.r.r.m.I.D.CanvasMainChange - displayImage : 838.0x1024.0
2025-07-17 11:29:02 INFO  c.r.r.m.I.D.MainDrawTool - Brightness and Contrast 0.0 0.48968851063829777
2025-07-17 11:29:02 INFO  c.r.r.m.I.D.CanvasMainChange - cropRect : {0, 0, 838x1024}
2025-07-17 11:29:02 INFO  c.r.r.m.I.D.CanvasMainChange - after cropRect : {0, 0, 838x1024}
2025-07-17 11:29:02 INFO  c.r.r.m.I.D.CanvasMainChange - displayImage : 838.0x1024.0
2025-07-17 11:29:02 INFO  c.r.r.m.I.D.MainDrawTool - Brightness and Contrast 0.0 0.4934685957446808
2025-07-17 11:29:02 INFO  c.r.r.m.I.D.CanvasMainChange - cropRect : {0, 0, 838x1024}
2025-07-17 11:29:02 INFO  c.r.r.m.I.D.CanvasMainChange - after cropRect : {0, 0, 838x1024}
2025-07-17 11:29:02 INFO  c.r.r.m.I.D.CanvasMainChange - displayImage : 838.0x1024.0
2025-07-17 11:29:02 INFO  c.r.r.m.I.D.MainDrawTool - Brightness and Contrast 0.0 0.5312694468085105
2025-07-17 11:29:02 INFO  c.r.r.m.I.D.CanvasMainChange - cropRect : {0, 0, 838x1024}
2025-07-17 11:29:02 INFO  c.r.r.m.I.D.CanvasMainChange - after cropRect : {0, 0, 838x1024}
2025-07-17 11:29:02 INFO  c.r.r.m.I.D.CanvasMainChange - displayImage : 838.0x1024.0
2025-07-17 11:29:02 INFO  c.r.r.m.I.D.MainDrawTool - Brightness and Contrast 0.0 0.5501698723404255
2025-07-17 11:29:02 INFO  c.r.r.m.I.D.CanvasMainChange - cropRect : {0, 0, 838x1024}
2025-07-17 11:29:02 INFO  c.r.r.m.I.D.CanvasMainChange - after cropRect : {0, 0, 838x1024}
2025-07-17 11:29:02 INFO  c.r.r.m.I.D.CanvasMainChange - displayImage : 838.0x1024.0
2025-07-17 11:29:02 INFO  c.r.r.m.I.D.MainDrawTool - Brightness and Contrast 0.0 0.5539499574468084
2025-07-17 11:29:02 INFO  c.r.r.m.I.D.CanvasMainChange - cropRect : {0, 0, 838x1024}
2025-07-17 11:29:02 INFO  c.r.r.m.I.D.CanvasMainChange - after cropRect : {0, 0, 838x1024}
2025-07-17 11:29:02 INFO  c.r.r.m.I.D.CanvasMainChange - displayImage : 838.0x1024.0
2025-07-17 11:29:02 INFO  c.r.r.m.I.D.MainDrawTool - Brightness and Contrast 0.0 0.5766304680851063
2025-07-17 11:29:02 INFO  c.r.r.m.I.D.CanvasMainChange - cropRect : {0, 0, 838x1024}
2025-07-17 11:29:02 INFO  c.r.r.m.I.D.CanvasMainChange - after cropRect : {0, 0, 838x1024}
2025-07-17 11:29:02 INFO  c.r.r.m.I.D.CanvasMainChange - displayImage : 838.0x1024.0
2025-07-17 11:29:02 INFO  c.r.r.m.I.D.MainDrawTool - Brightness and Contrast 0.0 0.633331744680851
2025-07-17 11:29:02 INFO  c.r.r.m.I.D.CanvasMainChange - cropRect : {0, 0, 838x1024}
2025-07-17 11:29:02 INFO  c.r.r.m.I.D.CanvasMainChange - after cropRect : {0, 0, 838x1024}
2025-07-17 11:29:02 INFO  c.r.r.m.I.D.CanvasMainChange - displayImage : 838.0x1024.0
2025-07-17 11:29:02 INFO  c.r.r.m.I.D.MainDrawTool - Brightness and Contrast 0.0 0.652232170212766
2025-07-17 11:29:02 INFO  c.r.r.m.I.D.CanvasMainChange - cropRect : {0, 0, 838x1024}
2025-07-17 11:29:02 INFO  c.r.r.m.I.D.CanvasMainChange - after cropRect : {0, 0, 838x1024}
2025-07-17 11:29:02 INFO  c.r.r.m.I.D.CanvasMainChange - displayImage : 838.0x1024.0
2025-07-17 11:29:03 INFO  c.r.r.m.I.D.CanvasMainChange - cropRect : {0, 0, 838x1024}
2025-07-17 11:29:03 INFO  c.r.r.m.I.D.CanvasMainChange - after cropRect : {0, 0, 838x1024}
2025-07-17 11:29:03 INFO  c.r.r.m.I.D.CanvasMainChange - displayImage : 838.0x1024.0
2025-07-17 11:29:04 INFO  c.r.r.m.I.D.MainDrawTool - frame type CV_16UC1
2025-07-17 11:29:04 INFO  c.r.r.m.I.D.MainDrawTool - Brightness and Contrast 55.993191489361784 0.652232170212766
2025-07-17 11:29:04 INFO  c.r.r.m.I.D.CanvasMainChange - cropRect : {0, 0, 838x1024}
2025-07-17 11:29:04 INFO  c.r.r.m.I.D.CanvasMainChange - after cropRect : {0, 0, 838x1024}
2025-07-17 11:29:04 INFO  c.r.r.m.I.D.CanvasMainChange - displayImage : 838.0x1024.0
2025-07-17 11:29:04 INFO  c.r.r.m.I.D.MainDrawTool - frame type CV_16UC1
2025-07-17 11:29:04 INFO  c.r.r.m.I.D.MainDrawTool - Brightness and Contrast 83.98978723404268 0.652232170212766
2025-07-17 11:29:04 INFO  c.r.r.m.I.D.CanvasMainChange - cropRect : {0, 0, 838x1024}
2025-07-17 11:29:04 INFO  c.r.r.m.I.D.CanvasMainChange - after cropRect : {0, 0, 838x1024}
2025-07-17 11:29:04 INFO  c.r.r.m.I.D.CanvasMainChange - displayImage : 838.0x1024.0
2025-07-17 11:29:04 INFO  c.r.r.m.I.D.MainDrawTool - frame type CV_16UC1
2025-07-17 11:29:04 INFO  c.r.r.m.I.D.MainDrawTool - Brightness and Contrast 559.9319148936171 0.652232170212766
2025-07-17 11:29:04 INFO  c.r.r.m.I.D.CanvasMainChange - cropRect : {0, 0, 838x1024}
2025-07-17 11:29:04 INFO  c.r.r.m.I.D.CanvasMainChange - after cropRect : {0, 0, 838x1024}
2025-07-17 11:29:04 INFO  c.r.r.m.I.D.CanvasMainChange - displayImage : 838.0x1024.0
2025-07-17 11:29:04 INFO  c.r.r.m.I.D.MainDrawTool - frame type CV_16UC1
2025-07-17 11:29:04 INFO  c.r.r.m.I.D.MainDrawTool - Brightness and Contrast 1175.857021276596 0.652232170212766
2025-07-17 11:29:04 INFO  c.r.r.m.I.D.CanvasMainChange - cropRect : {0, 0, 838x1024}
2025-07-17 11:29:04 INFO  c.r.r.m.I.D.CanvasMainChange - after cropRect : {0, 0, 838x1024}
2025-07-17 11:29:04 INFO  c.r.r.m.I.D.CanvasMainChange - displayImage : 838.0x1024.0
2025-07-17 11:29:04 INFO  c.r.r.m.I.D.MainDrawTool - frame type CV_16UC1
2025-07-17 11:29:04 INFO  c.r.r.m.I.D.MainDrawTool - Brightness and Contrast 2547.6902127659578 0.652232170212766
2025-07-17 11:29:04 INFO  c.r.r.m.I.D.CanvasMainChange - cropRect : {0, 0, 838x1024}
2025-07-17 11:29:04 INFO  c.r.r.m.I.D.CanvasMainChange - after cropRect : {0, 0, 838x1024}
2025-07-17 11:29:04 INFO  c.r.r.m.I.D.CanvasMainChange - displayImage : 838.0x1024.0
2025-07-17 11:29:04 INFO  c.r.r.m.I.D.MainDrawTool - frame type CV_16UC1
2025-07-17 11:29:04 INFO  c.r.r.m.I.D.MainDrawTool - Brightness and Contrast 4787.417872340426 0.652232170212766
2025-07-17 11:29:04 INFO  c.r.r.m.I.D.CanvasMainChange - cropRect : {0, 0, 838x1024}
2025-07-17 11:29:04 INFO  c.r.r.m.I.D.CanvasMainChange - after cropRect : {0, 0, 838x1024}
2025-07-17 11:29:04 INFO  c.r.r.m.I.D.CanvasMainChange - displayImage : 838.0x1024.0
2025-07-17 11:29:04 INFO  c.r.r.m.I.D.MainDrawTool - frame type CV_16UC1
2025-07-17 11:29:04 INFO  c.r.r.m.I.D.MainDrawTool - Brightness and Contrast 6775.176170212766 0.652232170212766
2025-07-17 11:29:04 INFO  c.r.r.m.I.D.CanvasMainChange - cropRect : {0, 0, 838x1024}
2025-07-17 11:29:04 INFO  c.r.r.m.I.D.CanvasMainChange - after cropRect : {0, 0, 838x1024}
2025-07-17 11:29:04 INFO  c.r.r.m.I.D.CanvasMainChange - displayImage : 838.0x1024.0
2025-07-17 11:29:04 INFO  c.r.r.m.I.D.MainDrawTool - frame type CV_16UC1
2025-07-17 11:29:04 INFO  c.r.r.m.I.D.MainDrawTool - Brightness and Contrast 8454.971914893616 0.652232170212766
2025-07-17 11:29:04 INFO  c.r.r.m.I.D.CanvasMainChange - cropRect : {0, 0, 838x1024}
2025-07-17 11:29:04 INFO  c.r.r.m.I.D.CanvasMainChange - after cropRect : {0, 0, 838x1024}
2025-07-17 11:29:04 INFO  c.r.r.m.I.D.CanvasMainChange - displayImage : 838.0x1024.0
2025-07-17 11:29:04 INFO  c.r.r.m.I.D.MainDrawTool - frame type CV_16UC1
2025-07-17 11:29:04 INFO  c.r.r.m.I.D.MainDrawTool - Brightness and Contrast 8846.92425531915 0.652232170212766
2025-07-17 11:29:04 INFO  c.r.r.m.I.D.CanvasMainChange - cropRect : {0, 0, 838x1024}
2025-07-17 11:29:04 INFO  c.r.r.m.I.D.CanvasMainChange - after cropRect : {0, 0, 838x1024}
2025-07-17 11:29:04 INFO  c.r.r.m.I.D.CanvasMainChange - displayImage : 838.0x1024.0
2025-07-17 11:29:04 INFO  c.r.r.m.I.D.MainDrawTool - frame type CV_16UC1
2025-07-17 11:29:04 INFO  c.r.r.m.I.D.MainDrawTool - Brightness and Contrast 9350.862978723406 0.652232170212766
2025-07-17 11:29:04 INFO  c.r.r.m.I.D.CanvasMainChange - cropRect : {0, 0, 838x1024}
2025-07-17 11:29:04 INFO  c.r.r.m.I.D.CanvasMainChange - after cropRect : {0, 0, 838x1024}
2025-07-17 11:29:04 INFO  c.r.r.m.I.D.CanvasMainChange - displayImage : 838.0x1024.0
2025-07-17 11:29:04 INFO  c.r.r.m.I.D.MainDrawTool - frame type CV_16UC1
2025-07-17 11:29:04 INFO  c.r.r.m.I.D.MainDrawTool - Brightness and Contrast 9630.828936170212 0.652232170212766
2025-07-17 11:29:04 INFO  c.r.r.m.I.D.CanvasMainChange - cropRect : {0, 0, 838x1024}
2025-07-17 11:29:04 INFO  c.r.r.m.I.D.CanvasMainChange - after cropRect : {0, 0, 838x1024}
2025-07-17 11:29:04 INFO  c.r.r.m.I.D.CanvasMainChange - displayImage : 838.0x1024.0
2025-07-17 11:29:04 INFO  c.r.r.m.I.D.MainDrawTool - frame type CV_16UC1
2025-07-17 11:29:04 INFO  c.r.r.m.I.D.MainDrawTool - Brightness and Contrast 9882.798297872341 0.652232170212766
2025-07-17 11:29:05 INFO  c.r.r.m.I.D.CanvasMainChange - cropRect : {0, 0, 838x1024}
2025-07-17 11:29:05 INFO  c.r.r.m.I.D.CanvasMainChange - after cropRect : {0, 0, 838x1024}
2025-07-17 11:29:05 INFO  c.r.r.m.I.D.CanvasMainChange - displayImage : 838.0x1024.0
2025-07-17 11:29:05 INFO  c.r.r.m.I.D.MainDrawTool - frame type CV_16UC1
2025-07-17 11:29:05 INFO  c.r.r.m.I.D.MainDrawTool - Brightness and Contrast 10134.767659574467 0.652232170212766
2025-07-17 11:29:05 INFO  c.r.r.m.I.D.CanvasMainChange - cropRect : {0, 0, 838x1024}
2025-07-17 11:29:05 INFO  c.r.r.m.I.D.CanvasMainChange - after cropRect : {0, 0, 838x1024}
2025-07-17 11:29:05 INFO  c.r.r.m.I.D.CanvasMainChange - displayImage : 838.0x1024.0
2025-07-17 11:29:05 INFO  c.r.r.m.I.D.MainDrawTool - frame type CV_16UC1
2025-07-17 11:29:05 INFO  c.r.r.m.I.D.MainDrawTool - Brightness and Contrast 10330.743829787236 0.652232170212766
2025-07-17 11:29:05 INFO  c.r.r.m.I.D.CanvasMainChange - cropRect : {0, 0, 838x1024}
2025-07-17 11:29:05 INFO  c.r.r.m.I.D.CanvasMainChange - after cropRect : {0, 0, 838x1024}
2025-07-17 11:29:05 INFO  c.r.r.m.I.D.CanvasMainChange - displayImage : 838.0x1024.0
2025-07-17 11:29:05 INFO  c.r.r.m.I.D.MainDrawTool - frame type CV_16UC1
2025-07-17 11:29:05 INFO  c.r.r.m.I.D.MainDrawTool - Brightness and Contrast 10526.720000000001 0.652232170212766
2025-07-17 11:29:05 INFO  c.r.r.m.I.D.CanvasMainChange - cropRect : {0, 0, 838x1024}
2025-07-17 11:29:05 INFO  c.r.r.m.I.D.CanvasMainChange - after cropRect : {0, 0, 838x1024}
2025-07-17 11:29:05 INFO  c.r.r.m.I.D.CanvasMainChange - displayImage : 838.0x1024.0
2025-07-17 11:29:05 INFO  c.r.r.m.I.D.MainDrawTool - frame type CV_16UC1
2025-07-17 11:29:05 INFO  c.r.r.m.I.D.MainDrawTool - Brightness and Contrast 10918.672340425534 0.652232170212766
2025-07-17 11:29:05 INFO  c.r.r.m.I.D.CanvasMainChange - cropRect : {0, 0, 838x1024}
2025-07-17 11:29:05 INFO  c.r.r.m.I.D.CanvasMainChange - after cropRect : {0, 0, 838x1024}
2025-07-17 11:29:05 INFO  c.r.r.m.I.D.CanvasMainChange - displayImage : 838.0x1024.0
2025-07-17 11:29:05 INFO  c.r.r.m.I.D.MainDrawTool - frame type CV_16UC1
2025-07-17 11:29:05 INFO  c.r.r.m.I.D.MainDrawTool - Brightness and Contrast 11254.631489361704 0.652232170212766
2025-07-17 11:29:05 INFO  c.r.r.m.I.D.CanvasMainChange - cropRect : {0, 0, 838x1024}
2025-07-17 11:29:05 INFO  c.r.r.m.I.D.CanvasMainChange - after cropRect : {0, 0, 838x1024}
2025-07-17 11:29:05 INFO  c.r.r.m.I.D.CanvasMainChange - displayImage : 838.0x1024.0
2025-07-17 11:29:05 INFO  c.r.r.m.I.D.MainDrawTool - frame type CV_16UC1
2025-07-17 11:29:05 INFO  c.r.r.m.I.D.MainDrawTool - Brightness and Contrast 11618.587234042552 0.652232170212766
2025-07-17 11:29:05 INFO  c.r.r.m.I.D.CanvasMainChange - cropRect : {0, 0, 838x1024}
2025-07-17 11:29:05 INFO  c.r.r.m.I.D.CanvasMainChange - after cropRect : {0, 0, 838x1024}
2025-07-17 11:29:05 INFO  c.r.r.m.I.D.CanvasMainChange - displayImage : 838.0x1024.0
2025-07-17 11:29:05 INFO  c.r.r.m.I.D.MainDrawTool - frame type CV_16UC1
2025-07-17 11:29:05 INFO  c.r.r.m.I.D.MainDrawTool - Brightness and Contrast 11786.566808510639 0.652232170212766
2025-07-17 11:29:05 INFO  c.r.r.m.I.D.CanvasMainChange - cropRect : {0, 0, 838x1024}
2025-07-17 11:29:05 INFO  c.r.r.m.I.D.CanvasMainChange - after cropRect : {0, 0, 838x1024}
2025-07-17 11:29:05 INFO  c.r.r.m.I.D.CanvasMainChange - displayImage : 838.0x1024.0
2025-07-17 11:29:05 INFO  c.r.r.m.I.D.MainDrawTool - frame type CV_16UC1
2025-07-17 11:29:05 INFO  c.r.r.m.I.D.MainDrawTool - Brightness and Contrast 11842.56 0.652232170212766
2025-07-17 11:29:05 INFO  c.r.r.m.I.D.CanvasMainChange - cropRect : {0, 0, 838x1024}
2025-07-17 11:29:05 INFO  c.r.r.m.I.D.CanvasMainChange - after cropRect : {0, 0, 838x1024}
2025-07-17 11:29:05 INFO  c.r.r.m.I.D.CanvasMainChange - displayImage : 838.0x1024.0
2025-07-17 11:29:05 INFO  c.r.r.m.I.D.MainDrawTool - frame type CV_16UC1
2025-07-17 11:29:05 INFO  c.r.r.m.I.D.MainDrawTool - Brightness and Contrast 11870.556595744682 0.652232170212766
2025-07-17 11:29:05 INFO  c.r.r.m.I.D.CanvasMainChange - cropRect : {0, 0, 838x1024}
2025-07-17 11:29:05 INFO  c.r.r.m.I.D.CanvasMainChange - after cropRect : {0, 0, 838x1024}
2025-07-17 11:29:05 INFO  c.r.r.m.I.D.CanvasMainChange - displayImage : 838.0x1024.0
2025-07-17 11:29:05 INFO  c.r.r.m.I.D.MainDrawTool - frame type CV_16UC1
2025-07-17 11:29:05 INFO  c.r.r.m.I.D.MainDrawTool - Brightness and Contrast 11898.553191489362 0.652232170212766
2025-07-17 11:29:05 INFO  c.r.r.m.I.D.CanvasMainChange - cropRect : {0, 0, 838x1024}
2025-07-17 11:29:05 INFO  c.r.r.m.I.D.CanvasMainChange - after cropRect : {0, 0, 838x1024}
2025-07-17 11:29:05 INFO  c.r.r.m.I.D.CanvasMainChange - displayImage : 838.0x1024.0
2025-07-17 11:29:05 INFO  c.r.r.m.I.D.MainDrawTool - frame type CV_16UC1
2025-07-17 11:29:05 INFO  c.r.r.m.I.D.MainDrawTool - Brightness and Contrast 11898.553191489362 0.652232170212766
2025-07-17 11:29:05 INFO  c.r.r.m.I.D.CanvasMainChange - cropRect : {0, 0, 838x1024}
2025-07-17 11:29:05 INFO  c.r.r.m.I.D.CanvasMainChange - after cropRect : {0, 0, 838x1024}
2025-07-17 11:29:05 INFO  c.r.r.m.I.D.CanvasMainChange - displayImage : 838.0x1024.0
2025-07-17 11:29:05 INFO  c.r.r.m.I.D.MainDrawTool - frame type CV_16UC1
2025-07-17 11:29:05 INFO  c.r.r.m.I.D.MainDrawTool - Brightness and Contrast 11142.645106382979 0.652232170212766
2025-07-17 11:29:05 INFO  c.r.r.m.I.D.CanvasMainChange - cropRect : {0, 0, 838x1024}
2025-07-17 11:29:05 INFO  c.r.r.m.I.D.CanvasMainChange - after cropRect : {0, 0, 838x1024}
2025-07-17 11:29:05 INFO  c.r.r.m.I.D.CanvasMainChange - displayImage : 838.0x1024.0
2025-07-17 11:29:05 INFO  c.r.r.m.I.D.MainDrawTool - frame type CV_16UC1
2025-07-17 11:29:05 INFO  c.r.r.m.I.D.MainDrawTool - Brightness and Contrast 9014.903829787234 0.652232170212766
2025-07-17 11:29:05 INFO  c.r.r.m.I.D.CanvasMainChange - cropRect : {0, 0, 838x1024}
2025-07-17 11:29:05 INFO  c.r.r.m.I.D.CanvasMainChange - after cropRect : {0, 0, 838x1024}
2025-07-17 11:29:05 INFO  c.r.r.m.I.D.CanvasMainChange - displayImage : 838.0x1024.0
2025-07-17 11:29:05 INFO  c.r.r.m.I.D.MainDrawTool - frame type CV_16UC1
2025-07-17 11:29:05 INFO  c.r.r.m.I.D.MainDrawTool - Brightness and Contrast 5991.271489361702 0.652232170212766
2025-07-17 11:29:06 INFO  c.r.r.m.I.D.CanvasMainChange - cropRect : {0, 0, 838x1024}
2025-07-17 11:29:06 INFO  c.r.r.m.I.D.CanvasMainChange - after cropRect : {0, 0, 838x1024}
2025-07-17 11:29:06 INFO  c.r.r.m.I.D.CanvasMainChange - displayImage : 838.0x1024.0
2025-07-17 11:29:06 INFO  c.r.r.m.I.D.MainDrawTool - frame type CV_16UC1
2025-07-17 11:29:06 INFO  c.r.r.m.I.D.MainDrawTool - Brightness and Contrast 4731.424680851064 0.652232170212766
2025-07-17 11:29:06 INFO  c.r.r.m.I.D.CanvasMainChange - cropRect : {0, 0, 838x1024}
2025-07-17 11:29:06 INFO  c.r.r.m.I.D.CanvasMainChange - after cropRect : {0, 0, 838x1024}
2025-07-17 11:29:06 INFO  c.r.r.m.I.D.CanvasMainChange - displayImage : 838.0x1024.0
2025-07-17 11:29:06 INFO  c.r.r.m.I.D.MainDrawTool - frame type CV_16UC1
2025-07-17 11:29:06 INFO  c.r.r.m.I.D.MainDrawTool - Brightness and Contrast 3331.594893617021 0.652232170212766
2025-07-17 11:29:06 INFO  c.r.r.m.I.D.CanvasMainChange - cropRect : {0, 0, 838x1024}
2025-07-17 11:29:06 INFO  c.r.r.m.I.D.CanvasMainChange - after cropRect : {0, 0, 838x1024}
2025-07-17 11:29:06 INFO  c.r.r.m.I.D.CanvasMainChange - displayImage : 838.0x1024.0
2025-07-17 11:29:06 INFO  c.r.r.m.I.D.MainDrawTool - frame type CV_16UC1
2025-07-17 11:29:06 INFO  c.r.r.m.I.D.MainDrawTool - Brightness and Contrast 55.993191489361784 0.652232170212766
2025-07-17 11:29:06 INFO  c.r.r.m.I.D.CanvasMainChange - cropRect : {0, 0, 838x1024}
2025-07-17 11:29:06 INFO  c.r.r.m.I.D.CanvasMainChange - after cropRect : {0, 0, 838x1024}
2025-07-17 11:29:06 INFO  c.r.r.m.I.D.CanvasMainChange - displayImage : 838.0x1024.0
2025-07-17 11:29:06 INFO  c.r.r.m.I.D.MainDrawTool - frame type CV_16UC1
2025-07-17 11:29:06 INFO  c.r.r.m.I.D.MainDrawTool - Brightness and Contrast -1595.8059574468086 0.652232170212766
2025-07-17 11:29:06 INFO  c.r.r.m.I.D.CanvasMainChange - cropRect : {0, 0, 838x1024}
2025-07-17 11:29:06 INFO  c.r.r.m.I.D.CanvasMainChange - after cropRect : {0, 0, 838x1024}
2025-07-17 11:29:06 INFO  c.r.r.m.I.D.CanvasMainChange - displayImage : 838.0x1024.0
2025-07-17 11:29:06 INFO  c.r.r.m.I.D.MainDrawTool - frame type CV_16UC1
2025-07-17 11:29:06 INFO  c.r.r.m.I.D.MainDrawTool - Brightness and Contrast -2995.635744680851 0.652232170212766
2025-07-17 11:29:06 INFO  c.r.r.m.I.D.CanvasMainChange - cropRect : {0, 0, 838x1024}
2025-07-17 11:29:06 INFO  c.r.r.m.I.D.CanvasMainChange - after cropRect : {0, 0, 838x1024}
2025-07-17 11:29:06 INFO  c.r.r.m.I.D.CanvasMainChange - displayImage : 838.0x1024.0
2025-07-17 11:29:06 INFO  c.r.r.m.I.D.MainDrawTool - frame type CV_16UC1
2025-07-17 11:29:06 INFO  c.r.r.m.I.D.MainDrawTool - Brightness and Contrast -4983.394042553192 0.652232170212766
2025-07-17 11:29:06 INFO  c.r.r.m.I.D.CanvasMainChange - cropRect : {0, 0, 838x1024}
2025-07-17 11:29:06 INFO  c.r.r.m.I.D.CanvasMainChange - after cropRect : {0, 0, 838x1024}
2025-07-17 11:29:06 INFO  c.r.r.m.I.D.CanvasMainChange - displayImage : 838.0x1024.0
2025-07-17 11:29:06 INFO  c.r.r.m.I.D.MainDrawTool - frame type CV_16UC1
2025-07-17 11:29:06 INFO  c.r.r.m.I.D.MainDrawTool - Brightness and Contrast -6131.254468085106 0.652232170212766
2025-07-17 11:29:06 INFO  c.r.r.m.I.D.CanvasMainChange - cropRect : {0, 0, 838x1024}
2025-07-17 11:29:06 INFO  c.r.r.m.I.D.CanvasMainChange - after cropRect : {0, 0, 838x1024}
2025-07-17 11:29:06 INFO  c.r.r.m.I.D.CanvasMainChange - displayImage : 838.0x1024.0
2025-07-17 11:29:06 INFO  c.r.r.m.I.D.MainDrawTool - frame type CV_16UC1
2025-07-17 11:29:06 INFO  c.r.r.m.I.D.MainDrawTool - Brightness and Contrast -6859.165957446809 0.652232170212766
2025-07-17 11:29:06 INFO  c.r.r.m.I.D.CanvasMainChange - cropRect : {0, 0, 838x1024}
2025-07-17 11:29:06 INFO  c.r.r.m.I.D.CanvasMainChange - after cropRect : {0, 0, 838x1024}
2025-07-17 11:29:06 INFO  c.r.r.m.I.D.CanvasMainChange - displayImage : 838.0x1024.0
2025-07-17 11:29:06 INFO  c.r.r.m.I.D.MainDrawTool - frame type CV_16UC1
2025-07-17 11:29:06 INFO  c.r.r.m.I.D.MainDrawTool - Brightness and Contrast -7335.108085106383 0.652232170212766
2025-07-17 11:29:06 INFO  c.r.r.m.I.D.CanvasMainChange - cropRect : {0, 0, 838x1024}
2025-07-17 11:29:06 INFO  c.r.r.m.I.D.CanvasMainChange - after cropRect : {0, 0, 838x1024}
2025-07-17 11:29:06 INFO  c.r.r.m.I.D.CanvasMainChange - displayImage : 838.0x1024.0
2025-07-17 11:29:06 INFO  c.r.r.m.I.D.MainDrawTool - frame type CV_16UC1
2025-07-17 11:29:06 INFO  c.r.r.m.I.D.MainDrawTool - Brightness and Contrast -7643.070638297873 0.652232170212766
2025-07-17 11:29:06 INFO  c.r.r.m.I.D.CanvasMainChange - cropRect : {0, 0, 838x1024}
2025-07-17 11:29:06 INFO  c.r.r.m.I.D.CanvasMainChange - after cropRect : {0, 0, 838x1024}
2025-07-17 11:29:06 INFO  c.r.r.m.I.D.CanvasMainChange - displayImage : 838.0x1024.0
2025-07-17 11:29:06 INFO  c.r.r.m.I.D.MainDrawTool - frame type CV_16UC1
2025-07-17 11:29:06 INFO  c.r.r.m.I.D.MainDrawTool - Brightness and Contrast -8007.026382978724 0.652232170212766
2025-07-17 11:29:06 INFO  c.r.r.m.I.D.CanvasMainChange - cropRect : {0, 0, 838x1024}
2025-07-17 11:29:06 INFO  c.r.r.m.I.D.CanvasMainChange - after cropRect : {0, 0, 838x1024}
2025-07-17 11:29:06 INFO  c.r.r.m.I.D.CanvasMainChange - displayImage : 838.0x1024.0
2025-07-17 11:29:06 INFO  c.r.r.m.I.D.MainDrawTool - frame type CV_16UC1
2025-07-17 11:29:06 INFO  c.r.r.m.I.D.MainDrawTool - Brightness and Contrast -8063.019574468086 0.652232170212766
2025-07-17 11:29:06 INFO  c.r.r.m.I.D.CanvasMainChange - cropRect : {0, 0, 838x1024}
2025-07-17 11:29:06 INFO  c.r.r.m.I.D.CanvasMainChange - after cropRect : {0, 0, 838x1024}
2025-07-17 11:29:06 INFO  c.r.r.m.I.D.CanvasMainChange - displayImage : 838.0x1024.0
2025-07-17 11:29:06 INFO  c.r.r.m.I.D.MainDrawTool - frame type CV_16UC1
2025-07-17 11:29:06 INFO  c.r.r.m.I.D.MainDrawTool - Brightness and Contrast -8286.992340425533 0.652232170212766
2025-07-17 11:29:06 INFO  c.r.r.m.I.D.CanvasMainChange - cropRect : {0, 0, 838x1024}
2025-07-17 11:29:06 INFO  c.r.r.m.I.D.CanvasMainChange - after cropRect : {0, 0, 838x1024}
2025-07-17 11:29:06 INFO  c.r.r.m.I.D.CanvasMainChange - displayImage : 838.0x1024.0
2025-07-17 11:29:07 INFO  c.r.r.m.I.D.MainDrawTool - frame type CV_16UC1
2025-07-17 11:29:07 INFO  c.r.r.m.I.D.MainDrawTool - Brightness and Contrast -8314.988936170215 0.652232170212766
2025-07-17 11:29:07 INFO  c.r.r.m.I.D.CanvasMainChange - cropRect : {0, 0, 838x1024}
2025-07-17 11:29:07 INFO  c.r.r.m.I.D.CanvasMainChange - after cropRect : {0, 0, 838x1024}
2025-07-17 11:29:07 INFO  c.r.r.m.I.D.CanvasMainChange - displayImage : 838.0x1024.0
2025-07-17 11:29:07 INFO  c.r.r.m.I.D.MainDrawTool - frame type CV_16UC1
2025-07-17 11:29:07 INFO  c.r.r.m.I.D.MainDrawTool - Brightness and Contrast -9042.900425531916 0.652232170212766
2025-07-17 11:29:07 INFO  c.r.r.m.I.D.CanvasMainChange - cropRect : {0, 0, 838x1024}
2025-07-17 11:29:07 INFO  c.r.r.m.I.D.CanvasMainChange - after cropRect : {0, 0, 838x1024}
2025-07-17 11:29:07 INFO  c.r.r.m.I.D.CanvasMainChange - displayImage : 838.0x1024.0
2025-07-17 11:29:07 INFO  c.r.r.m.I.D.MainDrawTool - frame type CV_16UC1
2025-07-17 11:29:07 INFO  c.r.r.m.I.D.MainDrawTool - Brightness and Contrast -10470.726808510637 0.652232170212766
2025-07-17 11:29:07 INFO  c.r.r.m.I.D.CanvasMainChange - cropRect : {0, 0, 838x1024}
2025-07-17 11:29:07 INFO  c.r.r.m.I.D.CanvasMainChange - after cropRect : {0, 0, 838x1024}
2025-07-17 11:29:07 INFO  c.r.r.m.I.D.CanvasMainChange - displayImage : 838.0x1024.0
2025-07-17 11:29:07 INFO  c.r.r.m.I.D.MainDrawTool - frame type CV_16UC1
2025-07-17 11:29:07 INFO  c.r.r.m.I.D.MainDrawTool - Brightness and Contrast -14614.222978723406 0.652232170212766
2025-07-17 11:29:07 INFO  c.r.r.m.I.D.CanvasMainChange - cropRect : {0, 0, 838x1024}
2025-07-17 11:29:07 INFO  c.r.r.m.I.D.CanvasMainChange - after cropRect : {0, 0, 838x1024}
2025-07-17 11:29:07 INFO  c.r.r.m.I.D.CanvasMainChange - displayImage : 838.0x1024.0
2025-07-17 11:29:07 INFO  c.r.r.m.I.D.MainDrawTool - frame type CV_16UC1
2025-07-17 11:29:07 INFO  c.r.r.m.I.D.MainDrawTool - Brightness and Contrast -18757.71914893617 0.652232170212766
2025-07-17 11:29:07 INFO  c.r.r.m.I.D.CanvasMainChange - cropRect : {0, 0, 838x1024}
2025-07-17 11:29:07 INFO  c.r.r.m.I.D.CanvasMainChange - after cropRect : {0, 0, 838x1024}
2025-07-17 11:29:07 INFO  c.r.r.m.I.D.CanvasMainChange - displayImage : 838.0x1024.0
2025-07-17 11:29:07 INFO  c.r.r.m.I.D.MainDrawTool - frame type CV_16UC1
2025-07-17 11:29:07 INFO  c.r.r.m.I.D.MainDrawTool - Brightness and Contrast -20297.53191489362 0.652232170212766
2025-07-17 11:29:07 INFO  c.r.r.m.I.D.CanvasMainChange - cropRect : {0, 0, 838x1024}
2025-07-17 11:29:07 INFO  c.r.r.m.I.D.CanvasMainChange - after cropRect : {0, 0, 838x1024}
2025-07-17 11:29:07 INFO  c.r.r.m.I.D.CanvasMainChange - displayImage : 838.0x1024.0
2025-07-17 11:29:07 INFO  c.r.r.m.I.D.MainDrawTool - frame type CV_16UC1
2025-07-17 11:29:07 INFO  c.r.r.m.I.D.MainDrawTool - Brightness and Contrast -21137.429787234043 0.652232170212766
2025-07-17 11:29:07 INFO  c.r.r.m.I.D.CanvasMainChange - cropRect : {0, 0, 838x1024}
2025-07-17 11:29:07 INFO  c.r.r.m.I.D.CanvasMainChange - after cropRect : {0, 0, 838x1024}
2025-07-17 11:29:07 INFO  c.r.r.m.I.D.CanvasMainChange - displayImage : 838.0x1024.0
2025-07-17 11:29:07 INFO  c.r.r.m.I.D.MainDrawTool - frame type CV_16UC1
2025-07-17 11:29:07 INFO  c.r.r.m.I.D.MainDrawTool - Brightness and Contrast -21585.375319148938 0.652232170212766
2025-07-17 11:29:07 INFO  c.r.r.m.I.D.CanvasMainChange - cropRect : {0, 0, 838x1024}
2025-07-17 11:29:07 INFO  c.r.r.m.I.D.CanvasMainChange - after cropRect : {0, 0, 838x1024}
2025-07-17 11:29:07 INFO  c.r.r.m.I.D.CanvasMainChange - displayImage : 838.0x1024.0
2025-07-17 11:29:07 INFO  c.r.r.m.I.D.MainDrawTool - frame type CV_16UC1
2025-07-17 11:29:07 INFO  c.r.r.m.I.D.MainDrawTool - Brightness and Contrast -21669.36510638298 0.652232170212766
2025-07-17 11:29:07 INFO  c.r.r.m.I.D.CanvasMainChange - cropRect : {0, 0, 838x1024}
2025-07-17 11:29:07 INFO  c.r.r.m.I.D.CanvasMainChange - after cropRect : {0, 0, 838x1024}
2025-07-17 11:29:07 INFO  c.r.r.m.I.D.CanvasMainChange - displayImage : 838.0x1024.0
2025-07-17 11:29:07 INFO  c.r.r.m.I.D.MainDrawTool - frame type CV_16UC1
2025-07-17 11:29:07 INFO  c.r.r.m.I.D.MainDrawTool - Brightness and Contrast -21781.351489361703 0.652232170212766
2025-07-17 11:29:07 INFO  c.r.r.m.I.D.CanvasMainChange - cropRect : {0, 0, 838x1024}
2025-07-17 11:29:07 INFO  c.r.r.m.I.D.CanvasMainChange - after cropRect : {0, 0, 838x1024}
2025-07-17 11:29:07 INFO  c.r.r.m.I.D.CanvasMainChange - displayImage : 838.0x1024.0
2025-07-17 11:29:08 INFO  c.r.r.m.I.D.MainDrawTool - frame type CV_16UC1
2025-07-17 11:29:08 INFO  c.r.r.m.I.D.MainDrawTool - Brightness and Contrast -21837.344680851067 0.652232170212766
2025-07-17 11:29:08 INFO  c.r.r.m.I.D.CanvasMainChange - cropRect : {0, 0, 838x1024}
2025-07-17 11:29:08 INFO  c.r.r.m.I.D.CanvasMainChange - after cropRect : {0, 0, 838x1024}
2025-07-17 11:29:08 INFO  c.r.r.m.I.D.CanvasMainChange - displayImage : 838.0x1024.0
2025-07-17 11:29:08 INFO  c.r.r.m.I.D.MainDrawTool - frame type CV_16UC1
2025-07-17 11:29:08 INFO  c.r.r.m.I.D.MainDrawTool - Brightness and Contrast -22677.24255319149 0.652232170212766
2025-07-17 11:29:08 INFO  c.r.r.m.I.D.CanvasMainChange - cropRect : {0, 0, 838x1024}
2025-07-17 11:29:08 INFO  c.r.r.m.I.D.CanvasMainChange - after cropRect : {0, 0, 838x1024}
2025-07-17 11:29:08 INFO  c.r.r.m.I.D.CanvasMainChange - displayImage : 838.0x1024.0
2025-07-17 11:29:08 INFO  c.r.r.m.I.D.MainDrawTool - frame type CV_16UC1
2025-07-17 11:29:08 INFO  c.r.r.m.I.D.MainDrawTool - Brightness and Contrast -26540.772765957445 0.652232170212766
2025-07-17 11:29:08 INFO  c.r.r.m.I.D.CanvasMainChange - cropRect : {0, 0, 838x1024}
2025-07-17 11:29:08 INFO  c.r.r.m.I.D.CanvasMainChange - after cropRect : {0, 0, 838x1024}
2025-07-17 11:29:08 INFO  c.r.r.m.I.D.CanvasMainChange - displayImage : 838.0x1024.0
2025-07-17 11:29:08 INFO  c.r.r.m.I.D.MainDrawTool - frame type CV_16UC1
2025-07-17 11:29:08 INFO  c.r.r.m.I.D.MainDrawTool - Brightness and Contrast -30964.234893617024 0.652232170212766
2025-07-17 11:29:08 INFO  c.r.r.m.I.D.CanvasMainChange - cropRect : {0, 0, 838x1024}
2025-07-17 11:29:08 INFO  c.r.r.m.I.D.CanvasMainChange - after cropRect : {0, 0, 838x1024}
2025-07-17 11:29:08 INFO  c.r.r.m.I.D.CanvasMainChange - displayImage : 838.0x1024.0
2025-07-17 11:29:08 INFO  c.r.r.m.I.D.MainDrawTool - frame type CV_16UC1
2025-07-17 11:29:08 INFO  c.r.r.m.I.D.MainDrawTool - Brightness and Contrast -32504.04765957447 0.652232170212766
2025-07-17 11:29:08 INFO  c.r.r.m.I.D.CanvasMainChange - cropRect : {0, 0, 838x1024}
2025-07-17 11:29:08 INFO  c.r.r.m.I.D.CanvasMainChange - after cropRect : {0, 0, 838x1024}
2025-07-17 11:29:08 INFO  c.r.r.m.I.D.CanvasMainChange - displayImage : 838.0x1024.0
2025-07-17 11:29:08 INFO  c.r.r.m.I.D.MainDrawTool - frame type CV_16UC1
2025-07-17 11:29:08 INFO  c.r.r.m.I.D.MainDrawTool - Brightness and Contrast -32768.0 0.652232170212766
2025-07-17 11:29:08 INFO  c.r.r.m.I.D.CanvasMainChange - cropRect : {0, 0, 838x1024}
2025-07-17 11:29:08 INFO  c.r.r.m.I.D.CanvasMainChange - after cropRect : {0, 0, 838x1024}
2025-07-17 11:29:08 INFO  c.r.r.m.I.D.CanvasMainChange - displayImage : 838.0x1024.0
2025-07-17 11:29:08 INFO  c.r.r.m.I.D.MainDrawTool - frame type CV_16UC1
2025-07-17 11:29:08 INFO  c.r.r.m.I.D.MainDrawTool - Brightness and Contrast -32768.0 0.652232170212766
2025-07-17 11:29:08 INFO  c.r.r.m.I.D.CanvasMainChange - cropRect : {0, 0, 838x1024}
2025-07-17 11:29:08 INFO  c.r.r.m.I.D.CanvasMainChange - after cropRect : {0, 0, 838x1024}
2025-07-17 11:29:08 INFO  c.r.r.m.I.D.CanvasMainChange - displayImage : 838.0x1024.0
2025-07-17 11:29:08 INFO  c.r.r.m.I.D.MainDrawTool - frame type CV_16UC1
2025-07-17 11:29:08 INFO  c.r.r.m.I.D.MainDrawTool - Brightness and Contrast -32768.0 0.652232170212766
2025-07-17 11:29:08 INFO  c.r.r.m.I.D.CanvasMainChange - cropRect : {0, 0, 838x1024}
2025-07-17 11:29:08 INFO  c.r.r.m.I.D.CanvasMainChange - after cropRect : {0, 0, 838x1024}
2025-07-17 11:29:08 INFO  c.r.r.m.I.D.CanvasMainChange - displayImage : 838.0x1024.0
2025-07-17 11:29:08 INFO  c.r.r.m.I.D.MainDrawTool - frame type CV_16UC1
2025-07-17 11:29:08 INFO  c.r.r.m.I.D.MainDrawTool - Brightness and Contrast -32768.0 0.652232170212766
2025-07-17 11:29:08 INFO  c.r.r.m.I.D.CanvasMainChange - cropRect : {0, 0, 838x1024}
2025-07-17 11:29:08 INFO  c.r.r.m.I.D.CanvasMainChange - after cropRect : {0, 0, 838x1024}
2025-07-17 11:29:08 INFO  c.r.r.m.I.D.CanvasMainChange - displayImage : 838.0x1024.0
2025-07-17 11:29:08 INFO  c.r.r.m.I.D.MainDrawTool - frame type CV_16UC1
2025-07-17 11:29:08 INFO  c.r.r.m.I.D.MainDrawTool - Brightness and Contrast -32768.0 0.652232170212766
2025-07-17 11:29:08 INFO  c.r.r.m.I.D.CanvasMainChange - cropRect : {0, 0, 838x1024}
2025-07-17 11:29:08 INFO  c.r.r.m.I.D.CanvasMainChange - after cropRect : {0, 0, 838x1024}
2025-07-17 11:29:08 INFO  c.r.r.m.I.D.CanvasMainChange - displayImage : 838.0x1024.0
2025-07-17 11:29:08 INFO  c.r.r.m.I.D.MainDrawTool - frame type CV_16UC1
2025-07-17 11:29:08 INFO  c.r.r.m.I.D.MainDrawTool - Brightness and Contrast -32768.0 0.652232170212766
2025-07-17 11:29:08 INFO  c.r.r.m.I.D.CanvasMainChange - cropRect : {0, 0, 838x1024}
2025-07-17 11:29:08 INFO  c.r.r.m.I.D.CanvasMainChange - after cropRect : {0, 0, 838x1024}
2025-07-17 11:29:08 INFO  c.r.r.m.I.D.CanvasMainChange - displayImage : 838.0x1024.0
2025-07-17 11:29:08 INFO  c.r.r.m.I.D.MainDrawTool - frame type CV_16UC1
2025-07-17 11:29:08 INFO  c.r.r.m.I.D.MainDrawTool - Brightness and Contrast -32768.0 0.652232170212766
2025-07-17 11:29:08 INFO  c.r.r.m.I.D.CanvasMainChange - cropRect : {0, 0, 838x1024}
2025-07-17 11:29:08 INFO  c.r.r.m.I.D.CanvasMainChange - after cropRect : {0, 0, 838x1024}
2025-07-17 11:29:08 INFO  c.r.r.m.I.D.CanvasMainChange - displayImage : 838.0x1024.0
2025-07-17 11:29:10 INFO  c.r.r.m.I.D.MainDrawTool - frame type CV_16UC1
2025-07-17 11:29:10 INFO  c.r.r.m.I.D.MainDrawTool - Brightness and Contrast -32768.0 0.652232170212766
2025-07-17 11:29:10 INFO  c.r.r.m.I.D.CanvasMainChange - cropRect : {0, 0, 838x1024}
2025-07-17 11:29:10 INFO  c.r.r.m.I.D.CanvasMainChange - after cropRect : {0, 0, 838x1024}
2025-07-17 11:29:10 INFO  c.r.r.m.I.D.CanvasMainChange - displayImage : 838.0x1024.0
2025-07-17 11:29:10 INFO  c.r.r.m.I.D.MainDrawTool - frame type CV_16UC1
2025-07-17 11:29:10 INFO  c.r.r.m.I.D.MainDrawTool - Brightness and Contrast -32768.0 0.652232170212766
2025-07-17 11:29:10 INFO  c.r.r.m.I.D.CanvasMainChange - cropRect : {0, 0, 838x1024}
2025-07-17 11:29:10 INFO  c.r.r.m.I.D.CanvasMainChange - after cropRect : {0, 0, 838x1024}
2025-07-17 11:29:10 INFO  c.r.r.m.I.D.CanvasMainChange - displayImage : 838.0x1024.0
2025-07-17 11:29:10 INFO  c.r.r.m.I.D.MainDrawTool - frame type CV_16UC1
2025-07-17 11:29:10 INFO  c.r.r.m.I.D.MainDrawTool - Brightness and Contrast -32768.0 0.652232170212766
2025-07-17 11:29:10 INFO  c.r.r.m.I.D.CanvasMainChange - cropRect : {0, 0, 838x1024}
2025-07-17 11:29:10 INFO  c.r.r.m.I.D.CanvasMainChange - after cropRect : {0, 0, 838x1024}
2025-07-17 11:29:10 INFO  c.r.r.m.I.D.CanvasMainChange - displayImage : 838.0x1024.0
2025-07-17 11:29:10 INFO  c.r.r.m.I.D.MainDrawTool - frame type CV_16UC1
2025-07-17 11:29:10 INFO  c.r.r.m.I.D.MainDrawTool - Brightness and Contrast -32768.0 0.652232170212766
2025-07-17 11:29:10 INFO  c.r.r.m.I.D.CanvasMainChange - cropRect : {0, 0, 838x1024}
2025-07-17 11:29:10 INFO  c.r.r.m.I.D.CanvasMainChange - after cropRect : {0, 0, 838x1024}
2025-07-17 11:29:10 INFO  c.r.r.m.I.D.CanvasMainChange - displayImage : 838.0x1024.0
2025-07-17 11:29:10 INFO  c.r.r.m.I.D.MainDrawTool - frame type CV_16UC1
2025-07-17 11:29:10 INFO  c.r.r.m.I.D.MainDrawTool - Brightness and Contrast -32768.0 0.652232170212766
2025-07-17 11:29:10 INFO  c.r.r.m.I.D.CanvasMainChange - cropRect : {0, 0, 838x1024}
2025-07-17 11:29:10 INFO  c.r.r.m.I.D.CanvasMainChange - after cropRect : {0, 0, 838x1024}
2025-07-17 11:29:10 INFO  c.r.r.m.I.D.CanvasMainChange - displayImage : 838.0x1024.0
2025-07-17 11:29:10 INFO  c.r.r.m.I.D.MainDrawTool - frame type CV_16UC1
2025-07-17 11:29:10 INFO  c.r.r.m.I.D.MainDrawTool - Brightness and Contrast -32768.0 0.652232170212766
2025-07-17 11:29:10 INFO  c.r.r.m.I.D.CanvasMainChange - cropRect : {0, 0, 838x1024}
2025-07-17 11:29:10 INFO  c.r.r.m.I.D.CanvasMainChange - after cropRect : {0, 0, 838x1024}
2025-07-17 11:29:10 INFO  c.r.r.m.I.D.CanvasMainChange - displayImage : 838.0x1024.0
2025-07-17 11:29:10 INFO  c.r.r.m.I.D.MainDrawTool - frame type CV_16UC1
2025-07-17 11:29:10 INFO  c.r.r.m.I.D.MainDrawTool - Brightness and Contrast -32768.0 0.652232170212766
2025-07-17 11:29:11 INFO  c.r.r.m.I.D.CanvasMainChange - cropRect : {0, 0, 838x1024}
2025-07-17 11:29:11 INFO  c.r.r.m.I.D.CanvasMainChange - after cropRect : {0, 0, 838x1024}
2025-07-17 11:29:11 INFO  c.r.r.m.I.D.CanvasMainChange - displayImage : 838.0x1024.0
2025-07-17 11:29:11 INFO  c.r.r.m.I.D.MainDrawTool - frame type CV_16UC1
2025-07-17 11:29:11 INFO  c.r.r.m.I.D.MainDrawTool - Brightness and Contrast -32768.0 0.652232170212766
2025-07-17 11:29:11 INFO  c.r.r.m.I.D.CanvasMainChange - cropRect : {0, 0, 838x1024}
2025-07-17 11:29:11 INFO  c.r.r.m.I.D.CanvasMainChange - after cropRect : {0, 0, 838x1024}
2025-07-17 11:29:11 INFO  c.r.r.m.I.D.CanvasMainChange - displayImage : 838.0x1024.0
2025-07-17 11:29:11 INFO  c.r.r.m.I.D.MainDrawTool - frame type CV_16UC1
2025-07-17 11:29:11 INFO  c.r.r.m.I.D.MainDrawTool - Brightness and Contrast -32768.0 0.652232170212766
2025-07-17 11:29:11 INFO  c.r.r.m.I.D.CanvasMainChange - cropRect : {0, 0, 838x1024}
2025-07-17 11:29:11 INFO  c.r.r.m.I.D.CanvasMainChange - after cropRect : {0, 0, 838x1024}
2025-07-17 11:29:11 INFO  c.r.r.m.I.D.CanvasMainChange - displayImage : 838.0x1024.0
2025-07-17 11:29:11 INFO  c.r.r.m.I.D.MainDrawTool - frame type CV_16UC1
2025-07-17 11:29:11 INFO  c.r.r.m.I.D.MainDrawTool - Brightness and Contrast -32768.0 0.652232170212766
2025-07-17 11:29:11 INFO  c.r.r.m.I.D.CanvasMainChange - cropRect : {0, 0, 838x1024}
2025-07-17 11:29:11 INFO  c.r.r.m.I.D.CanvasMainChange - after cropRect : {0, 0, 838x1024}
2025-07-17 11:29:11 INFO  c.r.r.m.I.D.CanvasMainChange - displayImage : 838.0x1024.0
2025-07-17 11:29:11 INFO  c.r.r.m.I.D.MainDrawTool - frame type CV_16UC1
2025-07-17 11:29:11 INFO  c.r.r.m.I.D.MainDrawTool - Brightness and Contrast -32768.0 0.652232170212766
2025-07-17 11:29:11 INFO  c.r.r.m.I.D.CanvasMainChange - cropRect : {0, 0, 838x1024}
2025-07-17 11:29:11 INFO  c.r.r.m.I.D.CanvasMainChange - after cropRect : {0, 0, 838x1024}
2025-07-17 11:29:11 INFO  c.r.r.m.I.D.CanvasMainChange - displayImage : 838.0x1024.0
2025-07-17 11:29:11 INFO  c.r.r.m.I.D.MainDrawTool - frame type CV_16UC1
2025-07-17 11:29:11 INFO  c.r.r.m.I.D.MainDrawTool - Brightness and Contrast -32768.0 0.652232170212766
2025-07-17 11:29:11 INFO  c.r.r.m.I.D.CanvasMainChange - cropRect : {0, 0, 838x1024}
2025-07-17 11:29:11 INFO  c.r.r.m.I.D.CanvasMainChange - after cropRect : {0, 0, 838x1024}
2025-07-17 11:29:11 INFO  c.r.r.m.I.D.CanvasMainChange - displayImage : 838.0x1024.0
2025-07-17 11:29:16 INFO  c.r.r.m.I.D.MainDrawTool - frame type CV_16UC1
2025-07-17 11:29:16 INFO  c.r.r.m.I.D.MainDrawTool - Brightness and Contrast -32768.0 0.652232170212766
2025-07-17 11:29:16 INFO  c.r.r.m.I.D.CanvasMainChange - cropRect : {0, 0, 838x1024}
2025-07-17 11:29:16 INFO  c.r.r.m.I.D.CanvasMainChange - after cropRect : {0, 0, 838x1024}
2025-07-17 11:29:16 INFO  c.r.r.m.I.D.CanvasMainChange - displayImage : 838.0x1024.0
2025-07-17 11:29:16 INFO  c.r.r.m.I.D.MainDrawTool - frame type CV_16UC1
2025-07-17 11:29:16 INFO  c.r.r.m.I.D.MainDrawTool - Brightness and Contrast -32768.0 0.652232170212766
2025-07-17 11:29:16 INFO  c.r.r.m.I.D.CanvasMainChange - cropRect : {0, 0, 838x1024}
2025-07-17 11:29:16 INFO  c.r.r.m.I.D.CanvasMainChange - after cropRect : {0, 0, 838x1024}
2025-07-17 11:29:16 INFO  c.r.r.m.I.D.CanvasMainChange - displayImage : 838.0x1024.0
