2025-07-17 13:20:58 INFO  com.raymedis.rxviewui.service.study.StudyMainController - Console is ON
2025-07-17 13:22:01 INFO  com.raymedis.rxviewui.controller.LoginPage - logged In
2025-07-17 13:22:01 INFO  com.raymedis.rxviewui.service.login.LoginController - 192.168.12.10
2025-07-17 13:22:01 INFO  com.raymedis.rxviewui.service.login.LoginController - No Wi-Fi interface found or no IPv4 address assigned.
2025-07-17 13:22:03 INFO  com.raymedis.rxviewui.service.study.StudyMainController - Setting console values for body part: Chest
2025-07-17 13:22:03 INFO  com.raymedis.rxviewui.modules.serialPortCom.SerialPortManager - Setting Xray Console - kv: 70.0, ma: 80, mas: 4.0
2025-07-17 13:22:03 INFO  com.raymedis.rxviewui.modules.serialPortCom.SerialPortManager - setMa kv1: 70.0, ma1: 80.0
2025-07-17 13:22:03 INFO  com.raymedis.rxviewui.modules.serialPortCom.SerialPortManager - x: 175
2025-07-17 13:22:03 INFO  com.raymedis.rxviewui.modules.serialPortCom.SerialPortManager - Current Sent: 80.0
2025-07-17 13:22:03 INFO  com.raymedis.rxviewui.modules.serialPortCom.SerialPortManager - Calibration Val: 8.32
2025-07-17 13:22:03 INFO  com.raymedis.rxviewui.modules.serialPortCom.SerialPortManager - Calibration Val: 8.49
2025-07-17 13:22:03 INFO  com.raymedis.rxviewui.modules.serialPortCom.SerialPortManager - Calibration Val: 8.29
2025-07-17 13:22:03 INFO  com.raymedis.rxviewui.modules.serialPortCom.SerialPortManager - Calibration Val: 8.49
2025-07-17 13:22:03 INFO  com.raymedis.rxviewui.modules.serialPortCom.SerialPortManager - filamentCurrent: 8.32
2025-07-17 13:22:03 INFO  com.raymedis.rxviewui.modules.serialPortCom.SerialPortManager - KV Sent : 70.0
2025-07-17 13:22:03 INFO  com.raymedis.rxviewui.modules.serialPortCom.SerialPortManager - Calibration Val: 8.32
2025-07-17 13:22:03 INFO  com.raymedis.rxviewui.modules.serialPortCom.SerialPortManager - Calibration Val: 8.49
2025-07-17 13:22:03 INFO  com.raymedis.rxviewui.modules.serialPortCom.SerialPortManager - Calibration Val: 8.29
2025-07-17 13:22:03 INFO  com.raymedis.rxviewui.modules.serialPortCom.SerialPortManager - Calibration Val: 8.49
2025-07-17 13:22:03 INFO  com.raymedis.serialPortCommunication.rxview_consolecom_old.TriggerCommandRxOld - Serial port is not open.
2025-07-17 13:22:03 INFO  com.raymedis.rxviewui.modules.serialPortCom.SerialPortManager - In short sending KV: 208
2025-07-17 13:22:03 INFO  com.raymedis.rxviewui.modules.serialPortCom.SerialPortManager - In byte sending KV: -48
2025-07-17 13:22:03 INFO  com.raymedis.rxviewui.modules.serialPortCom.SerialPortManager - setExposureTime 0.05
2025-07-17 13:22:03 INFO  com.raymedis.rxviewui.modules.serialPortCom.SerialPortManager - Exposure Time Sent - 50
2025-07-17 13:22:03 INFO  com.raymedis.serialPortCommunication.rxview_consolecom_old.TriggerCommandRxOld - Setting KV to: -48
2025-07-17 13:22:03 INFO  com.raymedis.serialPortCommunication.rxview_consolecom_old.TriggerCommandRxOld - Serial port is not open.
2025-07-17 13:22:03 INFO  com.raymedis.serialPortCommunication.rxview_consolecom_old.TriggerCommandRxOld - Setting Exposure Time to: 50 0 and G
2025-07-17 13:22:03 INFO  com.raymedis.serialPortCommunication.rxview_consolecom_old.TriggerCommandRxOld - Serial port is not open.
2025-07-17 13:22:04 INFO  com.raymedis.rxviewui.service.study.StudyService - current bodyPart chest AP
2025-07-17 13:22:04 INFO  com.raymedis.rxviewui.service.preProcessing.PreProcess - Processing body part: chest
2025-07-17 13:22:04 INFO  com.raymedis.rxviewui.service.preProcessing.PreProcess - Mat is 16-bit unsigned
2025-07-17 13:22:07 INFO  com.raymedis.rxviewui.service.study.StudyService - Image received Found in FPD
2025-07-17 13:22:07 INFO  com.raymedis.rxviewui.service.study.StudyService - org : CV_16UC1
2025-07-17 13:22:08 INFO  com.raymedis.rxviewui.service.study.StudyService - study mat.rows() * width : 1024 1024.0
2025-07-17 13:22:08 INFO  com.raymedis.rxviewui.service.study.StudyService - study DynamicCanvasElementsResize values set with multiple: 1.0
2025-07-17 13:22:08 INFO  com.raymedis.rxviewui.service.study.StudyService - study Line Width: 2.0, Ellipse Radius X: 8.0, Ellipse Radius Y: 8.0, Label Font Size: 14.0, Rect Width: 90.0, Rect Height: 30.0, Custom Font Icon Size: 200.0
2025-07-17 13:22:08 INFO  com.raymedis.rxviewui.modules.ImageProcessing.DrawToolsResource.CanvasMainChange - cropRect : {0, 0, 838x1024}
2025-07-17 13:22:08 INFO  com.raymedis.rxviewui.modules.ImageProcessing.DrawToolsResource.CanvasMainChange - after cropRect : {0, 0, 838x1024}
2025-07-17 13:22:08 INFO  com.raymedis.rxviewui.modules.ImageProcessing.DrawToolsResource.CanvasMainChange - displayImage : 838.0x1024.0
2025-07-17 13:22:08 INFO  com.raymedis.rxviewui.modules.ImageProcessing.DrawToolsResource.CanvasMainChange - cropRect : {0, 0, 838x1024}
2025-07-17 13:22:08 INFO  com.raymedis.rxviewui.modules.ImageProcessing.DrawToolsResource.CanvasMainChange - after cropRect : {0, 0, 838x1024}
2025-07-17 13:22:08 INFO  com.raymedis.rxviewui.modules.ImageProcessing.DrawToolsResource.CanvasMainChange - displayImage : 838.0x1024.0
2025-07-17 13:22:08 INFO  com.raymedis.rxviewui.modules.ImageProcessing.DrawToolsResource.MainDrawTool - ImagingParams is null
2025-07-17 13:22:08 INFO  com.raymedis.rxviewui.modules.ImageProcessing.DrawToolsResource.MainDrawTool - StepEntity is null, no params to apply
2025-07-17 13:22:10 INFO  com.raymedis.rxviewui.service.study.ProcessingToolsController - Slider moved: oldVal=0.0 newVal=0.554016620498615
2025-07-17 13:22:10 INFO  com.raymedis.rxviewui.service.study.ProcessingToolsController - Slider moved: oldVal=0.554016620498615 newVal=0.55
2025-07-17 13:22:10 INFO  com.raymedis.rxviewui.service.study.ProcessingToolsService - Processing Brightness Slider with value: 0.55
2025-07-17 13:22:10 INFO  com.raymedis.rxviewui.modules.ImageProcessing.DrawToolsResource.MainDrawTool - frame type CV_16UC1
2025-07-17 13:22:10 INFO  com.raymedis.rxviewui.modules.ImageProcessing.DrawToolsResource.MainDrawTool - Brightness and Contrast 141.35000000000002 1.0
2025-07-17 13:22:10 INFO  com.raymedis.rxviewui.modules.ImageProcessing.DrawToolsResource.CanvasMainChange - cropRect : {0, 0, 838x1024}
2025-07-17 13:22:10 INFO  com.raymedis.rxviewui.modules.ImageProcessing.DrawToolsResource.CanvasMainChange - after cropRect : {0, 0, 838x1024}
2025-07-17 13:22:10 INFO  com.raymedis.rxviewui.modules.ImageProcessing.DrawToolsResource.CanvasMainChange - displayImage : 838.0x1024.0
2025-07-17 13:22:10 INFO  com.raymedis.rxviewui.service.study.ProcessingToolsService - Processing Brightness Slider with value: 0.55
2025-07-17 13:22:10 INFO  com.raymedis.rxviewui.modules.ImageProcessing.DrawToolsResource.MainDrawTool - frame type CV_16UC1
2025-07-17 13:22:10 INFO  com.raymedis.rxviewui.modules.ImageProcessing.DrawToolsResource.MainDrawTool - Brightness and Contrast 141.35000000000002 1.0
2025-07-17 13:22:10 INFO  com.raymedis.rxviewui.modules.ImageProcessing.DrawToolsResource.CanvasMainChange - cropRect : {0, 0, 838x1024}
2025-07-17 13:22:10 INFO  com.raymedis.rxviewui.modules.ImageProcessing.DrawToolsResource.CanvasMainChange - after cropRect : {0, 0, 838x1024}
2025-07-17 13:22:10 INFO  com.raymedis.rxviewui.modules.ImageProcessing.DrawToolsResource.CanvasMainChange - displayImage : 838.0x1024.0
2025-07-17 13:22:10 INFO  com.raymedis.rxviewui.service.study.ProcessingToolsService - Processing Brightness Slider with value: 0.55
2025-07-17 13:22:10 INFO  com.raymedis.rxviewui.modules.ImageProcessing.DrawToolsResource.MainDrawTool - frame type CV_16UC1
2025-07-17 13:22:10 INFO  com.raymedis.rxviewui.modules.ImageProcessing.DrawToolsResource.MainDrawTool - Brightness and Contrast 141.35000000000002 1.0
2025-07-17 13:22:10 INFO  com.raymedis.rxviewui.modules.ImageProcessing.DrawToolsResource.CanvasMainChange - cropRect : {0, 0, 838x1024}
2025-07-17 13:22:10 INFO  com.raymedis.rxviewui.modules.ImageProcessing.DrawToolsResource.CanvasMainChange - after cropRect : {0, 0, 838x1024}
2025-07-17 13:22:10 INFO  com.raymedis.rxviewui.modules.ImageProcessing.DrawToolsResource.CanvasMainChange - displayImage : 838.0x1024.0
2025-07-17 13:22:10 INFO  com.raymedis.rxviewui.service.study.ProcessingToolsController - Slider moved: oldVal=0.55 newVal=13.29639889196676
2025-07-17 13:22:10 INFO  com.raymedis.rxviewui.service.study.ProcessingToolsController - Slider moved: oldVal=13.29639889196676 newVal=13.3
2025-07-17 13:22:10 INFO  com.raymedis.rxviewui.service.study.ProcessingToolsService - Processing Brightness Slider with value: 13.3
2025-07-17 13:22:10 INFO  com.raymedis.rxviewui.modules.ImageProcessing.DrawToolsResource.MainDrawTool - frame type CV_16UC1
2025-07-17 13:22:10 INFO  com.raymedis.rxviewui.modules.ImageProcessing.DrawToolsResource.MainDrawTool - Brightness and Contrast 3418.1000000000004 1.0
2025-07-17 13:22:10 INFO  com.raymedis.rxviewui.modules.ImageProcessing.DrawToolsResource.CanvasMainChange - cropRect : {0, 0, 838x1024}
2025-07-17 13:22:10 INFO  com.raymedis.rxviewui.modules.ImageProcessing.DrawToolsResource.CanvasMainChange - after cropRect : {0, 0, 838x1024}
2025-07-17 13:22:10 INFO  com.raymedis.rxviewui.modules.ImageProcessing.DrawToolsResource.CanvasMainChange - displayImage : 838.0x1024.0
2025-07-17 13:22:10 INFO  com.raymedis.rxviewui.service.study.ProcessingToolsService - Processing Brightness Slider with value: 13.3
2025-07-17 13:22:10 INFO  com.raymedis.rxviewui.modules.ImageProcessing.DrawToolsResource.MainDrawTool - frame type CV_16UC1
2025-07-17 13:22:10 INFO  com.raymedis.rxviewui.modules.ImageProcessing.DrawToolsResource.MainDrawTool - Brightness and Contrast 3418.1000000000004 1.0
2025-07-17 13:22:10 INFO  com.raymedis.rxviewui.modules.ImageProcessing.DrawToolsResource.CanvasMainChange - cropRect : {0, 0, 838x1024}
2025-07-17 13:22:10 INFO  com.raymedis.rxviewui.modules.ImageProcessing.DrawToolsResource.CanvasMainChange - after cropRect : {0, 0, 838x1024}
2025-07-17 13:22:10 INFO  com.raymedis.rxviewui.modules.ImageProcessing.DrawToolsResource.CanvasMainChange - displayImage : 838.0x1024.0
2025-07-17 13:22:10 INFO  com.raymedis.rxviewui.service.study.ProcessingToolsService - Processing Brightness Slider with value: 13.3
2025-07-17 13:22:10 INFO  com.raymedis.rxviewui.modules.ImageProcessing.DrawToolsResource.MainDrawTool - frame type CV_16UC1
2025-07-17 13:22:10 INFO  com.raymedis.rxviewui.modules.ImageProcessing.DrawToolsResource.MainDrawTool - Brightness and Contrast 3418.1000000000004 1.0
2025-07-17 13:22:10 INFO  com.raymedis.rxviewui.modules.ImageProcessing.DrawToolsResource.CanvasMainChange - cropRect : {0, 0, 838x1024}
2025-07-17 13:22:10 INFO  com.raymedis.rxviewui.modules.ImageProcessing.DrawToolsResource.CanvasMainChange - after cropRect : {0, 0, 838x1024}
2025-07-17 13:22:10 INFO  com.raymedis.rxviewui.modules.ImageProcessing.DrawToolsResource.CanvasMainChange - displayImage : 838.0x1024.0
2025-07-17 13:22:10 INFO  com.raymedis.rxviewui.service.study.ProcessingToolsController - Slider moved: oldVal=13.3 newVal=18.83656509695291
2025-07-17 13:22:10 INFO  com.raymedis.rxviewui.service.study.ProcessingToolsController - Slider moved: oldVal=18.83656509695291 newVal=18.84
2025-07-17 13:22:10 INFO  com.raymedis.rxviewui.service.study.ProcessingToolsService - Processing Brightness Slider with value: 18.84
2025-07-17 13:22:10 INFO  com.raymedis.rxviewui.modules.ImageProcessing.DrawToolsResource.MainDrawTool - frame type CV_16UC1
2025-07-17 13:22:10 INFO  com.raymedis.rxviewui.modules.ImageProcessing.DrawToolsResource.MainDrawTool - Brightness and Contrast 4841.88 1.0
2025-07-17 13:22:10 INFO  com.raymedis.rxviewui.modules.ImageProcessing.DrawToolsResource.CanvasMainChange - cropRect : {0, 0, 838x1024}
2025-07-17 13:22:10 INFO  com.raymedis.rxviewui.modules.ImageProcessing.DrawToolsResource.CanvasMainChange - after cropRect : {0, 0, 838x1024}
2025-07-17 13:22:10 INFO  com.raymedis.rxviewui.modules.ImageProcessing.DrawToolsResource.CanvasMainChange - displayImage : 838.0x1024.0
2025-07-17 13:22:10 INFO  com.raymedis.rxviewui.service.study.ProcessingToolsService - Processing Brightness Slider with value: 18.84
2025-07-17 13:22:10 INFO  com.raymedis.rxviewui.modules.ImageProcessing.DrawToolsResource.MainDrawTool - frame type CV_16UC1
2025-07-17 13:22:10 INFO  com.raymedis.rxviewui.modules.ImageProcessing.DrawToolsResource.MainDrawTool - Brightness and Contrast 4841.88 1.0
2025-07-17 13:22:10 INFO  com.raymedis.rxviewui.modules.ImageProcessing.DrawToolsResource.CanvasMainChange - cropRect : {0, 0, 838x1024}
2025-07-17 13:22:10 INFO  com.raymedis.rxviewui.modules.ImageProcessing.DrawToolsResource.CanvasMainChange - after cropRect : {0, 0, 838x1024}
2025-07-17 13:22:10 INFO  com.raymedis.rxviewui.modules.ImageProcessing.DrawToolsResource.CanvasMainChange - displayImage : 838.0x1024.0
2025-07-17 13:22:10 INFO  com.raymedis.rxviewui.service.study.ProcessingToolsService - Processing Brightness Slider with value: 18.84
2025-07-17 13:22:10 INFO  com.raymedis.rxviewui.modules.ImageProcessing.DrawToolsResource.MainDrawTool - frame type CV_16UC1
2025-07-17 13:22:10 INFO  com.raymedis.rxviewui.modules.ImageProcessing.DrawToolsResource.MainDrawTool - Brightness and Contrast 4841.88 1.0
2025-07-17 13:22:11 INFO  com.raymedis.rxviewui.modules.ImageProcessing.DrawToolsResource.CanvasMainChange - cropRect : {0, 0, 838x1024}
2025-07-17 13:22:11 INFO  com.raymedis.rxviewui.modules.ImageProcessing.DrawToolsResource.CanvasMainChange - after cropRect : {0, 0, 838x1024}
2025-07-17 13:22:11 INFO  com.raymedis.rxviewui.modules.ImageProcessing.DrawToolsResource.CanvasMainChange - displayImage : 838.0x1024.0
2025-07-17 13:22:11 INFO  com.raymedis.rxviewui.service.study.ProcessingToolsController - Slider moved: oldVal=18.84 newVal=22.160664819944614
2025-07-17 13:22:11 INFO  com.raymedis.rxviewui.service.study.ProcessingToolsController - Slider moved: oldVal=22.160664819944614 newVal=22.16
2025-07-17 13:22:11 INFO  com.raymedis.rxviewui.service.study.ProcessingToolsService - Processing Brightness Slider with value: 22.16
2025-07-17 13:22:11 INFO  com.raymedis.rxviewui.modules.ImageProcessing.DrawToolsResource.MainDrawTool - frame type CV_16UC1
2025-07-17 13:22:11 INFO  com.raymedis.rxviewui.modules.ImageProcessing.DrawToolsResource.MainDrawTool - Brightness and Contrast 5695.12 1.0
2025-07-17 13:22:11 INFO  com.raymedis.rxviewui.modules.ImageProcessing.DrawToolsResource.CanvasMainChange - cropRect : {0, 0, 838x1024}
2025-07-17 13:22:11 INFO  com.raymedis.rxviewui.modules.ImageProcessing.DrawToolsResource.CanvasMainChange - after cropRect : {0, 0, 838x1024}
2025-07-17 13:22:11 INFO  com.raymedis.rxviewui.modules.ImageProcessing.DrawToolsResource.CanvasMainChange - displayImage : 838.0x1024.0
2025-07-17 13:22:11 INFO  com.raymedis.rxviewui.service.study.ProcessingToolsService - Processing Brightness Slider with value: 22.16
2025-07-17 13:22:11 INFO  com.raymedis.rxviewui.modules.ImageProcessing.DrawToolsResource.MainDrawTool - frame type CV_16UC1
2025-07-17 13:22:11 INFO  com.raymedis.rxviewui.modules.ImageProcessing.DrawToolsResource.MainDrawTool - Brightness and Contrast 5695.12 1.0
2025-07-17 13:22:11 INFO  com.raymedis.rxviewui.modules.ImageProcessing.DrawToolsResource.CanvasMainChange - cropRect : {0, 0, 838x1024}
2025-07-17 13:22:11 INFO  com.raymedis.rxviewui.modules.ImageProcessing.DrawToolsResource.CanvasMainChange - after cropRect : {0, 0, 838x1024}
2025-07-17 13:22:11 INFO  com.raymedis.rxviewui.modules.ImageProcessing.DrawToolsResource.CanvasMainChange - displayImage : 838.0x1024.0
2025-07-17 13:22:11 INFO  com.raymedis.rxviewui.service.study.ProcessingToolsService - Processing Brightness Slider with value: 22.16
2025-07-17 13:22:11 INFO  com.raymedis.rxviewui.modules.ImageProcessing.DrawToolsResource.MainDrawTool - frame type CV_16UC1
2025-07-17 13:22:11 INFO  com.raymedis.rxviewui.modules.ImageProcessing.DrawToolsResource.MainDrawTool - Brightness and Contrast 5695.12 1.0
2025-07-17 13:22:11 INFO  com.raymedis.rxviewui.modules.ImageProcessing.DrawToolsResource.CanvasMainChange - cropRect : {0, 0, 838x1024}
2025-07-17 13:22:11 INFO  com.raymedis.rxviewui.modules.ImageProcessing.DrawToolsResource.CanvasMainChange - after cropRect : {0, 0, 838x1024}
2025-07-17 13:22:11 INFO  com.raymedis.rxviewui.modules.ImageProcessing.DrawToolsResource.CanvasMainChange - displayImage : 838.0x1024.0
2025-07-17 13:22:11 INFO  com.raymedis.rxviewui.service.study.ProcessingToolsController - Slider moved: oldVal=22.16 newVal=29.91689750692521
2025-07-17 13:22:11 INFO  com.raymedis.rxviewui.service.study.ProcessingToolsController - Slider moved: oldVal=29.91689750692521 newVal=29.92
2025-07-17 13:22:11 INFO  com.raymedis.rxviewui.service.study.ProcessingToolsService - Processing Brightness Slider with value: 29.92
2025-07-17 13:22:11 INFO  com.raymedis.rxviewui.modules.ImageProcessing.DrawToolsResource.MainDrawTool - frame type CV_16UC1
2025-07-17 13:22:11 INFO  com.raymedis.rxviewui.modules.ImageProcessing.DrawToolsResource.MainDrawTool - Brightness and Contrast 7689.4400000000005 1.0
2025-07-17 13:22:11 INFO  com.raymedis.rxviewui.modules.ImageProcessing.DrawToolsResource.CanvasMainChange - cropRect : {0, 0, 838x1024}
2025-07-17 13:22:11 INFO  com.raymedis.rxviewui.modules.ImageProcessing.DrawToolsResource.CanvasMainChange - after cropRect : {0, 0, 838x1024}
2025-07-17 13:22:11 INFO  com.raymedis.rxviewui.modules.ImageProcessing.DrawToolsResource.CanvasMainChange - displayImage : 838.0x1024.0
2025-07-17 13:22:11 INFO  com.raymedis.rxviewui.service.study.ProcessingToolsService - Processing Brightness Slider with value: 29.92
2025-07-17 13:22:11 INFO  com.raymedis.rxviewui.modules.ImageProcessing.DrawToolsResource.MainDrawTool - frame type CV_16UC1
2025-07-17 13:22:11 INFO  com.raymedis.rxviewui.modules.ImageProcessing.DrawToolsResource.MainDrawTool - Brightness and Contrast 7689.4400000000005 1.0
2025-07-17 13:22:11 INFO  com.raymedis.rxviewui.modules.ImageProcessing.DrawToolsResource.CanvasMainChange - cropRect : {0, 0, 838x1024}
2025-07-17 13:22:11 INFO  com.raymedis.rxviewui.modules.ImageProcessing.DrawToolsResource.CanvasMainChange - after cropRect : {0, 0, 838x1024}
2025-07-17 13:22:11 INFO  com.raymedis.rxviewui.modules.ImageProcessing.DrawToolsResource.CanvasMainChange - displayImage : 838.0x1024.0
2025-07-17 13:22:11 INFO  com.raymedis.rxviewui.service.study.ProcessingToolsService - Processing Brightness Slider with value: 29.92
2025-07-17 13:22:11 INFO  com.raymedis.rxviewui.modules.ImageProcessing.DrawToolsResource.MainDrawTool - frame type CV_16UC1
2025-07-17 13:22:11 INFO  com.raymedis.rxviewui.modules.ImageProcessing.DrawToolsResource.MainDrawTool - Brightness and Contrast 7689.4400000000005 1.0
2025-07-17 13:22:11 INFO  com.raymedis.rxviewui.modules.ImageProcessing.DrawToolsResource.CanvasMainChange - cropRect : {0, 0, 838x1024}
2025-07-17 13:22:11 INFO  com.raymedis.rxviewui.modules.ImageProcessing.DrawToolsResource.CanvasMainChange - after cropRect : {0, 0, 838x1024}
2025-07-17 13:22:11 INFO  com.raymedis.rxviewui.modules.ImageProcessing.DrawToolsResource.CanvasMainChange - displayImage : 838.0x1024.0
2025-07-17 13:22:11 INFO  com.raymedis.rxviewui.service.study.ProcessingToolsController - Slider moved: oldVal=29.92 newVal=37.11911357340719
2025-07-17 13:22:11 INFO  com.raymedis.rxviewui.service.study.ProcessingToolsController - Slider moved: oldVal=37.11911357340719 newVal=37.12
2025-07-17 13:22:11 INFO  com.raymedis.rxviewui.service.study.ProcessingToolsService - Processing Brightness Slider with value: 37.12
2025-07-17 13:22:11 INFO  com.raymedis.rxviewui.modules.ImageProcessing.DrawToolsResource.MainDrawTool - frame type CV_16UC1
2025-07-17 13:22:11 INFO  com.raymedis.rxviewui.modules.ImageProcessing.DrawToolsResource.MainDrawTool - Brightness and Contrast 9539.84 1.0
2025-07-17 13:22:11 INFO  com.raymedis.rxviewui.modules.ImageProcessing.DrawToolsResource.CanvasMainChange - cropRect : {0, 0, 838x1024}
2025-07-17 13:22:11 INFO  com.raymedis.rxviewui.modules.ImageProcessing.DrawToolsResource.CanvasMainChange - after cropRect : {0, 0, 838x1024}
2025-07-17 13:22:11 INFO  com.raymedis.rxviewui.modules.ImageProcessing.DrawToolsResource.CanvasMainChange - displayImage : 838.0x1024.0
2025-07-17 13:22:11 INFO  com.raymedis.rxviewui.service.study.ProcessingToolsService - Processing Brightness Slider with value: 37.12
2025-07-17 13:22:11 INFO  com.raymedis.rxviewui.modules.ImageProcessing.DrawToolsResource.MainDrawTool - frame type CV_16UC1
2025-07-17 13:22:11 INFO  com.raymedis.rxviewui.modules.ImageProcessing.DrawToolsResource.MainDrawTool - Brightness and Contrast 9539.84 1.0
2025-07-17 13:22:11 INFO  com.raymedis.rxviewui.modules.ImageProcessing.DrawToolsResource.CanvasMainChange - cropRect : {0, 0, 838x1024}
2025-07-17 13:22:11 INFO  com.raymedis.rxviewui.modules.ImageProcessing.DrawToolsResource.CanvasMainChange - after cropRect : {0, 0, 838x1024}
2025-07-17 13:22:11 INFO  com.raymedis.rxviewui.modules.ImageProcessing.DrawToolsResource.CanvasMainChange - displayImage : 838.0x1024.0
2025-07-17 13:22:11 INFO  com.raymedis.rxviewui.service.study.ProcessingToolsService - Processing Brightness Slider with value: 37.12
2025-07-17 13:22:11 INFO  com.raymedis.rxviewui.modules.ImageProcessing.DrawToolsResource.MainDrawTool - frame type CV_16UC1
2025-07-17 13:22:11 INFO  com.raymedis.rxviewui.modules.ImageProcessing.DrawToolsResource.MainDrawTool - Brightness and Contrast 9539.84 1.0
2025-07-17 13:22:11 INFO  com.raymedis.rxviewui.modules.ImageProcessing.DrawToolsResource.CanvasMainChange - cropRect : {0, 0, 838x1024}
2025-07-17 13:22:11 INFO  com.raymedis.rxviewui.modules.ImageProcessing.DrawToolsResource.CanvasMainChange - after cropRect : {0, 0, 838x1024}
2025-07-17 13:22:11 INFO  com.raymedis.rxviewui.modules.ImageProcessing.DrawToolsResource.CanvasMainChange - displayImage : 838.0x1024.0
2025-07-17 13:22:11 INFO  com.raymedis.rxviewui.service.study.ProcessingToolsController - Slider moved: oldVal=37.12 newVal=45.98337950138506
2025-07-17 13:22:11 INFO  com.raymedis.rxviewui.service.study.ProcessingToolsController - Slider moved: oldVal=45.98337950138506 newVal=45.98
2025-07-17 13:22:11 INFO  com.raymedis.rxviewui.service.study.ProcessingToolsService - Processing Brightness Slider with value: 45.98
2025-07-17 13:22:11 INFO  com.raymedis.rxviewui.modules.ImageProcessing.DrawToolsResource.MainDrawTool - frame type CV_16UC1
2025-07-17 13:22:11 INFO  com.raymedis.rxviewui.modules.ImageProcessing.DrawToolsResource.MainDrawTool - Brightness and Contrast 11816.859999999999 1.0
2025-07-17 13:22:11 INFO  com.raymedis.rxviewui.modules.ImageProcessing.DrawToolsResource.CanvasMainChange - cropRect : {0, 0, 838x1024}
2025-07-17 13:22:11 INFO  com.raymedis.rxviewui.modules.ImageProcessing.DrawToolsResource.CanvasMainChange - after cropRect : {0, 0, 838x1024}
2025-07-17 13:22:11 INFO  com.raymedis.rxviewui.modules.ImageProcessing.DrawToolsResource.CanvasMainChange - displayImage : 838.0x1024.0
2025-07-17 13:22:11 INFO  com.raymedis.rxviewui.service.study.ProcessingToolsService - Processing Brightness Slider with value: 45.98
2025-07-17 13:22:11 INFO  com.raymedis.rxviewui.modules.ImageProcessing.DrawToolsResource.MainDrawTool - frame type CV_16UC1
2025-07-17 13:22:11 INFO  com.raymedis.rxviewui.modules.ImageProcessing.DrawToolsResource.MainDrawTool - Brightness and Contrast 11816.859999999999 1.0
2025-07-17 13:22:11 INFO  com.raymedis.rxviewui.modules.ImageProcessing.DrawToolsResource.CanvasMainChange - cropRect : {0, 0, 838x1024}
2025-07-17 13:22:11 INFO  com.raymedis.rxviewui.modules.ImageProcessing.DrawToolsResource.CanvasMainChange - after cropRect : {0, 0, 838x1024}
2025-07-17 13:22:11 INFO  com.raymedis.rxviewui.modules.ImageProcessing.DrawToolsResource.CanvasMainChange - displayImage : 838.0x1024.0
2025-07-17 13:22:11 INFO  com.raymedis.rxviewui.service.study.ProcessingToolsService - Processing Brightness Slider with value: 45.98
2025-07-17 13:22:11 INFO  com.raymedis.rxviewui.modules.ImageProcessing.DrawToolsResource.MainDrawTool - frame type CV_16UC1
2025-07-17 13:22:11 INFO  com.raymedis.rxviewui.modules.ImageProcessing.DrawToolsResource.MainDrawTool - Brightness and Contrast 11816.859999999999 1.0
2025-07-17 13:22:11 INFO  com.raymedis.rxviewui.modules.ImageProcessing.DrawToolsResource.CanvasMainChange - cropRect : {0, 0, 838x1024}
2025-07-17 13:22:11 INFO  com.raymedis.rxviewui.modules.ImageProcessing.DrawToolsResource.CanvasMainChange - after cropRect : {0, 0, 838x1024}
2025-07-17 13:22:11 INFO  com.raymedis.rxviewui.modules.ImageProcessing.DrawToolsResource.CanvasMainChange - displayImage : 838.0x1024.0
2025-07-17 13:22:16 INFO  com.raymedis.rxviewui.service.study.ProcessingToolsController - Slider released at value: 45.98
2025-07-17 13:22:16 INFO  com.raymedis.rxviewui.service.study.ProcessingToolsService - Processing Brightness Slider with value: 45.98
2025-07-17 13:22:16 INFO  com.raymedis.rxviewui.modules.ImageProcessing.DrawToolsResource.MainDrawTool - frame type CV_16UC1
2025-07-17 13:22:16 INFO  com.raymedis.rxviewui.modules.ImageProcessing.DrawToolsResource.MainDrawTool - Brightness and Contrast 11816.859999999999 1.0
2025-07-17 13:22:16 INFO  com.raymedis.rxviewui.modules.ImageProcessing.DrawToolsResource.CanvasMainChange - cropRect : {0, 0, 838x1024}
2025-07-17 13:22:16 INFO  com.raymedis.rxviewui.modules.ImageProcessing.DrawToolsResource.CanvasMainChange - after cropRect : {0, 0, 838x1024}
2025-07-17 13:22:16 INFO  com.raymedis.rxviewui.modules.ImageProcessing.DrawToolsResource.CanvasMainChange - displayImage : 838.0x1024.0
