2025-07-17 11:49:21 INFO  c.r.r.s.study.StudyMainController - Console is ON
2025-07-17 11:49:24 INFO  c.r.rxviewui.controller.LoginPage - logged In
2025-07-17 11:49:24 INFO  c.r.r.service.login.LoginController - 192.168.12.10
2025-07-17 11:49:24 INFO  c.r.r.service.login.LoginController - No Wi-Fi interface found or no IPv4 address assigned.
2025-07-17 11:49:25 INFO  c.r.r.s.study.StudyMainController - Setting console values for body part: Chest
2025-07-17 11:49:25 INFO  c.r.r.m.s.SerialPortManager - Setting Xray Console - kv: 70.0, ma: 80, mas: 4.0
2025-07-17 11:49:25 INFO  c.r.r.m.s.SerialPortManager - setMa kv1: 70.0, ma1: 80.0
2025-07-17 11:49:25 INFO  c.r.r.m.s.SerialPortManager - x: 175
2025-07-17 11:49:25 INFO  c.r.r.m.s.SerialPortManager - Current Sent: 80.0
2025-07-17 11:49:25 INFO  c.r.r.m.s.SerialPortManager - Calibration Val: 8.32
2025-07-17 11:49:25 INFO  c.r.r.m.s.SerialPortManager - Calibration Val: 8.49
2025-07-17 11:49:25 INFO  c.r.r.m.s.SerialPortManager - Calibration Val: 8.29
2025-07-17 11:49:25 INFO  c.r.r.m.s.SerialPortManager - Calibration Val: 8.49
2025-07-17 11:49:25 INFO  c.r.r.m.s.SerialPortManager - filamentCurrent: 8.32
2025-07-17 11:49:25 INFO  c.r.r.m.s.SerialPortManager - KV Sent : 70.0
2025-07-17 11:49:25 INFO  c.r.r.m.s.SerialPortManager - Calibration Val: 8.32
2025-07-17 11:49:25 INFO  c.r.r.m.s.SerialPortManager - Calibration Val: 8.49
2025-07-17 11:49:25 INFO  c.r.r.m.s.SerialPortManager - Calibration Val: 8.29
2025-07-17 11:49:25 INFO  c.r.r.m.s.SerialPortManager - Calibration Val: 8.49
2025-07-17 11:49:25 INFO  c.r.s.r.TriggerCommandRxOld - Serial port is not open.
2025-07-17 11:49:25 INFO  c.r.r.m.s.SerialPortManager - In short sending KV: 208
2025-07-17 11:49:25 INFO  c.r.r.m.s.SerialPortManager - In byte sending KV: -48
2025-07-17 11:49:25 INFO  c.r.r.m.s.SerialPortManager - setExposureTime 0.05
2025-07-17 11:49:25 INFO  c.r.r.m.s.SerialPortManager - Exposure Time Sent - 50
2025-07-17 11:49:25 INFO  c.r.s.r.TriggerCommandRxOld - Setting KV to: -48
2025-07-17 11:49:25 INFO  c.r.s.r.TriggerCommandRxOld - Serial port is not open.
2025-07-17 11:49:25 INFO  c.r.s.r.TriggerCommandRxOld - Setting Exposure Time to: 50 0 and G
2025-07-17 11:49:25 INFO  c.r.s.r.TriggerCommandRxOld - Serial port is not open.
2025-07-17 11:49:26 INFO  c.r.r.service.study.StudyService - current bodyPart chest AP
2025-07-17 11:49:26 INFO  c.r.r.s.preProcessing.PreProcess - Processing body part: chest
2025-07-17 11:49:26 INFO  c.r.r.s.preProcessing.PreProcess - Mat is 16-bit unsigned
2025-07-17 11:49:29 INFO  c.r.r.service.study.StudyService - Image received Found in FPD
2025-07-17 11:49:29 INFO  c.r.r.service.study.StudyService - org : CV_16UC1
2025-07-17 11:49:29 INFO  c.r.r.service.study.StudyService - study mat.rows() * width : 1024 1024.0
2025-07-17 11:49:29 INFO  c.r.r.service.study.StudyService - study DynamicCanvasElementsResize values set with multiple: 1.0
2025-07-17 11:49:29 INFO  c.r.r.service.study.StudyService - study Line Width: 2.0, Ellipse Radius X: 8.0, Ellipse Radius Y: 8.0, Label Font Size: 14.0, Rect Width: 90.0, Rect Height: 30.0, Custom Font Icon Size: 200.0
2025-07-17 11:49:29 INFO  c.r.r.m.I.D.CanvasMainChange - cropRect : {0, 0, 838x1024}
2025-07-17 11:49:29 INFO  c.r.r.m.I.D.CanvasMainChange - after cropRect : {0, 0, 838x1024}
2025-07-17 11:49:29 INFO  c.r.r.m.I.D.CanvasMainChange - displayImage : 838.0x1024.0
2025-07-17 11:49:29 INFO  c.r.r.m.I.D.CanvasMainChange - cropRect : {0, 0, 838x1024}
2025-07-17 11:49:29 INFO  c.r.r.m.I.D.CanvasMainChange - after cropRect : {0, 0, 838x1024}
2025-07-17 11:49:29 INFO  c.r.r.m.I.D.CanvasMainChange - displayImage : 838.0x1024.0
2025-07-17 11:49:29 INFO  c.r.r.m.I.D.MainDrawTool - ImagingParams is null
2025-07-17 11:49:29 INFO  c.r.r.m.I.D.MainDrawTool - StepEntity is null, no params to apply
2025-07-17 11:49:32 INFO  c.r.r.s.s.ProcessingToolsController - Slider moved: oldVal=0.0 newVal=0.554016620498615
2025-07-17 11:49:32 INFO  c.r.r.s.s.ProcessingToolsController - Slider moved: oldVal=0.554016620498615 newVal=0.55
2025-07-17 11:49:32 INFO  c.r.r.s.study.ProcessingToolsService - slider value changed: 0.55
2025-07-17 11:49:32 INFO  c.r.r.s.study.ProcessingToolsService - Processing Brightness Slider with value: 1
2025-07-17 11:49:32 INFO  c.r.r.m.I.D.MainDrawTool - frame type CV_16UC1
2025-07-17 11:49:32 INFO  c.r.r.m.I.D.MainDrawTool - Brightness and Contrast 257.0 1.0
2025-07-17 11:49:32 INFO  c.r.r.m.I.D.CanvasMainChange - cropRect : {0, 0, 838x1024}
2025-07-17 11:49:32 INFO  c.r.r.m.I.D.CanvasMainChange - after cropRect : {0, 0, 838x1024}
2025-07-17 11:49:32 INFO  c.r.r.m.I.D.CanvasMainChange - displayImage : 838.0x1024.0
2025-07-17 11:49:32 INFO  c.r.r.s.study.ProcessingToolsService - slider value changed: 0.55
2025-07-17 11:49:32 INFO  c.r.r.s.study.ProcessingToolsService - Processing Brightness Slider with value: 1
2025-07-17 11:49:32 INFO  c.r.r.m.I.D.MainDrawTool - frame type CV_16UC1
2025-07-17 11:49:32 INFO  c.r.r.m.I.D.MainDrawTool - Brightness and Contrast 257.0 1.0
2025-07-17 11:49:32 INFO  c.r.r.m.I.D.CanvasMainChange - cropRect : {0, 0, 838x1024}
2025-07-17 11:49:32 INFO  c.r.r.m.I.D.CanvasMainChange - after cropRect : {0, 0, 838x1024}
2025-07-17 11:49:32 INFO  c.r.r.m.I.D.CanvasMainChange - displayImage : 838.0x1024.0
2025-07-17 11:49:32 INFO  c.r.r.s.study.ProcessingToolsService - slider value changed: 0.55
2025-07-17 11:49:32 INFO  c.r.r.s.study.ProcessingToolsService - Processing Brightness Slider with value: 1
2025-07-17 11:49:32 INFO  c.r.r.m.I.D.MainDrawTool - frame type CV_16UC1
2025-07-17 11:49:32 INFO  c.r.r.m.I.D.MainDrawTool - Brightness and Contrast 257.0 1.0
2025-07-17 11:49:32 INFO  c.r.r.m.I.D.CanvasMainChange - cropRect : {0, 0, 838x1024}
2025-07-17 11:49:32 INFO  c.r.r.m.I.D.CanvasMainChange - after cropRect : {0, 0, 838x1024}
2025-07-17 11:49:32 INFO  c.r.r.m.I.D.CanvasMainChange - displayImage : 838.0x1024.0
2025-07-17 11:49:32 INFO  c.r.r.s.s.ProcessingToolsController - Slider moved: oldVal=0.55 newVal=-14.958448753462605
2025-07-17 11:49:32 INFO  c.r.r.s.study.ProcessingToolsService - slider value changed: -14.958448753462605
2025-07-17 11:49:32 INFO  c.r.r.s.study.ProcessingToolsService - Processing Brightness Slider with value: -15
2025-07-17 11:49:32 INFO  c.r.r.m.I.D.MainDrawTool - frame type CV_16UC1
2025-07-17 11:49:32 INFO  c.r.r.m.I.D.MainDrawTool - Brightness and Contrast -3855.0 1.0
2025-07-17 11:49:32 INFO  c.r.r.m.I.D.CanvasMainChange - cropRect : {0, 0, 838x1024}
2025-07-17 11:49:32 INFO  c.r.r.m.I.D.CanvasMainChange - after cropRect : {0, 0, 838x1024}
2025-07-17 11:49:32 INFO  c.r.r.m.I.D.CanvasMainChange - displayImage : 838.0x1024.0
2025-07-17 11:49:33 INFO  c.r.r.s.s.ProcessingToolsController - Slider moved: oldVal=-14.958448753462605 newVal=-15.51246537396122
2025-07-17 11:49:33 INFO  c.r.r.s.study.ProcessingToolsService - slider value changed: -15.51246537396122
2025-07-17 11:49:33 INFO  c.r.r.s.study.ProcessingToolsService - Processing Brightness Slider with value: -16
2025-07-17 11:49:33 INFO  c.r.r.m.I.D.MainDrawTool - frame type CV_16UC1
2025-07-17 11:49:33 INFO  c.r.r.m.I.D.MainDrawTool - Brightness and Contrast -4112.0 1.0
2025-07-17 11:49:33 INFO  c.r.r.m.I.D.CanvasMainChange - cropRect : {0, 0, 838x1024}
2025-07-17 11:49:33 INFO  c.r.r.m.I.D.CanvasMainChange - after cropRect : {0, 0, 838x1024}
2025-07-17 11:49:33 INFO  c.r.r.m.I.D.CanvasMainChange - displayImage : 838.0x1024.0
2025-07-17 11:49:33 INFO  c.r.r.s.s.ProcessingToolsController - Slider moved: oldVal=-15.51246537396122 newVal=-20.498614958448755
2025-07-17 11:49:33 INFO  c.r.r.s.study.ProcessingToolsService - slider value changed: -20.498614958448755
2025-07-17 11:49:33 INFO  c.r.r.s.study.ProcessingToolsService - Processing Brightness Slider with value: -20
2025-07-17 11:49:33 INFO  c.r.r.m.I.D.MainDrawTool - frame type CV_16UC1
2025-07-17 11:49:33 INFO  c.r.r.m.I.D.MainDrawTool - Brightness and Contrast -5140.0 1.0
2025-07-17 11:49:33 INFO  c.r.r.m.I.D.CanvasMainChange - cropRect : {0, 0, 838x1024}
2025-07-17 11:49:33 INFO  c.r.r.m.I.D.CanvasMainChange - after cropRect : {0, 0, 838x1024}
2025-07-17 11:49:33 INFO  c.r.r.m.I.D.CanvasMainChange - displayImage : 838.0x1024.0
2025-07-17 11:49:33 INFO  c.r.r.s.s.ProcessingToolsController - Slider moved: oldVal=-20.498614958448755 newVal=-23.82271468144043
2025-07-17 11:49:33 INFO  c.r.r.s.study.ProcessingToolsService - slider value changed: -23.82271468144043
2025-07-17 11:49:33 INFO  c.r.r.s.study.ProcessingToolsService - Processing Brightness Slider with value: -24
2025-07-17 11:49:33 INFO  c.r.r.m.I.D.MainDrawTool - frame type CV_16UC1
2025-07-17 11:49:33 INFO  c.r.r.m.I.D.MainDrawTool - Brightness and Contrast -6168.0 1.0
2025-07-17 11:49:33 INFO  c.r.r.m.I.D.CanvasMainChange - cropRect : {0, 0, 838x1024}
2025-07-17 11:49:33 INFO  c.r.r.m.I.D.CanvasMainChange - after cropRect : {0, 0, 838x1024}
2025-07-17 11:49:33 INFO  c.r.r.m.I.D.CanvasMainChange - displayImage : 838.0x1024.0
2025-07-17 11:49:33 INFO  c.r.r.s.s.ProcessingToolsController - Slider moved: oldVal=-23.82271468144043 newVal=-26.038781163434905
2025-07-17 11:49:33 INFO  c.r.r.s.study.ProcessingToolsService - slider value changed: -26.038781163434905
2025-07-17 11:49:33 INFO  c.r.r.s.study.ProcessingToolsService - Processing Brightness Slider with value: -26
2025-07-17 11:49:33 INFO  c.r.r.m.I.D.MainDrawTool - frame type CV_16UC1
2025-07-17 11:49:33 INFO  c.r.r.m.I.D.MainDrawTool - Brightness and Contrast -6682.0 1.0
2025-07-17 11:49:33 INFO  c.r.r.m.I.D.CanvasMainChange - cropRect : {0, 0, 838x1024}
2025-07-17 11:49:33 INFO  c.r.r.m.I.D.CanvasMainChange - after cropRect : {0, 0, 838x1024}
2025-07-17 11:49:33 INFO  c.r.r.m.I.D.CanvasMainChange - displayImage : 838.0x1024.0
2025-07-17 11:49:33 INFO  c.r.r.s.s.ProcessingToolsController - Slider moved: oldVal=-26.038781163434905 newVal=-27.70083102493075
2025-07-17 11:49:33 INFO  c.r.r.s.study.ProcessingToolsService - slider value changed: -27.70083102493075
2025-07-17 11:49:33 INFO  c.r.r.s.study.ProcessingToolsService - Processing Brightness Slider with value: -28
2025-07-17 11:49:33 INFO  c.r.r.m.I.D.MainDrawTool - frame type CV_16UC1
2025-07-17 11:49:33 INFO  c.r.r.m.I.D.MainDrawTool - Brightness and Contrast -7196.0 1.0
2025-07-17 11:49:33 INFO  c.r.r.m.I.D.CanvasMainChange - cropRect : {0, 0, 838x1024}
2025-07-17 11:49:33 INFO  c.r.r.m.I.D.CanvasMainChange - after cropRect : {0, 0, 838x1024}
2025-07-17 11:49:33 INFO  c.r.r.m.I.D.CanvasMainChange - displayImage : 838.0x1024.0
2025-07-17 11:49:36 INFO  c.r.r.s.s.ProcessingToolsController - Slider moved: oldVal=-27.70083102493075 newVal=-28.254847645429365
2025-07-17 11:49:36 INFO  c.r.r.s.study.ProcessingToolsService - slider value changed: -28.254847645429365
2025-07-17 11:49:36 INFO  c.r.r.s.study.ProcessingToolsService - Processing Brightness Slider with value: -28
2025-07-17 11:49:36 INFO  c.r.r.m.I.D.MainDrawTool - frame type CV_16UC1
2025-07-17 11:49:36 INFO  c.r.r.m.I.D.MainDrawTool - Brightness and Contrast -7196.0 1.0
2025-07-17 11:49:36 INFO  c.r.r.m.I.D.CanvasMainChange - cropRect : {0, 0, 838x1024}
2025-07-17 11:49:36 INFO  c.r.r.m.I.D.CanvasMainChange - after cropRect : {0, 0, 838x1024}
2025-07-17 11:49:36 INFO  c.r.r.m.I.D.CanvasMainChange - displayImage : 838.0x1024.0
2025-07-17 11:49:36 INFO  c.r.r.s.s.ProcessingToolsController - Slider moved: oldVal=-28.254847645429365 newVal=-59.2797783933518
2025-07-17 11:49:36 INFO  c.r.r.s.study.ProcessingToolsService - slider value changed: -59.2797783933518
2025-07-17 11:49:36 INFO  c.r.r.s.study.ProcessingToolsService - Processing Brightness Slider with value: -59
2025-07-17 11:49:36 INFO  c.r.r.m.I.D.MainDrawTool - frame type CV_16UC1
2025-07-17 11:49:36 INFO  c.r.r.m.I.D.MainDrawTool - Brightness and Contrast -15163.0 1.0
2025-07-17 11:49:36 INFO  c.r.r.m.I.D.CanvasMainChange - cropRect : {0, 0, 838x1024}
2025-07-17 11:49:36 INFO  c.r.r.m.I.D.CanvasMainChange - after cropRect : {0, 0, 838x1024}
2025-07-17 11:49:36 INFO  c.r.r.m.I.D.CanvasMainChange - displayImage : 838.0x1024.0
2025-07-17 11:49:36 INFO  c.r.r.s.s.ProcessingToolsController - Slider moved: oldVal=-59.2797783933518 newVal=-100.0
2025-07-17 11:49:36 INFO  c.r.r.s.study.ProcessingToolsService - slider value changed: -100.0
2025-07-17 11:49:36 INFO  c.r.r.s.study.ProcessingToolsService - Processing Brightness Slider with value: -100
2025-07-17 11:49:36 INFO  c.r.r.m.I.D.MainDrawTool - frame type CV_16UC1
2025-07-17 11:49:36 INFO  c.r.r.m.I.D.MainDrawTool - Brightness and Contrast -25700.0 1.0
2025-07-17 11:49:36 INFO  c.r.r.m.I.D.CanvasMainChange - cropRect : {0, 0, 838x1024}
2025-07-17 11:49:36 INFO  c.r.r.m.I.D.CanvasMainChange - after cropRect : {0, 0, 838x1024}
2025-07-17 11:49:36 INFO  c.r.r.m.I.D.CanvasMainChange - displayImage : 838.0x1024.0
2025-07-17 11:49:37 INFO  c.r.r.s.s.ProcessingToolsController - Slider moved: oldVal=-100.0 newVal=-99.72299182183855
2025-07-17 11:49:37 INFO  c.r.r.s.study.ProcessingToolsService - slider value changed: -99.72299182183855
2025-07-17 11:49:37 INFO  c.r.r.s.study.ProcessingToolsService - Processing Brightness Slider with value: -100
2025-07-17 11:49:37 INFO  c.r.r.m.I.D.MainDrawTool - frame type CV_16UC1
2025-07-17 11:49:37 INFO  c.r.r.m.I.D.MainDrawTool - Brightness and Contrast -25700.0 1.0
2025-07-17 11:49:37 INFO  c.r.r.m.I.D.CanvasMainChange - cropRect : {0, 0, 838x1024}
2025-07-17 11:49:37 INFO  c.r.r.m.I.D.CanvasMainChange - after cropRect : {0, 0, 838x1024}
2025-07-17 11:49:37 INFO  c.r.r.m.I.D.CanvasMainChange - displayImage : 838.0x1024.0
2025-07-17 11:49:37 INFO  c.r.r.s.s.ProcessingToolsController - Slider moved: oldVal=-99.72299182183855 newVal=-75.34626038781164
2025-07-17 11:49:37 INFO  c.r.r.s.study.ProcessingToolsService - slider value changed: -75.34626038781164
2025-07-17 11:49:37 INFO  c.r.r.s.study.ProcessingToolsService - Processing Brightness Slider with value: -75
2025-07-17 11:49:37 INFO  c.r.r.m.I.D.MainDrawTool - frame type CV_16UC1
2025-07-17 11:49:37 INFO  c.r.r.m.I.D.MainDrawTool - Brightness and Contrast -19275.0 1.0
2025-07-17 11:49:37 INFO  c.r.r.m.I.D.CanvasMainChange - cropRect : {0, 0, 838x1024}
2025-07-17 11:49:37 INFO  c.r.r.m.I.D.CanvasMainChange - after cropRect : {0, 0, 838x1024}
2025-07-17 11:49:37 INFO  c.r.r.m.I.D.CanvasMainChange - displayImage : 838.0x1024.0
2025-07-17 11:49:37 INFO  c.r.r.s.s.ProcessingToolsController - Slider moved: oldVal=-75.34626038781164 newVal=-59.83379501385041
2025-07-17 11:49:37 INFO  c.r.r.s.study.ProcessingToolsService - slider value changed: -59.83379501385041
2025-07-17 11:49:37 INFO  c.r.r.s.study.ProcessingToolsService - Processing Brightness Slider with value: -60
2025-07-17 11:49:37 INFO  c.r.r.m.I.D.MainDrawTool - frame type CV_16UC1
2025-07-17 11:49:37 INFO  c.r.r.m.I.D.MainDrawTool - Brightness and Contrast -15420.0 1.0
2025-07-17 11:49:37 INFO  c.r.r.m.I.D.CanvasMainChange - cropRect : {0, 0, 838x1024}
2025-07-17 11:49:37 INFO  c.r.r.m.I.D.CanvasMainChange - after cropRect : {0, 0, 838x1024}
2025-07-17 11:49:37 INFO  c.r.r.m.I.D.CanvasMainChange - displayImage : 838.0x1024.0
2025-07-17 11:49:37 INFO  c.r.r.s.s.ProcessingToolsController - Slider moved: oldVal=-59.83379501385041 newVal=-54.84764542936288
2025-07-17 11:49:37 INFO  c.r.r.s.study.ProcessingToolsService - slider value changed: -54.84764542936288
2025-07-17 11:49:37 INFO  c.r.r.s.study.ProcessingToolsService - Processing Brightness Slider with value: -55
2025-07-17 11:49:37 INFO  c.r.r.m.I.D.MainDrawTool - frame type CV_16UC1
2025-07-17 11:49:37 INFO  c.r.r.m.I.D.MainDrawTool - Brightness and Contrast -14135.0 1.0
2025-07-17 11:49:37 INFO  c.r.r.m.I.D.CanvasMainChange - cropRect : {0, 0, 838x1024}
2025-07-17 11:49:37 INFO  c.r.r.m.I.D.CanvasMainChange - after cropRect : {0, 0, 838x1024}
2025-07-17 11:49:37 INFO  c.r.r.m.I.D.CanvasMainChange - displayImage : 838.0x1024.0
2025-07-17 11:49:37 INFO  c.r.r.s.s.ProcessingToolsController - Slider moved: oldVal=-54.84764542936288 newVal=-47.64542936288089
2025-07-17 11:49:37 INFO  c.r.r.s.study.ProcessingToolsService - slider value changed: -47.64542936288089
2025-07-17 11:49:37 INFO  c.r.r.s.study.ProcessingToolsService - Processing Brightness Slider with value: -48
2025-07-17 11:49:37 INFO  c.r.r.m.I.D.MainDrawTool - frame type CV_16UC1
2025-07-17 11:49:37 INFO  c.r.r.m.I.D.MainDrawTool - Brightness and Contrast -12336.0 1.0
2025-07-17 11:49:37 INFO  c.r.r.m.I.D.CanvasMainChange - cropRect : {0, 0, 838x1024}
2025-07-17 11:49:37 INFO  c.r.r.m.I.D.CanvasMainChange - after cropRect : {0, 0, 838x1024}
2025-07-17 11:49:37 INFO  c.r.r.m.I.D.CanvasMainChange - displayImage : 838.0x1024.0
2025-07-17 11:49:37 INFO  c.r.r.s.s.ProcessingToolsController - Slider moved: oldVal=-47.64542936288089 newVal=-45.983379501385045
2025-07-17 11:49:37 INFO  c.r.r.s.study.ProcessingToolsService - slider value changed: -45.983379501385045
2025-07-17 11:49:37 INFO  c.r.r.s.study.ProcessingToolsService - Processing Brightness Slider with value: -46
2025-07-17 11:49:37 INFO  c.r.r.m.I.D.MainDrawTool - frame type CV_16UC1
2025-07-17 11:49:37 INFO  c.r.r.m.I.D.MainDrawTool - Brightness and Contrast -11822.0 1.0
2025-07-17 11:49:37 INFO  c.r.r.m.I.D.CanvasMainChange - cropRect : {0, 0, 838x1024}
2025-07-17 11:49:37 INFO  c.r.r.m.I.D.CanvasMainChange - after cropRect : {0, 0, 838x1024}
2025-07-17 11:49:37 INFO  c.r.r.m.I.D.CanvasMainChange - displayImage : 838.0x1024.0
2025-07-17 11:49:38 INFO  c.r.r.s.s.ProcessingToolsController - Slider released at value: -45.983379501385045
2025-07-17 11:49:38 INFO  c.r.r.s.study.ProcessingToolsService - slider value changed: -45.983379501385045
2025-07-17 11:49:38 INFO  c.r.r.s.study.ProcessingToolsService - Processing Brightness Slider with value: -46
2025-07-17 11:49:38 INFO  c.r.r.m.I.D.MainDrawTool - frame type CV_16UC1
2025-07-17 11:49:38 INFO  c.r.r.m.I.D.MainDrawTool - Brightness and Contrast -11822.0 1.0
2025-07-17 11:49:38 INFO  c.r.r.m.I.D.CanvasMainChange - cropRect : {0, 0, 838x1024}
2025-07-17 11:49:38 INFO  c.r.r.m.I.D.CanvasMainChange - after cropRect : {0, 0, 838x1024}
2025-07-17 11:49:38 INFO  c.r.r.m.I.D.CanvasMainChange - displayImage : 838.0x1024.0
2025-07-17 11:49:38 INFO  c.r.r.s.s.ProcessingToolsController - Slider moved: oldVal=-45.983379501385045 newVal=-40.0
2025-07-17 11:49:38 INFO  c.r.r.s.study.ProcessingToolsService - slider value changed: -40.0
2025-07-17 11:49:38 INFO  c.r.r.s.study.ProcessingToolsService - Processing Brightness Slider with value: -40
2025-07-17 11:49:38 INFO  c.r.r.m.I.D.MainDrawTool - frame type CV_16UC1
2025-07-17 11:49:38 INFO  c.r.r.m.I.D.MainDrawTool - Brightness and Contrast -10280.0 1.0
2025-07-17 11:49:38 INFO  c.r.r.m.I.D.CanvasMainChange - cropRect : {0, 0, 838x1024}
2025-07-17 11:49:38 INFO  c.r.r.m.I.D.CanvasMainChange - after cropRect : {0, 0, 838x1024}
2025-07-17 11:49:38 INFO  c.r.r.m.I.D.CanvasMainChange - displayImage : 838.0x1024.0
2025-07-17 11:49:41 INFO  c.r.r.s.s.ProcessingToolsController - Slider released at value: -40.0
2025-07-17 11:49:41 INFO  c.r.r.s.study.ProcessingToolsService - slider value changed: -40.0
2025-07-17 11:49:41 INFO  c.r.r.s.study.ProcessingToolsService - Processing Brightness Slider with value: -40
2025-07-17 11:49:41 INFO  c.r.r.m.I.D.MainDrawTool - frame type CV_16UC1
2025-07-17 11:49:41 INFO  c.r.r.m.I.D.MainDrawTool - Brightness and Contrast -10280.0 1.0
2025-07-17 11:49:41 INFO  c.r.r.m.I.D.CanvasMainChange - cropRect : {0, 0, 838x1024}
2025-07-17 11:49:41 INFO  c.r.r.m.I.D.CanvasMainChange - after cropRect : {0, 0, 838x1024}
2025-07-17 11:49:41 INFO  c.r.r.m.I.D.CanvasMainChange - displayImage : 838.0x1024.0
2025-07-17 11:49:41 INFO  c.r.r.s.s.ProcessingToolsController - Slider released at value: -40.0
2025-07-17 11:49:41 INFO  c.r.r.s.study.ProcessingToolsService - slider value changed: -40.0
2025-07-17 11:49:41 INFO  c.r.r.s.study.ProcessingToolsService - Processing Brightness Slider with value: -40
2025-07-17 11:49:41 INFO  c.r.r.m.I.D.MainDrawTool - frame type CV_16UC1
2025-07-17 11:49:41 INFO  c.r.r.m.I.D.MainDrawTool - Brightness and Contrast -10280.0 1.0
2025-07-17 11:49:41 INFO  c.r.r.m.I.D.CanvasMainChange - cropRect : {0, 0, 838x1024}
2025-07-17 11:49:41 INFO  c.r.r.m.I.D.CanvasMainChange - after cropRect : {0, 0, 838x1024}
2025-07-17 11:49:41 INFO  c.r.r.m.I.D.CanvasMainChange - displayImage : 838.0x1024.0
2025-07-17 11:49:42 INFO  c.r.r.s.s.ProcessingToolsController - Slider moved: oldVal=-40.0 newVal=-38.89196675900277
2025-07-17 11:49:42 INFO  c.r.r.s.study.ProcessingToolsService - slider value changed: -38.89196675900277
2025-07-17 11:49:42 INFO  c.r.r.s.study.ProcessingToolsService - Processing Brightness Slider with value: -39
2025-07-17 11:49:42 INFO  c.r.r.m.I.D.MainDrawTool - frame type CV_16UC1
2025-07-17 11:49:42 INFO  c.r.r.m.I.D.MainDrawTool - Brightness and Contrast -10023.0 1.0
2025-07-17 11:49:42 INFO  c.r.r.m.I.D.CanvasMainChange - cropRect : {0, 0, 838x1024}
2025-07-17 11:49:42 INFO  c.r.r.m.I.D.CanvasMainChange - after cropRect : {0, 0, 838x1024}
2025-07-17 11:49:42 INFO  c.r.r.m.I.D.CanvasMainChange - displayImage : 838.0x1024.0
2025-07-17 11:49:42 INFO  c.r.r.s.s.ProcessingToolsController - Slider moved: oldVal=-38.89196675900277 newVal=-29.473684210526315
2025-07-17 11:49:42 INFO  c.r.r.s.study.ProcessingToolsService - slider value changed: -29.473684210526315
2025-07-17 11:49:42 INFO  c.r.r.s.study.ProcessingToolsService - Processing Brightness Slider with value: -29
2025-07-17 11:49:42 INFO  c.r.r.m.I.D.MainDrawTool - frame type CV_16UC1
2025-07-17 11:49:42 INFO  c.r.r.m.I.D.MainDrawTool - Brightness and Contrast -7453.0 1.0
2025-07-17 11:49:42 INFO  c.r.r.m.I.D.CanvasMainChange - cropRect : {0, 0, 838x1024}
2025-07-17 11:49:42 INFO  c.r.r.m.I.D.CanvasMainChange - after cropRect : {0, 0, 838x1024}
2025-07-17 11:49:42 INFO  c.r.r.m.I.D.CanvasMainChange - displayImage : 838.0x1024.0
2025-07-17 11:49:42 INFO  c.r.r.s.s.ProcessingToolsController - Slider moved: oldVal=-29.473684210526315 newVal=-28.919667590027714
2025-07-17 11:49:42 INFO  c.r.r.s.study.ProcessingToolsService - slider value changed: -28.919667590027714
2025-07-17 11:49:42 INFO  c.r.r.s.study.ProcessingToolsService - Processing Brightness Slider with value: -29
2025-07-17 11:49:42 INFO  c.r.r.m.I.D.MainDrawTool - frame type CV_16UC1
2025-07-17 11:49:42 INFO  c.r.r.m.I.D.MainDrawTool - Brightness and Contrast -7453.0 1.0
2025-07-17 11:49:42 INFO  c.r.r.m.I.D.CanvasMainChange - cropRect : {0, 0, 838x1024}
2025-07-17 11:49:42 INFO  c.r.r.m.I.D.CanvasMainChange - after cropRect : {0, 0, 838x1024}
2025-07-17 11:49:42 INFO  c.r.r.m.I.D.CanvasMainChange - displayImage : 838.0x1024.0
2025-07-17 11:49:42 INFO  c.r.r.s.s.ProcessingToolsController - Slider released at value: -28.919667590027714
2025-07-17 11:49:42 INFO  c.r.r.s.study.ProcessingToolsService - slider value changed: -28.919667590027714
2025-07-17 11:49:42 INFO  c.r.r.s.study.ProcessingToolsService - Processing Brightness Slider with value: -29
2025-07-17 11:49:42 INFO  c.r.r.m.I.D.MainDrawTool - frame type CV_16UC1
2025-07-17 11:49:42 INFO  c.r.r.m.I.D.MainDrawTool - Brightness and Contrast -7453.0 1.0
2025-07-17 11:49:42 INFO  c.r.r.m.I.D.CanvasMainChange - cropRect : {0, 0, 838x1024}
2025-07-17 11:49:42 INFO  c.r.r.m.I.D.CanvasMainChange - after cropRect : {0, 0, 838x1024}
2025-07-17 11:49:42 INFO  c.r.r.m.I.D.CanvasMainChange - displayImage : 838.0x1024.0
2025-07-17 11:49:42 INFO  c.r.r.s.s.ProcessingToolsController - Slider moved: oldVal=-28.919667590027714 newVal=-20.0
2025-07-17 11:49:42 INFO  c.r.r.s.study.ProcessingToolsService - slider value changed: -20.0
2025-07-17 11:49:42 INFO  c.r.r.s.study.ProcessingToolsService - Processing Brightness Slider with value: -20
2025-07-17 11:49:42 INFO  c.r.r.m.I.D.MainDrawTool - frame type CV_16UC1
2025-07-17 11:49:42 INFO  c.r.r.m.I.D.MainDrawTool - Brightness and Contrast -5140.0 1.0
2025-07-17 11:49:42 INFO  c.r.r.m.I.D.CanvasMainChange - cropRect : {0, 0, 838x1024}
2025-07-17 11:49:42 INFO  c.r.r.m.I.D.CanvasMainChange - after cropRect : {0, 0, 838x1024}
2025-07-17 11:49:42 INFO  c.r.r.m.I.D.CanvasMainChange - displayImage : 838.0x1024.0
2025-07-17 11:49:47 INFO  c.r.r.s.s.ProcessingToolsController - Slider moved: oldVal=1.0 newVal=0.9944598337950139
2025-07-17 11:49:47 INFO  c.r.r.s.s.ProcessingToolsController - Slider moved: oldVal=0.9944598337950139 newVal=0.99
2025-07-17 11:49:47 INFO  c.r.r.s.study.ProcessingToolsService - slider value changed: 0.99
2025-07-17 11:49:47 INFO  c.r.r.s.study.ProcessingToolsService - Processing Contrast Slider with value: 0.99
2025-07-17 11:49:47 INFO  c.r.r.s.study.ProcessingToolsService - slider value changed: 0.99
2025-07-17 11:49:47 INFO  c.r.r.s.study.ProcessingToolsService - Processing Contrast Slider with value: 0.99
2025-07-17 11:49:47 INFO  c.r.r.s.study.ProcessingToolsService - slider value changed: 0.99
2025-07-17 11:49:47 INFO  c.r.r.s.study.ProcessingToolsService - Processing Contrast Slider with value: 0.99
2025-07-17 11:49:47 INFO  c.r.r.s.s.ProcessingToolsController - Slider moved: oldVal=0.99 newVal=0.9889196675900277
2025-07-17 11:49:47 INFO  c.r.r.s.study.ProcessingToolsService - slider value changed: 0.9889196675900277
2025-07-17 11:49:47 INFO  c.r.r.s.study.ProcessingToolsService - Processing Contrast Slider with value: 0.9889196675900277
2025-07-17 11:49:47 INFO  c.r.r.s.s.ProcessingToolsController - Slider moved: oldVal=0.9889196675900277 newVal=0.9833795013850416
2025-07-17 11:49:47 INFO  c.r.r.s.s.ProcessingToolsController - Slider moved: oldVal=0.9833795013850416 newVal=0.98
2025-07-17 11:49:47 INFO  c.r.r.s.study.ProcessingToolsService - slider value changed: 0.98
2025-07-17 11:49:47 INFO  c.r.r.s.study.ProcessingToolsService - Processing Contrast Slider with value: 0.98
2025-07-17 11:49:47 INFO  c.r.r.s.study.ProcessingToolsService - slider value changed: 0.98
2025-07-17 11:49:47 INFO  c.r.r.s.study.ProcessingToolsService - Processing Contrast Slider with value: 0.98
2025-07-17 11:49:47 INFO  c.r.r.s.study.ProcessingToolsService - slider value changed: 0.98
2025-07-17 11:49:47 INFO  c.r.r.s.study.ProcessingToolsService - Processing Contrast Slider with value: 0.98
2025-07-17 11:49:47 INFO  c.r.r.s.s.ProcessingToolsController - Slider moved: oldVal=0.98 newVal=0.9778393351800554
2025-07-17 11:49:47 INFO  c.r.r.s.study.ProcessingToolsService - slider value changed: 0.9778393351800554
2025-07-17 11:49:47 INFO  c.r.r.s.study.ProcessingToolsService - Processing Contrast Slider with value: 0.9778393351800554
2025-07-17 11:49:47 INFO  c.r.r.s.s.ProcessingToolsController - Slider moved: oldVal=0.9778393351800554 newVal=0.9722991689750693
2025-07-17 11:49:47 INFO  c.r.r.s.s.ProcessingToolsController - Slider moved: oldVal=0.9722991689750693 newVal=0.97
2025-07-17 11:49:47 INFO  c.r.r.s.study.ProcessingToolsService - slider value changed: 0.97
2025-07-17 11:49:47 INFO  c.r.r.s.study.ProcessingToolsService - Processing Contrast Slider with value: 0.97
2025-07-17 11:49:47 INFO  c.r.r.s.study.ProcessingToolsService - slider value changed: 0.97
2025-07-17 11:49:47 INFO  c.r.r.s.study.ProcessingToolsService - Processing Contrast Slider with value: 0.97
2025-07-17 11:49:47 INFO  c.r.r.s.study.ProcessingToolsService - slider value changed: 0.97
2025-07-17 11:49:47 INFO  c.r.r.s.study.ProcessingToolsService - Processing Contrast Slider with value: 0.97
2025-07-17 11:49:47 INFO  c.r.r.s.s.ProcessingToolsController - Slider moved: oldVal=0.97 newVal=0.9667590027700831
2025-07-17 11:49:47 INFO  c.r.r.s.study.ProcessingToolsService - slider value changed: 0.9667590027700831
2025-07-17 11:49:47 INFO  c.r.r.s.study.ProcessingToolsService - Processing Contrast Slider with value: 0.9667590027700831
2025-07-17 11:49:47 INFO  c.r.r.s.s.ProcessingToolsController - Slider moved: oldVal=0.9667590027700831 newVal=0.961218836565097
2025-07-17 11:49:47 INFO  c.r.r.s.s.ProcessingToolsController - Slider moved: oldVal=0.961218836565097 newVal=0.96
2025-07-17 11:49:47 INFO  c.r.r.s.study.ProcessingToolsService - slider value changed: 0.96
2025-07-17 11:49:47 INFO  c.r.r.s.study.ProcessingToolsService - Processing Contrast Slider with value: 0.96
2025-07-17 11:49:47 INFO  c.r.r.s.study.ProcessingToolsService - slider value changed: 0.96
2025-07-17 11:49:47 INFO  c.r.r.s.study.ProcessingToolsService - Processing Contrast Slider with value: 0.96
2025-07-17 11:49:47 INFO  c.r.r.s.study.ProcessingToolsService - slider value changed: 0.96
2025-07-17 11:49:47 INFO  c.r.r.s.study.ProcessingToolsService - Processing Contrast Slider with value: 0.96
2025-07-17 11:49:47 INFO  c.r.r.s.s.ProcessingToolsController - Slider moved: oldVal=0.96 newVal=0.9556786703601108
2025-07-17 11:49:47 INFO  c.r.r.s.study.ProcessingToolsService - slider value changed: 0.9556786703601108
2025-07-17 11:49:47 INFO  c.r.r.s.study.ProcessingToolsService - Processing Contrast Slider with value: 0.9556786703601108
2025-07-17 11:49:47 INFO  c.r.r.s.s.ProcessingToolsController - Slider moved: oldVal=0.9556786703601108 newVal=0.9501385041551247
2025-07-17 11:49:47 INFO  c.r.r.s.s.ProcessingToolsController - Slider moved: oldVal=0.9501385041551247 newVal=0.95
2025-07-17 11:49:47 INFO  c.r.r.s.study.ProcessingToolsService - slider value changed: 0.95
2025-07-17 11:49:47 INFO  c.r.r.s.study.ProcessingToolsService - Processing Contrast Slider with value: 0.95
2025-07-17 11:49:47 INFO  c.r.r.s.study.ProcessingToolsService - slider value changed: 0.95
2025-07-17 11:49:47 INFO  c.r.r.s.study.ProcessingToolsService - Processing Contrast Slider with value: 0.95
2025-07-17 11:49:47 INFO  c.r.r.s.study.ProcessingToolsService - slider value changed: 0.95
2025-07-17 11:49:47 INFO  c.r.r.s.study.ProcessingToolsService - Processing Contrast Slider with value: 0.95
2025-07-17 11:49:48 INFO  c.r.r.s.s.ProcessingToolsController - Slider moved: oldVal=0.95 newVal=0.9390581717451524
2025-07-17 11:49:48 INFO  c.r.r.s.s.ProcessingToolsController - Slider moved: oldVal=0.9390581717451524 newVal=0.94
2025-07-17 11:49:48 INFO  c.r.r.s.study.ProcessingToolsService - slider value changed: 0.94
2025-07-17 11:49:48 INFO  c.r.r.s.study.ProcessingToolsService - Processing Contrast Slider with value: 0.94
2025-07-17 11:49:48 INFO  c.r.r.s.study.ProcessingToolsService - slider value changed: 0.94
2025-07-17 11:49:48 INFO  c.r.r.s.study.ProcessingToolsService - Processing Contrast Slider with value: 0.94
2025-07-17 11:49:48 INFO  c.r.r.s.study.ProcessingToolsService - slider value changed: 0.94
2025-07-17 11:49:48 INFO  c.r.r.s.study.ProcessingToolsService - Processing Contrast Slider with value: 0.94
2025-07-17 11:49:48 INFO  c.r.r.s.s.ProcessingToolsController - Slider moved: oldVal=0.94 newVal=0.9335180055401662
2025-07-17 11:49:48 INFO  c.r.r.s.s.ProcessingToolsController - Slider moved: oldVal=0.9335180055401662 newVal=0.93
2025-07-17 11:49:48 INFO  c.r.r.s.study.ProcessingToolsService - slider value changed: 0.93
2025-07-17 11:49:48 INFO  c.r.r.s.study.ProcessingToolsService - Processing Contrast Slider with value: 0.93
2025-07-17 11:49:48 INFO  c.r.r.s.study.ProcessingToolsService - slider value changed: 0.93
2025-07-17 11:49:48 INFO  c.r.r.s.study.ProcessingToolsService - Processing Contrast Slider with value: 0.93
2025-07-17 11:49:48 INFO  c.r.r.s.study.ProcessingToolsService - slider value changed: 0.93
2025-07-17 11:49:48 INFO  c.r.r.s.study.ProcessingToolsService - Processing Contrast Slider with value: 0.93
2025-07-17 11:49:48 INFO  c.r.r.s.s.ProcessingToolsController - Slider moved: oldVal=0.93 newVal=0.9279778393351801
2025-07-17 11:49:48 INFO  c.r.r.s.study.ProcessingToolsService - slider value changed: 0.9279778393351801
2025-07-17 11:49:48 INFO  c.r.r.s.study.ProcessingToolsService - Processing Contrast Slider with value: 0.9279778393351801
2025-07-17 11:49:48 INFO  c.r.r.s.s.ProcessingToolsController - Slider moved: oldVal=0.9279778393351801 newVal=0.9224376731301939
2025-07-17 11:49:48 INFO  c.r.r.s.s.ProcessingToolsController - Slider moved: oldVal=0.9224376731301939 newVal=0.92
2025-07-17 11:49:48 INFO  c.r.r.s.study.ProcessingToolsService - slider value changed: 0.92
2025-07-17 11:49:48 INFO  c.r.r.s.study.ProcessingToolsService - Processing Contrast Slider with value: 0.92
2025-07-17 11:49:48 INFO  c.r.r.s.study.ProcessingToolsService - slider value changed: 0.92
2025-07-17 11:49:48 INFO  c.r.r.s.study.ProcessingToolsService - Processing Contrast Slider with value: 0.92
2025-07-17 11:49:48 INFO  c.r.r.s.study.ProcessingToolsService - slider value changed: 0.92
2025-07-17 11:49:48 INFO  c.r.r.s.study.ProcessingToolsService - Processing Contrast Slider with value: 0.92
2025-07-17 11:49:48 INFO  c.r.r.s.s.ProcessingToolsController - Slider moved: oldVal=0.92 newVal=0.9168975069252078
2025-07-17 11:49:48 INFO  c.r.r.s.study.ProcessingToolsService - slider value changed: 0.9168975069252078
2025-07-17 11:49:48 INFO  c.r.r.s.study.ProcessingToolsService - Processing Contrast Slider with value: 0.9168975069252078
2025-07-17 11:49:48 INFO  c.r.r.s.s.ProcessingToolsController - Slider moved: oldVal=0.9168975069252078 newVal=0.9113573407202216
2025-07-17 11:49:48 INFO  c.r.r.s.s.ProcessingToolsController - Slider moved: oldVal=0.9113573407202216 newVal=0.91
2025-07-17 11:49:48 INFO  c.r.r.s.study.ProcessingToolsService - slider value changed: 0.91
2025-07-17 11:49:48 INFO  c.r.r.s.study.ProcessingToolsService - Processing Contrast Slider with value: 0.91
2025-07-17 11:49:48 INFO  c.r.r.s.study.ProcessingToolsService - slider value changed: 0.91
2025-07-17 11:49:48 INFO  c.r.r.s.study.ProcessingToolsService - Processing Contrast Slider with value: 0.91
2025-07-17 11:49:48 INFO  c.r.r.s.study.ProcessingToolsService - slider value changed: 0.91
2025-07-17 11:49:48 INFO  c.r.r.s.study.ProcessingToolsService - Processing Contrast Slider with value: 0.91
2025-07-17 11:49:48 INFO  c.r.r.s.s.ProcessingToolsController - Slider moved: oldVal=0.91 newVal=0.9058171745152355
2025-07-17 11:49:48 INFO  c.r.r.s.study.ProcessingToolsService - slider value changed: 0.9058171745152355
2025-07-17 11:49:48 INFO  c.r.r.s.study.ProcessingToolsService - Processing Contrast Slider with value: 0.9058171745152355
2025-07-17 11:49:48 INFO  c.r.r.s.s.ProcessingToolsController - Slider moved: oldVal=0.9058171745152355 newVal=0.9002770083102493
2025-07-17 11:49:48 INFO  c.r.r.s.s.ProcessingToolsController - Slider moved: oldVal=0.9002770083102493 newVal=0.9
2025-07-17 11:49:48 INFO  c.r.r.s.study.ProcessingToolsService - slider value changed: 0.9
2025-07-17 11:49:48 INFO  c.r.r.s.study.ProcessingToolsService - Processing Contrast Slider with value: 0.9
2025-07-17 11:49:48 INFO  c.r.r.s.study.ProcessingToolsService - slider value changed: 0.9
2025-07-17 11:49:48 INFO  c.r.r.s.study.ProcessingToolsService - Processing Contrast Slider with value: 0.9
2025-07-17 11:49:48 INFO  c.r.r.s.study.ProcessingToolsService - slider value changed: 0.9
2025-07-17 11:49:48 INFO  c.r.r.s.study.ProcessingToolsService - Processing Contrast Slider with value: 0.9
2025-07-17 11:49:48 INFO  c.r.r.s.s.ProcessingToolsController - Slider moved: oldVal=0.9 newVal=0.8947368421052632
2025-07-17 11:49:48 INFO  c.r.r.s.s.ProcessingToolsController - Slider moved: oldVal=0.8947368421052632 newVal=0.89
2025-07-17 11:49:48 INFO  c.r.r.s.study.ProcessingToolsService - slider value changed: 0.89
2025-07-17 11:49:48 INFO  c.r.r.s.study.ProcessingToolsService - Processing Contrast Slider with value: 0.89
2025-07-17 11:49:48 INFO  c.r.r.s.study.ProcessingToolsService - slider value changed: 0.89
2025-07-17 11:49:48 INFO  c.r.r.s.study.ProcessingToolsService - Processing Contrast Slider with value: 0.89
2025-07-17 11:49:48 INFO  c.r.r.s.study.ProcessingToolsService - slider value changed: 0.89
2025-07-17 11:49:48 INFO  c.r.r.s.study.ProcessingToolsService - Processing Contrast Slider with value: 0.89
2025-07-17 11:49:48 INFO  c.r.r.s.s.ProcessingToolsController - Slider moved: oldVal=0.89 newVal=0.889196675900277
2025-07-17 11:49:48 INFO  c.r.r.s.study.ProcessingToolsService - slider value changed: 0.889196675900277
2025-07-17 11:49:48 INFO  c.r.r.s.study.ProcessingToolsService - Processing Contrast Slider with value: 0.889196675900277
2025-07-17 11:49:48 INFO  c.r.r.s.s.ProcessingToolsController - Slider moved: oldVal=0.889196675900277 newVal=0.8836565096952909
2025-07-17 11:49:48 INFO  c.r.r.s.s.ProcessingToolsController - Slider moved: oldVal=0.8836565096952909 newVal=0.88
2025-07-17 11:49:48 INFO  c.r.r.s.study.ProcessingToolsService - slider value changed: 0.88
2025-07-17 11:49:48 INFO  c.r.r.s.study.ProcessingToolsService - Processing Contrast Slider with value: 0.88
2025-07-17 11:49:48 INFO  c.r.r.s.study.ProcessingToolsService - slider value changed: 0.88
2025-07-17 11:49:48 INFO  c.r.r.s.study.ProcessingToolsService - Processing Contrast Slider with value: 0.88
2025-07-17 11:49:48 INFO  c.r.r.s.study.ProcessingToolsService - slider value changed: 0.88
2025-07-17 11:49:48 INFO  c.r.r.s.study.ProcessingToolsService - Processing Contrast Slider with value: 0.88
2025-07-17 11:49:48 INFO  c.r.r.s.s.ProcessingToolsController - Slider moved: oldVal=0.88 newVal=0.8781163434903048
2025-07-17 11:49:48 INFO  c.r.r.s.study.ProcessingToolsService - slider value changed: 0.8781163434903048
2025-07-17 11:49:48 INFO  c.r.r.s.study.ProcessingToolsService - Processing Contrast Slider with value: 0.8781163434903048
2025-07-17 11:49:48 INFO  c.r.r.s.s.ProcessingToolsController - Slider moved: oldVal=0.8781163434903048 newVal=0.8725761772853186
2025-07-17 11:49:48 INFO  c.r.r.s.s.ProcessingToolsController - Slider moved: oldVal=0.8725761772853186 newVal=0.87
2025-07-17 11:49:48 INFO  c.r.r.s.study.ProcessingToolsService - slider value changed: 0.87
2025-07-17 11:49:48 INFO  c.r.r.s.study.ProcessingToolsService - Processing Contrast Slider with value: 0.87
2025-07-17 11:49:48 INFO  c.r.r.s.study.ProcessingToolsService - slider value changed: 0.87
2025-07-17 11:49:48 INFO  c.r.r.s.study.ProcessingToolsService - Processing Contrast Slider with value: 0.87
2025-07-17 11:49:48 INFO  c.r.r.s.study.ProcessingToolsService - slider value changed: 0.87
2025-07-17 11:49:48 INFO  c.r.r.s.study.ProcessingToolsService - Processing Contrast Slider with value: 0.87
2025-07-17 11:49:48 INFO  c.r.r.s.s.ProcessingToolsController - Slider released at value: 0.87
2025-07-17 11:49:48 INFO  c.r.r.s.study.ProcessingToolsService - slider value changed: 0.87
2025-07-17 11:49:48 INFO  c.r.r.s.study.ProcessingToolsService - Processing Contrast Slider with value: 0.87
