2025-07-17 16:20:17 INFO  c.r.r.s.study.StudyMainController - Console is ON
2025-07-17 16:20:20 INFO  c.r.rxviewui.controller.LoginPage - logged In
2025-07-17 16:20:20 INFO  c.r.r.service.login.LoginController - 192.168.12.10
2025-07-17 16:20:20 INFO  c.r.r.service.login.LoginController - No Wi-Fi interface found or no IPv4 address assigned.
2025-07-17 16:20:21 INFO  c.r.r.s.study.StudyMainController - Setting console values for body part: Chest
2025-07-17 16:20:21 INFO  c.r.r.m.s.SerialPortManager - Setting Xray Console - kv: 70.0, ma: 80, mas: 4.0
2025-07-17 16:20:21 INFO  c.r.r.m.s.SerialPortManager - setMa kv1: 70.0, ma1: 80.0
2025-07-17 16:20:21 INFO  c.r.r.m.s.SerialPortManager - x: 175
2025-07-17 16:20:21 INFO  c.r.r.m.s.SerialPortManager - Current Sent: 80.0
2025-07-17 16:20:21 INFO  c.r.r.m.s.SerialPortManager - Calibration Val: 8.32
2025-07-17 16:20:21 INFO  c.r.r.m.s.SerialPortManager - Calibration Val: 8.49
2025-07-17 16:20:21 INFO  c.r.r.m.s.SerialPortManager - Calibration Val: 8.29
2025-07-17 16:20:21 INFO  c.r.r.m.s.SerialPortManager - Calibration Val: 8.49
2025-07-17 16:20:21 INFO  c.r.r.m.s.SerialPortManager - filamentCurrent: 8.32
2025-07-17 16:20:21 INFO  c.r.r.m.s.SerialPortManager - KV Sent : 70.0
2025-07-17 16:20:21 INFO  c.r.r.m.s.SerialPortManager - Calibration Val: 8.32
2025-07-17 16:20:21 INFO  c.r.r.m.s.SerialPortManager - Calibration Val: 8.49
2025-07-17 16:20:21 INFO  c.r.r.m.s.SerialPortManager - Calibration Val: 8.29
2025-07-17 16:20:21 INFO  c.r.r.m.s.SerialPortManager - Calibration Val: 8.49
2025-07-17 16:20:21 INFO  c.r.r.m.s.SerialPortManager - In short sending KV: 208
2025-07-17 16:20:21 INFO  c.r.s.r.TriggerCommandRxOld - Serial port is not open.
2025-07-17 16:20:21 INFO  c.r.r.m.s.SerialPortManager - In byte sending KV: -48
2025-07-17 16:20:21 INFO  c.r.r.m.s.SerialPortManager - setExposureTime 0.05
2025-07-17 16:20:21 INFO  c.r.r.m.s.SerialPortManager - Exposure Time Sent - 50
2025-07-17 16:20:21 INFO  c.r.s.r.TriggerCommandRxOld - Setting KV to: -48
2025-07-17 16:20:21 INFO  c.r.s.r.TriggerCommandRxOld - Serial port is not open.
2025-07-17 16:20:21 INFO  c.r.s.r.TriggerCommandRxOld - Setting Exposure Time to: 50 0 and G
2025-07-17 16:20:21 INFO  c.r.s.r.TriggerCommandRxOld - Serial port is not open.
2025-07-17 16:20:22 INFO  c.r.r.service.study.StudyService - current bodyPart chest AP
2025-07-17 16:20:22 INFO  c.r.r.s.preProcessing.PreProcess - Processing body part: chest
2025-07-17 16:20:22 INFO  c.r.r.s.preProcessing.PreProcess - Mat is 16-bit unsigned
2025-07-17 16:20:25 INFO  c.r.r.service.study.StudyService - Image received Found in FPD
2025-07-17 16:20:25 INFO  c.r.r.service.study.StudyService - org : CV_16UC1
2025-07-17 16:20:25 INFO  c.r.r.service.study.StudyService - study mat.rows() * width : 1024 1024.0
2025-07-17 16:20:25 INFO  c.r.r.service.study.StudyService - study DynamicCanvasElementsResize values set with multiple: 1.0
2025-07-17 16:20:25 INFO  c.r.r.service.study.StudyService - study Line Width: 2.0, Ellipse Radius X: 8.0, Ellipse Radius Y: 8.0, Label Font Size: 14.0, Rect Width: 90.0, Rect Height: 30.0, Custom Font Icon Size: 200.0
2025-07-17 16:20:25 INFO  c.r.r.m.I.D.CanvasMainChange - cropRect : {0, 0, 838x1024}
2025-07-17 16:20:25 INFO  c.r.r.m.I.D.CanvasMainChange - after cropRect : {0, 0, 838x1024}
2025-07-17 16:20:25 INFO  c.r.r.m.I.D.CanvasMainChange - displayImage : 838.0x1024.0
2025-07-17 16:20:25 INFO  c.r.r.m.I.D.CanvasMainChange - cropRect : {0, 0, 838x1024}
2025-07-17 16:20:25 INFO  c.r.r.m.I.D.CanvasMainChange - after cropRect : {0, 0, 838x1024}
2025-07-17 16:20:25 INFO  c.r.r.m.I.D.CanvasMainChange - displayImage : 838.0x1024.0
2025-07-17 16:20:25 INFO  c.r.r.m.I.D.MainDrawTool - ImagingParams is null
2025-07-17 16:20:25 INFO  c.r.r.m.I.D.MainDrawTool - StepEntity is null, no params to apply
2025-07-17 16:20:27 INFO  c.r.r.s.study.ProcessingToolsService - Processing Brightness Slider with value: 42.0
2025-07-17 16:20:27 INFO  c.r.r.m.I.D.MainDrawTool - frame type CV_16UC1
2025-07-17 16:20:27 INFO  c.r.r.m.I.D.MainDrawTool - Brightness and Contrast 10794.0 1.0
2025-07-17 16:20:27 INFO  c.r.r.m.I.D.CanvasMainChange - cropRect : {0, 0, 838x1024}
2025-07-17 16:20:27 INFO  c.r.r.m.I.D.CanvasMainChange - after cropRect : {0, 0, 838x1024}
2025-07-17 16:20:27 INFO  c.r.r.m.I.D.CanvasMainChange - displayImage : 838.0x1024.0
2025-07-17 16:20:29 INFO  c.r.r.s.study.ProcessingToolsService - Processing Brightness Slider with value: 41.0
2025-07-17 16:20:29 INFO  c.r.r.m.I.D.MainDrawTool - frame type CV_16UC1
2025-07-17 16:20:29 INFO  c.r.r.m.I.D.MainDrawTool - Brightness and Contrast 10537.0 1.0
2025-07-17 16:20:29 INFO  c.r.r.m.I.D.CanvasMainChange - cropRect : {0, 0, 838x1024}
2025-07-17 16:20:29 INFO  c.r.r.m.I.D.CanvasMainChange - after cropRect : {0, 0, 838x1024}
2025-07-17 16:20:29 INFO  c.r.r.m.I.D.CanvasMainChange - displayImage : 838.0x1024.0
2025-07-17 16:20:29 INFO  c.r.r.s.study.ProcessingToolsService - Processing Brightness Slider with value: 38.0
2025-07-17 16:20:29 INFO  c.r.r.m.I.D.MainDrawTool - frame type CV_16UC1
2025-07-17 16:20:29 INFO  c.r.r.m.I.D.MainDrawTool - Brightness and Contrast 9766.0 1.0
2025-07-17 16:20:29 INFO  c.r.r.m.I.D.CanvasMainChange - cropRect : {0, 0, 838x1024}
2025-07-17 16:20:29 INFO  c.r.r.m.I.D.CanvasMainChange - after cropRect : {0, 0, 838x1024}
2025-07-17 16:20:29 INFO  c.r.r.m.I.D.CanvasMainChange - displayImage : 838.0x1024.0
2025-07-17 16:20:29 INFO  c.r.r.s.study.ProcessingToolsService - Processing Brightness Slider with value: 26.0
2025-07-17 16:20:29 INFO  c.r.r.m.I.D.MainDrawTool - frame type CV_16UC1
2025-07-17 16:20:29 INFO  c.r.r.m.I.D.MainDrawTool - Brightness and Contrast 6682.0 1.0
2025-07-17 16:20:29 INFO  c.r.r.m.I.D.CanvasMainChange - cropRect : {0, 0, 838x1024}
2025-07-17 16:20:29 INFO  c.r.r.m.I.D.CanvasMainChange - after cropRect : {0, 0, 838x1024}
2025-07-17 16:20:29 INFO  c.r.r.m.I.D.CanvasMainChange - displayImage : 838.0x1024.0
2025-07-17 16:20:29 INFO  c.r.r.s.study.ProcessingToolsService - Processing Brightness Slider with value: 14.0
2025-07-17 16:20:29 INFO  c.r.r.m.I.D.MainDrawTool - frame type CV_16UC1
2025-07-17 16:20:29 INFO  c.r.r.m.I.D.MainDrawTool - Brightness and Contrast 3598.0 1.0
2025-07-17 16:20:30 INFO  c.r.r.m.I.D.CanvasMainChange - cropRect : {0, 0, 838x1024}
2025-07-17 16:20:30 INFO  c.r.r.m.I.D.CanvasMainChange - after cropRect : {0, 0, 838x1024}
2025-07-17 16:20:30 INFO  c.r.r.m.I.D.CanvasMainChange - displayImage : 838.0x1024.0
2025-07-17 16:20:30 INFO  c.r.r.s.study.ProcessingToolsService - Processing Brightness Slider with value: 5.0
2025-07-17 16:20:30 INFO  c.r.r.m.I.D.MainDrawTool - frame type CV_16UC1
2025-07-17 16:20:30 INFO  c.r.r.m.I.D.MainDrawTool - Brightness and Contrast 1285.0 1.0
2025-07-17 16:20:30 INFO  c.r.r.m.I.D.CanvasMainChange - cropRect : {0, 0, 838x1024}
2025-07-17 16:20:30 INFO  c.r.r.m.I.D.CanvasMainChange - after cropRect : {0, 0, 838x1024}
2025-07-17 16:20:30 INFO  c.r.r.m.I.D.CanvasMainChange - displayImage : 838.0x1024.0
2025-07-17 16:20:30 INFO  c.r.r.s.study.ProcessingToolsService - Processing Brightness Slider with value: -2.0
2025-07-17 16:20:30 INFO  c.r.r.m.I.D.MainDrawTool - frame type CV_16UC1
2025-07-17 16:20:30 INFO  c.r.r.m.I.D.MainDrawTool - Brightness and Contrast -514.0 1.0
2025-07-17 16:20:30 INFO  c.r.r.m.I.D.CanvasMainChange - cropRect : {0, 0, 838x1024}
2025-07-17 16:20:30 INFO  c.r.r.m.I.D.CanvasMainChange - after cropRect : {0, 0, 838x1024}
2025-07-17 16:20:30 INFO  c.r.r.m.I.D.CanvasMainChange - displayImage : 838.0x1024.0
2025-07-17 16:20:30 INFO  c.r.r.s.study.ProcessingToolsService - Processing Brightness Slider with value: -7.0
2025-07-17 16:20:30 INFO  c.r.r.m.I.D.MainDrawTool - frame type CV_16UC1
2025-07-17 16:20:30 INFO  c.r.r.m.I.D.MainDrawTool - Brightness and Contrast -1799.0 1.0
2025-07-17 16:20:30 INFO  c.r.r.m.I.D.CanvasMainChange - cropRect : {0, 0, 838x1024}
2025-07-17 16:20:30 INFO  c.r.r.m.I.D.CanvasMainChange - after cropRect : {0, 0, 838x1024}
2025-07-17 16:20:30 INFO  c.r.r.m.I.D.CanvasMainChange - displayImage : 838.0x1024.0
2025-07-17 16:20:30 INFO  c.r.r.s.study.ProcessingToolsService - Processing Brightness Slider with value: -10.0
2025-07-17 16:20:30 INFO  c.r.r.m.I.D.MainDrawTool - frame type CV_16UC1
2025-07-17 16:20:30 INFO  c.r.r.m.I.D.MainDrawTool - Brightness and Contrast -2570.0 1.0
2025-07-17 16:20:30 INFO  c.r.r.m.I.D.CanvasMainChange - cropRect : {0, 0, 838x1024}
2025-07-17 16:20:30 INFO  c.r.r.m.I.D.CanvasMainChange - after cropRect : {0, 0, 838x1024}
2025-07-17 16:20:30 INFO  c.r.r.m.I.D.CanvasMainChange - displayImage : 838.0x1024.0
2025-07-17 16:20:30 INFO  c.r.r.s.study.ProcessingToolsService - Processing Brightness Slider with value: -13.0
2025-07-17 16:20:30 INFO  c.r.r.m.I.D.MainDrawTool - frame type CV_16UC1
2025-07-17 16:20:30 INFO  c.r.r.m.I.D.MainDrawTool - Brightness and Contrast -3341.0 1.0
2025-07-17 16:20:30 INFO  c.r.r.m.I.D.CanvasMainChange - cropRect : {0, 0, 838x1024}
2025-07-17 16:20:30 INFO  c.r.r.m.I.D.CanvasMainChange - after cropRect : {0, 0, 838x1024}
2025-07-17 16:20:30 INFO  c.r.r.m.I.D.CanvasMainChange - displayImage : 838.0x1024.0
2025-07-17 16:20:30 INFO  c.r.r.s.study.ProcessingToolsService - Processing Brightness Slider with value: -15.0
2025-07-17 16:20:30 INFO  c.r.r.m.I.D.MainDrawTool - frame type CV_16UC1
2025-07-17 16:20:30 INFO  c.r.r.m.I.D.MainDrawTool - Brightness and Contrast -3855.0 1.0
2025-07-17 16:20:30 INFO  c.r.r.m.I.D.CanvasMainChange - cropRect : {0, 0, 838x1024}
2025-07-17 16:20:30 INFO  c.r.r.m.I.D.CanvasMainChange - after cropRect : {0, 0, 838x1024}
2025-07-17 16:20:30 INFO  c.r.r.m.I.D.CanvasMainChange - displayImage : 838.0x1024.0
2025-07-17 16:20:30 INFO  c.r.r.s.study.ProcessingToolsService - Processing Brightness Slider with value: -17.0
2025-07-17 16:20:30 INFO  c.r.r.m.I.D.MainDrawTool - frame type CV_16UC1
2025-07-17 16:20:30 INFO  c.r.r.m.I.D.MainDrawTool - Brightness and Contrast -4369.0 1.0
2025-07-17 16:20:31 INFO  c.r.r.m.I.D.CanvasMainChange - cropRect : {0, 0, 838x1024}
2025-07-17 16:20:31 INFO  c.r.r.m.I.D.CanvasMainChange - after cropRect : {0, 0, 838x1024}
2025-07-17 16:20:31 INFO  c.r.r.m.I.D.CanvasMainChange - displayImage : 838.0x1024.0
2025-07-17 16:20:31 INFO  c.r.r.s.study.ProcessingToolsService - Processing Brightness Slider with value: -19.0
2025-07-17 16:20:31 INFO  c.r.r.m.I.D.MainDrawTool - frame type CV_16UC1
2025-07-17 16:20:31 INFO  c.r.r.m.I.D.MainDrawTool - Brightness and Contrast -4883.0 1.0
2025-07-17 16:20:31 INFO  c.r.r.m.I.D.CanvasMainChange - cropRect : {0, 0, 838x1024}
2025-07-17 16:20:31 INFO  c.r.r.m.I.D.CanvasMainChange - after cropRect : {0, 0, 838x1024}
2025-07-17 16:20:31 INFO  c.r.r.m.I.D.CanvasMainChange - displayImage : 838.0x1024.0
2025-07-17 16:20:31 INFO  c.r.r.s.study.ProcessingToolsService - Processing Brightness Slider with value: -21.0
2025-07-17 16:20:31 INFO  c.r.r.m.I.D.MainDrawTool - frame type CV_16UC1
2025-07-17 16:20:31 INFO  c.r.r.m.I.D.MainDrawTool - Brightness and Contrast -5397.0 1.0
2025-07-17 16:20:31 INFO  c.r.r.m.I.D.CanvasMainChange - cropRect : {0, 0, 838x1024}
2025-07-17 16:20:31 INFO  c.r.r.m.I.D.CanvasMainChange - after cropRect : {0, 0, 838x1024}
2025-07-17 16:20:31 INFO  c.r.r.m.I.D.CanvasMainChange - displayImage : 838.0x1024.0
2025-07-17 16:20:31 INFO  c.r.r.s.study.ProcessingToolsService - Processing Brightness Slider with value: -23.0
2025-07-17 16:20:31 INFO  c.r.r.m.I.D.MainDrawTool - frame type CV_16UC1
2025-07-17 16:20:31 INFO  c.r.r.m.I.D.MainDrawTool - Brightness and Contrast -5911.0 1.0
2025-07-17 16:20:31 INFO  c.r.r.m.I.D.CanvasMainChange - cropRect : {0, 0, 838x1024}
2025-07-17 16:20:31 INFO  c.r.r.m.I.D.CanvasMainChange - after cropRect : {0, 0, 838x1024}
2025-07-17 16:20:31 INFO  c.r.r.m.I.D.CanvasMainChange - displayImage : 838.0x1024.0
2025-07-17 16:20:31 INFO  c.r.r.s.study.ProcessingToolsService - Processing Brightness Slider with value: -23.0
2025-07-17 16:20:31 INFO  c.r.r.m.I.D.MainDrawTool - frame type CV_16UC1
2025-07-17 16:20:31 INFO  c.r.r.m.I.D.MainDrawTool - Brightness and Contrast -5911.0 1.0
2025-07-17 16:20:31 INFO  c.r.r.m.I.D.CanvasMainChange - cropRect : {0, 0, 838x1024}
2025-07-17 16:20:31 INFO  c.r.r.m.I.D.CanvasMainChange - after cropRect : {0, 0, 838x1024}
2025-07-17 16:20:31 INFO  c.r.r.m.I.D.CanvasMainChange - displayImage : 838.0x1024.0
2025-07-17 16:20:31 INFO  c.r.r.s.study.ProcessingToolsService - Processing Brightness Slider with value: -22.0
2025-07-17 16:20:31 INFO  c.r.r.m.I.D.MainDrawTool - frame type CV_16UC1
2025-07-17 16:20:31 INFO  c.r.r.m.I.D.MainDrawTool - Brightness and Contrast -5654.0 1.0
2025-07-17 16:20:31 INFO  c.r.r.m.I.D.CanvasMainChange - cropRect : {0, 0, 838x1024}
2025-07-17 16:20:31 INFO  c.r.r.m.I.D.CanvasMainChange - after cropRect : {0, 0, 838x1024}
2025-07-17 16:20:31 INFO  c.r.r.m.I.D.CanvasMainChange - displayImage : 838.0x1024.0
2025-07-17 16:20:31 INFO  c.r.r.s.study.ProcessingToolsService - Processing Brightness Slider with value: -15.0
2025-07-17 16:20:31 INFO  c.r.r.m.I.D.MainDrawTool - frame type CV_16UC1
2025-07-17 16:20:31 INFO  c.r.r.m.I.D.MainDrawTool - Brightness and Contrast -3855.0 1.0
2025-07-17 16:20:31 INFO  c.r.r.m.I.D.CanvasMainChange - cropRect : {0, 0, 838x1024}
2025-07-17 16:20:31 INFO  c.r.r.m.I.D.CanvasMainChange - after cropRect : {0, 0, 838x1024}
2025-07-17 16:20:31 INFO  c.r.r.m.I.D.CanvasMainChange - displayImage : 838.0x1024.0
2025-07-17 16:20:32 INFO  c.r.r.s.study.ProcessingToolsService - Processing Brightness Slider with value: -5.0
2025-07-17 16:20:32 INFO  c.r.r.m.I.D.MainDrawTool - frame type CV_16UC1
2025-07-17 16:20:32 INFO  c.r.r.m.I.D.MainDrawTool - Brightness and Contrast -1285.0 1.0
2025-07-17 16:20:32 INFO  c.r.r.m.I.D.CanvasMainChange - cropRect : {0, 0, 838x1024}
2025-07-17 16:20:32 INFO  c.r.r.m.I.D.CanvasMainChange - after cropRect : {0, 0, 838x1024}
2025-07-17 16:20:32 INFO  c.r.r.m.I.D.CanvasMainChange - displayImage : 838.0x1024.0
2025-07-17 16:20:32 INFO  c.r.r.s.study.ProcessingToolsService - Processing Brightness Slider with value: -3.0
2025-07-17 16:20:32 INFO  c.r.r.m.I.D.MainDrawTool - frame type CV_16UC1
2025-07-17 16:20:32 INFO  c.r.r.m.I.D.MainDrawTool - Brightness and Contrast -771.0 1.0
2025-07-17 16:20:32 INFO  c.r.r.m.I.D.CanvasMainChange - cropRect : {0, 0, 838x1024}
2025-07-17 16:20:32 INFO  c.r.r.m.I.D.CanvasMainChange - after cropRect : {0, 0, 838x1024}
2025-07-17 16:20:32 INFO  c.r.r.m.I.D.CanvasMainChange - displayImage : 838.0x1024.0
2025-07-17 16:20:32 INFO  c.r.r.s.study.ProcessingToolsService - Processing Brightness Slider with value: -2.0
2025-07-17 16:20:32 INFO  c.r.r.m.I.D.MainDrawTool - frame type CV_16UC1
2025-07-17 16:20:32 INFO  c.r.r.m.I.D.MainDrawTool - Brightness and Contrast -514.0 1.0
2025-07-17 16:20:32 INFO  c.r.r.m.I.D.CanvasMainChange - cropRect : {0, 0, 838x1024}
2025-07-17 16:20:32 INFO  c.r.r.m.I.D.CanvasMainChange - after cropRect : {0, 0, 838x1024}
2025-07-17 16:20:32 INFO  c.r.r.m.I.D.CanvasMainChange - displayImage : 838.0x1024.0
2025-07-17 16:20:33 INFO  c.r.r.s.study.ProcessingToolsService - Processing Brightness Slider with value: -3.0
2025-07-17 16:20:33 INFO  c.r.r.m.I.D.MainDrawTool - frame type CV_16UC1
2025-07-17 16:20:33 INFO  c.r.r.m.I.D.MainDrawTool - Brightness and Contrast -771.0 1.0
2025-07-17 16:20:33 INFO  c.r.r.m.I.D.CanvasMainChange - cropRect : {0, 0, 838x1024}
2025-07-17 16:20:33 INFO  c.r.r.m.I.D.CanvasMainChange - after cropRect : {0, 0, 838x1024}
2025-07-17 16:20:33 INFO  c.r.r.m.I.D.CanvasMainChange - displayImage : 838.0x1024.0
2025-07-17 16:20:33 INFO  c.r.r.s.study.ProcessingToolsService - Processing Brightness Slider with value: -24.0
2025-07-17 16:20:33 INFO  c.r.r.m.I.D.MainDrawTool - frame type CV_16UC1
2025-07-17 16:20:33 INFO  c.r.r.m.I.D.MainDrawTool - Brightness and Contrast -6168.0 1.0
2025-07-17 16:20:33 INFO  c.r.r.m.I.D.CanvasMainChange - cropRect : {0, 0, 838x1024}
2025-07-17 16:20:33 INFO  c.r.r.m.I.D.CanvasMainChange - after cropRect : {0, 0, 838x1024}
2025-07-17 16:20:33 INFO  c.r.r.m.I.D.CanvasMainChange - displayImage : 838.0x1024.0
2025-07-17 16:20:33 INFO  c.r.r.s.study.ProcessingToolsService - Processing Brightness Slider with value: -36.0
2025-07-17 16:20:33 INFO  c.r.r.m.I.D.MainDrawTool - frame type CV_16UC1
2025-07-17 16:20:33 INFO  c.r.r.m.I.D.MainDrawTool - Brightness and Contrast -9252.0 1.0
2025-07-17 16:20:33 INFO  c.r.r.m.I.D.CanvasMainChange - cropRect : {0, 0, 838x1024}
2025-07-17 16:20:33 INFO  c.r.r.m.I.D.CanvasMainChange - after cropRect : {0, 0, 838x1024}
2025-07-17 16:20:33 INFO  c.r.r.m.I.D.CanvasMainChange - displayImage : 838.0x1024.0
2025-07-17 16:20:33 INFO  c.r.r.s.study.ProcessingToolsService - Processing Brightness Slider with value: -44.0
2025-07-17 16:20:33 INFO  c.r.r.m.I.D.MainDrawTool - frame type CV_16UC1
2025-07-17 16:20:33 INFO  c.r.r.m.I.D.MainDrawTool - Brightness and Contrast -11308.0 1.0
2025-07-17 16:20:33 INFO  c.r.r.m.I.D.CanvasMainChange - cropRect : {0, 0, 838x1024}
2025-07-17 16:20:33 INFO  c.r.r.m.I.D.CanvasMainChange - after cropRect : {0, 0, 838x1024}
2025-07-17 16:20:33 INFO  c.r.r.m.I.D.CanvasMainChange - displayImage : 838.0x1024.0
2025-07-17 16:20:33 INFO  c.r.r.s.study.ProcessingToolsService - Processing Brightness Slider with value: -48.0
2025-07-17 16:20:33 INFO  c.r.r.m.I.D.MainDrawTool - frame type CV_16UC1
2025-07-17 16:20:33 INFO  c.r.r.m.I.D.MainDrawTool - Brightness and Contrast -12336.0 1.0
2025-07-17 16:20:33 INFO  c.r.r.m.I.D.CanvasMainChange - cropRect : {0, 0, 838x1024}
2025-07-17 16:20:33 INFO  c.r.r.m.I.D.CanvasMainChange - after cropRect : {0, 0, 838x1024}
2025-07-17 16:20:33 INFO  c.r.r.m.I.D.CanvasMainChange - displayImage : 838.0x1024.0
2025-07-17 16:20:33 INFO  c.r.r.s.study.ProcessingToolsService - Processing Brightness Slider with value: -51.0
2025-07-17 16:20:33 INFO  c.r.r.m.I.D.MainDrawTool - frame type CV_16UC1
2025-07-17 16:20:33 INFO  c.r.r.m.I.D.MainDrawTool - Brightness and Contrast -13107.0 1.0
2025-07-17 16:20:33 INFO  c.r.r.m.I.D.CanvasMainChange - cropRect : {0, 0, 838x1024}
2025-07-17 16:20:33 INFO  c.r.r.m.I.D.CanvasMainChange - after cropRect : {0, 0, 838x1024}
2025-07-17 16:20:33 INFO  c.r.r.m.I.D.CanvasMainChange - displayImage : 838.0x1024.0
2025-07-17 16:20:33 INFO  c.r.r.s.study.ProcessingToolsService - Processing Brightness Slider with value: -53.0
2025-07-17 16:20:33 INFO  c.r.r.m.I.D.MainDrawTool - frame type CV_16UC1
2025-07-17 16:20:33 INFO  c.r.r.m.I.D.MainDrawTool - Brightness and Contrast -13621.0 1.0
2025-07-17 16:20:33 INFO  c.r.r.m.I.D.CanvasMainChange - cropRect : {0, 0, 838x1024}
2025-07-17 16:20:33 INFO  c.r.r.m.I.D.CanvasMainChange - after cropRect : {0, 0, 838x1024}
2025-07-17 16:20:33 INFO  c.r.r.m.I.D.CanvasMainChange - displayImage : 838.0x1024.0
2025-07-17 16:20:33 INFO  c.r.r.s.study.ProcessingToolsService - Processing Brightness Slider with value: -56.0
2025-07-17 16:20:33 INFO  c.r.r.m.I.D.MainDrawTool - frame type CV_16UC1
2025-07-17 16:20:33 INFO  c.r.r.m.I.D.MainDrawTool - Brightness and Contrast -14392.0 1.0
2025-07-17 16:20:33 INFO  c.r.r.m.I.D.CanvasMainChange - cropRect : {0, 0, 838x1024}
2025-07-17 16:20:33 INFO  c.r.r.m.I.D.CanvasMainChange - after cropRect : {0, 0, 838x1024}
2025-07-17 16:20:33 INFO  c.r.r.m.I.D.CanvasMainChange - displayImage : 838.0x1024.0
2025-07-17 16:20:34 INFO  c.r.r.s.study.ProcessingToolsService - Processing Brightness Slider with value: -58.0
2025-07-17 16:20:34 INFO  c.r.r.m.I.D.MainDrawTool - frame type CV_16UC1
2025-07-17 16:20:34 INFO  c.r.r.m.I.D.MainDrawTool - Brightness and Contrast -14906.0 1.0
2025-07-17 16:20:34 INFO  c.r.r.m.I.D.CanvasMainChange - cropRect : {0, 0, 838x1024}
2025-07-17 16:20:34 INFO  c.r.r.m.I.D.CanvasMainChange - after cropRect : {0, 0, 838x1024}
2025-07-17 16:20:34 INFO  c.r.r.m.I.D.CanvasMainChange - displayImage : 838.0x1024.0
2025-07-17 16:20:34 INFO  c.r.r.s.study.ProcessingToolsService - Processing Brightness Slider with value: -60.0
2025-07-17 16:20:34 INFO  c.r.r.m.I.D.MainDrawTool - frame type CV_16UC1
2025-07-17 16:20:34 INFO  c.r.r.m.I.D.MainDrawTool - Brightness and Contrast -15420.0 1.0
2025-07-17 16:20:34 INFO  c.r.r.m.I.D.CanvasMainChange - cropRect : {0, 0, 838x1024}
2025-07-17 16:20:34 INFO  c.r.r.m.I.D.CanvasMainChange - after cropRect : {0, 0, 838x1024}
2025-07-17 16:20:34 INFO  c.r.r.m.I.D.CanvasMainChange - displayImage : 838.0x1024.0
2025-07-17 16:20:34 INFO  c.r.r.s.study.ProcessingToolsService - Processing Brightness Slider with value: -62.0
2025-07-17 16:20:34 INFO  c.r.r.m.I.D.MainDrawTool - frame type CV_16UC1
2025-07-17 16:20:34 INFO  c.r.r.m.I.D.MainDrawTool - Brightness and Contrast -15934.0 1.0
2025-07-17 16:20:34 INFO  c.r.r.m.I.D.CanvasMainChange - cropRect : {0, 0, 838x1024}
2025-07-17 16:20:34 INFO  c.r.r.m.I.D.CanvasMainChange - after cropRect : {0, 0, 838x1024}
2025-07-17 16:20:34 INFO  c.r.r.m.I.D.CanvasMainChange - displayImage : 838.0x1024.0
2025-07-17 16:20:34 INFO  c.r.r.s.study.ProcessingToolsService - Processing Brightness Slider with value: -63.0
2025-07-17 16:20:34 INFO  c.r.r.m.I.D.MainDrawTool - frame type CV_16UC1
2025-07-17 16:20:34 INFO  c.r.r.m.I.D.MainDrawTool - Brightness and Contrast -16191.0 1.0
2025-07-17 16:20:34 INFO  c.r.r.m.I.D.CanvasMainChange - cropRect : {0, 0, 838x1024}
2025-07-17 16:20:34 INFO  c.r.r.m.I.D.CanvasMainChange - after cropRect : {0, 0, 838x1024}
2025-07-17 16:20:34 INFO  c.r.r.m.I.D.CanvasMainChange - displayImage : 838.0x1024.0
2025-07-17 16:20:34 INFO  c.r.r.s.study.ProcessingToolsService - Processing Brightness Slider with value: -65.0
2025-07-17 16:20:34 INFO  c.r.r.m.I.D.MainDrawTool - frame type CV_16UC1
2025-07-17 16:20:34 INFO  c.r.r.m.I.D.MainDrawTool - Brightness and Contrast -16705.0 1.0
2025-07-17 16:20:34 INFO  c.r.r.m.I.D.CanvasMainChange - cropRect : {0, 0, 838x1024}
2025-07-17 16:20:34 INFO  c.r.r.m.I.D.CanvasMainChange - after cropRect : {0, 0, 838x1024}
2025-07-17 16:20:34 INFO  c.r.r.m.I.D.CanvasMainChange - displayImage : 838.0x1024.0
2025-07-17 16:20:34 INFO  c.r.r.s.study.ProcessingToolsService - Processing Brightness Slider with value: -65.0
2025-07-17 16:20:34 INFO  c.r.r.m.I.D.MainDrawTool - frame type CV_16UC1
2025-07-17 16:20:34 INFO  c.r.r.m.I.D.MainDrawTool - Brightness and Contrast -16705.0 1.0
2025-07-17 16:20:34 INFO  c.r.r.m.I.D.CanvasMainChange - cropRect : {0, 0, 838x1024}
2025-07-17 16:20:34 INFO  c.r.r.m.I.D.CanvasMainChange - after cropRect : {0, 0, 838x1024}
2025-07-17 16:20:34 INFO  c.r.r.m.I.D.CanvasMainChange - displayImage : 838.0x1024.0
2025-07-17 16:20:34 INFO  c.r.r.s.study.ProcessingToolsService - Processing Brightness Slider with value: -54.0
2025-07-17 16:20:34 INFO  c.r.r.m.I.D.MainDrawTool - frame type CV_16UC1
2025-07-17 16:20:34 INFO  c.r.r.m.I.D.MainDrawTool - Brightness and Contrast -13878.0 1.0
2025-07-17 16:20:35 INFO  c.r.r.m.I.D.CanvasMainChange - cropRect : {0, 0, 838x1024}
2025-07-17 16:20:35 INFO  c.r.r.m.I.D.CanvasMainChange - after cropRect : {0, 0, 838x1024}
2025-07-17 16:20:35 INFO  c.r.r.m.I.D.CanvasMainChange - displayImage : 838.0x1024.0
2025-07-17 16:20:35 INFO  c.r.r.s.study.ProcessingToolsService - Processing Brightness Slider with value: -43.0
2025-07-17 16:20:35 INFO  c.r.r.m.I.D.MainDrawTool - frame type CV_16UC1
2025-07-17 16:20:35 INFO  c.r.r.m.I.D.MainDrawTool - Brightness and Contrast -11051.0 1.0
2025-07-17 16:20:35 INFO  c.r.r.m.I.D.CanvasMainChange - cropRect : {0, 0, 838x1024}
2025-07-17 16:20:35 INFO  c.r.r.m.I.D.CanvasMainChange - after cropRect : {0, 0, 838x1024}
2025-07-17 16:20:35 INFO  c.r.r.m.I.D.CanvasMainChange - displayImage : 838.0x1024.0
2025-07-17 16:20:35 INFO  c.r.r.s.study.ProcessingToolsService - Processing Brightness Slider with value: -38.0
2025-07-17 16:20:35 INFO  c.r.r.m.I.D.MainDrawTool - frame type CV_16UC1
2025-07-17 16:20:35 INFO  c.r.r.m.I.D.MainDrawTool - Brightness and Contrast -9766.0 1.0
2025-07-17 16:20:35 INFO  c.r.r.m.I.D.CanvasMainChange - cropRect : {0, 0, 838x1024}
2025-07-17 16:20:35 INFO  c.r.r.m.I.D.CanvasMainChange - after cropRect : {0, 0, 838x1024}
2025-07-17 16:20:35 INFO  c.r.r.m.I.D.CanvasMainChange - displayImage : 838.0x1024.0
2025-07-17 16:20:35 INFO  c.r.r.s.study.ProcessingToolsService - Processing Brightness Slider with value: -33.0
2025-07-17 16:20:35 INFO  c.r.r.m.I.D.MainDrawTool - frame type CV_16UC1
2025-07-17 16:20:35 INFO  c.r.r.m.I.D.MainDrawTool - Brightness and Contrast -8481.0 1.0
2025-07-17 16:20:35 INFO  c.r.r.m.I.D.CanvasMainChange - cropRect : {0, 0, 838x1024}
2025-07-17 16:20:35 INFO  c.r.r.m.I.D.CanvasMainChange - after cropRect : {0, 0, 838x1024}
2025-07-17 16:20:35 INFO  c.r.r.m.I.D.CanvasMainChange - displayImage : 838.0x1024.0
2025-07-17 16:20:35 INFO  c.r.r.s.study.ProcessingToolsService - Processing Brightness Slider with value: -31.0
2025-07-17 16:20:35 INFO  c.r.r.m.I.D.MainDrawTool - frame type CV_16UC1
2025-07-17 16:20:35 INFO  c.r.r.m.I.D.MainDrawTool - Brightness and Contrast -7967.0 1.0
2025-07-17 16:20:35 INFO  c.r.r.m.I.D.CanvasMainChange - cropRect : {0, 0, 838x1024}
2025-07-17 16:20:35 INFO  c.r.r.m.I.D.CanvasMainChange - after cropRect : {0, 0, 838x1024}
2025-07-17 16:20:35 INFO  c.r.r.m.I.D.CanvasMainChange - displayImage : 838.0x1024.0
2025-07-17 16:20:35 INFO  c.r.r.s.study.ProcessingToolsService - Processing Brightness Slider with value: -28.0
2025-07-17 16:20:35 INFO  c.r.r.m.I.D.MainDrawTool - frame type CV_16UC1
2025-07-17 16:20:35 INFO  c.r.r.m.I.D.MainDrawTool - Brightness and Contrast -7196.0 1.0
2025-07-17 16:20:35 INFO  c.r.r.m.I.D.CanvasMainChange - cropRect : {0, 0, 838x1024}
2025-07-17 16:20:35 INFO  c.r.r.m.I.D.CanvasMainChange - after cropRect : {0, 0, 838x1024}
2025-07-17 16:20:35 INFO  c.r.r.m.I.D.CanvasMainChange - displayImage : 838.0x1024.0
2025-07-17 16:20:35 INFO  c.r.r.s.study.ProcessingToolsService - Processing Brightness Slider with value: -23.0
2025-07-17 16:20:35 INFO  c.r.r.m.I.D.MainDrawTool - frame type CV_16UC1
2025-07-17 16:20:35 INFO  c.r.r.m.I.D.MainDrawTool - Brightness and Contrast -5911.0 1.0
2025-07-17 16:20:35 INFO  c.r.r.m.I.D.CanvasMainChange - cropRect : {0, 0, 838x1024}
2025-07-17 16:20:35 INFO  c.r.r.m.I.D.CanvasMainChange - after cropRect : {0, 0, 838x1024}
2025-07-17 16:20:35 INFO  c.r.r.m.I.D.CanvasMainChange - displayImage : 838.0x1024.0
2025-07-17 16:20:35 INFO  c.r.r.s.study.ProcessingToolsService - Processing Brightness Slider with value: -19.0
2025-07-17 16:20:35 INFO  c.r.r.m.I.D.MainDrawTool - frame type CV_16UC1
2025-07-17 16:20:35 INFO  c.r.r.m.I.D.MainDrawTool - Brightness and Contrast -4883.0 1.0
2025-07-17 16:20:35 INFO  c.r.r.m.I.D.CanvasMainChange - cropRect : {0, 0, 838x1024}
2025-07-17 16:20:35 INFO  c.r.r.m.I.D.CanvasMainChange - after cropRect : {0, 0, 838x1024}
2025-07-17 16:20:35 INFO  c.r.r.m.I.D.CanvasMainChange - displayImage : 838.0x1024.0
2025-07-17 16:20:35 INFO  c.r.r.s.study.ProcessingToolsService - Processing Brightness Slider with value: -19.0
2025-07-17 16:20:35 INFO  c.r.r.m.I.D.MainDrawTool - frame type CV_16UC1
2025-07-17 16:20:35 INFO  c.r.r.m.I.D.MainDrawTool - Brightness and Contrast -4883.0 1.0
2025-07-17 16:20:36 INFO  c.r.r.m.I.D.CanvasMainChange - cropRect : {0, 0, 838x1024}
2025-07-17 16:20:36 INFO  c.r.r.m.I.D.CanvasMainChange - after cropRect : {0, 0, 838x1024}
2025-07-17 16:20:36 INFO  c.r.r.m.I.D.CanvasMainChange - displayImage : 838.0x1024.0
2025-07-17 16:20:36 INFO  c.r.r.s.study.ProcessingToolsService - Processing Brightness Slider with value: -18.0
2025-07-17 16:20:36 INFO  c.r.r.m.I.D.MainDrawTool - frame type CV_16UC1
2025-07-17 16:20:36 INFO  c.r.r.m.I.D.MainDrawTool - Brightness and Contrast -4626.0 1.0
2025-07-17 16:20:36 INFO  c.r.r.m.I.D.CanvasMainChange - cropRect : {0, 0, 838x1024}
2025-07-17 16:20:36 INFO  c.r.r.m.I.D.CanvasMainChange - after cropRect : {0, 0, 838x1024}
2025-07-17 16:20:36 INFO  c.r.r.m.I.D.CanvasMainChange - displayImage : 838.0x1024.0
2025-07-17 16:20:36 INFO  c.r.r.s.study.ProcessingToolsService - Processing Brightness Slider with value: -18.0
2025-07-17 16:20:36 INFO  c.r.r.m.I.D.MainDrawTool - frame type CV_16UC1
2025-07-17 16:20:36 INFO  c.r.r.m.I.D.MainDrawTool - Brightness and Contrast -4626.0 1.0
2025-07-17 16:20:36 INFO  c.r.r.m.I.D.CanvasMainChange - cropRect : {0, 0, 838x1024}
2025-07-17 16:20:36 INFO  c.r.r.m.I.D.CanvasMainChange - after cropRect : {0, 0, 838x1024}
2025-07-17 16:20:36 INFO  c.r.r.m.I.D.CanvasMainChange - displayImage : 838.0x1024.0
2025-07-17 16:20:37 INFO  c.r.r.s.study.ProcessingToolsService - Processing Brightness Slider with value: -18.0
2025-07-17 16:20:37 INFO  c.r.r.m.I.D.MainDrawTool - frame type CV_16UC1
2025-07-17 16:20:37 INFO  c.r.r.m.I.D.MainDrawTool - Brightness and Contrast -4626.0 1.0
2025-07-17 16:20:37 INFO  c.r.r.m.I.D.CanvasMainChange - cropRect : {0, 0, 838x1024}
2025-07-17 16:20:37 INFO  c.r.r.m.I.D.CanvasMainChange - after cropRect : {0, 0, 838x1024}
2025-07-17 16:20:37 INFO  c.r.r.m.I.D.CanvasMainChange - displayImage : 838.0x1024.0
2025-07-17 16:20:38 INFO  c.r.r.s.study.ProcessingToolsService - Processing Brightness Slider with value: -19.0
2025-07-17 16:20:38 INFO  c.r.r.m.I.D.MainDrawTool - frame type CV_16UC1
2025-07-17 16:20:38 INFO  c.r.r.m.I.D.MainDrawTool - Brightness and Contrast -4883.0 1.0
2025-07-17 16:20:38 INFO  c.r.r.m.I.D.CanvasMainChange - cropRect : {0, 0, 838x1024}
2025-07-17 16:20:38 INFO  c.r.r.m.I.D.CanvasMainChange - after cropRect : {0, 0, 838x1024}
2025-07-17 16:20:38 INFO  c.r.r.m.I.D.CanvasMainChange - displayImage : 838.0x1024.0
2025-07-17 16:20:38 INFO  c.r.r.s.study.ProcessingToolsService - Processing Brightness Slider with value: -19.0
2025-07-17 16:20:38 INFO  c.r.r.m.I.D.MainDrawTool - frame type CV_16UC1
2025-07-17 16:20:38 INFO  c.r.r.m.I.D.MainDrawTool - Brightness and Contrast -4883.0 1.0
2025-07-17 16:20:38 INFO  c.r.r.m.I.D.CanvasMainChange - cropRect : {0, 0, 838x1024}
2025-07-17 16:20:38 INFO  c.r.r.m.I.D.CanvasMainChange - after cropRect : {0, 0, 838x1024}
2025-07-17 16:20:38 INFO  c.r.r.m.I.D.CanvasMainChange - displayImage : 838.0x1024.0
2025-07-17 16:20:40 INFO  c.r.r.s.study.ProcessingToolsService - Processing Brightness Slider with value: -18.0
2025-07-17 16:20:40 INFO  c.r.r.m.I.D.MainDrawTool - frame type CV_16UC1
2025-07-17 16:20:40 INFO  c.r.r.m.I.D.MainDrawTool - Brightness and Contrast -4626.0 1.0
2025-07-17 16:20:40 INFO  c.r.r.m.I.D.CanvasMainChange - cropRect : {0, 0, 838x1024}
2025-07-17 16:20:40 INFO  c.r.r.m.I.D.CanvasMainChange - after cropRect : {0, 0, 838x1024}
2025-07-17 16:20:40 INFO  c.r.r.m.I.D.CanvasMainChange - displayImage : 838.0x1024.0
2025-07-17 16:20:40 INFO  c.r.r.s.study.ProcessingToolsService - Processing Brightness Slider with value: -1.0
2025-07-17 16:20:40 INFO  c.r.r.m.I.D.MainDrawTool - frame type CV_16UC1
2025-07-17 16:20:40 INFO  c.r.r.m.I.D.MainDrawTool - Brightness and Contrast -257.0 1.0
2025-07-17 16:20:40 INFO  c.r.r.m.I.D.CanvasMainChange - cropRect : {0, 0, 838x1024}
2025-07-17 16:20:40 INFO  c.r.r.m.I.D.CanvasMainChange - after cropRect : {0, 0, 838x1024}
2025-07-17 16:20:40 INFO  c.r.r.m.I.D.CanvasMainChange - displayImage : 838.0x1024.0
2025-07-17 16:20:40 INFO  c.r.r.s.study.ProcessingToolsService - Processing Brightness Slider with value: 8.0
2025-07-17 16:20:40 INFO  c.r.r.m.I.D.MainDrawTool - frame type CV_16UC1
2025-07-17 16:20:40 INFO  c.r.r.m.I.D.MainDrawTool - Brightness and Contrast 2056.0 1.0
2025-07-17 16:20:40 INFO  c.r.r.m.I.D.CanvasMainChange - cropRect : {0, 0, 838x1024}
2025-07-17 16:20:40 INFO  c.r.r.m.I.D.CanvasMainChange - after cropRect : {0, 0, 838x1024}
2025-07-17 16:20:40 INFO  c.r.r.m.I.D.CanvasMainChange - displayImage : 838.0x1024.0
2025-07-17 16:20:40 INFO  c.r.r.s.study.ProcessingToolsService - Processing Brightness Slider with value: 10.0
2025-07-17 16:20:40 INFO  c.r.r.m.I.D.MainDrawTool - frame type CV_16UC1
2025-07-17 16:20:40 INFO  c.r.r.m.I.D.MainDrawTool - Brightness and Contrast 2570.0 1.0
2025-07-17 16:20:40 INFO  c.r.r.m.I.D.CanvasMainChange - cropRect : {0, 0, 838x1024}
2025-07-17 16:20:40 INFO  c.r.r.m.I.D.CanvasMainChange - after cropRect : {0, 0, 838x1024}
2025-07-17 16:20:40 INFO  c.r.r.m.I.D.CanvasMainChange - displayImage : 838.0x1024.0
2025-07-17 16:20:40 INFO  c.r.r.s.study.ProcessingToolsService - Processing Brightness Slider with value: 14.0
2025-07-17 16:20:40 INFO  c.r.r.m.I.D.MainDrawTool - frame type CV_16UC1
2025-07-17 16:20:40 INFO  c.r.r.m.I.D.MainDrawTool - Brightness and Contrast 3598.0 1.0
2025-07-17 16:20:41 INFO  c.r.r.m.I.D.CanvasMainChange - cropRect : {0, 0, 838x1024}
2025-07-17 16:20:41 INFO  c.r.r.m.I.D.CanvasMainChange - after cropRect : {0, 0, 838x1024}
2025-07-17 16:20:41 INFO  c.r.r.m.I.D.CanvasMainChange - displayImage : 838.0x1024.0
2025-07-17 16:20:41 INFO  c.r.r.s.study.ProcessingToolsService - Processing Brightness Slider with value: 18.0
2025-07-17 16:20:41 INFO  c.r.r.m.I.D.MainDrawTool - frame type CV_16UC1
2025-07-17 16:20:41 INFO  c.r.r.m.I.D.MainDrawTool - Brightness and Contrast 4626.0 1.0
2025-07-17 16:20:41 INFO  c.r.r.m.I.D.CanvasMainChange - cropRect : {0, 0, 838x1024}
2025-07-17 16:20:41 INFO  c.r.r.m.I.D.CanvasMainChange - after cropRect : {0, 0, 838x1024}
2025-07-17 16:20:41 INFO  c.r.r.m.I.D.CanvasMainChange - displayImage : 838.0x1024.0
2025-07-17 16:20:41 INFO  c.r.r.s.study.ProcessingToolsService - Processing Brightness Slider with value: 22.0
2025-07-17 16:20:41 INFO  c.r.r.m.I.D.MainDrawTool - frame type CV_16UC1
2025-07-17 16:20:41 INFO  c.r.r.m.I.D.MainDrawTool - Brightness and Contrast 5654.0 1.0
2025-07-17 16:20:41 INFO  c.r.r.m.I.D.CanvasMainChange - cropRect : {0, 0, 838x1024}
2025-07-17 16:20:41 INFO  c.r.r.m.I.D.CanvasMainChange - after cropRect : {0, 0, 838x1024}
2025-07-17 16:20:41 INFO  c.r.r.m.I.D.CanvasMainChange - displayImage : 838.0x1024.0
2025-07-17 16:20:41 INFO  c.r.r.s.study.ProcessingToolsService - Processing Brightness Slider with value: 24.0
2025-07-17 16:20:41 INFO  c.r.r.m.I.D.MainDrawTool - frame type CV_16UC1
2025-07-17 16:20:41 INFO  c.r.r.m.I.D.MainDrawTool - Brightness and Contrast 6168.0 1.0
2025-07-17 16:20:41 INFO  c.r.r.m.I.D.CanvasMainChange - cropRect : {0, 0, 838x1024}
2025-07-17 16:20:41 INFO  c.r.r.m.I.D.CanvasMainChange - after cropRect : {0, 0, 838x1024}
2025-07-17 16:20:41 INFO  c.r.r.m.I.D.CanvasMainChange - displayImage : 838.0x1024.0
2025-07-17 16:20:41 INFO  c.r.r.s.study.ProcessingToolsService - Processing Brightness Slider with value: 23.0
2025-07-17 16:20:41 INFO  c.r.r.m.I.D.MainDrawTool - frame type CV_16UC1
2025-07-17 16:20:41 INFO  c.r.r.m.I.D.MainDrawTool - Brightness and Contrast 5911.0 1.0
2025-07-17 16:20:41 INFO  c.r.r.m.I.D.CanvasMainChange - cropRect : {0, 0, 838x1024}
2025-07-17 16:20:41 INFO  c.r.r.m.I.D.CanvasMainChange - after cropRect : {0, 0, 838x1024}
2025-07-17 16:20:41 INFO  c.r.r.m.I.D.CanvasMainChange - displayImage : 838.0x1024.0
2025-07-17 16:20:41 INFO  c.r.r.s.study.ProcessingToolsService - Processing Brightness Slider with value: 16.0
2025-07-17 16:20:41 INFO  c.r.r.m.I.D.MainDrawTool - frame type CV_16UC1
2025-07-17 16:20:41 INFO  c.r.r.m.I.D.MainDrawTool - Brightness and Contrast 4112.0 1.0
2025-07-17 16:20:42 INFO  c.r.r.m.I.D.CanvasMainChange - cropRect : {0, 0, 838x1024}
2025-07-17 16:20:42 INFO  c.r.r.m.I.D.CanvasMainChange - after cropRect : {0, 0, 838x1024}
2025-07-17 16:20:42 INFO  c.r.r.m.I.D.CanvasMainChange - displayImage : 838.0x1024.0
2025-07-17 16:20:42 INFO  c.r.r.s.study.ProcessingToolsService - Processing Brightness Slider with value: 8.0
2025-07-17 16:20:42 INFO  c.r.r.m.I.D.MainDrawTool - frame type CV_16UC1
2025-07-17 16:20:42 INFO  c.r.r.m.I.D.MainDrawTool - Brightness and Contrast 2056.0 1.0
2025-07-17 16:20:42 INFO  c.r.r.m.I.D.CanvasMainChange - cropRect : {0, 0, 838x1024}
2025-07-17 16:20:42 INFO  c.r.r.m.I.D.CanvasMainChange - after cropRect : {0, 0, 838x1024}
2025-07-17 16:20:42 INFO  c.r.r.m.I.D.CanvasMainChange - displayImage : 838.0x1024.0
2025-07-17 16:20:42 INFO  c.r.r.s.study.ProcessingToolsService - Processing Brightness Slider with value: 0.0
2025-07-17 16:20:42 INFO  c.r.r.m.I.D.MainDrawTool - frame type CV_16UC1
2025-07-17 16:20:42 INFO  c.r.r.m.I.D.MainDrawTool - Brightness and Contrast 0.0 1.0
2025-07-17 16:20:42 INFO  c.r.r.m.I.D.CanvasMainChange - cropRect : {0, 0, 838x1024}
2025-07-17 16:20:42 INFO  c.r.r.m.I.D.CanvasMainChange - after cropRect : {0, 0, 838x1024}
2025-07-17 16:20:42 INFO  c.r.r.m.I.D.CanvasMainChange - displayImage : 838.0x1024.0
2025-07-17 16:20:42 INFO  c.r.r.s.study.ProcessingToolsService - Processing Brightness Slider with value: -5.0
2025-07-17 16:20:42 INFO  c.r.r.m.I.D.MainDrawTool - frame type CV_16UC1
2025-07-17 16:20:42 INFO  c.r.r.m.I.D.MainDrawTool - Brightness and Contrast -1285.0 1.0
2025-07-17 16:20:42 INFO  c.r.r.m.I.D.CanvasMainChange - cropRect : {0, 0, 838x1024}
2025-07-17 16:20:42 INFO  c.r.r.m.I.D.CanvasMainChange - after cropRect : {0, 0, 838x1024}
2025-07-17 16:20:42 INFO  c.r.r.m.I.D.CanvasMainChange - displayImage : 838.0x1024.0
2025-07-17 16:20:42 INFO  c.r.r.s.study.ProcessingToolsService - Processing Brightness Slider with value: -5.0
2025-07-17 16:20:42 INFO  c.r.r.m.I.D.MainDrawTool - frame type CV_16UC1
2025-07-17 16:20:42 INFO  c.r.r.m.I.D.MainDrawTool - Brightness and Contrast -1285.0 1.0
2025-07-17 16:20:42 INFO  c.r.r.m.I.D.CanvasMainChange - cropRect : {0, 0, 838x1024}
2025-07-17 16:20:42 INFO  c.r.r.m.I.D.CanvasMainChange - after cropRect : {0, 0, 838x1024}
2025-07-17 16:20:42 INFO  c.r.r.m.I.D.CanvasMainChange - displayImage : 838.0x1024.0
2025-07-17 16:20:42 INFO  c.r.r.s.study.ProcessingToolsService - Processing Brightness Slider with value: -5.0
2025-07-17 16:20:42 INFO  c.r.r.m.I.D.MainDrawTool - frame type CV_16UC1
2025-07-17 16:20:42 INFO  c.r.r.m.I.D.MainDrawTool - Brightness and Contrast -1285.0 1.0
2025-07-17 16:20:42 INFO  c.r.r.m.I.D.CanvasMainChange - cropRect : {0, 0, 838x1024}
2025-07-17 16:20:42 INFO  c.r.r.m.I.D.CanvasMainChange - after cropRect : {0, 0, 838x1024}
2025-07-17 16:20:42 INFO  c.r.r.m.I.D.CanvasMainChange - displayImage : 838.0x1024.0
2025-07-17 16:20:42 INFO  c.r.r.s.study.ProcessingToolsService - Processing Brightness Slider with value: 4.0
2025-07-17 16:20:42 INFO  c.r.r.m.I.D.MainDrawTool - frame type CV_16UC1
2025-07-17 16:20:42 INFO  c.r.r.m.I.D.MainDrawTool - Brightness and Contrast 1028.0 1.0
2025-07-17 16:20:42 INFO  c.r.r.m.I.D.CanvasMainChange - cropRect : {0, 0, 838x1024}
2025-07-17 16:20:42 INFO  c.r.r.m.I.D.CanvasMainChange - after cropRect : {0, 0, 838x1024}
2025-07-17 16:20:42 INFO  c.r.r.m.I.D.CanvasMainChange - displayImage : 838.0x1024.0
2025-07-17 16:20:42 INFO  c.r.r.s.study.ProcessingToolsService - Processing Brightness Slider with value: 4.0
2025-07-17 16:20:42 INFO  c.r.r.m.I.D.MainDrawTool - frame type CV_16UC1
2025-07-17 16:20:42 INFO  c.r.r.m.I.D.MainDrawTool - Brightness and Contrast 1028.0 1.0
2025-07-17 16:20:43 INFO  c.r.r.m.I.D.CanvasMainChange - cropRect : {0, 0, 838x1024}
2025-07-17 16:20:43 INFO  c.r.r.m.I.D.CanvasMainChange - after cropRect : {0, 0, 838x1024}
2025-07-17 16:20:43 INFO  c.r.r.m.I.D.CanvasMainChange - displayImage : 838.0x1024.0
2025-07-17 16:20:43 INFO  c.r.r.s.study.ProcessingToolsService - Processing Brightness Slider with value: 5.0
2025-07-17 16:20:43 INFO  c.r.r.m.I.D.MainDrawTool - frame type CV_16UC1
2025-07-17 16:20:43 INFO  c.r.r.m.I.D.MainDrawTool - Brightness and Contrast 1285.0 1.0
2025-07-17 16:20:43 INFO  c.r.r.m.I.D.CanvasMainChange - cropRect : {0, 0, 838x1024}
2025-07-17 16:20:43 INFO  c.r.r.m.I.D.CanvasMainChange - after cropRect : {0, 0, 838x1024}
2025-07-17 16:20:43 INFO  c.r.r.m.I.D.CanvasMainChange - displayImage : 838.0x1024.0
2025-07-17 16:20:43 INFO  c.r.r.s.study.ProcessingToolsService - Processing Brightness Slider with value: 8.0
2025-07-17 16:20:43 INFO  c.r.r.m.I.D.MainDrawTool - frame type CV_16UC1
2025-07-17 16:20:43 INFO  c.r.r.m.I.D.MainDrawTool - Brightness and Contrast 2056.0 1.0
2025-07-17 16:20:43 INFO  c.r.r.m.I.D.CanvasMainChange - cropRect : {0, 0, 838x1024}
2025-07-17 16:20:43 INFO  c.r.r.m.I.D.CanvasMainChange - after cropRect : {0, 0, 838x1024}
2025-07-17 16:20:43 INFO  c.r.r.m.I.D.CanvasMainChange - displayImage : 838.0x1024.0
2025-07-17 16:20:43 INFO  c.r.r.s.study.ProcessingToolsService - Processing Brightness Slider with value: 9.0
2025-07-17 16:20:43 INFO  c.r.r.m.I.D.MainDrawTool - frame type CV_16UC1
2025-07-17 16:20:43 INFO  c.r.r.m.I.D.MainDrawTool - Brightness and Contrast 2313.0 1.0
2025-07-17 16:20:43 INFO  c.r.r.m.I.D.CanvasMainChange - cropRect : {0, 0, 838x1024}
2025-07-17 16:20:43 INFO  c.r.r.m.I.D.CanvasMainChange - after cropRect : {0, 0, 838x1024}
2025-07-17 16:20:43 INFO  c.r.r.m.I.D.CanvasMainChange - displayImage : 838.0x1024.0
2025-07-17 16:20:43 INFO  c.r.r.s.study.ProcessingToolsService - Processing Brightness Slider with value: 9.0
2025-07-17 16:20:43 INFO  c.r.r.m.I.D.MainDrawTool - frame type CV_16UC1
2025-07-17 16:20:43 INFO  c.r.r.m.I.D.MainDrawTool - Brightness and Contrast 2313.0 1.0
2025-07-17 16:20:43 INFO  c.r.r.m.I.D.CanvasMainChange - cropRect : {0, 0, 838x1024}
2025-07-17 16:20:43 INFO  c.r.r.m.I.D.CanvasMainChange - after cropRect : {0, 0, 838x1024}
2025-07-17 16:20:43 INFO  c.r.r.m.I.D.CanvasMainChange - displayImage : 838.0x1024.0
2025-07-17 16:20:43 INFO  c.r.r.s.study.ProcessingToolsService - Processing Brightness Slider with value: -5.0
2025-07-17 16:20:43 INFO  c.r.r.m.I.D.MainDrawTool - frame type CV_16UC1
2025-07-17 16:20:43 INFO  c.r.r.m.I.D.MainDrawTool - Brightness and Contrast -1285.0 1.0
2025-07-17 16:20:43 INFO  c.r.r.m.I.D.CanvasMainChange - cropRect : {0, 0, 838x1024}
2025-07-17 16:20:43 INFO  c.r.r.m.I.D.CanvasMainChange - after cropRect : {0, 0, 838x1024}
2025-07-17 16:20:43 INFO  c.r.r.m.I.D.CanvasMainChange - displayImage : 838.0x1024.0
2025-07-17 16:20:43 INFO  c.r.r.s.study.ProcessingToolsService - Processing Brightness Slider with value: -8.0
2025-07-17 16:20:43 INFO  c.r.r.m.I.D.MainDrawTool - frame type CV_16UC1
2025-07-17 16:20:43 INFO  c.r.r.m.I.D.MainDrawTool - Brightness and Contrast -2056.0 1.0
2025-07-17 16:20:43 INFO  c.r.r.m.I.D.CanvasMainChange - cropRect : {0, 0, 838x1024}
2025-07-17 16:20:43 INFO  c.r.r.m.I.D.CanvasMainChange - after cropRect : {0, 0, 838x1024}
2025-07-17 16:20:43 INFO  c.r.r.m.I.D.CanvasMainChange - displayImage : 838.0x1024.0
2025-07-17 16:20:43 INFO  c.r.r.s.study.ProcessingToolsService - Processing Brightness Slider with value: -8.0
2025-07-17 16:20:43 INFO  c.r.r.m.I.D.MainDrawTool - frame type CV_16UC1
2025-07-17 16:20:43 INFO  c.r.r.m.I.D.MainDrawTool - Brightness and Contrast -2056.0 1.0
2025-07-17 16:20:44 INFO  c.r.r.m.I.D.CanvasMainChange - cropRect : {0, 0, 838x1024}
2025-07-17 16:20:44 INFO  c.r.r.m.I.D.CanvasMainChange - after cropRect : {0, 0, 838x1024}
2025-07-17 16:20:44 INFO  c.r.r.m.I.D.CanvasMainChange - displayImage : 838.0x1024.0
2025-07-17 16:20:50 INFO  c.r.r.s.study.ProcessingToolsService - Processing Brightness Slider with value: -8.0
2025-07-17 16:20:50 INFO  c.r.r.m.I.D.MainDrawTool - frame type CV_16UC1
2025-07-17 16:20:50 INFO  c.r.r.m.I.D.MainDrawTool - Brightness and Contrast -2056.0 1.0
2025-07-17 16:20:50 INFO  c.r.r.m.I.D.CanvasMainChange - cropRect : {0, 0, 838x1024}
2025-07-17 16:20:50 INFO  c.r.r.m.I.D.CanvasMainChange - after cropRect : {0, 0, 838x1024}
2025-07-17 16:20:50 INFO  c.r.r.m.I.D.CanvasMainChange - displayImage : 838.0x1024.0
2025-07-17 16:20:50 INFO  c.r.r.s.study.ProcessingToolsService - Processing Brightness Slider with value: -8.0
2025-07-17 16:20:50 INFO  c.r.r.m.I.D.MainDrawTool - frame type CV_16UC1
2025-07-17 16:20:50 INFO  c.r.r.m.I.D.MainDrawTool - Brightness and Contrast -2056.0 1.0
2025-07-17 16:20:51 INFO  c.r.r.m.I.D.CanvasMainChange - cropRect : {0, 0, 838x1024}
2025-07-17 16:20:51 INFO  c.r.r.m.I.D.CanvasMainChange - after cropRect : {0, 0, 838x1024}
2025-07-17 16:20:51 INFO  c.r.r.m.I.D.CanvasMainChange - displayImage : 838.0x1024.0
2025-07-17 16:20:51 INFO  c.r.r.s.study.ProcessingToolsService - Processing Brightness Slider with value: 0.0
2025-07-17 16:20:51 INFO  c.r.r.m.I.D.MainDrawTool - frame type CV_16UC1
2025-07-17 16:20:51 INFO  c.r.r.m.I.D.MainDrawTool - Brightness and Contrast 0.0 1.0
2025-07-17 16:20:51 INFO  c.r.r.m.I.D.CanvasMainChange - cropRect : {0, 0, 838x1024}
2025-07-17 16:20:51 INFO  c.r.r.m.I.D.CanvasMainChange - after cropRect : {0, 0, 838x1024}
2025-07-17 16:20:51 INFO  c.r.r.m.I.D.CanvasMainChange - displayImage : 838.0x1024.0
2025-07-17 16:20:51 INFO  c.r.r.s.study.ProcessingToolsService - Processing Brightness Slider with value: 1.0
2025-07-17 16:20:51 INFO  c.r.r.m.I.D.MainDrawTool - frame type CV_16UC1
2025-07-17 16:20:51 INFO  c.r.r.m.I.D.MainDrawTool - Brightness and Contrast 257.0 1.0
2025-07-17 16:20:51 INFO  c.r.r.m.I.D.CanvasMainChange - cropRect : {0, 0, 838x1024}
2025-07-17 16:20:51 INFO  c.r.r.m.I.D.CanvasMainChange - after cropRect : {0, 0, 838x1024}
2025-07-17 16:20:51 INFO  c.r.r.m.I.D.CanvasMainChange - displayImage : 838.0x1024.0
2025-07-17 16:20:51 INFO  c.r.r.s.study.ProcessingToolsService - Processing Brightness Slider with value: 4.0
2025-07-17 16:20:51 INFO  c.r.r.m.I.D.MainDrawTool - frame type CV_16UC1
2025-07-17 16:20:51 INFO  c.r.r.m.I.D.MainDrawTool - Brightness and Contrast 1028.0 1.0
2025-07-17 16:20:51 INFO  c.r.r.m.I.D.CanvasMainChange - cropRect : {0, 0, 838x1024}
2025-07-17 16:20:51 INFO  c.r.r.m.I.D.CanvasMainChange - after cropRect : {0, 0, 838x1024}
2025-07-17 16:20:51 INFO  c.r.r.m.I.D.CanvasMainChange - displayImage : 838.0x1024.0
2025-07-17 16:20:51 INFO  c.r.r.s.study.ProcessingToolsService - Processing Brightness Slider with value: 5.0
2025-07-17 16:20:51 INFO  c.r.r.m.I.D.MainDrawTool - frame type CV_16UC1
2025-07-17 16:20:51 INFO  c.r.r.m.I.D.MainDrawTool - Brightness and Contrast 1285.0 1.0
2025-07-17 16:20:51 INFO  c.r.r.m.I.D.CanvasMainChange - cropRect : {0, 0, 838x1024}
2025-07-17 16:20:51 INFO  c.r.r.m.I.D.CanvasMainChange - after cropRect : {0, 0, 838x1024}
2025-07-17 16:20:51 INFO  c.r.r.m.I.D.CanvasMainChange - displayImage : 838.0x1024.0
2025-07-17 16:20:51 INFO  c.r.r.s.study.ProcessingToolsService - Processing Brightness Slider with value: 4.0
2025-07-17 16:20:51 INFO  c.r.r.m.I.D.MainDrawTool - frame type CV_16UC1
2025-07-17 16:20:51 INFO  c.r.r.m.I.D.MainDrawTool - Brightness and Contrast 1028.0 1.0
2025-07-17 16:20:51 INFO  c.r.r.m.I.D.CanvasMainChange - cropRect : {0, 0, 838x1024}
2025-07-17 16:20:51 INFO  c.r.r.m.I.D.CanvasMainChange - after cropRect : {0, 0, 838x1024}
2025-07-17 16:20:51 INFO  c.r.r.m.I.D.CanvasMainChange - displayImage : 838.0x1024.0
2025-07-17 16:20:51 INFO  c.r.r.s.study.ProcessingToolsService - Processing Brightness Slider with value: -8.0
2025-07-17 16:20:51 INFO  c.r.r.m.I.D.MainDrawTool - frame type CV_16UC1
2025-07-17 16:20:51 INFO  c.r.r.m.I.D.MainDrawTool - Brightness and Contrast -2056.0 1.0
2025-07-17 16:20:52 INFO  c.r.r.m.I.D.CanvasMainChange - cropRect : {0, 0, 838x1024}
2025-07-17 16:20:52 INFO  c.r.r.m.I.D.CanvasMainChange - after cropRect : {0, 0, 838x1024}
2025-07-17 16:20:52 INFO  c.r.r.m.I.D.CanvasMainChange - displayImage : 838.0x1024.0
2025-07-17 16:20:52 INFO  c.r.r.s.study.ProcessingToolsService - Processing Brightness Slider with value: -16.0
2025-07-17 16:20:52 INFO  c.r.r.m.I.D.MainDrawTool - frame type CV_16UC1
2025-07-17 16:20:52 INFO  c.r.r.m.I.D.MainDrawTool - Brightness and Contrast -4112.0 1.0
2025-07-17 16:20:52 INFO  c.r.r.m.I.D.CanvasMainChange - cropRect : {0, 0, 838x1024}
2025-07-17 16:20:52 INFO  c.r.r.m.I.D.CanvasMainChange - after cropRect : {0, 0, 838x1024}
2025-07-17 16:20:52 INFO  c.r.r.m.I.D.CanvasMainChange - displayImage : 838.0x1024.0
2025-07-17 16:20:52 INFO  c.r.r.s.study.ProcessingToolsService - Processing Brightness Slider with value: -22.0
2025-07-17 16:20:52 INFO  c.r.r.m.I.D.MainDrawTool - frame type CV_16UC1
2025-07-17 16:20:52 INFO  c.r.r.m.I.D.MainDrawTool - Brightness and Contrast -5654.0 1.0
2025-07-17 16:20:52 INFO  c.r.r.m.I.D.CanvasMainChange - cropRect : {0, 0, 838x1024}
2025-07-17 16:20:52 INFO  c.r.r.m.I.D.CanvasMainChange - after cropRect : {0, 0, 838x1024}
2025-07-17 16:20:52 INFO  c.r.r.m.I.D.CanvasMainChange - displayImage : 838.0x1024.0
2025-07-17 16:20:52 INFO  c.r.r.s.study.ProcessingToolsService - Processing Brightness Slider with value: -25.0
2025-07-17 16:20:52 INFO  c.r.r.m.I.D.MainDrawTool - frame type CV_16UC1
2025-07-17 16:20:52 INFO  c.r.r.m.I.D.MainDrawTool - Brightness and Contrast -6425.0 1.0
2025-07-17 16:20:52 INFO  c.r.r.m.I.D.CanvasMainChange - cropRect : {0, 0, 838x1024}
2025-07-17 16:20:52 INFO  c.r.r.m.I.D.CanvasMainChange - after cropRect : {0, 0, 838x1024}
2025-07-17 16:20:52 INFO  c.r.r.m.I.D.CanvasMainChange - displayImage : 838.0x1024.0
2025-07-17 16:20:52 INFO  c.r.r.s.study.ProcessingToolsService - Processing Brightness Slider with value: -26.0
2025-07-17 16:20:52 INFO  c.r.r.m.I.D.MainDrawTool - frame type CV_16UC1
2025-07-17 16:20:52 INFO  c.r.r.m.I.D.MainDrawTool - Brightness and Contrast -6682.0 1.0
2025-07-17 16:20:52 INFO  c.r.r.m.I.D.CanvasMainChange - cropRect : {0, 0, 838x1024}
2025-07-17 16:20:52 INFO  c.r.r.m.I.D.CanvasMainChange - after cropRect : {0, 0, 838x1024}
2025-07-17 16:20:52 INFO  c.r.r.m.I.D.CanvasMainChange - displayImage : 838.0x1024.0
2025-07-17 16:20:52 INFO  c.r.r.s.study.ProcessingToolsService - Processing Brightness Slider with value: -25.0
2025-07-17 16:20:52 INFO  c.r.r.m.I.D.MainDrawTool - frame type CV_16UC1
2025-07-17 16:20:52 INFO  c.r.r.m.I.D.MainDrawTool - Brightness and Contrast -6425.0 1.0
2025-07-17 16:20:52 INFO  c.r.r.m.I.D.CanvasMainChange - cropRect : {0, 0, 838x1024}
2025-07-17 16:20:52 INFO  c.r.r.m.I.D.CanvasMainChange - after cropRect : {0, 0, 838x1024}
2025-07-17 16:20:52 INFO  c.r.r.m.I.D.CanvasMainChange - displayImage : 838.0x1024.0
2025-07-17 16:20:52 INFO  c.r.r.s.study.ProcessingToolsService - Processing Brightness Slider with value: -14.0
2025-07-17 16:20:52 INFO  c.r.r.m.I.D.MainDrawTool - frame type CV_16UC1
2025-07-17 16:20:52 INFO  c.r.r.m.I.D.MainDrawTool - Brightness and Contrast -3598.0 1.0
2025-07-17 16:20:53 INFO  c.r.r.m.I.D.CanvasMainChange - cropRect : {0, 0, 838x1024}
2025-07-17 16:20:53 INFO  c.r.r.m.I.D.CanvasMainChange - after cropRect : {0, 0, 838x1024}
2025-07-17 16:20:53 INFO  c.r.r.m.I.D.CanvasMainChange - displayImage : 838.0x1024.0
2025-07-17 16:20:53 INFO  c.r.r.s.study.ProcessingToolsService - Processing Brightness Slider with value: -7.0
2025-07-17 16:20:53 INFO  c.r.r.m.I.D.MainDrawTool - frame type CV_16UC1
2025-07-17 16:20:53 INFO  c.r.r.m.I.D.MainDrawTool - Brightness and Contrast -1799.0 1.0
2025-07-17 16:20:53 INFO  c.r.r.m.I.D.CanvasMainChange - cropRect : {0, 0, 838x1024}
2025-07-17 16:20:53 INFO  c.r.r.m.I.D.CanvasMainChange - after cropRect : {0, 0, 838x1024}
2025-07-17 16:20:53 INFO  c.r.r.m.I.D.CanvasMainChange - displayImage : 838.0x1024.0
2025-07-17 16:20:53 INFO  c.r.r.s.study.ProcessingToolsService - Processing Brightness Slider with value: -5.0
2025-07-17 16:20:53 INFO  c.r.r.m.I.D.MainDrawTool - frame type CV_16UC1
2025-07-17 16:20:53 INFO  c.r.r.m.I.D.MainDrawTool - Brightness and Contrast -1285.0 1.0
2025-07-17 16:20:53 INFO  c.r.r.m.I.D.CanvasMainChange - cropRect : {0, 0, 838x1024}
2025-07-17 16:20:53 INFO  c.r.r.m.I.D.CanvasMainChange - after cropRect : {0, 0, 838x1024}
2025-07-17 16:20:53 INFO  c.r.r.m.I.D.CanvasMainChange - displayImage : 838.0x1024.0
2025-07-17 16:20:53 INFO  c.r.r.s.study.ProcessingToolsService - Processing Brightness Slider with value: -5.0
2025-07-17 16:20:53 INFO  c.r.r.m.I.D.MainDrawTool - frame type CV_16UC1
2025-07-17 16:20:53 INFO  c.r.r.m.I.D.MainDrawTool - Brightness and Contrast -1285.0 1.0
2025-07-17 16:20:53 INFO  c.r.r.m.I.D.CanvasMainChange - cropRect : {0, 0, 838x1024}
2025-07-17 16:20:53 INFO  c.r.r.m.I.D.CanvasMainChange - after cropRect : {0, 0, 838x1024}
2025-07-17 16:20:53 INFO  c.r.r.m.I.D.CanvasMainChange - displayImage : 838.0x1024.0
2025-07-17 16:20:54 INFO  c.r.r.s.study.ProcessingToolsService - Processing Brightness Slider with value: -5.0
2025-07-17 16:20:54 INFO  c.r.r.m.I.D.MainDrawTool - frame type CV_16UC1
2025-07-17 16:20:54 INFO  c.r.r.m.I.D.MainDrawTool - Brightness and Contrast -1285.0 1.0
2025-07-17 16:20:54 INFO  c.r.r.m.I.D.CanvasMainChange - cropRect : {0, 0, 838x1024}
2025-07-17 16:20:54 INFO  c.r.r.m.I.D.CanvasMainChange - after cropRect : {0, 0, 838x1024}
2025-07-17 16:20:54 INFO  c.r.r.m.I.D.CanvasMainChange - displayImage : 838.0x1024.0
