2025-07-17 13:10:15 INFO  c.r.r.s.study.StudyMainController - Console is ON
2025-07-17 13:10:18 INFO  c.r.rxviewui.controller.LoginPage - logged In
2025-07-17 13:10:18 INFO  c.r.r.service.login.LoginController - 192.168.12.10
2025-07-17 13:10:18 INFO  c.r.r.service.login.LoginController - No Wi-Fi interface found or no IPv4 address assigned.
2025-07-17 13:10:19 INFO  c.r.r.s.study.StudyMainController - Setting console values for body part: Chest
2025-07-17 13:10:19 INFO  c.r.r.m.s.SerialPortManager - Setting Xray Console - kv: 70.0, ma: 80, mas: 4.0
2025-07-17 13:10:19 INFO  c.r.r.m.s.SerialPortManager - setMa kv1: 70.0, ma1: 80.0
2025-07-17 13:10:19 INFO  c.r.r.m.s.SerialPortManager - x: 175
2025-07-17 13:10:19 INFO  c.r.r.m.s.SerialPortManager - Current Sent: 80.0
2025-07-17 13:10:19 INFO  c.r.r.m.s.SerialPortManager - Calibration Val: 8.32
2025-07-17 13:10:19 INFO  c.r.r.m.s.SerialPortManager - Calibration Val: 8.49
2025-07-17 13:10:19 INFO  c.r.r.m.s.SerialPortManager - Calibration Val: 8.29
2025-07-17 13:10:19 INFO  c.r.r.m.s.SerialPortManager - Calibration Val: 8.49
2025-07-17 13:10:19 INFO  c.r.r.m.s.SerialPortManager - filamentCurrent: 8.32
2025-07-17 13:10:19 INFO  c.r.r.m.s.SerialPortManager - KV Sent : 70.0
2025-07-17 13:10:19 INFO  c.r.r.m.s.SerialPortManager - Calibration Val: 8.32
2025-07-17 13:10:19 INFO  c.r.r.m.s.SerialPortManager - Calibration Val: 8.49
2025-07-17 13:10:19 INFO  c.r.r.m.s.SerialPortManager - Calibration Val: 8.29
2025-07-17 13:10:19 INFO  c.r.r.m.s.SerialPortManager - Calibration Val: 8.49
2025-07-17 13:10:19 INFO  c.r.s.r.TriggerCommandRxOld - Serial port is not open.
2025-07-17 13:10:19 INFO  c.r.r.m.s.SerialPortManager - In short sending KV: 208
2025-07-17 13:10:19 INFO  c.r.r.m.s.SerialPortManager - In byte sending KV: -48
2025-07-17 13:10:19 INFO  c.r.r.m.s.SerialPortManager - setExposureTime 0.05
2025-07-17 13:10:19 INFO  c.r.r.m.s.SerialPortManager - Exposure Time Sent - 50
2025-07-17 13:10:19 INFO  c.r.s.r.TriggerCommandRxOld - Setting KV to: -48
2025-07-17 13:10:19 INFO  c.r.s.r.TriggerCommandRxOld - Serial port is not open.
2025-07-17 13:10:19 INFO  c.r.s.r.TriggerCommandRxOld - Setting Exposure Time to: 50 0 and G
2025-07-17 13:10:19 INFO  c.r.s.r.TriggerCommandRxOld - Serial port is not open.
2025-07-17 13:10:20 INFO  c.r.r.service.study.StudyService - current bodyPart chest AP
2025-07-17 13:10:20 INFO  c.r.r.s.preProcessing.PreProcess - Processing body part: chest
2025-07-17 13:10:20 INFO  c.r.r.s.preProcessing.PreProcess - Mat is 16-bit unsigned
2025-07-17 13:10:22 INFO  c.r.r.service.study.StudyService - Image received Found in FPD
2025-07-17 13:10:23 INFO  c.r.r.service.study.StudyService - org : CV_16UC1
2025-07-17 13:10:23 INFO  c.r.r.service.study.StudyService - study mat.rows() * width : 1024 1024.0
2025-07-17 13:10:23 INFO  c.r.r.service.study.StudyService - study DynamicCanvasElementsResize values set with multiple: 1.0
2025-07-17 13:10:23 INFO  c.r.r.service.study.StudyService - study Line Width: 2.0, Ellipse Radius X: 8.0, Ellipse Radius Y: 8.0, Label Font Size: 14.0, Rect Width: 90.0, Rect Height: 30.0, Custom Font Icon Size: 200.0
2025-07-17 13:10:23 INFO  c.r.r.m.I.D.CanvasMainChange - cropRect : {0, 0, 838x1024}
2025-07-17 13:10:23 INFO  c.r.r.m.I.D.CanvasMainChange - after cropRect : {0, 0, 838x1024}
2025-07-17 13:10:23 INFO  c.r.r.m.I.D.CanvasMainChange - displayImage : 838.0x1024.0
2025-07-17 13:10:23 INFO  c.r.r.m.I.D.CanvasMainChange - cropRect : {0, 0, 838x1024}
2025-07-17 13:10:23 INFO  c.r.r.m.I.D.CanvasMainChange - after cropRect : {0, 0, 838x1024}
2025-07-17 13:10:23 INFO  c.r.r.m.I.D.CanvasMainChange - displayImage : 838.0x1024.0
2025-07-17 13:10:23 INFO  c.r.r.m.I.D.MainDrawTool - ImagingParams is null
2025-07-17 13:10:23 INFO  c.r.r.m.I.D.MainDrawTool - StepEntity is null, no params to apply
2025-07-17 13:10:27 INFO  c.r.r.s.s.ProcessingToolsController - Slider moved: oldVal=1.0 newVal=0.9861495844875346
2025-07-17 13:10:27 INFO  c.r.r.s.s.ProcessingToolsController - Slider moved: oldVal=0.9861495844875346 newVal=0.99
2025-07-17 13:10:27 INFO  c.r.r.s.study.ProcessingToolsService - Processing Contrast Slider with value: 0.99
2025-07-17 13:10:27 INFO  c.r.r.m.I.D.MainDrawTool - Brightness and Contrast 0.0 0.99
2025-07-17 13:10:27 INFO  c.r.r.m.I.D.CanvasMainChange - cropRect : {0, 0, 838x1024}
2025-07-17 13:10:27 INFO  c.r.r.m.I.D.CanvasMainChange - after cropRect : {0, 0, 838x1024}
2025-07-17 13:10:27 INFO  c.r.r.m.I.D.CanvasMainChange - displayImage : 838.0x1024.0
2025-07-17 13:10:27 INFO  c.r.r.s.study.ProcessingToolsService - Processing Contrast Slider with value: 0.99
2025-07-17 13:10:27 INFO  c.r.r.m.I.D.MainDrawTool - Brightness and Contrast 0.0 0.99
2025-07-17 13:10:27 INFO  c.r.r.m.I.D.CanvasMainChange - cropRect : {0, 0, 838x1024}
2025-07-17 13:10:27 INFO  c.r.r.m.I.D.CanvasMainChange - after cropRect : {0, 0, 838x1024}
2025-07-17 13:10:27 INFO  c.r.r.m.I.D.CanvasMainChange - displayImage : 838.0x1024.0
2025-07-17 13:10:27 INFO  c.r.r.s.study.ProcessingToolsService - Processing Contrast Slider with value: 0.99
2025-07-17 13:10:27 INFO  c.r.r.m.I.D.MainDrawTool - Brightness and Contrast 0.0 0.99
2025-07-17 13:10:27 INFO  c.r.r.m.I.D.CanvasMainChange - cropRect : {0, 0, 838x1024}
2025-07-17 13:10:27 INFO  c.r.r.m.I.D.CanvasMainChange - after cropRect : {0, 0, 838x1024}
2025-07-17 13:10:27 INFO  c.r.r.m.I.D.CanvasMainChange - displayImage : 838.0x1024.0
2025-07-17 13:10:27 INFO  c.r.r.s.s.ProcessingToolsController - Slider moved: oldVal=0.99 newVal=0.6537396121883656
2025-07-17 13:10:27 INFO  c.r.r.s.s.ProcessingToolsController - Slider moved: oldVal=0.6537396121883656 newVal=0.65
2025-07-17 13:10:27 INFO  c.r.r.s.study.ProcessingToolsService - Processing Contrast Slider with value: 0.65
2025-07-17 13:10:27 INFO  c.r.r.m.I.D.MainDrawTool - Brightness and Contrast 0.0 0.65
2025-07-17 13:10:27 INFO  c.r.r.m.I.D.CanvasMainChange - cropRect : {0, 0, 838x1024}
2025-07-17 13:10:27 INFO  c.r.r.m.I.D.CanvasMainChange - after cropRect : {0, 0, 838x1024}
2025-07-17 13:10:27 INFO  c.r.r.m.I.D.CanvasMainChange - displayImage : 838.0x1024.0
2025-07-17 13:10:27 INFO  c.r.r.s.study.ProcessingToolsService - Processing Contrast Slider with value: 0.65
2025-07-17 13:10:27 INFO  c.r.r.m.I.D.MainDrawTool - Brightness and Contrast 0.0 0.65
2025-07-17 13:10:28 INFO  c.r.r.m.I.D.CanvasMainChange - cropRect : {0, 0, 838x1024}
2025-07-17 13:10:28 INFO  c.r.r.m.I.D.CanvasMainChange - after cropRect : {0, 0, 838x1024}
2025-07-17 13:10:28 INFO  c.r.r.m.I.D.CanvasMainChange - displayImage : 838.0x1024.0
2025-07-17 13:10:28 INFO  c.r.r.s.study.ProcessingToolsService - Processing Contrast Slider with value: 0.65
2025-07-17 13:10:28 INFO  c.r.r.m.I.D.MainDrawTool - Brightness and Contrast 0.0 0.65
2025-07-17 13:10:28 INFO  c.r.r.m.I.D.CanvasMainChange - cropRect : {0, 0, 838x1024}
2025-07-17 13:10:28 INFO  c.r.r.m.I.D.CanvasMainChange - after cropRect : {0, 0, 838x1024}
2025-07-17 13:10:28 INFO  c.r.r.m.I.D.CanvasMainChange - displayImage : 838.0x1024.0
2025-07-17 13:10:28 INFO  c.r.r.s.s.ProcessingToolsController - Slider moved: oldVal=0.65 newVal=0.6260387811634349
2025-07-17 13:10:28 INFO  c.r.r.s.s.ProcessingToolsController - Slider moved: oldVal=0.6260387811634349 newVal=0.63
2025-07-17 13:10:28 INFO  c.r.r.s.study.ProcessingToolsService - Processing Contrast Slider with value: 0.63
2025-07-17 13:10:28 INFO  c.r.r.m.I.D.MainDrawTool - Brightness and Contrast 0.0 0.63
2025-07-17 13:10:28 INFO  c.r.r.m.I.D.CanvasMainChange - cropRect : {0, 0, 838x1024}
2025-07-17 13:10:28 INFO  c.r.r.m.I.D.CanvasMainChange - after cropRect : {0, 0, 838x1024}
2025-07-17 13:10:28 INFO  c.r.r.m.I.D.CanvasMainChange - displayImage : 838.0x1024.0
2025-07-17 13:10:28 INFO  c.r.r.s.study.ProcessingToolsService - Processing Contrast Slider with value: 0.63
2025-07-17 13:10:28 INFO  c.r.r.m.I.D.MainDrawTool - Brightness and Contrast 0.0 0.63
2025-07-17 13:10:28 INFO  c.r.r.m.I.D.CanvasMainChange - cropRect : {0, 0, 838x1024}
2025-07-17 13:10:28 INFO  c.r.r.m.I.D.CanvasMainChange - after cropRect : {0, 0, 838x1024}
2025-07-17 13:10:28 INFO  c.r.r.m.I.D.CanvasMainChange - displayImage : 838.0x1024.0
2025-07-17 13:10:28 INFO  c.r.r.s.study.ProcessingToolsService - Processing Contrast Slider with value: 0.63
2025-07-17 13:10:28 INFO  c.r.r.m.I.D.MainDrawTool - Brightness and Contrast 0.0 0.63
2025-07-17 13:10:28 INFO  c.r.r.m.I.D.CanvasMainChange - cropRect : {0, 0, 838x1024}
2025-07-17 13:10:28 INFO  c.r.r.m.I.D.CanvasMainChange - after cropRect : {0, 0, 838x1024}
2025-07-17 13:10:28 INFO  c.r.r.m.I.D.CanvasMainChange - displayImage : 838.0x1024.0
2025-07-17 13:10:28 INFO  c.r.r.s.s.ProcessingToolsController - Slider moved: oldVal=0.63 newVal=0.6121883656509696
2025-07-17 13:10:28 INFO  c.r.r.s.s.ProcessingToolsController - Slider moved: oldVal=0.6121883656509696 newVal=0.61
2025-07-17 13:10:28 INFO  c.r.r.s.study.ProcessingToolsService - Processing Contrast Slider with value: 0.61
2025-07-17 13:10:28 INFO  c.r.r.m.I.D.MainDrawTool - Brightness and Contrast 0.0 0.61
2025-07-17 13:10:28 INFO  c.r.r.m.I.D.CanvasMainChange - cropRect : {0, 0, 838x1024}
2025-07-17 13:10:28 INFO  c.r.r.m.I.D.CanvasMainChange - after cropRect : {0, 0, 838x1024}
2025-07-17 13:10:28 INFO  c.r.r.m.I.D.CanvasMainChange - displayImage : 838.0x1024.0
2025-07-17 13:10:28 INFO  c.r.r.s.study.ProcessingToolsService - Processing Contrast Slider with value: 0.61
2025-07-17 13:10:28 INFO  c.r.r.m.I.D.MainDrawTool - Brightness and Contrast 0.0 0.61
2025-07-17 13:10:28 INFO  c.r.r.m.I.D.CanvasMainChange - cropRect : {0, 0, 838x1024}
2025-07-17 13:10:28 INFO  c.r.r.m.I.D.CanvasMainChange - after cropRect : {0, 0, 838x1024}
2025-07-17 13:10:28 INFO  c.r.r.m.I.D.CanvasMainChange - displayImage : 838.0x1024.0
2025-07-17 13:10:28 INFO  c.r.r.s.study.ProcessingToolsService - Processing Contrast Slider with value: 0.61
2025-07-17 13:10:28 INFO  c.r.r.m.I.D.MainDrawTool - Brightness and Contrast 0.0 0.61
2025-07-17 13:10:28 INFO  c.r.r.m.I.D.CanvasMainChange - cropRect : {0, 0, 838x1024}
2025-07-17 13:10:28 INFO  c.r.r.m.I.D.CanvasMainChange - after cropRect : {0, 0, 838x1024}
2025-07-17 13:10:28 INFO  c.r.r.m.I.D.CanvasMainChange - displayImage : 838.0x1024.0
2025-07-17 13:10:28 INFO  c.r.r.s.s.ProcessingToolsController - Slider moved: oldVal=0.61 newVal=0.6121883656509696
2025-07-17 13:10:28 INFO  c.r.r.s.study.ProcessingToolsService - Processing Contrast Slider with value: 0.6121883656509696
2025-07-17 13:10:28 INFO  c.r.r.m.I.D.MainDrawTool - Brightness and Contrast 0.0 0.6121883656509696
2025-07-17 13:10:28 INFO  c.r.r.m.I.D.CanvasMainChange - cropRect : {0, 0, 838x1024}
2025-07-17 13:10:28 INFO  c.r.r.m.I.D.CanvasMainChange - after cropRect : {0, 0, 838x1024}
2025-07-17 13:10:28 INFO  c.r.r.m.I.D.CanvasMainChange - displayImage : 838.0x1024.0
2025-07-17 13:10:28 INFO  c.r.r.s.s.ProcessingToolsController - Slider moved: oldVal=0.6121883656509696 newVal=0.6260387811634349
2025-07-17 13:10:28 INFO  c.r.r.s.s.ProcessingToolsController - Slider moved: oldVal=0.6260387811634349 newVal=0.63
2025-07-17 13:10:28 INFO  c.r.r.s.study.ProcessingToolsService - Processing Contrast Slider with value: 0.63
2025-07-17 13:10:28 INFO  c.r.r.m.I.D.MainDrawTool - Brightness and Contrast 0.0 0.63
2025-07-17 13:10:28 INFO  c.r.r.m.I.D.CanvasMainChange - cropRect : {0, 0, 838x1024}
2025-07-17 13:10:28 INFO  c.r.r.m.I.D.CanvasMainChange - after cropRect : {0, 0, 838x1024}
2025-07-17 13:10:28 INFO  c.r.r.m.I.D.CanvasMainChange - displayImage : 838.0x1024.0
2025-07-17 13:10:28 INFO  c.r.r.s.study.ProcessingToolsService - Processing Contrast Slider with value: 0.63
2025-07-17 13:10:28 INFO  c.r.r.m.I.D.MainDrawTool - Brightness and Contrast 0.0 0.63
2025-07-17 13:10:28 INFO  c.r.r.m.I.D.CanvasMainChange - cropRect : {0, 0, 838x1024}
2025-07-17 13:10:28 INFO  c.r.r.m.I.D.CanvasMainChange - after cropRect : {0, 0, 838x1024}
2025-07-17 13:10:28 INFO  c.r.r.m.I.D.CanvasMainChange - displayImage : 838.0x1024.0
2025-07-17 13:10:28 INFO  c.r.r.s.study.ProcessingToolsService - Processing Contrast Slider with value: 0.63
2025-07-17 13:10:28 INFO  c.r.r.m.I.D.MainDrawTool - Brightness and Contrast 0.0 0.63
2025-07-17 13:10:29 INFO  c.r.r.m.I.D.CanvasMainChange - cropRect : {0, 0, 838x1024}
2025-07-17 13:10:29 INFO  c.r.r.m.I.D.CanvasMainChange - after cropRect : {0, 0, 838x1024}
2025-07-17 13:10:29 INFO  c.r.r.m.I.D.CanvasMainChange - displayImage : 838.0x1024.0
2025-07-17 13:10:29 INFO  c.r.r.s.s.ProcessingToolsController - Slider moved: oldVal=0.63 newVal=1.263157894736842
2025-07-17 13:10:29 INFO  c.r.r.s.s.ProcessingToolsController - Slider moved: oldVal=1.263157894736842 newVal=1.26
2025-07-17 13:10:29 INFO  c.r.r.s.study.ProcessingToolsService - Processing Contrast Slider with value: 1.26
2025-07-17 13:10:29 INFO  c.r.r.m.I.D.MainDrawTool - Brightness and Contrast 0.0 1.26
2025-07-17 13:10:29 INFO  c.r.r.m.I.D.CanvasMainChange - cropRect : {0, 0, 838x1024}
2025-07-17 13:10:29 INFO  c.r.r.m.I.D.CanvasMainChange - after cropRect : {0, 0, 838x1024}
2025-07-17 13:10:29 INFO  c.r.r.m.I.D.CanvasMainChange - displayImage : 838.0x1024.0
2025-07-17 13:10:29 INFO  c.r.r.s.study.ProcessingToolsService - Processing Contrast Slider with value: 1.26
2025-07-17 13:10:29 INFO  c.r.r.m.I.D.MainDrawTool - Brightness and Contrast 0.0 1.26
2025-07-17 13:10:29 INFO  c.r.r.m.I.D.CanvasMainChange - cropRect : {0, 0, 838x1024}
2025-07-17 13:10:29 INFO  c.r.r.m.I.D.CanvasMainChange - after cropRect : {0, 0, 838x1024}
2025-07-17 13:10:29 INFO  c.r.r.m.I.D.CanvasMainChange - displayImage : 838.0x1024.0
2025-07-17 13:10:29 INFO  c.r.r.s.study.ProcessingToolsService - Processing Contrast Slider with value: 1.26
2025-07-17 13:10:29 INFO  c.r.r.m.I.D.MainDrawTool - Brightness and Contrast 0.0 1.26
2025-07-17 13:10:29 INFO  c.r.r.m.I.D.CanvasMainChange - cropRect : {0, 0, 838x1024}
2025-07-17 13:10:29 INFO  c.r.r.m.I.D.CanvasMainChange - after cropRect : {0, 0, 838x1024}
2025-07-17 13:10:29 INFO  c.r.r.m.I.D.CanvasMainChange - displayImage : 838.0x1024.0
2025-07-17 13:10:29 INFO  c.r.r.s.s.ProcessingToolsController - Slider moved: oldVal=1.26 newVal=1.9002770083102494
2025-07-17 13:10:29 INFO  c.r.r.s.s.ProcessingToolsController - Slider moved: oldVal=1.9002770083102494 newVal=1.9
2025-07-17 13:10:29 INFO  c.r.r.s.study.ProcessingToolsService - Processing Contrast Slider with value: 1.9
2025-07-17 13:10:29 INFO  c.r.r.m.I.D.MainDrawTool - Brightness and Contrast 0.0 1.9
2025-07-17 13:10:29 INFO  c.r.r.m.I.D.CanvasMainChange - cropRect : {0, 0, 838x1024}
2025-07-17 13:10:29 INFO  c.r.r.m.I.D.CanvasMainChange - after cropRect : {0, 0, 838x1024}
2025-07-17 13:10:29 INFO  c.r.r.m.I.D.CanvasMainChange - displayImage : 838.0x1024.0
2025-07-17 13:10:29 INFO  c.r.r.s.study.ProcessingToolsService - Processing Contrast Slider with value: 1.9
2025-07-17 13:10:29 INFO  c.r.r.m.I.D.MainDrawTool - Brightness and Contrast 0.0 1.9
2025-07-17 13:10:29 INFO  c.r.r.m.I.D.CanvasMainChange - cropRect : {0, 0, 838x1024}
2025-07-17 13:10:29 INFO  c.r.r.m.I.D.CanvasMainChange - after cropRect : {0, 0, 838x1024}
2025-07-17 13:10:29 INFO  c.r.r.m.I.D.CanvasMainChange - displayImage : 838.0x1024.0
2025-07-17 13:10:29 INFO  c.r.r.s.study.ProcessingToolsService - Processing Contrast Slider with value: 1.9
2025-07-17 13:10:29 INFO  c.r.r.m.I.D.MainDrawTool - Brightness and Contrast 0.0 1.9
2025-07-17 13:10:29 INFO  c.r.r.m.I.D.CanvasMainChange - cropRect : {0, 0, 838x1024}
2025-07-17 13:10:29 INFO  c.r.r.m.I.D.CanvasMainChange - after cropRect : {0, 0, 838x1024}
2025-07-17 13:10:29 INFO  c.r.r.m.I.D.CanvasMainChange - displayImage : 838.0x1024.0
2025-07-17 13:10:29 INFO  c.r.r.s.s.ProcessingToolsController - Slider moved: oldVal=1.9 newVal=2.038781163434903
2025-07-17 13:10:29 INFO  c.r.r.s.s.ProcessingToolsController - Slider moved: oldVal=2.038781163434903 newVal=2.04
2025-07-17 13:10:29 INFO  c.r.r.s.study.ProcessingToolsService - Processing Contrast Slider with value: 2.04
2025-07-17 13:10:29 INFO  c.r.r.m.I.D.MainDrawTool - Brightness and Contrast 0.0 2.04
2025-07-17 13:10:29 INFO  c.r.r.m.I.D.CanvasMainChange - cropRect : {0, 0, 838x1024}
2025-07-17 13:10:29 INFO  c.r.r.m.I.D.CanvasMainChange - after cropRect : {0, 0, 838x1024}
2025-07-17 13:10:29 INFO  c.r.r.m.I.D.CanvasMainChange - displayImage : 838.0x1024.0
2025-07-17 13:10:29 INFO  c.r.r.s.study.ProcessingToolsService - Processing Contrast Slider with value: 2.04
2025-07-17 13:10:29 INFO  c.r.r.m.I.D.MainDrawTool - Brightness and Contrast 0.0 2.04
2025-07-17 13:10:29 INFO  c.r.r.m.I.D.CanvasMainChange - cropRect : {0, 0, 838x1024}
2025-07-17 13:10:29 INFO  c.r.r.m.I.D.CanvasMainChange - after cropRect : {0, 0, 838x1024}
2025-07-17 13:10:29 INFO  c.r.r.m.I.D.CanvasMainChange - displayImage : 838.0x1024.0
2025-07-17 13:10:29 INFO  c.r.r.s.study.ProcessingToolsService - Processing Contrast Slider with value: 2.04
2025-07-17 13:10:29 INFO  c.r.r.m.I.D.MainDrawTool - Brightness and Contrast 0.0 2.04
2025-07-17 13:10:29 INFO  c.r.r.m.I.D.CanvasMainChange - cropRect : {0, 0, 838x1024}
2025-07-17 13:10:29 INFO  c.r.r.m.I.D.CanvasMainChange - after cropRect : {0, 0, 838x1024}
2025-07-17 13:10:29 INFO  c.r.r.m.I.D.CanvasMainChange - displayImage : 838.0x1024.0
2025-07-17 13:10:29 INFO  c.r.r.s.s.ProcessingToolsController - Slider moved: oldVal=2.04 newVal=2.066481994459834
2025-07-17 13:10:29 INFO  c.r.r.s.s.ProcessingToolsController - Slider moved: oldVal=2.066481994459834 newVal=2.07
2025-07-17 13:10:29 INFO  c.r.r.s.study.ProcessingToolsService - Processing Contrast Slider with value: 2.07
2025-07-17 13:10:29 INFO  c.r.r.m.I.D.MainDrawTool - Brightness and Contrast 0.0 2.07
2025-07-17 13:10:29 INFO  c.r.r.m.I.D.CanvasMainChange - cropRect : {0, 0, 838x1024}
2025-07-17 13:10:29 INFO  c.r.r.m.I.D.CanvasMainChange - after cropRect : {0, 0, 838x1024}
2025-07-17 13:10:29 INFO  c.r.r.m.I.D.CanvasMainChange - displayImage : 838.0x1024.0
2025-07-17 13:10:29 INFO  c.r.r.s.study.ProcessingToolsService - Processing Contrast Slider with value: 2.07
2025-07-17 13:10:29 INFO  c.r.r.m.I.D.MainDrawTool - Brightness and Contrast 0.0 2.07
2025-07-17 13:10:29 INFO  c.r.r.m.I.D.CanvasMainChange - cropRect : {0, 0, 838x1024}
2025-07-17 13:10:29 INFO  c.r.r.m.I.D.CanvasMainChange - after cropRect : {0, 0, 838x1024}
2025-07-17 13:10:29 INFO  c.r.r.m.I.D.CanvasMainChange - displayImage : 838.0x1024.0
2025-07-17 13:10:29 INFO  c.r.r.s.study.ProcessingToolsService - Processing Contrast Slider with value: 2.07
2025-07-17 13:10:29 INFO  c.r.r.m.I.D.MainDrawTool - Brightness and Contrast 0.0 2.07
2025-07-17 13:10:29 INFO  c.r.r.m.I.D.CanvasMainChange - cropRect : {0, 0, 838x1024}
2025-07-17 13:10:29 INFO  c.r.r.m.I.D.CanvasMainChange - after cropRect : {0, 0, 838x1024}
2025-07-17 13:10:29 INFO  c.r.r.m.I.D.CanvasMainChange - displayImage : 838.0x1024.0
2025-07-17 13:10:29 INFO  c.r.r.s.s.ProcessingToolsController - Slider moved: oldVal=2.07 newVal=2.149584487534626
2025-07-17 13:10:29 INFO  c.r.r.s.s.ProcessingToolsController - Slider moved: oldVal=2.149584487534626 newVal=2.15
2025-07-17 13:10:29 INFO  c.r.r.s.study.ProcessingToolsService - Processing Contrast Slider with value: 2.15
2025-07-17 13:10:29 INFO  c.r.r.m.I.D.MainDrawTool - Brightness and Contrast 0.0 2.15
2025-07-17 13:10:29 INFO  c.r.r.m.I.D.CanvasMainChange - cropRect : {0, 0, 838x1024}
2025-07-17 13:10:29 INFO  c.r.r.m.I.D.CanvasMainChange - after cropRect : {0, 0, 838x1024}
2025-07-17 13:10:29 INFO  c.r.r.m.I.D.CanvasMainChange - displayImage : 838.0x1024.0
2025-07-17 13:10:29 INFO  c.r.r.s.study.ProcessingToolsService - Processing Contrast Slider with value: 2.15
2025-07-17 13:10:29 INFO  c.r.r.m.I.D.MainDrawTool - Brightness and Contrast 0.0 2.15
2025-07-17 13:10:29 INFO  c.r.r.m.I.D.CanvasMainChange - cropRect : {0, 0, 838x1024}
2025-07-17 13:10:29 INFO  c.r.r.m.I.D.CanvasMainChange - after cropRect : {0, 0, 838x1024}
2025-07-17 13:10:29 INFO  c.r.r.m.I.D.CanvasMainChange - displayImage : 838.0x1024.0
2025-07-17 13:10:29 INFO  c.r.r.s.study.ProcessingToolsService - Processing Contrast Slider with value: 2.15
2025-07-17 13:10:29 INFO  c.r.r.m.I.D.MainDrawTool - Brightness and Contrast 0.0 2.15
2025-07-17 13:10:29 INFO  c.r.r.m.I.D.CanvasMainChange - cropRect : {0, 0, 838x1024}
2025-07-17 13:10:29 INFO  c.r.r.m.I.D.CanvasMainChange - after cropRect : {0, 0, 838x1024}
2025-07-17 13:10:29 INFO  c.r.r.m.I.D.CanvasMainChange - displayImage : 838.0x1024.0
2025-07-17 13:10:29 INFO  c.r.r.s.s.ProcessingToolsController - Slider moved: oldVal=2.15 newVal=2.177285318559557
2025-07-17 13:10:29 INFO  c.r.r.s.s.ProcessingToolsController - Slider moved: oldVal=2.177285318559557 newVal=2.18
2025-07-17 13:10:29 INFO  c.r.r.s.study.ProcessingToolsService - Processing Contrast Slider with value: 2.18
2025-07-17 13:10:29 INFO  c.r.r.m.I.D.MainDrawTool - Brightness and Contrast 0.0 2.18
2025-07-17 13:10:29 INFO  c.r.r.m.I.D.CanvasMainChange - cropRect : {0, 0, 838x1024}
2025-07-17 13:10:29 INFO  c.r.r.m.I.D.CanvasMainChange - after cropRect : {0, 0, 838x1024}
2025-07-17 13:10:29 INFO  c.r.r.m.I.D.CanvasMainChange - displayImage : 838.0x1024.0
2025-07-17 13:10:29 INFO  c.r.r.s.study.ProcessingToolsService - Processing Contrast Slider with value: 2.18
2025-07-17 13:10:29 INFO  c.r.r.m.I.D.MainDrawTool - Brightness and Contrast 0.0 2.18
2025-07-17 13:10:29 INFO  c.r.r.m.I.D.CanvasMainChange - cropRect : {0, 0, 838x1024}
2025-07-17 13:10:29 INFO  c.r.r.m.I.D.CanvasMainChange - after cropRect : {0, 0, 838x1024}
2025-07-17 13:10:29 INFO  c.r.r.m.I.D.CanvasMainChange - displayImage : 838.0x1024.0
2025-07-17 13:10:29 INFO  c.r.r.s.study.ProcessingToolsService - Processing Contrast Slider with value: 2.18
2025-07-17 13:10:29 INFO  c.r.r.m.I.D.MainDrawTool - Brightness and Contrast 0.0 2.18
2025-07-17 13:10:29 INFO  c.r.r.m.I.D.CanvasMainChange - cropRect : {0, 0, 838x1024}
2025-07-17 13:10:29 INFO  c.r.r.m.I.D.CanvasMainChange - after cropRect : {0, 0, 838x1024}
2025-07-17 13:10:29 INFO  c.r.r.m.I.D.CanvasMainChange - displayImage : 838.0x1024.0
2025-07-17 13:10:30 INFO  c.r.r.s.s.ProcessingToolsController - Slider moved: oldVal=2.18 newVal=2.1911357340720223
2025-07-17 13:10:30 INFO  c.r.r.s.s.ProcessingToolsController - Slider moved: oldVal=2.1911357340720223 newVal=2.19
2025-07-17 13:10:30 INFO  c.r.r.s.study.ProcessingToolsService - Processing Contrast Slider with value: 2.19
2025-07-17 13:10:30 INFO  c.r.r.m.I.D.MainDrawTool - Brightness and Contrast 0.0 2.19
2025-07-17 13:10:30 INFO  c.r.r.m.I.D.CanvasMainChange - cropRect : {0, 0, 838x1024}
2025-07-17 13:10:30 INFO  c.r.r.m.I.D.CanvasMainChange - after cropRect : {0, 0, 838x1024}
2025-07-17 13:10:30 INFO  c.r.r.m.I.D.CanvasMainChange - displayImage : 838.0x1024.0
2025-07-17 13:10:30 INFO  c.r.r.s.study.ProcessingToolsService - Processing Contrast Slider with value: 2.19
2025-07-17 13:10:30 INFO  c.r.r.m.I.D.MainDrawTool - Brightness and Contrast 0.0 2.19
2025-07-17 13:10:30 INFO  c.r.r.m.I.D.CanvasMainChange - cropRect : {0, 0, 838x1024}
2025-07-17 13:10:30 INFO  c.r.r.m.I.D.CanvasMainChange - after cropRect : {0, 0, 838x1024}
2025-07-17 13:10:30 INFO  c.r.r.m.I.D.CanvasMainChange - displayImage : 838.0x1024.0
2025-07-17 13:10:30 INFO  c.r.r.s.study.ProcessingToolsService - Processing Contrast Slider with value: 2.19
2025-07-17 13:10:30 INFO  c.r.r.m.I.D.MainDrawTool - Brightness and Contrast 0.0 2.19
2025-07-17 13:10:30 INFO  c.r.r.m.I.D.CanvasMainChange - cropRect : {0, 0, 838x1024}
2025-07-17 13:10:30 INFO  c.r.r.m.I.D.CanvasMainChange - after cropRect : {0, 0, 838x1024}
2025-07-17 13:10:30 INFO  c.r.r.m.I.D.CanvasMainChange - displayImage : 838.0x1024.0
2025-07-17 13:10:30 INFO  c.r.r.s.s.ProcessingToolsController - Slider moved: oldVal=2.19 newVal=2.731301939058172
2025-07-17 13:10:30 INFO  c.r.r.s.s.ProcessingToolsController - Slider moved: oldVal=2.731301939058172 newVal=2.73
2025-07-17 13:10:30 INFO  c.r.r.s.study.ProcessingToolsService - Processing Contrast Slider with value: 2.73
2025-07-17 13:10:30 INFO  c.r.r.m.I.D.MainDrawTool - Brightness and Contrast 0.0 2.73
2025-07-17 13:10:30 INFO  c.r.r.m.I.D.CanvasMainChange - cropRect : {0, 0, 838x1024}
2025-07-17 13:10:30 INFO  c.r.r.m.I.D.CanvasMainChange - after cropRect : {0, 0, 838x1024}
2025-07-17 13:10:30 INFO  c.r.r.m.I.D.CanvasMainChange - displayImage : 838.0x1024.0
2025-07-17 13:10:30 INFO  c.r.r.s.study.ProcessingToolsService - Processing Contrast Slider with value: 2.73
2025-07-17 13:10:30 INFO  c.r.r.m.I.D.MainDrawTool - Brightness and Contrast 0.0 2.73
2025-07-17 13:10:30 INFO  c.r.r.m.I.D.CanvasMainChange - cropRect : {0, 0, 838x1024}
2025-07-17 13:10:30 INFO  c.r.r.m.I.D.CanvasMainChange - after cropRect : {0, 0, 838x1024}
2025-07-17 13:10:30 INFO  c.r.r.m.I.D.CanvasMainChange - displayImage : 838.0x1024.0
2025-07-17 13:10:30 INFO  c.r.r.s.study.ProcessingToolsService - Processing Contrast Slider with value: 2.73
2025-07-17 13:10:30 INFO  c.r.r.m.I.D.MainDrawTool - Brightness and Contrast 0.0 2.73
2025-07-17 13:10:30 INFO  c.r.r.m.I.D.CanvasMainChange - cropRect : {0, 0, 838x1024}
2025-07-17 13:10:30 INFO  c.r.r.m.I.D.CanvasMainChange - after cropRect : {0, 0, 838x1024}
2025-07-17 13:10:30 INFO  c.r.r.m.I.D.CanvasMainChange - displayImage : 838.0x1024.0
2025-07-17 13:10:30 INFO  c.r.r.s.s.ProcessingToolsController - Slider moved: oldVal=2.73 newVal=3.1329639889196677
2025-07-17 13:10:30 INFO  c.r.r.s.s.ProcessingToolsController - Slider moved: oldVal=3.1329639889196677 newVal=3.13
2025-07-17 13:10:30 INFO  c.r.r.s.study.ProcessingToolsService - Processing Contrast Slider with value: 3.13
2025-07-17 13:10:30 INFO  c.r.r.m.I.D.MainDrawTool - Brightness and Contrast 0.0 3.13
2025-07-17 13:10:30 INFO  c.r.r.m.I.D.CanvasMainChange - cropRect : {0, 0, 838x1024}
2025-07-17 13:10:30 INFO  c.r.r.m.I.D.CanvasMainChange - after cropRect : {0, 0, 838x1024}
2025-07-17 13:10:30 INFO  c.r.r.m.I.D.CanvasMainChange - displayImage : 838.0x1024.0
2025-07-17 13:10:30 INFO  c.r.r.s.study.ProcessingToolsService - Processing Contrast Slider with value: 3.13
2025-07-17 13:10:30 INFO  c.r.r.m.I.D.MainDrawTool - Brightness and Contrast 0.0 3.13
2025-07-17 13:10:30 INFO  c.r.r.m.I.D.CanvasMainChange - cropRect : {0, 0, 838x1024}
2025-07-17 13:10:30 INFO  c.r.r.m.I.D.CanvasMainChange - after cropRect : {0, 0, 838x1024}
2025-07-17 13:10:30 INFO  c.r.r.m.I.D.CanvasMainChange - displayImage : 838.0x1024.0
2025-07-17 13:10:30 INFO  c.r.r.s.study.ProcessingToolsService - Processing Contrast Slider with value: 3.13
2025-07-17 13:10:30 INFO  c.r.r.m.I.D.MainDrawTool - Brightness and Contrast 0.0 3.13
2025-07-17 13:10:30 INFO  c.r.r.m.I.D.CanvasMainChange - cropRect : {0, 0, 838x1024}
2025-07-17 13:10:30 INFO  c.r.r.m.I.D.CanvasMainChange - after cropRect : {0, 0, 838x1024}
2025-07-17 13:10:30 INFO  c.r.r.m.I.D.CanvasMainChange - displayImage : 838.0x1024.0
2025-07-17 13:10:30 INFO  c.r.r.s.s.ProcessingToolsController - Slider moved: oldVal=3.13 newVal=3.409972299168975
2025-07-17 13:10:30 INFO  c.r.r.s.s.ProcessingToolsController - Slider moved: oldVal=3.409972299168975 newVal=3.41
2025-07-17 13:10:30 INFO  c.r.r.s.study.ProcessingToolsService - Processing Contrast Slider with value: 3.41
2025-07-17 13:10:30 INFO  c.r.r.m.I.D.MainDrawTool - Brightness and Contrast 0.0 3.41
2025-07-17 13:10:30 INFO  c.r.r.m.I.D.CanvasMainChange - cropRect : {0, 0, 838x1024}
2025-07-17 13:10:30 INFO  c.r.r.m.I.D.CanvasMainChange - after cropRect : {0, 0, 838x1024}
2025-07-17 13:10:30 INFO  c.r.r.m.I.D.CanvasMainChange - displayImage : 838.0x1024.0
2025-07-17 13:10:30 INFO  c.r.r.s.study.ProcessingToolsService - Processing Contrast Slider with value: 3.41
2025-07-17 13:10:30 INFO  c.r.r.m.I.D.MainDrawTool - Brightness and Contrast 0.0 3.41
2025-07-17 13:10:30 INFO  c.r.r.m.I.D.CanvasMainChange - cropRect : {0, 0, 838x1024}
2025-07-17 13:10:30 INFO  c.r.r.m.I.D.CanvasMainChange - after cropRect : {0, 0, 838x1024}
2025-07-17 13:10:30 INFO  c.r.r.m.I.D.CanvasMainChange - displayImage : 838.0x1024.0
2025-07-17 13:10:30 INFO  c.r.r.s.study.ProcessingToolsService - Processing Contrast Slider with value: 3.41
2025-07-17 13:10:30 INFO  c.r.r.m.I.D.MainDrawTool - Brightness and Contrast 0.0 3.41
2025-07-17 13:10:30 INFO  c.r.r.m.I.D.CanvasMainChange - cropRect : {0, 0, 838x1024}
2025-07-17 13:10:30 INFO  c.r.r.m.I.D.CanvasMainChange - after cropRect : {0, 0, 838x1024}
2025-07-17 13:10:30 INFO  c.r.r.m.I.D.CanvasMainChange - displayImage : 838.0x1024.0
2025-07-17 13:10:30 INFO  c.r.r.s.s.ProcessingToolsController - Slider moved: oldVal=3.41 newVal=3.4930747922437675
2025-07-17 13:10:30 INFO  c.r.r.s.s.ProcessingToolsController - Slider moved: oldVal=3.4930747922437675 newVal=3.49
2025-07-17 13:10:30 INFO  c.r.r.s.study.ProcessingToolsService - Processing Contrast Slider with value: 3.49
2025-07-17 13:10:30 INFO  c.r.r.m.I.D.MainDrawTool - Brightness and Contrast 0.0 3.49
2025-07-17 13:10:30 INFO  c.r.r.m.I.D.CanvasMainChange - cropRect : {0, 0, 838x1024}
2025-07-17 13:10:30 INFO  c.r.r.m.I.D.CanvasMainChange - after cropRect : {0, 0, 838x1024}
2025-07-17 13:10:30 INFO  c.r.r.m.I.D.CanvasMainChange - displayImage : 838.0x1024.0
2025-07-17 13:10:30 INFO  c.r.r.s.study.ProcessingToolsService - Processing Contrast Slider with value: 3.49
2025-07-17 13:10:30 INFO  c.r.r.m.I.D.MainDrawTool - Brightness and Contrast 0.0 3.49
2025-07-17 13:10:30 INFO  c.r.r.m.I.D.CanvasMainChange - cropRect : {0, 0, 838x1024}
2025-07-17 13:10:30 INFO  c.r.r.m.I.D.CanvasMainChange - after cropRect : {0, 0, 838x1024}
2025-07-17 13:10:30 INFO  c.r.r.m.I.D.CanvasMainChange - displayImage : 838.0x1024.0
2025-07-17 13:10:30 INFO  c.r.r.s.study.ProcessingToolsService - Processing Contrast Slider with value: 3.49
2025-07-17 13:10:30 INFO  c.r.r.m.I.D.MainDrawTool - Brightness and Contrast 0.0 3.49
2025-07-17 13:10:30 INFO  c.r.r.m.I.D.CanvasMainChange - cropRect : {0, 0, 838x1024}
2025-07-17 13:10:30 INFO  c.r.r.m.I.D.CanvasMainChange - after cropRect : {0, 0, 838x1024}
2025-07-17 13:10:30 INFO  c.r.r.m.I.D.CanvasMainChange - displayImage : 838.0x1024.0
2025-07-17 13:10:30 INFO  c.r.r.s.s.ProcessingToolsController - Slider moved: oldVal=3.49 newVal=3.506925207756233
2025-07-17 13:10:30 INFO  c.r.r.s.s.ProcessingToolsController - Slider moved: oldVal=3.506925207756233 newVal=3.51
2025-07-17 13:10:30 INFO  c.r.r.s.study.ProcessingToolsService - Processing Contrast Slider with value: 3.51
2025-07-17 13:10:30 INFO  c.r.r.m.I.D.MainDrawTool - Brightness and Contrast 0.0 3.51
2025-07-17 13:10:30 INFO  c.r.r.m.I.D.CanvasMainChange - cropRect : {0, 0, 838x1024}
2025-07-17 13:10:30 INFO  c.r.r.m.I.D.CanvasMainChange - after cropRect : {0, 0, 838x1024}
2025-07-17 13:10:30 INFO  c.r.r.m.I.D.CanvasMainChange - displayImage : 838.0x1024.0
2025-07-17 13:10:30 INFO  c.r.r.s.study.ProcessingToolsService - Processing Contrast Slider with value: 3.51
2025-07-17 13:10:30 INFO  c.r.r.m.I.D.MainDrawTool - Brightness and Contrast 0.0 3.51
2025-07-17 13:10:30 INFO  c.r.r.m.I.D.CanvasMainChange - cropRect : {0, 0, 838x1024}
2025-07-17 13:10:30 INFO  c.r.r.m.I.D.CanvasMainChange - after cropRect : {0, 0, 838x1024}
2025-07-17 13:10:30 INFO  c.r.r.m.I.D.CanvasMainChange - displayImage : 838.0x1024.0
2025-07-17 13:10:30 INFO  c.r.r.s.study.ProcessingToolsService - Processing Contrast Slider with value: 3.51
2025-07-17 13:10:30 INFO  c.r.r.m.I.D.MainDrawTool - Brightness and Contrast 0.0 3.51
2025-07-17 13:10:30 INFO  c.r.r.m.I.D.CanvasMainChange - cropRect : {0, 0, 838x1024}
2025-07-17 13:10:30 INFO  c.r.r.m.I.D.CanvasMainChange - after cropRect : {0, 0, 838x1024}
2025-07-17 13:10:30 INFO  c.r.r.m.I.D.CanvasMainChange - displayImage : 838.0x1024.0
2025-07-17 13:10:31 INFO  c.r.r.s.s.ProcessingToolsController - Slider moved: oldVal=3.51 newVal=3.479224376731302
2025-07-17 13:10:31 INFO  c.r.r.s.s.ProcessingToolsController - Slider moved: oldVal=3.479224376731302 newVal=3.48
2025-07-17 13:10:31 INFO  c.r.r.s.study.ProcessingToolsService - Processing Contrast Slider with value: 3.48
2025-07-17 13:10:31 INFO  c.r.r.m.I.D.MainDrawTool - Brightness and Contrast 0.0 3.48
2025-07-17 13:10:31 INFO  c.r.r.m.I.D.CanvasMainChange - cropRect : {0, 0, 838x1024}
2025-07-17 13:10:31 INFO  c.r.r.m.I.D.CanvasMainChange - after cropRect : {0, 0, 838x1024}
2025-07-17 13:10:31 INFO  c.r.r.m.I.D.CanvasMainChange - displayImage : 838.0x1024.0
2025-07-17 13:10:31 INFO  c.r.r.s.study.ProcessingToolsService - Processing Contrast Slider with value: 3.48
2025-07-17 13:10:31 INFO  c.r.r.m.I.D.MainDrawTool - Brightness and Contrast 0.0 3.48
2025-07-17 13:10:31 INFO  c.r.r.m.I.D.CanvasMainChange - cropRect : {0, 0, 838x1024}
2025-07-17 13:10:31 INFO  c.r.r.m.I.D.CanvasMainChange - after cropRect : {0, 0, 838x1024}
2025-07-17 13:10:31 INFO  c.r.r.m.I.D.CanvasMainChange - displayImage : 838.0x1024.0
2025-07-17 13:10:31 INFO  c.r.r.s.study.ProcessingToolsService - Processing Contrast Slider with value: 3.48
2025-07-17 13:10:31 INFO  c.r.r.m.I.D.MainDrawTool - Brightness and Contrast 0.0 3.48
2025-07-17 13:10:31 INFO  c.r.r.m.I.D.CanvasMainChange - cropRect : {0, 0, 838x1024}
2025-07-17 13:10:31 INFO  c.r.r.m.I.D.CanvasMainChange - after cropRect : {0, 0, 838x1024}
2025-07-17 13:10:31 INFO  c.r.r.m.I.D.CanvasMainChange - displayImage : 838.0x1024.0
2025-07-17 13:10:31 INFO  c.r.r.s.s.ProcessingToolsController - Slider moved: oldVal=3.48 newVal=3.119113573407202
2025-07-17 13:10:31 INFO  c.r.r.s.s.ProcessingToolsController - Slider moved: oldVal=3.119113573407202 newVal=3.12
2025-07-17 13:10:31 INFO  c.r.r.s.study.ProcessingToolsService - Processing Contrast Slider with value: 3.12
2025-07-17 13:10:31 INFO  c.r.r.m.I.D.MainDrawTool - Brightness and Contrast 0.0 3.12
2025-07-17 13:10:31 INFO  c.r.r.m.I.D.CanvasMainChange - cropRect : {0, 0, 838x1024}
2025-07-17 13:10:31 INFO  c.r.r.m.I.D.CanvasMainChange - after cropRect : {0, 0, 838x1024}
2025-07-17 13:10:31 INFO  c.r.r.m.I.D.CanvasMainChange - displayImage : 838.0x1024.0
2025-07-17 13:10:31 INFO  c.r.r.s.study.ProcessingToolsService - Processing Contrast Slider with value: 3.12
2025-07-17 13:10:31 INFO  c.r.r.m.I.D.MainDrawTool - Brightness and Contrast 0.0 3.12
2025-07-17 13:10:31 INFO  c.r.r.m.I.D.CanvasMainChange - cropRect : {0, 0, 838x1024}
2025-07-17 13:10:31 INFO  c.r.r.m.I.D.CanvasMainChange - after cropRect : {0, 0, 838x1024}
2025-07-17 13:10:31 INFO  c.r.r.m.I.D.CanvasMainChange - displayImage : 838.0x1024.0
2025-07-17 13:10:31 INFO  c.r.r.s.study.ProcessingToolsService - Processing Contrast Slider with value: 3.12
2025-07-17 13:10:31 INFO  c.r.r.m.I.D.MainDrawTool - Brightness and Contrast 0.0 3.12
2025-07-17 13:10:31 INFO  c.r.r.m.I.D.CanvasMainChange - cropRect : {0, 0, 838x1024}
2025-07-17 13:10:31 INFO  c.r.r.m.I.D.CanvasMainChange - after cropRect : {0, 0, 838x1024}
2025-07-17 13:10:31 INFO  c.r.r.m.I.D.CanvasMainChange - displayImage : 838.0x1024.0
2025-07-17 13:10:31 INFO  c.r.r.s.s.ProcessingToolsController - Slider moved: oldVal=3.12 newVal=2.2465373961218837
2025-07-17 13:10:31 INFO  c.r.r.s.s.ProcessingToolsController - Slider moved: oldVal=2.2465373961218837 newVal=2.25
2025-07-17 13:10:31 INFO  c.r.r.s.study.ProcessingToolsService - Processing Contrast Slider with value: 2.25
2025-07-17 13:10:31 INFO  c.r.r.m.I.D.MainDrawTool - Brightness and Contrast 0.0 2.25
2025-07-17 13:10:31 INFO  c.r.r.m.I.D.CanvasMainChange - cropRect : {0, 0, 838x1024}
2025-07-17 13:10:31 INFO  c.r.r.m.I.D.CanvasMainChange - after cropRect : {0, 0, 838x1024}
2025-07-17 13:10:31 INFO  c.r.r.m.I.D.CanvasMainChange - displayImage : 838.0x1024.0
2025-07-17 13:10:31 INFO  c.r.r.s.study.ProcessingToolsService - Processing Contrast Slider with value: 2.25
2025-07-17 13:10:31 INFO  c.r.r.m.I.D.MainDrawTool - Brightness and Contrast 0.0 2.25
2025-07-17 13:10:31 INFO  c.r.r.m.I.D.CanvasMainChange - cropRect : {0, 0, 838x1024}
2025-07-17 13:10:31 INFO  c.r.r.m.I.D.CanvasMainChange - after cropRect : {0, 0, 838x1024}
2025-07-17 13:10:31 INFO  c.r.r.m.I.D.CanvasMainChange - displayImage : 838.0x1024.0
2025-07-17 13:10:31 INFO  c.r.r.s.study.ProcessingToolsService - Processing Contrast Slider with value: 2.25
2025-07-17 13:10:31 INFO  c.r.r.m.I.D.MainDrawTool - Brightness and Contrast 0.0 2.25
2025-07-17 13:10:31 INFO  c.r.r.m.I.D.CanvasMainChange - cropRect : {0, 0, 838x1024}
2025-07-17 13:10:31 INFO  c.r.r.m.I.D.CanvasMainChange - after cropRect : {0, 0, 838x1024}
2025-07-17 13:10:31 INFO  c.r.r.m.I.D.CanvasMainChange - displayImage : 838.0x1024.0
2025-07-17 13:10:31 INFO  c.r.r.s.s.ProcessingToolsController - Slider moved: oldVal=2.25 newVal=1.5401662049861498
2025-07-17 13:10:31 INFO  c.r.r.s.s.ProcessingToolsController - Slider moved: oldVal=1.5401662049861498 newVal=1.54
2025-07-17 13:10:31 INFO  c.r.r.s.study.ProcessingToolsService - Processing Contrast Slider with value: 1.54
2025-07-17 13:10:31 INFO  c.r.r.m.I.D.MainDrawTool - Brightness and Contrast 0.0 1.54
2025-07-17 13:10:31 INFO  c.r.r.m.I.D.CanvasMainChange - cropRect : {0, 0, 838x1024}
2025-07-17 13:10:31 INFO  c.r.r.m.I.D.CanvasMainChange - after cropRect : {0, 0, 838x1024}
2025-07-17 13:10:31 INFO  c.r.r.m.I.D.CanvasMainChange - displayImage : 838.0x1024.0
2025-07-17 13:10:31 INFO  c.r.r.s.study.ProcessingToolsService - Processing Contrast Slider with value: 1.54
2025-07-17 13:10:31 INFO  c.r.r.m.I.D.MainDrawTool - Brightness and Contrast 0.0 1.54
2025-07-17 13:10:31 INFO  c.r.r.m.I.D.CanvasMainChange - cropRect : {0, 0, 838x1024}
2025-07-17 13:10:31 INFO  c.r.r.m.I.D.CanvasMainChange - after cropRect : {0, 0, 838x1024}
2025-07-17 13:10:31 INFO  c.r.r.m.I.D.CanvasMainChange - displayImage : 838.0x1024.0
2025-07-17 13:10:31 INFO  c.r.r.s.study.ProcessingToolsService - Processing Contrast Slider with value: 1.54
2025-07-17 13:10:31 INFO  c.r.r.m.I.D.MainDrawTool - Brightness and Contrast 0.0 1.54
2025-07-17 13:10:31 INFO  c.r.r.m.I.D.CanvasMainChange - cropRect : {0, 0, 838x1024}
2025-07-17 13:10:31 INFO  c.r.r.m.I.D.CanvasMainChange - after cropRect : {0, 0, 838x1024}
2025-07-17 13:10:31 INFO  c.r.r.m.I.D.CanvasMainChange - displayImage : 838.0x1024.0
2025-07-17 13:10:31 INFO  c.r.r.s.s.ProcessingToolsController - Slider moved: oldVal=1.54 newVal=0.7783933518005541
2025-07-17 13:10:31 INFO  c.r.r.s.s.ProcessingToolsController - Slider moved: oldVal=0.7783933518005541 newVal=0.78
2025-07-17 13:10:31 INFO  c.r.r.s.study.ProcessingToolsService - Processing Contrast Slider with value: 0.78
2025-07-17 13:10:31 INFO  c.r.r.m.I.D.MainDrawTool - Brightness and Contrast 0.0 0.78
2025-07-17 13:10:31 INFO  c.r.r.m.I.D.CanvasMainChange - cropRect : {0, 0, 838x1024}
2025-07-17 13:10:31 INFO  c.r.r.m.I.D.CanvasMainChange - after cropRect : {0, 0, 838x1024}
2025-07-17 13:10:31 INFO  c.r.r.m.I.D.CanvasMainChange - displayImage : 838.0x1024.0
2025-07-17 13:10:31 INFO  c.r.r.s.study.ProcessingToolsService - Processing Contrast Slider with value: 0.78
2025-07-17 13:10:31 INFO  c.r.r.m.I.D.MainDrawTool - Brightness and Contrast 0.0 0.78
2025-07-17 13:10:31 INFO  c.r.r.m.I.D.CanvasMainChange - cropRect : {0, 0, 838x1024}
2025-07-17 13:10:31 INFO  c.r.r.m.I.D.CanvasMainChange - after cropRect : {0, 0, 838x1024}
2025-07-17 13:10:31 INFO  c.r.r.m.I.D.CanvasMainChange - displayImage : 838.0x1024.0
2025-07-17 13:10:31 INFO  c.r.r.s.study.ProcessingToolsService - Processing Contrast Slider with value: 0.78
2025-07-17 13:10:31 INFO  c.r.r.m.I.D.MainDrawTool - Brightness and Contrast 0.0 0.78
2025-07-17 13:10:31 INFO  c.r.r.m.I.D.CanvasMainChange - cropRect : {0, 0, 838x1024}
2025-07-17 13:10:31 INFO  c.r.r.m.I.D.CanvasMainChange - after cropRect : {0, 0, 838x1024}
2025-07-17 13:10:31 INFO  c.r.r.m.I.D.CanvasMainChange - displayImage : 838.0x1024.0
2025-07-17 13:10:31 INFO  c.r.r.s.s.ProcessingToolsController - Slider moved: oldVal=0.78 newVal=0.6675900277008311
2025-07-17 13:10:31 INFO  c.r.r.s.s.ProcessingToolsController - Slider moved: oldVal=0.6675900277008311 newVal=0.67
2025-07-17 13:10:31 INFO  c.r.r.s.study.ProcessingToolsService - Processing Contrast Slider with value: 0.67
2025-07-17 13:10:31 INFO  c.r.r.m.I.D.MainDrawTool - Brightness and Contrast 0.0 0.67
2025-07-17 13:10:31 INFO  c.r.r.m.I.D.CanvasMainChange - cropRect : {0, 0, 838x1024}
2025-07-17 13:10:31 INFO  c.r.r.m.I.D.CanvasMainChange - after cropRect : {0, 0, 838x1024}
2025-07-17 13:10:31 INFO  c.r.r.m.I.D.CanvasMainChange - displayImage : 838.0x1024.0
2025-07-17 13:10:31 INFO  c.r.r.s.study.ProcessingToolsService - Processing Contrast Slider with value: 0.67
2025-07-17 13:10:31 INFO  c.r.r.m.I.D.MainDrawTool - Brightness and Contrast 0.0 0.67
2025-07-17 13:10:31 INFO  c.r.r.m.I.D.CanvasMainChange - cropRect : {0, 0, 838x1024}
2025-07-17 13:10:31 INFO  c.r.r.m.I.D.CanvasMainChange - after cropRect : {0, 0, 838x1024}
2025-07-17 13:10:31 INFO  c.r.r.m.I.D.CanvasMainChange - displayImage : 838.0x1024.0
2025-07-17 13:10:32 INFO  c.r.r.s.study.ProcessingToolsService - Processing Contrast Slider with value: 0.67
2025-07-17 13:10:32 INFO  c.r.r.m.I.D.MainDrawTool - Brightness and Contrast 0.0 0.67
2025-07-17 13:10:32 INFO  c.r.r.m.I.D.CanvasMainChange - cropRect : {0, 0, 838x1024}
2025-07-17 13:10:32 INFO  c.r.r.m.I.D.CanvasMainChange - after cropRect : {0, 0, 838x1024}
2025-07-17 13:10:32 INFO  c.r.r.m.I.D.CanvasMainChange - displayImage : 838.0x1024.0
2025-07-17 13:10:33 INFO  c.r.r.s.s.ProcessingToolsController - Slider moved: oldVal=0.67 newVal=0.6814404432132964
2025-07-17 13:10:33 INFO  c.r.r.s.s.ProcessingToolsController - Slider moved: oldVal=0.6814404432132964 newVal=0.68
2025-07-17 13:10:33 INFO  c.r.r.s.study.ProcessingToolsService - Processing Contrast Slider with value: 0.68
2025-07-17 13:10:33 INFO  c.r.r.m.I.D.MainDrawTool - Brightness and Contrast 0.0 0.68
2025-07-17 13:10:33 INFO  c.r.r.m.I.D.CanvasMainChange - cropRect : {0, 0, 838x1024}
2025-07-17 13:10:33 INFO  c.r.r.m.I.D.CanvasMainChange - after cropRect : {0, 0, 838x1024}
2025-07-17 13:10:33 INFO  c.r.r.m.I.D.CanvasMainChange - displayImage : 838.0x1024.0
2025-07-17 13:10:33 INFO  c.r.r.s.study.ProcessingToolsService - Processing Contrast Slider with value: 0.68
2025-07-17 13:10:33 INFO  c.r.r.m.I.D.MainDrawTool - Brightness and Contrast 0.0 0.68
2025-07-17 13:10:33 INFO  c.r.r.m.I.D.CanvasMainChange - cropRect : {0, 0, 838x1024}
2025-07-17 13:10:33 INFO  c.r.r.m.I.D.CanvasMainChange - after cropRect : {0, 0, 838x1024}
2025-07-17 13:10:33 INFO  c.r.r.m.I.D.CanvasMainChange - displayImage : 838.0x1024.0
2025-07-17 13:10:33 INFO  c.r.r.s.study.ProcessingToolsService - Processing Contrast Slider with value: 0.68
2025-07-17 13:10:33 INFO  c.r.r.m.I.D.MainDrawTool - Brightness and Contrast 0.0 0.68
2025-07-17 13:10:33 INFO  c.r.r.m.I.D.CanvasMainChange - cropRect : {0, 0, 838x1024}
2025-07-17 13:10:33 INFO  c.r.r.m.I.D.CanvasMainChange - after cropRect : {0, 0, 838x1024}
2025-07-17 13:10:33 INFO  c.r.r.m.I.D.CanvasMainChange - displayImage : 838.0x1024.0
2025-07-17 13:10:33 INFO  c.r.r.s.s.ProcessingToolsController - Slider moved: oldVal=0.68 newVal=1.4155124653739612
2025-07-17 13:10:33 INFO  c.r.r.s.s.ProcessingToolsController - Slider moved: oldVal=1.4155124653739612 newVal=1.42
2025-07-17 13:10:33 INFO  c.r.r.s.study.ProcessingToolsService - Processing Contrast Slider with value: 1.42
2025-07-17 13:10:33 INFO  c.r.r.m.I.D.MainDrawTool - Brightness and Contrast 0.0 1.42
2025-07-17 13:10:33 INFO  c.r.r.m.I.D.CanvasMainChange - cropRect : {0, 0, 838x1024}
2025-07-17 13:10:33 INFO  c.r.r.m.I.D.CanvasMainChange - after cropRect : {0, 0, 838x1024}
2025-07-17 13:10:33 INFO  c.r.r.m.I.D.CanvasMainChange - displayImage : 838.0x1024.0
2025-07-17 13:10:33 INFO  c.r.r.s.study.ProcessingToolsService - Processing Contrast Slider with value: 1.42
2025-07-17 13:10:33 INFO  c.r.r.m.I.D.MainDrawTool - Brightness and Contrast 0.0 1.42
2025-07-17 13:10:33 INFO  c.r.r.m.I.D.CanvasMainChange - cropRect : {0, 0, 838x1024}
2025-07-17 13:10:33 INFO  c.r.r.m.I.D.CanvasMainChange - after cropRect : {0, 0, 838x1024}
2025-07-17 13:10:33 INFO  c.r.r.m.I.D.CanvasMainChange - displayImage : 838.0x1024.0
2025-07-17 13:10:33 INFO  c.r.r.s.study.ProcessingToolsService - Processing Contrast Slider with value: 1.42
2025-07-17 13:10:33 INFO  c.r.r.m.I.D.MainDrawTool - Brightness and Contrast 0.0 1.42
2025-07-17 13:10:33 INFO  c.r.r.m.I.D.CanvasMainChange - cropRect : {0, 0, 838x1024}
2025-07-17 13:10:33 INFO  c.r.r.m.I.D.CanvasMainChange - after cropRect : {0, 0, 838x1024}
2025-07-17 13:10:33 INFO  c.r.r.m.I.D.CanvasMainChange - displayImage : 838.0x1024.0
2025-07-17 13:10:34 INFO  c.r.r.s.s.ProcessingToolsController - Slider moved: oldVal=1.42 newVal=1.4293628808864267
2025-07-17 13:10:34 INFO  c.r.r.s.s.ProcessingToolsController - Slider moved: oldVal=1.4293628808864267 newVal=1.43
2025-07-17 13:10:34 INFO  c.r.r.s.study.ProcessingToolsService - Processing Contrast Slider with value: 1.43
2025-07-17 13:10:34 INFO  c.r.r.m.I.D.MainDrawTool - Brightness and Contrast 0.0 1.43
2025-07-17 13:10:34 INFO  c.r.r.m.I.D.CanvasMainChange - cropRect : {0, 0, 838x1024}
2025-07-17 13:10:34 INFO  c.r.r.m.I.D.CanvasMainChange - after cropRect : {0, 0, 838x1024}
2025-07-17 13:10:34 INFO  c.r.r.m.I.D.CanvasMainChange - displayImage : 838.0x1024.0
2025-07-17 13:10:34 INFO  c.r.r.s.study.ProcessingToolsService - Processing Contrast Slider with value: 1.43
2025-07-17 13:10:34 INFO  c.r.r.m.I.D.MainDrawTool - Brightness and Contrast 0.0 1.43
2025-07-17 13:10:34 INFO  c.r.r.m.I.D.CanvasMainChange - cropRect : {0, 0, 838x1024}
2025-07-17 13:10:34 INFO  c.r.r.m.I.D.CanvasMainChange - after cropRect : {0, 0, 838x1024}
2025-07-17 13:10:34 INFO  c.r.r.m.I.D.CanvasMainChange - displayImage : 838.0x1024.0
2025-07-17 13:10:34 INFO  c.r.r.s.study.ProcessingToolsService - Processing Contrast Slider with value: 1.43
2025-07-17 13:10:34 INFO  c.r.r.m.I.D.MainDrawTool - Brightness and Contrast 0.0 1.43
2025-07-17 13:10:34 INFO  c.r.r.m.I.D.CanvasMainChange - cropRect : {0, 0, 838x1024}
2025-07-17 13:10:34 INFO  c.r.r.m.I.D.CanvasMainChange - after cropRect : {0, 0, 838x1024}
2025-07-17 13:10:34 INFO  c.r.r.m.I.D.CanvasMainChange - displayImage : 838.0x1024.0
2025-07-17 13:10:34 INFO  c.r.r.s.s.ProcessingToolsController - Slider moved: oldVal=1.43 newVal=2.218836565096953
2025-07-17 13:10:34 INFO  c.r.r.s.s.ProcessingToolsController - Slider moved: oldVal=2.218836565096953 newVal=2.22
2025-07-17 13:10:34 INFO  c.r.r.s.study.ProcessingToolsService - Processing Contrast Slider with value: 2.22
2025-07-17 13:10:34 INFO  c.r.r.m.I.D.MainDrawTool - Brightness and Contrast 0.0 2.22
2025-07-17 13:10:34 INFO  c.r.r.m.I.D.CanvasMainChange - cropRect : {0, 0, 838x1024}
2025-07-17 13:10:34 INFO  c.r.r.m.I.D.CanvasMainChange - after cropRect : {0, 0, 838x1024}
2025-07-17 13:10:34 INFO  c.r.r.m.I.D.CanvasMainChange - displayImage : 838.0x1024.0
2025-07-17 13:10:34 INFO  c.r.r.s.study.ProcessingToolsService - Processing Contrast Slider with value: 2.22
2025-07-17 13:10:34 INFO  c.r.r.m.I.D.MainDrawTool - Brightness and Contrast 0.0 2.22
2025-07-17 13:10:34 INFO  c.r.r.m.I.D.CanvasMainChange - cropRect : {0, 0, 838x1024}
2025-07-17 13:10:34 INFO  c.r.r.m.I.D.CanvasMainChange - after cropRect : {0, 0, 838x1024}
2025-07-17 13:10:34 INFO  c.r.r.m.I.D.CanvasMainChange - displayImage : 838.0x1024.0
2025-07-17 13:10:34 INFO  c.r.r.s.study.ProcessingToolsService - Processing Contrast Slider with value: 2.22
2025-07-17 13:10:34 INFO  c.r.r.m.I.D.MainDrawTool - Brightness and Contrast 0.0 2.22
2025-07-17 13:10:34 INFO  c.r.r.m.I.D.CanvasMainChange - cropRect : {0, 0, 838x1024}
2025-07-17 13:10:34 INFO  c.r.r.m.I.D.CanvasMainChange - after cropRect : {0, 0, 838x1024}
2025-07-17 13:10:34 INFO  c.r.r.m.I.D.CanvasMainChange - displayImage : 838.0x1024.0
2025-07-17 13:10:34 INFO  c.r.r.s.s.ProcessingToolsController - Slider moved: oldVal=2.22 newVal=2.6204986149584486
2025-07-17 13:10:34 INFO  c.r.r.s.s.ProcessingToolsController - Slider moved: oldVal=2.6204986149584486 newVal=2.62
2025-07-17 13:10:34 INFO  c.r.r.s.study.ProcessingToolsService - Processing Contrast Slider with value: 2.62
2025-07-17 13:10:34 INFO  c.r.r.m.I.D.MainDrawTool - Brightness and Contrast 0.0 2.62
2025-07-17 13:10:34 INFO  c.r.r.m.I.D.CanvasMainChange - cropRect : {0, 0, 838x1024}
2025-07-17 13:10:34 INFO  c.r.r.m.I.D.CanvasMainChange - after cropRect : {0, 0, 838x1024}
2025-07-17 13:10:34 INFO  c.r.r.m.I.D.CanvasMainChange - displayImage : 838.0x1024.0
2025-07-17 13:10:34 INFO  c.r.r.s.study.ProcessingToolsService - Processing Contrast Slider with value: 2.62
2025-07-17 13:10:34 INFO  c.r.r.m.I.D.MainDrawTool - Brightness and Contrast 0.0 2.62
2025-07-17 13:10:34 INFO  c.r.r.m.I.D.CanvasMainChange - cropRect : {0, 0, 838x1024}
2025-07-17 13:10:34 INFO  c.r.r.m.I.D.CanvasMainChange - after cropRect : {0, 0, 838x1024}
2025-07-17 13:10:34 INFO  c.r.r.m.I.D.CanvasMainChange - displayImage : 838.0x1024.0
2025-07-17 13:10:34 INFO  c.r.r.s.study.ProcessingToolsService - Processing Contrast Slider with value: 2.62
2025-07-17 13:10:34 INFO  c.r.r.m.I.D.MainDrawTool - Brightness and Contrast 0.0 2.62
2025-07-17 13:10:34 INFO  c.r.r.m.I.D.CanvasMainChange - cropRect : {0, 0, 838x1024}
2025-07-17 13:10:34 INFO  c.r.r.m.I.D.CanvasMainChange - after cropRect : {0, 0, 838x1024}
2025-07-17 13:10:34 INFO  c.r.r.m.I.D.CanvasMainChange - displayImage : 838.0x1024.0
2025-07-17 13:10:35 INFO  c.r.r.s.s.ProcessingToolsController - Slider moved: oldVal=2.62 newVal=2.592797783933518
2025-07-17 13:10:35 INFO  c.r.r.s.s.ProcessingToolsController - Slider moved: oldVal=2.592797783933518 newVal=2.59
2025-07-17 13:10:35 INFO  c.r.r.s.study.ProcessingToolsService - Processing Contrast Slider with value: 2.59
2025-07-17 13:10:35 INFO  c.r.r.m.I.D.MainDrawTool - Brightness and Contrast 0.0 2.59
2025-07-17 13:10:35 INFO  c.r.r.m.I.D.CanvasMainChange - cropRect : {0, 0, 838x1024}
2025-07-17 13:10:35 INFO  c.r.r.m.I.D.CanvasMainChange - after cropRect : {0, 0, 838x1024}
2025-07-17 13:10:35 INFO  c.r.r.m.I.D.CanvasMainChange - displayImage : 838.0x1024.0
2025-07-17 13:10:35 INFO  c.r.r.s.study.ProcessingToolsService - Processing Contrast Slider with value: 2.59
2025-07-17 13:10:35 INFO  c.r.r.m.I.D.MainDrawTool - Brightness and Contrast 0.0 2.59
2025-07-17 13:10:35 INFO  c.r.r.m.I.D.CanvasMainChange - cropRect : {0, 0, 838x1024}
2025-07-17 13:10:35 INFO  c.r.r.m.I.D.CanvasMainChange - after cropRect : {0, 0, 838x1024}
2025-07-17 13:10:35 INFO  c.r.r.m.I.D.CanvasMainChange - displayImage : 838.0x1024.0
2025-07-17 13:10:35 INFO  c.r.r.s.study.ProcessingToolsService - Processing Contrast Slider with value: 2.59
2025-07-17 13:10:35 INFO  c.r.r.m.I.D.MainDrawTool - Brightness and Contrast 0.0 2.59
2025-07-17 13:10:35 INFO  c.r.r.m.I.D.CanvasMainChange - cropRect : {0, 0, 838x1024}
2025-07-17 13:10:35 INFO  c.r.r.m.I.D.CanvasMainChange - after cropRect : {0, 0, 838x1024}
2025-07-17 13:10:35 INFO  c.r.r.m.I.D.CanvasMainChange - displayImage : 838.0x1024.0
2025-07-17 13:10:35 INFO  c.r.r.s.s.ProcessingToolsController - Slider moved: oldVal=2.59 newVal=2.1911357340720223
2025-07-17 13:10:35 INFO  c.r.r.s.s.ProcessingToolsController - Slider moved: oldVal=2.1911357340720223 newVal=2.19
2025-07-17 13:10:35 INFO  c.r.r.s.study.ProcessingToolsService - Processing Contrast Slider with value: 2.19
2025-07-17 13:10:35 INFO  c.r.r.m.I.D.MainDrawTool - Brightness and Contrast 0.0 2.19
2025-07-17 13:10:35 INFO  c.r.r.m.I.D.CanvasMainChange - cropRect : {0, 0, 838x1024}
2025-07-17 13:10:35 INFO  c.r.r.m.I.D.CanvasMainChange - after cropRect : {0, 0, 838x1024}
2025-07-17 13:10:35 INFO  c.r.r.m.I.D.CanvasMainChange - displayImage : 838.0x1024.0
2025-07-17 13:10:35 INFO  c.r.r.s.study.ProcessingToolsService - Processing Contrast Slider with value: 2.19
2025-07-17 13:10:35 INFO  c.r.r.m.I.D.MainDrawTool - Brightness and Contrast 0.0 2.19
2025-07-17 13:10:35 INFO  c.r.r.m.I.D.CanvasMainChange - cropRect : {0, 0, 838x1024}
2025-07-17 13:10:35 INFO  c.r.r.m.I.D.CanvasMainChange - after cropRect : {0, 0, 838x1024}
2025-07-17 13:10:35 INFO  c.r.r.m.I.D.CanvasMainChange - displayImage : 838.0x1024.0
2025-07-17 13:10:35 INFO  c.r.r.s.study.ProcessingToolsService - Processing Contrast Slider with value: 2.19
2025-07-17 13:10:35 INFO  c.r.r.m.I.D.MainDrawTool - Brightness and Contrast 0.0 2.19
2025-07-17 13:10:35 INFO  c.r.r.m.I.D.CanvasMainChange - cropRect : {0, 0, 838x1024}
2025-07-17 13:10:35 INFO  c.r.r.m.I.D.CanvasMainChange - after cropRect : {0, 0, 838x1024}
2025-07-17 13:10:35 INFO  c.r.r.m.I.D.CanvasMainChange - displayImage : 838.0x1024.0
2025-07-17 13:10:35 INFO  c.r.r.s.s.ProcessingToolsController - Slider moved: oldVal=2.19 newVal=1.3878116343490303
2025-07-17 13:10:35 INFO  c.r.r.s.s.ProcessingToolsController - Slider moved: oldVal=1.3878116343490303 newVal=1.39
2025-07-17 13:10:35 INFO  c.r.r.s.study.ProcessingToolsService - Processing Contrast Slider with value: 1.39
2025-07-17 13:10:35 INFO  c.r.r.m.I.D.MainDrawTool - Brightness and Contrast 0.0 1.39
2025-07-17 13:10:35 INFO  c.r.r.m.I.D.CanvasMainChange - cropRect : {0, 0, 838x1024}
2025-07-17 13:10:35 INFO  c.r.r.m.I.D.CanvasMainChange - after cropRect : {0, 0, 838x1024}
2025-07-17 13:10:35 INFO  c.r.r.m.I.D.CanvasMainChange - displayImage : 838.0x1024.0
2025-07-17 13:10:35 INFO  c.r.r.s.study.ProcessingToolsService - Processing Contrast Slider with value: 1.39
2025-07-17 13:10:35 INFO  c.r.r.m.I.D.MainDrawTool - Brightness and Contrast 0.0 1.39
2025-07-17 13:10:35 INFO  c.r.r.m.I.D.CanvasMainChange - cropRect : {0, 0, 838x1024}
2025-07-17 13:10:35 INFO  c.r.r.m.I.D.CanvasMainChange - after cropRect : {0, 0, 838x1024}
2025-07-17 13:10:35 INFO  c.r.r.m.I.D.CanvasMainChange - displayImage : 838.0x1024.0
2025-07-17 13:10:35 INFO  c.r.r.s.study.ProcessingToolsService - Processing Contrast Slider with value: 1.39
2025-07-17 13:10:35 INFO  c.r.r.m.I.D.MainDrawTool - Brightness and Contrast 0.0 1.39
2025-07-17 13:10:35 INFO  c.r.r.m.I.D.CanvasMainChange - cropRect : {0, 0, 838x1024}
2025-07-17 13:10:35 INFO  c.r.r.m.I.D.CanvasMainChange - after cropRect : {0, 0, 838x1024}
2025-07-17 13:10:35 INFO  c.r.r.m.I.D.CanvasMainChange - displayImage : 838.0x1024.0
2025-07-17 13:10:35 INFO  c.r.r.s.s.ProcessingToolsController - Slider moved: oldVal=1.39 newVal=1.2770083102493075
2025-07-17 13:10:35 INFO  c.r.r.s.s.ProcessingToolsController - Slider moved: oldVal=1.2770083102493075 newVal=1.28
2025-07-17 13:10:35 INFO  c.r.r.s.study.ProcessingToolsService - Processing Contrast Slider with value: 1.28
2025-07-17 13:10:35 INFO  c.r.r.m.I.D.MainDrawTool - Brightness and Contrast 0.0 1.28
2025-07-17 13:10:35 INFO  c.r.r.m.I.D.CanvasMainChange - cropRect : {0, 0, 838x1024}
2025-07-17 13:10:35 INFO  c.r.r.m.I.D.CanvasMainChange - after cropRect : {0, 0, 838x1024}
2025-07-17 13:10:35 INFO  c.r.r.m.I.D.CanvasMainChange - displayImage : 838.0x1024.0
2025-07-17 13:10:35 INFO  c.r.r.s.study.ProcessingToolsService - Processing Contrast Slider with value: 1.28
2025-07-17 13:10:35 INFO  c.r.r.m.I.D.MainDrawTool - Brightness and Contrast 0.0 1.28
2025-07-17 13:10:35 INFO  c.r.r.m.I.D.CanvasMainChange - cropRect : {0, 0, 838x1024}
2025-07-17 13:10:35 INFO  c.r.r.m.I.D.CanvasMainChange - after cropRect : {0, 0, 838x1024}
2025-07-17 13:10:35 INFO  c.r.r.m.I.D.CanvasMainChange - displayImage : 838.0x1024.0
2025-07-17 13:10:35 INFO  c.r.r.s.study.ProcessingToolsService - Processing Contrast Slider with value: 1.28
2025-07-17 13:10:35 INFO  c.r.r.m.I.D.MainDrawTool - Brightness and Contrast 0.0 1.28
2025-07-17 13:10:35 INFO  c.r.r.m.I.D.CanvasMainChange - cropRect : {0, 0, 838x1024}
2025-07-17 13:10:35 INFO  c.r.r.m.I.D.CanvasMainChange - after cropRect : {0, 0, 838x1024}
2025-07-17 13:10:35 INFO  c.r.r.m.I.D.CanvasMainChange - displayImage : 838.0x1024.0
2025-07-17 13:10:35 INFO  c.r.r.s.s.ProcessingToolsController - Slider moved: oldVal=1.28 newVal=1.2493074792243768
2025-07-17 13:10:35 INFO  c.r.r.s.s.ProcessingToolsController - Slider moved: oldVal=1.2493074792243768 newVal=1.25
2025-07-17 13:10:35 INFO  c.r.r.s.study.ProcessingToolsService - Processing Contrast Slider with value: 1.25
2025-07-17 13:10:35 INFO  c.r.r.m.I.D.MainDrawTool - Brightness and Contrast 0.0 1.25
2025-07-17 13:10:35 INFO  c.r.r.m.I.D.CanvasMainChange - cropRect : {0, 0, 838x1024}
2025-07-17 13:10:35 INFO  c.r.r.m.I.D.CanvasMainChange - after cropRect : {0, 0, 838x1024}
2025-07-17 13:10:35 INFO  c.r.r.m.I.D.CanvasMainChange - displayImage : 838.0x1024.0
2025-07-17 13:10:35 INFO  c.r.r.s.study.ProcessingToolsService - Processing Contrast Slider with value: 1.25
2025-07-17 13:10:35 INFO  c.r.r.m.I.D.MainDrawTool - Brightness and Contrast 0.0 1.25
2025-07-17 13:10:35 INFO  c.r.r.m.I.D.CanvasMainChange - cropRect : {0, 0, 838x1024}
2025-07-17 13:10:35 INFO  c.r.r.m.I.D.CanvasMainChange - after cropRect : {0, 0, 838x1024}
2025-07-17 13:10:35 INFO  c.r.r.m.I.D.CanvasMainChange - displayImage : 838.0x1024.0
2025-07-17 13:10:35 INFO  c.r.r.s.study.ProcessingToolsService - Processing Contrast Slider with value: 1.25
2025-07-17 13:10:35 INFO  c.r.r.m.I.D.MainDrawTool - Brightness and Contrast 0.0 1.25
2025-07-17 13:10:35 INFO  c.r.r.m.I.D.CanvasMainChange - cropRect : {0, 0, 838x1024}
2025-07-17 13:10:35 INFO  c.r.r.m.I.D.CanvasMainChange - after cropRect : {0, 0, 838x1024}
2025-07-17 13:10:35 INFO  c.r.r.m.I.D.CanvasMainChange - displayImage : 838.0x1024.0
2025-07-17 13:10:35 INFO  c.r.r.s.s.ProcessingToolsController - Slider moved: oldVal=1.25 newVal=1.2354570637119113
2025-07-17 13:10:35 INFO  c.r.r.s.s.ProcessingToolsController - Slider moved: oldVal=1.2354570637119113 newVal=1.24
2025-07-17 13:10:35 INFO  c.r.r.s.study.ProcessingToolsService - Processing Contrast Slider with value: 1.24
2025-07-17 13:10:35 INFO  c.r.r.m.I.D.MainDrawTool - Brightness and Contrast 0.0 1.24
2025-07-17 13:10:36 INFO  c.r.r.m.I.D.CanvasMainChange - cropRect : {0, 0, 838x1024}
2025-07-17 13:10:36 INFO  c.r.r.m.I.D.CanvasMainChange - after cropRect : {0, 0, 838x1024}
2025-07-17 13:10:36 INFO  c.r.r.m.I.D.CanvasMainChange - displayImage : 838.0x1024.0
2025-07-17 13:10:36 INFO  c.r.r.s.study.ProcessingToolsService - Processing Contrast Slider with value: 1.24
2025-07-17 13:10:36 INFO  c.r.r.m.I.D.MainDrawTool - Brightness and Contrast 0.0 1.24
2025-07-17 13:10:36 INFO  c.r.r.m.I.D.CanvasMainChange - cropRect : {0, 0, 838x1024}
2025-07-17 13:10:36 INFO  c.r.r.m.I.D.CanvasMainChange - after cropRect : {0, 0, 838x1024}
2025-07-17 13:10:36 INFO  c.r.r.m.I.D.CanvasMainChange - displayImage : 838.0x1024.0
2025-07-17 13:10:36 INFO  c.r.r.s.study.ProcessingToolsService - Processing Contrast Slider with value: 1.24
2025-07-17 13:10:36 INFO  c.r.r.m.I.D.MainDrawTool - Brightness and Contrast 0.0 1.24
2025-07-17 13:10:36 INFO  c.r.r.m.I.D.CanvasMainChange - cropRect : {0, 0, 838x1024}
2025-07-17 13:10:36 INFO  c.r.r.m.I.D.CanvasMainChange - after cropRect : {0, 0, 838x1024}
2025-07-17 13:10:36 INFO  c.r.r.m.I.D.CanvasMainChange - displayImage : 838.0x1024.0
2025-07-17 13:10:36 INFO  c.r.r.s.s.ProcessingToolsController - Slider moved: oldVal=1.24 newVal=0.8337950138504155
2025-07-17 13:10:36 INFO  c.r.r.s.s.ProcessingToolsController - Slider moved: oldVal=0.8337950138504155 newVal=0.83
2025-07-17 13:10:36 INFO  c.r.r.s.study.ProcessingToolsService - Processing Contrast Slider with value: 0.83
2025-07-17 13:10:36 INFO  c.r.r.m.I.D.MainDrawTool - Brightness and Contrast 0.0 0.83
2025-07-17 13:10:36 INFO  c.r.r.m.I.D.CanvasMainChange - cropRect : {0, 0, 838x1024}
2025-07-17 13:10:36 INFO  c.r.r.m.I.D.CanvasMainChange - after cropRect : {0, 0, 838x1024}
2025-07-17 13:10:36 INFO  c.r.r.m.I.D.CanvasMainChange - displayImage : 838.0x1024.0
2025-07-17 13:10:36 INFO  c.r.r.s.study.ProcessingToolsService - Processing Contrast Slider with value: 0.83
2025-07-17 13:10:36 INFO  c.r.r.m.I.D.MainDrawTool - Brightness and Contrast 0.0 0.83
2025-07-17 13:10:36 INFO  c.r.r.m.I.D.CanvasMainChange - cropRect : {0, 0, 838x1024}
2025-07-17 13:10:36 INFO  c.r.r.m.I.D.CanvasMainChange - after cropRect : {0, 0, 838x1024}
2025-07-17 13:10:36 INFO  c.r.r.m.I.D.CanvasMainChange - displayImage : 838.0x1024.0
2025-07-17 13:10:36 INFO  c.r.r.s.study.ProcessingToolsService - Processing Contrast Slider with value: 0.83
2025-07-17 13:10:36 INFO  c.r.r.m.I.D.MainDrawTool - Brightness and Contrast 0.0 0.83
2025-07-17 13:10:36 INFO  c.r.r.m.I.D.CanvasMainChange - cropRect : {0, 0, 838x1024}
2025-07-17 13:10:36 INFO  c.r.r.m.I.D.CanvasMainChange - after cropRect : {0, 0, 838x1024}
2025-07-17 13:10:36 INFO  c.r.r.m.I.D.CanvasMainChange - displayImage : 838.0x1024.0
2025-07-17 13:10:36 INFO  c.r.r.s.s.ProcessingToolsController - Slider moved: oldVal=0.83 newVal=0.6952908587257618
2025-07-17 13:10:36 INFO  c.r.r.s.s.ProcessingToolsController - Slider moved: oldVal=0.6952908587257618 newVal=0.7
2025-07-17 13:10:36 INFO  c.r.r.s.study.ProcessingToolsService - Processing Contrast Slider with value: 0.7
2025-07-17 13:10:36 INFO  c.r.r.m.I.D.MainDrawTool - Brightness and Contrast 0.0 0.7
2025-07-17 13:10:36 INFO  c.r.r.m.I.D.CanvasMainChange - cropRect : {0, 0, 838x1024}
2025-07-17 13:10:36 INFO  c.r.r.m.I.D.CanvasMainChange - after cropRect : {0, 0, 838x1024}
2025-07-17 13:10:36 INFO  c.r.r.m.I.D.CanvasMainChange - displayImage : 838.0x1024.0
2025-07-17 13:10:36 INFO  c.r.r.s.study.ProcessingToolsService - Processing Contrast Slider with value: 0.7
2025-07-17 13:10:36 INFO  c.r.r.m.I.D.MainDrawTool - Brightness and Contrast 0.0 0.7
2025-07-17 13:10:36 INFO  c.r.r.m.I.D.CanvasMainChange - cropRect : {0, 0, 838x1024}
2025-07-17 13:10:36 INFO  c.r.r.m.I.D.CanvasMainChange - after cropRect : {0, 0, 838x1024}
2025-07-17 13:10:36 INFO  c.r.r.m.I.D.CanvasMainChange - displayImage : 838.0x1024.0
2025-07-17 13:10:36 INFO  c.r.r.s.study.ProcessingToolsService - Processing Contrast Slider with value: 0.7
2025-07-17 13:10:36 INFO  c.r.r.m.I.D.MainDrawTool - Brightness and Contrast 0.0 0.7
2025-07-17 13:10:36 INFO  c.r.r.m.I.D.CanvasMainChange - cropRect : {0, 0, 838x1024}
2025-07-17 13:10:36 INFO  c.r.r.m.I.D.CanvasMainChange - after cropRect : {0, 0, 838x1024}
2025-07-17 13:10:36 INFO  c.r.r.m.I.D.CanvasMainChange - displayImage : 838.0x1024.0
2025-07-17 13:10:36 INFO  c.r.r.s.s.ProcessingToolsController - Slider moved: oldVal=0.7 newVal=0.6537396121883656
2025-07-17 13:10:36 INFO  c.r.r.s.s.ProcessingToolsController - Slider moved: oldVal=0.6537396121883656 newVal=0.65
2025-07-17 13:10:36 INFO  c.r.r.s.study.ProcessingToolsService - Processing Contrast Slider with value: 0.65
2025-07-17 13:10:36 INFO  c.r.r.m.I.D.MainDrawTool - Brightness and Contrast 0.0 0.65
2025-07-17 13:10:36 INFO  c.r.r.m.I.D.CanvasMainChange - cropRect : {0, 0, 838x1024}
2025-07-17 13:10:36 INFO  c.r.r.m.I.D.CanvasMainChange - after cropRect : {0, 0, 838x1024}
2025-07-17 13:10:36 INFO  c.r.r.m.I.D.CanvasMainChange - displayImage : 838.0x1024.0
2025-07-17 13:10:36 INFO  c.r.r.s.study.ProcessingToolsService - Processing Contrast Slider with value: 0.65
2025-07-17 13:10:36 INFO  c.r.r.m.I.D.MainDrawTool - Brightness and Contrast 0.0 0.65
2025-07-17 13:10:36 INFO  c.r.r.m.I.D.CanvasMainChange - cropRect : {0, 0, 838x1024}
2025-07-17 13:10:36 INFO  c.r.r.m.I.D.CanvasMainChange - after cropRect : {0, 0, 838x1024}
2025-07-17 13:10:36 INFO  c.r.r.m.I.D.CanvasMainChange - displayImage : 838.0x1024.0
2025-07-17 13:10:36 INFO  c.r.r.s.study.ProcessingToolsService - Processing Contrast Slider with value: 0.65
2025-07-17 13:10:36 INFO  c.r.r.m.I.D.MainDrawTool - Brightness and Contrast 0.0 0.65
2025-07-17 13:10:36 INFO  c.r.r.m.I.D.CanvasMainChange - cropRect : {0, 0, 838x1024}
2025-07-17 13:10:36 INFO  c.r.r.m.I.D.CanvasMainChange - after cropRect : {0, 0, 838x1024}
2025-07-17 13:10:36 INFO  c.r.r.m.I.D.CanvasMainChange - displayImage : 838.0x1024.0
2025-07-17 13:10:36 INFO  c.r.r.s.s.ProcessingToolsController - Slider released at value: 0.65
2025-07-17 13:10:36 INFO  c.r.r.s.study.ProcessingToolsService - Processing Contrast Slider with value: 0.65
2025-07-17 13:10:36 INFO  c.r.r.m.I.D.MainDrawTool - Brightness and Contrast 0.0 0.65
2025-07-17 13:10:37 INFO  c.r.r.m.I.D.CanvasMainChange - cropRect : {0, 0, 838x1024}
2025-07-17 13:10:37 INFO  c.r.r.m.I.D.CanvasMainChange - after cropRect : {0, 0, 838x1024}
2025-07-17 13:10:37 INFO  c.r.r.m.I.D.CanvasMainChange - displayImage : 838.0x1024.0
2025-07-17 13:10:37 INFO  c.r.r.s.s.ProcessingToolsController - Slider moved: oldVal=0.0 newVal=0.554016620498615
2025-07-17 13:10:37 INFO  c.r.r.s.s.ProcessingToolsController - Slider moved: oldVal=0.554016620498615 newVal=0.55
2025-07-17 13:10:37 INFO  c.r.r.s.study.ProcessingToolsService - Processing Brightness Slider with value: 0.55
2025-07-17 13:10:37 INFO  c.r.r.m.I.D.MainDrawTool - frame type CV_16UC1
2025-07-17 13:10:37 INFO  c.r.r.m.I.D.MainDrawTool - Brightness and Contrast 141.35000000000002 0.65
2025-07-17 13:10:37 INFO  c.r.r.m.I.D.CanvasMainChange - cropRect : {0, 0, 838x1024}
2025-07-17 13:10:37 INFO  c.r.r.m.I.D.CanvasMainChange - after cropRect : {0, 0, 838x1024}
2025-07-17 13:10:37 INFO  c.r.r.m.I.D.CanvasMainChange - displayImage : 838.0x1024.0
2025-07-17 13:10:38 INFO  c.r.r.s.study.ProcessingToolsService - Processing Brightness Slider with value: 0.55
2025-07-17 13:10:38 INFO  c.r.r.m.I.D.MainDrawTool - frame type CV_16UC1
2025-07-17 13:10:38 INFO  c.r.r.m.I.D.MainDrawTool - Brightness and Contrast 141.35000000000002 0.65
2025-07-17 13:10:38 INFO  c.r.r.m.I.D.CanvasMainChange - cropRect : {0, 0, 838x1024}
2025-07-17 13:10:38 INFO  c.r.r.m.I.D.CanvasMainChange - after cropRect : {0, 0, 838x1024}
2025-07-17 13:10:38 INFO  c.r.r.m.I.D.CanvasMainChange - displayImage : 838.0x1024.0
2025-07-17 13:10:38 INFO  c.r.r.s.study.ProcessingToolsService - Processing Brightness Slider with value: 0.55
2025-07-17 13:10:38 INFO  c.r.r.m.I.D.MainDrawTool - frame type CV_16UC1
2025-07-17 13:10:38 INFO  c.r.r.m.I.D.MainDrawTool - Brightness and Contrast 141.35000000000002 0.65
2025-07-17 13:10:38 INFO  c.r.r.m.I.D.CanvasMainChange - cropRect : {0, 0, 838x1024}
2025-07-17 13:10:38 INFO  c.r.r.m.I.D.CanvasMainChange - after cropRect : {0, 0, 838x1024}
2025-07-17 13:10:38 INFO  c.r.r.m.I.D.CanvasMainChange - displayImage : 838.0x1024.0
2025-07-17 13:10:38 INFO  c.r.r.s.s.ProcessingToolsController - Slider moved: oldVal=0.55 newVal=22.714681440443215
2025-07-17 13:10:38 INFO  c.r.r.s.s.ProcessingToolsController - Slider moved: oldVal=22.714681440443215 newVal=22.71
2025-07-17 13:10:38 INFO  c.r.r.s.study.ProcessingToolsService - Processing Brightness Slider with value: 22.71
2025-07-17 13:10:38 INFO  c.r.r.m.I.D.MainDrawTool - frame type CV_16UC1
2025-07-17 13:10:38 INFO  c.r.r.m.I.D.MainDrawTool - Brightness and Contrast 5836.47 0.65
2025-07-17 13:10:38 INFO  c.r.r.m.I.D.CanvasMainChange - cropRect : {0, 0, 838x1024}
2025-07-17 13:10:38 INFO  c.r.r.m.I.D.CanvasMainChange - after cropRect : {0, 0, 838x1024}
2025-07-17 13:10:38 INFO  c.r.r.m.I.D.CanvasMainChange - displayImage : 838.0x1024.0
2025-07-17 13:10:38 INFO  c.r.r.s.study.ProcessingToolsService - Processing Brightness Slider with value: 22.71
2025-07-17 13:10:38 INFO  c.r.r.m.I.D.MainDrawTool - frame type CV_16UC1
2025-07-17 13:10:38 INFO  c.r.r.m.I.D.MainDrawTool - Brightness and Contrast 5836.47 0.65
2025-07-17 13:10:38 INFO  c.r.r.m.I.D.CanvasMainChange - cropRect : {0, 0, 838x1024}
2025-07-17 13:10:38 INFO  c.r.r.m.I.D.CanvasMainChange - after cropRect : {0, 0, 838x1024}
2025-07-17 13:10:38 INFO  c.r.r.m.I.D.CanvasMainChange - displayImage : 838.0x1024.0
2025-07-17 13:10:38 INFO  c.r.r.s.study.ProcessingToolsService - Processing Brightness Slider with value: 22.71
2025-07-17 13:10:38 INFO  c.r.r.m.I.D.MainDrawTool - frame type CV_16UC1
2025-07-17 13:10:38 INFO  c.r.r.m.I.D.MainDrawTool - Brightness and Contrast 5836.47 0.65
2025-07-17 13:10:38 INFO  c.r.r.m.I.D.CanvasMainChange - cropRect : {0, 0, 838x1024}
2025-07-17 13:10:38 INFO  c.r.r.m.I.D.CanvasMainChange - after cropRect : {0, 0, 838x1024}
2025-07-17 13:10:38 INFO  c.r.r.m.I.D.CanvasMainChange - displayImage : 838.0x1024.0
2025-07-17 13:10:38 INFO  c.r.r.s.s.ProcessingToolsController - Slider moved: oldVal=22.71 newVal=33.2409972299169
2025-07-17 13:10:38 INFO  c.r.r.s.s.ProcessingToolsController - Slider moved: oldVal=33.2409972299169 newVal=33.24
2025-07-17 13:10:38 INFO  c.r.r.s.study.ProcessingToolsService - Processing Brightness Slider with value: 33.24
2025-07-17 13:10:38 INFO  c.r.r.m.I.D.MainDrawTool - frame type CV_16UC1
2025-07-17 13:10:38 INFO  c.r.r.m.I.D.MainDrawTool - Brightness and Contrast 8542.68 0.65
2025-07-17 13:10:38 INFO  c.r.r.m.I.D.CanvasMainChange - cropRect : {0, 0, 838x1024}
2025-07-17 13:10:38 INFO  c.r.r.m.I.D.CanvasMainChange - after cropRect : {0, 0, 838x1024}
2025-07-17 13:10:38 INFO  c.r.r.m.I.D.CanvasMainChange - displayImage : 838.0x1024.0
2025-07-17 13:10:38 INFO  c.r.r.s.study.ProcessingToolsService - Processing Brightness Slider with value: 33.24
2025-07-17 13:10:38 INFO  c.r.r.m.I.D.MainDrawTool - frame type CV_16UC1
2025-07-17 13:10:38 INFO  c.r.r.m.I.D.MainDrawTool - Brightness and Contrast 8542.68 0.65
2025-07-17 13:10:38 INFO  c.r.r.m.I.D.CanvasMainChange - cropRect : {0, 0, 838x1024}
2025-07-17 13:10:38 INFO  c.r.r.m.I.D.CanvasMainChange - after cropRect : {0, 0, 838x1024}
2025-07-17 13:10:38 INFO  c.r.r.m.I.D.CanvasMainChange - displayImage : 838.0x1024.0
2025-07-17 13:10:38 INFO  c.r.r.s.study.ProcessingToolsService - Processing Brightness Slider with value: 33.24
2025-07-17 13:10:38 INFO  c.r.r.m.I.D.MainDrawTool - frame type CV_16UC1
2025-07-17 13:10:38 INFO  c.r.r.m.I.D.MainDrawTool - Brightness and Contrast 8542.68 0.65
2025-07-17 13:10:38 INFO  c.r.r.m.I.D.CanvasMainChange - cropRect : {0, 0, 838x1024}
2025-07-17 13:10:38 INFO  c.r.r.m.I.D.CanvasMainChange - after cropRect : {0, 0, 838x1024}
2025-07-17 13:10:38 INFO  c.r.r.m.I.D.CanvasMainChange - displayImage : 838.0x1024.0
2025-07-17 13:10:38 INFO  c.r.r.s.s.ProcessingToolsController - Slider moved: oldVal=33.24 newVal=33.7950138504155
2025-07-17 13:10:38 INFO  c.r.r.s.s.ProcessingToolsController - Slider moved: oldVal=33.7950138504155 newVal=33.8
2025-07-17 13:10:38 INFO  c.r.r.s.study.ProcessingToolsService - Processing Brightness Slider with value: 33.8
2025-07-17 13:10:38 INFO  c.r.r.m.I.D.MainDrawTool - frame type CV_16UC1
2025-07-17 13:10:38 INFO  c.r.r.m.I.D.MainDrawTool - Brightness and Contrast 8686.599999999999 0.65
2025-07-17 13:10:38 INFO  c.r.r.m.I.D.CanvasMainChange - cropRect : {0, 0, 838x1024}
2025-07-17 13:10:38 INFO  c.r.r.m.I.D.CanvasMainChange - after cropRect : {0, 0, 838x1024}
2025-07-17 13:10:38 INFO  c.r.r.m.I.D.CanvasMainChange - displayImage : 838.0x1024.0
2025-07-17 13:10:39 INFO  c.r.r.s.study.ProcessingToolsService - Processing Brightness Slider with value: 33.8
2025-07-17 13:10:39 INFO  c.r.r.m.I.D.MainDrawTool - frame type CV_16UC1
2025-07-17 13:10:39 INFO  c.r.r.m.I.D.MainDrawTool - Brightness and Contrast 8686.599999999999 0.65
2025-07-17 13:10:39 INFO  c.r.r.m.I.D.CanvasMainChange - cropRect : {0, 0, 838x1024}
2025-07-17 13:10:39 INFO  c.r.r.m.I.D.CanvasMainChange - after cropRect : {0, 0, 838x1024}
2025-07-17 13:10:39 INFO  c.r.r.m.I.D.CanvasMainChange - displayImage : 838.0x1024.0
2025-07-17 13:10:39 INFO  c.r.r.s.study.ProcessingToolsService - Processing Brightness Slider with value: 33.8
2025-07-17 13:10:39 INFO  c.r.r.m.I.D.MainDrawTool - frame type CV_16UC1
2025-07-17 13:10:39 INFO  c.r.r.m.I.D.MainDrawTool - Brightness and Contrast 8686.599999999999 0.65
2025-07-17 13:10:39 INFO  c.r.r.m.I.D.CanvasMainChange - cropRect : {0, 0, 838x1024}
2025-07-17 13:10:39 INFO  c.r.r.m.I.D.CanvasMainChange - after cropRect : {0, 0, 838x1024}
2025-07-17 13:10:39 INFO  c.r.r.m.I.D.CanvasMainChange - displayImage : 838.0x1024.0
2025-07-17 13:10:39 INFO  c.r.r.s.s.ProcessingToolsController - Slider moved: oldVal=33.8 newVal=27.146814404432135
2025-07-17 13:10:39 INFO  c.r.r.s.s.ProcessingToolsController - Slider moved: oldVal=27.146814404432135 newVal=27.15
2025-07-17 13:10:39 INFO  c.r.r.s.study.ProcessingToolsService - Processing Brightness Slider with value: 27.15
2025-07-17 13:10:39 INFO  c.r.r.m.I.D.MainDrawTool - frame type CV_16UC1
2025-07-17 13:10:39 INFO  c.r.r.m.I.D.MainDrawTool - Brightness and Contrast 6977.549999999999 0.65
2025-07-17 13:10:39 INFO  c.r.r.m.I.D.CanvasMainChange - cropRect : {0, 0, 838x1024}
2025-07-17 13:10:39 INFO  c.r.r.m.I.D.CanvasMainChange - after cropRect : {0, 0, 838x1024}
2025-07-17 13:10:39 INFO  c.r.r.m.I.D.CanvasMainChange - displayImage : 838.0x1024.0
2025-07-17 13:10:39 INFO  c.r.r.s.study.ProcessingToolsService - Processing Brightness Slider with value: 27.15
2025-07-17 13:10:39 INFO  c.r.r.m.I.D.MainDrawTool - frame type CV_16UC1
2025-07-17 13:10:39 INFO  c.r.r.m.I.D.MainDrawTool - Brightness and Contrast 6977.549999999999 0.65
2025-07-17 13:10:39 INFO  c.r.r.m.I.D.CanvasMainChange - cropRect : {0, 0, 838x1024}
2025-07-17 13:10:39 INFO  c.r.r.m.I.D.CanvasMainChange - after cropRect : {0, 0, 838x1024}
2025-07-17 13:10:39 INFO  c.r.r.m.I.D.CanvasMainChange - displayImage : 838.0x1024.0
2025-07-17 13:10:39 INFO  c.r.r.s.study.ProcessingToolsService - Processing Brightness Slider with value: 27.15
2025-07-17 13:10:39 INFO  c.r.r.m.I.D.MainDrawTool - frame type CV_16UC1
2025-07-17 13:10:39 INFO  c.r.r.m.I.D.MainDrawTool - Brightness and Contrast 6977.549999999999 0.65
2025-07-17 13:10:39 INFO  c.r.r.m.I.D.CanvasMainChange - cropRect : {0, 0, 838x1024}
2025-07-17 13:10:39 INFO  c.r.r.m.I.D.CanvasMainChange - after cropRect : {0, 0, 838x1024}
2025-07-17 13:10:39 INFO  c.r.r.m.I.D.CanvasMainChange - displayImage : 838.0x1024.0
2025-07-17 13:10:39 INFO  c.r.r.s.s.ProcessingToolsController - Slider moved: oldVal=27.15 newVal=-38.227146814404435
2025-07-17 13:10:39 INFO  c.r.r.s.study.ProcessingToolsService - Processing Brightness Slider with value: -38.227146814404435
2025-07-17 13:10:39 INFO  c.r.r.m.I.D.MainDrawTool - frame type CV_16UC1
2025-07-17 13:10:39 INFO  c.r.r.m.I.D.MainDrawTool - Brightness and Contrast -9824.37673130194 0.65
2025-07-17 13:10:39 INFO  c.r.r.m.I.D.CanvasMainChange - cropRect : {0, 0, 838x1024}
2025-07-17 13:10:39 INFO  c.r.r.m.I.D.CanvasMainChange - after cropRect : {0, 0, 838x1024}
2025-07-17 13:10:39 INFO  c.r.r.m.I.D.CanvasMainChange - displayImage : 838.0x1024.0
2025-07-17 13:10:39 INFO  c.r.r.s.s.ProcessingToolsController - Slider moved: oldVal=-38.227146814404435 newVal=-43.21329639889196
2025-07-17 13:10:39 INFO  c.r.r.s.study.ProcessingToolsService - Processing Brightness Slider with value: -43.21329639889196
2025-07-17 13:10:39 INFO  c.r.r.m.I.D.MainDrawTool - frame type CV_16UC1
2025-07-17 13:10:39 INFO  c.r.r.m.I.D.MainDrawTool - Brightness and Contrast -11105.817174515234 0.65
2025-07-17 13:10:39 INFO  c.r.r.m.I.D.CanvasMainChange - cropRect : {0, 0, 838x1024}
2025-07-17 13:10:39 INFO  c.r.r.m.I.D.CanvasMainChange - after cropRect : {0, 0, 838x1024}
2025-07-17 13:10:39 INFO  c.r.r.m.I.D.CanvasMainChange - displayImage : 838.0x1024.0
2025-07-17 13:10:39 INFO  c.r.r.s.s.ProcessingToolsController - Slider moved: oldVal=-43.21329639889196 newVal=-44.87534626038781
2025-07-17 13:10:39 INFO  c.r.r.s.study.ProcessingToolsService - Processing Brightness Slider with value: -44.87534626038781
2025-07-17 13:10:39 INFO  c.r.r.m.I.D.MainDrawTool - frame type CV_16UC1
2025-07-17 13:10:39 INFO  c.r.r.m.I.D.MainDrawTool - Brightness and Contrast -11532.963988919666 0.65
2025-07-17 13:10:39 INFO  c.r.r.m.I.D.CanvasMainChange - cropRect : {0, 0, 838x1024}
2025-07-17 13:10:39 INFO  c.r.r.m.I.D.CanvasMainChange - after cropRect : {0, 0, 838x1024}
2025-07-17 13:10:39 INFO  c.r.r.m.I.D.CanvasMainChange - displayImage : 838.0x1024.0
2025-07-17 13:10:39 INFO  c.r.r.s.s.ProcessingToolsController - Slider moved: oldVal=-44.87534626038781 newVal=-45.42936288088642
2025-07-17 13:10:39 INFO  c.r.r.s.study.ProcessingToolsService - Processing Brightness Slider with value: -45.42936288088642
2025-07-17 13:10:39 INFO  c.r.r.m.I.D.MainDrawTool - frame type CV_16UC1
2025-07-17 13:10:39 INFO  c.r.r.m.I.D.MainDrawTool - Brightness and Contrast -11675.34626038781 0.65
2025-07-17 13:10:39 INFO  c.r.r.m.I.D.CanvasMainChange - cropRect : {0, 0, 838x1024}
2025-07-17 13:10:39 INFO  c.r.r.m.I.D.CanvasMainChange - after cropRect : {0, 0, 838x1024}
2025-07-17 13:10:39 INFO  c.r.r.m.I.D.CanvasMainChange - displayImage : 838.0x1024.0
2025-07-17 13:10:40 INFO  c.r.r.s.s.ProcessingToolsController - Slider moved: oldVal=-45.42936288088642 newVal=-44.87534626038781
2025-07-17 13:10:40 INFO  c.r.r.s.study.ProcessingToolsService - Processing Brightness Slider with value: -44.87534626038781
2025-07-17 13:10:40 INFO  c.r.r.m.I.D.MainDrawTool - frame type CV_16UC1
2025-07-17 13:10:40 INFO  c.r.r.m.I.D.MainDrawTool - Brightness and Contrast -11532.963988919666 0.65
2025-07-17 13:10:40 INFO  c.r.r.m.I.D.CanvasMainChange - cropRect : {0, 0, 838x1024}
2025-07-17 13:10:40 INFO  c.r.r.m.I.D.CanvasMainChange - after cropRect : {0, 0, 838x1024}
2025-07-17 13:10:40 INFO  c.r.r.m.I.D.CanvasMainChange - displayImage : 838.0x1024.0
2025-07-17 13:10:40 INFO  c.r.r.s.s.ProcessingToolsController - Slider moved: oldVal=-44.87534626038781 newVal=-23.82271468144043
2025-07-17 13:10:40 INFO  c.r.r.s.study.ProcessingToolsService - Processing Brightness Slider with value: -23.82271468144043
2025-07-17 13:10:40 INFO  c.r.r.m.I.D.MainDrawTool - frame type CV_16UC1
2025-07-17 13:10:40 INFO  c.r.r.m.I.D.MainDrawTool - Brightness and Contrast -6122.437673130191 0.65
2025-07-17 13:10:40 INFO  c.r.r.m.I.D.CanvasMainChange - cropRect : {0, 0, 838x1024}
2025-07-17 13:10:40 INFO  c.r.r.m.I.D.CanvasMainChange - after cropRect : {0, 0, 838x1024}
2025-07-17 13:10:40 INFO  c.r.r.m.I.D.CanvasMainChange - displayImage : 838.0x1024.0
2025-07-17 13:10:41 INFO  c.r.r.s.s.ProcessingToolsController - Slider moved: oldVal=-23.82271468144043 newVal=-18.83656509695291
2025-07-17 13:10:41 INFO  c.r.r.s.study.ProcessingToolsService - Processing Brightness Slider with value: -18.83656509695291
2025-07-17 13:10:41 INFO  c.r.r.m.I.D.MainDrawTool - frame type CV_16UC1
2025-07-17 13:10:41 INFO  c.r.r.m.I.D.MainDrawTool - Brightness and Contrast -4840.997229916898 0.65
2025-07-17 13:10:41 INFO  c.r.r.m.I.D.CanvasMainChange - cropRect : {0, 0, 838x1024}
2025-07-17 13:10:41 INFO  c.r.r.m.I.D.CanvasMainChange - after cropRect : {0, 0, 838x1024}
2025-07-17 13:10:41 INFO  c.r.r.m.I.D.CanvasMainChange - displayImage : 838.0x1024.0
2025-07-17 13:10:41 INFO  c.r.r.s.s.ProcessingToolsController - Slider moved: oldVal=-18.83656509695291 newVal=-12.18836565096953
2025-07-17 13:10:41 INFO  c.r.r.s.study.ProcessingToolsService - Processing Brightness Slider with value: -12.18836565096953
2025-07-17 13:10:41 INFO  c.r.r.m.I.D.MainDrawTool - frame type CV_16UC1
2025-07-17 13:10:41 INFO  c.r.r.m.I.D.MainDrawTool - Brightness and Contrast -3132.409972299169 0.65
2025-07-17 13:10:41 INFO  c.r.r.m.I.D.CanvasMainChange - cropRect : {0, 0, 838x1024}
2025-07-17 13:10:41 INFO  c.r.r.m.I.D.CanvasMainChange - after cropRect : {0, 0, 838x1024}
2025-07-17 13:10:41 INFO  c.r.r.m.I.D.CanvasMainChange - displayImage : 838.0x1024.0
2025-07-17 13:10:41 INFO  c.r.r.s.s.ProcessingToolsController - Slider moved: oldVal=-12.18836565096953 newVal=-9.97229916897507
2025-07-17 13:10:41 INFO  c.r.r.s.study.ProcessingToolsService - Processing Brightness Slider with value: -9.97229916897507
2025-07-17 13:10:41 INFO  c.r.r.m.I.D.MainDrawTool - frame type CV_16UC1
2025-07-17 13:10:41 INFO  c.r.r.m.I.D.MainDrawTool - Brightness and Contrast -2562.880886426593 0.65
2025-07-17 13:10:41 INFO  c.r.r.m.I.D.CanvasMainChange - cropRect : {0, 0, 838x1024}
2025-07-17 13:10:41 INFO  c.r.r.m.I.D.CanvasMainChange - after cropRect : {0, 0, 838x1024}
2025-07-17 13:10:41 INFO  c.r.r.m.I.D.CanvasMainChange - displayImage : 838.0x1024.0
2025-07-17 13:10:42 INFO  c.r.r.s.s.ProcessingToolsController - Slider released at value: -9.97229916897507
2025-07-17 13:10:42 INFO  c.r.r.s.study.ProcessingToolsService - Processing Brightness Slider with value: -9.97229916897507
2025-07-17 13:10:42 INFO  c.r.r.m.I.D.MainDrawTool - frame type CV_16UC1
2025-07-17 13:10:42 INFO  c.r.r.m.I.D.MainDrawTool - Brightness and Contrast -2562.880886426593 0.65
2025-07-17 13:10:42 INFO  c.r.r.m.I.D.CanvasMainChange - cropRect : {0, 0, 838x1024}
2025-07-17 13:10:42 INFO  c.r.r.m.I.D.CanvasMainChange - after cropRect : {0, 0, 838x1024}
2025-07-17 13:10:42 INFO  c.r.r.m.I.D.CanvasMainChange - displayImage : 838.0x1024.0
