2025-04-02 12:00:28 INFO  c.r.rxviewui.controller.LoginPage - logged In
2025-04-02 12:00:28 INFO  c.r.r.service.login.LoginController - ip mismatched 192.168.31.178 and 192.168.12.10
2025-04-02 12:00:28 INFO  c.r.r.service.login.LoginController - IP not found
2025-04-02 12:00:29 INFO  c.r.r.service.login.LoginController - initialized
2025-04-02 12:00:32 INFO  c.r.r.service.login.LoginController - No devices found!!!
2025-04-02 12:00:34 INFO  c.r.r.service.study.StudyService - Image received
2025-04-02 12:00:35 INFO  c.r.r.service.study.StudyService - Mat is not empty
2025-04-02 12:00:36 INFO  c.r.r.m.I.D.MainDrawTool - ImagingParams is null
2025-04-02 12:00:49 INFO  c.r.r.m.I.D.MainDrawTool - ImagingParams is null
2025-04-02 12:00:54 INFO  c.r.r.service.study.StudyService - Image received
2025-04-02 12:00:55 INFO  c.r.r.service.study.StudyService - Mat is not empty
2025-04-02 12:00:56 INFO  c.r.r.m.I.D.MainDrawTool - ImagingParams is null
2025-04-02 12:00:58 INFO  c.r.r.service.study.StudyService - Image received
2025-04-02 12:01:00 INFO  c.r.r.service.study.StudyService - Mat is not empty
2025-04-02 12:01:00 INFO  c.r.r.m.I.D.MainDrawTool - ImagingParams is null
2025-04-02 12:01:02 INFO  c.r.r.service.study.StudyService - Image received
2025-04-02 12:01:03 INFO  c.r.r.service.study.StudyService - Mat is not empty
2025-04-02 12:01:04 INFO  c.r.r.m.I.D.MainDrawTool - ImagingParams is null
2025-04-02 12:01:15 INFO  c.r.r.m.I.D.MainDrawTool - ImagingParams is null
2025-04-02 12:01:17 INFO  c.r.r.m.I.D.MainDrawTool - ImagingParams is null
2025-04-02 12:01:17 INFO  c.r.r.m.I.D.MainDrawTool - ImagingParams is null
2025-04-02 12:01:22 INFO  c.r.r.m.I.D.MainDrawTool - ImagingParams is null
2025-04-02 12:01:25 INFO  c.r.r.m.I.D.MainDrawTool - ImagingParams is null
2025-04-02 12:01:25 INFO  c.r.r.m.I.D.MainDrawTool - ImagingParams is null
2025-04-02 12:02:06 INFO  c.r.r.m.I.D.MainDrawTool - ImagingParams is null
2025-04-02 12:02:06 INFO  c.r.r.m.I.D.MainDrawTool - ImagingParams is null
2025-04-02 12:02:09 INFO  c.r.r.m.I.D.MainDrawTool - ImagingParams is null
2025-04-02 12:02:09 INFO  c.r.r.m.I.D.MainDrawTool - ImagingParams is null
2025-04-02 12:02:18 INFO  c.r.r.m.I.D.MainDrawTool - ImagingParams is null
2025-04-02 12:02:18 INFO  c.r.r.m.I.D.MainDrawTool - ImagingParams is null
