2025-04-07 17:18:54 INFO  c.r.rxviewui.controller.LoginPage - logged In
2025-04-07 17:18:54 INFO  c.r.r.service.login.LoginController - ip mismatched 192.168.31.178 and 192.168.12.10
2025-04-07 17:18:54 INFO  c.r.r.service.login.LoginController - IP not found
2025-04-07 17:18:54 INFO  c.r.r.service.login.LoginController - initialized
2025-04-07 17:18:57 INFO  c.r.r.service.login.LoginController - No devices found!!!
2025-04-07 17:18:59 INFO  c.r.r.service.study.StudyService - Image received
2025-04-07 17:19:00 INFO  c.r.r.service.study.StudyService - Mat is not empty
2025-04-07 17:19:00 INFO  c.r.r.m.I.D.MainDrawTool - ImagingParams is null
2025-04-07 17:22:26 INFO  c.r.r.m.print.Layout.LayoutCreator - Chest
2025-04-07 17:22:27 INFO  c.r.r.m.print.Layout.LayoutCreator - Chest
2025-04-07 17:22:32 INFO  c.r.r.m.print.Layout.LayoutCreator - Chest
2025-04-07 17:22:33 INFO  c.r.r.m.print.Layout.LayoutCreator - Chest
2025-04-07 17:22:34 INFO  c.r.r.m.print.Layout.LayoutCreator - Chest
2025-04-07 17:22:34 INFO  c.r.r.m.print.Layout.LayoutCreator - Chest
2025-04-07 17:22:36 INFO  c.r.r.m.print.Layout.LayoutCreator - Chest
2025-04-07 17:22:38 INFO  c.r.r.m.print.Layout.LayoutCreator - Chest
2025-04-07 17:22:40 INFO  c.r.r.m.print.Layout.LayoutCreator - Chest
2025-04-07 17:22:41 INFO  c.r.r.m.print.Layout.LayoutCreator - Chest
2025-04-07 17:23:41 INFO  c.r.r.m.print.Layout.LayoutCreator - Chest
2025-04-07 17:23:46 INFO  c.r.r.m.print.Layout.LayoutCreator - Chest
2025-04-07 17:23:49 INFO  c.r.r.m.print.Layout.LayoutCreator - Chest
2025-04-07 17:23:51 INFO  c.r.r.m.print.Layout.LayoutCreator - Chest
2025-04-07 17:23:54 INFO  c.r.r.m.print.Layout.LayoutCreator - Chest
2025-04-07 17:24:02 INFO  c.r.r.m.print.Layout.LayoutCreator - Chest
2025-04-07 17:24:04 INFO  c.r.r.m.print.Layout.LayoutCreator - Chest
2025-04-07 17:24:14 INFO  c.r.r.m.print.Layout.LayoutCreator - Chest
2025-04-07 17:24:16 INFO  c.r.r.m.print.Layout.LayoutCreator - Chest
2025-04-07 17:24:19 INFO  c.r.r.m.print.Layout.LayoutCreator - Chest
2025-04-07 17:24:20 INFO  c.r.r.m.print.Layout.LayoutCreator - Chest
2025-04-07 17:24:20 INFO  c.r.r.m.print.Layout.LayoutCreator - Chest
2025-04-07 17:24:21 INFO  c.r.r.m.print.Layout.LayoutCreator - Chest
