2025-04-07 10:27:51 INFO  c.r.rxviewui.controller.LoginPage - logged In
2025-04-07 10:27:51 INFO  c.r.r.service.login.LoginController - ip mismatched 192.168.31.178 and 192.168.12.10
2025-04-07 10:27:51 INFO  c.r.r.service.login.LoginController - IP not found
2025-04-07 10:27:51 INFO  c.r.r.service.login.LoginController - initialized
2025-04-07 10:27:54 INFO  c.r.r.service.login.LoginController - No devices found!!!
2025-04-07 10:27:56 INFO  c.r.r.service.study.StudyService - Image received
2025-04-07 10:27:59 INFO  c.r.r.service.study.StudyService - Mat is not empty
2025-04-07 10:27:59 INFO  c.r.r.m.I.D.MainDrawTool - ImagingParams is null
2025-04-07 10:28:04 INFO  c.r.r.service.study.StudyService - Image received
2025-04-07 10:28:05 INFO  c.r.r.service.study.StudyService - Mat is not empty
2025-04-07 10:28:06 INFO  c.r.r.m.I.D.MainDrawTool - ImagingParams is null
2025-04-07 10:28:19 INFO  c.r.r.m.p.LayoutTab.LayoutCreator - Chest
2025-04-07 10:28:22 INFO  c.r.r.m.p.LayoutTab.LayoutCreator - Skull
2025-04-07 10:28:24 INFO  c.r.r.m.p.LayoutTab.LayoutCreator - Skull
2025-04-07 10:28:29 INFO  c.r.r.m.p.LayoutTab.LayoutCreator - Skull
2025-04-07 10:28:30 INFO  c.r.r.m.p.LayoutTab.LayoutCreator - Chest
2025-04-07 10:28:38 INFO  c.r.r.m.p.LayoutTab.LayoutCreator - Chest
2025-04-07 10:28:43 INFO  c.r.r.m.p.LayoutTab.LayoutCreator - Chest
2025-04-07 10:28:44 INFO  c.r.r.m.p.LayoutTab.LayoutCreator - Skull
2025-04-07 10:31:38 INFO  c.r.r.m.p.LayoutTab.LayoutCreator - Skull
