2025-04-07 16:01:56 INFO  c.r.rxviewui.controller.LoginPage - logged In
2025-04-07 16:01:56 INFO  c.r.r.service.login.LoginController - ip mismatched 192.168.31.178 and 192.168.12.10
2025-04-07 16:01:56 INFO  c.r.r.service.login.LoginController - IP not found
2025-04-07 16:01:57 INFO  c.r.r.service.login.LoginController - initialized
2025-04-07 16:02:00 INFO  c.r.r.service.login.LoginController - No devices found!!!
2025-04-07 16:02:02 INFO  c.r.r.service.study.StudyService - Image received
2025-04-07 16:02:03 INFO  c.r.r.service.study.StudyService - Mat is not empty
2025-04-07 16:02:04 INFO  c.r.r.m.I.D.MainDrawTool - ImagingParams is null
2025-04-07 16:16:45 INFO  c.r.r.m.print.Layout.LayoutCreator - Chest
2025-04-07 16:16:46 INFO  c.r.r.m.print.Layout.LayoutCreator - Chest
2025-04-07 16:16:51 INFO  c.r.r.m.print.Layout.LayoutCreator - Chest
2025-04-07 16:16:52 INFO  c.r.r.m.print.Layout.LayoutCreator - Chest
2025-04-07 16:16:54 INFO  c.r.r.m.print.Layout.LayoutCreator - Chest
2025-04-07 16:16:57 INFO  c.r.r.m.print.Layout.LayoutCreator - Chest
2025-04-07 16:16:58 INFO  c.r.r.m.print.Layout.LayoutCreator - Chest
2025-04-07 16:17:18 INFO  c.r.r.m.print.Layout.LayoutCreator - Chest
2025-04-07 16:17:33 INFO  c.r.r.m.print.Layout.LayoutCreator - Chest
2025-04-07 16:17:37 INFO  c.r.r.m.print.Layout.LayoutCreator - Chest
2025-04-07 16:17:40 INFO  c.r.r.m.print.Layout.LayoutCreator - Chest
2025-04-07 16:17:42 INFO  c.r.r.m.print.Layout.LayoutCreator - Chest
2025-04-07 16:17:44 INFO  c.r.r.m.print.Layout.LayoutCreator - Chest
2025-04-07 16:17:45 INFO  c.r.r.m.print.Layout.LayoutCreator - Chest
2025-04-07 16:17:47 INFO  c.r.r.m.print.Layout.LayoutCreator - Chest
2025-04-07 16:17:49 INFO  c.r.r.m.print.Layout.LayoutCreator - Chest
2025-04-07 16:17:50 INFO  c.r.r.m.print.Layout.LayoutCreator - Chest
2025-04-07 16:17:52 INFO  c.r.r.m.print.Layout.LayoutCreator - Chest
2025-04-07 16:17:52 INFO  c.r.r.m.print.Layout.LayoutCreator - Chest
2025-04-07 16:17:54 INFO  c.r.r.m.print.Layout.LayoutCreator - Chest
2025-04-07 16:17:55 INFO  c.r.r.m.print.Layout.LayoutCreator - Chest
2025-04-07 16:17:56 INFO  c.r.r.m.print.Layout.LayoutCreator - Chest
