2025-04-07 10:39:03 INFO  c.r.rxviewui.controller.LoginPage - logged In
2025-04-07 10:39:03 INFO  c.r.r.service.login.LoginController - ip mismatched 192.168.31.178 and 192.168.12.10
2025-04-07 10:39:03 INFO  c.r.r.service.login.LoginController - IP not found
2025-04-07 10:39:03 INFO  c.r.r.service.login.LoginController - initialized
2025-04-07 10:39:07 INFO  c.r.r.service.login.LoginController - No devices found!!!
2025-04-07 10:39:08 INFO  c.r.r.service.study.StudyService - Image received
2025-04-07 10:39:09 INFO  c.r.r.service.study.StudyService - Mat is not empty
2025-04-07 10:39:10 INFO  c.r.r.m.I.D.MainDrawTool - ImagingParams is null
2025-04-07 10:39:13 INFO  c.r.r.service.study.StudyService - Image received
2025-04-07 10:39:14 INFO  c.r.r.service.study.StudyService - Mat is not empty
2025-04-07 10:39:15 INFO  c.r.r.m.I.D.MainDrawTool - ImagingParams is null
2025-04-07 10:39:21 INFO  c.r.r.m.p.LayoutTab.LayoutCreator - Chest
2025-04-07 10:39:22 INFO  c.r.r.m.p.LayoutTab.LayoutCreator - Chest
2025-04-07 10:39:23 INFO  c.r.r.m.p.LayoutTab.LayoutCreator - Chest
2025-04-07 10:39:24 INFO  c.r.r.m.p.LayoutTab.LayoutCreator - Chest
2025-04-07 10:39:24 INFO  c.r.r.m.p.LayoutTab.LayoutCreator - Chest
2025-04-07 10:39:25 INFO  c.r.r.m.p.LayoutTab.LayoutCreator - Chest
2025-04-07 10:39:28 INFO  c.r.r.m.p.LayoutTab.LayoutCreator - Skull
2025-04-07 10:39:29 INFO  c.r.r.m.p.LayoutTab.LayoutCreator - Skull
2025-04-07 10:39:30 INFO  c.r.r.m.p.LayoutTab.LayoutCreator - Chest
2025-04-07 10:39:32 INFO  c.r.r.m.p.LayoutTab.LayoutCreator - Chest
