2025-03-29 12:46:19 INFO  c.r.rxviewui.controller.LoginPage - logged In
2025-03-29 12:46:20 INFO  c.r.r.service.login.LoginController - ip mismatched 192.168.31.178 and 192.168.12.10
2025-03-29 12:46:20 INFO  c.r.r.service.login.LoginController - IP not found
2025-03-29 12:46:20 INFO  c.r.r.service.login.LoginController - initialized
2025-03-29 12:46:23 INFO  c.r.r.service.login.LoginController - No devices found!!!
2025-03-29 12:46:27 INFO  c.r.r.service.study.StudyService - Image received
2025-03-29 12:46:28 INFO  c.r.r.service.study.StudyService - Mat is not empty
2025-03-29 12:46:28 INFO  c.r.r.m.I.D.MainDrawTool - ImagingParams is null
2025-03-29 12:46:32 INFO  c.r.r.service.study.StudyService - Image received
2025-03-29 12:46:33 INFO  c.r.r.service.study.StudyService - Mat is not empty
2025-03-29 12:46:34 INFO  c.r.r.m.I.D.MainDrawTool - ImagingParams is null
2025-03-29 12:46:37 INFO  c.r.r.service.study.StudyService - Image received
2025-03-29 12:46:38 INFO  c.r.r.service.study.StudyService - Mat is not empty
2025-03-29 12:46:39 INFO  c.r.r.m.I.D.MainDrawTool - ImagingParams is null
2025-03-29 12:46:57 INFO  c.r.r.m.I.D.MainDrawTool - ImagingParams is null
2025-03-29 12:47:03 INFO  c.r.r.m.I.D.MainDrawTool - ImagingParams is null
2025-03-29 12:47:16 INFO  c.r.r.service.study.StudyService - Image received
2025-03-29 12:47:17 INFO  c.r.r.service.study.StudyService - Mat is not empty
2025-03-29 12:47:19 INFO  c.r.r.m.I.D.MainDrawTool - ImagingParams is null
2025-03-29 12:47:23 INFO  c.r.r.service.study.StudyService - Image received
2025-03-29 12:47:24 INFO  c.r.r.service.study.StudyService - Mat is not empty
2025-03-29 12:47:27 INFO  c.r.r.m.I.D.MainDrawTool - ImagingParams is null
