2025-03-26 14:37:34 INFO  c.r.rxviewui.controller.LoginPage - logged In
2025-03-26 14:37:35 INFO  c.r.r.service.login.LoginController - ip mismatched 192.168.31.178 and 192.168.12.10
2025-03-26 14:37:35 INFO  c.r.r.service.login.LoginController - IP not found
2025-03-26 14:37:36 INFO  c.r.r.service.login.LoginController - initialized
2025-03-26 14:37:39 INFO  c.r.r.service.login.LoginController - No devices found!!!
2025-03-26 15:19:44 INFO  c.r.r.service.study.StudyService - Image received
2025-03-26 15:19:45 INFO  c.r.r.service.study.StudyService - Image received
2025-03-26 15:19:46 INFO  c.r.r.service.study.StudyService - Mat is not empty
2025-03-26 15:19:46 INFO  c.r.r.service.study.StudyService - Mat is not empty
2025-03-26 15:19:48 INFO  c.r.r.m.I.D.MainDrawTool - ImagingParams is null
2025-03-26 15:19:48 INFO  c.r.r.m.I.D.MainDrawTool - ImagingParams is null
2025-03-26 15:19:49 INFO  c.r.r.m.I.D.MainDrawTool - ImagingParams is null
2025-03-26 15:20:10 INFO  c.r.r.m.I.D.MainDrawTool - ImagingParams is null
2025-03-26 15:20:54 INFO  c.r.r.s.study.StudyMainController - Saving for Pacs...
2025-03-26 15:20:54 INFO  c.r.r.modules.dicom.DicomService - Status : Uploading Begins
2025-03-26 15:20:54 INFO  c.r.r.modules.dicom.DicomService - Creating DICOM File/s...
2025-03-26 15:20:54 INFO  c.r.r.modules.dicom.DicomService - needsAnnotations needsStudyInformation 
2025-03-26 15:20:56 INFO  c.r.r.modules.dicom.DicomService - path exits
2025-03-26 15:20:56 INFO  c.r.r.modules.dicom.DicomService - D:\Work\RxView_Java\RxView\32_RxView_Print_Layouts/dcmOutput/11.dcm
2025-03-26 15:20:56 INFO  c.r.r.modules.dicom.DicomService - Uploading to server...
2025-03-26 15:20:56 INFO  c.r.r.modules.dicom.DicomCStore - 
Initiating C-STORE operation...
2025-03-26 15:20:58 INFO  c.r.r.modules.dicom.DicomService - Upload completed successfully!
