2025-07-08 17:07:22 INFO  com.raymedis.rxviewui.controller.LoginPage - logged In
2025-07-08 17:07:22 INFO  com.raymedis.rxviewui.service.login.LoginController - 192.168.12.10
2025-07-08 17:07:22 INFO  com.raymedis.rxviewui.service.login.LoginController - No Wi-Fi interface found or no IPv4 address assigned.
2025-07-08 17:12:51 INFO  com.raymedis.serialPortCommunication.rxview_consolecom_old.RxPanelInitializationOld - Available COM ports:
2025-07-08 17:12:51 INFO  com.raymedis.serialPortCommunication.rxview_consolecom_old.RxPanelInitializationOld - - COM6: USB-SERIAL CH340 (COM6)
2025-07-08 17:12:51 INFO  com.raymedis.serialPortCommunication.rxview_consolecom_old.RxPanelInitializationOld - - COM5: USB-SERIAL CH340 (COM5)
2025-07-08 17:12:51 INFO  com.raymedis.serialPortCommunication.rxview_consolecom_old.RxPanelInitializationOld - Available COM ports:
2025-07-08 17:12:51 INFO  com.raymedis.serialPortCommunication.rxview_consolecom_old.RxPanelInitializationOld - - COM6: USB-SERIAL CH340 (COM6)
2025-07-08 17:12:51 INFO  com.raymedis.serialPortCommunication.rxview_consolecom_old.RxPanelInitializationOld - - COM5: USB-SERIAL CH340 (COM5)
2025-07-08 17:12:51 INFO  com.raymedis.serialPortCommunication.rxview_consolecom_old.RxPanelInitializationOld - Connected to RX panel.
2025-07-08 17:12:51 INFO  com.raymedis.serialPortCommunication.rxview_consolecom_old.ReceiveCommandRxOld - requested interlocks, attempt 1
2025-07-08 17:12:53 INFO  com.raymedis.serialPortCommunication.rxview_consolecom_old.ReceiveCommandRxOld - Read bytes: [119, 1, 1, 1, 1, 1, 0]
2025-07-08 17:12:53 INFO  com.raymedis.serialPortCommunication.rxview_consolecom_old.ReceiveCommandRxOld - Interlock count: 5
2025-07-08 17:12:53 INFO  com.raymedis.serialPortCommunication.rxview_consolecom_old.ReceiveCommandRxOld - Interlock count: 4
2025-07-08 17:12:53 INFO  com.raymedis.serialPortCommunication.rxview_consolecom_old.ReceiveCommandRxOld - Interlock count: 3
2025-07-08 17:12:53 INFO  com.raymedis.serialPortCommunication.rxview_consolecom_old.ReceiveCommandRxOld - Interlock count: 2
2025-07-08 17:12:53 INFO  com.raymedis.serialPortCommunication.rxview_consolecom_old.ReceiveCommandRxOld - Interlock count: 1
2025-07-08 17:12:53 INFO  com.raymedis.serialPortCommunication.rxview_consolecom_old.ReceiveCommandRxOld - Interlock count: 0
2025-07-08 17:12:53 INFO  com.raymedis.serialPortCommunication.rxview_consolecom_old.ReceiveCommandRxOld - Interlock: 
2025-07-08 17:12:53 INFO  com.raymedis.serialPortCommunication.rxview_consolecom_old.ReceiveCommandRxOld - all faults: true true true true true true
2025-07-08 17:12:53 INFO  com.raymedis.serialPortCommunication.rxview_consolecom_old.ReceiveCommandRxOld - Detected Faults:
2025-07-08 17:12:53 INFO  com.raymedis.serialPortCommunication.rxview_consolecom_old.ReceiveCommandRxOld - Overvoltage: false
2025-07-08 17:12:53 INFO  com.raymedis.serialPortCommunication.rxview_consolecom_old.ReceiveCommandRxOld - Filament: false
2025-07-08 17:12:53 INFO  com.raymedis.serialPortCommunication.rxview_consolecom_old.ReceiveCommandRxOld - Thermal: false
2025-07-08 17:12:53 INFO  com.raymedis.serialPortCommunication.rxview_consolecom_old.ReceiveCommandRxOld - Rotor: false
2025-07-08 17:12:53 INFO  com.raymedis.serialPortCommunication.rxview_consolecom_old.ReceiveCommandRxOld - Overcurrent: false
2025-07-08 17:12:53 INFO  com.raymedis.serialPortCommunication.rxview_consolecom_old.ReceiveCommandRxOld - GOS: false
2025-07-08 17:12:53 INFO  com.raymedis.serialPortCommunication.rxview_consolecom_old.RxPanelInitializationOld - Interlocks retrieved successfully.
2025-07-08 17:12:53 INFO  com.raymedis.serialPortCommunication.rxview_consolecom_old.RxPanelInitializationOld - Calling X-ray mode set.
2025-07-08 17:12:53 INFO  com.raymedis.rxviewui.service.study.StudyMainController - done
2025-07-08 17:12:55 INFO  com.raymedis.serialPortCommunication.rxview_consolecom_old.ReceiveCommandRxOld - Read bytes: [97]
2025-07-08 17:12:55 INFO  com.raymedis.serialPortCommunication.rxview_consolecom_old.ReceiveCommandRxOld - Received DO_NOTHING command.
2025-07-08 17:12:55 INFO  com.raymedis.serialPortCommunication.rxview_consolecom_old.ReceiveCommandRxOld - Received DO_NOTHING command commandExecuteAsync.
2025-07-08 17:12:55 INFO  com.raymedis.rxviewui.modules.serialPortCom.SerialPortCommunicationService - Received response: DO_NOTHING
2025-07-08 17:12:55 INFO  com.raymedis.rxviewui.modules.serialPortCom.SerialPortCommunicationService - Received response: DO_NOTHING
2025-07-08 17:12:55 INFO  com.raymedis.rxviewui.service.study.StudyMainController - Console is ON
2025-07-08 17:12:55 INFO  com.raymedis.rxviewui.service.study.StudyMainController - Setting console values for body part: Chest
2025-07-08 17:12:55 INFO  com.raymedis.rxviewui.modules.serialPortCom.SerialPortManager - Setting Xray Console - kv: 70.0, ma: 80, mas: 4.0
2025-07-08 17:12:55 INFO  com.raymedis.rxviewui.modules.serialPortCom.SerialPortManager - setMa kv1: 70.0, ma1: 80.0
2025-07-08 17:12:55 INFO  com.raymedis.rxviewui.modules.serialPortCom.SerialPortManager - x: 175
2025-07-08 17:12:55 INFO  com.raymedis.rxviewui.modules.serialPortCom.SerialPortManager - Current Sent: 80.0
2025-07-08 17:12:55 INFO  com.raymedis.rxviewui.modules.serialPortCom.SerialPortManager - Calibration Val: 8.32
2025-07-08 17:12:55 INFO  com.raymedis.rxviewui.modules.serialPortCom.SerialPortManager - Calibration Val: 8.49
2025-07-08 17:12:55 INFO  com.raymedis.rxviewui.modules.serialPortCom.SerialPortManager - Calibration Val: 8.29
2025-07-08 17:12:55 INFO  com.raymedis.rxviewui.modules.serialPortCom.SerialPortManager - Calibration Val: 8.49
2025-07-08 17:12:55 INFO  com.raymedis.rxviewui.modules.serialPortCom.SerialPortManager - filamentCurrent: 8.32
2025-07-08 17:12:55 INFO  com.raymedis.rxviewui.modules.serialPortCom.SerialPortManager - KV Sent : 70.0
2025-07-08 17:12:55 INFO  com.raymedis.rxviewui.modules.serialPortCom.SerialPortManager - Calibration Val: 8.32
2025-07-08 17:12:55 INFO  com.raymedis.rxviewui.modules.serialPortCom.SerialPortManager - Calibration Val: 8.49
2025-07-08 17:12:55 INFO  com.raymedis.rxviewui.modules.serialPortCom.SerialPortManager - Calibration Val: 8.29
2025-07-08 17:12:55 INFO  com.raymedis.rxviewui.modules.serialPortCom.SerialPortManager - Calibration Val: 8.49
2025-07-08 17:12:55 INFO  com.raymedis.rxviewui.modules.serialPortCom.SerialPortManager - In short sending KV: 206
2025-07-08 17:12:55 INFO  com.raymedis.rxviewui.modules.serialPortCom.SerialPortManager - In byte sending KV: -50
2025-07-08 17:12:55 INFO  com.raymedis.rxviewui.modules.serialPortCom.SerialPortManager - Exposure Time Sent - 50
2025-07-08 17:12:55 INFO  com.raymedis.serialPortCommunication.rxview_consolecom_old.TriggerCommandRxOld - Setting KV to: -50
2025-07-08 17:13:07 INFO  com.raymedis.rxviewui.service.study.StudyMainController - IncKv KV: 70.0,  MA: 80.0
2025-07-08 17:13:07 INFO  com.raymedis.rxviewui.modules.serialPortCom.SerialPortManager - incKv currentKv: 70.0, currentMa: 80.0
2025-07-08 17:13:07 INFO  com.raymedis.rxviewui.modules.serialPortCom.SerialPortManager - In mA 250
2025-07-08 17:13:07 INFO  com.raymedis.rxviewui.modules.serialPortCom.SerialPortManager - setMa kv1: 71.0, ma1: 80.0
2025-07-08 17:13:07 INFO  com.raymedis.rxviewui.modules.serialPortCom.SerialPortManager - x: 178
2025-07-08 17:13:07 INFO  com.raymedis.rxviewui.modules.serialPortCom.SerialPortManager - Current Sent: 80.0
2025-07-08 17:13:07 INFO  com.raymedis.rxviewui.modules.serialPortCom.SerialPortManager - Calibration Val: 8.32
2025-07-08 17:13:07 INFO  com.raymedis.rxviewui.modules.serialPortCom.SerialPortManager - Calibration Val: 8.49
2025-07-08 17:13:07 INFO  com.raymedis.rxviewui.modules.serialPortCom.SerialPortManager - Calibration Val: 8.29
2025-07-08 17:13:07 INFO  com.raymedis.rxviewui.modules.serialPortCom.SerialPortManager - Calibration Val: 8.49
2025-07-08 17:13:07 INFO  com.raymedis.rxviewui.modules.serialPortCom.SerialPortManager - filamentCurrent: 8.317
2025-07-08 17:13:07 INFO  com.raymedis.rxviewui.modules.serialPortCom.SerialPortManager - KV Sent : 71.0
2025-07-08 17:13:07 INFO  com.raymedis.rxviewui.modules.serialPortCom.SerialPortManager - Calibration Val: 8.32
2025-07-08 17:13:07 INFO  com.raymedis.rxviewui.modules.serialPortCom.SerialPortManager - Calibration Val: 8.49
2025-07-08 17:13:07 INFO  com.raymedis.rxviewui.modules.serialPortCom.SerialPortManager - Calibration Val: 8.29
2025-07-08 17:13:07 INFO  com.raymedis.rxviewui.modules.serialPortCom.SerialPortManager - Calibration Val: 8.49
2025-07-08 17:13:07 INFO  com.raymedis.rxviewui.modules.serialPortCom.SerialPortManager - In short sending KV: 206
2025-07-08 17:13:07 INFO  com.raymedis.rxviewui.modules.serialPortCom.SerialPortManager - In byte sending KV: -50
2025-07-08 17:13:07 INFO  com.raymedis.serialPortCommunication.rxview_consolecom_old.TriggerCommandRxOld - Setting KV to: -50
2025-07-08 17:14:20 INFO  com.raymedis.rxviewui.service.study.StudyMainController - IncKv KV: 71.0,  MA: 80.0
2025-07-08 17:14:20 INFO  com.raymedis.rxviewui.modules.serialPortCom.SerialPortManager - incKv currentKv: 71.0, currentMa: 80.0
2025-07-08 17:14:20 INFO  com.raymedis.rxviewui.modules.serialPortCom.SerialPortManager - In mA 250
2025-07-08 17:14:20 INFO  com.raymedis.rxviewui.modules.serialPortCom.SerialPortManager - setMa kv1: 72.0, ma1: 80.0
2025-07-08 17:14:20 INFO  com.raymedis.rxviewui.modules.serialPortCom.SerialPortManager - x: 180
2025-07-08 17:14:20 INFO  com.raymedis.rxviewui.modules.serialPortCom.SerialPortManager - Current Sent: 80.0
2025-07-08 17:14:20 INFO  com.raymedis.rxviewui.modules.serialPortCom.SerialPortManager - Calibration Val: 8.32
2025-07-08 17:14:20 INFO  com.raymedis.rxviewui.modules.serialPortCom.SerialPortManager - Calibration Val: 8.49
2025-07-08 17:14:20 INFO  com.raymedis.rxviewui.modules.serialPortCom.SerialPortManager - Calibration Val: 8.29
2025-07-08 17:14:20 INFO  com.raymedis.rxviewui.modules.serialPortCom.SerialPortManager - Calibration Val: 8.49
2025-07-08 17:14:20 INFO  com.raymedis.rxviewui.modules.serialPortCom.SerialPortManager - filamentCurrent: 8.314
2025-07-08 17:14:20 INFO  com.raymedis.rxviewui.modules.serialPortCom.SerialPortManager - KV Sent : 72.0
2025-07-08 17:14:20 INFO  com.raymedis.rxviewui.modules.serialPortCom.SerialPortManager - Calibration Val: 8.32
2025-07-08 17:14:20 INFO  com.raymedis.rxviewui.modules.serialPortCom.SerialPortManager - Calibration Val: 8.49
2025-07-08 17:14:20 INFO  com.raymedis.rxviewui.modules.serialPortCom.SerialPortManager - Calibration Val: 8.29
2025-07-08 17:14:20 INFO  com.raymedis.rxviewui.modules.serialPortCom.SerialPortManager - Calibration Val: 8.49
2025-07-08 17:14:20 INFO  com.raymedis.rxviewui.modules.serialPortCom.SerialPortManager - In short sending KV: 206
2025-07-08 17:14:20 INFO  com.raymedis.rxviewui.modules.serialPortCom.SerialPortManager - In byte sending KV: -50
2025-07-08 17:14:20 INFO  com.raymedis.serialPortCommunication.rxview_consolecom_old.TriggerCommandRxOld - Setting KV to: -50
2025-07-08 17:15:19 INFO  com.raymedis.rxviewui.service.study.StudyMainController - DecKv KV: 72.0, MA: 80.0
2025-07-08 17:15:19 INFO  com.raymedis.rxviewui.modules.serialPortCom.SerialPortManager - decKv currentKv: 72.0, currentMa: 80.0
2025-07-08 17:15:19 INFO  com.raymedis.rxviewui.modules.serialPortCom.SerialPortManager - In mA 250
2025-07-08 17:15:19 INFO  com.raymedis.rxviewui.modules.serialPortCom.SerialPortManager - setMa kv1: 71.0, ma1: 80.0
2025-07-08 17:15:19 INFO  com.raymedis.rxviewui.modules.serialPortCom.SerialPortManager - x: 178
2025-07-08 17:15:19 INFO  com.raymedis.rxviewui.modules.serialPortCom.SerialPortManager - Current Sent: 80.0
2025-07-08 17:15:19 INFO  com.raymedis.rxviewui.modules.serialPortCom.SerialPortManager - Calibration Val: 8.32
2025-07-08 17:15:19 INFO  com.raymedis.rxviewui.modules.serialPortCom.SerialPortManager - Calibration Val: 8.49
2025-07-08 17:15:19 INFO  com.raymedis.rxviewui.modules.serialPortCom.SerialPortManager - Calibration Val: 8.29
2025-07-08 17:15:19 INFO  com.raymedis.rxviewui.modules.serialPortCom.SerialPortManager - Calibration Val: 8.49
2025-07-08 17:15:19 INFO  com.raymedis.rxviewui.modules.serialPortCom.SerialPortManager - filamentCurrent: 8.317
2025-07-08 17:15:19 INFO  com.raymedis.rxviewui.modules.serialPortCom.SerialPortManager - KV Sent : 71.0
2025-07-08 17:15:19 INFO  com.raymedis.rxviewui.modules.serialPortCom.SerialPortManager - Calibration Val: 8.32
2025-07-08 17:15:19 INFO  com.raymedis.rxviewui.modules.serialPortCom.SerialPortManager - Calibration Val: 8.49
2025-07-08 17:15:19 INFO  com.raymedis.rxviewui.modules.serialPortCom.SerialPortManager - Calibration Val: 8.29
2025-07-08 17:15:19 INFO  com.raymedis.rxviewui.modules.serialPortCom.SerialPortManager - Calibration Val: 8.49
2025-07-08 17:15:19 INFO  com.raymedis.rxviewui.modules.serialPortCom.SerialPortManager - In short sending KV: 206
2025-07-08 17:15:19 INFO  com.raymedis.rxviewui.modules.serialPortCom.SerialPortManager - In byte sending KV: -50
2025-07-08 17:15:19 INFO  com.raymedis.serialPortCommunication.rxview_consolecom_old.TriggerCommandRxOld - Setting KV to: -50
2025-07-08 17:15:19 INFO  com.raymedis.rxviewui.service.study.StudyMainController - DecKv KV: 71.0, MA: 80.0
2025-07-08 17:15:19 INFO  com.raymedis.rxviewui.modules.serialPortCom.SerialPortManager - decKv currentKv: 71.0, currentMa: 80.0
2025-07-08 17:15:19 INFO  com.raymedis.rxviewui.modules.serialPortCom.SerialPortManager - In mA 250
2025-07-08 17:15:19 INFO  com.raymedis.rxviewui.modules.serialPortCom.SerialPortManager - setMa kv1: 70.0, ma1: 80.0
2025-07-08 17:15:19 INFO  com.raymedis.rxviewui.modules.serialPortCom.SerialPortManager - x: 175
2025-07-08 17:15:19 INFO  com.raymedis.rxviewui.modules.serialPortCom.SerialPortManager - Current Sent: 80.0
2025-07-08 17:15:19 INFO  com.raymedis.rxviewui.modules.serialPortCom.SerialPortManager - Calibration Val: 8.32
2025-07-08 17:15:19 INFO  com.raymedis.rxviewui.modules.serialPortCom.SerialPortManager - Calibration Val: 8.49
2025-07-08 17:15:19 INFO  com.raymedis.rxviewui.modules.serialPortCom.SerialPortManager - Calibration Val: 8.29
2025-07-08 17:15:19 INFO  com.raymedis.rxviewui.modules.serialPortCom.SerialPortManager - Calibration Val: 8.49
2025-07-08 17:15:19 INFO  com.raymedis.rxviewui.modules.serialPortCom.SerialPortManager - filamentCurrent: 8.32
2025-07-08 17:15:19 INFO  com.raymedis.rxviewui.modules.serialPortCom.SerialPortManager - KV Sent : 70.0
2025-07-08 17:15:19 INFO  com.raymedis.rxviewui.modules.serialPortCom.SerialPortManager - Calibration Val: 8.32
2025-07-08 17:15:19 INFO  com.raymedis.rxviewui.modules.serialPortCom.SerialPortManager - Calibration Val: 8.49
2025-07-08 17:15:19 INFO  com.raymedis.rxviewui.modules.serialPortCom.SerialPortManager - Calibration Val: 8.29
2025-07-08 17:15:19 INFO  com.raymedis.rxviewui.modules.serialPortCom.SerialPortManager - Calibration Val: 8.49
2025-07-08 17:15:19 INFO  com.raymedis.rxviewui.modules.serialPortCom.SerialPortManager - In short sending KV: 206
2025-07-08 17:15:19 INFO  com.raymedis.rxviewui.modules.serialPortCom.SerialPortManager - In byte sending KV: -50
2025-07-08 17:15:19 INFO  com.raymedis.serialPortCommunication.rxview_consolecom_old.TriggerCommandRxOld - Setting KV to: -50
2025-07-08 17:15:20 INFO  com.raymedis.rxviewui.service.study.StudyMainController - DecKv KV: 70.0, MA: 80.0
2025-07-08 17:15:20 INFO  com.raymedis.rxviewui.modules.serialPortCom.SerialPortManager - decKv currentKv: 70.0, currentMa: 80.0
2025-07-08 17:15:20 INFO  com.raymedis.rxviewui.modules.serialPortCom.SerialPortManager - In mA 250
2025-07-08 17:15:20 INFO  com.raymedis.rxviewui.modules.serialPortCom.SerialPortManager - setMa kv1: 69.0, ma1: 80.0
2025-07-08 17:15:20 INFO  com.raymedis.rxviewui.modules.serialPortCom.SerialPortManager - x: 173
2025-07-08 17:15:20 INFO  com.raymedis.rxviewui.modules.serialPortCom.SerialPortManager - Current Sent: 80.0
2025-07-08 17:15:20 INFO  com.raymedis.rxviewui.modules.serialPortCom.SerialPortManager - Calibration Val: 8.35
2025-07-08 17:15:20 INFO  com.raymedis.rxviewui.modules.serialPortCom.SerialPortManager - Calibration Val: 8.52
2025-07-08 17:15:20 INFO  com.raymedis.rxviewui.modules.serialPortCom.SerialPortManager - Calibration Val: 8.32
2025-07-08 17:15:20 INFO  com.raymedis.rxviewui.modules.serialPortCom.SerialPortManager - Calibration Val: 8.49
2025-07-08 17:15:20 INFO  com.raymedis.rxviewui.modules.serialPortCom.SerialPortManager - filamentCurrent: 8.323
2025-07-08 17:15:20 INFO  com.raymedis.rxviewui.modules.serialPortCom.SerialPortManager - KV Sent : 69.0
2025-07-08 17:15:20 INFO  com.raymedis.rxviewui.modules.serialPortCom.SerialPortManager - Calibration Val: 8.35
2025-07-08 17:15:20 INFO  com.raymedis.rxviewui.modules.serialPortCom.SerialPortManager - Calibration Val: 8.52
2025-07-08 17:15:20 INFO  com.raymedis.rxviewui.modules.serialPortCom.SerialPortManager - Calibration Val: 8.32
2025-07-08 17:15:20 INFO  com.raymedis.rxviewui.modules.serialPortCom.SerialPortManager - Calibration Val: 8.49
2025-07-08 17:15:20 INFO  com.raymedis.rxviewui.modules.serialPortCom.SerialPortManager - In short sending KV: 206
2025-07-08 17:15:20 INFO  com.raymedis.rxviewui.modules.serialPortCom.SerialPortManager - In byte sending KV: -50
2025-07-08 17:15:20 INFO  com.raymedis.serialPortCommunication.rxview_consolecom_old.TriggerCommandRxOld - Setting KV to: -50
2025-07-08 17:15:20 INFO  com.raymedis.rxviewui.service.study.StudyMainController - DecKv KV: 69.0, MA: 80.0
2025-07-08 17:15:20 INFO  com.raymedis.rxviewui.modules.serialPortCom.SerialPortManager - decKv currentKv: 69.0, currentMa: 80.0
2025-07-08 17:15:20 INFO  com.raymedis.rxviewui.modules.serialPortCom.SerialPortManager - In mA 250
2025-07-08 17:15:20 INFO  com.raymedis.rxviewui.modules.serialPortCom.SerialPortManager - setMa kv1: 68.0, ma1: 80.0
2025-07-08 17:15:20 INFO  com.raymedis.rxviewui.modules.serialPortCom.SerialPortManager - x: 170
2025-07-08 17:15:20 INFO  com.raymedis.rxviewui.modules.serialPortCom.SerialPortManager - Current Sent: 80.0
2025-07-08 17:15:20 INFO  com.raymedis.rxviewui.modules.serialPortCom.SerialPortManager - Calibration Val: 8.35
2025-07-08 17:15:20 INFO  com.raymedis.rxviewui.modules.serialPortCom.SerialPortManager - Calibration Val: 8.52
2025-07-08 17:15:20 INFO  com.raymedis.rxviewui.modules.serialPortCom.SerialPortManager - Calibration Val: 8.32
2025-07-08 17:15:20 INFO  com.raymedis.rxviewui.modules.serialPortCom.SerialPortManager - Calibration Val: 8.49
2025-07-08 17:15:20 INFO  com.raymedis.rxviewui.modules.serialPortCom.SerialPortManager - filamentCurrent: 8.326
2025-07-08 17:15:20 INFO  com.raymedis.rxviewui.modules.serialPortCom.SerialPortManager - KV Sent : 68.0
2025-07-08 17:15:20 INFO  com.raymedis.rxviewui.modules.serialPortCom.SerialPortManager - Calibration Val: 8.35
2025-07-08 17:15:20 INFO  com.raymedis.rxviewui.modules.serialPortCom.SerialPortManager - Calibration Val: 8.52
2025-07-08 17:15:20 INFO  com.raymedis.rxviewui.modules.serialPortCom.SerialPortManager - Calibration Val: 8.32
2025-07-08 17:15:20 INFO  com.raymedis.rxviewui.modules.serialPortCom.SerialPortManager - Calibration Val: 8.49
2025-07-08 17:15:20 INFO  com.raymedis.rxviewui.modules.serialPortCom.SerialPortManager - In short sending KV: 206
2025-07-08 17:15:20 INFO  com.raymedis.rxviewui.modules.serialPortCom.SerialPortManager - In byte sending KV: -50
2025-07-08 17:15:20 INFO  com.raymedis.serialPortCommunication.rxview_consolecom_old.TriggerCommandRxOld - Setting KV to: -50
2025-07-08 17:15:20 INFO  com.raymedis.rxviewui.service.study.StudyMainController - DecKv KV: 68.0, MA: 80.0
2025-07-08 17:15:20 INFO  com.raymedis.rxviewui.modules.serialPortCom.SerialPortManager - decKv currentKv: 68.0, currentMa: 80.0
2025-07-08 17:15:20 INFO  com.raymedis.rxviewui.modules.serialPortCom.SerialPortManager - In mA 250
2025-07-08 17:15:20 INFO  com.raymedis.rxviewui.modules.serialPortCom.SerialPortManager - setMa kv1: 67.0, ma1: 80.0
2025-07-08 17:15:20 INFO  com.raymedis.rxviewui.modules.serialPortCom.SerialPortManager - x: 168
2025-07-08 17:15:20 INFO  com.raymedis.rxviewui.modules.serialPortCom.SerialPortManager - Current Sent: 80.0
2025-07-08 17:15:20 INFO  com.raymedis.rxviewui.modules.serialPortCom.SerialPortManager - Calibration Val: 8.35
2025-07-08 17:15:20 INFO  com.raymedis.rxviewui.modules.serialPortCom.SerialPortManager - Calibration Val: 8.52
2025-07-08 17:15:20 INFO  com.raymedis.rxviewui.modules.serialPortCom.SerialPortManager - Calibration Val: 8.32
2025-07-08 17:15:20 INFO  com.raymedis.rxviewui.modules.serialPortCom.SerialPortManager - Calibration Val: 8.49
2025-07-08 17:15:20 INFO  com.raymedis.rxviewui.modules.serialPortCom.SerialPortManager - filamentCurrent: 8.329
2025-07-08 17:15:20 INFO  com.raymedis.rxviewui.modules.serialPortCom.SerialPortManager - KV Sent : 67.0
2025-07-08 17:15:20 INFO  com.raymedis.rxviewui.modules.serialPortCom.SerialPortManager - Calibration Val: 8.35
2025-07-08 17:15:20 INFO  com.raymedis.rxviewui.modules.serialPortCom.SerialPortManager - Calibration Val: 8.52
2025-07-08 17:15:20 INFO  com.raymedis.rxviewui.modules.serialPortCom.SerialPortManager - Calibration Val: 8.32
2025-07-08 17:15:20 INFO  com.raymedis.rxviewui.modules.serialPortCom.SerialPortManager - Calibration Val: 8.49
2025-07-08 17:15:20 INFO  com.raymedis.rxviewui.modules.serialPortCom.SerialPortManager - In short sending KV: 207
2025-07-08 17:15:20 INFO  com.raymedis.rxviewui.modules.serialPortCom.SerialPortManager - In byte sending KV: -49
2025-07-08 17:15:20 INFO  com.raymedis.serialPortCommunication.rxview_consolecom_old.TriggerCommandRxOld - Setting KV to: -49
2025-07-08 17:15:20 INFO  com.raymedis.rxviewui.service.study.StudyMainController - DecKv KV: 67.0, MA: 80.0
2025-07-08 17:15:20 INFO  com.raymedis.rxviewui.modules.serialPortCom.SerialPortManager - decKv currentKv: 67.0, currentMa: 80.0
2025-07-08 17:15:20 INFO  com.raymedis.rxviewui.modules.serialPortCom.SerialPortManager - In mA 250
2025-07-08 17:15:20 INFO  com.raymedis.rxviewui.modules.serialPortCom.SerialPortManager - setMa kv1: 66.0, ma1: 80.0
2025-07-08 17:15:20 INFO  com.raymedis.rxviewui.modules.serialPortCom.SerialPortManager - x: 165
2025-07-08 17:15:20 INFO  com.raymedis.rxviewui.modules.serialPortCom.SerialPortManager - Current Sent: 80.0
2025-07-08 17:15:20 INFO  com.raymedis.rxviewui.modules.serialPortCom.SerialPortManager - Calibration Val: 8.35
2025-07-08 17:15:20 INFO  com.raymedis.rxviewui.modules.serialPortCom.SerialPortManager - Calibration Val: 8.52
2025-07-08 17:15:20 INFO  com.raymedis.rxviewui.modules.serialPortCom.SerialPortManager - Calibration Val: 8.32
2025-07-08 17:15:20 INFO  com.raymedis.rxviewui.modules.serialPortCom.SerialPortManager - Calibration Val: 8.49
2025-07-08 17:15:20 INFO  com.raymedis.rxviewui.modules.serialPortCom.SerialPortManager - filamentCurrent: 8.332
2025-07-08 17:15:20 INFO  com.raymedis.rxviewui.modules.serialPortCom.SerialPortManager - KV Sent : 66.0
2025-07-08 17:15:20 INFO  com.raymedis.rxviewui.modules.serialPortCom.SerialPortManager - Calibration Val: 8.35
2025-07-08 17:15:20 INFO  com.raymedis.rxviewui.modules.serialPortCom.SerialPortManager - Calibration Val: 8.52
2025-07-08 17:15:20 INFO  com.raymedis.rxviewui.modules.serialPortCom.SerialPortManager - Calibration Val: 8.32
2025-07-08 17:15:20 INFO  com.raymedis.rxviewui.modules.serialPortCom.SerialPortManager - Calibration Val: 8.49
2025-07-08 17:15:20 INFO  com.raymedis.rxviewui.modules.serialPortCom.SerialPortManager - In short sending KV: 207
2025-07-08 17:15:20 INFO  com.raymedis.rxviewui.modules.serialPortCom.SerialPortManager - In byte sending KV: -49
2025-07-08 17:15:20 INFO  com.raymedis.serialPortCommunication.rxview_consolecom_old.TriggerCommandRxOld - Setting KV to: -49
2025-07-08 17:15:20 INFO  com.raymedis.rxviewui.service.study.StudyMainController - DecKv KV: 66.0, MA: 80.0
2025-07-08 17:15:20 INFO  com.raymedis.rxviewui.modules.serialPortCom.SerialPortManager - decKv currentKv: 66.0, currentMa: 80.0
2025-07-08 17:15:20 INFO  com.raymedis.rxviewui.modules.serialPortCom.SerialPortManager - In mA 250
2025-07-08 17:15:20 INFO  com.raymedis.rxviewui.modules.serialPortCom.SerialPortManager - setMa kv1: 65.0, ma1: 80.0
2025-07-08 17:15:20 INFO  com.raymedis.rxviewui.modules.serialPortCom.SerialPortManager - x: 163
2025-07-08 17:15:20 INFO  com.raymedis.rxviewui.modules.serialPortCom.SerialPortManager - Current Sent: 80.0
2025-07-08 17:15:20 INFO  com.raymedis.rxviewui.modules.serialPortCom.SerialPortManager - Calibration Val: 8.35
2025-07-08 17:15:20 INFO  com.raymedis.rxviewui.modules.serialPortCom.SerialPortManager - Calibration Val: 8.52
2025-07-08 17:15:20 INFO  com.raymedis.rxviewui.modules.serialPortCom.SerialPortManager - Calibration Val: 8.32
2025-07-08 17:15:20 INFO  com.raymedis.rxviewui.modules.serialPortCom.SerialPortManager - Calibration Val: 8.49
2025-07-08 17:15:20 INFO  com.raymedis.rxviewui.modules.serialPortCom.SerialPortManager - filamentCurrent: 8.335
2025-07-08 17:15:20 INFO  com.raymedis.rxviewui.modules.serialPortCom.SerialPortManager - KV Sent : 65.0
2025-07-08 17:15:20 INFO  com.raymedis.rxviewui.modules.serialPortCom.SerialPortManager - Calibration Val: 8.35
2025-07-08 17:15:20 INFO  com.raymedis.rxviewui.modules.serialPortCom.SerialPortManager - Calibration Val: 8.52
2025-07-08 17:15:20 INFO  com.raymedis.rxviewui.modules.serialPortCom.SerialPortManager - Calibration Val: 8.32
2025-07-08 17:15:20 INFO  com.raymedis.rxviewui.modules.serialPortCom.SerialPortManager - Calibration Val: 8.49
2025-07-08 17:15:20 INFO  com.raymedis.rxviewui.modules.serialPortCom.SerialPortManager - In short sending KV: 207
2025-07-08 17:15:20 INFO  com.raymedis.rxviewui.modules.serialPortCom.SerialPortManager - In byte sending KV: -49
2025-07-08 17:15:20 INFO  com.raymedis.serialPortCommunication.rxview_consolecom_old.TriggerCommandRxOld - Setting KV to: -49
2025-07-08 17:15:20 INFO  com.raymedis.rxviewui.service.study.StudyMainController - DecKv KV: 65.0, MA: 80.0
2025-07-08 17:15:20 INFO  com.raymedis.rxviewui.modules.serialPortCom.SerialPortManager - decKv currentKv: 65.0, currentMa: 80.0
2025-07-08 17:15:20 INFO  com.raymedis.rxviewui.modules.serialPortCom.SerialPortManager - In mA 250
2025-07-08 17:15:20 INFO  com.raymedis.rxviewui.modules.serialPortCom.SerialPortManager - setMa kv1: 64.0, ma1: 80.0
2025-07-08 17:15:20 INFO  com.raymedis.rxviewui.modules.serialPortCom.SerialPortManager - x: 160
2025-07-08 17:15:20 INFO  com.raymedis.rxviewui.modules.serialPortCom.SerialPortManager - Current Sent: 80.0
2025-07-08 17:15:20 INFO  com.raymedis.rxviewui.modules.serialPortCom.SerialPortManager - Calibration Val: 8.35
2025-07-08 17:15:20 INFO  com.raymedis.rxviewui.modules.serialPortCom.SerialPortManager - Calibration Val: 8.52
2025-07-08 17:15:20 INFO  com.raymedis.rxviewui.modules.serialPortCom.SerialPortManager - Calibration Val: 8.32
2025-07-08 17:15:20 INFO  com.raymedis.rxviewui.modules.serialPortCom.SerialPortManager - Calibration Val: 8.49
2025-07-08 17:15:20 INFO  com.raymedis.rxviewui.modules.serialPortCom.SerialPortManager - filamentCurrent: 8.338
2025-07-08 17:15:20 INFO  com.raymedis.rxviewui.modules.serialPortCom.SerialPortManager - KV Sent : 64.0
2025-07-08 17:15:20 INFO  com.raymedis.rxviewui.modules.serialPortCom.SerialPortManager - Calibration Val: 8.35
2025-07-08 17:15:20 INFO  com.raymedis.rxviewui.modules.serialPortCom.SerialPortManager - Calibration Val: 8.52
2025-07-08 17:15:20 INFO  com.raymedis.rxviewui.modules.serialPortCom.SerialPortManager - Calibration Val: 8.32
2025-07-08 17:15:20 INFO  com.raymedis.rxviewui.modules.serialPortCom.SerialPortManager - Calibration Val: 8.49
2025-07-08 17:15:20 INFO  com.raymedis.rxviewui.modules.serialPortCom.SerialPortManager - In short sending KV: 207
2025-07-08 17:15:20 INFO  com.raymedis.rxviewui.modules.serialPortCom.SerialPortManager - In byte sending KV: -49
2025-07-08 17:15:20 INFO  com.raymedis.serialPortCommunication.rxview_consolecom_old.TriggerCommandRxOld - Setting KV to: -49
2025-07-08 17:15:22 INFO  com.raymedis.rxviewui.service.study.StudyMainController - DecKv KV: 64.0, MA: 80.0
2025-07-08 17:15:22 INFO  com.raymedis.rxviewui.modules.serialPortCom.SerialPortManager - decKv currentKv: 64.0, currentMa: 80.0
2025-07-08 17:15:22 INFO  com.raymedis.rxviewui.modules.serialPortCom.SerialPortManager - In mA 250
2025-07-08 17:15:22 INFO  com.raymedis.rxviewui.modules.serialPortCom.SerialPortManager - setMa kv1: 63.0, ma1: 80.0
2025-07-08 17:15:22 INFO  com.raymedis.rxviewui.modules.serialPortCom.SerialPortManager - x: 158
2025-07-08 17:15:22 INFO  com.raymedis.rxviewui.modules.serialPortCom.SerialPortManager - Current Sent: 80.0
2025-07-08 17:15:22 INFO  com.raymedis.rxviewui.modules.serialPortCom.SerialPortManager - Calibration Val: 8.35
2025-07-08 17:15:22 INFO  com.raymedis.rxviewui.modules.serialPortCom.SerialPortManager - Calibration Val: 8.52
2025-07-08 17:15:22 INFO  com.raymedis.rxviewui.modules.serialPortCom.SerialPortManager - Calibration Val: 8.32
2025-07-08 17:15:22 INFO  com.raymedis.rxviewui.modules.serialPortCom.SerialPortManager - Calibration Val: 8.49
2025-07-08 17:15:22 INFO  com.raymedis.rxviewui.modules.serialPortCom.SerialPortManager - filamentCurrent: 8.341
2025-07-08 17:15:22 INFO  com.raymedis.rxviewui.modules.serialPortCom.SerialPortManager - KV Sent : 63.0
2025-07-08 17:15:22 INFO  com.raymedis.rxviewui.modules.serialPortCom.SerialPortManager - Calibration Val: 8.35
2025-07-08 17:15:22 INFO  com.raymedis.rxviewui.modules.serialPortCom.SerialPortManager - Calibration Val: 8.52
2025-07-08 17:15:22 INFO  com.raymedis.rxviewui.modules.serialPortCom.SerialPortManager - Calibration Val: 8.32
2025-07-08 17:15:22 INFO  com.raymedis.rxviewui.modules.serialPortCom.SerialPortManager - Calibration Val: 8.49
2025-07-08 17:15:22 INFO  com.raymedis.rxviewui.modules.serialPortCom.SerialPortManager - In short sending KV: 207
2025-07-08 17:15:22 INFO  com.raymedis.rxviewui.modules.serialPortCom.SerialPortManager - In byte sending KV: -49
2025-07-08 17:15:22 INFO  com.raymedis.serialPortCommunication.rxview_consolecom_old.TriggerCommandRxOld - Setting KV to: -49
2025-07-08 17:15:22 INFO  com.raymedis.rxviewui.service.study.StudyMainController - DecKv KV: 63.0, MA: 80.0
2025-07-08 17:15:22 INFO  com.raymedis.rxviewui.modules.serialPortCom.SerialPortManager - decKv currentKv: 63.0, currentMa: 80.0
2025-07-08 17:15:22 INFO  com.raymedis.rxviewui.modules.serialPortCom.SerialPortManager - In mA 250
2025-07-08 17:15:22 INFO  com.raymedis.rxviewui.modules.serialPortCom.SerialPortManager - setMa kv1: 62.0, ma1: 80.0
2025-07-08 17:15:22 INFO  com.raymedis.rxviewui.modules.serialPortCom.SerialPortManager - x: 155
2025-07-08 17:15:22 INFO  com.raymedis.rxviewui.modules.serialPortCom.SerialPortManager - Current Sent: 80.0
2025-07-08 17:15:22 INFO  com.raymedis.rxviewui.modules.serialPortCom.SerialPortManager - Calibration Val: 8.35
2025-07-08 17:15:22 INFO  com.raymedis.rxviewui.modules.serialPortCom.SerialPortManager - Calibration Val: 8.52
2025-07-08 17:15:22 INFO  com.raymedis.rxviewui.modules.serialPortCom.SerialPortManager - Calibration Val: 8.32
2025-07-08 17:15:22 INFO  com.raymedis.rxviewui.modules.serialPortCom.SerialPortManager - Calibration Val: 8.49
2025-07-08 17:15:22 INFO  com.raymedis.rxviewui.modules.serialPortCom.SerialPortManager - filamentCurrent: 8.344
2025-07-08 17:15:22 INFO  com.raymedis.rxviewui.modules.serialPortCom.SerialPortManager - KV Sent : 62.0
2025-07-08 17:15:22 INFO  com.raymedis.rxviewui.modules.serialPortCom.SerialPortManager - Calibration Val: 8.35
2025-07-08 17:15:22 INFO  com.raymedis.rxviewui.modules.serialPortCom.SerialPortManager - Calibration Val: 8.52
2025-07-08 17:15:22 INFO  com.raymedis.rxviewui.modules.serialPortCom.SerialPortManager - Calibration Val: 8.32
2025-07-08 17:15:22 INFO  com.raymedis.rxviewui.modules.serialPortCom.SerialPortManager - Calibration Val: 8.49
2025-07-08 17:15:22 INFO  com.raymedis.rxviewui.modules.serialPortCom.SerialPortManager - In short sending KV: 207
2025-07-08 17:15:22 INFO  com.raymedis.rxviewui.modules.serialPortCom.SerialPortManager - In byte sending KV: -49
2025-07-08 17:15:22 INFO  com.raymedis.serialPortCommunication.rxview_consolecom_old.TriggerCommandRxOld - Setting KV to: -49
2025-07-08 17:15:22 INFO  com.raymedis.rxviewui.service.study.StudyMainController - DecKv KV: 62.0, MA: 80.0
2025-07-08 17:15:22 INFO  com.raymedis.rxviewui.modules.serialPortCom.SerialPortManager - decKv currentKv: 62.0, currentMa: 80.0
2025-07-08 17:15:22 INFO  com.raymedis.rxviewui.modules.serialPortCom.SerialPortManager - In mA 250
2025-07-08 17:15:22 INFO  com.raymedis.rxviewui.modules.serialPortCom.SerialPortManager - setMa kv1: 61.0, ma1: 80.0
2025-07-08 17:15:22 INFO  com.raymedis.rxviewui.modules.serialPortCom.SerialPortManager - x: 153
2025-07-08 17:15:22 INFO  com.raymedis.rxviewui.modules.serialPortCom.SerialPortManager - Current Sent: 80.0
2025-07-08 17:15:22 INFO  com.raymedis.rxviewui.modules.serialPortCom.SerialPortManager - Calibration Val: 8.35
2025-07-08 17:15:22 INFO  com.raymedis.rxviewui.modules.serialPortCom.SerialPortManager - Calibration Val: 8.52
2025-07-08 17:15:22 INFO  com.raymedis.rxviewui.modules.serialPortCom.SerialPortManager - Calibration Val: 8.32
2025-07-08 17:15:22 INFO  com.raymedis.rxviewui.modules.serialPortCom.SerialPortManager - Calibration Val: 8.49
2025-07-08 17:15:22 INFO  com.raymedis.rxviewui.modules.serialPortCom.SerialPortManager - filamentCurrent: 8.347
2025-07-08 17:15:22 INFO  com.raymedis.rxviewui.modules.serialPortCom.SerialPortManager - KV Sent : 61.0
2025-07-08 17:15:22 INFO  com.raymedis.rxviewui.modules.serialPortCom.SerialPortManager - Calibration Val: 8.35
2025-07-08 17:15:22 INFO  com.raymedis.rxviewui.modules.serialPortCom.SerialPortManager - Calibration Val: 8.52
2025-07-08 17:15:22 INFO  com.raymedis.rxviewui.modules.serialPortCom.SerialPortManager - Calibration Val: 8.32
2025-07-08 17:15:22 INFO  com.raymedis.rxviewui.modules.serialPortCom.SerialPortManager - Calibration Val: 8.49
2025-07-08 17:15:22 INFO  com.raymedis.rxviewui.modules.serialPortCom.SerialPortManager - In short sending KV: 207
2025-07-08 17:15:22 INFO  com.raymedis.rxviewui.modules.serialPortCom.SerialPortManager - In byte sending KV: -49
2025-07-08 17:15:22 INFO  com.raymedis.serialPortCommunication.rxview_consolecom_old.TriggerCommandRxOld - Setting KV to: -49
2025-07-08 17:15:23 INFO  com.raymedis.rxviewui.service.study.StudyMainController - DecKv KV: 61.0, MA: 80.0
2025-07-08 17:15:23 INFO  com.raymedis.rxviewui.modules.serialPortCom.SerialPortManager - decKv currentKv: 61.0, currentMa: 80.0
2025-07-08 17:15:23 INFO  com.raymedis.rxviewui.modules.serialPortCom.SerialPortManager - In mA 250
2025-07-08 17:15:23 INFO  com.raymedis.rxviewui.modules.serialPortCom.SerialPortManager - setMa kv1: 60.0, ma1: 80.0
2025-07-08 17:15:23 INFO  com.raymedis.rxviewui.modules.serialPortCom.SerialPortManager - x: 150
2025-07-08 17:15:23 INFO  com.raymedis.rxviewui.modules.serialPortCom.SerialPortManager - Current Sent: 80.0
2025-07-08 17:15:23 INFO  com.raymedis.rxviewui.modules.serialPortCom.SerialPortManager - Calibration Val: 8.35
2025-07-08 17:15:23 INFO  com.raymedis.rxviewui.modules.serialPortCom.SerialPortManager - Calibration Val: 8.52
2025-07-08 17:15:23 INFO  com.raymedis.rxviewui.modules.serialPortCom.SerialPortManager - Calibration Val: 8.32
2025-07-08 17:15:23 INFO  com.raymedis.rxviewui.modules.serialPortCom.SerialPortManager - Calibration Val: 8.49
2025-07-08 17:15:23 INFO  com.raymedis.rxviewui.modules.serialPortCom.SerialPortManager - filamentCurrent: 8.35
2025-07-08 17:15:23 INFO  com.raymedis.rxviewui.modules.serialPortCom.SerialPortManager - KV Sent : 60.0
2025-07-08 17:15:23 INFO  com.raymedis.rxviewui.modules.serialPortCom.SerialPortManager - Calibration Val: 8.35
2025-07-08 17:15:23 INFO  com.raymedis.rxviewui.modules.serialPortCom.SerialPortManager - Calibration Val: 8.52
2025-07-08 17:15:23 INFO  com.raymedis.rxviewui.modules.serialPortCom.SerialPortManager - Calibration Val: 8.32
2025-07-08 17:15:23 INFO  com.raymedis.rxviewui.modules.serialPortCom.SerialPortManager - Calibration Val: 8.49
2025-07-08 17:15:23 INFO  com.raymedis.rxviewui.modules.serialPortCom.SerialPortManager - In short sending KV: 207
2025-07-08 17:15:23 INFO  com.raymedis.rxviewui.modules.serialPortCom.SerialPortManager - In byte sending KV: -49
2025-07-08 17:15:23 INFO  com.raymedis.serialPortCommunication.rxview_consolecom_old.TriggerCommandRxOld - Setting KV to: -49
