2025-07-08 12:49:11 INFO  com.raymedis.rxviewui.controller.LoginPage - logged In
2025-07-08 12:49:11 INFO  com.raymedis.rxviewui.service.login.LoginController - 192.168.12.10
2025-07-08 12:49:11 INFO  com.raymedis.rxviewui.service.login.LoginController - No Wi-Fi interface found or no IPv4 address assigned.
2025-07-08 12:49:20 INFO  com.raymedis.serialPortCommunication.rxview_consolecom_old.RxPanelInitializationOld - Available COM ports:
2025-07-08 12:49:20 INFO  com.raymedis.serialPortCommunication.rxview_consolecom_old.RxPanelInitializationOld - - COM6: USB-SERIAL CH340 (COM6)
2025-07-08 12:49:20 INFO  com.raymedis.serialPortCommunication.rxview_consolecom_old.RxPanelInitializationOld - - COM5: USB-SERIAL CH340 (COM5)
2025-07-08 12:49:20 INFO  com.raymedis.serialPortCommunication.rxview_consolecom_old.RxPanelInitializationOld - Available COM ports:
2025-07-08 12:49:20 INFO  com.raymedis.serialPortCommunication.rxview_consolecom_old.RxPanelInitializationOld - - COM6: USB-SERIAL CH340 (COM6)
2025-07-08 12:49:20 INFO  com.raymedis.serialPortCommunication.rxview_consolecom_old.RxPanelInitializationOld - - COM5: USB-SERIAL CH340 (COM5)
2025-07-08 12:49:20 INFO  com.raymedis.serialPortCommunication.rxview_consolecom_old.RxPanelInitializationOld - Connected to RX panel.
2025-07-08 12:49:20 INFO  com.raymedis.serialPortCommunication.rxview_consolecom_old.ReceiveCommandRxOld - requested interlocks, attempt 1
2025-07-08 12:49:22 INFO  com.raymedis.serialPortCommunication.rxview_consolecom_old.ReceiveCommandRxOld - Interlock attempt 1 failed.
2025-07-08 12:49:22 INFO  com.raymedis.serialPortCommunication.rxview_consolecom_old.ReceiveCommandRxOld - requested interlocks, attempt 2
2025-07-08 12:49:22 INFO  com.raymedis.serialPortCommunication.rxview_consolecom_old.ReceiveCommandRxOld - Read bytes: [119, 1, 1, 1, 1, 1, 0]
2025-07-08 12:49:22 INFO  com.raymedis.serialPortCommunication.rxview_consolecom_old.ReceiveCommandRxOld - Interlock count: 5
2025-07-08 12:49:22 INFO  com.raymedis.serialPortCommunication.rxview_consolecom_old.ReceiveCommandRxOld - Interlock count: 4
2025-07-08 12:49:22 INFO  com.raymedis.serialPortCommunication.rxview_consolecom_old.ReceiveCommandRxOld - Interlock count: 3
2025-07-08 12:49:22 INFO  com.raymedis.serialPortCommunication.rxview_consolecom_old.ReceiveCommandRxOld - Interlock count: 2
2025-07-08 12:49:22 INFO  com.raymedis.serialPortCommunication.rxview_consolecom_old.ReceiveCommandRxOld - Interlock count: 1
2025-07-08 12:49:22 INFO  com.raymedis.serialPortCommunication.rxview_consolecom_old.ReceiveCommandRxOld - Interlock count: 0
2025-07-08 12:49:22 INFO  com.raymedis.serialPortCommunication.rxview_consolecom_old.ReceiveCommandRxOld - Interlock: 
2025-07-08 12:49:22 INFO  com.raymedis.serialPortCommunication.rxview_consolecom_old.ReceiveCommandRxOld - all faults: true true true true true true
2025-07-08 12:49:22 INFO  com.raymedis.serialPortCommunication.rxview_consolecom_old.ReceiveCommandRxOld - Detected Faults:
2025-07-08 12:49:22 INFO  com.raymedis.serialPortCommunication.rxview_consolecom_old.ReceiveCommandRxOld - Overvoltage: false
2025-07-08 12:49:22 INFO  com.raymedis.serialPortCommunication.rxview_consolecom_old.ReceiveCommandRxOld - Filament: false
2025-07-08 12:49:22 INFO  com.raymedis.serialPortCommunication.rxview_consolecom_old.ReceiveCommandRxOld - Thermal: false
2025-07-08 12:49:22 INFO  com.raymedis.serialPortCommunication.rxview_consolecom_old.ReceiveCommandRxOld - Rotor: false
2025-07-08 12:49:22 INFO  com.raymedis.serialPortCommunication.rxview_consolecom_old.ReceiveCommandRxOld - Overcurrent: false
2025-07-08 12:49:22 INFO  com.raymedis.serialPortCommunication.rxview_consolecom_old.ReceiveCommandRxOld - GOS: false
2025-07-08 12:49:22 INFO  com.raymedis.serialPortCommunication.rxview_consolecom_old.RxPanelInitializationOld - Interlocks retrieved successfully.
2025-07-08 12:49:22 INFO  com.raymedis.serialPortCommunication.rxview_consolecom_old.RxPanelInitializationOld - Calling X-ray mode set.
2025-07-08 12:49:22 INFO  com.raymedis.rxviewui.service.study.StudyMainController - done
2025-07-08 12:49:23 INFO  com.raymedis.serialPortCommunication.rxview_consolecom_old.ReceiveCommandRxOld - Read bytes: [97]
2025-07-08 12:49:23 INFO  com.raymedis.serialPortCommunication.rxview_consolecom_old.ReceiveCommandRxOld - Received DO_NOTHING command.
2025-07-08 12:49:23 INFO  com.raymedis.serialPortCommunication.rxview_consolecom_old.ReceiveCommandRxOld - Received DO_NOTHING command commandExecuteAsync.
2025-07-08 12:49:23 INFO  com.raymedis.rxviewui.modules.serialPortCom.SerialPortCommunicationService - Received response: DO_NOTHING
2025-07-08 12:49:23 INFO  com.raymedis.rxviewui.modules.serialPortCom.SerialPortCommunicationService - Received response: DO_NOTHING
2025-07-08 12:49:23 INFO  com.raymedis.rxviewui.service.study.StudyMainController - Console is ON
2025-07-08 12:49:23 INFO  com.raymedis.rxviewui.service.study.StudyMainController - Setting console values for body part: Chest
2025-07-08 12:49:23 INFO  com.raymedis.rxviewui.modules.serialPortCom.SerialPortManager - Setting Xray Console - kv: 70.0, ma: 80, mas: 4.0
2025-07-08 12:49:23 INFO  com.raymedis.rxviewui.modules.serialPortCom.SerialPortManager - setMa kv1: 70.0, ma1: 80.0
2025-07-08 12:49:23 INFO  com.raymedis.rxviewui.modules.serialPortCom.SerialPortManager - x: 175
2025-07-08 12:49:23 INFO  com.raymedis.rxviewui.modules.serialPortCom.SerialPortManager - Current Sent: 80.0
2025-07-08 12:49:23 INFO  com.raymedis.rxviewui.modules.serialPortCom.SerialPortManager - Calibration Val: 8.32
2025-07-08 12:49:23 INFO  com.raymedis.rxviewui.modules.serialPortCom.SerialPortManager - Calibration Val: 8.49
2025-07-08 12:49:23 INFO  com.raymedis.rxviewui.modules.serialPortCom.SerialPortManager - Calibration Val: 8.29
2025-07-08 12:49:23 INFO  com.raymedis.rxviewui.modules.serialPortCom.SerialPortManager - Calibration Val: 8.49
2025-07-08 12:49:23 INFO  com.raymedis.rxviewui.modules.serialPortCom.SerialPortManager - filamentCurrent: 8.32
2025-07-08 12:49:23 INFO  com.raymedis.rxviewui.modules.serialPortCom.SerialPortManager - KV Sent : 70.0
2025-07-08 12:49:23 INFO  com.raymedis.rxviewui.modules.serialPortCom.SerialPortManager - Calibration Val: 8.32
2025-07-08 12:49:23 INFO  com.raymedis.rxviewui.modules.serialPortCom.SerialPortManager - Calibration Val: 8.49
2025-07-08 12:49:23 INFO  com.raymedis.rxviewui.modules.serialPortCom.SerialPortManager - Calibration Val: 8.29
2025-07-08 12:49:23 INFO  com.raymedis.rxviewui.modules.serialPortCom.SerialPortManager - Calibration Val: 8.49
2025-07-08 12:49:23 INFO  com.raymedis.rxviewui.modules.serialPortCom.SerialPortManager - In short sending KV: 206
2025-07-08 12:49:23 INFO  com.raymedis.rxviewui.modules.serialPortCom.SerialPortManager - In byte sending KV: -50
2025-07-08 12:49:23 INFO  com.raymedis.rxviewui.modules.serialPortCom.SerialPortManager - Exposure Time Sent - 50
2025-07-08 12:49:23 INFO  com.raymedis.serialPortCommunication.rxview_consolecom_old.TriggerCommandRxOld - Setting KV to: -50
2025-07-08 12:49:29 INFO  com.raymedis.rxviewui.service.study.StudyMainController - IncMa kv: 70.0,  MA: 80.0
2025-07-08 12:49:29 INFO  com.raymedis.rxviewui.modules.serialPortCom.SerialPortManager - received currentKv: 70.0, currentMa: 80.0
2025-07-08 12:49:29 INFO  com.raymedis.rxviewui.modules.serialPortCom.SerialPortManager - x 4, maxlength: 5
2025-07-08 12:49:29 INFO  com.raymedis.rxviewui.modules.serialPortCom.SerialPortManager - x 5, maxlength: 5
2025-07-08 12:49:29 INFO  com.raymedis.rxviewui.modules.serialPortCom.SerialPortManager - currentMa: 100.0
2025-07-08 12:49:29 INFO  com.raymedis.rxviewui.modules.serialPortCom.SerialPortManager - setMa kv1: 70.0, ma1: 100.0
2025-07-08 12:49:29 INFO  com.raymedis.rxviewui.modules.serialPortCom.SerialPortManager - x: 175
2025-07-08 12:49:29 INFO  com.raymedis.rxviewui.modules.serialPortCom.SerialPortManager - Current Sent: 100.0
2025-07-08 12:49:29 INFO  com.raymedis.rxviewui.modules.serialPortCom.SerialPortManager - Calibration Val: 8.49
2025-07-08 12:49:29 INFO  com.raymedis.rxviewui.modules.serialPortCom.SerialPortManager - Calibration Val: 8.7
2025-07-08 12:49:29 INFO  com.raymedis.rxviewui.modules.serialPortCom.SerialPortManager - Calibration Val: 8.49
2025-07-08 12:49:29 INFO  com.raymedis.rxviewui.modules.serialPortCom.SerialPortManager - Calibration Val: 8.7
2025-07-08 12:49:29 INFO  com.raymedis.rxviewui.modules.serialPortCom.SerialPortManager - filamentCurrent: 8.49
2025-07-08 12:49:29 INFO  com.raymedis.rxviewui.modules.serialPortCom.SerialPortManager - KV Sent : 70.0
2025-07-08 12:49:29 INFO  com.raymedis.rxviewui.modules.serialPortCom.SerialPortManager - Calibration Val: 8.49
2025-07-08 12:49:29 INFO  com.raymedis.rxviewui.modules.serialPortCom.SerialPortManager - Calibration Val: 8.7
2025-07-08 12:49:29 INFO  com.raymedis.rxviewui.modules.serialPortCom.SerialPortManager - Calibration Val: 8.49
2025-07-08 12:49:29 INFO  com.raymedis.rxviewui.modules.serialPortCom.SerialPortManager - Calibration Val: 8.7
2025-07-08 12:49:29 INFO  com.raymedis.rxviewui.modules.serialPortCom.SerialPortManager - In short sending KV: 211
2025-07-08 12:49:29 INFO  com.raymedis.rxviewui.modules.serialPortCom.SerialPortManager - In byte sending KV: -45
2025-07-08 12:49:29 INFO  com.raymedis.serialPortCommunication.rxview_consolecom_old.TriggerCommandRxOld - Setting KV to: -45
2025-07-08 12:49:31 INFO  com.raymedis.rxviewui.service.study.StudyMainController - DecMa kv: 70.0,  MA: 100.0
2025-07-08 12:49:31 INFO  com.raymedis.rxviewui.modules.serialPortCom.SerialPortManager - decMA currentKv: 70.0, currentMa: 100.0
2025-07-08 12:49:31 INFO  com.raymedis.rxviewui.modules.serialPortCom.SerialPortManager - Current mA value: 100
2025-07-08 12:49:31 INFO  com.raymedis.rxviewui.modules.serialPortCom.SerialPortManager - x before decrement: 5, mAkW size: 6
2025-07-08 12:49:31 INFO  com.raymedis.rxviewui.modules.serialPortCom.SerialPortManager - x after decrement: 4, mAkW size: 6
2025-07-08 12:49:31 INFO  com.raymedis.rxviewui.modules.serialPortCom.SerialPortManager - New filamentCurrent: 80.0, filamentVoltage: 70.0
2025-07-08 12:49:31 INFO  com.raymedis.rxviewui.modules.serialPortCom.SerialPortManager - setMa kv1: 70.0, ma1: 80.0
2025-07-08 12:49:31 INFO  com.raymedis.rxviewui.modules.serialPortCom.SerialPortManager - x: 175
2025-07-08 12:49:31 INFO  com.raymedis.rxviewui.modules.serialPortCom.SerialPortManager - Current Sent: 80.0
2025-07-08 12:49:31 INFO  com.raymedis.rxviewui.modules.serialPortCom.SerialPortManager - Calibration Val: 8.32
2025-07-08 12:49:31 INFO  com.raymedis.rxviewui.modules.serialPortCom.SerialPortManager - Calibration Val: 8.49
2025-07-08 12:49:31 INFO  com.raymedis.rxviewui.modules.serialPortCom.SerialPortManager - Calibration Val: 8.29
2025-07-08 12:49:31 INFO  com.raymedis.rxviewui.modules.serialPortCom.SerialPortManager - Calibration Val: 8.49
2025-07-08 12:49:31 INFO  com.raymedis.rxviewui.modules.serialPortCom.SerialPortManager - filamentCurrent: 8.32
2025-07-08 12:49:31 INFO  com.raymedis.rxviewui.modules.serialPortCom.SerialPortManager - KV Sent : 70.0
2025-07-08 12:49:31 INFO  com.raymedis.rxviewui.modules.serialPortCom.SerialPortManager - Calibration Val: 8.32
2025-07-08 12:49:31 INFO  com.raymedis.rxviewui.modules.serialPortCom.SerialPortManager - Calibration Val: 8.49
2025-07-08 12:49:31 INFO  com.raymedis.rxviewui.modules.serialPortCom.SerialPortManager - Calibration Val: 8.29
2025-07-08 12:49:31 INFO  com.raymedis.rxviewui.modules.serialPortCom.SerialPortManager - Calibration Val: 8.49
2025-07-08 12:49:31 INFO  com.raymedis.rxviewui.modules.serialPortCom.SerialPortManager - In short sending KV: 206
2025-07-08 12:49:31 INFO  com.raymedis.rxviewui.modules.serialPortCom.SerialPortManager - In byte sending KV: -50
2025-07-08 12:49:31 INFO  com.raymedis.serialPortCommunication.rxview_consolecom_old.TriggerCommandRxOld - Setting KV to: -50
2025-07-08 12:49:32 INFO  com.raymedis.rxviewui.service.study.StudyMainController - DecMa kv: 70.0,  MA: 80.0
2025-07-08 12:49:32 INFO  com.raymedis.rxviewui.modules.serialPortCom.SerialPortManager - decMA currentKv: 70.0, currentMa: 80.0
2025-07-08 12:49:32 INFO  com.raymedis.rxviewui.modules.serialPortCom.SerialPortManager - Current mA value: 80
2025-07-08 12:49:32 INFO  com.raymedis.rxviewui.modules.serialPortCom.SerialPortManager - x before decrement: 4, mAkW size: 6
2025-07-08 12:49:32 INFO  com.raymedis.rxviewui.modules.serialPortCom.SerialPortManager - x after decrement: 3, mAkW size: 6
2025-07-08 12:49:32 INFO  com.raymedis.rxviewui.modules.serialPortCom.SerialPortManager - New filamentCurrent: 70.0, filamentVoltage: 70.0
2025-07-08 12:49:32 INFO  com.raymedis.rxviewui.modules.serialPortCom.SerialPortManager - setMa kv1: 70.0, ma1: 70.0
2025-07-08 12:49:32 INFO  com.raymedis.rxviewui.modules.serialPortCom.SerialPortManager - x: 175
2025-07-08 12:49:32 INFO  com.raymedis.rxviewui.modules.serialPortCom.SerialPortManager - Current Sent: 70.0
2025-07-08 12:49:32 INFO  com.raymedis.rxviewui.modules.serialPortCom.SerialPortManager - Calibration Val: 8.14
2025-07-08 12:49:32 INFO  com.raymedis.rxviewui.modules.serialPortCom.SerialPortManager - Calibration Val: 8.32
2025-07-08 12:49:32 INFO  com.raymedis.rxviewui.modules.serialPortCom.SerialPortManager - Calibration Val: 8.11
2025-07-08 12:49:32 INFO  com.raymedis.rxviewui.modules.serialPortCom.SerialPortManager - Calibration Val: 8.29
2025-07-08 12:49:32 INFO  com.raymedis.rxviewui.modules.serialPortCom.SerialPortManager - filamentCurrent: 8.23
2025-07-08 12:49:32 INFO  com.raymedis.rxviewui.modules.serialPortCom.SerialPortManager - KV Sent : 70.0
2025-07-08 12:49:32 INFO  com.raymedis.rxviewui.modules.serialPortCom.SerialPortManager - Calibration Val: 8.14
2025-07-08 12:49:32 INFO  com.raymedis.rxviewui.modules.serialPortCom.SerialPortManager - Calibration Val: 8.32
2025-07-08 12:49:32 INFO  com.raymedis.rxviewui.modules.serialPortCom.SerialPortManager - Calibration Val: 8.11
2025-07-08 12:49:32 INFO  com.raymedis.rxviewui.modules.serialPortCom.SerialPortManager - Calibration Val: 8.29
2025-07-08 12:49:32 INFO  com.raymedis.rxviewui.modules.serialPortCom.SerialPortManager - In short sending KV: 204
2025-07-08 12:49:32 INFO  com.raymedis.rxviewui.modules.serialPortCom.SerialPortManager - In byte sending KV: -52
2025-07-08 12:49:32 INFO  com.raymedis.serialPortCommunication.rxview_consolecom_old.TriggerCommandRxOld - Setting KV to: -52
2025-07-08 12:49:57 INFO  com.raymedis.rxviewui.service.study.StudyMainController - DecMa kv: 70.0,  MA: 70.0
2025-07-08 12:49:57 INFO  com.raymedis.rxviewui.modules.serialPortCom.SerialPortManager - decMA currentKv: 70.0, currentMa: 70.0
2025-07-08 12:49:57 INFO  com.raymedis.rxviewui.modules.serialPortCom.SerialPortManager - Current mA value: 70
2025-07-08 12:49:57 INFO  com.raymedis.rxviewui.modules.serialPortCom.SerialPortManager - x before decrement: 3, mAkW size: 6
2025-07-08 12:49:57 INFO  com.raymedis.rxviewui.modules.serialPortCom.SerialPortManager - x after decrement: 2, mAkW size: 6
2025-07-08 12:49:57 INFO  com.raymedis.rxviewui.modules.serialPortCom.SerialPortManager - New filamentCurrent: 60.0, filamentVoltage: 70.0
2025-07-08 12:49:57 INFO  com.raymedis.rxviewui.modules.serialPortCom.SerialPortManager - setMa kv1: 70.0, ma1: 60.0
2025-07-08 12:49:57 INFO  com.raymedis.rxviewui.modules.serialPortCom.SerialPortManager - x: 175
2025-07-08 12:49:57 INFO  com.raymedis.rxviewui.modules.serialPortCom.SerialPortManager - Current Sent: 60.0
2025-07-08 12:49:57 INFO  com.raymedis.rxviewui.modules.serialPortCom.SerialPortManager - Calibration Val: 8.14
2025-07-08 12:49:57 INFO  com.raymedis.rxviewui.modules.serialPortCom.SerialPortManager - Calibration Val: 8.32
2025-07-08 12:49:57 INFO  com.raymedis.rxviewui.modules.serialPortCom.SerialPortManager - Calibration Val: 8.11
2025-07-08 12:49:57 INFO  com.raymedis.rxviewui.modules.serialPortCom.SerialPortManager - Calibration Val: 8.29
2025-07-08 12:49:57 INFO  com.raymedis.rxviewui.modules.serialPortCom.SerialPortManager - filamentCurrent: 8.14
2025-07-08 12:49:57 INFO  com.raymedis.rxviewui.modules.serialPortCom.SerialPortManager - KV Sent : 70.0
2025-07-08 12:49:57 INFO  com.raymedis.rxviewui.modules.serialPortCom.SerialPortManager - Calibration Val: 8.14
2025-07-08 12:49:57 INFO  com.raymedis.rxviewui.modules.serialPortCom.SerialPortManager - Calibration Val: 8.32
2025-07-08 12:49:57 INFO  com.raymedis.rxviewui.modules.serialPortCom.SerialPortManager - Calibration Val: 8.11
2025-07-08 12:49:57 INFO  com.raymedis.rxviewui.modules.serialPortCom.SerialPortManager - Calibration Val: 8.29
2025-07-08 12:49:57 INFO  com.raymedis.rxviewui.modules.serialPortCom.SerialPortManager - In short sending KV: 202
2025-07-08 12:49:57 INFO  com.raymedis.rxviewui.modules.serialPortCom.SerialPortManager - In byte sending KV: -54
2025-07-08 12:49:57 INFO  com.raymedis.serialPortCommunication.rxview_consolecom_old.TriggerCommandRxOld - Setting KV to: -54
2025-07-08 12:49:58 INFO  com.raymedis.rxviewui.service.study.StudyMainController - DecMa kv: 70.0,  MA: 60.0
2025-07-08 12:49:58 INFO  com.raymedis.rxviewui.modules.serialPortCom.SerialPortManager - decMA currentKv: 70.0, currentMa: 60.0
2025-07-08 12:49:58 INFO  com.raymedis.rxviewui.modules.serialPortCom.SerialPortManager - Current mA value: 60
2025-07-08 12:49:58 INFO  com.raymedis.rxviewui.modules.serialPortCom.SerialPortManager - x before decrement: 2, mAkW size: 6
2025-07-08 12:49:58 INFO  com.raymedis.rxviewui.modules.serialPortCom.SerialPortManager - x after decrement: 1, mAkW size: 6
2025-07-08 12:49:58 INFO  com.raymedis.rxviewui.modules.serialPortCom.SerialPortManager - New filamentCurrent: 40.0, filamentVoltage: 70.0
2025-07-08 12:49:58 INFO  com.raymedis.rxviewui.modules.serialPortCom.SerialPortManager - setMa kv1: 70.0, ma1: 40.0
2025-07-08 12:49:58 INFO  com.raymedis.rxviewui.modules.serialPortCom.SerialPortManager - x: 175
2025-07-08 12:49:58 INFO  com.raymedis.rxviewui.modules.serialPortCom.SerialPortManager - Current Sent: 40.0
2025-07-08 12:49:58 INFO  com.raymedis.rxviewui.modules.serialPortCom.SerialPortManager - Calibration Val: 7.86
2025-07-08 12:49:58 INFO  com.raymedis.rxviewui.modules.serialPortCom.SerialPortManager - Calibration Val: 7.86
2025-07-08 12:49:58 INFO  com.raymedis.rxviewui.modules.serialPortCom.SerialPortManager - Calibration Val: 7.83
2025-07-08 12:49:58 INFO  com.raymedis.rxviewui.modules.serialPortCom.SerialPortManager - Calibration Val: 7.83
2025-07-08 12:49:58 INFO  com.raymedis.rxviewui.modules.serialPortCom.SerialPortManager - filamentCurrent: 7.86
2025-07-08 12:49:58 INFO  com.raymedis.rxviewui.modules.serialPortCom.SerialPortManager - KV Sent : 70.0
2025-07-08 12:49:58 INFO  com.raymedis.rxviewui.modules.serialPortCom.SerialPortManager - Calibration Val: 7.86
2025-07-08 12:49:58 INFO  com.raymedis.rxviewui.modules.serialPortCom.SerialPortManager - Calibration Val: 7.86
2025-07-08 12:49:58 INFO  com.raymedis.rxviewui.modules.serialPortCom.SerialPortManager - Calibration Val: 7.83
2025-07-08 12:49:58 INFO  com.raymedis.rxviewui.modules.serialPortCom.SerialPortManager - Calibration Val: 7.83
2025-07-08 12:49:58 INFO  com.raymedis.rxviewui.modules.serialPortCom.SerialPortManager - In short sending KV: 195
2025-07-08 12:49:58 INFO  com.raymedis.rxviewui.modules.serialPortCom.SerialPortManager - In byte sending KV: -61
2025-07-08 12:49:58 INFO  com.raymedis.serialPortCommunication.rxview_consolecom_old.TriggerCommandRxOld - Setting KV to: -61
2025-07-08 12:49:59 INFO  com.raymedis.rxviewui.service.study.StudyMainController - DecMa kv: 70.0,  MA: 40.0
2025-07-08 12:49:59 INFO  com.raymedis.rxviewui.modules.serialPortCom.SerialPortManager - decMA currentKv: 70.0, currentMa: 40.0
2025-07-08 12:49:59 INFO  com.raymedis.rxviewui.modules.serialPortCom.SerialPortManager - Current mA value: 40
2025-07-08 12:49:59 INFO  com.raymedis.rxviewui.modules.serialPortCom.SerialPortManager - x before decrement: 1, mAkW size: 6
2025-07-08 12:49:59 INFO  com.raymedis.rxviewui.modules.serialPortCom.SerialPortManager - x after decrement: 0, mAkW size: 6
2025-07-08 12:49:59 INFO  com.raymedis.rxviewui.modules.serialPortCom.SerialPortManager - New filamentCurrent: 20.0, filamentVoltage: 70.0
2025-07-08 12:49:59 INFO  com.raymedis.rxviewui.modules.serialPortCom.SerialPortManager - setMa kv1: 70.0, ma1: 20.0
2025-07-08 12:49:59 INFO  com.raymedis.rxviewui.modules.serialPortCom.SerialPortManager - x: 175
2025-07-08 12:49:59 INFO  com.raymedis.rxviewui.modules.serialPortCom.SerialPortManager - Current Sent: 20.0
2025-07-08 12:49:59 INFO  com.raymedis.rxviewui.modules.serialPortCom.SerialPortManager - Calibration Val: 7.41
2025-07-08 12:49:59 INFO  com.raymedis.rxviewui.modules.serialPortCom.SerialPortManager - Calibration Val: 7.86
2025-07-08 12:49:59 INFO  com.raymedis.rxviewui.modules.serialPortCom.SerialPortManager - Calibration Val: 7.38
2025-07-08 12:49:59 INFO  com.raymedis.rxviewui.modules.serialPortCom.SerialPortManager - Calibration Val: 7.83
2025-07-08 12:49:59 INFO  com.raymedis.rxviewui.modules.serialPortCom.SerialPortManager - filamentCurrent: 7.41
2025-07-08 12:49:59 INFO  com.raymedis.rxviewui.modules.serialPortCom.SerialPortManager - KV Sent : 70.0
2025-07-08 12:49:59 INFO  com.raymedis.rxviewui.modules.serialPortCom.SerialPortManager - Calibration Val: 7.41
2025-07-08 12:49:59 INFO  com.raymedis.rxviewui.modules.serialPortCom.SerialPortManager - Calibration Val: 7.86
2025-07-08 12:49:59 INFO  com.raymedis.rxviewui.modules.serialPortCom.SerialPortManager - Calibration Val: 7.38
2025-07-08 12:49:59 INFO  com.raymedis.rxviewui.modules.serialPortCom.SerialPortManager - Calibration Val: 7.83
2025-07-08 12:49:59 INFO  com.raymedis.rxviewui.modules.serialPortCom.SerialPortManager - In short sending KV: 184
2025-07-08 12:49:59 INFO  com.raymedis.rxviewui.modules.serialPortCom.SerialPortManager - In byte sending KV: -72
2025-07-08 12:49:59 INFO  com.raymedis.serialPortCommunication.rxview_consolecom_old.TriggerCommandRxOld - Setting KV to: -72
2025-07-08 12:50:04 INFO  com.raymedis.rxviewui.service.study.StudyMainController - IncMa kv: 70.0,  MA: 20.0
2025-07-08 12:50:04 INFO  com.raymedis.rxviewui.modules.serialPortCom.SerialPortManager - received currentKv: 70.0, currentMa: 20.0
2025-07-08 12:50:04 INFO  com.raymedis.rxviewui.modules.serialPortCom.SerialPortManager - x 0, maxlength: 5
2025-07-08 12:50:04 INFO  com.raymedis.rxviewui.modules.serialPortCom.SerialPortManager - x 1, maxlength: 5
2025-07-08 12:50:04 INFO  com.raymedis.rxviewui.modules.serialPortCom.SerialPortManager - currentMa: 40.0
2025-07-08 12:50:04 INFO  com.raymedis.rxviewui.modules.serialPortCom.SerialPortManager - setMa kv1: 70.0, ma1: 40.0
2025-07-08 12:50:04 INFO  com.raymedis.rxviewui.modules.serialPortCom.SerialPortManager - x: 175
2025-07-08 12:50:04 INFO  com.raymedis.rxviewui.modules.serialPortCom.SerialPortManager - Current Sent: 40.0
2025-07-08 12:50:04 INFO  com.raymedis.rxviewui.modules.serialPortCom.SerialPortManager - Calibration Val: 7.86
2025-07-08 12:50:04 INFO  com.raymedis.rxviewui.modules.serialPortCom.SerialPortManager - Calibration Val: 7.86
2025-07-08 12:50:04 INFO  com.raymedis.rxviewui.modules.serialPortCom.SerialPortManager - Calibration Val: 7.83
2025-07-08 12:50:04 INFO  com.raymedis.rxviewui.modules.serialPortCom.SerialPortManager - Calibration Val: 7.83
2025-07-08 12:50:04 INFO  com.raymedis.rxviewui.modules.serialPortCom.SerialPortManager - filamentCurrent: 7.86
2025-07-08 12:50:04 INFO  com.raymedis.rxviewui.modules.serialPortCom.SerialPortManager - KV Sent : 70.0
2025-07-08 12:50:04 INFO  com.raymedis.rxviewui.modules.serialPortCom.SerialPortManager - Calibration Val: 7.86
2025-07-08 12:50:04 INFO  com.raymedis.rxviewui.modules.serialPortCom.SerialPortManager - Calibration Val: 7.86
2025-07-08 12:50:04 INFO  com.raymedis.rxviewui.modules.serialPortCom.SerialPortManager - Calibration Val: 7.83
2025-07-08 12:50:04 INFO  com.raymedis.rxviewui.modules.serialPortCom.SerialPortManager - Calibration Val: 7.83
2025-07-08 12:50:04 INFO  com.raymedis.rxviewui.modules.serialPortCom.SerialPortManager - In short sending KV: 195
2025-07-08 12:50:04 INFO  com.raymedis.rxviewui.modules.serialPortCom.SerialPortManager - In byte sending KV: -61
2025-07-08 12:50:04 INFO  com.raymedis.serialPortCommunication.rxview_consolecom_old.TriggerCommandRxOld - Setting KV to: -61
2025-07-08 12:50:04 INFO  com.raymedis.rxviewui.service.study.StudyMainController - IncMa kv: 70.0,  MA: 40.0
2025-07-08 12:50:04 INFO  com.raymedis.rxviewui.modules.serialPortCom.SerialPortManager - received currentKv: 70.0, currentMa: 40.0
2025-07-08 12:50:04 INFO  com.raymedis.rxviewui.modules.serialPortCom.SerialPortManager - x 1, maxlength: 5
2025-07-08 12:50:04 INFO  com.raymedis.rxviewui.modules.serialPortCom.SerialPortManager - x 2, maxlength: 5
2025-07-08 12:50:04 INFO  com.raymedis.rxviewui.modules.serialPortCom.SerialPortManager - currentMa: 60.0
2025-07-08 12:50:04 INFO  com.raymedis.rxviewui.modules.serialPortCom.SerialPortManager - setMa kv1: 70.0, ma1: 60.0
2025-07-08 12:50:04 INFO  com.raymedis.rxviewui.modules.serialPortCom.SerialPortManager - x: 175
2025-07-08 12:50:04 INFO  com.raymedis.rxviewui.modules.serialPortCom.SerialPortManager - Current Sent: 60.0
2025-07-08 12:50:04 INFO  com.raymedis.rxviewui.modules.serialPortCom.SerialPortManager - Calibration Val: 8.14
2025-07-08 12:50:04 INFO  com.raymedis.rxviewui.modules.serialPortCom.SerialPortManager - Calibration Val: 8.32
2025-07-08 12:50:04 INFO  com.raymedis.rxviewui.modules.serialPortCom.SerialPortManager - Calibration Val: 8.11
2025-07-08 12:50:04 INFO  com.raymedis.rxviewui.modules.serialPortCom.SerialPortManager - Calibration Val: 8.29
2025-07-08 12:50:04 INFO  com.raymedis.rxviewui.modules.serialPortCom.SerialPortManager - filamentCurrent: 8.14
2025-07-08 12:50:04 INFO  com.raymedis.rxviewui.modules.serialPortCom.SerialPortManager - KV Sent : 70.0
2025-07-08 12:50:04 INFO  com.raymedis.rxviewui.modules.serialPortCom.SerialPortManager - Calibration Val: 8.14
2025-07-08 12:50:04 INFO  com.raymedis.rxviewui.modules.serialPortCom.SerialPortManager - Calibration Val: 8.32
2025-07-08 12:50:04 INFO  com.raymedis.rxviewui.modules.serialPortCom.SerialPortManager - Calibration Val: 8.11
2025-07-08 12:50:04 INFO  com.raymedis.rxviewui.modules.serialPortCom.SerialPortManager - Calibration Val: 8.29
2025-07-08 12:50:04 INFO  com.raymedis.rxviewui.modules.serialPortCom.SerialPortManager - In short sending KV: 202
2025-07-08 12:50:04 INFO  com.raymedis.rxviewui.modules.serialPortCom.SerialPortManager - In byte sending KV: -54
2025-07-08 12:50:04 INFO  com.raymedis.serialPortCommunication.rxview_consolecom_old.TriggerCommandRxOld - Setting KV to: -54
2025-07-08 12:50:05 INFO  com.raymedis.rxviewui.service.study.StudyMainController - IncMa kv: 70.0,  MA: 60.0
2025-07-08 12:50:05 INFO  com.raymedis.rxviewui.modules.serialPortCom.SerialPortManager - received currentKv: 70.0, currentMa: 60.0
2025-07-08 12:50:05 INFO  com.raymedis.rxviewui.modules.serialPortCom.SerialPortManager - x 2, maxlength: 5
2025-07-08 12:50:05 INFO  com.raymedis.rxviewui.modules.serialPortCom.SerialPortManager - x 3, maxlength: 5
2025-07-08 12:50:05 INFO  com.raymedis.rxviewui.modules.serialPortCom.SerialPortManager - currentMa: 70.0
2025-07-08 12:50:05 INFO  com.raymedis.rxviewui.modules.serialPortCom.SerialPortManager - setMa kv1: 70.0, ma1: 70.0
2025-07-08 12:50:05 INFO  com.raymedis.rxviewui.modules.serialPortCom.SerialPortManager - x: 175
2025-07-08 12:50:05 INFO  com.raymedis.rxviewui.modules.serialPortCom.SerialPortManager - Current Sent: 70.0
2025-07-08 12:50:05 INFO  com.raymedis.rxviewui.modules.serialPortCom.SerialPortManager - Calibration Val: 8.14
2025-07-08 12:50:05 INFO  com.raymedis.rxviewui.modules.serialPortCom.SerialPortManager - Calibration Val: 8.32
2025-07-08 12:50:05 INFO  com.raymedis.rxviewui.modules.serialPortCom.SerialPortManager - Calibration Val: 8.11
2025-07-08 12:50:05 INFO  com.raymedis.rxviewui.modules.serialPortCom.SerialPortManager - Calibration Val: 8.29
2025-07-08 12:50:05 INFO  com.raymedis.rxviewui.modules.serialPortCom.SerialPortManager - filamentCurrent: 8.23
2025-07-08 12:50:05 INFO  com.raymedis.rxviewui.modules.serialPortCom.SerialPortManager - KV Sent : 70.0
2025-07-08 12:50:05 INFO  com.raymedis.rxviewui.modules.serialPortCom.SerialPortManager - Calibration Val: 8.14
2025-07-08 12:50:05 INFO  com.raymedis.rxviewui.modules.serialPortCom.SerialPortManager - Calibration Val: 8.32
2025-07-08 12:50:05 INFO  com.raymedis.rxviewui.modules.serialPortCom.SerialPortManager - Calibration Val: 8.11
2025-07-08 12:50:05 INFO  com.raymedis.rxviewui.modules.serialPortCom.SerialPortManager - Calibration Val: 8.29
2025-07-08 12:50:05 INFO  com.raymedis.rxviewui.modules.serialPortCom.SerialPortManager - In short sending KV: 204
2025-07-08 12:50:05 INFO  com.raymedis.rxviewui.modules.serialPortCom.SerialPortManager - In byte sending KV: -52
2025-07-08 12:50:05 INFO  com.raymedis.serialPortCommunication.rxview_consolecom_old.TriggerCommandRxOld - Setting KV to: -52
2025-07-08 12:50:05 INFO  com.raymedis.rxviewui.service.study.StudyMainController - IncMa kv: 70.0,  MA: 70.0
2025-07-08 12:50:05 INFO  com.raymedis.rxviewui.modules.serialPortCom.SerialPortManager - received currentKv: 70.0, currentMa: 70.0
2025-07-08 12:50:05 INFO  com.raymedis.rxviewui.modules.serialPortCom.SerialPortManager - x 3, maxlength: 5
2025-07-08 12:50:05 INFO  com.raymedis.rxviewui.modules.serialPortCom.SerialPortManager - x 4, maxlength: 5
2025-07-08 12:50:05 INFO  com.raymedis.rxviewui.modules.serialPortCom.SerialPortManager - currentMa: 80.0
2025-07-08 12:50:05 INFO  com.raymedis.rxviewui.modules.serialPortCom.SerialPortManager - setMa kv1: 70.0, ma1: 80.0
2025-07-08 12:50:05 INFO  com.raymedis.rxviewui.modules.serialPortCom.SerialPortManager - x: 175
2025-07-08 12:50:05 INFO  com.raymedis.rxviewui.modules.serialPortCom.SerialPortManager - Current Sent: 80.0
2025-07-08 12:50:05 INFO  com.raymedis.rxviewui.modules.serialPortCom.SerialPortManager - Calibration Val: 8.32
2025-07-08 12:50:05 INFO  com.raymedis.rxviewui.modules.serialPortCom.SerialPortManager - Calibration Val: 8.49
2025-07-08 12:50:05 INFO  com.raymedis.rxviewui.modules.serialPortCom.SerialPortManager - Calibration Val: 8.29
2025-07-08 12:50:05 INFO  com.raymedis.rxviewui.modules.serialPortCom.SerialPortManager - Calibration Val: 8.49
2025-07-08 12:50:05 INFO  com.raymedis.rxviewui.modules.serialPortCom.SerialPortManager - filamentCurrent: 8.32
2025-07-08 12:50:05 INFO  com.raymedis.rxviewui.modules.serialPortCom.SerialPortManager - KV Sent : 70.0
2025-07-08 12:50:05 INFO  com.raymedis.rxviewui.modules.serialPortCom.SerialPortManager - Calibration Val: 8.32
2025-07-08 12:50:05 INFO  com.raymedis.rxviewui.modules.serialPortCom.SerialPortManager - Calibration Val: 8.49
2025-07-08 12:50:05 INFO  com.raymedis.rxviewui.modules.serialPortCom.SerialPortManager - Calibration Val: 8.29
2025-07-08 12:50:05 INFO  com.raymedis.rxviewui.modules.serialPortCom.SerialPortManager - Calibration Val: 8.49
2025-07-08 12:50:05 INFO  com.raymedis.rxviewui.modules.serialPortCom.SerialPortManager - In short sending KV: 206
2025-07-08 12:50:05 INFO  com.raymedis.rxviewui.modules.serialPortCom.SerialPortManager - In byte sending KV: -50
2025-07-08 12:50:05 INFO  com.raymedis.serialPortCommunication.rxview_consolecom_old.TriggerCommandRxOld - Setting KV to: -50
2025-07-08 12:50:07 INFO  com.raymedis.rxviewui.service.study.StudyMainController - IncMa kv: 70.0,  MA: 80.0
2025-07-08 12:50:07 INFO  com.raymedis.rxviewui.modules.serialPortCom.SerialPortManager - received currentKv: 70.0, currentMa: 80.0
2025-07-08 12:50:07 INFO  com.raymedis.rxviewui.modules.serialPortCom.SerialPortManager - x 4, maxlength: 5
2025-07-08 12:50:07 INFO  com.raymedis.rxviewui.modules.serialPortCom.SerialPortManager - x 5, maxlength: 5
2025-07-08 12:50:07 INFO  com.raymedis.rxviewui.modules.serialPortCom.SerialPortManager - currentMa: 100.0
2025-07-08 12:50:07 INFO  com.raymedis.rxviewui.modules.serialPortCom.SerialPortManager - setMa kv1: 70.0, ma1: 100.0
2025-07-08 12:50:07 INFO  com.raymedis.rxviewui.modules.serialPortCom.SerialPortManager - x: 175
2025-07-08 12:50:07 INFO  com.raymedis.rxviewui.modules.serialPortCom.SerialPortManager - Current Sent: 100.0
2025-07-08 12:50:07 INFO  com.raymedis.rxviewui.modules.serialPortCom.SerialPortManager - Calibration Val: 8.49
2025-07-08 12:50:07 INFO  com.raymedis.rxviewui.modules.serialPortCom.SerialPortManager - Calibration Val: 8.7
2025-07-08 12:50:07 INFO  com.raymedis.rxviewui.modules.serialPortCom.SerialPortManager - Calibration Val: 8.49
2025-07-08 12:50:07 INFO  com.raymedis.rxviewui.modules.serialPortCom.SerialPortManager - Calibration Val: 8.7
2025-07-08 12:50:07 INFO  com.raymedis.rxviewui.modules.serialPortCom.SerialPortManager - filamentCurrent: 8.49
2025-07-08 12:50:07 INFO  com.raymedis.rxviewui.modules.serialPortCom.SerialPortManager - KV Sent : 70.0
2025-07-08 12:50:07 INFO  com.raymedis.rxviewui.modules.serialPortCom.SerialPortManager - Calibration Val: 8.49
2025-07-08 12:50:07 INFO  com.raymedis.rxviewui.modules.serialPortCom.SerialPortManager - Calibration Val: 8.7
2025-07-08 12:50:07 INFO  com.raymedis.rxviewui.modules.serialPortCom.SerialPortManager - Calibration Val: 8.49
2025-07-08 12:50:07 INFO  com.raymedis.rxviewui.modules.serialPortCom.SerialPortManager - Calibration Val: 8.7
2025-07-08 12:50:07 INFO  com.raymedis.rxviewui.modules.serialPortCom.SerialPortManager - In short sending KV: 211
2025-07-08 12:50:07 INFO  com.raymedis.rxviewui.modules.serialPortCom.SerialPortManager - In byte sending KV: -45
2025-07-08 12:50:07 INFO  com.raymedis.serialPortCommunication.rxview_consolecom_old.TriggerCommandRxOld - Setting KV to: -45
2025-07-08 12:50:09 INFO  com.raymedis.rxviewui.service.study.StudyMainController - IncMa kv: 70.0,  MA: 100.0
2025-07-08 12:50:09 INFO  com.raymedis.rxviewui.modules.serialPortCom.SerialPortManager - received currentKv: 70.0, currentMa: 100.0
2025-07-08 12:50:09 INFO  com.raymedis.rxviewui.modules.serialPortCom.SerialPortManager - x 5, maxlength: 5
2025-07-08 12:50:09 INFO  com.raymedis.rxviewui.modules.serialPortCom.SerialPortManager - x 5, maxlength: 5
2025-07-08 12:50:09 INFO  com.raymedis.rxviewui.modules.serialPortCom.SerialPortManager - currentMa: 100.0
2025-07-08 12:50:09 INFO  com.raymedis.rxviewui.modules.serialPortCom.SerialPortManager - setMa kv1: 70.0, ma1: 100.0
2025-07-08 12:50:09 INFO  com.raymedis.rxviewui.modules.serialPortCom.SerialPortManager - x: 175
2025-07-08 12:50:09 INFO  com.raymedis.rxviewui.modules.serialPortCom.SerialPortManager - Current Sent: 100.0
2025-07-08 12:50:09 INFO  com.raymedis.rxviewui.modules.serialPortCom.SerialPortManager - Calibration Val: 8.49
2025-07-08 12:50:09 INFO  com.raymedis.rxviewui.modules.serialPortCom.SerialPortManager - Calibration Val: 8.7
2025-07-08 12:50:09 INFO  com.raymedis.rxviewui.modules.serialPortCom.SerialPortManager - Calibration Val: 8.49
2025-07-08 12:50:09 INFO  com.raymedis.rxviewui.modules.serialPortCom.SerialPortManager - Calibration Val: 8.7
2025-07-08 12:50:09 INFO  com.raymedis.rxviewui.modules.serialPortCom.SerialPortManager - filamentCurrent: 8.49
2025-07-08 12:50:09 INFO  com.raymedis.rxviewui.modules.serialPortCom.SerialPortManager - KV Sent : 70.0
2025-07-08 12:50:09 INFO  com.raymedis.rxviewui.modules.serialPortCom.SerialPortManager - Calibration Val: 8.49
2025-07-08 12:50:09 INFO  com.raymedis.rxviewui.modules.serialPortCom.SerialPortManager - Calibration Val: 8.7
2025-07-08 12:50:09 INFO  com.raymedis.rxviewui.modules.serialPortCom.SerialPortManager - Calibration Val: 8.49
2025-07-08 12:50:09 INFO  com.raymedis.rxviewui.modules.serialPortCom.SerialPortManager - Calibration Val: 8.7
2025-07-08 12:50:09 INFO  com.raymedis.rxviewui.modules.serialPortCom.SerialPortManager - In short sending KV: 211
2025-07-08 12:50:09 INFO  com.raymedis.rxviewui.modules.serialPortCom.SerialPortManager - In byte sending KV: -45
2025-07-08 12:50:09 INFO  com.raymedis.serialPortCommunication.rxview_consolecom_old.TriggerCommandRxOld - Setting KV to: -45
2025-07-08 12:53:03 INFO  com.raymedis.rxviewui.service.study.StudyMainController - IncKv KV: 70.0,  MA: 100.0
2025-07-08 12:53:03 INFO  com.raymedis.rxviewui.modules.serialPortCom.SerialPortManager - incKv currentKv: 70.0, currentMa: 100.0
2025-07-08 12:53:03 INFO  com.raymedis.rxviewui.modules.serialPortCom.SerialPortManager - In mA 250
2025-07-08 12:53:03 INFO  com.raymedis.rxviewui.modules.serialPortCom.SerialPortManager - setMa kv1: 70.0, ma1: 100.0
2025-07-08 12:53:03 INFO  com.raymedis.rxviewui.modules.serialPortCom.SerialPortManager - x: 175
2025-07-08 12:53:03 INFO  com.raymedis.rxviewui.modules.serialPortCom.SerialPortManager - Current Sent: 100.0
2025-07-08 12:53:03 INFO  com.raymedis.rxviewui.modules.serialPortCom.SerialPortManager - Calibration Val: 8.49
2025-07-08 12:53:03 INFO  com.raymedis.rxviewui.modules.serialPortCom.SerialPortManager - Calibration Val: 8.7
2025-07-08 12:53:03 INFO  com.raymedis.rxviewui.modules.serialPortCom.SerialPortManager - Calibration Val: 8.49
2025-07-08 12:53:03 INFO  com.raymedis.rxviewui.modules.serialPortCom.SerialPortManager - Calibration Val: 8.7
2025-07-08 12:53:03 INFO  com.raymedis.rxviewui.modules.serialPortCom.SerialPortManager - filamentCurrent: 8.49
2025-07-08 12:53:03 INFO  com.raymedis.rxviewui.modules.serialPortCom.SerialPortManager - KV Sent : 70.0
2025-07-08 12:53:03 INFO  com.raymedis.rxviewui.modules.serialPortCom.SerialPortManager - Calibration Val: 8.49
2025-07-08 12:53:03 INFO  com.raymedis.rxviewui.modules.serialPortCom.SerialPortManager - Calibration Val: 8.7
2025-07-08 12:53:03 INFO  com.raymedis.rxviewui.modules.serialPortCom.SerialPortManager - Calibration Val: 8.49
2025-07-08 12:53:03 INFO  com.raymedis.rxviewui.modules.serialPortCom.SerialPortManager - Calibration Val: 8.7
2025-07-08 12:53:03 INFO  com.raymedis.rxviewui.modules.serialPortCom.SerialPortManager - In short sending KV: 211
2025-07-08 12:53:03 INFO  com.raymedis.rxviewui.modules.serialPortCom.SerialPortManager - In byte sending KV: -45
2025-07-08 12:53:03 INFO  com.raymedis.serialPortCommunication.rxview_consolecom_old.TriggerCommandRxOld - Setting KV to: -45
2025-07-08 12:53:15 INFO  com.raymedis.rxviewui.service.study.StudyMainController - IncKv KV: 70.0,  MA: 100.0
2025-07-08 12:53:15 INFO  com.raymedis.rxviewui.modules.serialPortCom.SerialPortManager - incKv currentKv: 70.0, currentMa: 100.0
2025-07-08 12:53:15 INFO  com.raymedis.rxviewui.modules.serialPortCom.SerialPortManager - In mA 250
2025-07-08 12:53:15 INFO  com.raymedis.rxviewui.modules.serialPortCom.SerialPortManager - setMa kv1: 70.0, ma1: 100.0
2025-07-08 12:53:15 INFO  com.raymedis.rxviewui.modules.serialPortCom.SerialPortManager - x: 175
2025-07-08 12:53:15 INFO  com.raymedis.rxviewui.modules.serialPortCom.SerialPortManager - Current Sent: 100.0
2025-07-08 12:53:15 INFO  com.raymedis.rxviewui.modules.serialPortCom.SerialPortManager - Calibration Val: 8.49
2025-07-08 12:53:15 INFO  com.raymedis.rxviewui.modules.serialPortCom.SerialPortManager - Calibration Val: 8.7
2025-07-08 12:53:15 INFO  com.raymedis.rxviewui.modules.serialPortCom.SerialPortManager - Calibration Val: 8.49
2025-07-08 12:53:15 INFO  com.raymedis.rxviewui.modules.serialPortCom.SerialPortManager - Calibration Val: 8.7
2025-07-08 12:53:15 INFO  com.raymedis.rxviewui.modules.serialPortCom.SerialPortManager - filamentCurrent: 8.49
2025-07-08 12:53:15 INFO  com.raymedis.rxviewui.modules.serialPortCom.SerialPortManager - KV Sent : 70.0
2025-07-08 12:53:15 INFO  com.raymedis.rxviewui.modules.serialPortCom.SerialPortManager - Calibration Val: 8.49
2025-07-08 12:53:15 INFO  com.raymedis.rxviewui.modules.serialPortCom.SerialPortManager - Calibration Val: 8.7
2025-07-08 12:53:15 INFO  com.raymedis.rxviewui.modules.serialPortCom.SerialPortManager - Calibration Val: 8.49
2025-07-08 12:53:15 INFO  com.raymedis.rxviewui.modules.serialPortCom.SerialPortManager - Calibration Val: 8.7
2025-07-08 12:53:15 INFO  com.raymedis.rxviewui.modules.serialPortCom.SerialPortManager - In short sending KV: 211
2025-07-08 12:53:15 INFO  com.raymedis.rxviewui.modules.serialPortCom.SerialPortManager - In byte sending KV: -45
2025-07-08 12:53:15 INFO  com.raymedis.serialPortCommunication.rxview_consolecom_old.TriggerCommandRxOld - Setting KV to: -45
2025-07-08 12:53:19 INFO  com.raymedis.rxviewui.service.study.StudyMainController - DecKv KV: 70.0, MA: 100.0
2025-07-08 12:53:19 INFO  com.raymedis.rxviewui.modules.serialPortCom.SerialPortManager - decKv currentKv: 70.0, currentMa: 100.0
2025-07-08 12:53:19 INFO  com.raymedis.rxviewui.modules.serialPortCom.SerialPortManager - In mA 250
2025-07-08 12:53:19 INFO  com.raymedis.rxviewui.modules.serialPortCom.SerialPortManager - setMa kv1: 69.0, ma1: 100.0
2025-07-08 12:53:19 INFO  com.raymedis.rxviewui.modules.serialPortCom.SerialPortManager - x: 173
2025-07-08 12:53:19 INFO  com.raymedis.rxviewui.modules.serialPortCom.SerialPortManager - Current Sent: 100.0
2025-07-08 12:53:19 INFO  com.raymedis.rxviewui.modules.serialPortCom.SerialPortManager - Calibration Val: 8.52
2025-07-08 12:53:19 INFO  com.raymedis.rxviewui.modules.serialPortCom.SerialPortManager - Calibration Val: 8.7
2025-07-08 12:53:19 INFO  com.raymedis.rxviewui.modules.serialPortCom.SerialPortManager - Calibration Val: 8.49
2025-07-08 12:53:19 INFO  com.raymedis.rxviewui.modules.serialPortCom.SerialPortManager - Calibration Val: 8.7
2025-07-08 12:53:19 INFO  com.raymedis.rxviewui.modules.serialPortCom.SerialPortManager - filamentCurrent: 8.493
2025-07-08 12:53:19 INFO  com.raymedis.rxviewui.modules.serialPortCom.SerialPortManager - KV Sent : 69.0
2025-07-08 12:53:19 INFO  com.raymedis.rxviewui.modules.serialPortCom.SerialPortManager - Calibration Val: 8.52
2025-07-08 12:53:19 INFO  com.raymedis.rxviewui.modules.serialPortCom.SerialPortManager - Calibration Val: 8.7
2025-07-08 12:53:19 INFO  com.raymedis.rxviewui.modules.serialPortCom.SerialPortManager - Calibration Val: 8.49
2025-07-08 12:53:19 INFO  com.raymedis.rxviewui.modules.serialPortCom.SerialPortManager - Calibration Val: 8.7
2025-07-08 12:53:19 INFO  com.raymedis.rxviewui.modules.serialPortCom.SerialPortManager - In short sending KV: 211
2025-07-08 12:53:19 INFO  com.raymedis.rxviewui.modules.serialPortCom.SerialPortManager - In byte sending KV: -45
2025-07-08 12:53:19 INFO  com.raymedis.serialPortCommunication.rxview_consolecom_old.TriggerCommandRxOld - Setting KV to: -45
2025-07-08 12:53:21 INFO  com.raymedis.rxviewui.service.study.StudyMainController - DecKv KV: 69.0, MA: 100.0
2025-07-08 12:53:21 INFO  com.raymedis.rxviewui.modules.serialPortCom.SerialPortManager - decKv currentKv: 69.0, currentMa: 100.0
2025-07-08 12:53:21 INFO  com.raymedis.rxviewui.modules.serialPortCom.SerialPortManager - In mA 250
2025-07-08 12:53:21 INFO  com.raymedis.rxviewui.modules.serialPortCom.SerialPortManager - setMa kv1: 68.0, ma1: 100.0
2025-07-08 12:53:21 INFO  com.raymedis.rxviewui.modules.serialPortCom.SerialPortManager - x: 170
2025-07-08 12:53:21 INFO  com.raymedis.rxviewui.modules.serialPortCom.SerialPortManager - Current Sent: 100.0
2025-07-08 12:53:21 INFO  com.raymedis.rxviewui.modules.serialPortCom.SerialPortManager - Calibration Val: 8.52
2025-07-08 12:53:21 INFO  com.raymedis.rxviewui.modules.serialPortCom.SerialPortManager - Calibration Val: 8.7
2025-07-08 12:53:21 INFO  com.raymedis.rxviewui.modules.serialPortCom.SerialPortManager - Calibration Val: 8.49
2025-07-08 12:53:21 INFO  com.raymedis.rxviewui.modules.serialPortCom.SerialPortManager - Calibration Val: 8.7
2025-07-08 12:53:21 INFO  com.raymedis.rxviewui.modules.serialPortCom.SerialPortManager - filamentCurrent: 8.496
2025-07-08 12:53:21 INFO  com.raymedis.rxviewui.modules.serialPortCom.SerialPortManager - KV Sent : 68.0
2025-07-08 12:53:21 INFO  com.raymedis.rxviewui.modules.serialPortCom.SerialPortManager - Calibration Val: 8.52
2025-07-08 12:53:21 INFO  com.raymedis.rxviewui.modules.serialPortCom.SerialPortManager - Calibration Val: 8.7
2025-07-08 12:53:21 INFO  com.raymedis.rxviewui.modules.serialPortCom.SerialPortManager - Calibration Val: 8.49
2025-07-08 12:53:21 INFO  com.raymedis.rxviewui.modules.serialPortCom.SerialPortManager - Calibration Val: 8.7
2025-07-08 12:53:21 INFO  com.raymedis.rxviewui.modules.serialPortCom.SerialPortManager - In short sending KV: 211
2025-07-08 12:53:21 INFO  com.raymedis.rxviewui.modules.serialPortCom.SerialPortManager - In byte sending KV: -45
2025-07-08 12:53:21 INFO  com.raymedis.serialPortCommunication.rxview_consolecom_old.TriggerCommandRxOld - Setting KV to: -45
2025-07-08 12:53:38 INFO  com.raymedis.rxviewui.service.study.StudyMainController - DecKv KV: 68.0, MA: 100.0
2025-07-08 12:53:38 INFO  com.raymedis.rxviewui.modules.serialPortCom.SerialPortManager - decKv currentKv: 68.0, currentMa: 100.0
2025-07-08 12:53:38 INFO  com.raymedis.rxviewui.modules.serialPortCom.SerialPortManager - In mA 250
2025-07-08 12:53:38 INFO  com.raymedis.rxviewui.modules.serialPortCom.SerialPortManager - setMa kv1: 67.0, ma1: 100.0
2025-07-08 12:53:38 INFO  com.raymedis.rxviewui.modules.serialPortCom.SerialPortManager - x: 168
2025-07-08 12:53:38 INFO  com.raymedis.rxviewui.modules.serialPortCom.SerialPortManager - Current Sent: 100.0
2025-07-08 12:53:38 INFO  com.raymedis.rxviewui.modules.serialPortCom.SerialPortManager - Calibration Val: 8.52
2025-07-08 12:53:38 INFO  com.raymedis.rxviewui.modules.serialPortCom.SerialPortManager - Calibration Val: 8.7
2025-07-08 12:53:38 INFO  com.raymedis.rxviewui.modules.serialPortCom.SerialPortManager - Calibration Val: 8.49
2025-07-08 12:53:38 INFO  com.raymedis.rxviewui.modules.serialPortCom.SerialPortManager - Calibration Val: 8.7
2025-07-08 12:53:38 INFO  com.raymedis.rxviewui.modules.serialPortCom.SerialPortManager - filamentCurrent: 8.499
2025-07-08 12:53:38 INFO  com.raymedis.rxviewui.modules.serialPortCom.SerialPortManager - KV Sent : 67.0
2025-07-08 12:53:38 INFO  com.raymedis.rxviewui.modules.serialPortCom.SerialPortManager - Calibration Val: 8.52
2025-07-08 12:53:38 INFO  com.raymedis.rxviewui.modules.serialPortCom.SerialPortManager - Calibration Val: 8.7
2025-07-08 12:53:38 INFO  com.raymedis.rxviewui.modules.serialPortCom.SerialPortManager - Calibration Val: 8.49
2025-07-08 12:53:38 INFO  com.raymedis.rxviewui.modules.serialPortCom.SerialPortManager - Calibration Val: 8.7
2025-07-08 12:53:38 INFO  com.raymedis.rxviewui.modules.serialPortCom.SerialPortManager - In short sending KV: 211
2025-07-08 12:53:38 INFO  com.raymedis.rxviewui.modules.serialPortCom.SerialPortManager - In byte sending KV: -45
2025-07-08 12:53:38 INFO  com.raymedis.serialPortCommunication.rxview_consolecom_old.TriggerCommandRxOld - Setting KV to: -45
2025-07-08 12:53:50 INFO  com.raymedis.rxviewui.service.study.StudyMainController - DecMa kv: 67.0,  MA: 100.0
2025-07-08 12:53:50 INFO  com.raymedis.rxviewui.modules.serialPortCom.SerialPortManager - decMA currentKv: 67.0, currentMa: 100.0
2025-07-08 12:53:50 INFO  com.raymedis.rxviewui.modules.serialPortCom.SerialPortManager - Current mA value: 100
2025-07-08 12:53:50 INFO  com.raymedis.rxviewui.modules.serialPortCom.SerialPortManager - x before decrement: 5, mAkW size: 6
2025-07-08 12:53:50 INFO  com.raymedis.rxviewui.modules.serialPortCom.SerialPortManager - x after decrement: 4, mAkW size: 6
2025-07-08 12:53:50 INFO  com.raymedis.rxviewui.modules.serialPortCom.SerialPortManager - New filamentCurrent: 80.0, filamentVoltage: 67.0
2025-07-08 12:53:50 INFO  com.raymedis.rxviewui.modules.serialPortCom.SerialPortManager - setMa kv1: 67.0, ma1: 80.0
2025-07-08 12:53:50 INFO  com.raymedis.rxviewui.modules.serialPortCom.SerialPortManager - x: 168
2025-07-08 12:53:50 INFO  com.raymedis.rxviewui.modules.serialPortCom.SerialPortManager - Current Sent: 80.0
2025-07-08 12:53:50 INFO  com.raymedis.rxviewui.modules.serialPortCom.SerialPortManager - Calibration Val: 8.35
2025-07-08 12:53:50 INFO  com.raymedis.rxviewui.modules.serialPortCom.SerialPortManager - Calibration Val: 8.52
2025-07-08 12:53:50 INFO  com.raymedis.rxviewui.modules.serialPortCom.SerialPortManager - Calibration Val: 8.32
2025-07-08 12:53:50 INFO  com.raymedis.rxviewui.modules.serialPortCom.SerialPortManager - Calibration Val: 8.49
2025-07-08 12:53:50 INFO  com.raymedis.rxviewui.modules.serialPortCom.SerialPortManager - filamentCurrent: 8.329
2025-07-08 12:53:50 INFO  com.raymedis.rxviewui.modules.serialPortCom.SerialPortManager - KV Sent : 67.0
2025-07-08 12:53:50 INFO  com.raymedis.rxviewui.modules.serialPortCom.SerialPortManager - Calibration Val: 8.35
2025-07-08 12:53:50 INFO  com.raymedis.rxviewui.modules.serialPortCom.SerialPortManager - Calibration Val: 8.52
2025-07-08 12:53:50 INFO  com.raymedis.rxviewui.modules.serialPortCom.SerialPortManager - Calibration Val: 8.32
2025-07-08 12:53:50 INFO  com.raymedis.rxviewui.modules.serialPortCom.SerialPortManager - Calibration Val: 8.49
2025-07-08 12:53:50 INFO  com.raymedis.rxviewui.modules.serialPortCom.SerialPortManager - In short sending KV: 207
2025-07-08 12:53:50 INFO  com.raymedis.rxviewui.modules.serialPortCom.SerialPortManager - In byte sending KV: -49
2025-07-08 12:53:50 INFO  com.raymedis.serialPortCommunication.rxview_consolecom_old.TriggerCommandRxOld - Setting KV to: -49
2025-07-08 12:54:21 INFO  com.raymedis.rxviewui.service.study.StudyMainController - IncMa kv: 67.0,  MA: 80.0
2025-07-08 12:54:21 INFO  com.raymedis.rxviewui.modules.serialPortCom.SerialPortManager - received currentKv: 67.0, currentMa: 80.0
2025-07-08 12:54:21 INFO  com.raymedis.rxviewui.modules.serialPortCom.SerialPortManager - x 4, maxlength: 5
2025-07-08 12:54:21 INFO  com.raymedis.rxviewui.modules.serialPortCom.SerialPortManager - x 5, maxlength: 5
2025-07-08 12:54:21 INFO  com.raymedis.rxviewui.modules.serialPortCom.SerialPortManager - currentMa: 100.0
2025-07-08 12:54:21 INFO  com.raymedis.rxviewui.modules.serialPortCom.SerialPortManager - setMa kv1: 67.0, ma1: 100.0
2025-07-08 12:54:21 INFO  com.raymedis.rxviewui.modules.serialPortCom.SerialPortManager - x: 168
2025-07-08 12:54:21 INFO  com.raymedis.rxviewui.modules.serialPortCom.SerialPortManager - Current Sent: 100.0
2025-07-08 12:54:21 INFO  com.raymedis.rxviewui.modules.serialPortCom.SerialPortManager - Calibration Val: 8.52
2025-07-08 12:54:21 INFO  com.raymedis.rxviewui.modules.serialPortCom.SerialPortManager - Calibration Val: 8.7
2025-07-08 12:54:21 INFO  com.raymedis.rxviewui.modules.serialPortCom.SerialPortManager - Calibration Val: 8.49
2025-07-08 12:54:21 INFO  com.raymedis.rxviewui.modules.serialPortCom.SerialPortManager - Calibration Val: 8.7
2025-07-08 12:54:21 INFO  com.raymedis.rxviewui.modules.serialPortCom.SerialPortManager - filamentCurrent: 8.499
2025-07-08 12:54:21 INFO  com.raymedis.rxviewui.modules.serialPortCom.SerialPortManager - KV Sent : 67.0
2025-07-08 12:54:21 INFO  com.raymedis.rxviewui.modules.serialPortCom.SerialPortManager - Calibration Val: 8.52
2025-07-08 12:54:21 INFO  com.raymedis.rxviewui.modules.serialPortCom.SerialPortManager - Calibration Val: 8.7
2025-07-08 12:54:21 INFO  com.raymedis.rxviewui.modules.serialPortCom.SerialPortManager - Calibration Val: 8.49
2025-07-08 12:54:21 INFO  com.raymedis.rxviewui.modules.serialPortCom.SerialPortManager - Calibration Val: 8.7
2025-07-08 12:54:21 INFO  com.raymedis.rxviewui.modules.serialPortCom.SerialPortManager - In short sending KV: 211
2025-07-08 12:54:21 INFO  com.raymedis.rxviewui.modules.serialPortCom.SerialPortManager - In byte sending KV: -45
2025-07-08 12:54:21 INFO  com.raymedis.serialPortCommunication.rxview_consolecom_old.TriggerCommandRxOld - Setting KV to: -45
2025-07-08 12:54:36 INFO  com.raymedis.rxviewui.service.study.StudyMainController - DecMa kv: 67.0,  MA: 100.0
2025-07-08 12:54:36 INFO  com.raymedis.rxviewui.modules.serialPortCom.SerialPortManager - decMA currentKv: 67.0, currentMa: 100.0
2025-07-08 12:54:36 INFO  com.raymedis.rxviewui.modules.serialPortCom.SerialPortManager - Current mA value: 100
2025-07-08 12:54:36 INFO  com.raymedis.rxviewui.modules.serialPortCom.SerialPortManager - x before decrement: 5, mAkW size: 6
2025-07-08 12:54:36 INFO  com.raymedis.rxviewui.modules.serialPortCom.SerialPortManager - x after decrement: 4, mAkW size: 6
2025-07-08 12:54:36 INFO  com.raymedis.rxviewui.modules.serialPortCom.SerialPortManager - New filamentCurrent: 80.0, filamentVoltage: 67.0
2025-07-08 12:54:36 INFO  com.raymedis.rxviewui.modules.serialPortCom.SerialPortManager - setMa kv1: 67.0, ma1: 80.0
2025-07-08 12:54:36 INFO  com.raymedis.rxviewui.modules.serialPortCom.SerialPortManager - x: 168
2025-07-08 12:54:36 INFO  com.raymedis.rxviewui.modules.serialPortCom.SerialPortManager - Current Sent: 80.0
2025-07-08 12:54:36 INFO  com.raymedis.rxviewui.modules.serialPortCom.SerialPortManager - Calibration Val: 8.35
2025-07-08 12:54:36 INFO  com.raymedis.rxviewui.modules.serialPortCom.SerialPortManager - Calibration Val: 8.52
2025-07-08 12:54:36 INFO  com.raymedis.rxviewui.modules.serialPortCom.SerialPortManager - Calibration Val: 8.32
2025-07-08 12:54:36 INFO  com.raymedis.rxviewui.modules.serialPortCom.SerialPortManager - Calibration Val: 8.49
2025-07-08 12:54:36 INFO  com.raymedis.rxviewui.modules.serialPortCom.SerialPortManager - filamentCurrent: 8.329
2025-07-08 12:54:36 INFO  com.raymedis.rxviewui.modules.serialPortCom.SerialPortManager - KV Sent : 67.0
2025-07-08 12:54:36 INFO  com.raymedis.rxviewui.modules.serialPortCom.SerialPortManager - Calibration Val: 8.35
2025-07-08 12:54:36 INFO  com.raymedis.rxviewui.modules.serialPortCom.SerialPortManager - Calibration Val: 8.52
2025-07-08 12:54:36 INFO  com.raymedis.rxviewui.modules.serialPortCom.SerialPortManager - Calibration Val: 8.32
2025-07-08 12:54:36 INFO  com.raymedis.rxviewui.modules.serialPortCom.SerialPortManager - Calibration Val: 8.49
2025-07-08 12:54:36 INFO  com.raymedis.rxviewui.modules.serialPortCom.SerialPortManager - In short sending KV: 207
2025-07-08 12:54:36 INFO  com.raymedis.rxviewui.modules.serialPortCom.SerialPortManager - In byte sending KV: -49
2025-07-08 12:54:36 INFO  com.raymedis.serialPortCommunication.rxview_consolecom_old.TriggerCommandRxOld - Setting KV to: -49
2025-07-08 12:54:41 INFO  com.raymedis.rxviewui.service.study.StudyMainController - DecMa kv: 67.0,  MA: 80.0
2025-07-08 12:54:41 INFO  com.raymedis.rxviewui.modules.serialPortCom.SerialPortManager - decMA currentKv: 67.0, currentMa: 80.0
2025-07-08 12:54:41 INFO  com.raymedis.rxviewui.modules.serialPortCom.SerialPortManager - Current mA value: 80
2025-07-08 12:54:41 INFO  com.raymedis.rxviewui.modules.serialPortCom.SerialPortManager - x before decrement: 4, mAkW size: 6
2025-07-08 12:54:41 INFO  com.raymedis.rxviewui.modules.serialPortCom.SerialPortManager - x after decrement: 3, mAkW size: 6
2025-07-08 12:54:41 INFO  com.raymedis.rxviewui.modules.serialPortCom.SerialPortManager - New filamentCurrent: 70.0, filamentVoltage: 67.0
2025-07-08 12:54:41 INFO  com.raymedis.rxviewui.modules.serialPortCom.SerialPortManager - setMa kv1: 67.0, ma1: 70.0
2025-07-08 12:54:41 INFO  com.raymedis.rxviewui.modules.serialPortCom.SerialPortManager - x: 168
2025-07-08 12:54:41 INFO  com.raymedis.rxviewui.modules.serialPortCom.SerialPortManager - Current Sent: 70.0
2025-07-08 12:54:41 INFO  com.raymedis.rxviewui.modules.serialPortCom.SerialPortManager - Calibration Val: 8.17
2025-07-08 12:54:41 INFO  com.raymedis.rxviewui.modules.serialPortCom.SerialPortManager - Calibration Val: 8.35
2025-07-08 12:54:41 INFO  com.raymedis.rxviewui.modules.serialPortCom.SerialPortManager - Calibration Val: 8.14
2025-07-08 12:54:41 INFO  com.raymedis.rxviewui.modules.serialPortCom.SerialPortManager - Calibration Val: 8.32
2025-07-08 12:54:41 INFO  com.raymedis.rxviewui.modules.serialPortCom.SerialPortManager - filamentCurrent: 8.239
2025-07-08 12:54:41 INFO  com.raymedis.rxviewui.modules.serialPortCom.SerialPortManager - KV Sent : 67.0
2025-07-08 12:54:41 INFO  com.raymedis.rxviewui.modules.serialPortCom.SerialPortManager - Calibration Val: 8.17
2025-07-08 12:54:41 INFO  com.raymedis.rxviewui.modules.serialPortCom.SerialPortManager - Calibration Val: 8.35
2025-07-08 12:54:41 INFO  com.raymedis.rxviewui.modules.serialPortCom.SerialPortManager - Calibration Val: 8.14
2025-07-08 12:54:41 INFO  com.raymedis.rxviewui.modules.serialPortCom.SerialPortManager - Calibration Val: 8.32
2025-07-08 12:54:41 INFO  com.raymedis.rxviewui.modules.serialPortCom.SerialPortManager - In short sending KV: 204
2025-07-08 12:54:41 INFO  com.raymedis.rxviewui.modules.serialPortCom.SerialPortManager - In byte sending KV: -52
2025-07-08 12:54:41 INFO  com.raymedis.serialPortCommunication.rxview_consolecom_old.TriggerCommandRxOld - Setting KV to: -52
2025-07-08 12:55:38 INFO  com.raymedis.serialPortCommunication.rxview_consolecom_old.ReceiveCommandRxOld - Read bytes: [117]
2025-07-08 12:55:38 INFO  com.raymedis.serialPortCommunication.rxview_consolecom_old.ReceiveCommandRxOld - Received EXPOSE_FAIL command.
2025-07-08 12:55:38 INFO  com.raymedis.serialPortCommunication.rxview_consolecom_old.ReceiveCommandRxOld - Read thread is stopping.
2025-07-08 12:55:38 INFO  com.raymedis.rxviewui.modules.serialPortCom.SerialPortCommunicationService - Received response: EXPOSE_UNSUCCESS
2025-07-08 12:55:38 INFO  com.raymedis.rxviewui.modules.serialPortCom.SerialPortCommunicationService - Received response: EXPOSE_UNSUCCESS
2025-07-08 12:55:38 INFO  com.raymedis.rxviewui.modules.serialPortCom.SerialPortCommunicationService - Exposure failed.
