2025-07-08 12:40:56 INFO  com.raymedis.rxviewui.controller.LoginPage - logged In
2025-07-08 12:40:56 INFO  com.raymedis.rxviewui.service.login.LoginController - 192.168.12.10
2025-07-08 12:40:56 INFO  com.raymedis.rxviewui.service.login.LoginController - No Wi-Fi interface found or no IPv4 address assigned.
2025-07-08 12:41:07 INFO  com.raymedis.serialPortCommunication.rxview_consolecom_old.RxPanelInitializationOld - Available COM ports:
2025-07-08 12:41:07 INFO  com.raymedis.serialPortCommunication.rxview_consolecom_old.RxPanelInitializationOld - - COM6: USB-SERIAL CH340 (COM6)
2025-07-08 12:41:07 INFO  com.raymedis.serialPortCommunication.rxview_consolecom_old.RxPanelInitializationOld - - COM5: USB-SERIAL CH340 (COM5)
2025-07-08 12:41:07 INFO  com.raymedis.serialPortCommunication.rxview_consolecom_old.RxPanelInitializationOld - Available COM ports:
2025-07-08 12:41:07 INFO  com.raymedis.serialPortCommunication.rxview_consolecom_old.RxPanelInitializationOld - - COM6: USB-SERIAL CH340 (COM6)
2025-07-08 12:41:07 INFO  com.raymedis.serialPortCommunication.rxview_consolecom_old.RxPanelInitializationOld - - COM5: USB-SERIAL CH340 (COM5)
2025-07-08 12:41:07 INFO  com.raymedis.serialPortCommunication.rxview_consolecom_old.RxPanelInitializationOld - Connected to RX panel.
2025-07-08 12:41:07 INFO  com.raymedis.serialPortCommunication.rxview_consolecom_old.ReceiveCommandRxOld - requested interlocks, attempt 1
2025-07-08 12:41:08 INFO  com.raymedis.serialPortCommunication.rxview_consolecom_old.ReceiveCommandRxOld - Read bytes: [119, 1, 1, 1, 1, 1, 0]
2025-07-08 12:41:08 INFO  com.raymedis.serialPortCommunication.rxview_consolecom_old.ReceiveCommandRxOld - Interlock count: 5
2025-07-08 12:41:08 INFO  com.raymedis.serialPortCommunication.rxview_consolecom_old.ReceiveCommandRxOld - Interlock count: 4
2025-07-08 12:41:08 INFO  com.raymedis.serialPortCommunication.rxview_consolecom_old.ReceiveCommandRxOld - Interlock count: 3
2025-07-08 12:41:08 INFO  com.raymedis.serialPortCommunication.rxview_consolecom_old.ReceiveCommandRxOld - Interlock count: 2
2025-07-08 12:41:08 INFO  com.raymedis.serialPortCommunication.rxview_consolecom_old.ReceiveCommandRxOld - Interlock count: 1
2025-07-08 12:41:08 INFO  com.raymedis.serialPortCommunication.rxview_consolecom_old.ReceiveCommandRxOld - Interlock count: 0
2025-07-08 12:41:08 INFO  com.raymedis.serialPortCommunication.rxview_consolecom_old.ReceiveCommandRxOld - Interlock: 
2025-07-08 12:41:08 INFO  com.raymedis.serialPortCommunication.rxview_consolecom_old.ReceiveCommandRxOld - all faults: true true true true true true
2025-07-08 12:41:08 INFO  com.raymedis.serialPortCommunication.rxview_consolecom_old.ReceiveCommandRxOld - Detected Faults:
2025-07-08 12:41:08 INFO  com.raymedis.serialPortCommunication.rxview_consolecom_old.ReceiveCommandRxOld - Overvoltage: false
2025-07-08 12:41:08 INFO  com.raymedis.serialPortCommunication.rxview_consolecom_old.ReceiveCommandRxOld - Filament: false
2025-07-08 12:41:08 INFO  com.raymedis.serialPortCommunication.rxview_consolecom_old.ReceiveCommandRxOld - Thermal: false
2025-07-08 12:41:08 INFO  com.raymedis.serialPortCommunication.rxview_consolecom_old.ReceiveCommandRxOld - Rotor: false
2025-07-08 12:41:08 INFO  com.raymedis.serialPortCommunication.rxview_consolecom_old.ReceiveCommandRxOld - Overcurrent: false
2025-07-08 12:41:08 INFO  com.raymedis.serialPortCommunication.rxview_consolecom_old.ReceiveCommandRxOld - GOS: false
2025-07-08 12:41:08 INFO  com.raymedis.serialPortCommunication.rxview_consolecom_old.RxPanelInitializationOld - Interlocks retrieved successfully.
2025-07-08 12:41:08 INFO  com.raymedis.serialPortCommunication.rxview_consolecom_old.RxPanelInitializationOld - Calling X-ray mode set.
2025-07-08 12:41:08 INFO  com.raymedis.rxviewui.service.study.StudyMainController - done
2025-07-08 12:41:10 INFO  com.raymedis.serialPortCommunication.rxview_consolecom_old.ReceiveCommandRxOld - Read bytes: [97]
2025-07-08 12:41:10 INFO  com.raymedis.serialPortCommunication.rxview_consolecom_old.ReceiveCommandRxOld - Received DO_NOTHING command.
2025-07-08 12:41:10 INFO  com.raymedis.serialPortCommunication.rxview_consolecom_old.ReceiveCommandRxOld - Received DO_NOTHING command commandExecuteAsync.
2025-07-08 12:41:10 INFO  com.raymedis.rxviewui.modules.serialPortCom.SerialPortCommunicationService - Received response: DO_NOTHING
2025-07-08 12:41:10 INFO  com.raymedis.rxviewui.modules.serialPortCom.SerialPortCommunicationService - Received response: DO_NOTHING
2025-07-08 12:41:10 INFO  com.raymedis.rxviewui.service.study.StudyMainController - Console is ON
2025-07-08 12:41:10 INFO  com.raymedis.rxviewui.service.study.StudyMainController - Setting console values for body part: Chest
2025-07-08 12:41:10 INFO  com.raymedis.rxviewui.modules.serialPortCom.SerialPortManager - Setting Xray Console - kv: 70.0, ma: 80, mas: 4.0
2025-07-08 12:41:10 INFO  com.raymedis.rxviewui.modules.serialPortCom.SerialPortManager - setMa kv1: 70.0, ma1: 80.0
2025-07-08 12:41:10 INFO  com.raymedis.rxviewui.modules.serialPortCom.SerialPortManager - x: 175
2025-07-08 12:41:10 INFO  com.raymedis.rxviewui.modules.serialPortCom.SerialPortManager - Current Sent: 80.0
2025-07-08 12:41:10 INFO  com.raymedis.rxviewui.modules.serialPortCom.SerialPortManager - Calibration Val: 8.32
2025-07-08 12:41:10 INFO  com.raymedis.rxviewui.modules.serialPortCom.SerialPortManager - Calibration Val: 8.49
2025-07-08 12:41:10 INFO  com.raymedis.rxviewui.modules.serialPortCom.SerialPortManager - Calibration Val: 8.29
2025-07-08 12:41:10 INFO  com.raymedis.rxviewui.modules.serialPortCom.SerialPortManager - Calibration Val: 8.49
2025-07-08 12:41:10 INFO  com.raymedis.rxviewui.modules.serialPortCom.SerialPortManager - filamentCurrent: 8.32
2025-07-08 12:41:10 INFO  com.raymedis.rxviewui.modules.serialPortCom.SerialPortManager - KV Sent : 70.0
2025-07-08 12:41:10 INFO  com.raymedis.rxviewui.modules.serialPortCom.SerialPortManager - Calibration Val: 8.32
2025-07-08 12:41:10 INFO  com.raymedis.rxviewui.modules.serialPortCom.SerialPortManager - Calibration Val: 8.49
2025-07-08 12:41:10 INFO  com.raymedis.rxviewui.modules.serialPortCom.SerialPortManager - Calibration Val: 8.29
2025-07-08 12:41:10 INFO  com.raymedis.rxviewui.modules.serialPortCom.SerialPortManager - Calibration Val: 8.49
2025-07-08 12:41:10 INFO  com.raymedis.rxviewui.modules.serialPortCom.SerialPortManager - In short sending KV: 206
2025-07-08 12:41:10 INFO  com.raymedis.rxviewui.modules.serialPortCom.SerialPortManager - In byte sending KV: -50
2025-07-08 12:41:10 INFO  com.raymedis.rxviewui.modules.serialPortCom.SerialPortManager - Exposure Time Sent - 50
2025-07-08 12:41:10 INFO  com.raymedis.serialPortCommunication.rxview_consolecom_old.TriggerCommandRxOld - Setting KV to: -50
2025-07-08 12:41:18 INFO  com.raymedis.rxviewui.service.study.StudyMainController - IncMa kv: 70.0,  MA: 80.0
2025-07-08 12:41:18 INFO  com.raymedis.rxviewui.modules.serialPortCom.SerialPortManager - received currentKv: 70.0, currentMa: 80.0
2025-07-08 12:41:18 INFO  com.raymedis.rxviewui.modules.serialPortCom.SerialPortManager - x 4, maxlength: 5
2025-07-08 12:41:18 INFO  com.raymedis.rxviewui.modules.serialPortCom.SerialPortManager - x 5, maxlength: 5
2025-07-08 12:41:18 INFO  com.raymedis.rxviewui.modules.serialPortCom.SerialPortManager - currentMa: 100.0
2025-07-08 12:41:18 INFO  com.raymedis.rxviewui.modules.serialPortCom.SerialPortManager - setMa kv1: 70.0, ma1: 100.0
2025-07-08 12:41:18 INFO  com.raymedis.rxviewui.modules.serialPortCom.SerialPortManager - x: 175
2025-07-08 12:41:18 INFO  com.raymedis.rxviewui.modules.serialPortCom.SerialPortManager - Current Sent: 100.0
2025-07-08 12:41:18 INFO  com.raymedis.rxviewui.modules.serialPortCom.SerialPortManager - Calibration Val: 8.49
2025-07-08 12:41:18 INFO  com.raymedis.rxviewui.modules.serialPortCom.SerialPortManager - Calibration Val: 8.7
2025-07-08 12:41:18 INFO  com.raymedis.rxviewui.modules.serialPortCom.SerialPortManager - Calibration Val: 8.49
2025-07-08 12:41:18 INFO  com.raymedis.rxviewui.modules.serialPortCom.SerialPortManager - Calibration Val: 8.7
2025-07-08 12:41:18 INFO  com.raymedis.rxviewui.modules.serialPortCom.SerialPortManager - filamentCurrent: 8.49
2025-07-08 12:41:18 INFO  com.raymedis.rxviewui.modules.serialPortCom.SerialPortManager - KV Sent : 70.0
2025-07-08 12:41:18 INFO  com.raymedis.rxviewui.modules.serialPortCom.SerialPortManager - Calibration Val: 8.49
2025-07-08 12:41:18 INFO  com.raymedis.rxviewui.modules.serialPortCom.SerialPortManager - Calibration Val: 8.7
2025-07-08 12:41:18 INFO  com.raymedis.rxviewui.modules.serialPortCom.SerialPortManager - Calibration Val: 8.49
2025-07-08 12:41:18 INFO  com.raymedis.rxviewui.modules.serialPortCom.SerialPortManager - Calibration Val: 8.7
2025-07-08 12:41:18 INFO  com.raymedis.rxviewui.modules.serialPortCom.SerialPortManager - In short sending KV: 211
2025-07-08 12:41:18 INFO  com.raymedis.rxviewui.modules.serialPortCom.SerialPortManager - In byte sending KV: -45
2025-07-08 12:41:18 INFO  com.raymedis.serialPortCommunication.rxview_consolecom_old.TriggerCommandRxOld - Setting KV to: -45
2025-07-08 12:41:22 INFO  com.raymedis.rxviewui.service.study.StudyMainController - DecMa kv: 70.0,  MA: 100.0
2025-07-08 12:41:22 INFO  com.raymedis.rxviewui.modules.serialPortCom.SerialPortManager - setMa kv1: 70.0, ma1: 80.0
2025-07-08 12:41:22 INFO  com.raymedis.rxviewui.modules.serialPortCom.SerialPortManager - x: 175
2025-07-08 12:41:22 INFO  com.raymedis.rxviewui.modules.serialPortCom.SerialPortManager - Current Sent: 80.0
2025-07-08 12:41:22 INFO  com.raymedis.rxviewui.modules.serialPortCom.SerialPortManager - Calibration Val: 8.32
2025-07-08 12:41:22 INFO  com.raymedis.rxviewui.modules.serialPortCom.SerialPortManager - Calibration Val: 8.49
2025-07-08 12:41:22 INFO  com.raymedis.rxviewui.modules.serialPortCom.SerialPortManager - Calibration Val: 8.29
2025-07-08 12:41:22 INFO  com.raymedis.rxviewui.modules.serialPortCom.SerialPortManager - Calibration Val: 8.49
2025-07-08 12:41:22 INFO  com.raymedis.rxviewui.modules.serialPortCom.SerialPortManager - filamentCurrent: 8.32
2025-07-08 12:41:22 INFO  com.raymedis.rxviewui.modules.serialPortCom.SerialPortManager - KV Sent : 70.0
2025-07-08 12:41:22 INFO  com.raymedis.rxviewui.modules.serialPortCom.SerialPortManager - Calibration Val: 8.32
2025-07-08 12:41:22 INFO  com.raymedis.rxviewui.modules.serialPortCom.SerialPortManager - Calibration Val: 8.49
2025-07-08 12:41:22 INFO  com.raymedis.rxviewui.modules.serialPortCom.SerialPortManager - Calibration Val: 8.29
2025-07-08 12:41:22 INFO  com.raymedis.rxviewui.modules.serialPortCom.SerialPortManager - Calibration Val: 8.49
2025-07-08 12:41:22 INFO  com.raymedis.rxviewui.modules.serialPortCom.SerialPortManager - In short sending KV: 206
2025-07-08 12:41:22 INFO  com.raymedis.rxviewui.modules.serialPortCom.SerialPortManager - In byte sending KV: -50
2025-07-08 12:41:22 INFO  com.raymedis.serialPortCommunication.rxview_consolecom_old.TriggerCommandRxOld - Setting KV to: -50
2025-07-08 12:41:24 INFO  com.raymedis.rxviewui.service.study.StudyMainController - IncMa kv: 70.0,  MA: 100.0
2025-07-08 12:41:24 INFO  com.raymedis.rxviewui.modules.serialPortCom.SerialPortManager - received currentKv: 70.0, currentMa: 100.0
2025-07-08 12:41:24 INFO  com.raymedis.rxviewui.modules.serialPortCom.SerialPortManager - x 5, maxlength: 5
2025-07-08 12:41:24 INFO  com.raymedis.rxviewui.modules.serialPortCom.SerialPortManager - x 5, maxlength: 5
2025-07-08 12:41:24 INFO  com.raymedis.rxviewui.modules.serialPortCom.SerialPortManager - currentMa: 100.0
2025-07-08 12:41:24 INFO  com.raymedis.rxviewui.modules.serialPortCom.SerialPortManager - setMa kv1: 70.0, ma1: 100.0
2025-07-08 12:41:24 INFO  com.raymedis.rxviewui.modules.serialPortCom.SerialPortManager - x: 175
2025-07-08 12:41:24 INFO  com.raymedis.rxviewui.modules.serialPortCom.SerialPortManager - Current Sent: 100.0
2025-07-08 12:41:24 INFO  com.raymedis.rxviewui.modules.serialPortCom.SerialPortManager - Calibration Val: 8.49
2025-07-08 12:41:24 INFO  com.raymedis.rxviewui.modules.serialPortCom.SerialPortManager - Calibration Val: 8.7
2025-07-08 12:41:24 INFO  com.raymedis.rxviewui.modules.serialPortCom.SerialPortManager - Calibration Val: 8.49
2025-07-08 12:41:24 INFO  com.raymedis.rxviewui.modules.serialPortCom.SerialPortManager - Calibration Val: 8.7
2025-07-08 12:41:24 INFO  com.raymedis.rxviewui.modules.serialPortCom.SerialPortManager - filamentCurrent: 8.49
2025-07-08 12:41:24 INFO  com.raymedis.rxviewui.modules.serialPortCom.SerialPortManager - KV Sent : 70.0
2025-07-08 12:41:24 INFO  com.raymedis.rxviewui.modules.serialPortCom.SerialPortManager - Calibration Val: 8.49
2025-07-08 12:41:24 INFO  com.raymedis.rxviewui.modules.serialPortCom.SerialPortManager - Calibration Val: 8.7
2025-07-08 12:41:24 INFO  com.raymedis.rxviewui.modules.serialPortCom.SerialPortManager - Calibration Val: 8.49
2025-07-08 12:41:24 INFO  com.raymedis.rxviewui.modules.serialPortCom.SerialPortManager - Calibration Val: 8.7
2025-07-08 12:41:24 INFO  com.raymedis.rxviewui.modules.serialPortCom.SerialPortManager - In short sending KV: 211
2025-07-08 12:41:24 INFO  com.raymedis.rxviewui.modules.serialPortCom.SerialPortManager - In byte sending KV: -45
2025-07-08 12:41:24 INFO  com.raymedis.serialPortCommunication.rxview_consolecom_old.TriggerCommandRxOld - Setting KV to: -45
