2025-07-02 16:38:54 INFO  com.raymedis.rxviewui.controller.LoginPage - logged In
2025-07-02 16:38:54 INFO  com.raymedis.rxviewui.service.login.LoginController - 192.168.12.10
2025-07-02 16:38:54 INFO  com.raymedis.rxviewui.service.login.LoginController - No Wi-Fi interface found or no IPv4 address assigned.
2025-07-02 16:38:56 INFO  com.raymedis.serialPortCommunication.rxview_consolecom_old.RxPanelInitializationOld - Available COM ports:
2025-07-02 16:38:56 INFO  com.raymedis.serialPortCommunication.rxview_consolecom_old.RxPanelInitializationOld - - COM6: USB-SERIAL CH340 (COM6)
2025-07-02 16:38:56 INFO  com.raymedis.serialPortCommunication.rxview_consolecom_old.RxPanelInitializationOld - - COM5: USB-SERIAL CH340 (COM5)
2025-07-02 16:38:56 INFO  com.raymedis.serialPortCommunication.rxview_consolecom_old.RxPanelInitializationOld - Available COM ports:
2025-07-02 16:38:56 INFO  com.raymedis.serialPortCommunication.rxview_consolecom_old.RxPanelInitializationOld - - COM6: USB-SERIAL CH340 (COM6)
2025-07-02 16:38:56 INFO  com.raymedis.serialPortCommunication.rxview_consolecom_old.RxPanelInitializationOld - - COM5: USB-SERIAL CH340 (COM5)
2025-07-02 16:38:56 INFO  com.raymedis.serialPortCommunication.rxview_consolecom_old.RxPanelInitializationOld - Connected to RX panel.
2025-07-02 16:38:56 INFO  com.raymedis.serialPortCommunication.rxview_consolecom_old.ReceiveCommandRxOld - requested interlocks, attempt 1
2025-07-02 16:38:58 INFO  com.raymedis.serialPortCommunication.rxview_consolecom_old.ReceiveCommandRxOld - Interlock attempt 1 failed.
2025-07-02 16:38:58 INFO  com.raymedis.serialPortCommunication.rxview_consolecom_old.ReceiveCommandRxOld - requested interlocks, attempt 2
2025-07-02 16:39:00 INFO  com.raymedis.serialPortCommunication.rxview_consolecom_old.ReceiveCommandRxOld - Interlock attempt 2 failed.
2025-07-02 16:39:00 INFO  com.raymedis.serialPortCommunication.rxview_consolecom_old.ReceiveCommandRxOld - requested interlocks, attempt 3
2025-07-02 16:39:02 INFO  com.raymedis.serialPortCommunication.rxview_consolecom_old.ReceiveCommandRxOld - Interlock attempt 3 failed.
2025-07-02 16:39:02 INFO  com.raymedis.serialPortCommunication.rxview_consolecom_old.ReceiveCommandRxOld - Failed to retrieve interlocks after 3 attempts. Exiting.
2025-07-02 16:39:02 INFO  com.raymedis.serialPortCommunication.rxview_consolecom_old.RxPanelInitializationOld - Interlocks retrieved successfully.
2025-07-02 16:39:02 INFO  com.raymedis.serialPortCommunication.rxview_consolecom_old.RxPanelInitializationOld - Calling X-ray mode set.
2025-07-02 16:39:17 INFO  com.raymedis.serialPortCommunication.rxview_consolecom_old.ReceiveCommandRxOld - Read bytes: [97]
2025-07-02 16:39:17 INFO  com.raymedis.serialPortCommunication.rxview_consolecom_old.ReceiveCommandRxOld - Received DO_NOTHING command.
2025-07-02 16:39:22 INFO  com.raymedis.serialPortCommunication.rxview_consolecom_old.ReceiveCommandRxOld - Read thread is stopping.
