2025-07-02 15:10:27 INFO  com.raymedis.rxviewui.controller.LoginPage - logged In
2025-07-02 15:10:27 INFO  com.raymedis.rxviewui.service.login.LoginController - 192.168.12.10
2025-07-02 15:10:27 INFO  com.raymedis.rxviewui.service.login.LoginController - No Wi-Fi interface found or no IPv4 address assigned.
2025-07-02 15:10:30 INFO  com.raymedis.serialPortCommunication.rxview_consolecom_old.RxPanelInitializationOld - Available COM ports:
2025-07-02 15:10:30 INFO  com.raymedis.serialPortCommunication.rxview_consolecom_old.RxPanelInitializationOld - - COM6: USB-SERIAL CH340 (COM6)
2025-07-02 15:10:30 INFO  com.raymedis.serialPortCommunication.rxview_consolecom_old.RxPanelInitializationOld - - COM5: USB-SERIAL CH340 (COM5)
2025-07-02 15:10:30 INFO  com.raymedis.serialPortCommunication.rxview_consolecom_old.RxPanelInitializationOld - Available COM ports:
2025-07-02 15:10:30 INFO  com.raymedis.serialPortCommunication.rxview_consolecom_old.RxPanelInitializationOld - - COM6: USB-SERIAL CH340 (COM6)
2025-07-02 15:10:30 INFO  com.raymedis.serialPortCommunication.rxview_consolecom_old.RxPanelInitializationOld - - COM5: USB-SERIAL CH340 (COM5)
2025-07-02 15:10:30 INFO  com.raymedis.serialPortCommunication.rxview_consolecom_old.RxPanelInitializationOld - Connected to RX panel.
2025-07-02 15:10:30 INFO  com.raymedis.serialPortCommunication.rxview_consolecom_old.ReceiveCommandRxOld - requested interlocks, attempt 1
2025-07-02 15:10:32 INFO  com.raymedis.serialPortCommunication.rxview_consolecom_old.ReceiveCommandRxOld - Interlock attempt 1 failed.
2025-07-02 15:10:32 INFO  com.raymedis.serialPortCommunication.rxview_consolecom_old.ReceiveCommandRxOld - requested interlocks, attempt 2
2025-07-02 15:10:34 INFO  com.raymedis.serialPortCommunication.rxview_consolecom_old.ReceiveCommandRxOld - Interlock attempt 2 failed.
2025-07-02 15:10:34 INFO  com.raymedis.serialPortCommunication.rxview_consolecom_old.ReceiveCommandRxOld - requested interlocks, attempt 3
2025-07-02 15:10:36 INFO  com.raymedis.serialPortCommunication.rxview_consolecom_old.ReceiveCommandRxOld - Interlock attempt 3 failed.
2025-07-02 15:10:36 INFO  com.raymedis.serialPortCommunication.rxview_consolecom_old.ReceiveCommandRxOld - Failed to retrieve interlocks after 3 attempts. Exiting.
2025-07-02 15:10:36 INFO  com.raymedis.serialPortCommunication.rxview_consolecom_old.RxPanelInitializationOld - Interlocks retrieved successfully.
2025-07-02 15:10:36 INFO  com.raymedis.serialPortCommunication.rxview_consolecom_old.RxPanelInitializationOld - Calling X-ray mode set.
2025-07-02 15:11:10 INFO  com.raymedis.serialPortCommunication.rxview_consolecom_old.ReceiveCommandRxOld - Read bytes: [120]
2025-07-02 15:11:10 INFO  com.raymedis.serialPortCommunication.rxview_consolecom_old.ReceiveCommandRxOld - Received Exposure Done and Releasing.
2025-07-02 15:11:10 INFO  com.raymedis.serialPortCommunication.rxview_consolecom_old.ReceiveCommandRxOld - Read thread is stopping.
2025-07-02 15:11:10 INFO  com.raymedis.serialPortCommunication.rxview_consolecom_old.ReceiveCommandRxOld - requested interlocks, attempt 1
2025-07-02 15:11:10 INFO  com.raymedis.serialPortCommunication.rxview_consolecom_old.ReceiveCommandRxOld - requested interlocks, attempt 1
2025-07-02 15:11:10 INFO  com.raymedis.serialPortCommunication.rxview_consolecom_old.ReceiveCommandRxOld - requested interlocks, attempt 1
2025-07-02 15:11:10 INFO  com.raymedis.serialPortCommunication.rxview_consolecom_old.ReceiveCommandRxOld - requested interlocks, attempt 1
2025-07-02 15:11:10 INFO  com.raymedis.serialPortCommunication.rxview_consolecom_old.ReceiveCommandRxOld - requested interlocks, attempt 1
2025-07-02 15:11:10 INFO  com.raymedis.serialPortCommunication.rxview_consolecom_old.ReceiveCommandRxOld - requested interlocks, attempt 1
2025-07-02 15:11:10 INFO  com.raymedis.serialPortCommunication.rxview_consolecom_old.ReceiveCommandRxOld - requested interlocks, attempt 1
2025-07-02 15:11:10 INFO  com.raymedis.serialPortCommunication.rxview_consolecom_old.ReceiveCommandRxOld - requested interlocks, attempt 1
2025-07-02 15:11:10 INFO  com.raymedis.serialPortCommunication.rxview_consolecom_old.ReceiveCommandRxOld - requested interlocks, attempt 1
2025-07-02 15:11:10 INFO  com.raymedis.serialPortCommunication.rxview_consolecom_old.ReceiveCommandRxOld - requested interlocks, attempt 1
2025-07-02 15:11:10 INFO  com.raymedis.serialPortCommunication.rxview_consolecom_old.ReceiveCommandRxOld - requested interlocks, attempt 1
2025-07-02 15:11:12 INFO  com.raymedis.serialPortCommunication.rxview_consolecom_old.ReceiveCommandRxOld - Interlock attempt 1 failed.
2025-07-02 15:11:12 INFO  com.raymedis.serialPortCommunication.rxview_consolecom_old.ReceiveCommandRxOld - Interlock attempt 1 failed.
2025-07-02 15:11:12 INFO  com.raymedis.serialPortCommunication.rxview_consolecom_old.ReceiveCommandRxOld - requested interlocks, attempt 2
2025-07-02 15:11:12 INFO  com.raymedis.serialPortCommunication.rxview_consolecom_old.ReceiveCommandRxOld - requested interlocks, attempt 2
2025-07-02 15:11:12 INFO  com.raymedis.serialPortCommunication.rxview_consolecom_old.ReceiveCommandRxOld - Interlock attempt 1 failed.
2025-07-02 15:11:12 INFO  com.raymedis.serialPortCommunication.rxview_consolecom_old.ReceiveCommandRxOld - requested interlocks, attempt 2
2025-07-02 15:11:12 INFO  com.raymedis.serialPortCommunication.rxview_consolecom_old.ReceiveCommandRxOld - Interlock attempt 1 failed.
2025-07-02 15:11:12 INFO  com.raymedis.serialPortCommunication.rxview_consolecom_old.ReceiveCommandRxOld - requested interlocks, attempt 2
2025-07-02 15:11:12 INFO  com.raymedis.serialPortCommunication.rxview_consolecom_old.ReceiveCommandRxOld - Interlock attempt 1 failed.
2025-07-02 15:11:12 INFO  com.raymedis.serialPortCommunication.rxview_consolecom_old.ReceiveCommandRxOld - requested interlocks, attempt 2
2025-07-02 15:11:12 INFO  com.raymedis.serialPortCommunication.rxview_consolecom_old.ReceiveCommandRxOld - Interlock attempt 1 failed.
2025-07-02 15:11:12 INFO  com.raymedis.serialPortCommunication.rxview_consolecom_old.ReceiveCommandRxOld - requested interlocks, attempt 2
2025-07-02 15:11:12 INFO  com.raymedis.serialPortCommunication.rxview_consolecom_old.ReceiveCommandRxOld - Interlock attempt 1 failed.
2025-07-02 15:11:12 INFO  com.raymedis.serialPortCommunication.rxview_consolecom_old.ReceiveCommandRxOld - requested interlocks, attempt 2
2025-07-02 15:11:12 INFO  com.raymedis.serialPortCommunication.rxview_consolecom_old.ReceiveCommandRxOld - Interlock attempt 1 failed.
2025-07-02 15:11:12 INFO  com.raymedis.serialPortCommunication.rxview_consolecom_old.ReceiveCommandRxOld - requested interlocks, attempt 2
2025-07-02 15:11:12 INFO  com.raymedis.serialPortCommunication.rxview_consolecom_old.ReceiveCommandRxOld - Interlock attempt 1 failed.
2025-07-02 15:11:12 INFO  com.raymedis.serialPortCommunication.rxview_consolecom_old.ReceiveCommandRxOld - requested interlocks, attempt 2
2025-07-02 15:11:12 INFO  com.raymedis.serialPortCommunication.rxview_consolecom_old.ReceiveCommandRxOld - Interlock attempt 1 failed.
2025-07-02 15:11:12 INFO  com.raymedis.serialPortCommunication.rxview_consolecom_old.ReceiveCommandRxOld - requested interlocks, attempt 2
2025-07-02 15:11:12 INFO  com.raymedis.serialPortCommunication.rxview_consolecom_old.ReceiveCommandRxOld - Interlock attempt 1 failed.
2025-07-02 15:11:12 INFO  com.raymedis.serialPortCommunication.rxview_consolecom_old.ReceiveCommandRxOld - requested interlocks, attempt 2
2025-07-02 15:11:14 INFO  com.raymedis.serialPortCommunication.rxview_consolecom_old.ReceiveCommandRxOld - Interlock attempt 2 failed.
2025-07-02 15:11:14 INFO  com.raymedis.serialPortCommunication.rxview_consolecom_old.ReceiveCommandRxOld - Interlock attempt 2 failed.
2025-07-02 15:11:14 INFO  com.raymedis.serialPortCommunication.rxview_consolecom_old.ReceiveCommandRxOld - requested interlocks, attempt 3
2025-07-02 15:11:14 INFO  com.raymedis.serialPortCommunication.rxview_consolecom_old.ReceiveCommandRxOld - requested interlocks, attempt 3
2025-07-02 15:11:14 INFO  com.raymedis.serialPortCommunication.rxview_consolecom_old.ReceiveCommandRxOld - Interlock attempt 2 failed.
2025-07-02 15:11:14 INFO  com.raymedis.serialPortCommunication.rxview_consolecom_old.ReceiveCommandRxOld - requested interlocks, attempt 3
2025-07-02 15:11:14 INFO  com.raymedis.serialPortCommunication.rxview_consolecom_old.ReceiveCommandRxOld - Interlock attempt 2 failed.
2025-07-02 15:11:14 INFO  com.raymedis.serialPortCommunication.rxview_consolecom_old.ReceiveCommandRxOld - requested interlocks, attempt 3
2025-07-02 15:11:14 INFO  com.raymedis.serialPortCommunication.rxview_consolecom_old.ReceiveCommandRxOld - Interlock attempt 2 failed.
2025-07-02 15:11:14 INFO  com.raymedis.serialPortCommunication.rxview_consolecom_old.ReceiveCommandRxOld - requested interlocks, attempt 3
2025-07-02 15:11:14 INFO  com.raymedis.serialPortCommunication.rxview_consolecom_old.ReceiveCommandRxOld - Interlock attempt 2 failed.
2025-07-02 15:11:14 INFO  com.raymedis.serialPortCommunication.rxview_consolecom_old.ReceiveCommandRxOld - requested interlocks, attempt 3
2025-07-02 15:11:14 INFO  com.raymedis.serialPortCommunication.rxview_consolecom_old.ReceiveCommandRxOld - Interlock attempt 2 failed.
2025-07-02 15:11:14 INFO  com.raymedis.serialPortCommunication.rxview_consolecom_old.ReceiveCommandRxOld - requested interlocks, attempt 3
2025-07-02 15:11:14 INFO  com.raymedis.serialPortCommunication.rxview_consolecom_old.ReceiveCommandRxOld - Interlock attempt 2 failed.
2025-07-02 15:11:14 INFO  com.raymedis.serialPortCommunication.rxview_consolecom_old.ReceiveCommandRxOld - requested interlocks, attempt 3
2025-07-02 15:11:14 INFO  com.raymedis.serialPortCommunication.rxview_consolecom_old.ReceiveCommandRxOld - Interlock attempt 2 failed.
2025-07-02 15:11:14 INFO  com.raymedis.serialPortCommunication.rxview_consolecom_old.ReceiveCommandRxOld - requested interlocks, attempt 3
2025-07-02 15:11:14 INFO  com.raymedis.serialPortCommunication.rxview_consolecom_old.ReceiveCommandRxOld - Interlock attempt 2 failed.
2025-07-02 15:11:14 INFO  com.raymedis.serialPortCommunication.rxview_consolecom_old.ReceiveCommandRxOld - requested interlocks, attempt 3
2025-07-02 15:11:14 INFO  com.raymedis.serialPortCommunication.rxview_consolecom_old.ReceiveCommandRxOld - Interlock attempt 2 failed.
2025-07-02 15:11:14 INFO  com.raymedis.serialPortCommunication.rxview_consolecom_old.ReceiveCommandRxOld - requested interlocks, attempt 3
2025-07-02 15:11:16 INFO  com.raymedis.serialPortCommunication.rxview_consolecom_old.ReceiveCommandRxOld - Interlock attempt 3 failed.
2025-07-02 15:11:16 INFO  com.raymedis.serialPortCommunication.rxview_consolecom_old.ReceiveCommandRxOld - Interlock attempt 3 failed.
2025-07-02 15:11:16 INFO  com.raymedis.serialPortCommunication.rxview_consolecom_old.ReceiveCommandRxOld - Failed to retrieve interlocks after 3 attempts. Exiting.
2025-07-02 15:11:16 INFO  com.raymedis.serialPortCommunication.rxview_consolecom_old.ReceiveCommandRxOld - Failed to retrieve interlocks after 3 attempts. Exiting.
2025-07-02 15:11:16 INFO  com.raymedis.serialPortCommunication.rxview_consolecom_old.ReceiveCommandRxOld - Interlock attempt 3 failed.
2025-07-02 15:11:16 INFO  com.raymedis.serialPortCommunication.rxview_consolecom_old.ReceiveCommandRxOld - Failed to retrieve interlocks after 3 attempts. Exiting.
2025-07-02 15:11:16 INFO  com.raymedis.serialPortCommunication.rxview_consolecom_old.ReceiveCommandRxOld - Interlock attempt 3 failed.
2025-07-02 15:11:16 INFO  com.raymedis.serialPortCommunication.rxview_consolecom_old.ReceiveCommandRxOld - Failed to retrieve interlocks after 3 attempts. Exiting.
2025-07-02 15:11:16 INFO  com.raymedis.serialPortCommunication.rxview_consolecom_old.ReceiveCommandRxOld - Interlock attempt 3 failed.
2025-07-02 15:11:16 INFO  com.raymedis.serialPortCommunication.rxview_consolecom_old.ReceiveCommandRxOld - Failed to retrieve interlocks after 3 attempts. Exiting.
2025-07-02 15:11:16 INFO  com.raymedis.serialPortCommunication.rxview_consolecom_old.ReceiveCommandRxOld - Interlock attempt 3 failed.
2025-07-02 15:11:16 INFO  com.raymedis.serialPortCommunication.rxview_consolecom_old.ReceiveCommandRxOld - Failed to retrieve interlocks after 3 attempts. Exiting.
2025-07-02 15:11:16 INFO  com.raymedis.serialPortCommunication.rxview_consolecom_old.ReceiveCommandRxOld - Interlock attempt 3 failed.
2025-07-02 15:11:16 INFO  com.raymedis.serialPortCommunication.rxview_consolecom_old.ReceiveCommandRxOld - Failed to retrieve interlocks after 3 attempts. Exiting.
2025-07-02 15:11:16 INFO  com.raymedis.serialPortCommunication.rxview_consolecom_old.ReceiveCommandRxOld - Interlock attempt 3 failed.
2025-07-02 15:11:16 INFO  com.raymedis.serialPortCommunication.rxview_consolecom_old.ReceiveCommandRxOld - Failed to retrieve interlocks after 3 attempts. Exiting.
2025-07-02 15:11:16 INFO  com.raymedis.serialPortCommunication.rxview_consolecom_old.ReceiveCommandRxOld - Interlock attempt 3 failed.
2025-07-02 15:11:16 INFO  com.raymedis.serialPortCommunication.rxview_consolecom_old.ReceiveCommandRxOld - Failed to retrieve interlocks after 3 attempts. Exiting.
2025-07-02 15:11:16 INFO  com.raymedis.serialPortCommunication.rxview_consolecom_old.ReceiveCommandRxOld - Interlock attempt 3 failed.
2025-07-02 15:11:16 INFO  com.raymedis.serialPortCommunication.rxview_consolecom_old.ReceiveCommandRxOld - Failed to retrieve interlocks after 3 attempts. Exiting.
2025-07-02 15:11:16 INFO  com.raymedis.serialPortCommunication.rxview_consolecom_old.ReceiveCommandRxOld - Interlock attempt 3 failed.
2025-07-02 15:11:16 INFO  com.raymedis.serialPortCommunication.rxview_consolecom_old.ReceiveCommandRxOld - Failed to retrieve interlocks after 3 attempts. Exiting.
