2025-05-31 17:38:35 INFO  com.raymedis.rxviewui.controller.LoginPage - logged In
2025-05-31 17:38:36 INFO  com.raymedis.rxviewui.service.login.LoginController - 192.168.12.10
2025-05-31 17:38:36 INFO  com.raymedis.rxviewui.service.login.LoginController - No Wi-Fi interface found or no IPv4 address assigned.
2025-05-31 17:38:41 INFO  com.raymedis.rxviewui.service.export.ExportStudyService - ExportStudyService initialized.
2025-05-31 17:38:41 INFO  com.raymedis.rxviewui.service.export.ExportStudyService - Exporting body part: Chest
2025-05-31 17:38:42 ERROR com.raymedis.rxviewui.service.export.ExportWindowController - e: 
org.opencv.core.CvException: cv::Exception: OpenCV(4.10.0) C:\GHA-OCV-1\_work\ci-gha-workflow\ci-gha-workflow\opencv\modules\imgcodecs\src\loadsave.cpp:798: error: (-215:Assertion failed) !_img.empty() in function 'cv::imwrite'

	at opencv@4100/org.opencv.imgcodecs.Imgcodecs.imwrite_1(Native Method)
	at opencv@4100/org.opencv.imgcodecs.Imgcodecs.imwrite(Imgcodecs.java:673)
	at com.raymedis.rxviewui/com.raymedis.rxviewui.service.export.ExportStudyService.getInformationImage(ExportStudyService.java:433)
	at com.raymedis.rxviewui/com.raymedis.rxviewui.service.export.ExportStudyService.exportStudy(ExportStudyService.java:92)
	at com.raymedis.rxviewui/com.raymedis.rxviewui.service.export.ExportWindowController.startExport(ExportWindowController.java:203)
	at com.raymedis.rxviewui/com.raymedis.rxviewui.controller.ExportWindow.startExport(ExportWindow.java:83)
	at java.base/jdk.internal.reflect.DirectMethodHandleAccessor.invoke(DirectMethodHandleAccessor.java:103)
	at java.base/java.lang.reflect.Method.invoke(Method.java:580)
	at com.sun.javafx.reflect.Trampoline.invoke(MethodUtil.java:72)
	at java.base/jdk.internal.reflect.DirectMethodHandleAccessor.invoke(DirectMethodHandleAccessor.java:103)
	at java.base/java.lang.reflect.Method.invoke(Method.java:580)
	at javafx.base@21/com.sun.javafx.reflect.MethodUtil.invoke(MethodUtil.java:270)
	at javafx.fxml@21/com.sun.javafx.fxml.MethodHelper.invoke(MethodHelper.java:84)
	at javafx.fxml@21/javafx.fxml.FXMLLoader$MethodHandler.invoke(FXMLLoader.java:1855)
	at javafx.fxml@21/javafx.fxml.FXMLLoader$ControllerMethodEventHandler.handle(FXMLLoader.java:1726)
	at javafx.base@21/com.sun.javafx.event.CompositeEventHandler.dispatchBubblingEvent(CompositeEventHandler.java:86)
	at javafx.base@21/com.sun.javafx.event.EventHandlerManager.dispatchBubblingEvent(EventHandlerManager.java:232)
	at javafx.base@21/com.sun.javafx.event.EventHandlerManager.dispatchBubblingEvent(EventHandlerManager.java:189)
	at javafx.base@21/com.sun.javafx.event.CompositeEventDispatcher.dispatchBubblingEvent(CompositeEventDispatcher.java:59)
	at javafx.base@21/com.sun.javafx.event.BasicEventDispatcher.dispatchEvent(BasicEventDispatcher.java:58)
	at javafx.base@21/com.sun.javafx.event.EventDispatchChainImpl.dispatchEvent(EventDispatchChainImpl.java:114)
	at javafx.base@21/com.sun.javafx.event.BasicEventDispatcher.dispatchEvent(BasicEventDispatcher.java:56)
	at javafx.base@21/com.sun.javafx.event.EventDispatchChainImpl.dispatchEvent(EventDispatchChainImpl.java:114)
	at javafx.base@21/com.sun.javafx.event.BasicEventDispatcher.dispatchEvent(BasicEventDispatcher.java:56)
	at javafx.base@21/com.sun.javafx.event.EventDispatchChainImpl.dispatchEvent(EventDispatchChainImpl.java:114)
	at javafx.base@21/com.sun.javafx.event.EventUtil.fireEventImpl(EventUtil.java:74)
	at javafx.base@21/com.sun.javafx.event.EventUtil.fireEvent(EventUtil.java:49)
	at javafx.base@21/javafx.event.Event.fireEvent(Event.java:198)
	at javafx.graphics@21/javafx.scene.Node.fireEvent(Node.java:8875)
	at javafx.controls@21/javafx.scene.control.Button.fire(Button.java:203)
	at javafx.controls@21/com.sun.javafx.scene.control.behavior.ButtonBehavior.mouseReleased(ButtonBehavior.java:207)
	at javafx.controls@21/com.sun.javafx.scene.control.inputmap.InputMap.handle(InputMap.java:274)
	at javafx.base@21/com.sun.javafx.event.CompositeEventHandler$NormalEventHandlerRecord.handleBubblingEvent(CompositeEventHandler.java:247)
	at javafx.base@21/com.sun.javafx.event.CompositeEventHandler.dispatchBubblingEvent(CompositeEventHandler.java:80)
	at javafx.base@21/com.sun.javafx.event.EventHandlerManager.dispatchBubblingEvent(EventHandlerManager.java:232)
	at javafx.base@21/com.sun.javafx.event.EventHandlerManager.dispatchBubblingEvent(EventHandlerManager.java:189)
	at javafx.base@21/com.sun.javafx.event.CompositeEventDispatcher.dispatchBubblingEvent(CompositeEventDispatcher.java:59)
	at javafx.base@21/com.sun.javafx.event.BasicEventDispatcher.dispatchEvent(BasicEventDispatcher.java:58)
	at javafx.base@21/com.sun.javafx.event.EventDispatchChainImpl.dispatchEvent(EventDispatchChainImpl.java:114)
	at javafx.base@21/com.sun.javafx.event.BasicEventDispatcher.dispatchEvent(BasicEventDispatcher.java:56)
	at javafx.base@21/com.sun.javafx.event.EventDispatchChainImpl.dispatchEvent(EventDispatchChainImpl.java:114)
	at javafx.base@21/com.sun.javafx.event.BasicEventDispatcher.dispatchEvent(BasicEventDispatcher.java:56)
	at javafx.base@21/com.sun.javafx.event.EventDispatchChainImpl.dispatchEvent(EventDispatchChainImpl.java:114)
	at javafx.base@21/com.sun.javafx.event.EventUtil.fireEventImpl(EventUtil.java:74)
	at javafx.base@21/com.sun.javafx.event.EventUtil.fireEvent(EventUtil.java:54)
	at javafx.base@21/javafx.event.Event.fireEvent(Event.java:198)
	at javafx.graphics@21/javafx.scene.Scene$MouseHandler.process(Scene.java:3984)
	at javafx.graphics@21/javafx.scene.Scene.processMouseEvent(Scene.java:1890)
	at javafx.graphics@21/javafx.scene.Scene$ScenePeerListener.mouseEvent(Scene.java:2708)
	at javafx.graphics@21/com.sun.javafx.tk.quantum.GlassViewEventHandler$MouseEventNotification.run(GlassViewEventHandler.java:411)
	at javafx.graphics@21/com.sun.javafx.tk.quantum.GlassViewEventHandler$MouseEventNotification.run(GlassViewEventHandler.java:301)
	at java.base/java.security.AccessController.doPrivileged(AccessController.java:400)
	at javafx.graphics@21/com.sun.javafx.tk.quantum.GlassViewEventHandler.lambda$handleMouseEvent$2(GlassViewEventHandler.java:450)
	at javafx.graphics@21/com.sun.javafx.tk.quantum.QuantumToolkit.runWithoutRenderLock(QuantumToolkit.java:424)
	at javafx.graphics@21/com.sun.javafx.tk.quantum.GlassViewEventHandler.handleMouseEvent(GlassViewEventHandler.java:449)
	at javafx.graphics@21/com.sun.glass.ui.View.handleMouseEvent(View.java:551)
	at javafx.graphics@21/com.sun.glass.ui.View.notifyMouse(View.java:937)
	at javafx.graphics@21/com.sun.glass.ui.win.WinApplication._runLoop(Native Method)
	at javafx.graphics@21/com.sun.glass.ui.win.WinApplication.lambda$runLoop$3(WinApplication.java:185)
	at java.base/java.lang.Thread.run(Thread.java:1583)
