2025-06-05 10:43:00 INFO  com.raymedis.rxviewui.controller.LoginPage - logged In
2025-06-05 10:43:00 INFO  com.raymedis.rxviewui.service.login.LoginController - 192.168.12.10
2025-06-05 10:43:00 INFO  com.raymedis.rxviewui.service.login.LoginController - No Wi-Fi interface found or no IPv4 address assigned.
2025-06-05 10:43:11 INFO  com.raymedis.rxviewui.service.study.StudyService - study mat.rows() * width : 1024 1024.0
2025-06-05 10:43:11 INFO  com.raymedis.rxviewui.service.study.StudyService - study DynamicCanvasElementsResize values set with multiple: 1.0
2025-06-05 10:43:11 INFO  com.raymedis.rxviewui.service.study.StudyService - study Line Width: 2.0, Ellipse Radius X: 8.0, Ellipse Radius Y: 8.0, Label Font Size: 14.0, Rect Width: 90.0, Rect Height: 30.0, Custom Font Icon Size: 200.0
2025-06-05 10:43:11 INFO  com.raymedis.rxviewui.modules.ImageProcessing.DrawToolsResource.CanvasMainChange - cropRect : {0, 0, 838x1024}
2025-06-05 10:43:11 INFO  com.raymedis.rxviewui.modules.ImageProcessing.DrawToolsResource.CanvasMainChange - displayImage : 838.0x1024.0
2025-06-05 10:43:11 INFO  com.raymedis.rxviewui.modules.ImageProcessing.DrawToolsResource.CanvasMainChange - cropRect : {0, 0, 838x1024}
2025-06-05 10:43:11 INFO  com.raymedis.rxviewui.modules.ImageProcessing.DrawToolsResource.CanvasMainChange - displayImage : 838.0x1024.0
2025-06-05 10:43:11 INFO  com.raymedis.rxviewui.modules.ImageProcessing.DrawToolsResource.CanvasMainChange - cropRect : {0, 0, 838x1024}
2025-06-05 10:43:11 INFO  com.raymedis.rxviewui.modules.ImageProcessing.DrawToolsResource.CanvasMainChange - displayImage : 838.0x1024.0
2025-06-05 10:43:11 INFO  com.raymedis.rxviewui.modules.ImageProcessing.imageToolsWrapper.ImageDrawWrapperHandling - apply label  LeftRightDrawWrapper{offsetX=-73.37446808510637, offsetY=-57.84680851063828, text='RIGHT'} 
2025-06-05 10:43:11 INFO  com.raymedis.rxviewui.modules.ImageProcessing.DrawToolsResource.CanvasMainChange - cropRect : {320, 0, 169x1024}
2025-06-05 10:43:11 INFO  com.raymedis.rxviewui.modules.ImageProcessing.DrawToolsResource.CanvasMainChange - displayImage : 838.0x1024.0
2025-06-05 10:43:11 INFO  com.raymedis.rxviewui.modules.ImageProcessing.DrawToolsResource.CanvasMainChange - cropRect : {320, 0, 169x1024}
2025-06-05 10:43:11 INFO  com.raymedis.rxviewui.modules.ImageProcessing.DrawToolsResource.CanvasMainChange - displayImage : 838.0x1024.0
2025-06-05 10:43:51 INFO  com.raymedis.rxviewui.service.study.StudyMainController - saving for export...
2025-06-05 10:43:51 INFO  com.raymedis.rxviewui.modules.ImageProcessing.DrawToolsResource.CanvasMainChange - cropRect : {320, 0, 169x1024}
2025-06-05 10:43:51 INFO  com.raymedis.rxviewui.modules.ImageProcessing.DrawToolsResource.CanvasMainChange - displayImage : 838.0x1024.0
2025-06-05 10:43:51 INFO  com.raymedis.rxviewui.modules.ImageProcessing.imageToolsWrapper.ImageDrawWrapperHandling - saved label  LeftRightDrawWrapper{offsetX=-73.37446808510637, offsetY=-57.84680851063828, text='RIGHT'} 
2025-06-05 10:43:51 INFO  com.raymedis.rxviewui.modules.ImageProcessing.DrawToolsResource.CanvasMainChange - cropRect : {0, 0, 838x1024}
2025-06-05 10:43:51 INFO  com.raymedis.rxviewui.modules.ImageProcessing.DrawToolsResource.CanvasMainChange - displayImage : 838.0x1024.0
2025-06-05 10:43:51 INFO  com.raymedis.rxviewui.service.study.StudyService - study mat.rows() * width : 1024 1024.0
2025-06-05 10:43:51 INFO  com.raymedis.rxviewui.service.study.StudyService - study DynamicCanvasElementsResize values set with multiple: 1.0
2025-06-05 10:43:51 INFO  com.raymedis.rxviewui.service.study.StudyService - study Line Width: 2.0, Ellipse Radius X: 8.0, Ellipse Radius Y: 8.0, Label Font Size: 14.0, Rect Width: 90.0, Rect Height: 30.0, Custom Font Icon Size: 200.0
2025-06-05 10:43:51 INFO  com.raymedis.rxviewui.modules.ImageProcessing.DrawToolsResource.CanvasMainChange - cropRect : {0, 0, 838x1024}
2025-06-05 10:43:51 INFO  com.raymedis.rxviewui.modules.ImageProcessing.DrawToolsResource.CanvasMainChange - displayImage : 838.0x1024.0
2025-06-05 10:43:51 INFO  com.raymedis.rxviewui.modules.ImageProcessing.DrawToolsResource.CanvasMainChange - cropRect : {0, 0, 838x1024}
2025-06-05 10:43:51 INFO  com.raymedis.rxviewui.modules.ImageProcessing.DrawToolsResource.CanvasMainChange - displayImage : 838.0x1024.0
2025-06-05 10:43:51 INFO  com.raymedis.rxviewui.modules.ImageProcessing.DrawToolsResource.CanvasMainChange - cropRect : {0, 0, 838x1024}
2025-06-05 10:43:51 INFO  com.raymedis.rxviewui.modules.ImageProcessing.DrawToolsResource.CanvasMainChange - displayImage : 838.0x1024.0
2025-06-05 10:43:52 INFO  com.raymedis.rxviewui.modules.ImageProcessing.imageToolsWrapper.ImageDrawWrapperHandling - apply label  LeftRightDrawWrapper{offsetX=-73.37446808510637, offsetY=-57.84680851063828, text='RIGHT'} 
2025-06-05 10:43:52 INFO  com.raymedis.rxviewui.modules.ImageProcessing.DrawToolsResource.CanvasMainChange - cropRect : {320, 0, 169x1024}
2025-06-05 10:43:52 INFO  com.raymedis.rxviewui.modules.ImageProcessing.DrawToolsResource.CanvasMainChange - displayImage : 838.0x1024.0
2025-06-05 10:43:52 INFO  com.raymedis.rxviewui.modules.ImageProcessing.DrawToolsResource.CanvasMainChange - cropRect : {320, 0, 169x1024}
2025-06-05 10:43:52 INFO  com.raymedis.rxviewui.modules.ImageProcessing.DrawToolsResource.CanvasMainChange - displayImage : 838.0x1024.0
2025-06-05 10:44:20 INFO  com.raymedis.rxviewui.controller.ExportStudy - org.width(): 2500 patientBodyPart.getEditedMat().width(): 838
2025-06-05 10:44:20 INFO  com.raymedis.rxviewui.controller.ExportStudy - saveWithAnnotationBurn Crop Multiple: 2.983293556085919
2025-06-05 10:44:20 INFO  com.raymedis.rxviewui.controller.ExportStudy - Crop Rect: {955, 0, 504x3052}
2025-06-05 10:44:20 INFO  com.raymedis.rxviewui.controller.ExportStudy - org width: 2500, height: 3052
2025-06-05 10:44:20 INFO  com.raymedis.rxviewui.service.study.StudyService - study DynamicCanvasElementsResize values set with multiple: 2.9822485207100593
2025-06-05 10:44:20 INFO  com.raymedis.rxviewui.service.study.StudyService - study Line Width: 5.964497041420119, Ellipse Radius X: 23.857988165680474, Ellipse Radius Y: 23.857988165680474, Label Font Size: 41.75147928994083, Rect Width: 268.40236686390534, Rect Height: 89.46745562130178, Custom Font Icon Size: 596.4497041420119
2025-06-05 10:44:20 INFO  com.raymedis.rxviewui.modules.ImageProcessing.DrawToolsResource.CanvasMainChange - cropRect : {320, 0, 169x1024}
2025-06-05 10:44:20 INFO  com.raymedis.rxviewui.modules.ImageProcessing.DrawToolsResource.CanvasMainChange - displayImage : 2500.0x3052.0
2025-06-05 10:44:20 INFO  com.raymedis.rxviewui.modules.ImageProcessing.DrawToolsResource.CanvasMainChange - cropRect : {320, 0, 169x1024}
2025-06-05 10:44:20 INFO  com.raymedis.rxviewui.modules.ImageProcessing.DrawToolsResource.CanvasMainChange - displayImage : 2500.0x3052.0
2025-06-05 10:44:20 INFO  com.raymedis.rxviewui.modules.ImageProcessing.imageToolsWrapper.ImageDrawWrapperHandling - apply label  LeftRightDrawWrapper{offsetX=-73.37446808510637, offsetY=-57.84680851063828, text='RIGHT'} 
2025-06-05 10:44:20 INFO  com.raymedis.rxviewui.modules.ImageProcessing.DrawToolsResource.CanvasMainChange - cropRect : {320, 0, 169x1024}
2025-06-05 10:44:20 INFO  com.raymedis.rxviewui.modules.ImageProcessing.DrawToolsResource.CanvasMainChange - displayImage : 2500.0x3052.0
2025-06-05 10:44:21 INFO  com.raymedis.rxviewui.modules.ImageProcessing.DrawToolsResource.CanvasMainChange - cropRect : {0, 0, 2500x3052}
2025-06-05 10:44:21 INFO  com.raymedis.rxviewui.modules.ImageProcessing.DrawToolsResource.CanvasMainChange - displayImage : 2500.0x3052.0
2025-06-05 10:44:36 INFO  com.raymedis.rxviewui.service.study.StudyService - study mat.rows() * width : 1024 1024.0
2025-06-05 10:44:36 INFO  com.raymedis.rxviewui.service.study.StudyService - study DynamicCanvasElementsResize values set with multiple: 1.0
2025-06-05 10:44:36 INFO  com.raymedis.rxviewui.service.study.StudyService - study Line Width: 2.0, Ellipse Radius X: 8.0, Ellipse Radius Y: 8.0, Label Font Size: 14.0, Rect Width: 90.0, Rect Height: 30.0, Custom Font Icon Size: 200.0
2025-06-05 10:44:36 INFO  com.raymedis.rxviewui.modules.ImageProcessing.DrawToolsResource.CanvasMainChange - cropRect : {0, 0, 838x1024}
2025-06-05 10:44:36 INFO  com.raymedis.rxviewui.modules.ImageProcessing.DrawToolsResource.CanvasMainChange - displayImage : 838.0x1024.0
2025-06-05 10:44:36 INFO  com.raymedis.rxviewui.modules.ImageProcessing.DrawToolsResource.CanvasMainChange - cropRect : {0, 0, 838x1024}
2025-06-05 10:44:36 INFO  com.raymedis.rxviewui.modules.ImageProcessing.DrawToolsResource.CanvasMainChange - displayImage : 838.0x1024.0
2025-06-05 10:44:36 INFO  com.raymedis.rxviewui.modules.ImageProcessing.DrawToolsResource.CanvasMainChange - cropRect : {0, 0, 838x1024}
2025-06-05 10:44:36 INFO  com.raymedis.rxviewui.modules.ImageProcessing.DrawToolsResource.CanvasMainChange - displayImage : 838.0x1024.0
2025-06-05 10:44:36 INFO  com.raymedis.rxviewui.modules.ImageProcessing.imageToolsWrapper.ImageDrawWrapperHandling - apply label  LeftRightDrawWrapper{offsetX=-73.37446808510637, offsetY=-57.84680851063828, text='RIGHT'} 
2025-06-05 10:44:36 INFO  com.raymedis.rxviewui.modules.ImageProcessing.DrawToolsResource.CanvasMainChange - cropRect : {320, 0, 169x1024}
2025-06-05 10:44:36 INFO  com.raymedis.rxviewui.modules.ImageProcessing.DrawToolsResource.CanvasMainChange - displayImage : 838.0x1024.0
2025-06-05 10:44:37 INFO  com.raymedis.rxviewui.modules.ImageProcessing.DrawToolsResource.CanvasMainChange - cropRect : {320, 0, 169x1024}
2025-06-05 10:44:37 INFO  com.raymedis.rxviewui.modules.ImageProcessing.DrawToolsResource.CanvasMainChange - displayImage : 838.0x1024.0
