2025-06-05 11:12:51 INFO  com.raymedis.rxviewui.controller.LoginPage - logged In
2025-06-05 11:12:51 INFO  com.raymedis.rxviewui.service.login.LoginController - 192.168.12.10
2025-06-05 11:12:51 INFO  com.raymedis.rxviewui.service.login.LoginController - No Wi-Fi interface found or no IPv4 address assigned.
2025-06-05 11:12:53 INFO  com.raymedis.rxviewui.service.preProcessing.PreProcess - Processing body part: chest
2025-06-05 11:12:53 INFO  com.raymedis.rxviewui.service.preProcessing.PreProcess - Mat is 16-bit unsigned
2025-06-05 11:12:55 INFO  com.raymedis.rxviewui.service.study.StudyService - Image received Found in FPD
2025-06-05 11:12:56 INFO  com.raymedis.rxviewui.service.study.StudyService - org : CV_16UC1
2025-06-05 11:12:56 INFO  com.raymedis.rxviewui.service.study.StudyService - study mat.rows() * width : 1024 1024.0
2025-06-05 11:12:56 INFO  com.raymedis.rxviewui.service.study.StudyService - study DynamicCanvasElementsResize values set with multiple: 1.0
2025-06-05 11:12:56 INFO  com.raymedis.rxviewui.service.study.StudyService - study Line Width: 2.0, Ellipse Radius X: 8.0, Ellipse Radius Y: 8.0, Label Font Size: 14.0, Rect Width: 90.0, Rect Height: 30.0, Custom Font Icon Size: 200.0
2025-06-05 11:12:56 INFO  com.raymedis.rxviewui.modules.ImageProcessing.DrawToolsResource.CanvasMainChange - cropRect : {0, 0, 838x1024}
2025-06-05 11:12:56 INFO  com.raymedis.rxviewui.modules.ImageProcessing.DrawToolsResource.CanvasMainChange - after cropRect : {0, 0, 838x1024}
2025-06-05 11:12:56 INFO  com.raymedis.rxviewui.modules.ImageProcessing.DrawToolsResource.CanvasMainChange - displayImage : 838.0x1024.0
2025-06-05 11:12:56 INFO  com.raymedis.rxviewui.modules.ImageProcessing.DrawToolsResource.CanvasMainChange - cropRect : {0, 0, 838x1024}
2025-06-05 11:12:56 INFO  com.raymedis.rxviewui.modules.ImageProcessing.DrawToolsResource.CanvasMainChange - after cropRect : {0, 0, 838x1024}
2025-06-05 11:12:56 INFO  com.raymedis.rxviewui.modules.ImageProcessing.DrawToolsResource.CanvasMainChange - displayImage : 838.0x1024.0
2025-06-05 11:12:56 INFO  com.raymedis.rxviewui.modules.ImageProcessing.DrawToolsResource.MainDrawTool - ImagingParams is null
2025-06-05 11:12:56 INFO  com.raymedis.rxviewui.modules.ImageProcessing.DrawToolsResource.MainDrawTool - HFlip is false, not applying HFlip
2025-06-05 11:12:56 INFO  com.raymedis.rxviewui.modules.ImageProcessing.DrawToolsResource.MainDrawTool - L/R Label: L
2025-06-05 11:12:56 INFO  com.raymedis.rxviewui.modules.ImageProcessing.DrawToolsResource.CanvasMainChange - cropRect : {0, 0, 838x1024}
2025-06-05 11:12:56 INFO  com.raymedis.rxviewui.modules.ImageProcessing.DrawToolsResource.CanvasMainChange - after cropRect : {0, 0, 838x1024}
2025-06-05 11:12:56 INFO  com.raymedis.rxviewui.modules.ImageProcessing.DrawToolsResource.CanvasMainChange - displayImage : 838.0x1024.0
2025-06-05 11:12:56 INFO  com.raymedis.rxviewui.modules.ImageProcessing.DrawToolsResource.CanvasMainChange - cropRect : {0, 0, 838x1024}
2025-06-05 11:12:56 INFO  com.raymedis.rxviewui.modules.ImageProcessing.DrawToolsResource.CanvasMainChange - after cropRect : {0, 0, 838x1024}
2025-06-05 11:12:56 INFO  com.raymedis.rxviewui.modules.ImageProcessing.DrawToolsResource.CanvasMainChange - displayImage : 838.0x1024.0
2025-06-05 11:12:56 INFO  com.raymedis.rxviewui.modules.ImageProcessing.DrawToolsResource.CanvasMainChange - cropRect : {0, 0, 838x1024}
2025-06-05 11:12:56 INFO  com.raymedis.rxviewui.modules.ImageProcessing.DrawToolsResource.CanvasMainChange - after cropRect : {0, 0, 838x1024}
2025-06-05 11:12:56 INFO  com.raymedis.rxviewui.modules.ImageProcessing.DrawToolsResource.CanvasMainChange - displayImage : 838.0x1024.0
2025-06-05 11:12:56 INFO  com.raymedis.rxviewui.modules.ImageProcessing.DrawToolsResource.MainDrawTool - Text: Some Text
2025-06-05 11:12:56 INFO  com.raymedis.rxviewui.modules.ImageProcessing.DrawToolsResource.CanvasMainChange - cropRect : {0, 0, 838x1024}
2025-06-05 11:12:56 INFO  com.raymedis.rxviewui.modules.ImageProcessing.DrawToolsResource.CanvasMainChange - after cropRect : {0, 0, 838x1024}
2025-06-05 11:12:56 INFO  com.raymedis.rxviewui.modules.ImageProcessing.DrawToolsResource.CanvasMainChange - displayImage : 838.0x1024.0
2025-06-05 11:12:56 INFO  com.raymedis.rxviewui.modules.ImageProcessing.DrawToolsResource.MainDrawTool - Position Value: 175.0
2025-06-05 11:12:56 INFO  com.raymedis.rxviewui.modules.ImageProcessing.DrawToolsResource.MainDrawTool - Invalid position value: 175.0
2025-06-05 11:12:56 INFO  com.raymedis.rxviewui.modules.ImageProcessing.DrawToolsResource.CanvasMainChange - cropRect : {0, 0, 838x1024}
2025-06-05 11:12:56 INFO  com.raymedis.rxviewui.modules.ImageProcessing.DrawToolsResource.CanvasMainChange - after cropRect : {0, 0, 838x1024}
2025-06-05 11:12:56 INFO  com.raymedis.rxviewui.modules.ImageProcessing.DrawToolsResource.CanvasMainChange - displayImage : 838.0x1024.0
2025-06-05 11:12:56 INFO  com.raymedis.rxviewui.modules.ImageProcessing.DrawToolsResource.CanvasMainChange - cropRect : {0, 0, 838x1024}
2025-06-05 11:12:56 INFO  com.raymedis.rxviewui.modules.ImageProcessing.DrawToolsResource.CanvasMainChange - after cropRect : {0, 0, 838x1024}
2025-06-05 11:12:56 INFO  com.raymedis.rxviewui.modules.ImageProcessing.DrawToolsResource.CanvasMainChange - displayImage : 838.0x1024.0
2025-06-05 11:12:57 INFO  com.raymedis.rxviewui.modules.ImageProcessing.DrawToolsResource.CanvasMainChange - cropRect : {0, 0, 838x1024}
2025-06-05 11:12:57 INFO  com.raymedis.rxviewui.modules.ImageProcessing.DrawToolsResource.CanvasMainChange - after cropRect : {0, 0, 838x1024}
2025-06-05 11:12:57 INFO  com.raymedis.rxviewui.modules.ImageProcessing.DrawToolsResource.CanvasMainChange - displayImage : 838.0x1024.0
2025-06-05 11:12:57 INFO  com.raymedis.rxviewui.modules.ImageProcessing.DrawToolsResource.CropLayout - drawLayout called
2025-06-05 11:12:58 INFO  com.raymedis.rxviewui.modules.ImageProcessing.DrawToolsResource.CropLayout - drawLayout called
2025-06-05 11:12:58 INFO  com.raymedis.rxviewui.modules.ImageProcessing.DrawToolsResource.CropLayout - drawLayout called
2025-06-05 11:12:58 INFO  com.raymedis.rxviewui.modules.ImageProcessing.DrawToolsResource.CropLayout - drawLayout called
2025-06-05 11:12:58 INFO  com.raymedis.rxviewui.modules.ImageProcessing.DrawToolsResource.CropLayout - drawLayout called
2025-06-05 11:12:58 INFO  com.raymedis.rxviewui.modules.ImageProcessing.DrawToolsResource.CropLayout - drawLayout called
2025-06-05 11:12:58 INFO  com.raymedis.rxviewui.modules.ImageProcessing.DrawToolsResource.CropLayout - drawLayout called
2025-06-05 11:12:58 INFO  com.raymedis.rxviewui.modules.ImageProcessing.DrawToolsResource.CropLayout - drawLayout called
2025-06-05 11:12:58 INFO  com.raymedis.rxviewui.modules.ImageProcessing.DrawToolsResource.CropLayout - drawLayout called
2025-06-05 11:12:58 INFO  com.raymedis.rxviewui.modules.ImageProcessing.DrawToolsResource.CropLayout - drawLayout called
2025-06-05 11:12:58 INFO  com.raymedis.rxviewui.modules.ImageProcessing.DrawToolsResource.CropLayout - drawLayout called
2025-06-05 11:12:58 INFO  com.raymedis.rxviewui.modules.ImageProcessing.DrawToolsResource.CropLayout - drawLayout called
2025-06-05 11:12:58 INFO  com.raymedis.rxviewui.modules.ImageProcessing.DrawToolsResource.CropLayout - drawLayout called
2025-06-05 11:12:59 INFO  com.raymedis.rxviewui.modules.ImageProcessing.DrawToolsResource.CropLayout - drawLayout called
2025-06-05 11:12:59 INFO  com.raymedis.rxviewui.modules.ImageProcessing.DrawToolsResource.CropLayout - drawLayout called
2025-06-05 11:12:59 INFO  com.raymedis.rxviewui.modules.ImageProcessing.DrawToolsResource.CropLayout - drawLayout called
2025-06-05 11:12:59 INFO  com.raymedis.rxviewui.modules.ImageProcessing.DrawToolsResource.CropLayout - drawLayout called
2025-06-05 11:12:59 INFO  com.raymedis.rxviewui.modules.ImageProcessing.DrawToolsResource.CropLayout - drawLayout called
2025-06-05 11:12:59 INFO  com.raymedis.rxviewui.modules.ImageProcessing.DrawToolsResource.CropLayout - drawLayout called
2025-06-05 11:12:59 INFO  com.raymedis.rxviewui.modules.ImageProcessing.DrawToolsResource.CropLayout - drawLayout called
2025-06-05 11:12:59 INFO  com.raymedis.rxviewui.modules.ImageProcessing.DrawToolsResource.CropLayout - drawLayout called
2025-06-05 11:12:59 INFO  com.raymedis.rxviewui.modules.ImageProcessing.DrawToolsResource.CropLayout - drawLayout called
2025-06-05 11:13:00 INFO  com.raymedis.rxviewui.modules.ImageProcessing.DrawToolsResource.CropLayout - drawLayout called
2025-06-05 11:13:00 INFO  com.raymedis.rxviewui.modules.ImageProcessing.DrawToolsResource.CropLayout - drawLayout called
2025-06-05 11:13:00 INFO  com.raymedis.rxviewui.modules.ImageProcessing.DrawToolsResource.CropLayout - drawLayout called
2025-06-05 11:13:00 INFO  com.raymedis.rxviewui.modules.ImageProcessing.DrawToolsResource.CropLayout - drawLayout called
2025-06-05 11:13:00 INFO  com.raymedis.rxviewui.modules.ImageProcessing.DrawToolsResource.CropLayout - drawLayout called
2025-06-05 11:13:00 INFO  com.raymedis.rxviewui.modules.ImageProcessing.DrawToolsResource.CropLayout - drawLayout called
2025-06-05 11:13:00 INFO  com.raymedis.rxviewui.modules.ImageProcessing.DrawToolsResource.CropLayout - drawLayout called
2025-06-05 11:13:00 INFO  com.raymedis.rxviewui.modules.ImageProcessing.DrawToolsResource.CropLayout - drawLayout called
2025-06-05 11:13:00 INFO  com.raymedis.rxviewui.modules.ImageProcessing.DrawToolsResource.CropLayout - drawLayout called
2025-06-05 11:13:00 INFO  com.raymedis.rxviewui.modules.ImageProcessing.DrawToolsResource.CropLayout - drawLayout called
2025-06-05 11:13:00 INFO  com.raymedis.rxviewui.modules.ImageProcessing.DrawToolsResource.CropLayout - drawLayout called
2025-06-05 11:13:00 INFO  com.raymedis.rxviewui.modules.ImageProcessing.DrawToolsResource.CropLayout - drawLayout called
2025-06-05 11:13:00 INFO  com.raymedis.rxviewui.modules.ImageProcessing.DrawToolsResource.CropLayout - drawLayout called
2025-06-05 11:13:01 INFO  com.raymedis.rxviewui.modules.ImageProcessing.DrawToolsResource.CropLayout - drawLayout called
2025-06-05 11:13:01 INFO  com.raymedis.rxviewui.modules.ImageProcessing.DrawToolsResource.CropLayout - drawLayout called
2025-06-05 11:13:01 INFO  com.raymedis.rxviewui.modules.ImageProcessing.DrawToolsResource.CropLayout - drawLayout called
2025-06-05 11:13:01 INFO  com.raymedis.rxviewui.modules.ImageProcessing.DrawToolsResource.CropLayout - drawLayout called
2025-06-05 11:13:01 INFO  com.raymedis.rxviewui.modules.ImageProcessing.DrawToolsResource.CropLayout - drawLayout called
2025-06-05 11:13:01 INFO  com.raymedis.rxviewui.modules.ImageProcessing.DrawToolsResource.CropLayout - drawLayout called
2025-06-05 11:13:01 INFO  com.raymedis.rxviewui.modules.ImageProcessing.DrawToolsResource.CropLayout - drawLayout called
2025-06-05 11:13:01 INFO  com.raymedis.rxviewui.modules.ImageProcessing.DrawToolsResource.CropLayout - drawLayout called
2025-06-05 11:13:01 INFO  com.raymedis.rxviewui.modules.ImageProcessing.DrawToolsResource.CropLayout - drawLayout called
2025-06-05 11:13:01 INFO  com.raymedis.rxviewui.modules.ImageProcessing.DrawToolsResource.CropLayout - drawLayout called
2025-06-05 11:13:01 INFO  com.raymedis.rxviewui.modules.ImageProcessing.DrawToolsResource.CropLayout - drawLayout called
2025-06-05 11:13:01 INFO  com.raymedis.rxviewui.modules.ImageProcessing.DrawToolsResource.CropLayout - drawLayout called
2025-06-05 11:13:01 INFO  com.raymedis.rxviewui.modules.ImageProcessing.DrawToolsResource.CropLayout - drawLayout called
2025-06-05 11:13:01 INFO  com.raymedis.rxviewui.modules.ImageProcessing.DrawToolsResource.CropLayout - drawLayout called
2025-06-05 11:13:01 INFO  com.raymedis.rxviewui.modules.ImageProcessing.DrawToolsResource.CropLayout - drawLayout called
2025-06-05 11:13:01 INFO  com.raymedis.rxviewui.modules.ImageProcessing.DrawToolsResource.CropLayout - drawLayout called
2025-06-05 11:13:01 INFO  com.raymedis.rxviewui.modules.ImageProcessing.DrawToolsResource.CropLayout - drawLayout called
2025-06-05 11:13:01 INFO  com.raymedis.rxviewui.modules.ImageProcessing.DrawToolsResource.CropLayout - drawLayout called
2025-06-05 11:13:01 INFO  com.raymedis.rxviewui.modules.ImageProcessing.DrawToolsResource.CropLayout - drawLayout called
2025-06-05 11:13:01 INFO  com.raymedis.rxviewui.modules.ImageProcessing.DrawToolsResource.CropLayout - drawLayout called
2025-06-05 11:13:01 INFO  com.raymedis.rxviewui.modules.ImageProcessing.DrawToolsResource.CropLayout - drawLayout called
2025-06-05 11:13:01 INFO  com.raymedis.rxviewui.modules.ImageProcessing.DrawToolsResource.CropLayout - drawLayout called
2025-06-05 11:13:01 INFO  com.raymedis.rxviewui.modules.ImageProcessing.DrawToolsResource.CropLayout - drawLayout called
2025-06-05 11:13:01 INFO  com.raymedis.rxviewui.modules.ImageProcessing.DrawToolsResource.CropLayout - drawLayout called
2025-06-05 11:13:01 INFO  com.raymedis.rxviewui.modules.ImageProcessing.DrawToolsResource.CropLayout - drawLayout called
2025-06-05 11:13:01 INFO  com.raymedis.rxviewui.modules.ImageProcessing.DrawToolsResource.CropLayout - drawLayout called
2025-06-05 11:13:01 INFO  com.raymedis.rxviewui.modules.ImageProcessing.DrawToolsResource.CropLayout - drawLayout called
2025-06-05 11:13:01 INFO  com.raymedis.rxviewui.modules.ImageProcessing.DrawToolsResource.CropLayout - drawLayout called
2025-06-05 11:13:01 INFO  com.raymedis.rxviewui.modules.ImageProcessing.DrawToolsResource.CropLayout - drawLayout called
2025-06-05 11:13:01 INFO  com.raymedis.rxviewui.modules.ImageProcessing.DrawToolsResource.CropLayout - drawLayout called
2025-06-05 11:13:01 INFO  com.raymedis.rxviewui.modules.ImageProcessing.DrawToolsResource.CropLayout - drawLayout called
2025-06-05 11:13:02 INFO  com.raymedis.rxviewui.modules.ImageProcessing.DrawToolsResource.CropLayout - drawLayout called
2025-06-05 11:13:02 INFO  com.raymedis.rxviewui.modules.ImageProcessing.DrawToolsResource.CropLayout - drawLayout called
2025-06-05 11:13:02 INFO  com.raymedis.rxviewui.modules.ImageProcessing.DrawToolsResource.CropLayout - rectX: 296.3063829787234, rectY: 0.0, rectWidth: 183.29361702127653, rectHeight: 1024.0
2025-06-05 11:13:02 INFO  com.raymedis.rxviewui.modules.ImageProcessing.DrawToolsResource.CanvasMainChange - cropRect : {296, 0, 183x1024}
2025-06-05 11:13:02 INFO  com.raymedis.rxviewui.modules.ImageProcessing.DrawToolsResource.CanvasMainChange - after cropRect : {296, 0, 183x1024}
2025-06-05 11:13:02 INFO  com.raymedis.rxviewui.modules.ImageProcessing.DrawToolsResource.CanvasMainChange - displayImage : 838.0x1024.0
2025-06-05 11:13:02 INFO  com.raymedis.rxviewui.modules.ImageProcessing.DrawToolsResource.CanvasMainChange - cropRect : {296, 0, 183x1024}
2025-06-05 11:13:02 INFO  com.raymedis.rxviewui.modules.ImageProcessing.DrawToolsResource.CanvasMainChange - after cropRect : {296, 0, 183x1024}
2025-06-05 11:13:02 INFO  com.raymedis.rxviewui.modules.ImageProcessing.DrawToolsResource.CanvasMainChange - displayImage : 838.0x1024.0
2025-06-05 11:13:02 INFO  com.raymedis.rxviewui.modules.ImageProcessing.DrawToolsResource.MainDrawTool - rect : 296.3063829787234, 0.0 183.29361702127653 1024.0
2025-06-05 11:13:02 INFO  com.raymedis.rxviewui.modules.ImageProcessing.DrawToolsResource.CanvasMainChange - cropRect : {296, 0, 183x1024}
2025-06-05 11:13:02 INFO  com.raymedis.rxviewui.modules.ImageProcessing.DrawToolsResource.CanvasMainChange - after cropRect : {296, 0, 183x1024}
2025-06-05 11:13:02 INFO  com.raymedis.rxviewui.modules.ImageProcessing.DrawToolsResource.CanvasMainChange - displayImage : 838.0x1024.0
2025-06-05 11:13:02 INFO  com.raymedis.rxviewui.modules.ImageProcessing.DrawToolsResource.CanvasMainChange - cropRect : {296, 0, 183x1024}
2025-06-05 11:13:02 INFO  com.raymedis.rxviewui.modules.ImageProcessing.DrawToolsResource.CanvasMainChange - after cropRect : {296, 0, 183x1024}
2025-06-05 11:13:02 INFO  com.raymedis.rxviewui.modules.ImageProcessing.DrawToolsResource.CanvasMainChange - displayImage : 838.0x1024.0
2025-06-05 11:13:17 INFO  com.raymedis.rxviewui.service.study.StudyMainController - saving for export...
2025-06-05 11:13:17 INFO  com.raymedis.rxviewui.modules.ImageProcessing.DrawToolsResource.CanvasMainChange - cropRect : {296, 0, 183x1024}
2025-06-05 11:13:17 INFO  com.raymedis.rxviewui.modules.ImageProcessing.DrawToolsResource.CanvasMainChange - after cropRect : {296, 0, 183x1024}
2025-06-05 11:13:17 INFO  com.raymedis.rxviewui.modules.ImageProcessing.DrawToolsResource.CanvasMainChange - displayImage : 838.0x1024.0
2025-06-05 11:13:17 INFO  com.raymedis.rxviewui.modules.ImageProcessing.DrawToolsResource.CanvasMainChange - cropRect : {0, 0, 838x1024}
2025-06-05 11:13:17 INFO  com.raymedis.rxviewui.modules.ImageProcessing.DrawToolsResource.CanvasMainChange - after cropRect : {0, 0, 838x1024}
2025-06-05 11:13:17 INFO  com.raymedis.rxviewui.modules.ImageProcessing.DrawToolsResource.CanvasMainChange - displayImage : 838.0x1024.0
2025-06-05 11:13:17 INFO  com.raymedis.rxviewui.service.study.StudyService - study mat.rows() * width : 1024 1024.0
2025-06-05 11:13:17 INFO  com.raymedis.rxviewui.service.study.StudyService - study DynamicCanvasElementsResize values set with multiple: 1.0
2025-06-05 11:13:17 INFO  com.raymedis.rxviewui.service.study.StudyService - study Line Width: 2.0, Ellipse Radius X: 8.0, Ellipse Radius Y: 8.0, Label Font Size: 14.0, Rect Width: 90.0, Rect Height: 30.0, Custom Font Icon Size: 200.0
2025-06-05 11:13:17 INFO  com.raymedis.rxviewui.modules.ImageProcessing.DrawToolsResource.CanvasMainChange - cropRect : {0, 0, 838x1024}
2025-06-05 11:13:17 INFO  com.raymedis.rxviewui.modules.ImageProcessing.DrawToolsResource.CanvasMainChange - after cropRect : {0, 0, 838x1024}
2025-06-05 11:13:17 INFO  com.raymedis.rxviewui.modules.ImageProcessing.DrawToolsResource.CanvasMainChange - displayImage : 838.0x1024.0
2025-06-05 11:13:17 INFO  com.raymedis.rxviewui.modules.ImageProcessing.DrawToolsResource.CanvasMainChange - cropRect : {296, 0, 183x1024}
2025-06-05 11:13:17 INFO  com.raymedis.rxviewui.modules.ImageProcessing.DrawToolsResource.CanvasMainChange - after cropRect : {296, 0, 183x1024}
2025-06-05 11:13:17 INFO  com.raymedis.rxviewui.modules.ImageProcessing.DrawToolsResource.CanvasMainChange - displayImage : 838.0x1024.0
2025-06-05 11:13:18 INFO  com.raymedis.rxviewui.modules.ImageProcessing.DrawToolsResource.CanvasMainChange - cropRect : {296, 0, 183x1024}
2025-06-05 11:13:18 INFO  com.raymedis.rxviewui.modules.ImageProcessing.DrawToolsResource.CanvasMainChange - after cropRect : {296, 0, 183x1024}
2025-06-05 11:13:18 INFO  com.raymedis.rxviewui.modules.ImageProcessing.DrawToolsResource.CanvasMainChange - displayImage : 838.0x1024.0
2025-06-05 11:13:20 INFO  com.raymedis.rxviewui.controller.ExportStudy - org.width(): 2500 patientBodyPart.getEditedMat().width(): 838
2025-06-05 11:13:20 INFO  com.raymedis.rxviewui.controller.ExportStudy - saveWithAnnotationBurn Crop Multiple: 2.983293556085919
2025-06-05 11:13:20 INFO  com.raymedis.rxviewui.controller.ExportStudy - Crop Rect: {883, 0, 546x3052}
2025-06-05 11:13:20 INFO  com.raymedis.rxviewui.controller.ExportStudy - org width: 2500, height: 3052
2025-06-05 11:13:20 INFO  com.raymedis.rxviewui.service.study.StudyService - study DynamicCanvasElementsResize values set with multiple: 2.9836065573770494
2025-06-05 11:13:20 INFO  com.raymedis.rxviewui.service.study.StudyService - study Line Width: 5.967213114754099, Ellipse Radius X: 23.868852459016395, Ellipse Radius Y: 23.868852459016395, Label Font Size: 41.77049180327869, Rect Width: 268.5245901639344, Rect Height: 89.50819672131148, Custom Font Icon Size: 596.7213114754098
2025-06-05 11:13:20 INFO  com.raymedis.rxviewui.modules.ImageProcessing.DrawToolsResource.CanvasMainChange - cropRect : {296, 0, 183x1024}
2025-06-05 11:13:20 INFO  com.raymedis.rxviewui.modules.ImageProcessing.DrawToolsResource.CanvasMainChange - after cropRect : {296, 0, 183x1024}
2025-06-05 11:13:20 INFO  com.raymedis.rxviewui.modules.ImageProcessing.DrawToolsResource.CanvasMainChange - displayImage : 2500.0x3052.0
2025-06-05 11:13:20 INFO  com.raymedis.rxviewui.controller.ExportStudy - rect x : 883.9689229675519  rect y : 0.0 rect width: 546.8186665312546, height: 3054.892601431981
2025-06-05 11:13:20 INFO  com.raymedis.rxviewui.modules.ImageProcessing.DrawToolsResource.CanvasMainChange - cropRect : {883, 0, 546x3054}
2025-06-05 11:13:20 INFO  com.raymedis.rxviewui.modules.ImageProcessing.DrawToolsResource.CanvasMainChange - after cropRect : {883, 0, 2500x3052}
2025-06-05 11:13:20 INFO  com.raymedis.rxviewui.modules.ImageProcessing.DrawToolsResource.CanvasMainChange - displayImage : 2500.0x3052.0
2025-06-05 11:13:21 ERROR com.raymedis.rxviewui.service.export.ExportWindowController - e: 
org.opencv.core.CvException: cv::Exception: OpenCV(4.10.0) C:\GHA-OCV-1\_work\ci-gha-workflow\ci-gha-workflow\opencv\modules\core\src\matrix.cpp:776: error: (-215:Assertion failed) 0 <= _colRange.start && _colRange.start <= _colRange.end && _colRange.end <= m.cols in function 'cv::Mat::Mat'

	at opencv@4100/org.opencv.core.Mat.n_Mat(Native Method)
	at opencv@4100/org.opencv.core.Mat.<init>(Mat.java:127)
	at com.raymedis.rxviewui/com.raymedis.rxviewui.modules.ImageProcessing.DrawToolsResource.CanvasMainChange.redraw(CanvasMainChange.java:147)
	at com.raymedis.rxviewui/com.raymedis.rxviewui.controller.ExportStudy.saveWithAnnotationBurn(ExportStudy.java:225)
	at com.raymedis.rxviewui/com.raymedis.rxviewui.service.export.ExportWindowController.imageConversion(ExportWindowController.java:247)
	at com.raymedis.rxviewui/com.raymedis.rxviewui.service.export.ExportWindowController.startExport(ExportWindowController.java:216)
	at com.raymedis.rxviewui/com.raymedis.rxviewui.controller.ExportWindow.startExport(ExportWindow.java:83)
	at java.base/jdk.internal.reflect.DirectMethodHandleAccessor.invoke(DirectMethodHandleAccessor.java:103)
	at java.base/java.lang.reflect.Method.invoke(Method.java:580)
	at com.sun.javafx.reflect.Trampoline.invoke(MethodUtil.java:72)
	at java.base/jdk.internal.reflect.DirectMethodHandleAccessor.invoke(DirectMethodHandleAccessor.java:103)
	at java.base/java.lang.reflect.Method.invoke(Method.java:580)
	at javafx.base@21/com.sun.javafx.reflect.MethodUtil.invoke(MethodUtil.java:270)
	at javafx.fxml@21/com.sun.javafx.fxml.MethodHelper.invoke(MethodHelper.java:84)
	at javafx.fxml@21/javafx.fxml.FXMLLoader$MethodHandler.invoke(FXMLLoader.java:1855)
	at javafx.fxml@21/javafx.fxml.FXMLLoader$ControllerMethodEventHandler.handle(FXMLLoader.java:1726)
	at javafx.base@21/com.sun.javafx.event.CompositeEventHandler.dispatchBubblingEvent(CompositeEventHandler.java:86)
	at javafx.base@21/com.sun.javafx.event.EventHandlerManager.dispatchBubblingEvent(EventHandlerManager.java:232)
	at javafx.base@21/com.sun.javafx.event.EventHandlerManager.dispatchBubblingEvent(EventHandlerManager.java:189)
	at javafx.base@21/com.sun.javafx.event.CompositeEventDispatcher.dispatchBubblingEvent(CompositeEventDispatcher.java:59)
	at javafx.base@21/com.sun.javafx.event.BasicEventDispatcher.dispatchEvent(BasicEventDispatcher.java:58)
	at javafx.base@21/com.sun.javafx.event.EventDispatchChainImpl.dispatchEvent(EventDispatchChainImpl.java:114)
	at javafx.base@21/com.sun.javafx.event.BasicEventDispatcher.dispatchEvent(BasicEventDispatcher.java:56)
	at javafx.base@21/com.sun.javafx.event.EventDispatchChainImpl.dispatchEvent(EventDispatchChainImpl.java:114)
	at javafx.base@21/com.sun.javafx.event.BasicEventDispatcher.dispatchEvent(BasicEventDispatcher.java:56)
	at javafx.base@21/com.sun.javafx.event.EventDispatchChainImpl.dispatchEvent(EventDispatchChainImpl.java:114)
	at javafx.base@21/com.sun.javafx.event.EventUtil.fireEventImpl(EventUtil.java:74)
	at javafx.base@21/com.sun.javafx.event.EventUtil.fireEvent(EventUtil.java:49)
	at javafx.base@21/javafx.event.Event.fireEvent(Event.java:198)
	at javafx.graphics@21/javafx.scene.Node.fireEvent(Node.java:8875)
	at javafx.controls@21/javafx.scene.control.Button.fire(Button.java:203)
	at javafx.controls@21/com.sun.javafx.scene.control.behavior.ButtonBehavior.mouseReleased(ButtonBehavior.java:207)
	at javafx.controls@21/com.sun.javafx.scene.control.inputmap.InputMap.handle(InputMap.java:274)
	at javafx.base@21/com.sun.javafx.event.CompositeEventHandler$NormalEventHandlerRecord.handleBubblingEvent(CompositeEventHandler.java:247)
	at javafx.base@21/com.sun.javafx.event.CompositeEventHandler.dispatchBubblingEvent(CompositeEventHandler.java:80)
	at javafx.base@21/com.sun.javafx.event.EventHandlerManager.dispatchBubblingEvent(EventHandlerManager.java:232)
	at javafx.base@21/com.sun.javafx.event.EventHandlerManager.dispatchBubblingEvent(EventHandlerManager.java:189)
	at javafx.base@21/com.sun.javafx.event.CompositeEventDispatcher.dispatchBubblingEvent(CompositeEventDispatcher.java:59)
	at javafx.base@21/com.sun.javafx.event.BasicEventDispatcher.dispatchEvent(BasicEventDispatcher.java:58)
	at javafx.base@21/com.sun.javafx.event.EventDispatchChainImpl.dispatchEvent(EventDispatchChainImpl.java:114)
	at javafx.base@21/com.sun.javafx.event.BasicEventDispatcher.dispatchEvent(BasicEventDispatcher.java:56)
	at javafx.base@21/com.sun.javafx.event.EventDispatchChainImpl.dispatchEvent(EventDispatchChainImpl.java:114)
	at javafx.base@21/com.sun.javafx.event.BasicEventDispatcher.dispatchEvent(BasicEventDispatcher.java:56)
	at javafx.base@21/com.sun.javafx.event.EventDispatchChainImpl.dispatchEvent(EventDispatchChainImpl.java:114)
	at javafx.base@21/com.sun.javafx.event.EventUtil.fireEventImpl(EventUtil.java:74)
	at javafx.base@21/com.sun.javafx.event.EventUtil.fireEvent(EventUtil.java:54)
	at javafx.base@21/javafx.event.Event.fireEvent(Event.java:198)
	at javafx.graphics@21/javafx.scene.Scene$MouseHandler.process(Scene.java:3984)
	at javafx.graphics@21/javafx.scene.Scene.processMouseEvent(Scene.java:1890)
	at javafx.graphics@21/javafx.scene.Scene$ScenePeerListener.mouseEvent(Scene.java:2708)
	at javafx.graphics@21/com.sun.javafx.tk.quantum.GlassViewEventHandler$MouseEventNotification.run(GlassViewEventHandler.java:411)
	at javafx.graphics@21/com.sun.javafx.tk.quantum.GlassViewEventHandler$MouseEventNotification.run(GlassViewEventHandler.java:301)
	at java.base/java.security.AccessController.doPrivileged(AccessController.java:400)
	at javafx.graphics@21/com.sun.javafx.tk.quantum.GlassViewEventHandler.lambda$handleMouseEvent$2(GlassViewEventHandler.java:450)
	at javafx.graphics@21/com.sun.javafx.tk.quantum.QuantumToolkit.runWithoutRenderLock(QuantumToolkit.java:424)
	at javafx.graphics@21/com.sun.javafx.tk.quantum.GlassViewEventHandler.handleMouseEvent(GlassViewEventHandler.java:449)
	at javafx.graphics@21/com.sun.glass.ui.View.handleMouseEvent(View.java:551)
	at javafx.graphics@21/com.sun.glass.ui.View.notifyMouse(View.java:937)
	at javafx.graphics@21/com.sun.glass.ui.win.WinApplication._runLoop(Native Method)
	at javafx.graphics@21/com.sun.glass.ui.win.WinApplication.lambda$runLoop$3(WinApplication.java:185)
	at java.base/java.lang.Thread.run(Thread.java:1583)
