2025-06-05 11:05:42 INFO  com.raymedis.rxviewui.controller.LoginPage - logged In
2025-06-05 11:05:43 INFO  com.raymedis.rxviewui.service.login.LoginController - 192.168.12.10
2025-06-05 11:05:43 INFO  com.raymedis.rxviewui.service.login.LoginController - No Wi-Fi interface found or no IPv4 address assigned.
2025-06-05 11:05:51 INFO  com.raymedis.rxviewui.service.preProcessing.PreProcess - Processing body part: chest
2025-06-05 11:05:51 INFO  com.raymedis.rxviewui.service.preProcessing.PreProcess - Mat is 16-bit unsigned
2025-06-05 11:05:54 INFO  com.raymedis.rxviewui.service.study.StudyService - Image received Found in FPD
2025-06-05 11:05:54 INFO  com.raymedis.rxviewui.service.study.StudyService - org : CV_16UC1
2025-06-05 11:05:54 INFO  com.raymedis.rxviewui.service.study.StudyService - study mat.rows() * width : 1024 1024.0
2025-06-05 11:05:54 INFO  com.raymedis.rxviewui.service.study.StudyService - study DynamicCanvasElementsResize values set with multiple: 1.0
2025-06-05 11:05:54 INFO  com.raymedis.rxviewui.service.study.StudyService - study Line Width: 2.0, Ellipse Radius X: 8.0, Ellipse Radius Y: 8.0, Label Font Size: 14.0, Rect Width: 90.0, Rect Height: 30.0, Custom Font Icon Size: 200.0
2025-06-05 11:05:54 INFO  com.raymedis.rxviewui.modules.ImageProcessing.DrawToolsResource.CanvasMainChange - cropRect : {0, 0, 838x1024}
2025-06-05 11:05:54 INFO  com.raymedis.rxviewui.modules.ImageProcessing.DrawToolsResource.CanvasMainChange - displayImage : 838.0x1024.0
2025-06-05 11:05:55 INFO  com.raymedis.rxviewui.modules.ImageProcessing.DrawToolsResource.CanvasMainChange - cropRect : {0, 0, 838x1024}
2025-06-05 11:05:55 INFO  com.raymedis.rxviewui.modules.ImageProcessing.DrawToolsResource.CanvasMainChange - displayImage : 838.0x1024.0
2025-06-05 11:05:55 INFO  com.raymedis.rxviewui.modules.ImageProcessing.DrawToolsResource.MainDrawTool - ImagingParams is null
2025-06-05 11:05:55 INFO  com.raymedis.rxviewui.modules.ImageProcessing.DrawToolsResource.MainDrawTool - HFlip is false, not applying HFlip
2025-06-05 11:05:55 INFO  com.raymedis.rxviewui.modules.ImageProcessing.DrawToolsResource.MainDrawTool - L/R Label: L
2025-06-05 11:05:55 INFO  com.raymedis.rxviewui.modules.ImageProcessing.DrawToolsResource.CanvasMainChange - cropRect : {0, 0, 838x1024}
2025-06-05 11:05:55 INFO  com.raymedis.rxviewui.modules.ImageProcessing.DrawToolsResource.CanvasMainChange - displayImage : 838.0x1024.0
2025-06-05 11:05:55 INFO  com.raymedis.rxviewui.modules.ImageProcessing.DrawToolsResource.CanvasMainChange - cropRect : {0, 0, 838x1024}
2025-06-05 11:05:55 INFO  com.raymedis.rxviewui.modules.ImageProcessing.DrawToolsResource.CanvasMainChange - displayImage : 838.0x1024.0
2025-06-05 11:05:55 INFO  com.raymedis.rxviewui.modules.ImageProcessing.DrawToolsResource.CanvasMainChange - cropRect : {0, 0, 838x1024}
2025-06-05 11:05:55 INFO  com.raymedis.rxviewui.modules.ImageProcessing.DrawToolsResource.CanvasMainChange - displayImage : 838.0x1024.0
2025-06-05 11:05:55 INFO  com.raymedis.rxviewui.modules.ImageProcessing.DrawToolsResource.MainDrawTool - Text: Some Text
2025-06-05 11:05:55 INFO  com.raymedis.rxviewui.modules.ImageProcessing.DrawToolsResource.CanvasMainChange - cropRect : {0, 0, 838x1024}
2025-06-05 11:05:55 INFO  com.raymedis.rxviewui.modules.ImageProcessing.DrawToolsResource.CanvasMainChange - displayImage : 838.0x1024.0
2025-06-05 11:05:55 INFO  com.raymedis.rxviewui.modules.ImageProcessing.DrawToolsResource.MainDrawTool - Position Value: 175.0
2025-06-05 11:05:55 INFO  com.raymedis.rxviewui.modules.ImageProcessing.DrawToolsResource.MainDrawTool - Invalid position value: 175.0
2025-06-05 11:05:55 INFO  com.raymedis.rxviewui.modules.ImageProcessing.DrawToolsResource.CanvasMainChange - cropRect : {0, 0, 838x1024}
2025-06-05 11:05:55 INFO  com.raymedis.rxviewui.modules.ImageProcessing.DrawToolsResource.CanvasMainChange - displayImage : 838.0x1024.0
2025-06-05 11:05:55 INFO  com.raymedis.rxviewui.modules.ImageProcessing.DrawToolsResource.CanvasMainChange - cropRect : {0, 0, 838x1024}
2025-06-05 11:05:55 INFO  com.raymedis.rxviewui.modules.ImageProcessing.DrawToolsResource.CanvasMainChange - displayImage : 838.0x1024.0
2025-06-05 11:05:58 INFO  com.raymedis.rxviewui.modules.ImageProcessing.DrawToolsResource.CanvasMainChange - cropRect : {0, 0, 838x1024}
2025-06-05 11:05:58 INFO  com.raymedis.rxviewui.modules.ImageProcessing.DrawToolsResource.CanvasMainChange - displayImage : 838.0x1024.0
2025-06-05 11:05:58 INFO  com.raymedis.rxviewui.modules.ImageProcessing.DrawToolsResource.CropLayout - drawLayout called
2025-06-05 11:06:00 INFO  com.raymedis.rxviewui.modules.ImageProcessing.DrawToolsResource.CropLayout - drawLayout called
2025-06-05 11:06:00 INFO  com.raymedis.rxviewui.modules.ImageProcessing.DrawToolsResource.CropLayout - drawLayout called
2025-06-05 11:06:00 INFO  com.raymedis.rxviewui.modules.ImageProcessing.DrawToolsResource.CropLayout - drawLayout called
2025-06-05 11:06:00 INFO  com.raymedis.rxviewui.modules.ImageProcessing.DrawToolsResource.CropLayout - drawLayout called
2025-06-05 11:06:01 INFO  com.raymedis.rxviewui.modules.ImageProcessing.DrawToolsResource.CropLayout - drawLayout called
2025-06-05 11:06:01 INFO  com.raymedis.rxviewui.modules.ImageProcessing.DrawToolsResource.CropLayout - drawLayout called
2025-06-05 11:06:01 INFO  com.raymedis.rxviewui.modules.ImageProcessing.DrawToolsResource.CropLayout - drawLayout called
2025-06-05 11:06:01 INFO  com.raymedis.rxviewui.modules.ImageProcessing.DrawToolsResource.CropLayout - drawLayout called
2025-06-05 11:06:01 INFO  com.raymedis.rxviewui.modules.ImageProcessing.DrawToolsResource.CropLayout - drawLayout called
2025-06-05 11:06:01 INFO  com.raymedis.rxviewui.modules.ImageProcessing.DrawToolsResource.CropLayout - drawLayout called
2025-06-05 11:06:02 INFO  com.raymedis.rxviewui.modules.ImageProcessing.DrawToolsResource.CropLayout - drawLayout called
2025-06-05 11:06:02 INFO  com.raymedis.rxviewui.modules.ImageProcessing.DrawToolsResource.CropLayout - drawLayout called
2025-06-05 11:06:02 INFO  com.raymedis.rxviewui.modules.ImageProcessing.DrawToolsResource.CropLayout - drawLayout called
2025-06-05 11:06:02 INFO  com.raymedis.rxviewui.modules.ImageProcessing.DrawToolsResource.CropLayout - drawLayout called
2025-06-05 11:06:02 INFO  com.raymedis.rxviewui.modules.ImageProcessing.DrawToolsResource.CropLayout - drawLayout called
2025-06-05 11:06:02 INFO  com.raymedis.rxviewui.modules.ImageProcessing.DrawToolsResource.CropLayout - drawLayout called
2025-06-05 11:06:02 INFO  com.raymedis.rxviewui.modules.ImageProcessing.DrawToolsResource.CropLayout - drawLayout called
2025-06-05 11:06:02 INFO  com.raymedis.rxviewui.modules.ImageProcessing.DrawToolsResource.CropLayout - drawLayout called
2025-06-05 11:06:02 INFO  com.raymedis.rxviewui.modules.ImageProcessing.DrawToolsResource.CropLayout - drawLayout called
2025-06-05 11:06:02 INFO  com.raymedis.rxviewui.modules.ImageProcessing.DrawToolsResource.CropLayout - drawLayout called
2025-06-05 11:06:02 INFO  com.raymedis.rxviewui.modules.ImageProcessing.DrawToolsResource.CropLayout - drawLayout called
2025-06-05 11:06:02 INFO  com.raymedis.rxviewui.modules.ImageProcessing.DrawToolsResource.CropLayout - drawLayout called
2025-06-05 11:06:02 INFO  com.raymedis.rxviewui.modules.ImageProcessing.DrawToolsResource.CropLayout - drawLayout called
2025-06-05 11:06:02 INFO  com.raymedis.rxviewui.modules.ImageProcessing.DrawToolsResource.CropLayout - drawLayout called
2025-06-05 11:06:02 INFO  com.raymedis.rxviewui.modules.ImageProcessing.DrawToolsResource.CropLayout - drawLayout called
2025-06-05 11:06:02 INFO  com.raymedis.rxviewui.modules.ImageProcessing.DrawToolsResource.CropLayout - drawLayout called
2025-06-05 11:06:02 INFO  com.raymedis.rxviewui.modules.ImageProcessing.DrawToolsResource.CropLayout - drawLayout called
2025-06-05 11:06:02 INFO  com.raymedis.rxviewui.modules.ImageProcessing.DrawToolsResource.CropLayout - drawLayout called
2025-06-05 11:06:02 INFO  com.raymedis.rxviewui.modules.ImageProcessing.DrawToolsResource.CropLayout - drawLayout called
2025-06-05 11:06:02 INFO  com.raymedis.rxviewui.modules.ImageProcessing.DrawToolsResource.CropLayout - drawLayout called
2025-06-05 11:06:02 INFO  com.raymedis.rxviewui.modules.ImageProcessing.DrawToolsResource.CropLayout - drawLayout called
2025-06-05 11:06:03 INFO  com.raymedis.rxviewui.modules.ImageProcessing.DrawToolsResource.CropLayout - drawLayout called
2025-06-05 11:06:03 INFO  com.raymedis.rxviewui.modules.ImageProcessing.DrawToolsResource.CropLayout - drawLayout called
2025-06-05 11:06:03 INFO  com.raymedis.rxviewui.modules.ImageProcessing.DrawToolsResource.CropLayout - drawLayout called
2025-06-05 11:06:03 INFO  com.raymedis.rxviewui.modules.ImageProcessing.DrawToolsResource.CropLayout - drawLayout called
2025-06-05 11:06:03 INFO  com.raymedis.rxviewui.modules.ImageProcessing.DrawToolsResource.CropLayout - drawLayout called
2025-06-05 11:06:03 INFO  com.raymedis.rxviewui.modules.ImageProcessing.DrawToolsResource.CropLayout - drawLayout called
2025-06-05 11:06:03 INFO  com.raymedis.rxviewui.modules.ImageProcessing.DrawToolsResource.CropLayout - drawLayout called
2025-06-05 11:06:03 INFO  com.raymedis.rxviewui.modules.ImageProcessing.DrawToolsResource.CropLayout - drawLayout called
2025-06-05 11:06:03 INFO  com.raymedis.rxviewui.modules.ImageProcessing.DrawToolsResource.CropLayout - drawLayout called
2025-06-05 11:06:03 INFO  com.raymedis.rxviewui.modules.ImageProcessing.DrawToolsResource.CropLayout - drawLayout called
2025-06-05 11:06:03 INFO  com.raymedis.rxviewui.modules.ImageProcessing.DrawToolsResource.CropLayout - drawLayout called
2025-06-05 11:06:06 INFO  com.raymedis.rxviewui.modules.ImageProcessing.DrawToolsResource.CropLayout - rectX: 214.60425531914893, rectY: 0.0, rectWidth: 261.7276595744683, rectHeight: 1024.0
2025-06-05 11:06:06 INFO  com.raymedis.rxviewui.modules.ImageProcessing.DrawToolsResource.CanvasMainChange - cropRect : {0, 0, 838x1024}
2025-06-05 11:06:06 INFO  com.raymedis.rxviewui.modules.ImageProcessing.DrawToolsResource.CanvasMainChange - displayImage : 838.0x1024.0
2025-06-05 11:06:06 INFO  com.raymedis.rxviewui.modules.ImageProcessing.DrawToolsResource.CanvasMainChange - cropRect : {0, 0, 838x1024}
2025-06-05 11:06:06 INFO  com.raymedis.rxviewui.modules.ImageProcessing.DrawToolsResource.CanvasMainChange - displayImage : 838.0x1024.0
2025-06-05 11:06:06 INFO  com.raymedis.rxviewui.modules.ImageProcessing.DrawToolsResource.CanvasMainChange - cropRect : {0, 0, 838x1024}
2025-06-05 11:06:06 INFO  com.raymedis.rxviewui.modules.ImageProcessing.DrawToolsResource.CanvasMainChange - displayImage : 838.0x1024.0
2025-06-05 11:06:06 INFO  com.raymedis.rxviewui.modules.ImageProcessing.DrawToolsResource.CanvasMainChange - cropRect : {0, 0, 838x1024}
2025-06-05 11:06:06 INFO  com.raymedis.rxviewui.modules.ImageProcessing.DrawToolsResource.CanvasMainChange - displayImage : 838.0x1024.0
