2025-06-05 12:16:10 INFO  com.raymedis.rxviewui.controller.LoginPage - logged In
2025-06-05 12:16:10 INFO  com.raymedis.rxviewui.service.login.LoginController - 192.168.12.10
2025-06-05 12:16:10 INFO  com.raymedis.rxviewui.service.login.LoginController - No Wi-Fi interface found or no IPv4 address assigned.
2025-06-05 12:16:14 INFO  com.raymedis.rxviewui.service.export.ExportStudyService - ExportStudyService initialized.
2025-06-05 12:16:14 INFO  com.raymedis.rxviewui.service.export.ExportStudyService - Exporting body part: Chest
2025-06-05 12:16:14 INFO  com.raymedis.rxviewui.service.export.ExportStudyService - Crop Rect: {954, 0, 504x3052}
2025-06-05 12:16:14 INFO  com.raymedis.rxviewui.service.export.ExportStudyService - Crop Rect: {954, 0, 504x3052}
2025-06-05 12:16:14 INFO  com.raymedis.rxviewui.service.export.ExportStudyService - Type or Depth Issue in annotationMat : CV_16UC1 : CV_8UC4
2025-06-05 12:16:14 INFO  com.raymedis.rxviewui.service.export.ExportStudyService - annotationMat size 504x3052 , type CV_16UC4 
2025-06-05 12:16:14 INFO  com.raymedis.rxviewui.service.export.ExportStudyService - org Mat size 504x3052 , type CV_16UC1 
2025-06-05 12:16:15 INFO  com.raymedis.rxviewui.service.export.ExportStudyService - orgMat size 504x3052 , type CV_16UC4 
2025-06-05 12:16:15 INFO  com.raymedis.rxviewui.service.export.ExportStudyService - Type or Depth Issue in informationMat : CV_16UC4 : CV_8UC4
2025-06-05 12:16:15 INFO  com.raymedis.rxviewui.service.export.ExportStudyService - Exporting body part: Chest
2025-06-05 12:16:15 WARN  com.raymedis.rxviewui.service.export.ExportStudyService - No image found for body part: Chest
2025-06-05 12:16:15 INFO  com.raymedis.rxviewui.service.export.ExportStudyService - Exporting body part: Skull
2025-06-05 12:16:15 WARN  com.raymedis.rxviewui.service.export.ExportStudyService - No image found for body part: Skull
2025-06-05 12:16:48 INFO  com.raymedis.rxviewui.service.export.ExportStudyService - ExportStudyService initialized.
2025-06-05 12:16:48 INFO  com.raymedis.rxviewui.service.export.ExportStudyService - Exporting body part: Chest
2025-06-05 12:16:48 INFO  com.raymedis.rxviewui.service.export.ExportStudyService - Crop Rect: {954, 0, 504x3052}
2025-06-05 12:16:48 INFO  com.raymedis.rxviewui.service.export.ExportStudyService - Type or Depth Issue in annotationMat : CV_16UC1 : CV_8UC4
2025-06-05 12:16:48 INFO  com.raymedis.rxviewui.service.export.ExportStudyService - annotationMat size 2500x3052 , type CV_16UC4 
2025-06-05 12:16:48 INFO  com.raymedis.rxviewui.service.export.ExportStudyService - org Mat size 2500x3052 , type CV_16UC1 
2025-06-05 12:16:49 INFO  com.raymedis.rxviewui.service.export.ExportStudyService - orgMat size 2500x3052 , type CV_16UC4 
2025-06-05 12:16:49 INFO  com.raymedis.rxviewui.service.export.ExportStudyService - Type or Depth Issue in informationMat : CV_16UC4 : CV_8UC4
2025-06-05 12:16:50 INFO  com.raymedis.rxviewui.service.export.ExportStudyService - Exporting body part: Chest
2025-06-05 12:16:50 WARN  com.raymedis.rxviewui.service.export.ExportStudyService - No image found for body part: Chest
2025-06-05 12:16:50 INFO  com.raymedis.rxviewui.service.export.ExportStudyService - Exporting body part: Skull
2025-06-05 12:16:50 WARN  com.raymedis.rxviewui.service.export.ExportStudyService - No image found for body part: Skull
