2025-06-05 16:46:04 INFO  com.raymedis.rxviewui.controller.LoginPage - logged In
2025-06-05 16:46:04 INFO  com.raymedis.rxviewui.service.login.LoginController - 192.168.12.10
2025-06-05 16:46:04 INFO  com.raymedis.rxviewui.service.login.LoginController - No Wi-Fi interface found or no IPv4 address assigned.
2025-06-05 16:46:09 INFO  com.raymedis.rxviewui.service.export.ExportStudyService - ExportStudyService initialized.
2025-06-05 16:46:09 INFO  com.raymedis.rxviewui.service.export.ExportStudyService - Exporting body part: Chest
2025-06-05 16:46:09 INFO  com.raymedis.rxviewui.service.export.ExportStudyService - Crop Rect: {954, 0, 504x3052}
2025-06-05 16:46:09 INFO  com.raymedis.rxviewui.service.export.ExportStudyService - Crop Rect: {954, 0, 504x3052}
2025-06-05 16:46:09 INFO  com.raymedis.rxviewui.service.export.ExportStudyService - Crop X: 0.0, Crop Y: 0.0
2025-06-05 16:46:09 INFO  com.raymedis.rxviewui.service.export.ExportStudyService - Type or Depth Issue in annotationMat : CV_16UC1 : CV_8UC4
2025-06-05 16:46:09 INFO  com.raymedis.rxviewui.service.export.ExportStudyService - annotationMat size 504x3052 , type CV_16UC4 
2025-06-05 16:46:09 INFO  com.raymedis.rxviewui.service.export.ExportStudyService - org Mat size 504x3052 , type CV_16UC1 
2025-06-05 16:46:10 INFO  com.raymedis.rxviewui.service.export.ExportStudyService - orgMat size 504x3052 , type CV_16UC4 
2025-06-05 16:46:10 INFO  com.raymedis.rxviewui.service.export.ExportStudyService - Type or Depth Issue in informationMat : CV_16UC4 : CV_8UC4
2025-06-05 16:46:10 INFO  com.raymedis.rxviewui.service.export.ExportStudyService - Exporting body part: Chest
2025-06-05 16:46:10 WARN  com.raymedis.rxviewui.service.export.ExportStudyService - No image found for body part: Chest
2025-06-05 16:46:10 INFO  com.raymedis.rxviewui.service.export.ExportStudyService - Exporting body part: Skull
2025-06-05 16:46:10 WARN  com.raymedis.rxviewui.service.export.ExportStudyService - No image found for body part: Skull
2025-06-05 16:46:15 INFO  com.raymedis.rxviewui.service.study.StudyService - study mat.rows() * width : 1024 1024.0
2025-06-05 16:46:15 INFO  com.raymedis.rxviewui.service.study.StudyService - study DynamicCanvasElementsResize values set with multiple: 1.0
2025-06-05 16:46:15 INFO  com.raymedis.rxviewui.service.study.StudyService - study Line Width: 2.0, Ellipse Radius X: 8.0, Ellipse Radius Y: 8.0, Label Font Size: 14.0, Rect Width: 90.0, Rect Height: 30.0, Custom Font Icon Size: 200.0
2025-06-05 16:46:15 INFO  com.raymedis.rxviewui.modules.ImageProcessing.DrawToolsResource.CanvasMainChange - cropRect : {0, 0, 838x1024}
2025-06-05 16:46:15 INFO  com.raymedis.rxviewui.modules.ImageProcessing.DrawToolsResource.CanvasMainChange - after cropRect : {0, 0, 838x1024}
2025-06-05 16:46:15 INFO  com.raymedis.rxviewui.modules.ImageProcessing.DrawToolsResource.CanvasMainChange - displayImage : 838.0x1024.0
2025-06-05 16:46:15 INFO  com.raymedis.rxviewui.modules.ImageProcessing.DrawToolsResource.CanvasMainChange - cropRect : {0, 0, 838x1024}
2025-06-05 16:46:15 INFO  com.raymedis.rxviewui.modules.ImageProcessing.DrawToolsResource.CanvasMainChange - after cropRect : {0, 0, 838x1024}
2025-06-05 16:46:15 INFO  com.raymedis.rxviewui.modules.ImageProcessing.DrawToolsResource.CanvasMainChange - displayImage : 838.0x1024.0
2025-06-05 16:46:15 INFO  com.raymedis.rxviewui.modules.ImageProcessing.DrawToolsResource.CanvasMainChange - cropRect : {0, 0, 838x1024}
2025-06-05 16:46:15 INFO  com.raymedis.rxviewui.modules.ImageProcessing.DrawToolsResource.CanvasMainChange - after cropRect : {0, 0, 838x1024}
2025-06-05 16:46:15 INFO  com.raymedis.rxviewui.modules.ImageProcessing.DrawToolsResource.CanvasMainChange - displayImage : 838.0x1024.0
2025-06-05 16:46:15 INFO  com.raymedis.rxviewui.modules.ImageProcessing.imageToolsWrapper.ImageDrawWrapperHandling - apply label  LeftRightDrawWrapper{offsetX=-73.37446808510637, offsetY=-57.84680851063828, text='RIGHT'} 
2025-06-05 16:46:15 INFO  com.raymedis.rxviewui.modules.ImageProcessing.DrawToolsResource.CanvasMainChange - cropRect : {320, 0, 169x1024}
2025-06-05 16:46:15 INFO  com.raymedis.rxviewui.modules.ImageProcessing.DrawToolsResource.CanvasMainChange - after cropRect : {320, 0, 169x1024}
2025-06-05 16:46:15 INFO  com.raymedis.rxviewui.modules.ImageProcessing.DrawToolsResource.CanvasMainChange - displayImage : 838.0x1024.0
2025-06-05 16:46:15 INFO  com.raymedis.rxviewui.modules.ImageProcessing.DrawToolsResource.CanvasMainChange - cropRect : {320, 0, 169x1024}
2025-06-05 16:46:15 INFO  com.raymedis.rxviewui.modules.ImageProcessing.DrawToolsResource.CanvasMainChange - after cropRect : {320, 0, 169x1024}
2025-06-05 16:46:15 INFO  com.raymedis.rxviewui.modules.ImageProcessing.DrawToolsResource.CanvasMainChange - displayImage : 838.0x1024.0
2025-06-05 16:46:24 INFO  com.raymedis.rxviewui.service.study.StudyMainController - saving for export...
2025-06-05 16:46:24 INFO  com.raymedis.rxviewui.modules.ImageProcessing.DrawToolsResource.CanvasMainChange - cropRect : {320, 0, 169x1024}
2025-06-05 16:46:24 INFO  com.raymedis.rxviewui.modules.ImageProcessing.DrawToolsResource.CanvasMainChange - after cropRect : {320, 0, 169x1024}
2025-06-05 16:46:24 INFO  com.raymedis.rxviewui.modules.ImageProcessing.DrawToolsResource.CanvasMainChange - displayImage : 838.0x1024.0
2025-06-05 16:46:24 INFO  com.raymedis.rxviewui.modules.ImageProcessing.imageToolsWrapper.ImageDrawWrapperHandling - saved label  LeftRightDrawWrapper{offsetX=-73.37446808510637, offsetY=-57.84680851063828, text='RIGHT'} 
2025-06-05 16:46:25 INFO  com.raymedis.rxviewui.modules.ImageProcessing.DrawToolsResource.CanvasMainChange - cropRect : {0, 0, 838x1024}
2025-06-05 16:46:25 INFO  com.raymedis.rxviewui.modules.ImageProcessing.DrawToolsResource.CanvasMainChange - after cropRect : {0, 0, 838x1024}
2025-06-05 16:46:25 INFO  com.raymedis.rxviewui.modules.ImageProcessing.DrawToolsResource.CanvasMainChange - displayImage : 838.0x1024.0
2025-06-05 16:46:25 INFO  com.raymedis.rxviewui.service.study.StudyService - study mat.rows() * width : 1024 1024.0
2025-06-05 16:46:25 INFO  com.raymedis.rxviewui.service.study.StudyService - study DynamicCanvasElementsResize values set with multiple: 1.0
2025-06-05 16:46:25 INFO  com.raymedis.rxviewui.service.study.StudyService - study Line Width: 2.0, Ellipse Radius X: 8.0, Ellipse Radius Y: 8.0, Label Font Size: 14.0, Rect Width: 90.0, Rect Height: 30.0, Custom Font Icon Size: 200.0
2025-06-05 16:46:25 INFO  com.raymedis.rxviewui.modules.ImageProcessing.DrawToolsResource.CanvasMainChange - cropRect : {0, 0, 838x1024}
2025-06-05 16:46:25 INFO  com.raymedis.rxviewui.modules.ImageProcessing.DrawToolsResource.CanvasMainChange - after cropRect : {0, 0, 838x1024}
2025-06-05 16:46:25 INFO  com.raymedis.rxviewui.modules.ImageProcessing.DrawToolsResource.CanvasMainChange - displayImage : 838.0x1024.0
2025-06-05 16:46:25 INFO  com.raymedis.rxviewui.modules.ImageProcessing.DrawToolsResource.CanvasMainChange - cropRect : {0, 0, 838x1024}
2025-06-05 16:46:25 INFO  com.raymedis.rxviewui.modules.ImageProcessing.DrawToolsResource.CanvasMainChange - after cropRect : {0, 0, 838x1024}
2025-06-05 16:46:25 INFO  com.raymedis.rxviewui.modules.ImageProcessing.DrawToolsResource.CanvasMainChange - displayImage : 838.0x1024.0
2025-06-05 16:46:25 INFO  com.raymedis.rxviewui.modules.ImageProcessing.DrawToolsResource.CanvasMainChange - cropRect : {0, 0, 838x1024}
2025-06-05 16:46:25 INFO  com.raymedis.rxviewui.modules.ImageProcessing.DrawToolsResource.CanvasMainChange - after cropRect : {0, 0, 838x1024}
2025-06-05 16:46:25 INFO  com.raymedis.rxviewui.modules.ImageProcessing.DrawToolsResource.CanvasMainChange - displayImage : 838.0x1024.0
2025-06-05 16:46:25 INFO  com.raymedis.rxviewui.modules.ImageProcessing.imageToolsWrapper.ImageDrawWrapperHandling - apply label  LeftRightDrawWrapper{offsetX=-73.37446808510637, offsetY=-57.84680851063828, text='RIGHT'} 
2025-06-05 16:46:25 INFO  com.raymedis.rxviewui.modules.ImageProcessing.DrawToolsResource.CanvasMainChange - cropRect : {320, 0, 169x1024}
2025-06-05 16:46:25 INFO  com.raymedis.rxviewui.modules.ImageProcessing.DrawToolsResource.CanvasMainChange - after cropRect : {320, 0, 169x1024}
2025-06-05 16:46:25 INFO  com.raymedis.rxviewui.modules.ImageProcessing.DrawToolsResource.CanvasMainChange - displayImage : 838.0x1024.0
2025-06-05 16:46:25 INFO  com.raymedis.rxviewui.modules.ImageProcessing.DrawToolsResource.CanvasMainChange - cropRect : {320, 0, 169x1024}
2025-06-05 16:46:25 INFO  com.raymedis.rxviewui.modules.ImageProcessing.DrawToolsResource.CanvasMainChange - after cropRect : {320, 0, 169x1024}
2025-06-05 16:46:25 INFO  com.raymedis.rxviewui.modules.ImageProcessing.DrawToolsResource.CanvasMainChange - displayImage : 838.0x1024.0
2025-06-05 16:46:26 INFO  com.raymedis.rxviewui.service.export.ExportStudyService - ExportStudyService initialized.
2025-06-05 16:46:26 INFO  com.raymedis.rxviewui.service.export.ExportStudyService - Exporting body part: Chest
2025-06-05 16:46:26 INFO  com.raymedis.rxviewui.service.export.ExportStudyService - Crop Rect: {954, 0, 504x3052}
2025-06-05 16:46:26 INFO  com.raymedis.rxviewui.service.export.ExportStudyService - Crop Rect: {954, 0, 504x3052}
2025-06-05 16:46:26 INFO  com.raymedis.rxviewui.service.export.ExportStudyService - Crop X: 0.0, Crop Y: 0.0
2025-06-05 16:46:26 INFO  com.raymedis.rxviewui.modules.ImageProcessing.DrawToolsResource.CanvasMainChange - cropRect : {320, 0, 169x1024}
2025-06-05 16:46:26 INFO  com.raymedis.rxviewui.modules.ImageProcessing.DrawToolsResource.CanvasMainChange - after cropRect : {320, 0, 169x1024}
2025-06-05 16:46:26 INFO  com.raymedis.rxviewui.modules.ImageProcessing.DrawToolsResource.CanvasMainChange - displayImage : 838.0x1024.0
2025-06-05 16:46:26 INFO  com.raymedis.rxviewui.service.export.ExportStudyService - Type or Depth Issue in annotationMat : CV_16UC1 : CV_8UC4
2025-06-05 16:46:26 INFO  com.raymedis.rxviewui.service.export.ExportStudyService - annotationMat size 504x3052 , type CV_16UC4 
2025-06-05 16:46:26 INFO  com.raymedis.rxviewui.service.export.ExportStudyService - org Mat size 504x3052 , type CV_16UC1 
2025-06-05 16:46:26 INFO  com.raymedis.rxviewui.service.export.ExportStudyService - orgMat size 504x3052 , type CV_16UC4 
2025-06-05 16:46:26 INFO  com.raymedis.rxviewui.service.export.ExportStudyService - Type or Depth Issue in informationMat : CV_16UC4 : CV_8UC4
2025-06-05 16:46:27 INFO  com.raymedis.rxviewui.service.export.ExportStudyService - Exporting body part: Chest
2025-06-05 16:46:27 WARN  com.raymedis.rxviewui.service.export.ExportStudyService - No image found for body part: Chest
2025-06-05 16:46:27 INFO  com.raymedis.rxviewui.service.export.ExportStudyService - Exporting body part: Skull
2025-06-05 16:46:27 WARN  com.raymedis.rxviewui.service.export.ExportStudyService - No image found for body part: Skull
