2025-04-11 16:25:49 INFO  c.r.rxviewui.controller.LoginPage - logged In
2025-04-11 16:25:49 INFO  c.r.r.service.login.LoginController - ip mismatched 192.168.31.178 and 192.168.12.10
2025-04-11 16:25:49 INFO  c.r.r.service.login.LoginController - IP not found
2025-04-11 16:25:50 INFO  c.r.r.service.login.LoginController - initialized
2025-04-11 16:25:53 INFO  c.r.r.service.study.StudyService - Image received
2025-04-11 16:25:53 INFO  c.r.r.service.login.LoginController - No devices found!!!
2025-04-11 16:25:54 INFO  c.r.r.service.study.StudyService - Mat is not empty
2025-04-11 16:25:54 INFO  c.r.r.m.I.D.CanvasMainChange - redraw crop rect {0, 0, 1024x838}
2025-04-11 16:25:54 INFO  c.r.r.m.I.D.CanvasMainChange - redraw crop rect {0, 0, 1024x838}
2025-04-11 16:25:55 INFO  c.r.r.m.I.D.CanvasMainChange - redraw crop rect {0, 0, 1024x838}
2025-04-11 16:25:55 INFO  c.r.r.m.I.D.CanvasMainChange - redraw crop rect {0, 0, 1024x838}
2025-04-11 16:25:55 INFO  c.r.r.m.I.D.CanvasMainChange - redraw crop rect {0, 0, 1024x838}
2025-04-11 16:25:55 INFO  c.r.r.m.I.D.MainDrawTool - ImagingParams is null
2025-04-11 16:26:01 INFO  c.r.r.m.I.D.CanvasMainChange - redraw crop rect {0, 0, 1024x838}
2025-04-11 16:26:20 INFO  c.r.r.m.I.D.CanvasMainChange - redraw crop rect {168, 62, 669x725}
2025-04-11 16:26:20 INFO  c.r.r.m.I.D.CanvasMainChange - redraw crop rect {168, 62, 669x725}
2025-04-11 16:26:20 INFO  c.r.r.m.I.D.CanvasMainChange - redraw crop rect {168, 62, 669x725}
2025-04-11 16:26:20 INFO  c.r.r.m.I.D.CanvasMainChange - redraw crop rect {168, 62, 669x725}
2025-04-11 16:26:20 INFO  c.r.r.m.I.D.CanvasMainChange - redraw crop rect {168, 62, 669x725}
2025-04-11 16:26:34 INFO  c.r.r.m.I.D.CanvasMainChange - redraw crop rect {168, 62, 669x725}
2025-04-11 16:26:36 INFO  c.r.r.m.I.D.CanvasMainChange - redraw crop rect {168, 62, 669x725}
2025-04-11 16:26:36 INFO  c.r.r.m.I.D.CanvasMainChange - redraw crop rect {168, 62, 669x725}
2025-04-11 16:26:36 INFO  c.r.r.m.I.D.CanvasMainChange - redraw crop rect {168, 62, 669x725}
2025-04-11 16:26:36 INFO  c.r.r.m.I.D.CanvasMainChange - redraw crop rect {168, 62, 669x725}
2025-04-11 16:26:39 INFO  c.r.r.m.I.D.CanvasMainChange - redraw crop rect {168, 62, 669x725}
2025-04-11 16:26:39 INFO  c.r.r.m.I.D.CanvasMainChange - redraw crop rect {168, 62, 669x725}
2025-04-11 16:26:39 INFO  c.r.r.m.I.D.CanvasMainChange - redraw crop rect {168, 62, 669x725}
2025-04-11 16:26:39 INFO  c.r.r.m.I.D.CanvasMainChange - redraw crop rect {168, 62, 669x725}
2025-04-11 16:26:39 INFO  c.r.r.m.I.D.CanvasMainChange - redraw crop rect {168, 62, 669x725}
2025-04-11 16:26:39 INFO  c.r.r.m.I.D.CanvasMainChange - redraw crop rect {168, 62, 669x725}
2025-04-11 16:26:42 INFO  c.r.r.m.I.D.CanvasMainChange - redraw crop rect {168, 62, 669x725}
2025-04-11 16:26:42 INFO  c.r.r.m.I.D.CanvasMainChange - redraw crop rect {168, 62, 669x725}
2025-04-11 16:26:43 INFO  c.r.r.m.I.D.CanvasMainChange - redraw crop rect {168, 62, 669x725}
2025-04-11 16:26:43 INFO  c.r.r.m.I.D.CanvasMainChange - redraw crop rect {168, 62, 669x725}
2025-04-11 16:26:46 INFO  c.r.r.m.I.D.CanvasMainChange - redraw crop rect {168, 62, 669x725}
2025-04-11 16:26:46 INFO  c.r.r.m.I.D.CanvasMainChange - redraw crop rect {168, 62, 669x725}
2025-04-11 16:26:46 INFO  c.r.r.m.I.D.CanvasMainChange - redraw crop rect {168, 62, 669x725}
2025-04-11 16:26:46 INFO  c.r.r.m.I.D.CanvasMainChange - redraw crop rect {168, 62, 669x725}
2025-04-11 16:26:46 INFO  c.r.r.m.I.D.CanvasMainChange - redraw crop rect {168, 62, 669x725}
2025-04-11 16:26:46 INFO  c.r.r.m.I.D.CanvasMainChange - redraw crop rect {168, 62, 669x725}
2025-04-11 16:28:52 INFO  c.r.r.m.I.D.CanvasMainChange - redraw crop rect {0, 0, 1024x838}
2025-04-11 16:28:53 INFO  c.r.r.m.I.D.CanvasMainChange - redraw crop rect {0, 0, 1024x838}
2025-04-11 16:28:53 INFO  c.r.r.m.I.D.CanvasMainChange - redraw crop rect {0, 0, 1024x838}
2025-04-11 16:28:53 INFO  c.r.r.m.I.D.CanvasMainChange - redraw crop rect {168, 62, 669x725}
2025-04-11 16:28:53 INFO  c.r.r.m.I.D.CanvasMainChange - redraw crop rect {168, 62, 669x725}
2025-04-11 16:28:54 INFO  c.r.r.m.I.D.CanvasMainChange - redraw crop rect {0, 0, 1024x838}
2025-04-11 16:28:55 INFO  c.r.r.m.I.D.CanvasMainChange - redraw crop rect {0, 0, 1024x838}
2025-04-11 16:28:55 INFO  c.r.r.m.I.D.CanvasMainChange - redraw crop rect {0, 0, 1024x838}
2025-04-11 16:28:55 INFO  c.r.r.m.I.D.CanvasMainChange - redraw crop rect {168, 62, 669x725}
2025-04-11 16:28:55 INFO  c.r.r.m.I.D.CanvasMainChange - redraw crop rect {168, 62, 669x725}
2025-04-11 16:29:08 INFO  c.r.r.m.I.D.CanvasMainChange - redraw crop rect {168, 62, 669x725}
2025-04-11 16:29:18 INFO  c.r.r.m.I.D.CanvasMainChange - redraw crop rect {1, 1, 1022x834}
2025-04-11 16:29:18 INFO  c.r.r.m.I.D.CanvasMainChange - redraw crop rect {1, 1, 1022x834}
2025-04-11 16:29:18 INFO  c.r.r.m.I.D.CanvasMainChange - redraw crop rect {1, 1, 1022x834}
2025-04-11 16:29:18 INFO  c.r.r.m.I.D.CanvasMainChange - redraw crop rect {1, 1, 1022x834}
2025-04-11 16:29:18 INFO  c.r.r.m.I.D.CanvasMainChange - redraw crop rect {1, 1, 1022x834}
2025-04-11 16:29:20 INFO  c.r.r.m.I.D.CanvasMainChange - redraw crop rect {1, 1, 1022x834}
2025-04-11 16:29:29 INFO  c.r.r.m.I.D.CanvasMainChange - redraw crop rect {114, 38, 799x794}
2025-04-11 16:29:29 INFO  c.r.r.m.I.D.CanvasMainChange - redraw crop rect {114, 38, 799x794}
2025-04-11 16:29:29 INFO  c.r.r.m.I.D.CanvasMainChange - redraw crop rect {114, 38, 799x794}
2025-04-11 16:29:29 INFO  c.r.r.m.I.D.CanvasMainChange - redraw crop rect {114, 38, 799x794}
2025-04-11 16:29:29 INFO  c.r.r.m.I.D.CanvasMainChange - redraw crop rect {114, 38, 799x794}
2025-04-11 16:29:30 INFO  c.r.r.m.I.D.CanvasMainChange - redraw crop rect {114, 38, 799x794}
2025-04-11 16:29:30 INFO  c.r.r.m.I.D.CanvasMainChange - redraw crop rect {114, 38, 799x794}
2025-04-11 16:29:30 INFO  c.r.r.m.I.D.CanvasMainChange - redraw crop rect {114, 38, 799x794}
2025-04-11 16:29:30 INFO  c.r.r.m.I.D.CanvasMainChange - redraw crop rect {114, 38, 799x794}
2025-04-11 16:29:30 INFO  c.r.r.m.I.D.CanvasMainChange - redraw crop rect {114, 38, 799x794}
2025-04-11 16:29:30 INFO  c.r.r.m.I.D.CanvasMainChange - redraw crop rect {114, 38, 799x794}
2025-04-11 16:29:30 INFO  c.r.r.m.I.D.CanvasMainChange - redraw crop rect {114, 38, 799x794}
2025-04-11 16:29:30 INFO  c.r.r.m.I.D.CanvasMainChange - redraw crop rect {114, 38, 799x794}
2025-04-11 16:29:30 INFO  c.r.r.m.I.D.CanvasMainChange - redraw crop rect {114, 38, 799x794}
2025-04-11 16:29:31 INFO  c.r.r.m.I.D.CanvasMainChange - redraw crop rect {114, 38, 799x794}
2025-04-11 16:29:31 INFO  c.r.r.m.I.D.CanvasMainChange - redraw crop rect {114, 38, 799x794}
2025-04-11 16:29:32 INFO  c.r.r.m.I.D.CanvasMainChange - redraw crop rect {114, 38, 799x794}
2025-04-11 16:29:32 INFO  c.r.r.m.I.D.CanvasMainChange - redraw crop rect {114, 38, 799x794}
2025-04-11 16:29:32 INFO  c.r.r.m.I.D.CanvasMainChange - redraw crop rect {114, 38, 799x794}
2025-04-11 16:29:32 INFO  c.r.r.m.I.D.CanvasMainChange - redraw crop rect {114, 38, 799x794}
2025-04-11 16:29:32 INFO  c.r.r.m.I.D.CanvasMainChange - redraw crop rect {114, 38, 799x794}
2025-04-11 16:29:32 INFO  c.r.r.m.I.D.CanvasMainChange - redraw crop rect {114, 38, 799x794}
2025-04-11 16:29:32 INFO  c.r.r.m.I.D.CanvasMainChange - redraw crop rect {114, 38, 799x794}
2025-04-11 16:29:32 INFO  c.r.r.m.I.D.CanvasMainChange - redraw crop rect {114, 38, 799x794}
2025-04-11 16:29:32 INFO  c.r.r.m.I.D.CanvasMainChange - redraw crop rect {114, 38, 799x794}
2025-04-11 16:29:32 INFO  c.r.r.m.I.D.CanvasMainChange - redraw crop rect {114, 38, 799x794}
2025-04-11 16:29:32 INFO  c.r.r.m.I.D.CanvasMainChange - redraw crop rect {114, 38, 799x794}
2025-04-11 16:29:32 INFO  c.r.r.m.I.D.CanvasMainChange - redraw crop rect {114, 38, 799x794}
2025-04-11 16:29:32 INFO  c.r.r.m.I.D.CanvasMainChange - redraw crop rect {114, 38, 799x794}
2025-04-11 16:29:32 INFO  c.r.r.m.I.D.CanvasMainChange - redraw crop rect {114, 38, 799x794}
2025-04-11 16:29:32 INFO  c.r.r.m.I.D.CanvasMainChange - redraw crop rect {114, 38, 799x794}
2025-04-11 16:29:32 INFO  c.r.r.m.I.D.CanvasMainChange - redraw crop rect {114, 38, 799x794}
2025-04-11 16:29:34 INFO  c.r.r.m.I.D.CanvasMainChange - redraw crop rect {114, 38, 799x794}
2025-04-11 16:29:34 INFO  c.r.r.m.I.D.CanvasMainChange - redraw crop rect {114, 38, 799x794}
2025-04-11 16:29:34 INFO  c.r.r.m.I.D.CanvasMainChange - redraw crop rect {114, 38, 799x794}
2025-04-11 16:29:34 INFO  c.r.r.m.I.D.CanvasMainChange - redraw crop rect {114, 38, 799x794}
2025-04-11 16:29:34 INFO  c.r.r.m.I.D.CanvasMainChange - redraw crop rect {114, 38, 799x794}
2025-04-11 16:29:35 INFO  c.r.r.m.I.D.CanvasMainChange - redraw crop rect {114, 38, 799x794}
2025-04-11 16:29:35 INFO  c.r.r.m.I.D.CanvasMainChange - redraw crop rect {114, 38, 799x794}
2025-04-11 16:29:35 INFO  c.r.r.m.I.D.CanvasMainChange - redraw crop rect {114, 38, 799x794}
2025-04-11 16:29:35 INFO  c.r.r.m.I.D.CanvasMainChange - redraw crop rect {114, 38, 799x794}
2025-04-11 16:29:35 INFO  c.r.r.m.I.D.CanvasMainChange - redraw crop rect {114, 38, 799x794}
2025-04-11 16:29:35 INFO  c.r.r.m.I.D.CanvasMainChange - redraw crop rect {114, 38, 799x794}
2025-04-11 16:29:37 INFO  c.r.r.m.I.D.CanvasMainChange - redraw crop rect {0, 0, 1024x838}
2025-04-11 16:29:37 INFO  c.r.r.m.I.D.CanvasMainChange - redraw crop rect {0, 0, 1024x838}
2025-04-11 16:29:37 INFO  c.r.r.m.I.D.CanvasMainChange - redraw crop rect {0, 0, 1024x838}
2025-04-11 16:29:37 INFO  c.r.r.m.I.D.CanvasMainChange - redraw crop rect {114, 38, 799x794}
2025-04-11 16:29:37 INFO  c.r.r.m.I.D.CanvasMainChange - redraw crop rect {114, 38, 799x794}
