2025-04-11 16:16:40 INFO  c.r.rxviewui.controller.LoginPage - logged In
2025-04-11 16:16:40 INFO  c.r.r.service.login.LoginController - ip mismatched 192.168.31.178 and 192.168.12.10
2025-04-11 16:16:40 INFO  c.r.r.service.login.LoginController - IP not found
2025-04-11 16:16:40 INFO  c.r.r.service.login.LoginController - initialized
2025-04-11 16:16:44 INFO  c.r.r.service.login.LoginController - No devices found!!!
2025-04-11 16:16:46 INFO  c.r.r.service.study.StudyService - Image received
2025-04-11 16:16:47 INFO  c.r.r.service.study.StudyService - Mat is not empty
2025-04-11 16:16:47 INFO  c.r.r.m.I.D.CanvasMainChange - redraw crop rect {0, 0, 1024x838}
2025-04-11 16:16:47 INFO  c.r.r.m.I.D.CanvasMainChange - redraw crop rect {0, 0, 1024x838}
2025-04-11 16:16:48 INFO  c.r.r.m.I.D.CanvasMainChange - redraw crop rect {0, 0, 1024x838}
2025-04-11 16:16:48 INFO  c.r.r.m.I.D.CanvasMainChange - redraw crop rect {0, 0, 1024x838}
2025-04-11 16:16:48 INFO  c.r.r.m.I.D.CanvasMainChange - redraw crop rect {0, 0, 1024x838}
2025-04-11 16:16:48 INFO  c.r.r.m.I.D.MainDrawTool - ImagingParams is null
2025-04-11 16:17:13 INFO  c.r.r.m.I.D.CanvasMainChange - redraw crop rect {0, 0, 1024x838}
2025-04-11 16:17:21 INFO  c.r.r.m.I.D.CanvasMainChange - redraw crop rect {189, 0, 674x838}
2025-04-11 16:17:21 INFO  c.r.r.m.I.D.CanvasMainChange - redraw crop rect {189, 0, 674x838}
2025-04-11 16:17:21 INFO  c.r.r.m.I.D.CanvasMainChange - redraw crop rect {189, 0, 674x838}
2025-04-11 16:17:21 INFO  c.r.r.m.I.D.CanvasMainChange - redraw crop rect {189, 0, 674x838}
2025-04-11 16:17:21 INFO  c.r.r.m.I.D.CanvasMainChange - redraw crop rect {189, 0, 674x838}
2025-04-11 16:17:38 INFO  c.r.r.m.I.D.CanvasMainChange - redraw crop rect {189, 0, 674x838}
2025-04-11 16:17:50 INFO  c.r.r.m.I.D.CanvasMainChange - redraw crop rect {1, 112, 1022x725}
2025-04-11 16:17:50 INFO  c.r.r.m.I.D.CanvasMainChange - redraw crop rect {1, 112, 1022x725}
2025-04-11 16:17:50 INFO  c.r.r.m.I.D.CanvasMainChange - redraw crop rect {1, 112, 1022x725}
2025-04-11 16:17:50 INFO  c.r.r.m.I.D.CanvasMainChange - redraw crop rect {1, 112, 1022x725}
2025-04-11 16:17:50 INFO  c.r.r.m.I.D.CanvasMainChange - redraw crop rect {1, 112, 1022x725}
2025-04-11 16:18:08 INFO  c.r.r.m.I.D.CanvasMainChange - redraw crop rect {1, 112, 1022x725}
2025-04-11 16:18:14 INFO  c.r.r.m.I.D.CanvasMainChange - redraw crop rect {1, 149, 1022x688}
2025-04-11 16:18:14 INFO  c.r.r.m.I.D.CanvasMainChange - redraw crop rect {1, 149, 1022x688}
2025-04-11 16:18:14 INFO  c.r.r.m.I.D.CanvasMainChange - redraw crop rect {1, 149, 1022x688}
2025-04-11 16:18:14 INFO  c.r.r.m.I.D.CanvasMainChange - redraw crop rect {1, 149, 1022x688}
2025-04-11 16:18:14 INFO  c.r.r.m.I.D.CanvasMainChange - redraw crop rect {1, 149, 1022x688}
2025-04-11 16:20:26 INFO  c.r.r.m.I.D.CanvasMainChange - redraw crop rect {1, 149, 1022x688}
2025-04-11 16:20:36 INFO  c.r.r.m.I.D.CanvasMainChange - redraw crop rect {1, 149, 1022x688}
2025-04-11 16:20:36 INFO  c.r.r.m.I.D.CanvasMainChange - redraw crop rect {1, 149, 1022x688}
2025-04-11 16:20:36 INFO  c.r.r.m.I.D.CanvasMainChange - redraw crop rect {1, 149, 1022x688}
2025-04-11 16:20:36 INFO  c.r.r.m.I.D.CanvasMainChange - redraw crop rect {1, 149, 1022x688}
2025-04-11 16:20:36 INFO  c.r.r.m.I.D.CanvasMainChange - redraw crop rect {1, 149, 1022x688}
2025-04-11 16:20:41 INFO  c.r.r.m.I.D.CanvasMainChange - redraw crop rect {1, 149, 1022x688}
2025-04-11 16:20:50 INFO  c.r.r.m.I.D.CanvasMainChange - redraw crop rect {0, 149, 1023x688}
2025-04-11 16:20:50 INFO  c.r.r.m.I.D.CanvasMainChange - redraw crop rect {0, 149, 1023x688}
2025-04-11 16:20:50 INFO  c.r.r.m.I.D.CanvasMainChange - redraw crop rect {0, 149, 1023x688}
2025-04-11 16:20:50 INFO  c.r.r.m.I.D.CanvasMainChange - redraw crop rect {0, 149, 1023x688}
2025-04-11 16:20:50 INFO  c.r.r.m.I.D.CanvasMainChange - redraw crop rect {0, 149, 1023x688}
