2025-03-20 17:00:49 INFO  c.r.rxviewui.controller.LoginPage - logged In
2025-03-20 17:00:49 INFO  c.r.r.service.login.LoginController - ip mismatched 192.168.31.178 and 192.168.12.10
2025-03-20 17:00:49 INFO  c.r.r.service.login.LoginController - IP not found
2025-03-20 17:00:49 INFO  c.r.r.service.login.LoginController - initialized
2025-03-20 17:00:53 INFO  c.r.r.service.login.LoginController - No devices found!!!
2025-03-20 17:00:58 INFO  c.r.r.service.study.StudyService - Image received
2025-03-20 17:01:00 INFO  c.r.r.service.study.StudyService - 838.0 1024.0
2025-03-20 17:01:00 INFO  c.r.r.service.study.StudyService - Mat is not empty
2025-03-20 17:01:00 INFO  c.r.r.m.I.D.CanvasMainChange - true
2025-03-20 17:01:00 INFO  c.r.r.m.I.D.CanvasMainChange - true
2025-03-20 17:01:01 INFO  c.r.r.m.I.D.CanvasMainChange - true
2025-03-20 17:01:01 INFO  c.r.r.m.I.D.CanvasMainChange - true
2025-03-20 17:01:01 INFO  c.r.r.m.I.i.ImageDrawWrapperHandling -  crop rect after {0, 0, 838x1024} and multiple is 1024.0 838.0
2025-03-20 17:01:01 INFO  c.r.r.m.I.D.CanvasMainChange - true
2025-03-20 17:01:01 INFO  c.r.r.m.I.D.MainDrawTool - ImagingParams is null
2025-03-20 17:01:03 INFO  c.r.r.m.I.D.CanvasMainChange - true
2025-03-20 17:01:27 INFO  c.r.r.s.study.StudyMainController - Saving for Pacs...
2025-03-20 17:01:28 INFO  c.r.r.m.I.D.CanvasMainChange - true
2025-03-20 17:01:28 INFO  c.r.r.m.I.i.ImageDrawWrapperHandling -  crop rect after {279, 0, 272x1024} and multiple is 3052.0 2500.0
2025-03-20 17:01:28 INFO  c.r.rxviewui.controller.ExportStudy - before last redraw
2025-03-20 17:01:28 INFO  c.r.r.m.I.D.CanvasMainChange - true
2025-03-20 17:01:28 INFO  c.r.rxviewui.controller.ExportStudy - after last redraw
2025-03-20 17:01:29 INFO  c.r.r.m.I.i.ImageDrawWrapperHandling -  crop rect after {279, 0, 272x1024} and multiple is 1024.0 838.0
