2025-03-20 14:59:45 INFO  c.r.rxviewui.controller.LoginPage - logged In
2025-03-20 14:59:45 INFO  c.r.r.service.login.LoginController - ip mismatched 192.168.31.178 and 192.168.12.10
2025-03-20 14:59:45 INFO  c.r.r.service.login.LoginController - IP not found
2025-03-20 14:59:46 INFO  c.r.r.service.login.LoginController - initialized
2025-03-20 14:59:49 INFO  c.r.r.service.login.LoginController - No devices found!!!
2025-03-20 14:59:50 INFO  c.r.r.s.study.StudyMainController - Saving for Pacs...
2025-03-20 14:59:52 INFO  c.r.r.modules.dicom.DicomService - Status : Uploading Begins
2025-03-20 14:59:52 INFO  c.r.r.modules.dicom.DicomService - Creating DICOM File/s...
2025-03-20 14:59:52 INFO  c.r.r.modules.dicom.DicomService - Uploading to server...
2025-03-20 14:59:52 INFO  c.r.r.modules.dicom.DicomCStore - 
Initiating C-STORE operation...
2025-03-20 14:59:52 INFO  c.r.r.modules.dicom.DicomService - Upload completed successfully!
2025-03-20 14:59:53 INFO  c.r.r.service.study.StudyService - Image received
2025-03-20 14:59:53 INFO  c.r.r.service.study.StudyService - Image received
2025-03-20 14:59:53 INFO  c.r.r.service.study.StudyService - Image received
2025-03-20 14:59:54 INFO  c.r.r.service.study.StudyService - Mat is not empty
2025-03-20 14:59:54 INFO  c.r.r.service.study.StudyService - Mat is not empty
2025-03-20 14:59:54 INFO  c.r.r.service.study.StudyService - Mat is not empty
2025-03-20 14:59:55 INFO  c.r.r.m.I.i.ImageDrawWrapperHandling - crop layout is null
2025-03-20 14:59:55 INFO  c.r.r.m.I.i.ImageDrawWrapperHandling - crop layout is null
2025-03-20 14:59:55 INFO  c.r.r.m.I.i.ImageDrawWrapperHandling - crop layout is null
