2025-03-20 15:56:47 INFO  c.r.rxviewui.controller.LoginPage - logged In
2025-03-20 15:56:48 INFO  c.r.r.service.login.LoginController - ip mismatched 192.168.31.178 and 192.168.12.10
2025-03-20 15:56:48 INFO  c.r.r.service.login.LoginController - IP not found
2025-03-20 15:56:48 INFO  c.r.r.service.login.LoginController - initialized
2025-03-20 15:56:51 INFO  c.r.r.service.login.LoginController - No devices found!!!
2025-03-20 15:56:52 INFO  c.r.r.service.study.StudyService - Image received
2025-03-20 15:56:53 INFO  c.r.r.service.study.StudyService - 838.0 1024.0
2025-03-20 15:56:53 INFO  c.r.r.service.study.StudyService - Mat is not empty
2025-03-20 15:56:54 INFO  c.r.r.m.I.i.ImageDrawWrapperHandling -  crop rect after {0, 0, 838x1024} and multiple is 1024.0 838.0
2025-03-20 15:56:54 INFO  c.r.r.m.I.D.MainDrawTool - ImagingParams is null
2025-03-20 15:57:07 INFO  c.r.r.m.I.i.ImageDrawWrapperHandling -  crop rect after {277, 0, 261x1024} and multiple is 1024.0 838.0
2025-03-20 15:57:09 INFO  c.r.r.s.study.StudyMainController - Saving for Pacs...
2025-03-20 15:57:09 INFO  c.r.r.modules.dicom.DicomService - Status : Uploading Begins
2025-03-20 15:57:09 INFO  c.r.r.modules.dicom.DicomService - Creating DICOM File/s...
2025-03-20 15:57:10 INFO  c.r.r.m.I.i.ImageDrawWrapperHandling -  crop rect after {277, 0, 261x1024} and multiple is 3052.0 2500.0
2025-03-20 15:57:10 INFO  c.r.r.modules.dicom.DicomService - path exits
2025-03-20 15:57:10 INFO  c.r.r.modules.dicom.DicomService - D:\Work\RxView_Java\RxView\28_RxView_Study_PacsUpload_Crop_Version/dcmOutput/11.dcm
2025-03-20 15:57:10 INFO  c.r.r.m.I.i.ImageDrawWrapperHandling -  crop rect after {277, 0, 261x1024} and multiple is 1024.0 838.0
2025-03-20 15:57:10 INFO  c.r.r.modules.dicom.DicomService - Uploading to server...
2025-03-20 15:57:10 INFO  c.r.r.modules.dicom.DicomCStore - 
Initiating C-STORE operation...
2025-03-20 15:57:11 INFO  c.r.r.modules.dicom.DicomService - Upload completed successfully!
2025-03-20 15:57:12 INFO  c.r.r.m.I.i.ImageDrawWrapperHandling -  crop rect after {277, 0, 261x1024} and multiple is 1024.0 838.0
2025-03-20 15:57:43 INFO  c.r.r.s.study.StudyMainController - Saving for Pacs...
2025-03-20 15:57:43 INFO  c.r.r.modules.dicom.DicomService - Status : Uploading Begins
2025-03-20 15:57:43 INFO  c.r.r.modules.dicom.DicomService - Creating DICOM File/s...
2025-03-20 15:57:44 INFO  c.r.r.m.I.i.ImageDrawWrapperHandling -  crop rect after {277, 0, 261x1024} and multiple is 3052.0 2500.0
2025-03-20 15:57:44 INFO  c.r.r.modules.dicom.DicomService - path exits
2025-03-20 15:57:44 INFO  c.r.r.modules.dicom.DicomService - D:\Work\RxView_Java\RxView\28_RxView_Study_PacsUpload_Crop_Version/dcmOutput/11.dcm
2025-03-20 15:57:44 INFO  c.r.r.m.I.i.ImageDrawWrapperHandling -  crop rect after {277, 0, 261x1024} and multiple is 1024.0 838.0
2025-03-20 15:57:44 INFO  c.r.r.modules.dicom.DicomService - Uploading to server...
2025-03-20 15:57:44 INFO  c.r.r.modules.dicom.DicomCStore - 
Initiating C-STORE operation...
2025-03-20 15:57:45 INFO  c.r.r.modules.dicom.DicomService - Upload completed successfully!
2025-03-20 15:57:45 INFO  c.r.r.m.I.i.ImageDrawWrapperHandling -  crop rect after {277, 0, 261x1024} and multiple is 1024.0 838.0
