2025-03-27 17:32:59 INFO  c.r.rxviewui.controller.LoginPage - logged In
2025-03-27 17:33:00 INFO  c.r.r.service.login.LoginController - ip mismatched 192.168.31.178 and 192.168.12.10
2025-03-27 17:33:00 INFO  c.r.r.service.login.LoginController - IP not found
2025-03-27 17:33:01 INFO  c.r.r.service.login.LoginController - initialized
2025-03-27 17:33:04 INFO  c.r.r.service.login.LoginController - No devices found!!!
2025-03-27 17:33:07 INFO  c.r.r.m.print.PrintLayoutCreator - Input: COL\1,2,3
2025-03-27 17:33:08 INFO  c.r.r.m.print.PrintLayoutCreator - Input: ROW\1,2,2,1
2025-03-27 17:33:08 INFO  c.r.r.m.print.PrintLayoutCreator - Input: STANDARD\2,2
2025-03-27 17:33:08 INFO  c.r.r.m.print.PrintLayoutCreator - Processing STANDARD layout with values: 2, 2
2025-03-27 17:33:09 INFO  c.r.r.m.print.PrintLayoutCreator - Input: COL\1,2
2025-03-27 17:33:10 INFO  c.r.r.m.print.PrintLayoutCreator - Input: ROW\1,2
2025-03-27 17:33:11 INFO  c.r.r.m.print.PrintLayoutCreator - Input: STANDARD\2,1
2025-03-27 17:33:11 INFO  c.r.r.m.print.PrintLayoutCreator - Processing STANDARD layout with values: 2, 1
2025-03-27 17:33:12 INFO  c.r.r.m.print.PrintLayoutCreator - Input: STANDARD\1,2
2025-03-27 17:33:12 INFO  c.r.r.m.print.PrintLayoutCreator - Processing STANDARD layout with values: 1, 2
2025-03-27 17:33:13 INFO  c.r.r.m.print.PrintLayoutCreator - Input: STANDARD\1,1
2025-03-27 17:33:13 INFO  c.r.r.m.print.PrintLayoutCreator - Processing STANDARD layout with values: 1, 1
2025-03-27 17:33:14 INFO  c.r.r.m.print.PrintLayoutCreator - Input: STANDARD\1,2
2025-03-27 17:33:14 INFO  c.r.r.m.print.PrintLayoutCreator - Processing STANDARD layout with values: 1, 2
2025-03-27 17:33:14 INFO  c.r.r.m.print.PrintLayoutCreator - Input: ROW\1,2
2025-03-27 17:33:15 INFO  c.r.r.m.print.PrintLayoutCreator - Input: STANDARD\2,1
2025-03-27 17:33:15 INFO  c.r.r.m.print.PrintLayoutCreator - Processing STANDARD layout with values: 2, 1
2025-03-27 17:33:16 INFO  c.r.r.m.print.PrintLayoutCreator - Input: COL\1,2
2025-03-27 17:33:17 INFO  c.r.r.m.print.PrintLayoutCreator - Input: ROW\1,2
2025-03-27 17:33:18 INFO  c.r.r.m.print.PrintLayoutCreator - Input: STANDARD\2,2
2025-03-27 17:33:18 INFO  c.r.r.m.print.PrintLayoutCreator - Processing STANDARD layout with values: 2, 2
2025-03-27 17:33:18 INFO  c.r.r.m.print.PrintLayoutCreator - Input: ROW\1,2,2,1
2025-03-27 17:41:35 INFO  c.r.r.m.print.PrintLayoutCreator - Input: ROW\1,2
2025-03-27 17:41:35 INFO  c.r.r.m.print.PrintLayoutCreator - Input: COL\1,2
2025-03-27 17:41:37 INFO  c.r.r.m.print.PrintLayoutCreator - Input: STANDARD\2,2
2025-03-27 17:41:37 INFO  c.r.r.m.print.PrintLayoutCreator - Processing STANDARD layout with values: 2, 2
2025-03-27 17:41:37 INFO  c.r.r.m.print.PrintLayoutCreator - Input: ROW\1,2,2,1
2025-03-27 17:41:39 INFO  c.r.r.m.print.PrintLayoutCreator - Input: COL\1,2
2025-03-27 17:45:43 INFO  c.r.r.service.study.StudyService - Image received
2025-03-27 17:45:45 INFO  c.r.r.service.study.StudyService - Mat is not empty
2025-03-27 17:45:45 INFO  c.r.r.m.I.D.MainDrawTool - ImagingParams is null
2025-03-27 17:45:51 INFO  c.r.r.m.I.D.MainDrawTool - ImagingParams is null
