2025-03-27 15:48:40 INFO  c.r.rxviewui.controller.LoginPage - logged In
2025-03-27 15:48:40 INFO  c.r.r.service.login.LoginController - ip mismatched 192.168.31.178 and 192.168.12.10
2025-03-27 15:48:40 INFO  c.r.r.service.login.LoginController - IP not found
2025-03-27 15:48:41 INFO  c.r.r.service.login.LoginController - initialized
2025-03-27 15:48:44 INFO  c.r.r.service.login.LoginController - No devices found!!!
2025-03-27 15:48:47 INFO  c.r.r.m.print.PrintLayoutCreator - Input: ROW\1,2,2,1
2025-03-27 15:48:47 INFO  c.r.r.m.print.PrintLayoutCreator - Type: ROW
2025-03-27 15:48:47 INFO  c.r.r.m.print.PrintLayoutCreator - Value 1: 1
2025-03-27 15:48:47 INFO  c.r.r.m.print.PrintLayoutCreator - Value 2: 2
2025-03-27 15:48:47 INFO  c.r.r.m.print.PrintLayoutCreator - Value 3: 2
2025-03-27 15:48:47 INFO  c.r.r.m.print.PrintLayoutCreator - Value 4: 1
2025-03-27 15:48:47 INFO  c.r.r.m.print.PrintLayoutCreator - Processing ROW layout with values: 1, 2, 2, 1
2025-03-27 15:48:52 INFO  c.r.r.m.print.PrintLayoutCreator - Input: STANDARD\2,2
2025-03-27 15:48:52 INFO  c.r.r.m.print.PrintLayoutCreator - Type: STANDARD
2025-03-27 15:48:52 INFO  c.r.r.m.print.PrintLayoutCreator - Value 1: 2
2025-03-27 15:48:52 INFO  c.r.r.m.print.PrintLayoutCreator - Value 2: 2
2025-03-27 15:48:52 INFO  c.r.r.m.print.PrintLayoutCreator - Processing STANDARD layout with values: 2, 2
2025-03-27 15:48:54 INFO  c.r.r.m.print.PrintLayoutCreator - Input: COL\1,2
2025-03-27 15:48:54 INFO  c.r.r.m.print.PrintLayoutCreator - Type: COL
2025-03-27 15:48:54 INFO  c.r.r.m.print.PrintLayoutCreator - Value 1: 1
2025-03-27 15:48:54 INFO  c.r.r.m.print.PrintLayoutCreator - Value 2: 2
2025-03-27 15:48:54 INFO  c.r.r.m.print.PrintLayoutCreator - Processing COLUMN layout with values: 1, 2
2025-03-27 15:55:22 INFO  c.r.r.m.print.PrintLayoutCreator - Input: COL\1,2,3
2025-03-27 15:55:22 INFO  c.r.r.m.print.PrintLayoutCreator - Type: COL
2025-03-27 15:55:22 INFO  c.r.r.m.print.PrintLayoutCreator - Value 1: 1
2025-03-27 15:55:22 INFO  c.r.r.m.print.PrintLayoutCreator - Value 2: 2
2025-03-27 15:55:22 INFO  c.r.r.m.print.PrintLayoutCreator - Processing COLUMN layout with values: 1, 2
