2025-03-27 17:30:02 INFO  c.r.rxviewui.controller.LoginPage - logged In
2025-03-27 17:30:02 INFO  c.r.r.service.login.LoginController - ip mismatched 192.168.31.178 and 192.168.12.10
2025-03-27 17:30:02 INFO  c.r.r.service.login.LoginController - IP not found
2025-03-27 17:30:02 INFO  c.r.r.service.login.LoginController - initialized
2025-03-27 17:30:06 INFO  c.r.r.service.login.LoginController - No devices found!!!
2025-03-27 17:30:09 INFO  c.r.r.m.print.PrintLayoutCreator - Input: COL\1,2
2025-03-27 17:30:09 INFO  c.r.r.m.print.PrintLayoutCreator - Processing COLUMN layout with values: 1, 2
2025-03-27 17:30:09 INFO  c.r.r.m.print.PrintLayoutCreator - width : 1024.0 , height : 2560.0 , col : 1
2025-03-27 17:30:09 INFO  c.r.r.m.print.PrintLayoutCreator - width : 1024.0 , height : 2560.0 
2025-03-27 17:30:09 INFO  c.r.r.m.print.PrintLayoutCreator - width : 1024.0 , height : 2560.0 , col : 2
2025-03-27 17:30:09 INFO  c.r.r.m.print.PrintLayoutCreator - width : 1024.0 , height : 1280.0 
2025-03-27 17:30:09 INFO  c.r.r.m.print.PrintLayoutCreator - width : 1024.0 , height : 1280.0 
2025-03-27 17:30:10 INFO  c.r.r.m.print.PrintLayoutCreator - Input: ROW\1,2
2025-03-27 17:30:11 INFO  c.r.r.m.print.PrintLayoutCreator - Input: COL\1,2
2025-03-27 17:30:11 INFO  c.r.r.m.print.PrintLayoutCreator - Processing COLUMN layout with values: 1, 2
2025-03-27 17:30:11 INFO  c.r.r.m.print.PrintLayoutCreator - width : 1024.0 , height : 2560.0 , col : 1
2025-03-27 17:30:11 INFO  c.r.r.m.print.PrintLayoutCreator - width : 1024.0 , height : 2560.0 
2025-03-27 17:30:11 INFO  c.r.r.m.print.PrintLayoutCreator - width : 1024.0 , height : 2560.0 , col : 2
2025-03-27 17:30:11 INFO  c.r.r.m.print.PrintLayoutCreator - width : 1024.0 , height : 1280.0 
2025-03-27 17:30:11 INFO  c.r.r.m.print.PrintLayoutCreator - width : 1024.0 , height : 1280.0 
2025-03-27 17:30:12 INFO  c.r.r.m.print.PrintLayoutCreator - Input: COL\1,2
2025-03-27 17:30:12 INFO  c.r.r.m.print.PrintLayoutCreator - Processing COLUMN layout with values: 1, 2
2025-03-27 17:30:12 INFO  c.r.r.m.print.PrintLayoutCreator - width : 1024.0 , height : 2560.0 , col : 1
2025-03-27 17:30:12 INFO  c.r.r.m.print.PrintLayoutCreator - width : 1024.0 , height : 2560.0 
2025-03-27 17:30:12 INFO  c.r.r.m.print.PrintLayoutCreator - width : 1024.0 , height : 2560.0 , col : 2
2025-03-27 17:30:12 INFO  c.r.r.m.print.PrintLayoutCreator - width : 1024.0 , height : 1280.0 
2025-03-27 17:30:12 INFO  c.r.r.m.print.PrintLayoutCreator - width : 1024.0 , height : 1280.0 
2025-03-27 17:30:13 INFO  c.r.r.m.print.PrintLayoutCreator - Input: ROW\1,2
2025-03-27 17:30:15 INFO  c.r.r.m.print.PrintLayoutCreator - Input: STANDARD\1,2
2025-03-27 17:30:15 INFO  c.r.r.m.print.PrintLayoutCreator - Processing STANDARD layout with values: 1, 2
2025-03-27 17:30:16 INFO  c.r.r.m.print.PrintLayoutCreator - Input: STANDARD\2,1
2025-03-27 17:30:16 INFO  c.r.r.m.print.PrintLayoutCreator - Processing STANDARD layout with values: 2, 1
2025-03-27 17:30:16 INFO  c.r.r.m.print.PrintLayoutCreator - Input: ROW\1,2
2025-03-27 17:30:18 INFO  c.r.r.m.print.PrintLayoutCreator - Input: COL\1,2
2025-03-27 17:30:18 INFO  c.r.r.m.print.PrintLayoutCreator - Processing COLUMN layout with values: 1, 2
2025-03-27 17:30:18 INFO  c.r.r.m.print.PrintLayoutCreator - width : 1024.0 , height : 2560.0 , col : 1
2025-03-27 17:30:18 INFO  c.r.r.m.print.PrintLayoutCreator - width : 1024.0 , height : 2560.0 
2025-03-27 17:30:18 INFO  c.r.r.m.print.PrintLayoutCreator - width : 1024.0 , height : 2560.0 , col : 2
2025-03-27 17:30:18 INFO  c.r.r.m.print.PrintLayoutCreator - width : 1024.0 , height : 1280.0 
2025-03-27 17:30:18 INFO  c.r.r.m.print.PrintLayoutCreator - width : 1024.0 , height : 1280.0 
2025-03-27 17:30:20 INFO  c.r.r.m.print.PrintLayoutCreator - Input: STANDARD\2,2
2025-03-27 17:30:20 INFO  c.r.r.m.print.PrintLayoutCreator - Processing STANDARD layout with values: 2, 2
2025-03-27 17:30:21 INFO  c.r.r.m.print.PrintLayoutCreator - Input: ROW\1,2,2,1
2025-03-27 17:30:22 INFO  c.r.r.m.print.PrintLayoutCreator - Input: COL\1,2,3
2025-03-27 17:30:22 INFO  c.r.r.m.print.PrintLayoutCreator - Processing COLUMN layout with values: 1, 2, 3
2025-03-27 17:30:22 INFO  c.r.r.m.print.PrintLayoutCreator - width : 682.6666666666666 , height : 2560.0 , col : 1
2025-03-27 17:30:22 INFO  c.r.r.m.print.PrintLayoutCreator - width : 682.6666666666666 , height : 2560.0 
2025-03-27 17:30:22 INFO  c.r.r.m.print.PrintLayoutCreator - width : 682.6666666666666 , height : 2560.0 , col : 2
2025-03-27 17:30:22 INFO  c.r.r.m.print.PrintLayoutCreator - width : 682.6666666666666 , height : 1280.0 
2025-03-27 17:30:22 INFO  c.r.r.m.print.PrintLayoutCreator - width : 682.6666666666666 , height : 1280.0 
2025-03-27 17:30:22 INFO  c.r.r.m.print.PrintLayoutCreator - width : 682.6666666666666 , height : 2560.0 , col : 3
2025-03-27 17:30:22 INFO  c.r.r.m.print.PrintLayoutCreator - width : 682.6666666666666 , height : 853.3333333333334 
2025-03-27 17:30:22 INFO  c.r.r.m.print.PrintLayoutCreator - width : 682.6666666666666 , height : 853.3333333333334 
2025-03-27 17:30:22 INFO  c.r.r.m.print.PrintLayoutCreator - width : 682.6666666666666 , height : 853.3333333333334 
