2025-03-27 17:52:15 INFO  c.r.rxviewui.controller.LoginPage - logged In
2025-03-27 17:52:15 INFO  c.r.r.service.login.LoginController - ip mismatched 192.168.31.178 and 192.168.12.10
2025-03-27 17:52:15 INFO  c.r.r.service.login.LoginController - IP not found
2025-03-27 17:52:15 INFO  c.r.r.service.login.LoginController - initialized
2025-03-27 17:52:19 INFO  c.r.r.service.login.LoginController - No devices found!!!
2025-03-27 17:52:39 INFO  c.r.r.m.print.PrintLayoutCreator - Input: STANDARD\3,4
2025-03-27 17:52:40 INFO  c.r.r.m.print.PrintLayoutCreator - Input: COL\1,2,3
2025-03-27 17:52:41 INFO  c.r.r.m.print.PrintLayoutCreator - Input: ROW\1,2,2,1
2025-03-27 17:52:42 INFO  c.r.r.m.print.PrintLayoutCreator - Input: STANDARD\2,2
2025-03-27 17:52:42 INFO  c.r.r.m.print.PrintLayoutCreator - Input: COL\1,2
2025-03-27 17:52:44 INFO  c.r.r.m.print.PrintLayoutCreator - Input: ROW\1,2
2025-03-27 17:52:45 INFO  c.r.r.m.print.PrintLayoutCreator - Input: STANDARD\2,1
2025-03-27 17:52:47 INFO  c.r.r.m.print.PrintLayoutCreator - Input: STANDARD\1,2
2025-03-27 17:52:48 INFO  c.r.r.m.print.PrintLayoutCreator - Input: STANDARD\1,1
2025-03-27 17:52:49 INFO  c.r.r.m.print.PrintLayoutCreator - Input: STANDARD\1,2
2025-03-27 17:52:49 INFO  c.r.r.m.print.PrintLayoutCreator - Input: STANDARD\2,1
2025-03-27 17:53:08 INFO  c.r.r.m.print.PrintLayoutCreator - Input: STANDARD\1,2
2025-03-27 17:53:09 INFO  c.r.r.m.print.PrintLayoutCreator - Input: ROW\1,2
2025-03-27 17:55:15 INFO  c.r.r.m.print.PrintLayoutCreator - Input: STANDARD\2,1
2025-03-27 17:55:19 INFO  c.r.r.m.print.PrintLayoutCreator - Input: ROW\1,2
