2025-05-22 10:40:49 INFO  c.r.rxviewui.controller.LoginPage - logged In
2025-05-22 10:40:50 INFO  c.r.r.service.login.LoginController - ip mismatched 192.168.126.140 and 192.168.12.10
2025-05-22 10:40:50 INFO  c.r.r.service.login.LoginController - IP not found
2025-05-22 10:40:50 INFO  c.r.r.service.login.LoginController - initialized
2025-05-22 10:40:53 INFO  c.r.r.service.login.LoginController - No devices found!!!
2025-05-22 10:41:18 INFO  c.r.r.m.print.Layout.LayoutCreator - Creating layout with code: STANDARD\1,1 2048.0 2560.0
2025-05-22 10:41:24 INFO  c.r.r.m.print.Layout.LayoutCreator - Creating layout with code: STANDARD\1,1 2048.0 2560.0
2025-05-22 10:41:29 INFO  c.r.r.m.print.Layout.LayoutCreator - Creating layout with code: STANDARD\1,1 2048.0 2560.0
2025-05-22 10:41:31 INFO  c.r.r.service.print.PrintService - Type or Depth Issue in informationMat : CV_16UC4 : CV_8UC4
2025-05-22 10:41:31 INFO  c.r.r.m.print.Layout.LayoutCreator - Creating layout with code: STANDARD\1,1 2048.0 2560.0
2025-05-22 10:41:33 INFO  c.r.r.service.print.PrintService - Type or Depth Issue in annotationsMat : CV_16UC4 : CV_8UC4
2025-05-22 10:41:33 INFO  c.r.r.service.print.PrintService - outputMat type : CV_16UC4
2025-05-22 10:41:33 INFO  c.r.r.service.print.PrintService - outputMat type: CV_16UC3
2025-05-22 10:41:34 INFO  c.r.r.service.print.PrintService - changed outputMat type: CV_16UC1
2025-05-22 10:41:34 INFO  c.r.r.service.print.PrintService - path exits
2025-05-22 10:41:34 INFO  c.r.r.service.print.PrintService - D:\Work\RxView_Java\RxView\43_RxView_Study_Restructure/dcmOutput/111.dcm
2025-05-22 10:41:44 INFO  c.r.r.m.print.Layout.LayoutCreator - Creating layout with code: STANDARD\1,1 2048.0 2560.0
2025-05-22 10:41:46 INFO  c.r.r.service.print.PrintService - Type or Depth Issue in informationMat : CV_16UC4 : CV_8UC4
2025-05-22 10:41:46 INFO  c.r.r.m.print.Layout.LayoutCreator - Creating layout with code: STANDARD\1,1 2048.0 2560.0
2025-05-22 10:41:48 INFO  c.r.r.service.print.PrintService - Type or Depth Issue in annotationsMat : CV_16UC4 : CV_8UC4
2025-05-22 10:41:48 INFO  c.r.r.service.print.PrintService - outputMat type : CV_16UC4
2025-05-22 10:41:48 INFO  c.r.r.service.print.PrintService - outputMat type: CV_16UC3
2025-05-22 10:41:48 INFO  c.r.r.service.print.PrintService - changed outputMat type: CV_16UC1
2025-05-22 10:41:48 INFO  c.r.r.service.print.PrintService - path exits
2025-05-22 10:41:48 INFO  c.r.r.service.print.PrintService - D:\Work\RxView_Java\RxView\43_RxView_Study_Restructure/dcmOutput/211.dcm
2025-05-22 10:44:44 INFO  c.r.r.m.print.Layout.LayoutCreator - Creating layout with code: STANDARD\1,1 2048.0 2560.0
2025-05-22 10:44:54 INFO  c.r.r.m.print.Layout.LayoutCreator - Creating layout with code: STANDARD\1,1 2048.0 2560.0
2025-05-22 10:44:56 INFO  c.r.r.m.print.Layout.LayoutCreator - Creating layout with code: STANDARD\1,1 2048.0 2560.0
2025-05-22 10:44:59 INFO  c.r.r.m.print.Layout.LayoutCreator - Creating layout with code: STANDARD\1,1 2048.0 2560.0
2025-05-22 10:45:05 INFO  c.r.r.m.print.Layout.LayoutCreator - Creating layout with code: COL\1,2 2048.0 2560.0
2025-05-22 10:45:17 INFO  c.r.r.m.print.Layout.LayoutCreator - Creating layout with code: STANDARD\1,2 2048.0 2560.0
2025-05-22 10:45:21 INFO  c.r.r.m.print.Layout.LayoutCreator - Creating layout with code: STANDARD\1,1 2048.0 2560.0
2025-05-22 10:45:30 INFO  c.r.r.m.print.Layout.LayoutCreator - Creating layout with code: STANDARD\1,2 2048.0 2560.0
2025-05-22 10:45:33 INFO  c.r.r.service.print.PrintService - Type or Depth Issue in informationMat : CV_16UC4 : CV_8UC4
2025-05-22 10:45:33 INFO  c.r.r.m.print.Layout.LayoutCreator - Creating layout with code: STANDARD\1,2 2048.0 2560.0
2025-05-22 10:45:36 INFO  c.r.r.service.print.PrintService - Type or Depth Issue in annotationsMat : CV_16UC4 : CV_8UC4
2025-05-22 10:45:36 INFO  c.r.r.service.print.PrintService - outputMat type : CV_16UC4
2025-05-22 10:45:37 INFO  c.r.r.service.print.PrintService - outputMat type: CV_16UC3
2025-05-22 10:45:37 INFO  c.r.r.service.print.PrintService - changed outputMat type: CV_16UC1
2025-05-22 10:45:37 INFO  c.r.r.service.print.PrintService - path exits
2025-05-22 10:45:37 INFO  c.r.r.service.print.PrintService - D:\Work\RxView_Java\RxView\43_RxView_Study_Restructure/dcmOutput/111.dcm
2025-05-22 10:45:50 INFO  c.r.r.m.print.Layout.LayoutCreator - Creating layout with code: STANDARD\1,1 2048.0 2560.0
2025-05-22 10:45:52 INFO  c.r.r.service.print.PrintService - Type or Depth Issue in informationMat : CV_16UC4 : CV_8UC4
2025-05-22 10:45:52 INFO  c.r.r.m.print.Layout.LayoutCreator - Creating layout with code: STANDARD\1,1 2048.0 2560.0
2025-05-22 10:45:54 INFO  c.r.r.service.print.PrintService - Type or Depth Issue in annotationsMat : CV_16UC4 : CV_8UC4
2025-05-22 10:45:54 INFO  c.r.r.service.print.PrintService - outputMat type : CV_16UC4
2025-05-22 10:45:54 INFO  c.r.r.service.print.PrintService - outputMat type: CV_16UC3
2025-05-22 10:45:55 INFO  c.r.r.service.print.PrintService - changed outputMat type: CV_16UC1
2025-05-22 10:45:55 INFO  c.r.r.service.print.PrintService - path exits
2025-05-22 10:45:55 INFO  c.r.r.service.print.PrintService - D:\Work\RxView_Java\RxView\43_RxView_Study_Restructure/dcmOutput/311.dcm
2025-05-22 10:46:38 INFO  c.r.r.m.print.Layout.LayoutCreator - Creating layout with code: STANDARD\1,2 2048.0 2560.0
2025-05-22 10:46:45 INFO  c.r.r.m.print.Layout.LayoutCreator - Creating layout with code: STANDARD\1,2 2048.0 2560.0
2025-05-22 10:46:49 INFO  c.r.r.service.print.PrintService - Type or Depth Issue in informationMat : CV_16UC4 : CV_8UC4
2025-05-22 10:46:49 INFO  c.r.r.m.print.Layout.LayoutCreator - Creating layout with code: STANDARD\1,2 2048.0 2560.0
2025-05-22 10:46:52 INFO  c.r.r.service.print.PrintService - Type or Depth Issue in annotationsMat : CV_16UC4 : CV_8UC4
2025-05-22 10:46:52 INFO  c.r.r.service.print.PrintService - outputMat type : CV_16UC4
2025-05-22 10:46:52 INFO  c.r.r.service.print.PrintService - outputMat type: CV_16UC3
2025-05-22 10:46:52 INFO  c.r.r.service.print.PrintService - changed outputMat type: CV_16UC1
2025-05-22 10:46:52 INFO  c.r.r.service.print.PrintService - path exits
2025-05-22 10:46:52 INFO  c.r.r.service.print.PrintService - D:\Work\RxView_Java\RxView\43_RxView_Study_Restructure/dcmOutput/111.dcm
