2025-04-08 13:15:14 INFO  c.r.rxviewui.controller.LoginPage - logged In
2025-04-08 13:15:15 INFO  c.r.r.service.login.LoginController - ip mismatched 192.168.31.178 and 192.168.12.10
2025-04-08 13:15:15 INFO  c.r.r.service.login.LoginController - IP not found
2025-04-08 13:15:15 INFO  c.r.r.service.login.LoginController - initialized
2025-04-08 13:15:18 INFO  c.r.r.service.login.LoginController - No devices found!!!
2025-04-08 13:15:19 INFO  c.r.r.service.study.StudyService - Image received
2025-04-08 13:15:21 INFO  c.r.r.service.study.StudyService - Mat is not empty
2025-04-08 13:15:21 INFO  c.r.r.m.I.D.MainDrawTool - ImagingParams is null
2025-04-08 13:15:53 INFO  c.r.r.m.I.D.CanvasMainChange - Canvas cropRect : {0, 3, 697x1020}
2025-04-08 13:15:53 INFO  c.r.r.m.I.D.CanvasMainChange - Canvas cropRect : {0, 3, 697x1020}
2025-04-08 13:15:54 INFO  c.r.r.m.I.D.CanvasMainChange - Canvas cropRect : {0, 3, 697x1020}
2025-04-08 13:15:56 INFO  c.r.r.m.I.D.CanvasMainChange - Canvas cropRect : {204, 0, 633x1024}
2025-04-08 13:15:56 INFO  c.r.r.m.I.D.CanvasMainChange - Canvas cropRect : {204, 0, 633x1024}
2025-04-08 13:15:57 INFO  c.r.r.m.I.D.CanvasMainChange - Canvas cropRect : {204, 0, 633x1024}
2025-04-08 13:16:03 INFO  c.r.r.m.I.D.CanvasMainChange - Canvas cropRect : {194, 0, 643x1024}
2025-04-08 13:16:03 INFO  c.r.r.m.I.D.CanvasMainChange - Canvas cropRect : {194, 0, 643x1024}
2025-04-08 13:16:04 INFO  c.r.r.m.I.D.CanvasMainChange - Canvas cropRect : {194, 0, 643x1024}
2025-04-08 13:16:07 INFO  c.r.r.m.I.D.CanvasMainChange - Canvas cropRect : {0, 0, 707x1024}
2025-04-08 13:16:07 INFO  c.r.r.m.I.D.CanvasMainChange - Canvas cropRect : {0, 0, 707x1024}
2025-04-08 13:16:08 INFO  c.r.r.m.I.D.CanvasMainChange - Canvas cropRect : {0, 0, 707x1024}
2025-04-08 13:16:11 INFO  c.r.r.m.I.D.CanvasMainChange - Canvas cropRect : {0, 173, 838x850}
2025-04-08 13:16:11 INFO  c.r.r.m.I.D.CanvasMainChange - Canvas cropRect : {0, 173, 838x850}
2025-04-08 13:16:14 INFO  c.r.r.m.I.D.CanvasMainChange - Canvas cropRect : {0, 173, 838x850}
2025-04-08 13:16:18 INFO  c.r.r.m.I.D.CanvasMainChange - Canvas cropRect : {0, 178, 838x845}
2025-04-08 13:16:18 INFO  c.r.r.m.I.D.CanvasMainChange - Canvas cropRect : {0, 178, 838x845}
2025-04-08 13:20:08 INFO  c.r.r.m.I.D.CanvasMainChange - Canvas cropRect : {0, 178, 838x845}
