2025-04-08 17:04:11 INFO  c.r.rxviewui.controller.LoginPage - logged In
2025-04-08 17:04:11 INFO  c.r.r.service.login.LoginController - ip mismatched 192.168.31.178 and 192.168.12.10
2025-04-08 17:04:11 INFO  c.r.r.service.login.LoginController - IP not found
2025-04-08 17:04:11 INFO  c.r.r.service.login.LoginController - initialized
2025-04-08 17:04:15 INFO  c.r.r.m.I.D.CanvasMainChange - multiple : 0.0
2025-04-08 17:04:15 INFO  c.r.r.m.I.D.CanvasMainChange - multiple : 0.0
2025-04-08 17:04:15 INFO  c.r.r.m.I.D.CanvasMainChange - multiple : 0.0
2025-04-08 17:04:15 INFO  c.r.r.m.I.D.CanvasMainChange - multiple : 0.0
2025-04-08 17:04:15 INFO  c.r.r.service.login.LoginController - No devices found!!!
2025-04-08 17:04:17 INFO  c.r.r.service.study.StudyService - Image received
2025-04-08 17:04:18 INFO  c.r.r.service.study.StudyService - Mat is not empty
2025-04-08 17:04:18 INFO  c.r.r.m.I.D.CanvasMainChange - multiple : 1.0
2025-04-08 17:04:18 INFO  c.r.r.m.I.D.CanvasMainChange - multiple : 1.0
2025-04-08 17:04:19 INFO  c.r.r.m.I.D.CanvasMainChange - multiple : 1.0
2025-04-08 17:04:19 INFO  c.r.r.m.I.D.CanvasMainChange - multiple : 1.0
2025-04-08 17:04:19 INFO  c.r.r.m.I.D.CanvasMainChange - multiple : 1.0
2025-04-08 17:04:19 INFO  c.r.r.m.I.D.CanvasMainChange - multiple : 1.0
2025-04-08 17:04:19 INFO  c.r.r.m.I.D.CanvasMainChange - multiple : 1.0
2025-04-08 17:04:19 INFO  c.r.r.m.I.D.MainDrawTool - ImagingParams is null
2025-04-08 17:04:20 INFO  c.r.r.m.I.D.CanvasMainChange - multiple : 1.0
2025-04-08 17:04:21 INFO  c.r.r.m.I.D.CanvasMainChange - multiple : 1.0
2025-04-08 17:04:21 INFO  c.r.r.m.I.D.CanvasMainChange - multiple : 1.0
2025-04-08 17:04:21 INFO  c.r.r.m.I.D.CanvasMainChange - multiple : 1.0
2025-04-08 17:04:21 INFO  c.r.r.m.I.D.CanvasMainChange - multiple : 1.0
2025-04-08 17:04:22 INFO  c.r.r.m.I.D.CanvasMainChange - multiple : 1.0
2025-04-08 17:04:22 INFO  c.r.r.m.I.D.CanvasMainChange - multiple : 1.0
2025-04-08 17:04:22 INFO  c.r.r.m.I.D.CanvasMainChange - multiple : 1.0
2025-04-08 17:04:24 INFO  c.r.r.m.I.D.CanvasMainChange - multiple : 1.0
2025-04-08 17:04:36 INFO  c.r.r.m.I.D.CanvasMainChange - multiple : 1.0
2025-04-08 17:04:36 INFO  c.r.r.m.I.D.CanvasMainChange - multiple : 1.0
