2025-04-08 12:55:01 INFO  c.r.rxviewui.controller.LoginPage - logged In
2025-04-08 12:55:01 INFO  c.r.r.service.login.LoginController - ip mismatched 192.168.31.178 and 192.168.12.10
2025-04-08 12:55:01 INFO  c.r.r.service.login.LoginController - IP not found
2025-04-08 12:55:01 INFO  c.r.r.service.login.LoginController - initialized
2025-04-08 12:55:05 INFO  c.r.r.service.login.LoginController - No devices found!!!
2025-04-08 12:55:07 INFO  c.r.r.service.study.StudyService - Image received
2025-04-08 12:55:08 INFO  c.r.r.service.study.StudyService - Mat is not empty
2025-04-08 12:55:09 INFO  c.r.r.m.I.D.MainDrawTool - ImagingParams is null
2025-04-08 12:55:10 INFO  c.r.r.m.I.D.CropLayout - cropLayout cropRect : {0, 0, 838x1024}
2025-04-08 12:55:13 INFO  c.r.r.m.I.D.CropLayout - cropLayout cropRect : {0, 1, 838x1022}
2025-04-08 12:55:13 INFO  c.r.r.m.I.D.CropLayout - cropLayout cropRect : {0, 6, 838x1017}
2025-04-08 12:55:13 INFO  c.r.r.m.I.D.CropLayout - cropLayout cropRect : {0, 15, 838x1008}
2025-04-08 12:55:13 INFO  c.r.r.m.I.D.CropLayout - cropLayout cropRect : {0, 23, 838x1000}
2025-04-08 12:55:13 INFO  c.r.r.m.I.D.CropLayout - cropLayout cropRect : {0, 29, 838x994}
2025-04-08 12:55:13 INFO  c.r.r.m.I.D.CropLayout - cropLayout cropRect : {0, 35, 838x988}
2025-04-08 12:55:13 INFO  c.r.r.m.I.D.CropLayout - cropLayout cropRect : {0, 41, 838x982}
2025-04-08 12:55:13 INFO  c.r.r.m.I.D.CropLayout - cropLayout cropRect : {0, 46, 838x977}
2025-04-08 12:55:13 INFO  c.r.r.m.I.D.CropLayout - cropLayout cropRect : {0, 56, 838x967}
2025-04-08 12:55:13 INFO  c.r.r.m.I.D.CropLayout - cropLayout cropRect : {0, 61, 838x962}
2025-04-08 12:55:13 INFO  c.r.r.m.I.D.CropLayout - cropLayout cropRect : {0, 77, 838x946}
2025-04-08 12:55:13 INFO  c.r.r.m.I.D.CropLayout - cropLayout cropRect : {0, 83, 838x940}
2025-04-08 12:55:13 INFO  c.r.r.m.I.D.CropLayout - cropLayout cropRect : {0, 128, 838x895}
2025-04-08 12:55:13 INFO  c.r.r.m.I.D.CropLayout - cropLayout cropRect : {0, 137, 838x886}
2025-04-08 12:55:13 INFO  c.r.r.m.I.D.CropLayout - cropLayout cropRect : {0, 142, 838x881}
2025-04-08 12:55:13 INFO  c.r.r.m.I.D.CropLayout - cropLayout cropRect : {0, 144, 838x879}
2025-04-08 12:55:13 INFO  c.r.r.m.I.D.CropLayout - cropLayout cropRect : {0, 151, 838x872}
2025-04-08 12:55:13 INFO  c.r.r.m.I.D.CropLayout - cropLayout cropRect : {0, 153, 838x870}
2025-04-08 12:55:14 INFO  c.r.r.m.I.D.CropLayout - cropLayout cropRect : {0, 156, 838x867}
2025-04-08 12:55:14 INFO  c.r.r.m.I.D.CropLayout - cropLayout cropRect : {0, 159, 838x864}
2025-04-08 12:55:14 INFO  c.r.r.m.I.D.CropLayout - cropLayout cropRect : {0, 162, 838x861}
2025-04-08 12:55:14 INFO  c.r.r.m.I.D.CropLayout - cropLayout cropRect : {0, 164, 838x859}
2025-04-08 12:55:14 INFO  c.r.r.m.I.D.CropLayout - cropLayout cropRect : {0, 167, 838x856}
2025-04-08 12:55:14 INFO  c.r.r.m.I.D.CropLayout - cropLayout cropRect : {0, 178, 838x845}
2025-04-08 12:55:14 INFO  c.r.r.m.I.D.CropLayout - cropLayout cropRect : {0, 184, 838x839}
2025-04-08 12:55:14 INFO  c.r.r.m.I.D.CropLayout - cropLayout cropRect : {0, 187, 838x836}
2025-04-08 12:55:14 INFO  c.r.r.m.I.D.CropLayout - cropLayout cropRect : {0, 196, 838x827}
2025-04-08 12:55:14 INFO  c.r.r.m.I.D.CropLayout - cropLayout cropRect : {0, 198, 838x825}
2025-04-08 12:55:14 INFO  c.r.r.m.I.D.CropLayout - cropLayout cropRect : {0, 214, 838x809}
2025-04-08 12:55:14 INFO  c.r.r.m.I.D.CropLayout - cropLayout cropRect : {0, 237, 838x786}
2025-04-08 12:55:14 INFO  c.r.r.m.I.D.CropLayout - cropLayout cropRect : {0, 246, 838x777}
2025-04-08 12:55:14 INFO  c.r.r.m.I.D.CropLayout - cropLayout cropRect : {0, 262, 838x761}
2025-04-08 12:55:15 INFO  c.r.r.m.I.D.CanvasMainChange - Canvas cropRect : {0, 262, 838x761}
2025-04-08 12:55:15 INFO  c.r.r.m.I.D.CanvasMainChange - Canvas cropRect : {0, 262, 838x761}
2025-04-08 12:55:22 INFO  c.r.r.m.I.D.CanvasMainChange - Canvas cropRect : {0, 262, 838x761}
2025-04-08 12:55:22 INFO  c.r.r.m.I.D.CropLayout - cropLayout cropRect : {0, 0, 838x1024}
2025-04-08 12:55:24 INFO  c.r.r.m.I.D.CropLayout - cropLayout cropRect : {0, 0, 838x1024}
2025-04-08 12:55:24 INFO  c.r.r.m.I.D.CropLayout - cropLayout cropRect : {0, 2, 838x1021}
2025-04-08 12:55:24 INFO  c.r.r.m.I.D.CropLayout - cropLayout cropRect : {0, 8, 838x1015}
2025-04-08 12:55:24 INFO  c.r.r.m.I.D.CropLayout - cropLayout cropRect : {0, 19, 838x1004}
2025-04-08 12:55:24 INFO  c.r.r.m.I.D.CropLayout - cropLayout cropRect : {0, 27, 838x996}
2025-04-08 12:55:24 INFO  c.r.r.m.I.D.CropLayout - cropLayout cropRect : {0, 35, 838x988}
2025-04-08 12:55:24 INFO  c.r.r.m.I.D.CropLayout - cropLayout cropRect : {0, 39, 838x984}
2025-04-08 12:55:24 INFO  c.r.r.m.I.D.CropLayout - cropLayout cropRect : {0, 42, 838x981}
2025-04-08 12:55:24 INFO  c.r.r.m.I.D.CropLayout - cropLayout cropRect : {0, 47, 838x976}
2025-04-08 12:55:24 INFO  c.r.r.m.I.D.CropLayout - cropLayout cropRect : {0, 56, 838x967}
2025-04-08 12:55:24 INFO  c.r.r.m.I.D.CropLayout - cropLayout cropRect : {0, 58, 838x965}
2025-04-08 12:55:24 INFO  c.r.r.m.I.D.CropLayout - cropLayout cropRect : {0, 64, 838x959}
2025-04-08 12:55:24 INFO  c.r.r.m.I.D.CropLayout - cropLayout cropRect : {0, 67, 838x956}
2025-04-08 12:55:24 INFO  c.r.r.m.I.D.CropLayout - cropLayout cropRect : {0, 69, 838x954}
2025-04-08 12:55:24 INFO  c.r.r.m.I.D.CropLayout - cropLayout cropRect : {0, 72, 838x951}
2025-04-08 12:55:24 INFO  c.r.r.m.I.D.CropLayout - cropLayout cropRect : {0, 75, 838x948}
2025-04-08 12:55:24 INFO  c.r.r.m.I.D.CropLayout - cropLayout cropRect : {0, 78, 838x945}
2025-04-08 12:55:24 INFO  c.r.r.m.I.D.CropLayout - cropLayout cropRect : {0, 81, 838x942}
2025-04-08 12:55:24 INFO  c.r.r.m.I.D.CropLayout - cropLayout cropRect : {0, 83, 838x940}
2025-04-08 12:55:24 INFO  c.r.r.m.I.D.CropLayout - cropLayout cropRect : {0, 87, 838x936}
2025-04-08 12:55:25 INFO  c.r.r.m.I.D.CropLayout - cropLayout cropRect : {0, 89, 838x934}
2025-04-08 12:55:25 INFO  c.r.r.m.I.D.CropLayout - cropLayout cropRect : {0, 92, 838x931}
2025-04-08 12:55:26 INFO  c.r.r.m.I.D.CropLayout - cropLayout cropRect : {0, 95, 838x928}
2025-04-08 12:55:26 INFO  c.r.r.m.I.D.CropLayout - cropLayout cropRect : {0, 103, 838x920}
2025-04-08 12:55:26 INFO  c.r.r.m.I.D.CropLayout - cropLayout cropRect : {0, 106, 838x917}
2025-04-08 12:55:26 INFO  c.r.r.m.I.D.CropLayout - cropLayout cropRect : {0, 115, 838x908}
2025-04-08 12:55:26 INFO  c.r.r.m.I.D.CropLayout - cropLayout cropRect : {0, 120, 838x903}
2025-04-08 12:55:26 INFO  c.r.r.m.I.D.CropLayout - cropLayout cropRect : {0, 131, 838x892}
2025-04-08 12:55:26 INFO  c.r.r.m.I.D.CropLayout - cropLayout cropRect : {0, 138, 838x885}
2025-04-08 12:55:26 INFO  c.r.r.m.I.D.CropLayout - cropLayout cropRect : {0, 140, 838x883}
2025-04-08 12:55:26 INFO  c.r.r.m.I.D.CropLayout - cropLayout cropRect : {0, 149, 838x874}
2025-04-08 12:55:26 INFO  c.r.r.m.I.D.CropLayout - cropLayout cropRect : {0, 154, 838x869}
2025-04-08 12:55:26 INFO  c.r.r.m.I.D.CropLayout - cropLayout cropRect : {0, 157, 838x866}
2025-04-08 12:55:26 INFO  c.r.r.m.I.D.CropLayout - cropLayout cropRect : {0, 161, 838x862}
2025-04-08 12:55:27 INFO  c.r.r.m.I.D.CropLayout - cropLayout cropRect : {0, 163, 838x860}
2025-04-08 12:55:28 INFO  c.r.r.m.I.D.CropLayout - cropLayout cropRect : {0, 162, 838x861}
2025-04-08 12:55:28 INFO  c.r.r.m.I.D.CropLayout - cropLayout cropRect : {0, 159, 838x864}
2025-04-08 12:55:28 INFO  c.r.r.m.I.D.CropLayout - cropLayout cropRect : {0, 155, 838x868}
2025-04-08 12:55:29 INFO  c.r.r.m.I.D.CropLayout - cropLayout cropRect : {0, 155, 838x868}
2025-04-08 12:55:29 INFO  c.r.r.m.I.D.CropLayout - cropLayout cropRect : {0, 153, 838x870}
2025-04-08 12:55:29 INFO  c.r.r.m.I.D.CropLayout - cropLayout cropRect : {0, 150, 838x873}
2025-04-08 12:55:29 INFO  c.r.r.m.I.D.CropLayout - cropLayout cropRect : {0, 147, 838x876}
2025-04-08 12:55:31 INFO  c.r.r.m.I.D.CanvasMainChange - Canvas cropRect : {0, 147, 838x876}
2025-04-08 12:55:31 INFO  c.r.r.m.I.D.CanvasMainChange - Canvas cropRect : {0, 147, 838x876}
2025-04-08 12:55:42 INFO  c.r.r.m.I.D.CanvasMainChange - Canvas cropRect : {0, 147, 838x876}
2025-04-08 12:55:42 INFO  c.r.r.m.I.D.CropLayout - cropLayout cropRect : {0, 0, 838x1024}
2025-04-08 12:55:51 INFO  c.r.r.m.I.D.CropLayout - cropLayout cropRect : {0, 0, 838x1024}
2025-04-08 12:55:53 INFO  c.r.r.m.I.D.CropLayout - cropLayout cropRect : {0, 1, 838x1022}
2025-04-08 12:55:53 INFO  c.r.r.m.I.D.CropLayout - cropLayout cropRect : {0, 4, 838x1019}
2025-04-08 12:55:53 INFO  c.r.r.m.I.D.CropLayout - cropLayout cropRect : {0, 6, 838x1017}
2025-04-08 12:55:53 INFO  c.r.r.m.I.D.CropLayout - cropLayout cropRect : {0, 9, 838x1014}
2025-04-08 12:55:53 INFO  c.r.r.m.I.D.CropLayout - cropLayout cropRect : {0, 11, 838x1012}
2025-04-08 12:55:53 INFO  c.r.r.m.I.D.CropLayout - cropLayout cropRect : {0, 20, 838x1003}
2025-04-08 12:55:53 INFO  c.r.r.m.I.D.CropLayout - cropLayout cropRect : {0, 31, 838x992}
2025-04-08 12:55:53 INFO  c.r.r.m.I.D.CropLayout - cropLayout cropRect : {0, 56, 838x967}
2025-04-08 12:55:53 INFO  c.r.r.m.I.D.CropLayout - cropLayout cropRect : {0, 79, 838x944}
2025-04-08 12:55:53 INFO  c.r.r.m.I.D.CropLayout - cropLayout cropRect : {0, 91, 838x932}
2025-04-08 12:55:53 INFO  c.r.r.m.I.D.CropLayout - cropLayout cropRect : {0, 120, 838x903}
2025-04-08 12:55:53 INFO  c.r.r.m.I.D.CropLayout - cropLayout cropRect : {0, 154, 838x869}
2025-04-08 12:55:53 INFO  c.r.r.m.I.D.CropLayout - cropLayout cropRect : {0, 187, 838x836}
2025-04-08 12:55:53 INFO  c.r.r.m.I.D.CropLayout - cropLayout cropRect : {0, 212, 838x811}
2025-04-08 12:55:53 INFO  c.r.r.m.I.D.CropLayout - cropLayout cropRect : {0, 221, 838x802}
2025-04-08 12:55:53 INFO  c.r.r.m.I.D.CropLayout - cropLayout cropRect : {0, 240, 838x783}
2025-04-08 12:55:53 INFO  c.r.r.m.I.D.CropLayout - cropLayout cropRect : {0, 257, 838x766}
2025-04-08 12:55:53 INFO  c.r.r.m.I.D.CropLayout - cropLayout cropRect : {0, 262, 838x761}
2025-04-08 12:55:53 INFO  c.r.r.m.I.D.CropLayout - cropLayout cropRect : {0, 275, 838x748}
2025-04-08 12:55:53 INFO  c.r.r.m.I.D.CropLayout - cropLayout cropRect : {0, 281, 838x742}
2025-04-08 12:55:53 INFO  c.r.r.m.I.D.CropLayout - cropLayout cropRect : {0, 289, 838x734}
2025-04-08 12:55:53 INFO  c.r.r.m.I.D.CropLayout - cropLayout cropRect : {0, 295, 838x728}
2025-04-08 12:55:53 INFO  c.r.r.m.I.D.CropLayout - cropLayout cropRect : {0, 305, 838x718}
2025-04-08 12:55:53 INFO  c.r.r.m.I.D.CropLayout - cropLayout cropRect : {0, 308, 838x715}
2025-04-08 12:55:53 INFO  c.r.r.m.I.D.CropLayout - cropLayout cropRect : {0, 313, 838x710}
2025-04-08 12:55:53 INFO  c.r.r.m.I.D.CropLayout - cropLayout cropRect : {0, 319, 838x704}
2025-04-08 12:55:53 INFO  c.r.r.m.I.D.CropLayout - cropLayout cropRect : {0, 321, 838x702}
2025-04-08 12:55:53 INFO  c.r.r.m.I.D.CropLayout - cropLayout cropRect : {0, 330, 838x693}
2025-04-08 12:55:53 INFO  c.r.r.m.I.D.CropLayout - cropLayout cropRect : {0, 333, 838x690}
2025-04-08 12:55:53 INFO  c.r.r.m.I.D.CropLayout - cropLayout cropRect : {0, 335, 838x688}
2025-04-08 12:55:53 INFO  c.r.r.m.I.D.CropLayout - cropLayout cropRect : {0, 338, 838x685}
2025-04-08 12:55:53 INFO  c.r.r.m.I.D.CropLayout - cropLayout cropRect : {0, 342, 838x681}
2025-04-08 12:55:53 INFO  c.r.r.m.I.D.CropLayout - cropLayout cropRect : {0, 344, 838x679}
2025-04-08 12:55:54 INFO  c.r.r.m.I.D.CropLayout - cropLayout cropRect : {0, 347, 838x676}
2025-04-08 12:55:54 INFO  c.r.r.m.I.D.CropLayout - cropLayout cropRect : {0, 348, 838x675}
2025-04-08 12:55:54 INFO  c.r.r.m.I.D.CropLayout - cropLayout cropRect : {0, 349, 838x674}
2025-04-08 12:55:54 INFO  c.r.r.m.I.D.CropLayout - cropLayout cropRect : {0, 348, 838x675}
2025-04-08 12:55:55 INFO  c.r.r.m.I.D.CanvasMainChange - Canvas cropRect : {0, 348, 838x675}
2025-04-08 12:55:55 INFO  c.r.r.m.I.D.CanvasMainChange - Canvas cropRect : {0, 348, 838x675}
2025-04-08 12:55:57 INFO  c.r.r.m.I.D.CanvasMainChange - Canvas cropRect : {0, 348, 838x675}
2025-04-08 12:55:57 INFO  c.r.r.m.I.D.CropLayout - cropLayout cropRect : {0, 0, 838x1024}
2025-04-08 12:56:01 INFO  c.r.r.m.I.D.CropLayout - cropLayout cropRect : {0, 3, 838x1020}
2025-04-08 12:56:01 INFO  c.r.r.m.I.D.CropLayout - cropLayout cropRect : {0, 10, 838x1013}
2025-04-08 12:56:01 INFO  c.r.r.m.I.D.CropLayout - cropLayout cropRect : {0, 21, 838x1002}
2025-04-08 12:56:01 INFO  c.r.r.m.I.D.CropLayout - cropLayout cropRect : {0, 30, 838x993}
2025-04-08 12:56:01 INFO  c.r.r.m.I.D.CropLayout - cropLayout cropRect : {0, 33, 838x990}
2025-04-08 12:56:01 INFO  c.r.r.m.I.D.CropLayout - cropLayout cropRect : {0, 39, 838x984}
2025-04-08 12:56:01 INFO  c.r.r.m.I.D.CropLayout - cropLayout cropRect : {0, 44, 838x979}
2025-04-08 12:56:01 INFO  c.r.r.m.I.D.CropLayout - cropLayout cropRect : {0, 51, 838x972}
2025-04-08 12:56:01 INFO  c.r.r.m.I.D.CropLayout - cropLayout cropRect : {0, 56, 838x967}
2025-04-08 12:56:01 INFO  c.r.r.m.I.D.CropLayout - cropLayout cropRect : {0, 65, 838x958}
2025-04-08 12:56:01 INFO  c.r.r.m.I.D.CropLayout - cropLayout cropRect : {0, 68, 838x955}
2025-04-08 12:56:01 INFO  c.r.r.m.I.D.CropLayout - cropLayout cropRect : {0, 74, 838x949}
2025-04-08 12:56:01 INFO  c.r.r.m.I.D.CropLayout - cropLayout cropRect : {0, 77, 838x946}
2025-04-08 12:56:01 INFO  c.r.r.m.I.D.CropLayout - cropLayout cropRect : {0, 82, 838x941}
2025-04-08 12:56:01 INFO  c.r.r.m.I.D.CropLayout - cropLayout cropRect : {0, 86, 838x937}
2025-04-08 12:56:01 INFO  c.r.r.m.I.D.CropLayout - cropLayout cropRect : {0, 88, 838x935}
2025-04-08 12:56:01 INFO  c.r.r.m.I.D.CropLayout - cropLayout cropRect : {0, 91, 838x932}
2025-04-08 12:56:01 INFO  c.r.r.m.I.D.CropLayout - cropLayout cropRect : {0, 94, 838x929}
2025-04-08 12:56:01 INFO  c.r.r.m.I.D.CropLayout - cropLayout cropRect : {0, 100, 838x923}
2025-04-08 12:56:01 INFO  c.r.r.m.I.D.CropLayout - cropLayout cropRect : {0, 107, 838x916}
2025-04-08 12:56:01 INFO  c.r.r.m.I.D.CropLayout - cropLayout cropRect : {0, 114, 838x909}
2025-04-08 12:56:01 INFO  c.r.r.m.I.D.CropLayout - cropLayout cropRect : {0, 117, 838x906}
2025-04-08 12:56:01 INFO  c.r.r.m.I.D.CropLayout - cropLayout cropRect : {0, 119, 838x904}
2025-04-08 12:56:01 INFO  c.r.r.m.I.D.CropLayout - cropLayout cropRect : {0, 123, 838x900}
2025-04-08 12:56:01 INFO  c.r.r.m.I.D.CropLayout - cropLayout cropRect : {0, 125, 838x898}
2025-04-08 12:56:02 INFO  c.r.r.m.I.D.CropLayout - cropLayout cropRect : {0, 128, 838x895}
2025-04-08 12:56:02 INFO  c.r.r.m.I.D.CropLayout - cropLayout cropRect : {0, 136, 838x887}
2025-04-08 12:56:02 INFO  c.r.r.m.I.D.CropLayout - cropLayout cropRect : {0, 150, 838x873}
2025-04-08 12:56:02 INFO  c.r.r.m.I.D.CropLayout - cropLayout cropRect : {0, 159, 838x864}
2025-04-08 12:56:02 INFO  c.r.r.m.I.D.CropLayout - cropLayout cropRect : {0, 164, 838x859}
2025-04-08 12:56:02 INFO  c.r.r.m.I.D.CropLayout - cropLayout cropRect : {0, 169, 838x854}
2025-04-08 12:56:02 INFO  c.r.r.m.I.D.CropLayout - cropLayout cropRect : {0, 173, 838x850}
2025-04-08 12:56:02 INFO  c.r.r.m.I.D.CropLayout - cropLayout cropRect : {0, 175, 838x848}
2025-04-08 12:56:02 INFO  c.r.r.m.I.D.CropLayout - cropLayout cropRect : {0, 178, 838x845}
2025-04-08 12:56:02 INFO  c.r.r.m.I.D.CropLayout - cropLayout cropRect : {0, 180, 838x843}
2025-04-08 12:56:02 INFO  c.r.r.m.I.D.CropLayout - cropLayout cropRect : {0, 184, 838x839}
2025-04-08 12:56:02 INFO  c.r.r.m.I.D.CropLayout - cropLayout cropRect : {0, 189, 838x834}
2025-04-08 12:56:02 INFO  c.r.r.m.I.D.CropLayout - cropLayout cropRect : {0, 194, 838x829}
2025-04-08 12:56:02 INFO  c.r.r.m.I.D.CropLayout - cropLayout cropRect : {0, 200, 838x823}
2025-04-08 12:56:02 INFO  c.r.r.m.I.D.CropLayout - cropLayout cropRect : {0, 203, 838x820}
2025-04-08 12:56:02 INFO  c.r.r.m.I.D.CropLayout - cropLayout cropRect : {0, 209, 838x814}
2025-04-08 12:56:02 INFO  c.r.r.m.I.D.CropLayout - cropLayout cropRect : {0, 212, 838x811}
2025-04-08 12:56:02 INFO  c.r.r.m.I.D.CropLayout - cropLayout cropRect : {0, 214, 838x809}
2025-04-08 12:56:02 INFO  c.r.r.m.I.D.CropLayout - cropLayout cropRect : {0, 217, 838x806}
2025-04-08 12:56:02 INFO  c.r.r.m.I.D.CropLayout - cropLayout cropRect : {0, 220, 838x803}
2025-04-08 12:56:02 INFO  c.r.r.m.I.D.CropLayout - cropLayout cropRect : {0, 223, 838x800}
2025-04-08 12:56:02 INFO  c.r.r.m.I.D.CropLayout - cropLayout cropRect : {0, 225, 838x798}
2025-04-08 12:56:02 INFO  c.r.r.m.I.D.CropLayout - cropLayout cropRect : {0, 228, 838x795}
2025-04-08 12:56:03 INFO  c.r.r.m.I.D.CropLayout - cropLayout cropRect : {0, 226, 838x797}
2025-04-08 12:56:03 INFO  c.r.r.m.I.D.CropLayout - cropLayout cropRect : {0, 223, 838x800}
2025-04-08 12:56:03 INFO  c.r.r.m.I.D.CropLayout - cropLayout cropRect : {0, 221, 838x802}
2025-04-08 12:56:03 INFO  c.r.r.m.I.D.CropLayout - cropLayout cropRect : {0, 212, 838x811}
2025-04-08 12:56:03 INFO  c.r.r.m.I.D.CropLayout - cropLayout cropRect : {0, 209, 838x814}
2025-04-08 12:56:03 INFO  c.r.r.m.I.D.CropLayout - cropLayout cropRect : {0, 200, 838x823}
2025-04-08 12:56:03 INFO  c.r.r.m.I.D.CropLayout - cropLayout cropRect : {0, 198, 838x825}
2025-04-08 12:56:03 INFO  c.r.r.m.I.D.CropLayout - cropLayout cropRect : {0, 194, 838x829}
2025-04-08 12:56:03 INFO  c.r.r.m.I.D.CropLayout - cropLayout cropRect : {0, 191, 838x832}
2025-04-08 12:56:03 INFO  c.r.r.m.I.D.CropLayout - cropLayout cropRect : {0, 189, 838x834}
2025-04-08 12:56:03 INFO  c.r.r.m.I.D.CropLayout - cropLayout cropRect : {0, 186, 838x837}
2025-04-08 12:56:05 INFO  c.r.r.m.I.D.CropLayout - cropLayout cropRect : {0, 188, 838x835}
2025-04-08 12:56:05 INFO  c.r.r.m.I.D.CropLayout - cropLayout cropRect : {0, 197, 838x826}
2025-04-08 12:56:05 INFO  c.r.r.m.I.D.CropLayout - cropLayout cropRect : {0, 200, 838x823}
2025-04-08 12:56:05 INFO  c.r.r.m.I.D.CropLayout - cropLayout cropRect : {0, 211, 838x812}
2025-04-08 12:56:05 INFO  c.r.r.m.I.D.CropLayout - cropLayout cropRect : {0, 226, 838x797}
2025-04-08 12:56:05 INFO  c.r.r.m.I.D.CropLayout - cropLayout cropRect : {0, 248, 838x775}
2025-04-08 12:56:05 INFO  c.r.r.m.I.D.CropLayout - cropLayout cropRect : {0, 272, 838x751}
2025-04-08 12:56:05 INFO  c.r.r.m.I.D.CropLayout - cropLayout cropRect : {0, 293, 838x730}
2025-04-08 12:56:05 INFO  c.r.r.m.I.D.CropLayout - cropLayout cropRect : {0, 307, 838x716}
2025-04-08 12:56:05 INFO  c.r.r.m.I.D.CropLayout - cropLayout cropRect : {0, 320, 838x703}
2025-04-08 12:56:05 INFO  c.r.r.m.I.D.CropLayout - cropLayout cropRect : {0, 330, 838x693}
2025-04-08 12:56:05 INFO  c.r.r.m.I.D.CropLayout - cropLayout cropRect : {0, 335, 838x688}
2025-04-08 12:56:05 INFO  c.r.r.m.I.D.CropLayout - cropLayout cropRect : {0, 340, 838x683}
2025-04-08 12:56:05 INFO  c.r.r.m.I.D.CropLayout - cropLayout cropRect : {0, 346, 838x677}
2025-04-08 12:56:05 INFO  c.r.r.m.I.D.CropLayout - cropLayout cropRect : {0, 352, 838x671}
2025-04-08 12:56:05 INFO  c.r.r.m.I.D.CropLayout - cropLayout cropRect : {0, 360, 838x663}
2025-04-08 12:56:05 INFO  c.r.r.m.I.D.CropLayout - cropLayout cropRect : {0, 371, 838x652}
2025-04-08 12:56:05 INFO  c.r.r.m.I.D.CropLayout - cropLayout cropRect : {0, 379, 838x644}
2025-04-08 12:56:05 INFO  c.r.r.m.I.D.CropLayout - cropLayout cropRect : {0, 382, 838x641}
2025-04-08 12:56:05 INFO  c.r.r.m.I.D.CropLayout - cropLayout cropRect : {0, 389, 838x634}
2025-04-08 12:56:05 INFO  c.r.r.m.I.D.CropLayout - cropLayout cropRect : {0, 399, 838x624}
2025-04-08 12:56:05 INFO  c.r.r.m.I.D.CropLayout - cropLayout cropRect : {0, 404, 838x619}
2025-04-08 12:56:05 INFO  c.r.r.m.I.D.CropLayout - cropLayout cropRect : {0, 412, 838x611}
2025-04-08 12:56:05 INFO  c.r.r.m.I.D.CropLayout - cropLayout cropRect : {0, 418, 838x605}
2025-04-08 12:56:05 INFO  c.r.r.m.I.D.CropLayout - cropLayout cropRect : {0, 421, 838x602}
2025-04-08 12:56:05 INFO  c.r.r.m.I.D.CropLayout - cropLayout cropRect : {0, 423, 838x600}
2025-04-08 12:56:05 INFO  c.r.r.m.I.D.CropLayout - cropLayout cropRect : {0, 427, 838x596}
2025-04-08 12:56:05 INFO  c.r.r.m.I.D.CropLayout - cropLayout cropRect : {0, 429, 838x594}
2025-04-08 12:56:05 INFO  c.r.r.m.I.D.CropLayout - cropLayout cropRect : {0, 428, 838x595}
2025-04-08 12:56:06 INFO  c.r.r.m.I.D.CropLayout - cropLayout cropRect : {0, 422, 838x601}
2025-04-08 12:56:06 INFO  c.r.r.m.I.D.CropLayout - cropLayout cropRect : {0, 419, 838x604}
2025-04-08 12:56:06 INFO  c.r.r.m.I.D.CropLayout - cropLayout cropRect : {0, 409, 838x614}
2025-04-08 12:56:06 INFO  c.r.r.m.I.D.CropLayout - cropLayout cropRect : {0, 406, 838x617}
2025-04-08 12:56:06 INFO  c.r.r.m.I.D.CropLayout - cropLayout cropRect : {0, 404, 838x619}
2025-04-08 12:56:06 INFO  c.r.r.m.I.D.CropLayout - cropLayout cropRect : {0, 400, 838x623}
2025-04-08 12:56:06 INFO  c.r.r.m.I.D.CropLayout - cropLayout cropRect : {0, 397, 838x626}
2025-04-08 12:56:06 INFO  c.r.r.m.I.D.CropLayout - cropLayout cropRect : {0, 395, 838x628}
2025-04-08 12:56:06 INFO  c.r.r.m.I.D.CropLayout - cropLayout cropRect : {0, 389, 838x634}
2025-04-08 12:56:06 INFO  c.r.r.m.I.D.CropLayout - cropLayout cropRect : {0, 386, 838x637}
2025-04-08 12:56:06 INFO  c.r.r.m.I.D.CropLayout - cropLayout cropRect : {0, 384, 838x639}
2025-04-08 12:56:06 INFO  c.r.r.m.I.D.CropLayout - cropLayout cropRect : {0, 381, 838x642}
2025-04-08 12:56:06 INFO  c.r.r.m.I.D.CropLayout - cropLayout cropRect : {0, 380, 838x643}
2025-04-08 12:56:07 INFO  c.r.r.m.I.D.CropLayout - cropLayout cropRect : {0, 380, 838x643}
2025-04-08 12:56:07 INFO  c.r.r.m.I.D.CropLayout - cropLayout cropRect : {0, 352, 838x643}
2025-04-08 12:56:07 INFO  c.r.r.m.I.D.CropLayout - cropLayout cropRect : {0, 286, 838x643}
2025-04-08 12:56:07 INFO  c.r.r.m.I.D.CropLayout - cropLayout cropRect : {0, 139, 838x643}
2025-04-08 12:56:07 INFO  c.r.r.m.I.D.CropLayout - cropLayout cropRect : {0, 137, 838x643}
2025-04-08 12:56:07 INFO  c.r.r.m.I.D.CropLayout - cropLayout cropRect : {0, 128, 838x643}
2025-04-08 12:56:07 INFO  c.r.r.m.I.D.CropLayout - cropLayout cropRect : {0, 123, 838x643}
2025-04-08 12:56:07 INFO  c.r.r.m.I.D.CropLayout - cropLayout cropRect : {0, 112, 838x643}
2025-04-08 12:56:07 INFO  c.r.r.m.I.D.CropLayout - cropLayout cropRect : {0, 108, 838x643}
2025-04-08 12:56:07 INFO  c.r.r.m.I.D.CropLayout - cropLayout cropRect : {0, 105, 838x643}
2025-04-08 12:56:07 INFO  c.r.r.m.I.D.CropLayout - cropLayout cropRect : {0, 103, 838x643}
2025-04-08 12:56:07 INFO  c.r.r.m.I.D.CropLayout - cropLayout cropRect : {0, 104, 838x643}
2025-04-08 12:56:07 INFO  c.r.r.m.I.D.CropLayout - cropLayout cropRect : {0, 107, 838x643}
2025-04-08 12:56:07 INFO  c.r.r.m.I.D.CropLayout - cropLayout cropRect : {0, 116, 838x643}
2025-04-08 12:56:07 INFO  c.r.r.m.I.D.CropLayout - cropLayout cropRect : {0, 126, 838x643}
2025-04-08 12:56:07 INFO  c.r.r.m.I.D.CropLayout - cropLayout cropRect : {0, 137, 838x643}
2025-04-08 12:56:07 INFO  c.r.r.m.I.D.CropLayout - cropLayout cropRect : {0, 147, 838x643}
2025-04-08 12:56:07 INFO  c.r.r.m.I.D.CropLayout - cropLayout cropRect : {0, 152, 838x643}
2025-04-08 12:56:07 INFO  c.r.r.m.I.D.CropLayout - cropLayout cropRect : {0, 155, 838x643}
2025-04-08 12:56:07 INFO  c.r.r.m.I.D.CropLayout - cropLayout cropRect : {0, 161, 838x643}
2025-04-08 12:56:07 INFO  c.r.r.m.I.D.CropLayout - cropLayout cropRect : {0, 171, 838x643}
2025-04-08 12:56:07 INFO  c.r.r.m.I.D.CropLayout - cropLayout cropRect : {0, 179, 838x643}
2025-04-08 12:56:07 INFO  c.r.r.m.I.D.CropLayout - cropLayout cropRect : {0, 183, 838x643}
2025-04-08 12:56:08 INFO  c.r.r.m.I.D.CropLayout - cropLayout cropRect : {0, 185, 838x643}
2025-04-08 12:56:08 INFO  c.r.r.m.I.D.CropLayout - cropLayout cropRect : {0, 188, 838x643}
2025-04-08 12:56:08 INFO  c.r.r.m.I.D.CropLayout - cropLayout cropRect : {0, 190, 838x643}
2025-04-08 12:56:08 INFO  c.r.r.m.I.D.CropLayout - cropLayout cropRect : {0, 193, 838x643}
2025-04-08 12:56:10 INFO  c.r.r.m.I.D.CanvasMainChange - Canvas cropRect : {0, 193, 838x643}
2025-04-08 12:56:10 INFO  c.r.r.m.I.D.CanvasMainChange - Canvas cropRect : {0, 193, 838x643}
2025-04-08 12:56:39 INFO  c.r.r.m.I.D.CanvasMainChange - Canvas cropRect : {0, 193, 838x643}
2025-04-08 12:56:39 INFO  c.r.r.m.I.D.CropLayout - cropLayout cropRect : {0, 0, 838x1024}
2025-04-08 12:56:42 INFO  c.r.r.m.I.D.CropLayout - cropLayout cropRect : {0, 0, 838x1024}
2025-04-08 12:56:44 INFO  c.r.r.m.I.D.CropLayout - cropLayout cropRect : {0, 1, 838x1022}
2025-04-08 12:56:44 INFO  c.r.r.m.I.D.CropLayout - cropLayout cropRect : {0, 3, 838x1020}
2025-04-08 12:56:44 INFO  c.r.r.m.I.D.CropLayout - cropLayout cropRect : {0, 6, 838x1017}
2025-04-08 12:56:44 INFO  c.r.r.m.I.D.CropLayout - cropLayout cropRect : {0, 17, 838x1006}
2025-04-08 12:56:44 INFO  c.r.r.m.I.D.CropLayout - cropLayout cropRect : {0, 26, 838x997}
2025-04-08 12:56:44 INFO  c.r.r.m.I.D.CropLayout - cropLayout cropRect : {0, 28, 838x995}
2025-04-08 12:56:44 INFO  c.r.r.m.I.D.CropLayout - cropLayout cropRect : {0, 43, 838x980}
2025-04-08 12:56:44 INFO  c.r.r.m.I.D.CropLayout - cropLayout cropRect : {0, 84, 838x939}
2025-04-08 12:56:44 INFO  c.r.r.m.I.D.CropLayout - cropLayout cropRect : {0, 106, 838x917}
2025-04-08 12:56:45 INFO  c.r.r.m.I.D.CropLayout - cropLayout cropRect : {0, 118, 838x905}
2025-04-08 12:56:45 INFO  c.r.r.m.I.D.CropLayout - cropLayout cropRect : {0, 123, 838x900}
2025-04-08 12:56:45 INFO  c.r.r.m.I.D.CropLayout - cropLayout cropRect : {0, 126, 838x897}
2025-04-08 12:56:45 INFO  c.r.r.m.I.D.CropLayout - cropLayout cropRect : {0, 128, 838x895}
2025-04-08 12:56:45 INFO  c.r.r.m.I.D.CropLayout - cropLayout cropRect : {0, 133, 838x890}
2025-04-08 12:56:45 INFO  c.r.r.m.I.D.CropLayout - cropLayout cropRect : {0, 137, 838x886}
2025-04-08 12:56:45 INFO  c.r.r.m.I.D.CropLayout - cropLayout cropRect : {0, 142, 838x881}
2025-04-08 12:56:45 INFO  c.r.r.m.I.D.CropLayout - cropLayout cropRect : {0, 148, 838x875}
2025-04-08 12:56:45 INFO  c.r.r.m.I.D.CropLayout - cropLayout cropRect : {0, 153, 838x870}
2025-04-08 12:56:45 INFO  c.r.r.m.I.D.CropLayout - cropLayout cropRect : {0, 156, 838x867}
2025-04-08 12:56:45 INFO  c.r.r.m.I.D.CropLayout - cropLayout cropRect : {0, 159, 838x864}
2025-04-08 12:56:45 INFO  c.r.r.m.I.D.CropLayout - cropLayout cropRect : {0, 165, 838x858}
2025-04-08 12:56:45 INFO  c.r.r.m.I.D.CropLayout - cropLayout cropRect : {0, 167, 838x856}
2025-04-08 12:56:45 INFO  c.r.r.m.I.D.CropLayout - cropLayout cropRect : {0, 173, 838x850}
2025-04-08 12:56:45 INFO  c.r.r.m.I.D.CropLayout - cropLayout cropRect : {0, 184, 838x839}
2025-04-08 12:56:45 INFO  c.r.r.m.I.D.CropLayout - cropLayout cropRect : {0, 190, 838x833}
2025-04-08 12:56:45 INFO  c.r.r.m.I.D.CropLayout - cropLayout cropRect : {0, 201, 838x822}
2025-04-08 12:56:45 INFO  c.r.r.m.I.D.CropLayout - cropLayout cropRect : {0, 208, 838x815}
2025-04-08 12:56:45 INFO  c.r.r.m.I.D.CropLayout - cropLayout cropRect : {0, 227, 838x796}
2025-04-08 12:56:45 INFO  c.r.r.m.I.D.CropLayout - cropLayout cropRect : {0, 233, 838x790}
2025-04-08 12:56:45 INFO  c.r.r.m.I.D.CropLayout - cropLayout cropRect : {0, 237, 838x786}
2025-04-08 12:56:45 INFO  c.r.r.m.I.D.CropLayout - cropLayout cropRect : {0, 248, 838x775}
2025-04-08 12:56:45 INFO  c.r.r.m.I.D.CropLayout - cropLayout cropRect : {0, 251, 838x772}
2025-04-08 12:56:45 INFO  c.r.r.m.I.D.CropLayout - cropLayout cropRect : {0, 253, 838x770}
2025-04-08 12:56:45 INFO  c.r.r.m.I.D.CropLayout - cropLayout cropRect : {0, 257, 838x766}
2025-04-08 12:56:45 INFO  c.r.r.m.I.D.CropLayout - cropLayout cropRect : {0, 254, 838x769}
2025-04-08 12:56:45 INFO  c.r.r.m.I.D.CropLayout - cropLayout cropRect : {0, 252, 838x771}
2025-04-08 12:56:47 INFO  c.r.r.m.I.D.CropLayout - cropLayout cropRect : {0, 250, 838x771}
2025-04-08 12:56:47 INFO  c.r.r.m.I.D.CropLayout - cropLayout cropRect : {0, 247, 838x771}
2025-04-08 12:56:47 INFO  c.r.r.m.I.D.CropLayout - cropLayout cropRect : {0, 241, 838x771}
2025-04-08 12:56:47 INFO  c.r.r.m.I.D.CropLayout - cropLayout cropRect : {0, 236, 838x771}
2025-04-08 12:56:47 INFO  c.r.r.m.I.D.CropLayout - cropLayout cropRect : {0, 225, 838x771}
2025-04-08 12:56:47 INFO  c.r.r.m.I.D.CropLayout - cropLayout cropRect : {0, 216, 838x771}
2025-04-08 12:56:47 INFO  c.r.r.m.I.D.CropLayout - cropLayout cropRect : {0, 212, 838x771}
2025-04-08 12:56:47 INFO  c.r.r.m.I.D.CropLayout - cropLayout cropRect : {0, 196, 838x771}
2025-04-08 12:56:47 INFO  c.r.r.m.I.D.CropLayout - cropLayout cropRect : {0, 191, 838x771}
2025-04-08 12:56:47 INFO  c.r.r.m.I.D.CropLayout - cropLayout cropRect : {0, 175, 838x771}
2025-04-08 12:56:47 INFO  c.r.r.m.I.D.CropLayout - cropLayout cropRect : {0, 168, 838x771}
2025-04-08 12:56:47 INFO  c.r.r.m.I.D.CropLayout - cropLayout cropRect : {0, 149, 838x771}
2025-04-08 12:56:47 INFO  c.r.r.m.I.D.CropLayout - cropLayout cropRect : {0, 131, 838x771}
2025-04-08 12:56:47 INFO  c.r.r.m.I.D.CropLayout - cropLayout cropRect : {0, 129, 838x771}
2025-04-08 12:56:47 INFO  c.r.r.m.I.D.CropLayout - cropLayout cropRect : {0, 118, 838x771}
2025-04-08 12:56:47 INFO  c.r.r.m.I.D.CropLayout - cropLayout cropRect : {0, 112, 838x771}
2025-04-08 12:56:47 INFO  c.r.r.m.I.D.CropLayout - cropLayout cropRect : {0, 90, 838x771}
2025-04-08 12:56:47 INFO  c.r.r.m.I.D.CropLayout - cropLayout cropRect : {0, 78, 838x771}
2025-04-08 12:56:47 INFO  c.r.r.m.I.D.CropLayout - cropLayout cropRect : {0, 45, 838x771}
2025-04-08 12:56:47 INFO  c.r.r.m.I.D.CropLayout - cropLayout cropRect : {0, 34, 838x771}
2025-04-08 12:56:47 INFO  c.r.r.m.I.D.CropLayout - cropLayout cropRect : {0, 13, 838x771}
2025-04-08 12:56:47 INFO  c.r.r.m.I.D.CropLayout - cropLayout cropRect : {0, 4, 838x771}
2025-04-08 12:56:48 INFO  c.r.r.m.I.D.CropLayout - cropLayout cropRect : {0, 4, 838x771}
2025-04-08 12:56:48 INFO  c.r.r.m.I.D.CropLayout - cropLayout cropRect : {0, 4, 838x771}
2025-04-08 12:56:48 INFO  c.r.r.m.I.D.CropLayout - cropLayout cropRect : {0, 4, 838x771}
2025-04-08 12:56:48 INFO  c.r.r.m.I.D.CropLayout - cropLayout cropRect : {0, 4, 838x771}
2025-04-08 12:56:48 INFO  c.r.r.m.I.D.CropLayout - cropLayout cropRect : {0, 1, 838x771}
2025-04-08 12:56:48 INFO  c.r.r.m.I.D.CropLayout - cropLayout cropRect : {0, 1, 838x771}
2025-04-08 12:56:48 INFO  c.r.r.m.I.D.CropLayout - cropLayout cropRect : {0, 1, 838x771}
2025-04-08 12:56:49 INFO  c.r.r.m.I.D.CropLayout - cropLayout cropRect : {0, 2, 838x770}
2025-04-08 12:56:49 INFO  c.r.r.m.I.D.CropLayout - cropLayout cropRect : {0, 5, 838x766}
2025-04-08 12:56:49 INFO  c.r.r.m.I.D.CropLayout - cropLayout cropRect : {0, 14, 838x758}
2025-04-08 12:56:49 INFO  c.r.r.m.I.D.CropLayout - cropLayout cropRect : {0, 32, 838x739}
2025-04-08 12:56:49 INFO  c.r.r.m.I.D.CropLayout - cropLayout cropRect : {0, 57, 838x714}
2025-04-08 12:56:49 INFO  c.r.r.m.I.D.CropLayout - cropLayout cropRect : {0, 78, 838x693}
2025-04-08 12:56:49 INFO  c.r.r.m.I.D.CropLayout - cropLayout cropRect : {0, 87, 838x685}
2025-04-08 12:56:49 INFO  c.r.r.m.I.D.CropLayout - cropLayout cropRect : {0, 123, 838x649}
2025-04-08 12:56:49 INFO  c.r.r.m.I.D.CropLayout - cropLayout cropRect : {0, 133, 838x638}
2025-04-08 12:56:49 INFO  c.r.r.m.I.D.CropLayout - cropLayout cropRect : {0, 159, 838x613}
2025-04-08 12:56:49 INFO  c.r.r.m.I.D.CropLayout - cropLayout cropRect : {0, 163, 838x608}
2025-04-08 12:56:49 INFO  c.r.r.m.I.D.CropLayout - cropLayout cropRect : {0, 171, 838x601}
2025-04-08 12:56:50 INFO  c.r.r.m.I.D.CropLayout - cropLayout cropRect : {0, 175, 838x596}
2025-04-08 12:56:50 INFO  c.r.r.m.I.D.CropLayout - cropLayout cropRect : {0, 180, 838x591}
2025-04-08 12:56:50 INFO  c.r.r.m.I.D.CropLayout - cropLayout cropRect : {0, 189, 838x582}
2025-04-08 12:56:50 INFO  c.r.r.m.I.D.CropLayout - cropLayout cropRect : {0, 192, 838x579}
2025-04-08 12:56:50 INFO  c.r.r.m.I.D.CropLayout - cropLayout cropRect : {0, 200, 838x571}
2025-04-08 12:56:50 INFO  c.r.r.m.I.D.CropLayout - cropLayout cropRect : {0, 203, 838x568}
2025-04-08 12:56:50 INFO  c.r.r.m.I.D.CropLayout - cropLayout cropRect : {0, 214, 838x557}
2025-04-08 12:56:50 INFO  c.r.r.m.I.D.CropLayout - cropLayout cropRect : {0, 224, 838x547}
2025-04-08 12:56:50 INFO  c.r.r.m.I.D.CropLayout - cropLayout cropRect : {0, 226, 838x545}
2025-04-08 12:56:51 INFO  c.r.r.m.I.D.CanvasMainChange - Canvas cropRect : {0, 226, 838x545}
2025-04-08 12:56:51 INFO  c.r.r.m.I.D.CanvasMainChange - Canvas cropRect : {0, 226, 838x545}
2025-04-08 12:56:54 INFO  c.r.r.m.I.D.CanvasMainChange - Canvas cropRect : {0, 226, 838x545}
2025-04-08 12:56:54 INFO  c.r.r.m.I.D.CropLayout - cropLayout cropRect : {0, 0, 838x1024}
2025-04-08 12:57:25 INFO  c.r.r.m.I.D.CropLayout - cropLayout cropRect : {0, 0, 838x1024}
2025-04-08 12:57:53 INFO  c.r.r.m.I.D.CropLayout - cropLayout cropRect : {0, 0, 838x1024}
2025-04-08 12:57:57 INFO  c.r.r.m.I.D.CropLayout - cropLayout cropRect : {3, 0, 834x1024}
2025-04-08 12:57:57 INFO  c.r.r.m.I.D.CropLayout - cropLayout cropRect : {5, 0, 832x1024}
2025-04-08 12:57:57 INFO  c.r.r.m.I.D.CropLayout - cropLayout cropRect : {17, 0, 820x1024}
2025-04-08 12:57:57 INFO  c.r.r.m.I.D.CropLayout - cropLayout cropRect : {43, 0, 794x1024}
2025-04-08 12:57:57 INFO  c.r.r.m.I.D.CropLayout - cropLayout cropRect : {68, 0, 769x1024}
2025-04-08 12:57:57 INFO  c.r.r.m.I.D.CropLayout - cropLayout cropRect : {80, 0, 757x1024}
2025-04-08 12:57:57 INFO  c.r.r.m.I.D.CropLayout - cropLayout cropRect : {115, 0, 722x1024}
2025-04-08 12:57:57 INFO  c.r.r.m.I.D.CropLayout - cropLayout cropRect : {138, 0, 699x1024}
2025-04-08 12:57:58 INFO  c.r.r.m.I.D.CropLayout - cropLayout cropRect : {148, 0, 689x1024}
2025-04-08 12:57:58 INFO  c.r.r.m.I.D.CropLayout - cropLayout cropRect : {151, 0, 686x1024}
2025-04-08 12:57:58 INFO  c.r.r.m.I.D.CropLayout - cropLayout cropRect : {153, 0, 684x1024}
2025-04-08 12:57:58 INFO  c.r.r.m.I.D.CropLayout - cropLayout cropRect : {156, 0, 681x1024}
2025-04-08 12:57:58 INFO  c.r.r.m.I.D.CropLayout - cropLayout cropRect : {160, 0, 677x1024}
2025-04-08 12:57:58 INFO  c.r.r.m.I.D.CropLayout - cropLayout cropRect : {162, 0, 675x1024}
2025-04-08 12:57:58 INFO  c.r.r.m.I.D.CropLayout - cropLayout cropRect : {165, 0, 672x1024}
2025-04-08 12:57:58 INFO  c.r.r.m.I.D.CropLayout - cropLayout cropRect : {171, 0, 666x1024}
2025-04-08 12:57:58 INFO  c.r.r.m.I.D.CropLayout - cropLayout cropRect : {173, 0, 664x1024}
2025-04-08 12:57:58 INFO  c.r.r.m.I.D.CropLayout - cropLayout cropRect : {179, 0, 658x1024}
2025-04-08 12:57:58 INFO  c.r.r.m.I.D.CropLayout - cropLayout cropRect : {185, 0, 652x1024}
2025-04-08 12:57:58 INFO  c.r.r.m.I.D.CropLayout - cropLayout cropRect : {190, 0, 647x1024}
2025-04-08 12:57:59 INFO  c.r.r.m.I.D.CanvasMainChange - Canvas cropRect : {190, 0, 647x1024}
2025-04-08 12:57:59 INFO  c.r.r.m.I.D.CanvasMainChange - Canvas cropRect : {190, 0, 647x1024}
