2025-04-08 18:24:38 INFO  c.r.rxviewui.controller.LoginPage - logged In
2025-04-08 18:24:39 INFO  c.r.r.service.login.LoginController - ip mismatched 192.168.31.178 and 192.168.12.10
2025-04-08 18:24:39 INFO  c.r.r.service.login.LoginController - IP not found
2025-04-08 18:24:39 INFO  c.r.r.service.login.LoginController - initialized
2025-04-08 18:24:42 INFO  c.r.r.service.login.LoginController - No devices found!!!
2025-04-08 18:24:45 INFO  c.r.r.m.I.D.CanvasMainChange - multiple : 0.0 + 



2025-04-08 18:24:45 INFO  c.r.r.m.I.D.CanvasMainChange - multiple : 0.0 + 



2025-04-08 18:24:45 INFO  c.r.r.m.I.D.CanvasMainChange - multiple : 0.0 + 



2025-04-08 18:24:45 INFO  c.r.r.m.I.D.CanvasMainChange - multiple : 0.0 + 



2025-04-08 18:24:47 INFO  c.r.r.service.study.StudyService - Image received
2025-04-08 18:24:49 INFO  c.r.r.service.study.StudyService - Mat is not empty
2025-04-08 18:24:49 INFO  c.r.r.m.I.D.CanvasMainChange - multiple : 1.0 + 



2025-04-08 18:24:49 INFO  c.r.r.m.I.D.CanvasMainChange - multiple : 1.0 + 



2025-04-08 18:24:49 INFO  c.r.r.m.I.D.CanvasMainChange - multiple : 1.0 + 



2025-04-08 18:24:49 INFO  c.r.r.m.I.D.CanvasMainChange - multiple : 1.0 + 



2025-04-08 18:24:49 INFO  c.r.r.m.I.D.CanvasMainChange - multiple : 1.0 + 



2025-04-08 18:24:49 INFO  c.r.r.m.I.D.CanvasMainChange - multiple : 1.0 + 



2025-04-08 18:24:49 INFO  c.r.r.m.I.D.CanvasMainChange - multiple : 1.0 + 



2025-04-08 18:24:49 INFO  c.r.r.m.I.D.MainDrawTool - ImagingParams is null
2025-04-08 18:24:53 INFO  c.r.r.m.I.D.CanvasMainChange - multiple : 1.0 + 



2025-04-08 18:24:54 INFO  c.r.r.m.I.D.CanvasMainChange - multiple : 1.0 + 



2025-04-08 18:24:54 INFO  c.r.r.m.I.D.CanvasMainChange - multiple : 1.0 + 



2025-04-08 18:24:55 INFO  c.r.r.m.I.D.CanvasMainChange - multiple : 1.0 + 



2025-04-08 18:24:55 INFO  c.r.r.m.I.D.CanvasMainChange - multiple : 1.0 + 



2025-04-08 18:24:56 INFO  c.r.r.m.I.D.CanvasMainChange - multiple : 1.0 + 



2025-04-08 18:24:56 INFO  c.r.r.m.I.D.CanvasMainChange - multiple : 1.0 + 



2025-04-08 18:24:56 INFO  c.r.r.m.I.D.CanvasMainChange - multiple : 1.0 + 



2025-04-08 18:24:57 INFO  c.r.r.m.I.D.CanvasMainChange - multiple : 1.0 + 



2025-04-08 18:24:57 INFO  c.r.r.m.I.D.CanvasMainChange - multiple : 1.0 + 



2025-04-08 18:24:57 INFO  c.r.r.m.I.D.CanvasMainChange - multiple : 1.0 + 



2025-04-08 18:24:57 INFO  c.r.r.m.I.D.CanvasMainChange - multiple : 1.0 + 



2025-04-08 18:24:57 INFO  c.r.r.m.I.D.CanvasMainChange - multiple : 1.0 + 



2025-04-08 18:24:57 INFO  c.r.r.m.I.D.CanvasMainChange - multiple : 1.0 + 



2025-04-08 18:24:57 INFO  c.r.r.m.I.D.CanvasMainChange - multiple : 1.0 + 



2025-04-08 18:24:57 INFO  c.r.r.m.I.D.CanvasMainChange - multiple : 1.0 + 



2025-04-08 18:24:57 INFO  c.r.r.m.I.D.CanvasMainChange - multiple : 1.0 + 



2025-04-08 18:24:57 INFO  c.r.r.m.I.D.CanvasMainChange - multiple : 1.0 + 



2025-04-08 18:24:57 INFO  c.r.r.m.I.D.CanvasMainChange - multiple : 1.0 + 



2025-04-08 18:24:58 INFO  c.r.r.m.I.D.CanvasMainChange - multiple : 1.0 + 



2025-04-08 18:24:58 INFO  c.r.r.m.I.D.CanvasMainChange - multiple : 1.0 + 



2025-04-08 18:24:58 INFO  c.r.r.m.I.D.CanvasMainChange - multiple : 1.0 + 



2025-04-08 18:24:58 INFO  c.r.r.m.I.D.CanvasMainChange - multiple : 1.0 + 



2025-04-08 18:24:58 INFO  c.r.r.m.I.D.CanvasMainChange - multiple : 1.0 + 



2025-04-08 18:24:58 INFO  c.r.r.m.I.D.CanvasMainChange - multiple : 1.0 + 



2025-04-08 18:24:58 INFO  c.r.r.m.I.D.CanvasMainChange - multiple : 1.0 + 



2025-04-08 18:24:58 INFO  c.r.r.m.I.D.CanvasMainChange - multiple : 1.0 + 



2025-04-08 18:24:58 INFO  c.r.r.m.I.D.CanvasMainChange - multiple : 1.0 + 



2025-04-08 18:24:58 INFO  c.r.r.m.I.D.CanvasMainChange - multiple : 1.0 + 



2025-04-08 18:24:58 INFO  c.r.r.m.I.D.CanvasMainChange - multiple : 1.0 + 



2025-04-08 18:24:58 INFO  c.r.r.m.I.D.CanvasMainChange - multiple : 1.0 + 



2025-04-08 18:24:58 INFO  c.r.r.m.I.D.CanvasMainChange - multiple : 1.0 + 



2025-04-08 18:24:58 INFO  c.r.r.m.I.D.CanvasMainChange - multiple : 1.0 + 



2025-04-08 18:24:58 INFO  c.r.r.m.I.D.CanvasMainChange - multiple : 1.0 + 



2025-04-08 18:24:58 INFO  c.r.r.m.I.D.CanvasMainChange - multiple : 1.0 + 



2025-04-08 18:24:58 INFO  c.r.r.m.I.D.CanvasMainChange - multiple : 1.0 + 



2025-04-08 18:24:58 INFO  c.r.r.m.I.D.CanvasMainChange - multiple : 1.0 + 



2025-04-08 18:24:58 INFO  c.r.r.m.I.D.CanvasMainChange - multiple : 1.0 + 



2025-04-08 18:24:58 INFO  c.r.r.m.I.D.CanvasMainChange - multiple : 1.0 + 



2025-04-08 18:24:58 INFO  c.r.r.m.I.D.CanvasMainChange - multiple : 1.0 + 



2025-04-08 18:24:58 INFO  c.r.r.m.I.D.CanvasMainChange - multiple : 1.0 + 



2025-04-08 18:24:58 INFO  c.r.r.m.I.D.CanvasMainChange - multiple : 1.0 + 



2025-04-08 18:24:58 INFO  c.r.r.m.I.D.CanvasMainChange - multiple : 1.0 + 



2025-04-08 18:24:58 INFO  c.r.r.m.I.D.CanvasMainChange - multiple : 1.0 + 



2025-04-08 18:24:58 INFO  c.r.r.m.I.D.CanvasMainChange - multiple : 1.0 + 



2025-04-08 18:24:58 INFO  c.r.r.m.I.D.CanvasMainChange - multiple : 1.0 + 



2025-04-08 18:24:58 INFO  c.r.r.m.I.D.CanvasMainChange - multiple : 1.0 + 



2025-04-08 18:24:58 INFO  c.r.r.m.I.D.CanvasMainChange - multiple : 1.0 + 



2025-04-08 18:24:58 INFO  c.r.r.m.I.D.CanvasMainChange - multiple : 1.0 + 



2025-04-08 18:24:58 INFO  c.r.r.m.I.D.CanvasMainChange - multiple : 1.0 + 



2025-04-08 18:24:58 INFO  c.r.r.m.I.D.CanvasMainChange - multiple : 1.0 + 



2025-04-08 18:24:58 INFO  c.r.r.m.I.D.CanvasMainChange - multiple : 1.0 + 



2025-04-08 18:24:58 INFO  c.r.r.m.I.D.CanvasMainChange - multiple : 1.0 + 



2025-04-08 18:24:58 INFO  c.r.r.m.I.D.CanvasMainChange - multiple : 1.0 + 



2025-04-08 18:24:58 INFO  c.r.r.m.I.D.CanvasMainChange - multiple : 1.0 + 



2025-04-08 18:24:58 INFO  c.r.r.m.I.D.CanvasMainChange - multiple : 1.0 + 



2025-04-08 18:24:58 INFO  c.r.r.m.I.D.CanvasMainChange - multiple : 1.0 + 



2025-04-08 18:24:58 INFO  c.r.r.m.I.D.CanvasMainChange - multiple : 1.0 + 



2025-04-08 18:24:58 INFO  c.r.r.m.I.D.CanvasMainChange - multiple : 1.0 + 



2025-04-08 18:24:58 INFO  c.r.r.m.I.D.CanvasMainChange - multiple : 1.0 + 



2025-04-08 18:24:58 INFO  c.r.r.m.I.D.CanvasMainChange - multiple : 1.0 + 



2025-04-08 18:24:58 INFO  c.r.r.m.I.D.CanvasMainChange - multiple : 1.0 + 



2025-04-08 18:24:58 INFO  c.r.r.m.I.D.CanvasMainChange - multiple : 1.0 + 



2025-04-08 18:24:58 INFO  c.r.r.m.I.D.CanvasMainChange - multiple : 1.0 + 



2025-04-08 18:24:58 INFO  c.r.r.m.I.D.CanvasMainChange - multiple : 1.0 + 



