2025-04-08 18:04:56 INFO  c.r.rxviewui.controller.LoginPage - logged In
2025-04-08 18:04:56 INFO  c.r.r.service.login.LoginController - ip mismatched 192.168.31.178 and 192.168.12.10
2025-04-08 18:04:56 INFO  c.r.r.service.login.LoginController - IP not found
2025-04-08 18:04:56 INFO  c.r.r.service.login.LoginController - initialized
2025-04-08 18:05:00 INFO  c.r.r.service.login.LoginController - No devices found!!!
2025-04-08 18:05:00 INFO  c.r.r.m.I.D.CanvasMainChange - multiple : 0.0 + 



2025-04-08 18:05:00 INFO  c.r.r.m.I.D.CanvasMainChange - multiple : 0.0 + 



2025-04-08 18:05:00 INFO  c.r.r.m.I.D.CanvasMainChange - multiple : 0.0 + 



2025-04-08 18:05:00 INFO  c.r.r.m.I.D.CanvasMainChange - multiple : 0.0 + 



2025-04-08 18:05:02 INFO  c.r.r.service.study.StudyService - Image received
2025-04-08 18:05:04 INFO  c.r.r.service.study.StudyService - Mat is not empty
2025-04-08 18:05:04 INFO  c.r.r.m.I.D.CanvasMainChange - multiple : 1.0 + 



2025-04-08 18:05:04 INFO  c.r.r.m.I.D.CanvasMainChange - multiple : 1.0 + 



2025-04-08 18:05:04 INFO  c.r.r.m.I.D.CanvasMainChange - multiple : 1.0 + 



2025-04-08 18:05:04 INFO  c.r.r.m.I.D.CanvasMainChange - multiple : 1.0 + 



2025-04-08 18:05:04 INFO  c.r.r.m.I.D.CanvasMainChange - multiple : 1.0 + 



2025-04-08 18:05:04 INFO  c.r.r.m.I.D.CanvasMainChange - multiple : 1.0 + 



2025-04-08 18:05:04 INFO  c.r.r.m.I.D.CanvasMainChange - multiple : 1.0 + 



2025-04-08 18:05:04 INFO  c.r.r.m.I.D.MainDrawTool - ImagingParams is null
2025-04-08 18:05:05 INFO  c.r.r.m.I.D.CanvasMainChange - multiple : 1.0 + 



2025-04-08 18:05:06 INFO  c.r.r.m.I.D.CanvasMainChange - multiple : 1.0 + 



2025-04-08 18:05:06 INFO  c.r.r.m.I.D.CanvasMainChange - multiple : 1.0 + 



2025-04-08 18:05:07 INFO  c.r.r.m.I.D.CanvasMainChange - multiple : 1.0 + 



2025-04-08 18:05:10 INFO  c.r.r.m.I.D.CanvasMainChange - multiple : 1.0 + 



2025-04-08 18:05:10 INFO  c.r.r.m.I.D.CanvasMainChange - multiple : 1.0 + 



2025-04-08 18:05:10 INFO  c.r.r.m.I.D.CanvasMainChange - multiple : 1.0 + 



2025-04-08 18:05:10 INFO  c.r.r.m.I.D.CanvasMainChange - multiple : 1.0 + 



2025-04-08 18:05:10 INFO  c.r.r.m.I.D.CanvasMainChange - multiple : 1.0 + 



2025-04-08 18:05:10 INFO  c.r.r.m.I.D.CanvasMainChange - multiple : 1.0 + 



2025-04-08 18:05:10 INFO  c.r.r.m.I.D.CanvasMainChange - multiple : 1.0 + 



2025-04-08 18:05:10 INFO  c.r.r.m.I.D.CanvasMainChange - multiple : 1.0 + 



2025-04-08 18:05:10 INFO  c.r.r.m.I.D.CanvasMainChange - multiple : 1.0 + 



2025-04-08 18:05:10 INFO  c.r.r.m.I.D.CanvasMainChange - multiple : 1.0 + 



2025-04-08 18:05:10 INFO  c.r.r.m.I.D.CanvasMainChange - multiple : 1.0 + 



2025-04-08 18:05:10 INFO  c.r.r.m.I.D.CanvasMainChange - multiple : 1.0 + 



2025-04-08 18:05:10 INFO  c.r.r.m.I.D.CanvasMainChange - multiple : 1.0 + 



2025-04-08 18:05:10 INFO  c.r.r.m.I.D.CanvasMainChange - multiple : 1.0 + 



2025-04-08 18:05:10 INFO  c.r.r.m.I.D.CanvasMainChange - multiple : 1.0 + 



2025-04-08 18:05:11 INFO  c.r.r.m.I.D.CanvasMainChange - multiple : 1.0 + 



2025-04-08 18:05:11 INFO  c.r.r.m.I.D.CanvasMainChange - multiple : 1.0 + 



2025-04-08 18:05:11 INFO  c.r.r.m.I.D.CanvasMainChange - multiple : 1.0 + 



2025-04-08 18:05:11 INFO  c.r.r.m.I.D.CanvasMainChange - multiple : 1.0 + 



2025-04-08 18:05:11 INFO  c.r.r.m.I.D.CanvasMainChange - multiple : 1.0 + 



2025-04-08 18:05:11 INFO  c.r.r.m.I.D.CanvasMainChange - multiple : 1.0 + 



2025-04-08 18:05:11 INFO  c.r.r.m.I.D.CanvasMainChange - multiple : 1.0 + 



2025-04-08 18:05:11 INFO  c.r.r.m.I.D.CanvasMainChange - multiple : 1.0 + 



2025-04-08 18:05:11 INFO  c.r.r.m.I.D.CanvasMainChange - multiple : 1.0 + 



2025-04-08 18:05:11 INFO  c.r.r.m.I.D.CanvasMainChange - multiple : 1.0 + 



2025-04-08 18:05:11 INFO  c.r.r.m.I.D.CanvasMainChange - multiple : 1.0 + 



2025-04-08 18:05:11 INFO  c.r.r.m.I.D.CanvasMainChange - multiple : 1.0 + 



2025-04-08 18:05:11 INFO  c.r.r.m.I.D.CanvasMainChange - multiple : 1.0 + 



2025-04-08 18:05:11 INFO  c.r.r.m.I.D.CanvasMainChange - multiple : 1.0 + 



2025-04-08 18:05:11 INFO  c.r.r.m.I.D.CanvasMainChange - multiple : 1.0 + 



2025-04-08 18:05:11 INFO  c.r.r.m.I.D.CanvasMainChange - multiple : 1.0 + 



2025-04-08 18:05:11 INFO  c.r.r.m.I.D.CanvasMainChange - multiple : 1.0 + 



2025-04-08 18:05:11 INFO  c.r.r.m.I.D.CanvasMainChange - multiple : 1.0 + 



2025-04-08 18:05:11 INFO  c.r.r.m.I.D.CanvasMainChange - multiple : 1.0 + 



2025-04-08 18:05:11 INFO  c.r.r.m.I.D.CanvasMainChange - multiple : 1.0 + 



2025-04-08 18:05:11 INFO  c.r.r.m.I.D.CanvasMainChange - multiple : 1.0 + 



2025-04-08 18:05:11 INFO  c.r.r.m.I.D.CanvasMainChange - multiple : 1.0 + 



2025-04-08 18:05:11 INFO  c.r.r.m.I.D.CanvasMainChange - multiple : 1.0 + 



2025-04-08 18:05:11 INFO  c.r.r.m.I.D.CanvasMainChange - multiple : 1.0 + 



2025-04-08 18:05:11 INFO  c.r.r.m.I.D.CanvasMainChange - multiple : 1.0 + 



2025-04-08 18:05:11 INFO  c.r.r.m.I.D.CanvasMainChange - multiple : 1.0 + 



2025-04-08 18:05:11 INFO  c.r.r.m.I.D.CanvasMainChange - multiple : 1.0 + 



2025-04-08 18:05:11 INFO  c.r.r.m.I.D.CanvasMainChange - multiple : 1.0 + 



2025-04-08 18:05:11 INFO  c.r.r.m.I.D.CanvasMainChange - multiple : 1.0 + 



2025-04-08 18:05:11 INFO  c.r.r.m.I.D.CanvasMainChange - multiple : 1.0 + 



2025-04-08 18:05:11 INFO  c.r.r.m.I.D.CanvasMainChange - multiple : 1.0 + 



2025-04-08 18:05:11 INFO  c.r.r.m.I.D.CanvasMainChange - multiple : 1.0 + 



2025-04-08 18:05:11 INFO  c.r.r.m.I.D.CanvasMainChange - multiple : 1.0 + 



2025-04-08 18:05:11 INFO  c.r.r.m.I.D.CanvasMainChange - multiple : 1.0 + 



2025-04-08 18:05:11 INFO  c.r.r.m.I.D.CanvasMainChange - multiple : 1.0 + 



2025-04-08 18:05:11 INFO  c.r.r.m.I.D.CanvasMainChange - multiple : 1.0 + 



2025-04-08 18:05:11 INFO  c.r.r.m.I.D.CanvasMainChange - multiple : 1.0 + 



2025-04-08 18:05:11 INFO  c.r.r.m.I.D.CanvasMainChange - multiple : 1.0 + 



2025-04-08 18:05:11 INFO  c.r.r.m.I.D.CanvasMainChange - multiple : 1.0 + 



2025-04-08 18:05:11 INFO  c.r.r.m.I.D.CanvasMainChange - multiple : 1.0 + 



2025-04-08 18:05:11 INFO  c.r.r.m.I.D.CanvasMainChange - multiple : 1.0 + 



2025-04-08 18:05:11 INFO  c.r.r.m.I.D.CanvasMainChange - multiple : 1.0 + 



2025-04-08 18:05:12 INFO  c.r.r.m.I.D.CanvasMainChange - multiple : 1.0 + 



2025-04-08 18:05:12 INFO  c.r.r.m.I.D.CanvasMainChange - multiple : 1.0 + 



2025-04-08 18:05:24 INFO  c.r.r.m.I.D.CanvasMainChange - multiple : 1.0 + 



2025-04-08 18:05:25 INFO  c.r.r.m.I.D.CanvasMainChange - multiple : 1.0 + 



2025-04-08 18:05:25 INFO  c.r.r.m.I.D.CanvasMainChange - multiple : 1.0 + 



2025-04-08 18:05:25 INFO  c.r.r.m.I.D.CanvasMainChange - multiple : 1.0 + 



2025-04-08 18:05:25 INFO  c.r.r.m.I.D.CanvasMainChange - multiple : 1.0 + 



2025-04-08 18:05:25 INFO  c.r.r.m.I.D.CanvasMainChange - multiple : 1.0 + 



2025-04-08 18:05:25 INFO  c.r.r.m.I.D.CanvasMainChange - multiple : 1.0 + 



2025-04-08 18:05:25 INFO  c.r.r.m.I.D.CanvasMainChange - multiple : 1.0 + 



2025-04-08 18:05:25 INFO  c.r.r.m.I.D.CanvasMainChange - multiple : 1.0 + 



2025-04-08 18:05:25 INFO  c.r.r.m.I.D.CanvasMainChange - multiple : 1.0 + 



2025-04-08 18:05:25 INFO  c.r.r.m.I.D.CanvasMainChange - multiple : 1.0 + 



2025-04-08 18:05:25 INFO  c.r.r.m.I.D.CanvasMainChange - multiple : 1.0 + 



2025-04-08 18:05:25 INFO  c.r.r.m.I.D.CanvasMainChange - multiple : 1.0 + 



2025-04-08 18:05:25 INFO  c.r.r.m.I.D.CanvasMainChange - multiple : 1.0 + 



2025-04-08 18:05:25 INFO  c.r.r.m.I.D.CanvasMainChange - multiple : 1.0 + 



2025-04-08 18:05:25 INFO  c.r.r.m.I.D.CanvasMainChange - multiple : 1.0 + 



2025-04-08 18:05:25 INFO  c.r.r.m.I.D.CanvasMainChange - multiple : 1.0 + 



2025-04-08 18:05:25 INFO  c.r.r.m.I.D.CanvasMainChange - multiple : 1.0 + 



2025-04-08 18:05:25 INFO  c.r.r.m.I.D.CanvasMainChange - multiple : 1.0 + 



2025-04-08 18:05:25 INFO  c.r.r.m.I.D.CanvasMainChange - multiple : 1.0 + 



2025-04-08 18:05:25 INFO  c.r.r.m.I.D.CanvasMainChange - multiple : 1.0 + 



2025-04-08 18:05:25 INFO  c.r.r.m.I.D.CanvasMainChange - multiple : 1.0 + 



2025-04-08 18:05:25 INFO  c.r.r.m.I.D.CanvasMainChange - multiple : 1.0 + 



2025-04-08 18:05:25 INFO  c.r.r.m.I.D.CanvasMainChange - multiple : 1.0 + 



2025-04-08 18:05:25 INFO  c.r.r.m.I.D.CanvasMainChange - multiple : 1.0 + 



2025-04-08 18:05:25 INFO  c.r.r.m.I.D.CanvasMainChange - multiple : 1.0 + 



2025-04-08 18:05:25 INFO  c.r.r.m.I.D.CanvasMainChange - multiple : 1.0 + 



2025-04-08 18:05:25 INFO  c.r.r.m.I.D.CanvasMainChange - multiple : 1.0 + 



2025-04-08 18:05:25 INFO  c.r.r.m.I.D.CanvasMainChange - multiple : 1.0 + 



2025-04-08 18:05:25 INFO  c.r.r.m.I.D.CanvasMainChange - multiple : 1.0 + 



2025-04-08 18:05:25 INFO  c.r.r.m.I.D.CanvasMainChange - multiple : 1.0 + 



2025-04-08 18:05:25 INFO  c.r.r.m.I.D.CanvasMainChange - multiple : 1.0 + 



2025-04-08 18:05:25 INFO  c.r.r.m.I.D.CanvasMainChange - multiple : 1.0 + 



2025-04-08 18:05:25 INFO  c.r.r.m.I.D.CanvasMainChange - multiple : 1.0 + 



2025-04-08 18:05:25 INFO  c.r.r.m.I.D.CanvasMainChange - multiple : 1.0 + 



2025-04-08 18:05:25 INFO  c.r.r.m.I.D.CanvasMainChange - multiple : 1.0 + 



2025-04-08 18:05:25 INFO  c.r.r.m.I.D.CanvasMainChange - multiple : 1.0 + 



2025-04-08 18:05:25 INFO  c.r.r.m.I.D.CanvasMainChange - multiple : 1.0 + 



2025-04-08 18:05:25 INFO  c.r.r.m.I.D.CanvasMainChange - multiple : 1.0 + 



2025-04-08 18:05:25 INFO  c.r.r.m.I.D.CanvasMainChange - multiple : 1.0 + 



2025-04-08 18:05:26 INFO  c.r.r.m.I.D.CanvasMainChange - multiple : 1.0 + 



2025-04-08 18:05:26 INFO  c.r.r.m.I.D.CanvasMainChange - multiple : 1.0 + 



2025-04-08 18:05:26 INFO  c.r.r.m.I.D.CanvasMainChange - multiple : 1.0 + 



2025-04-08 18:05:26 INFO  c.r.r.m.I.D.CanvasMainChange - multiple : 1.0 + 



2025-04-08 18:05:26 INFO  c.r.r.m.I.D.CanvasMainChange - multiple : 1.0 + 



2025-04-08 18:05:26 INFO  c.r.r.m.I.D.CanvasMainChange - multiple : 1.0 + 



2025-04-08 18:05:26 INFO  c.r.r.m.I.D.CanvasMainChange - multiple : 1.0 + 



2025-04-08 18:05:26 INFO  c.r.r.m.I.D.CanvasMainChange - multiple : 1.0 + 



2025-04-08 18:05:26 INFO  c.r.r.m.I.D.CanvasMainChange - multiple : 1.0 + 



2025-04-08 18:05:26 INFO  c.r.r.m.I.D.CanvasMainChange - multiple : 1.0 + 



2025-04-08 18:05:26 INFO  c.r.r.m.I.D.CanvasMainChange - multiple : 1.0 + 



2025-04-08 18:05:26 INFO  c.r.r.m.I.D.CanvasMainChange - multiple : 1.0 + 



2025-04-08 18:05:26 INFO  c.r.r.m.I.D.CanvasMainChange - multiple : 1.0 + 



2025-04-08 18:05:26 INFO  c.r.r.m.I.D.CanvasMainChange - multiple : 1.0 + 



2025-04-08 18:05:26 INFO  c.r.r.m.I.D.CanvasMainChange - multiple : 1.0 + 



2025-04-08 18:05:26 INFO  c.r.r.m.I.D.CanvasMainChange - multiple : 1.0 + 



2025-04-08 18:05:26 INFO  c.r.r.m.I.D.CanvasMainChange - multiple : 1.0 + 



2025-04-08 18:05:26 INFO  c.r.r.m.I.D.CanvasMainChange - multiple : 1.0 + 



2025-04-08 18:05:26 INFO  c.r.r.m.I.D.CanvasMainChange - multiple : 1.0 + 



2025-04-08 18:05:26 INFO  c.r.r.m.I.D.CanvasMainChange - multiple : 1.0 + 



2025-04-08 18:05:26 INFO  c.r.r.m.I.D.CanvasMainChange - multiple : 1.0 + 



2025-04-08 18:05:26 INFO  c.r.r.m.I.D.CanvasMainChange - multiple : 1.0 + 



2025-04-08 18:05:26 INFO  c.r.r.m.I.D.CanvasMainChange - multiple : 1.0 + 



2025-04-08 18:05:26 INFO  c.r.r.m.I.D.CanvasMainChange - multiple : 1.0 + 



2025-04-08 18:05:26 INFO  c.r.r.m.I.D.CanvasMainChange - multiple : 1.0 + 



2025-04-08 18:05:26 INFO  c.r.r.m.I.D.CanvasMainChange - multiple : 1.0 + 



2025-04-08 18:05:26 INFO  c.r.r.m.I.D.CanvasMainChange - multiple : 1.0 + 



2025-04-08 18:05:26 INFO  c.r.r.m.I.D.CanvasMainChange - multiple : 1.0 + 



2025-04-08 18:05:26 INFO  c.r.r.m.I.D.CanvasMainChange - multiple : 1.0 + 



2025-04-08 18:05:26 INFO  c.r.r.m.I.D.CanvasMainChange - multiple : 1.0 + 



2025-04-08 18:05:26 INFO  c.r.r.m.I.D.CanvasMainChange - multiple : 1.0 + 



2025-04-08 18:05:26 INFO  c.r.r.m.I.D.CanvasMainChange - multiple : 1.0 + 



2025-04-08 18:05:26 INFO  c.r.r.m.I.D.CanvasMainChange - multiple : 1.0 + 



2025-04-08 18:05:26 INFO  c.r.r.m.I.D.CanvasMainChange - multiple : 1.0 + 



2025-04-08 18:05:26 INFO  c.r.r.m.I.D.CanvasMainChange - multiple : 1.0 + 



2025-04-08 18:05:26 INFO  c.r.r.m.I.D.CanvasMainChange - multiple : 1.0 + 



2025-04-08 18:05:26 INFO  c.r.r.m.I.D.CanvasMainChange - multiple : 1.0 + 



2025-04-08 18:05:26 INFO  c.r.r.m.I.D.CanvasMainChange - multiple : 1.0 + 



2025-04-08 18:05:26 INFO  c.r.r.m.I.D.CanvasMainChange - multiple : 1.0 + 



2025-04-08 18:05:28 INFO  c.r.r.m.I.D.CanvasMainChange - multiple : 1.0 + 



2025-04-08 18:05:28 INFO  c.r.r.m.I.D.CanvasMainChange - multiple : 1.0 + 



2025-04-08 18:05:44 INFO  c.r.r.m.I.D.CanvasMainChange - multiple : 1.0 + 



2025-04-08 18:05:45 INFO  c.r.r.m.I.D.CanvasMainChange - multiple : 1.0 + 



2025-04-08 18:05:45 INFO  c.r.r.m.I.D.CanvasMainChange - multiple : 1.0 + 



2025-04-08 18:05:45 INFO  c.r.r.m.I.D.CanvasMainChange - multiple : 1.0 + 



2025-04-08 18:05:45 INFO  c.r.r.m.I.D.CanvasMainChange - multiple : 1.0 + 



2025-04-08 18:05:45 INFO  c.r.r.m.I.D.CanvasMainChange - multiple : 1.0 + 



2025-04-08 18:05:45 INFO  c.r.r.m.I.D.CanvasMainChange - multiple : 1.0 + 



2025-04-08 18:05:45 INFO  c.r.r.m.I.D.CanvasMainChange - multiple : 1.0 + 



2025-04-08 18:05:45 INFO  c.r.r.m.I.D.CanvasMainChange - multiple : 1.0 + 



2025-04-08 18:05:45 INFO  c.r.r.m.I.D.CanvasMainChange - multiple : 1.0 + 



2025-04-08 18:05:45 INFO  c.r.r.m.I.D.CanvasMainChange - multiple : 1.0 + 



2025-04-08 18:05:45 INFO  c.r.r.m.I.D.CanvasMainChange - multiple : 1.0 + 



2025-04-08 18:05:45 INFO  c.r.r.m.I.D.CanvasMainChange - multiple : 1.0 + 



2025-04-08 18:05:45 INFO  c.r.r.m.I.D.CanvasMainChange - multiple : 1.0 + 



2025-04-08 18:05:45 INFO  c.r.r.m.I.D.CanvasMainChange - multiple : 1.0 + 



2025-04-08 18:05:45 INFO  c.r.r.m.I.D.CanvasMainChange - multiple : 1.0 + 



2025-04-08 18:05:45 INFO  c.r.r.m.I.D.CanvasMainChange - multiple : 1.0 + 



2025-04-08 18:05:45 INFO  c.r.r.m.I.D.CanvasMainChange - multiple : 1.0 + 



2025-04-08 18:05:45 INFO  c.r.r.m.I.D.CanvasMainChange - multiple : 1.0 + 



2025-04-08 18:05:45 INFO  c.r.r.m.I.D.CanvasMainChange - multiple : 1.0 + 



2025-04-08 18:05:45 INFO  c.r.r.m.I.D.CanvasMainChange - multiple : 1.0 + 



2025-04-08 18:05:45 INFO  c.r.r.m.I.D.CanvasMainChange - multiple : 1.0 + 



2025-04-08 18:05:45 INFO  c.r.r.m.I.D.CanvasMainChange - multiple : 1.0 + 



2025-04-08 18:05:45 INFO  c.r.r.m.I.D.CanvasMainChange - multiple : 1.0 + 



2025-04-08 18:05:45 INFO  c.r.r.m.I.D.CanvasMainChange - multiple : 1.0 + 



2025-04-08 18:05:45 INFO  c.r.r.m.I.D.CanvasMainChange - multiple : 1.0 + 



2025-04-08 18:05:45 INFO  c.r.r.m.I.D.CanvasMainChange - multiple : 1.0 + 



2025-04-08 18:05:45 INFO  c.r.r.m.I.D.CanvasMainChange - multiple : 1.0 + 



2025-04-08 18:05:45 INFO  c.r.r.m.I.D.CanvasMainChange - multiple : 1.0 + 



2025-04-08 18:05:45 INFO  c.r.r.m.I.D.CanvasMainChange - multiple : 1.0 + 



2025-04-08 18:05:45 INFO  c.r.r.m.I.D.CanvasMainChange - multiple : 1.0 + 



2025-04-08 18:05:45 INFO  c.r.r.m.I.D.CanvasMainChange - multiple : 1.0 + 



2025-04-08 18:05:45 INFO  c.r.r.m.I.D.CanvasMainChange - multiple : 1.0 + 



2025-04-08 18:05:45 INFO  c.r.r.m.I.D.CanvasMainChange - multiple : 1.0 + 



2025-04-08 18:05:45 INFO  c.r.r.m.I.D.CanvasMainChange - multiple : 1.0 + 



2025-04-08 18:05:45 INFO  c.r.r.m.I.D.CanvasMainChange - multiple : 1.0 + 



2025-04-08 18:05:45 INFO  c.r.r.m.I.D.CanvasMainChange - multiple : 1.0 + 



2025-04-08 18:05:45 INFO  c.r.r.m.I.D.CanvasMainChange - multiple : 1.0 + 



2025-04-08 18:05:45 INFO  c.r.r.m.I.D.CanvasMainChange - multiple : 1.0 + 



2025-04-08 18:05:45 INFO  c.r.r.m.I.D.CanvasMainChange - multiple : 1.0 + 



2025-04-08 18:05:45 INFO  c.r.r.m.I.D.CanvasMainChange - multiple : 1.0 + 



2025-04-08 18:05:45 INFO  c.r.r.m.I.D.CanvasMainChange - multiple : 1.0 + 



2025-04-08 18:05:45 INFO  c.r.r.m.I.D.CanvasMainChange - multiple : 1.0 + 



2025-04-08 18:05:45 INFO  c.r.r.m.I.D.CanvasMainChange - multiple : 1.0 + 



2025-04-08 18:05:45 INFO  c.r.r.m.I.D.CanvasMainChange - multiple : 1.0 + 



2025-04-08 18:05:45 INFO  c.r.r.m.I.D.CanvasMainChange - multiple : 1.0 + 



2025-04-08 18:05:45 INFO  c.r.r.m.I.D.CanvasMainChange - multiple : 1.0 + 



2025-04-08 18:05:45 INFO  c.r.r.m.I.D.CanvasMainChange - multiple : 1.0 + 



2025-04-08 18:05:45 INFO  c.r.r.m.I.D.CanvasMainChange - multiple : 1.0 + 



2025-04-08 18:05:45 INFO  c.r.r.m.I.D.CanvasMainChange - multiple : 1.0 + 



2025-04-08 18:05:45 INFO  c.r.r.m.I.D.CanvasMainChange - multiple : 1.0 + 



2025-04-08 18:05:45 INFO  c.r.r.m.I.D.CanvasMainChange - multiple : 1.0 + 



2025-04-08 18:05:45 INFO  c.r.r.m.I.D.CanvasMainChange - multiple : 1.0 + 



2025-04-08 18:05:45 INFO  c.r.r.m.I.D.CanvasMainChange - multiple : 1.0 + 



2025-04-08 18:05:45 INFO  c.r.r.m.I.D.CanvasMainChange - multiple : 1.0 + 



2025-04-08 18:05:45 INFO  c.r.r.m.I.D.CanvasMainChange - multiple : 1.0 + 



2025-04-08 18:05:45 INFO  c.r.r.m.I.D.CanvasMainChange - multiple : 1.0 + 



2025-04-08 18:05:45 INFO  c.r.r.m.I.D.CanvasMainChange - multiple : 1.0 + 



2025-04-08 18:06:50 INFO  c.r.r.m.I.D.CanvasMainChange - multiple : 1.0 + 



2025-04-08 18:06:50 INFO  c.r.r.m.I.D.CanvasMainChange - multiple : 1.0 + 



2025-04-08 18:07:05 INFO  c.r.r.m.I.D.CanvasMainChange - multiple : 1.0 + 



2025-04-08 18:07:06 INFO  c.r.r.m.I.D.CanvasMainChange - multiple : 1.0 + 



2025-04-08 18:07:07 INFO  c.r.r.m.I.D.CanvasMainChange - multiple : 1.0 + 



2025-04-08 18:07:07 INFO  c.r.r.m.I.D.CanvasMainChange - multiple : 1.0 + 



2025-04-08 18:07:07 INFO  c.r.r.m.I.D.CanvasMainChange - multiple : 1.0 + 



2025-04-08 18:07:07 INFO  c.r.r.m.I.D.CanvasMainChange - multiple : 1.0 + 



2025-04-08 18:07:07 INFO  c.r.r.m.I.D.CanvasMainChange - multiple : 1.0 + 



2025-04-08 18:07:07 INFO  c.r.r.m.I.D.CanvasMainChange - multiple : 1.0 + 



2025-04-08 18:07:11 INFO  c.r.r.m.I.D.CanvasMainChange - multiple : 1.0 + 



2025-04-08 18:07:11 INFO  c.r.r.m.I.D.CanvasMainChange - multiple : 1.0 + 



2025-04-08 18:07:11 INFO  c.r.r.m.I.D.CanvasMainChange - multiple : 1.0 + 



2025-04-08 18:07:11 INFO  c.r.r.m.I.D.CanvasMainChange - multiple : 1.0 + 



2025-04-08 18:07:11 INFO  c.r.r.m.I.D.CanvasMainChange - multiple : 1.0 + 



2025-04-08 18:07:11 INFO  c.r.r.m.I.D.CanvasMainChange - multiple : 1.0 + 



2025-04-08 18:07:11 INFO  c.r.r.m.I.D.CanvasMainChange - multiple : 1.0 + 



2025-04-08 18:07:11 INFO  c.r.r.m.I.D.CanvasMainChange - multiple : 1.0 + 



2025-04-08 18:07:11 INFO  c.r.r.m.I.D.CanvasMainChange - multiple : 1.0 + 



2025-04-08 18:07:11 INFO  c.r.r.m.I.D.CanvasMainChange - multiple : 1.0 + 



