2025-04-08 13:01:40 INFO  c.r.rxviewui.controller.LoginPage - logged In
2025-04-08 13:01:40 INFO  c.r.r.service.login.LoginController - ip mismatched 192.168.31.178 and 192.168.12.10
2025-04-08 13:01:40 INFO  c.r.r.service.login.LoginController - IP not found
2025-04-08 13:01:40 INFO  c.r.r.service.login.LoginController - initialized
2025-04-08 13:01:44 INFO  c.r.r.service.login.LoginController - No devices found!!!
2025-04-08 13:01:45 INFO  c.r.r.service.study.StudyService - Image received
2025-04-08 13:01:46 INFO  c.r.r.service.study.StudyService - Mat is not empty
2025-04-08 13:01:47 INFO  c.r.r.m.I.D.MainDrawTool - ImagingParams is null
2025-04-08 13:01:47 INFO  c.r.r.m.I.D.CropLayout - cropLayout cropRect : {0, 0, 838x1024}
2025-04-08 13:01:56 INFO  c.r.r.m.I.D.CropLayout - cropLayout cropRect : {0, 0, 838x1024}
2025-04-08 13:01:59 INFO  c.r.r.m.I.D.CropLayout - cropLayout cropRect : {0, 0, 838x1024}
2025-04-08 13:01:59 INFO  c.r.r.m.I.D.CropLayout - cropLayout cropRect : {10, 0, 827x1024}
2025-04-08 13:01:59 INFO  c.r.r.m.I.D.CropLayout - cropLayout cropRect : {71, 0, 766x1024}
2025-04-08 13:01:59 INFO  c.r.r.m.I.D.CropLayout - cropLayout cropRect : {113, 0, 724x1024}
2025-04-08 13:01:59 INFO  c.r.r.m.I.D.CropLayout - cropLayout cropRect : {133, 0, 704x1024}
2025-04-08 13:01:59 INFO  c.r.r.m.I.D.CropLayout - cropLayout cropRect : {138, 0, 699x1024}
2025-04-08 13:01:59 INFO  c.r.r.m.I.D.CropLayout - cropLayout cropRect : {143, 0, 694x1024}
2025-04-08 13:01:59 INFO  c.r.r.m.I.D.CropLayout - cropLayout cropRect : {145, 0, 692x1024}
2025-04-08 13:01:59 INFO  c.r.r.m.I.D.CropLayout - cropLayout cropRect : {149, 0, 688x1024}
2025-04-08 13:01:59 INFO  c.r.r.m.I.D.CropLayout - cropLayout cropRect : {154, 0, 683x1024}
2025-04-08 13:01:59 INFO  c.r.r.m.I.D.CropLayout - cropLayout cropRect : {163, 0, 674x1024}
2025-04-08 13:01:59 INFO  c.r.r.m.I.D.CropLayout - cropLayout cropRect : {167, 0, 670x1024}
2025-04-08 13:01:59 INFO  c.r.r.m.I.D.CropLayout - cropLayout cropRect : {191, 0, 646x1024}
2025-04-08 13:01:59 INFO  c.r.r.m.I.D.CropLayout - cropLayout cropRect : {198, 0, 639x1024}
2025-04-08 13:01:59 INFO  c.r.r.m.I.D.CropLayout - cropLayout cropRect : {215, 0, 622x1024}
2025-04-08 13:01:59 INFO  c.r.r.m.I.D.CropLayout - cropLayout cropRect : {218, 0, 619x1024}
2025-04-08 13:01:59 INFO  c.r.r.m.I.D.CropLayout - cropLayout cropRect : {221, 0, 616x1024}
2025-04-08 13:02:00 INFO  c.r.r.m.I.D.CanvasMainChange - Canvas cropRect : {221, 0, 616x1024}
2025-04-08 13:02:00 INFO  c.r.r.m.I.D.CanvasMainChange - Canvas cropRect : {221, 0, 616x1024}
2025-04-08 13:02:03 INFO  c.r.r.m.I.D.CanvasMainChange - Canvas cropRect : {221, 0, 616x1024}
2025-04-08 13:02:04 INFO  c.r.r.m.I.D.CropLayout - cropLayout cropRect : {0, 0, 838x1024}
2025-04-08 13:02:07 INFO  c.r.r.m.I.D.CropLayout - cropLayout cropRect : {0, 0, 834x1024}
2025-04-08 13:02:07 INFO  c.r.r.m.I.D.CropLayout - cropLayout cropRect : {0, 0, 826x1024}
2025-04-08 13:02:07 INFO  c.r.r.m.I.D.CropLayout - cropLayout cropRect : {0, 0, 817x1024}
2025-04-08 13:02:07 INFO  c.r.r.m.I.D.CropLayout - cropLayout cropRect : {0, 0, 812x1024}
2025-04-08 13:02:07 INFO  c.r.r.m.I.D.CropLayout - cropLayout cropRect : {0, 0, 785x1024}
2025-04-08 13:02:07 INFO  c.r.r.m.I.D.CropLayout - cropLayout cropRect : {0, 0, 732x1024}
2025-04-08 13:02:07 INFO  c.r.r.m.I.D.CropLayout - cropLayout cropRect : {0, 0, 714x1024}
2025-04-08 13:02:07 INFO  c.r.r.m.I.D.CropLayout - cropLayout cropRect : {0, 0, 711x1024}
2025-04-08 13:02:07 INFO  c.r.r.m.I.D.CropLayout - cropLayout cropRect : {0, 0, 709x1024}
2025-04-08 13:02:07 INFO  c.r.r.m.I.D.CropLayout - cropLayout cropRect : {0, 0, 706x1024}
2025-04-08 13:02:07 INFO  c.r.r.m.I.D.CropLayout - cropLayout cropRect : {0, 0, 704x1024}
2025-04-08 13:02:07 INFO  c.r.r.m.I.D.CropLayout - cropLayout cropRect : {0, 0, 700x1024}
2025-04-08 13:02:09 INFO  c.r.r.m.I.D.CanvasMainChange - Canvas cropRect : {0, 0, 700x1024}
2025-04-08 13:02:09 INFO  c.r.r.m.I.D.CanvasMainChange - Canvas cropRect : {0, 0, 700x1024}
2025-04-08 13:02:10 INFO  c.r.r.m.I.D.CanvasMainChange - Canvas cropRect : {0, 0, 700x1024}
2025-04-08 13:02:10 INFO  c.r.r.m.I.D.CropLayout - cropLayout cropRect : {0, 0, 838x1024}
2025-04-08 13:02:13 INFO  c.r.r.m.I.D.CropLayout - cropLayout cropRect : {0, 0, 838x1021}
2025-04-08 13:02:13 INFO  c.r.r.m.I.D.CropLayout - cropLayout cropRect : {0, 0, 838x1018}
2025-04-08 13:02:13 INFO  c.r.r.m.I.D.CropLayout - cropLayout cropRect : {0, 0, 838x1013}
2025-04-08 13:02:13 INFO  c.r.r.m.I.D.CropLayout - cropLayout cropRect : {0, 0, 838x1007}
2025-04-08 13:02:13 INFO  c.r.r.m.I.D.CropLayout - cropLayout cropRect : {0, 0, 838x1002}
2025-04-08 13:02:13 INFO  c.r.r.m.I.D.CropLayout - cropLayout cropRect : {0, 0, 838x993}
2025-04-08 13:02:13 INFO  c.r.r.m.I.D.CropLayout - cropLayout cropRect : {0, 0, 838x988}
2025-04-08 13:02:13 INFO  c.r.r.m.I.D.CropLayout - cropLayout cropRect : {0, 0, 838x974}
2025-04-08 13:02:13 INFO  c.r.r.m.I.D.CropLayout - cropLayout cropRect : {0, 0, 838x961}
2025-04-08 13:02:13 INFO  c.r.r.m.I.D.CropLayout - cropLayout cropRect : {0, 0, 838x946}
2025-04-08 13:02:13 INFO  c.r.r.m.I.D.CropLayout - cropLayout cropRect : {0, 0, 838x940}
2025-04-08 13:02:13 INFO  c.r.r.m.I.D.CropLayout - cropLayout cropRect : {0, 0, 838x912}
2025-04-08 13:02:13 INFO  c.r.r.m.I.D.CropLayout - cropLayout cropRect : {0, 0, 838x898}
2025-04-08 13:02:13 INFO  c.r.r.m.I.D.CropLayout - cropLayout cropRect : {0, 0, 838x869}
2025-04-08 13:02:13 INFO  c.r.r.m.I.D.CropLayout - cropLayout cropRect : {0, 0, 838x845}
2025-04-08 13:02:13 INFO  c.r.r.m.I.D.CropLayout - cropLayout cropRect : {0, 0, 838x813}
2025-04-08 13:02:13 INFO  c.r.r.m.I.D.CropLayout - cropLayout cropRect : {0, 0, 838x805}
2025-04-08 13:02:13 INFO  c.r.r.m.I.D.CropLayout - cropLayout cropRect : {0, 0, 838x787}
2025-04-08 13:02:13 INFO  c.r.r.m.I.D.CropLayout - cropLayout cropRect : {0, 0, 838x777}
2025-04-08 13:02:13 INFO  c.r.r.m.I.D.CropLayout - cropLayout cropRect : {0, 0, 838x761}
2025-04-08 13:02:13 INFO  c.r.r.m.I.D.CropLayout - cropLayout cropRect : {0, 0, 838x759}
2025-04-08 13:02:13 INFO  c.r.r.m.I.D.CropLayout - cropLayout cropRect : {0, 0, 838x756}
2025-04-08 13:02:13 INFO  c.r.r.m.I.D.CropLayout - cropLayout cropRect : {0, 0, 838x750}
2025-04-08 13:02:13 INFO  c.r.r.m.I.D.CropLayout - cropLayout cropRect : {0, 0, 838x747}
2025-04-08 13:02:13 INFO  c.r.r.m.I.D.CropLayout - cropLayout cropRect : {0, 0, 838x741}
2025-04-08 13:02:13 INFO  c.r.r.m.I.D.CropLayout - cropLayout cropRect : {0, 0, 838x739}
2025-04-08 13:02:13 INFO  c.r.r.m.I.D.CropLayout - cropLayout cropRect : {0, 0, 838x728}
2025-04-08 13:02:13 INFO  c.r.r.m.I.D.CropLayout - cropLayout cropRect : {0, 0, 838x722}
2025-04-08 13:02:13 INFO  c.r.r.m.I.D.CropLayout - cropLayout cropRect : {0, 0, 838x713}
2025-04-08 13:02:13 INFO  c.r.r.m.I.D.CropLayout - cropLayout cropRect : {0, 0, 838x708}
2025-04-08 13:02:13 INFO  c.r.r.m.I.D.CropLayout - cropLayout cropRect : {0, 0, 838x702}
2025-04-08 13:02:13 INFO  c.r.r.m.I.D.CropLayout - cropLayout cropRect : {0, 0, 838x700}
2025-04-08 13:02:14 INFO  c.r.r.m.I.D.CanvasMainChange - Canvas cropRect : {0, 0, 838x700}
2025-04-08 13:02:14 INFO  c.r.r.m.I.D.CanvasMainChange - Canvas cropRect : {0, 0, 838x700}
2025-04-08 13:02:21 INFO  c.r.r.m.I.D.CanvasMainChange - Canvas cropRect : {0, 0, 838x700}
2025-04-08 13:02:21 INFO  c.r.r.m.I.D.CropLayout - cropLayout cropRect : {0, 0, 838x1024}
2025-04-08 13:02:23 INFO  c.r.r.m.I.D.CropLayout - cropLayout cropRect : {0, 3, 838x1020}
2025-04-08 13:02:23 INFO  c.r.r.m.I.D.CropLayout - cropLayout cropRect : {0, 13, 838x1010}
2025-04-08 13:02:23 INFO  c.r.r.m.I.D.CropLayout - cropLayout cropRect : {0, 17, 838x1006}
2025-04-08 13:02:23 INFO  c.r.r.m.I.D.CropLayout - cropLayout cropRect : {0, 31, 838x992}
2025-04-08 13:02:23 INFO  c.r.r.m.I.D.CropLayout - cropLayout cropRect : {0, 38, 838x985}
2025-04-08 13:02:23 INFO  c.r.r.m.I.D.CropLayout - cropLayout cropRect : {0, 47, 838x976}
2025-04-08 13:02:23 INFO  c.r.r.m.I.D.CropLayout - cropLayout cropRect : {0, 56, 838x967}
2025-04-08 13:02:23 INFO  c.r.r.m.I.D.CropLayout - cropLayout cropRect : {0, 62, 838x961}
2025-04-08 13:02:24 INFO  c.r.r.m.I.D.CropLayout - cropLayout cropRect : {0, 67, 838x956}
2025-04-08 13:02:24 INFO  c.r.r.m.I.D.CropLayout - cropLayout cropRect : {0, 70, 838x953}
2025-04-08 13:02:24 INFO  c.r.r.m.I.D.CropLayout - cropLayout cropRect : {0, 78, 838x945}
2025-04-08 13:02:24 INFO  c.r.r.m.I.D.CropLayout - cropLayout cropRect : {0, 81, 838x942}
2025-04-08 13:02:24 INFO  c.r.r.m.I.D.CropLayout - cropLayout cropRect : {0, 95, 838x928}
2025-04-08 13:02:24 INFO  c.r.r.m.I.D.CropLayout - cropLayout cropRect : {0, 100, 838x923}
2025-04-08 13:02:24 INFO  c.r.r.m.I.D.CropLayout - cropLayout cropRect : {0, 117, 838x906}
2025-04-08 13:02:24 INFO  c.r.r.m.I.D.CropLayout - cropLayout cropRect : {0, 124, 838x899}
2025-04-08 13:02:24 INFO  c.r.r.m.I.D.CropLayout - cropLayout cropRect : {0, 133, 838x890}
2025-04-08 13:02:24 INFO  c.r.r.m.I.D.CropLayout - cropLayout cropRect : {0, 140, 838x883}
2025-04-08 13:02:24 INFO  c.r.r.m.I.D.CropLayout - cropLayout cropRect : {0, 147, 838x876}
2025-04-08 13:02:24 INFO  c.r.r.m.I.D.CropLayout - cropLayout cropRect : {0, 152, 838x871}
2025-04-08 13:02:24 INFO  c.r.r.m.I.D.CropLayout - cropLayout cropRect : {0, 157, 838x866}
2025-04-08 13:02:24 INFO  c.r.r.m.I.D.CropLayout - cropLayout cropRect : {0, 163, 838x860}
2025-04-08 13:02:24 INFO  c.r.r.m.I.D.CropLayout - cropLayout cropRect : {0, 165, 838x858}
2025-04-08 13:02:24 INFO  c.r.r.m.I.D.CropLayout - cropLayout cropRect : {0, 168, 838x855}
2025-04-08 13:02:24 INFO  c.r.r.m.I.D.CropLayout - cropLayout cropRect : {0, 174, 838x849}
2025-04-08 13:02:24 INFO  c.r.r.m.I.D.CropLayout - cropLayout cropRect : {0, 177, 838x846}
2025-04-08 13:02:24 INFO  c.r.r.m.I.D.CropLayout - cropLayout cropRect : {0, 179, 838x844}
2025-04-08 13:02:24 INFO  c.r.r.m.I.D.CropLayout - cropLayout cropRect : {0, 183, 838x840}
2025-04-08 13:02:24 INFO  c.r.r.m.I.D.CropLayout - cropLayout cropRect : {0, 191, 838x832}
2025-04-08 13:02:24 INFO  c.r.r.m.I.D.CropLayout - cropLayout cropRect : {0, 197, 838x826}
2025-04-08 13:02:24 INFO  c.r.r.m.I.D.CropLayout - cropLayout cropRect : {0, 199, 838x824}
2025-04-08 13:02:24 INFO  c.r.r.m.I.D.CropLayout - cropLayout cropRect : {0, 204, 838x819}
2025-04-08 13:02:24 INFO  c.r.r.m.I.D.CropLayout - cropLayout cropRect : {0, 210, 838x813}
2025-04-08 13:02:24 INFO  c.r.r.m.I.D.CropLayout - cropLayout cropRect : {0, 213, 838x810}
2025-04-08 13:02:24 INFO  c.r.r.m.I.D.CropLayout - cropLayout cropRect : {0, 216, 838x807}
2025-04-08 13:02:25 INFO  c.r.r.m.I.D.CanvasMainChange - Canvas cropRect : {0, 216, 838x807}
2025-04-08 13:02:25 INFO  c.r.r.m.I.D.CanvasMainChange - Canvas cropRect : {0, 216, 838x807}
2025-04-08 13:02:53 INFO  c.r.r.m.I.D.CanvasMainChange - Canvas cropRect : {0, 216, 838x807}
2025-04-08 13:02:53 INFO  c.r.r.m.I.D.CropLayout - cropLayout cropRect : {0, 0, 838x1024}
2025-04-08 13:02:58 INFO  c.r.r.m.I.D.CropLayout - cropLayout cropRect : {0, 0, 838x1024}
2025-04-08 13:03:00 INFO  c.r.r.m.I.D.CropLayout - cropLayout cropRect : {0, 0, 838x1024}
2025-04-08 13:03:00 INFO  c.r.r.m.I.D.CropLayout - cropLayout cropRect : {0, 7, 838x1016}
2025-04-08 13:03:00 INFO  c.r.r.m.I.D.CropLayout - cropLayout cropRect : {0, 21, 838x1002}
2025-04-08 13:03:00 INFO  c.r.r.m.I.D.CropLayout - cropLayout cropRect : {0, 29, 838x994}
2025-04-08 13:03:00 INFO  c.r.r.m.I.D.CropLayout - cropLayout cropRect : {0, 32, 838x991}
2025-04-08 13:03:00 INFO  c.r.r.m.I.D.CropLayout - cropLayout cropRect : {0, 34, 838x989}
2025-04-08 13:03:00 INFO  c.r.r.m.I.D.CropLayout - cropLayout cropRect : {0, 38, 838x985}
2025-04-08 13:03:00 INFO  c.r.r.m.I.D.CropLayout - cropLayout cropRect : {0, 41, 838x982}
2025-04-08 13:03:00 INFO  c.r.r.m.I.D.CropLayout - cropLayout cropRect : {0, 43, 838x980}
2025-04-08 13:03:01 INFO  c.r.r.m.I.D.CanvasMainChange - Canvas cropRect : {0, 43, 838x980}
2025-04-08 13:03:01 INFO  c.r.r.m.I.D.CanvasMainChange - Canvas cropRect : {0, 43, 838x980}
2025-04-08 13:03:02 INFO  c.r.r.m.I.D.CanvasMainChange - Canvas cropRect : {0, 43, 838x980}
2025-04-08 13:03:02 INFO  c.r.r.m.I.D.CropLayout - cropLayout cropRect : {0, 0, 838x1024}
2025-04-08 13:03:03 INFO  c.r.r.m.I.D.CropLayout - cropLayout cropRect : {0, 0, 838x1024}
2025-04-08 13:03:03 INFO  c.r.r.m.I.D.CropLayout - cropLayout cropRect : {0, 4, 838x1019}
2025-04-08 13:03:03 INFO  c.r.r.m.I.D.CropLayout - cropLayout cropRect : {0, 6, 838x1017}
2025-04-08 13:03:03 INFO  c.r.r.m.I.D.CropLayout - cropLayout cropRect : {0, 28, 838x995}
2025-04-08 13:03:03 INFO  c.r.r.m.I.D.CropLayout - cropLayout cropRect : {0, 51, 838x972}
2025-04-08 13:03:03 INFO  c.r.r.m.I.D.CropLayout - cropLayout cropRect : {0, 53, 838x970}
2025-04-08 13:03:03 INFO  c.r.r.m.I.D.CropLayout - cropLayout cropRect : {0, 64, 838x959}
2025-04-08 13:03:03 INFO  c.r.r.m.I.D.CropLayout - cropLayout cropRect : {0, 77, 838x946}
2025-04-08 13:03:03 INFO  c.r.r.m.I.D.CropLayout - cropLayout cropRect : {0, 80, 838x943}
2025-04-08 13:03:03 INFO  c.r.r.m.I.D.CropLayout - cropLayout cropRect : {0, 89, 838x934}
2025-04-08 13:03:03 INFO  c.r.r.m.I.D.CropLayout - cropLayout cropRect : {0, 120, 838x903}
2025-04-08 13:03:03 INFO  c.r.r.m.I.D.CropLayout - cropLayout cropRect : {0, 131, 838x892}
2025-04-08 13:03:03 INFO  c.r.r.m.I.D.CropLayout - cropLayout cropRect : {0, 142, 838x881}
2025-04-08 13:03:03 INFO  c.r.r.m.I.D.CropLayout - cropLayout cropRect : {0, 151, 838x872}
2025-04-08 13:03:03 INFO  c.r.r.m.I.D.CropLayout - cropLayout cropRect : {0, 154, 838x869}
2025-04-08 13:03:03 INFO  c.r.r.m.I.D.CropLayout - cropLayout cropRect : {0, 156, 838x867}
2025-04-08 13:03:05 INFO  c.r.r.m.I.D.CanvasMainChange - Canvas cropRect : {0, 156, 838x867}
2025-04-08 13:03:05 INFO  c.r.r.m.I.D.CanvasMainChange - Canvas cropRect : {0, 156, 838x867}
2025-04-08 13:03:07 INFO  c.r.r.m.I.D.CanvasMainChange - Canvas cropRect : {0, 156, 838x867}
2025-04-08 13:03:07 INFO  c.r.r.m.I.D.CropLayout - cropLayout cropRect : {0, 0, 838x1024}
2025-04-08 13:03:08 INFO  c.r.r.m.I.D.CropLayout - cropLayout cropRect : {0, 2, 838x1021}
2025-04-08 13:03:08 INFO  c.r.r.m.I.D.CropLayout - cropLayout cropRect : {0, 5, 838x1018}
2025-04-08 13:03:08 INFO  c.r.r.m.I.D.CropLayout - cropLayout cropRect : {0, 8, 838x1015}
2025-04-08 13:03:08 INFO  c.r.r.m.I.D.CropLayout - cropLayout cropRect : {0, 10, 838x1013}
2025-04-08 13:03:09 INFO  c.r.r.m.I.D.CropLayout - cropLayout cropRect : {0, 14, 838x1009}
2025-04-08 13:03:09 INFO  c.r.r.m.I.D.CropLayout - cropLayout cropRect : {0, 21, 838x1002}
2025-04-08 13:03:09 INFO  c.r.r.m.I.D.CropLayout - cropLayout cropRect : {0, 25, 838x998}
2025-04-08 13:03:09 INFO  c.r.r.m.I.D.CropLayout - cropLayout cropRect : {0, 34, 838x989}
2025-04-08 13:03:09 INFO  c.r.r.m.I.D.CropLayout - cropLayout cropRect : {0, 40, 838x983}
2025-04-08 13:03:09 INFO  c.r.r.m.I.D.CropLayout - cropLayout cropRect : {0, 46, 838x977}
2025-04-08 13:03:09 INFO  c.r.r.m.I.D.CropLayout - cropLayout cropRect : {0, 49, 838x974}
2025-04-08 13:03:09 INFO  c.r.r.m.I.D.CropLayout - cropLayout cropRect : {0, 52, 838x971}
2025-04-08 13:03:09 INFO  c.r.r.m.I.D.CropLayout - cropLayout cropRect : {0, 59, 838x964}
2025-04-08 13:03:09 INFO  c.r.r.m.I.D.CropLayout - cropLayout cropRect : {0, 63, 838x960}
2025-04-08 13:03:09 INFO  c.r.r.m.I.D.CropLayout - cropLayout cropRect : {0, 71, 838x952}
2025-04-08 13:03:09 INFO  c.r.r.m.I.D.CropLayout - cropLayout cropRect : {0, 75, 838x948}
2025-04-08 13:03:09 INFO  c.r.r.m.I.D.CropLayout - cropLayout cropRect : {0, 78, 838x945}
2025-04-08 13:03:09 INFO  c.r.r.m.I.D.CropLayout - cropLayout cropRect : {0, 80, 838x943}
2025-04-08 13:03:09 INFO  c.r.r.m.I.D.CropLayout - cropLayout cropRect : {0, 83, 838x940}
2025-04-08 13:03:10 INFO  c.r.r.m.I.D.CropLayout - cropLayout cropRect : {0, 86, 838x937}
2025-04-08 13:03:10 INFO  c.r.r.m.I.D.CropLayout - cropLayout cropRect : {0, 91, 838x932}
2025-04-08 13:03:10 INFO  c.r.r.m.I.D.CropLayout - cropLayout cropRect : {0, 94, 838x929}
2025-04-08 13:03:10 INFO  c.r.r.m.I.D.CropLayout - cropLayout cropRect : {0, 100, 838x923}
2025-04-08 13:03:10 INFO  c.r.r.m.I.D.CropLayout - cropLayout cropRect : {0, 103, 838x920}
2025-04-08 13:03:10 INFO  c.r.r.m.I.D.CropLayout - cropLayout cropRect : {0, 105, 838x918}
2025-04-08 13:03:10 INFO  c.r.r.m.I.D.CropLayout - cropLayout cropRect : {0, 123, 838x900}
2025-04-08 13:03:10 INFO  c.r.r.m.I.D.CropLayout - cropLayout cropRect : {0, 127, 838x896}
2025-04-08 13:03:11 INFO  c.r.r.m.I.D.CropLayout - cropLayout cropRect : {0, 129, 838x894}
2025-04-08 13:03:11 INFO  c.r.r.m.I.D.CropLayout - cropLayout cropRect : {0, 138, 838x885}
2025-04-08 13:03:11 INFO  c.r.r.m.I.D.CropLayout - cropLayout cropRect : {0, 136, 838x887}
2025-04-08 13:03:11 INFO  c.r.r.m.I.D.CropLayout - cropLayout cropRect : {0, 130, 838x893}
2025-04-08 13:03:11 INFO  c.r.r.m.I.D.CropLayout - cropLayout cropRect : {0, 125, 838x898}
2025-04-08 13:03:11 INFO  c.r.r.m.I.D.CropLayout - cropLayout cropRect : {0, 112, 838x911}
2025-04-08 13:03:11 INFO  c.r.r.m.I.D.CropLayout - cropLayout cropRect : {0, 106, 838x917}
2025-04-08 13:03:11 INFO  c.r.r.m.I.D.CropLayout - cropLayout cropRect : {0, 103, 838x920}
2025-04-08 13:03:11 INFO  c.r.r.m.I.D.CropLayout - cropLayout cropRect : {0, 101, 838x922}
2025-04-08 13:03:13 INFO  c.r.r.m.I.D.CanvasMainChange - Canvas cropRect : {0, 101, 838x922}
2025-04-08 13:03:13 INFO  c.r.r.m.I.D.CanvasMainChange - Canvas cropRect : {0, 101, 838x922}
2025-04-08 13:03:15 INFO  c.r.r.m.I.D.CanvasMainChange - Canvas cropRect : {0, 101, 838x922}
2025-04-08 13:03:15 INFO  c.r.r.m.I.D.CropLayout - cropLayout cropRect : {0, 0, 838x1024}
2025-04-08 13:03:18 INFO  c.r.r.m.I.D.CropLayout - cropLayout cropRect : {0, 0, 835x1024}
2025-04-08 13:03:18 INFO  c.r.r.m.I.D.CropLayout - cropLayout cropRect : {0, 0, 824x1024}
2025-04-08 13:03:18 INFO  c.r.r.m.I.D.CropLayout - cropLayout cropRect : {0, 0, 820x1024}
2025-04-08 13:03:18 INFO  c.r.r.m.I.D.CropLayout - cropLayout cropRect : {0, 0, 793x1024}
2025-04-08 13:03:18 INFO  c.r.r.m.I.D.CropLayout - cropLayout cropRect : {0, 0, 772x1024}
2025-04-08 13:03:18 INFO  c.r.r.m.I.D.CropLayout - cropLayout cropRect : {0, 0, 708x1024}
2025-04-08 13:03:18 INFO  c.r.r.m.I.D.CropLayout - cropLayout cropRect : {0, 0, 625x1024}
2025-04-08 13:03:18 INFO  c.r.r.m.I.D.CropLayout - cropLayout cropRect : {0, 0, 552x1024}
2025-04-08 13:03:18 INFO  c.r.r.m.I.D.CropLayout - cropLayout cropRect : {0, 0, 512x1024}
2025-04-08 13:03:18 INFO  c.r.r.m.I.D.CropLayout - cropLayout cropRect : {0, 0, 503x1024}
2025-04-08 13:03:20 INFO  c.r.r.m.I.D.CanvasMainChange - Canvas cropRect : {0, 0, 503x1024}
2025-04-08 13:03:20 INFO  c.r.r.m.I.D.CanvasMainChange - Canvas cropRect : {0, 0, 503x1024}
2025-04-08 13:03:22 INFO  c.r.r.m.I.D.CanvasMainChange - Canvas cropRect : {0, 0, 503x1024}
2025-04-08 13:03:22 INFO  c.r.r.m.I.D.CropLayout - cropLayout cropRect : {0, 0, 838x1024}
2025-04-08 13:03:24 INFO  c.r.r.m.I.D.CropLayout - cropLayout cropRect : {1, 0, 836x1024}
2025-04-08 13:03:24 INFO  c.r.r.m.I.D.CropLayout - cropLayout cropRect : {42, 0, 795x1024}
2025-04-08 13:03:24 INFO  c.r.r.m.I.D.CropLayout - cropLayout cropRect : {119, 0, 718x1024}
2025-04-08 13:03:24 INFO  c.r.r.m.I.D.CropLayout - cropLayout cropRect : {145, 0, 692x1024}
2025-04-08 13:03:25 INFO  c.r.r.m.I.D.CanvasMainChange - Canvas cropRect : {145, 0, 692x1024}
2025-04-08 13:03:25 INFO  c.r.r.m.I.D.CanvasMainChange - Canvas cropRect : {145, 0, 692x1024}
2025-04-08 13:03:27 INFO  c.r.r.m.I.D.CanvasMainChange - Canvas cropRect : {145, 0, 692x1024}
2025-04-08 13:03:27 INFO  c.r.r.m.I.D.CropLayout - cropLayout cropRect : {0, 0, 838x1024}
2025-04-08 13:03:40 INFO  c.r.r.m.I.D.CropLayout - cropLayout cropRect : {0, 2, 838x1021}
2025-04-08 13:03:40 INFO  c.r.r.m.I.D.CropLayout - cropLayout cropRect : {0, 7, 838x1016}
2025-04-08 13:03:41 INFO  c.r.r.m.I.D.CropLayout - cropLayout cropRect : {0, 10, 838x1013}
2025-04-08 13:03:41 INFO  c.r.r.m.I.D.CropLayout - cropLayout cropRect : {0, 13, 838x1010}
2025-04-08 13:03:41 INFO  c.r.r.m.I.D.CropLayout - cropLayout cropRect : {0, 18, 838x1005}
2025-04-08 13:03:41 INFO  c.r.r.m.I.D.CropLayout - cropLayout cropRect : {0, 26, 838x997}
2025-04-08 13:03:41 INFO  c.r.r.m.I.D.CropLayout - cropLayout cropRect : {0, 31, 838x992}
2025-04-08 13:03:41 INFO  c.r.r.m.I.D.CropLayout - cropLayout cropRect : {0, 38, 838x985}
2025-04-08 13:03:41 INFO  c.r.r.m.I.D.CropLayout - cropLayout cropRect : {0, 40, 838x983}
2025-04-08 13:03:41 INFO  c.r.r.m.I.D.CropLayout - cropLayout cropRect : {0, 43, 838x980}
2025-04-08 13:03:41 INFO  c.r.r.m.I.D.CropLayout - cropLayout cropRect : {0, 45, 838x978}
2025-04-08 13:03:41 INFO  c.r.r.m.I.D.CropLayout - cropLayout cropRect : {0, 49, 838x974}
2025-04-08 13:03:41 INFO  c.r.r.m.I.D.CropLayout - cropLayout cropRect : {0, 54, 838x969}
2025-04-08 13:03:41 INFO  c.r.r.m.I.D.CropLayout - cropLayout cropRect : {0, 59, 838x964}
2025-04-08 13:03:41 INFO  c.r.r.m.I.D.CropLayout - cropLayout cropRect : {0, 68, 838x955}
2025-04-08 13:03:41 INFO  c.r.r.m.I.D.CropLayout - cropLayout cropRect : {0, 74, 838x949}
2025-04-08 13:03:41 INFO  c.r.r.m.I.D.CropLayout - cropLayout cropRect : {0, 76, 838x947}
2025-04-08 13:03:41 INFO  c.r.r.m.I.D.CropLayout - cropLayout cropRect : {0, 81, 838x942}
2025-04-08 13:03:41 INFO  c.r.r.m.I.D.CropLayout - cropLayout cropRect : {0, 95, 838x928}
2025-04-08 13:03:41 INFO  c.r.r.m.I.D.CropLayout - cropLayout cropRect : {0, 101, 838x922}
2025-04-08 13:03:41 INFO  c.r.r.m.I.D.CropLayout - cropLayout cropRect : {0, 107, 838x916}
2025-04-08 13:03:41 INFO  c.r.r.m.I.D.CropLayout - cropLayout cropRect : {0, 113, 838x910}
2025-04-08 13:03:41 INFO  c.r.r.m.I.D.CropLayout - cropLayout cropRect : {0, 118, 838x905}
2025-04-08 13:03:41 INFO  c.r.r.m.I.D.CropLayout - cropLayout cropRect : {0, 120, 838x903}
2025-04-08 13:03:41 INFO  c.r.r.m.I.D.CropLayout - cropLayout cropRect : {0, 124, 838x899}
2025-04-08 13:03:41 INFO  c.r.r.m.I.D.CropLayout - cropLayout cropRect : {0, 126, 838x897}
2025-04-08 13:03:41 INFO  c.r.r.m.I.D.CropLayout - cropLayout cropRect : {0, 132, 838x891}
2025-04-08 13:03:41 INFO  c.r.r.m.I.D.CropLayout - cropLayout cropRect : {0, 135, 838x888}
2025-04-08 13:03:41 INFO  c.r.r.m.I.D.CropLayout - cropLayout cropRect : {0, 138, 838x885}
2025-04-08 13:03:41 INFO  c.r.r.m.I.D.CropLayout - cropLayout cropRect : {0, 140, 838x883}
2025-04-08 13:03:41 INFO  c.r.r.m.I.D.CropLayout - cropLayout cropRect : {0, 143, 838x880}
2025-04-08 13:03:41 INFO  c.r.r.m.I.D.CropLayout - cropLayout cropRect : {0, 145, 838x878}
2025-04-08 13:03:41 INFO  c.r.r.m.I.D.CropLayout - cropLayout cropRect : {0, 149, 838x874}
2025-04-08 13:03:46 INFO  c.r.r.m.I.D.CanvasMainChange - Canvas cropRect : {0, 149, 838x874}
2025-04-08 13:03:46 INFO  c.r.r.m.I.D.CanvasMainChange - Canvas cropRect : {0, 149, 838x874}
