2025-04-08 13:09:18 INFO  c.r.rxviewui.controller.LoginPage - logged In
2025-04-08 13:09:19 INFO  c.r.r.service.login.LoginController - ip mismatched 192.168.31.178 and 192.168.12.10
2025-04-08 13:09:19 INFO  c.r.r.service.login.LoginController - IP not found
2025-04-08 13:09:19 INFO  c.r.r.service.login.LoginController - initialized
2025-04-08 13:09:22 INFO  c.r.r.service.login.LoginController - No devices found!!!
2025-04-08 13:09:24 INFO  c.r.r.service.study.StudyService - Image received
2025-04-08 13:09:25 INFO  c.r.r.service.study.StudyService - Mat is not empty
2025-04-08 13:09:25 INFO  c.r.r.m.I.D.MainDrawTool - ImagingParams is null
2025-04-08 13:09:44 INFO  c.r.r.m.I.D.CanvasMainChange - Canvas cropRect : {197, 0, 640x1024}
2025-04-08 13:09:44 INFO  c.r.r.m.I.D.CanvasMainChange - Canvas cropRect : {197, 0, 640x1024}
2025-04-08 13:09:51 INFO  c.r.r.m.I.D.CanvasMainChange - Canvas cropRect : {197, 0, 640x1024}
2025-04-08 13:10:08 INFO  c.r.r.m.I.D.CanvasMainChange - Canvas cropRect : {0, 324, 838x699}
2025-04-08 13:10:08 INFO  c.r.r.m.I.D.CanvasMainChange - Canvas cropRect : {0, 324, 838x699}
2025-04-08 13:10:13 INFO  c.r.r.m.I.D.CanvasMainChange - Canvas cropRect : {0, 324, 838x699}
2025-04-08 13:10:28 INFO  c.r.r.m.I.D.CanvasMainChange - Canvas cropRect : {0, 173, 838x850}
2025-04-08 13:10:28 INFO  c.r.r.m.I.D.CanvasMainChange - Canvas cropRect : {0, 173, 838x850}
2025-04-08 13:10:30 INFO  c.r.r.m.I.D.CanvasMainChange - Canvas cropRect : {0, 173, 838x850}
2025-04-08 13:10:37 INFO  c.r.r.m.I.D.CanvasMainChange - Canvas cropRect : {155, 0, 682x1024}
2025-04-08 13:10:37 INFO  c.r.r.m.I.D.CanvasMainChange - Canvas cropRect : {155, 0, 682x1024}
2025-04-08 13:10:38 INFO  c.r.r.m.I.D.CanvasMainChange - Canvas cropRect : {155, 0, 682x1024}
2025-04-08 13:10:42 INFO  c.r.r.m.I.D.CanvasMainChange - Canvas cropRect : {0, 0, 600x1024}
2025-04-08 13:10:42 INFO  c.r.r.m.I.D.CanvasMainChange - Canvas cropRect : {0, 0, 600x1024}
2025-04-08 13:10:42 INFO  c.r.r.m.I.D.CanvasMainChange - Canvas cropRect : {0, 0, 600x1024}
2025-04-08 13:10:46 INFO  c.r.r.m.I.D.CanvasMainChange - Canvas cropRect : {0, 174, 838x849}
2025-04-08 13:10:46 INFO  c.r.r.m.I.D.CanvasMainChange - Canvas cropRect : {0, 174, 838x849}
2025-04-08 13:10:50 INFO  c.r.r.m.I.D.CanvasMainChange - Canvas cropRect : {0, 174, 838x849}
2025-04-08 13:10:56 INFO  c.r.r.m.I.D.CanvasMainChange - Canvas cropRect : {0, 155, 838x868}
2025-04-08 13:10:56 INFO  c.r.r.m.I.D.CanvasMainChange - Canvas cropRect : {0, 155, 838x868}
2025-04-08 13:10:57 INFO  c.r.r.m.I.D.CanvasMainChange - Canvas cropRect : {0, 155, 838x868}
2025-04-08 13:11:00 INFO  c.r.r.m.I.D.CanvasMainChange - Canvas cropRect : {0, 90, 838x933}
2025-04-08 13:11:00 INFO  c.r.r.m.I.D.CanvasMainChange - Canvas cropRect : {0, 90, 838x933}
