2025-05-09 11:47:44 INFO  c.r.rxviewui.controller.LoginPage - logged In
2025-05-09 11:47:44 INFO  c.r.r.service.login.LoginController - ip mismatched 192.168.204.139 and 192.168.12.10
2025-05-09 11:47:44 INFO  c.r.r.service.login.LoginController - IP not found
2025-05-09 11:47:44 INFO  c.r.r.service.login.LoginController - initialized
2025-05-09 11:47:48 INFO  c.r.r.service.login.LoginController - No devices found!!!
2025-05-09 11:47:51 INFO  c.r.r.m.print.Layout.LayoutCreator - Creating layout with code: STANDARD\1,1 2048.0 2560.0
2025-05-09 11:47:51 INFO  c.r.r.modules.print.Layout.LayoutTab - w * h 2048.0 2560.0
2025-05-09 11:47:52 INFO  c.r.r.m.print.Layout.LayoutCreator - Creating layout with code: COL\1,2,3 2048.0 2560.0
2025-05-09 11:47:52 INFO  c.r.r.m.print.Layout.LayoutCreator - width : 676.0 , height : 2560.0 
2025-05-09 11:47:52 INFO  c.r.r.modules.print.Layout.LayoutTab - w * h 676.0 2560.0
2025-05-09 11:47:52 INFO  c.r.r.m.print.Layout.LayoutCreator - width : 676.0 , height : 1275.0 
2025-05-09 11:47:52 INFO  c.r.r.modules.print.Layout.LayoutTab - w * h 676.0 1275.0
2025-05-09 11:47:52 INFO  c.r.r.m.print.Layout.LayoutCreator - width : 676.0 , height : 1275.0 
2025-05-09 11:47:52 INFO  c.r.r.modules.print.Layout.LayoutTab - w * h 676.0 1275.0
2025-05-09 11:47:52 INFO  c.r.r.m.print.Layout.LayoutCreator - width : 676.0 , height : 846.6666666666666 
2025-05-09 11:47:52 INFO  c.r.r.modules.print.Layout.LayoutTab - w * h 676.0 846.6666666666666
2025-05-09 11:47:52 INFO  c.r.r.m.print.Layout.LayoutCreator - width : 676.0 , height : 846.6666666666666 
2025-05-09 11:47:52 INFO  c.r.r.modules.print.Layout.LayoutTab - w * h 676.0 846.6666666666666
2025-05-09 11:47:52 INFO  c.r.r.m.print.Layout.LayoutCreator - width : 676.0 , height : 846.6666666666666 
2025-05-09 11:47:52 INFO  c.r.r.modules.print.Layout.LayoutTab - w * h 676.0 846.6666666666666
2025-05-09 11:47:54 INFO  c.r.r.m.print.Layout.LayoutCreator - Creating layout with code: STANDARD\2,2 2048.0 2560.0
2025-05-09 11:47:54 INFO  c.r.r.modules.print.Layout.LayoutTab - w * h 1019.0 1275.0
2025-05-09 11:47:54 INFO  c.r.r.modules.print.Layout.LayoutTab - w * h 1019.0 1275.0
2025-05-09 11:47:54 INFO  c.r.r.modules.print.Layout.LayoutTab - w * h 1019.0 1275.0
2025-05-09 11:47:54 INFO  c.r.r.modules.print.Layout.LayoutTab - w * h 1019.0 1275.0
2025-05-09 11:47:58 INFO  c.r.r.m.p.p.PrintPageToImageCordData - layout code STANDARD\2,2
2025-05-09 11:47:58 INFO  c.r.r.m.p.p.PrintPageToImageCordData - rect {0, 196, 1019x881}
2025-05-09 11:47:58 INFO  c.r.r.m.p.p.PrintPageToImageCordData - rect {1024, 1740, 1019x353}
2025-05-09 11:47:58 INFO  c.r.r.service.print.PrintService - size 2 
