2025-05-09 11:07:15 INFO  c.r.rxviewui.controller.LoginPage - logged In
2025-05-09 11:07:15 INFO  c.r.r.service.login.LoginController - ip mismatched 192.168.204.139 and 192.168.12.10
2025-05-09 11:07:15 INFO  c.r.r.service.login.LoginController - IP not found
2025-05-09 11:07:15 INFO  c.r.r.service.login.LoginController - initialized
2025-05-09 11:07:19 INFO  c.r.r.service.login.LoginController - No devices found!!!
2025-05-09 11:07:21 INFO  c.r.r.m.print.Layout.LayoutCreator - Creating layout with code: STANDARD\1,1 2048.0 2560.0
2025-05-09 11:07:21 INFO  c.r.r.modules.print.Layout.LayoutTab - w * h 2048.0 2560.0
2025-05-09 11:07:25 INFO  c.r.r.m.print.Layout.LayoutCreator - Creating layout with code: COL\1,2 2048.0 2560.0
2025-05-09 11:07:25 INFO  c.r.r.m.print.Layout.LayoutCreator - width : 1019.0 , height : 2560.0 
2025-05-09 11:07:25 INFO  c.r.r.modules.print.Layout.LayoutTab - w * h 1019.0 2560.0
2025-05-09 11:07:25 INFO  c.r.r.m.print.Layout.LayoutCreator - width : 1019.0 , height : 1275.0 
2025-05-09 11:07:25 INFO  c.r.r.modules.print.Layout.LayoutTab - w * h 1019.0 1275.0
2025-05-09 11:07:25 INFO  c.r.r.m.print.Layout.LayoutCreator - width : 1019.0 , height : 1275.0 
2025-05-09 11:07:25 INFO  c.r.r.modules.print.Layout.LayoutTab - w * h 1019.0 1275.0
2025-05-09 11:07:44 INFO  c.r.r.m.p.p.PrintPageToImageCordData - layout code COL\1,2
2025-05-09 11:07:44 INFO  c.r.r.m.p.p.PrintPageToImageCordData - 
2025-05-09 11:07:44 INFO  c.r.r.m.p.p.PrintPageToImageCordData - 
2025-05-09 11:07:44 INFO  c.r.r.m.p.p.PrintPageToImageCordData - 
2025-05-09 11:07:44 INFO  c.r.r.service.print.PrintService - size 3 
2025-05-09 11:09:12 INFO  c.r.r.m.p.p.PrintPageToImageCordData - layout code COL\1,2
2025-05-09 11:09:12 INFO  c.r.r.m.p.p.PrintPageToImageCordData - 
2025-05-09 11:09:12 INFO  c.r.r.m.p.p.PrintPageToImageCordData - 
2025-05-09 11:09:12 INFO  c.r.r.m.p.p.PrintPageToImageCordData - 
2025-05-09 11:09:12 INFO  c.r.r.service.print.PrintService - size 3 
2025-05-09 11:09:28 INFO  c.r.r.m.print.Layout.LayoutCreator - Creating layout with code: ROW\1,2 2048.0 2560.0
2025-05-09 11:09:28 INFO  c.r.r.modules.print.Layout.LayoutTab - w * h 2048.0 1275.0
2025-05-09 11:09:28 INFO  c.r.r.modules.print.Layout.LayoutTab - w * h 1019.0 1275.0
2025-05-09 11:09:28 INFO  c.r.r.modules.print.Layout.LayoutTab - w * h 1019.0 1275.0
2025-05-09 11:09:31 INFO  c.r.r.m.p.p.PrintPageToImageCordData - layout code ROW\1,2
2025-05-09 11:09:31 INFO  c.r.r.service.print.PrintService - size 3 
2025-05-09 11:09:46 INFO  c.r.r.m.p.p.PrintPageToImageCordData - layout code ROW\1,2
2025-05-09 11:09:46 INFO  c.r.r.service.print.PrintService - size 3 
2025-05-09 11:10:04 INFO  c.r.r.m.p.p.PrintPageToImageCordData - layout code ROW\1,2
2025-05-09 11:10:04 INFO  c.r.r.service.print.PrintService - size 3 
