2025-05-09 10:38:38 INFO  c.r.rxviewui.controller.LoginPage - logged In
2025-05-09 10:38:38 INFO  c.r.r.service.login.LoginController - ip mismatched 192.168.204.139 and 192.168.12.10
2025-05-09 10:38:38 INFO  c.r.r.service.login.LoginController - IP not found
2025-05-09 10:38:38 INFO  c.r.r.service.login.LoginController - initialized
2025-05-09 10:38:42 INFO  c.r.r.service.login.LoginController - No devices found!!!
2025-05-09 10:38:43 INFO  c.r.r.m.print.Layout.LayoutCreator - Creating layout with code: STANDARD\1,1 2048.0 2560.0
2025-05-09 10:38:43 INFO  c.r.r.modules.print.Layout.LayoutTab - w * h 2048.0 2560.0
2025-05-09 10:38:47 INFO  c.r.r.m.print.Layout.LayoutCreator - Creating layout with code: STANDARD\2,2 2048.0 2560.0
2025-05-09 10:38:47 INFO  c.r.r.modules.print.Layout.LayoutTab - w * h 1019.0 1275.0
2025-05-09 10:38:47 INFO  c.r.r.modules.print.Layout.LayoutTab - w * h 1019.0 1275.0
2025-05-09 10:38:47 INFO  c.r.r.modules.print.Layout.LayoutTab - w * h 1019.0 1275.0
2025-05-09 10:38:47 INFO  c.r.r.modules.print.Layout.LayoutTab - w * h 1019.0 1275.0
2025-05-09 10:39:01 INFO  c.r.r.m.p.p.PrintPageToImageCordData - layout code STANDARD\2,2
2025-05-09 10:39:01 INFO  c.r.r.m.p.p.PrintPageToImageCordData - rect {0, 460, 1019x353}
2025-05-09 10:39:01 INFO  c.r.r.m.p.p.PrintPageToImageCordData - rect {1024, 401, 1018x472}
2025-05-09 10:39:01 INFO  c.r.r.m.p.p.PrintPageToImageCordData - rect {0, 1500, 1018x833}
2025-05-09 10:39:01 INFO  c.r.r.m.p.p.PrintPageToImageCordData - rect {1024, 1476, 1019x881}
2025-05-09 10:39:01 INFO  c.r.r.service.print.PrintService - size 4 
2025-05-09 10:41:44 INFO  c.r.r.m.p.p.PrintPageToImageCordData - layout code STANDARD\2,2
2025-05-09 10:41:44 INFO  c.r.r.m.p.p.PrintPageToImageCordData - rect {63, 0, 891x1275}
2025-05-09 10:41:44 INFO  c.r.r.m.p.p.PrintPageToImageCordData - rect {1168, 0, 729x1275}
2025-05-09 10:41:44 INFO  c.r.r.m.p.p.PrintPageToImageCordData - rect {175, 1280, 668x1275}
2025-05-09 10:41:44 INFO  c.r.r.m.p.p.PrintPageToImageCordData - rect {1248, 1280, 570x1275}
2025-05-09 10:41:44 INFO  c.r.r.service.print.PrintService - size 4 
