2025-06-03 11:05:21 INFO  com.raymedis.rxviewui.controller.LoginPage - logged In
2025-06-03 11:05:21 INFO  com.raymedis.rxviewui.service.login.LoginController - 192.168.12.10
2025-06-03 11:05:21 INFO  com.raymedis.rxviewui.service.login.LoginController - No Wi-Fi interface found or no IPv4 address assigned.
2025-06-03 11:05:29 INFO  com.raymedis.rxviewui.service.export.ExportStudyService - ExportStudyService initialized.
2025-06-03 11:05:29 INFO  com.raymedis.rxviewui.service.export.ExportStudyService - Exporting body part: Chest
2025-06-03 11:05:29 INFO  com.raymedis.rxviewui.service.export.ExportStudyService - Crop Rect: {3, 1074, 2494x857}
2025-06-03 11:05:29 INFO  com.raymedis.rxviewui.service.export.ExportStudyService - cropped mat size 2500x1048 , type CV_16UC1 
2025-06-03 11:05:29 INFO  com.raymedis.rxviewui.service.export.ExportStudyService - Crop Rect: {3, 1074, 2494x857}
2025-06-03 11:05:30 INFO  com.raymedis.rxviewui.service.export.ExportStudyService - Type or Depth Issue in annotationMat : CV_16UC1 : CV_8UC4
2025-06-03 11:05:30 INFO  com.raymedis.rxviewui.service.export.ExportStudyService - orgMat Type CV_16UC4 
2025-06-03 11:05:30 INFO  com.raymedis.rxviewui.service.export.ExportStudyService - annotationMat Type CV_16UC4 
2025-06-03 11:05:30 INFO  com.raymedis.rxviewui.service.export.ExportStudyService - Exporting body part: Chest
2025-06-03 11:05:30 WARN  com.raymedis.rxviewui.service.export.ExportStudyService - No image found for body part: Chest
2025-06-03 11:05:30 INFO  com.raymedis.rxviewui.service.export.ExportStudyService - Exporting body part: Skull
2025-06-03 11:05:30 WARN  com.raymedis.rxviewui.service.export.ExportStudyService - No image found for body part: Skull
2025-06-03 11:06:14 INFO  com.raymedis.rxviewui.service.study.StudyService - org mat size 2500 * 3052
2025-06-03 11:06:24 INFO  com.raymedis.rxviewui.service.export.ExportStudyService - ExportStudyService initialized.
2025-06-03 11:06:24 INFO  com.raymedis.rxviewui.service.export.ExportStudyService - Exporting body part: Chest
2025-06-03 11:06:24 INFO  com.raymedis.rxviewui.service.export.ExportStudyService - Crop Rect: {3, 1074, 2494x857}
2025-06-03 11:06:24 INFO  com.raymedis.rxviewui.service.export.ExportStudyService - cropped mat size 2500x1048 , type CV_16UC1 
2025-06-03 11:06:24 INFO  com.raymedis.rxviewui.service.export.ExportStudyService - Crop Rect: {3, 1074, 2494x857}
2025-06-03 11:06:24 INFO  com.raymedis.rxviewui.service.export.ExportStudyService - Type or Depth Issue in annotationMat : CV_16UC1 : CV_8UC4
2025-06-03 11:06:24 INFO  com.raymedis.rxviewui.service.export.ExportStudyService - orgMat Type CV_16UC4 
2025-06-03 11:06:24 INFO  com.raymedis.rxviewui.service.export.ExportStudyService - annotationMat Type CV_16UC4 
2025-06-03 11:06:25 INFO  com.raymedis.rxviewui.service.export.ExportStudyService - Exporting body part: Chest
2025-06-03 11:06:25 WARN  com.raymedis.rxviewui.service.export.ExportStudyService - No image found for body part: Chest
2025-06-03 11:06:25 INFO  com.raymedis.rxviewui.service.export.ExportStudyService - Exporting body part: Skull
2025-06-03 11:06:25 WARN  com.raymedis.rxviewui.service.export.ExportStudyService - No image found for body part: Skull
