2025-06-03 11:45:25 INFO  com.raymedis.rxviewui.controller.LoginPage - logged In
2025-06-03 11:45:25 INFO  com.raymedis.rxviewui.service.login.LoginController - 192.168.12.10
2025-06-03 11:45:25 INFO  com.raymedis.rxviewui.service.login.LoginController - No Wi-Fi interface found or no IPv4 address assigned.
2025-06-03 11:45:49 INFO  com.raymedis.rxviewui.service.preProcessing.PreProcess - Processing body part: chest
2025-06-03 11:45:49 INFO  com.raymedis.rxviewui.service.preProcessing.PreProcess - Mat is 16-bit unsigned
2025-06-03 11:45:51 INFO  com.raymedis.rxviewui.service.study.StudyService - Image received Found in FPD
2025-06-03 11:45:52 INFO  com.raymedis.rxviewui.service.study.StudyService - org : CV_16UC1
2025-06-03 11:45:52 INFO  com.raymedis.rxviewui.modules.ImageProcessing.DrawToolsResource.MainDrawTool - ImagingParams is null
2025-06-03 11:45:52 INFO  com.raymedis.rxviewui.modules.ImageProcessing.DrawToolsResource.MainDrawTool - HFlip is false, not applying HFlip
2025-06-03 11:45:52 INFO  com.raymedis.rxviewui.modules.ImageProcessing.DrawToolsResource.MainDrawTool - L/R Label: L
2025-06-03 11:45:52 INFO  com.raymedis.rxviewui.modules.ImageProcessing.DrawToolsResource.MainDrawTool - Text: Some Text
2025-06-03 11:45:52 INFO  com.raymedis.rxviewui.modules.ImageProcessing.DrawToolsResource.MainDrawTool - Position Value: 175.0
2025-06-03 11:45:52 INFO  com.raymedis.rxviewui.modules.ImageProcessing.DrawToolsResource.MainDrawTool - Invalid position value: 175.0
2025-06-03 11:45:54 INFO  com.raymedis.rxviewui.service.preProcessing.PreProcess - Processing body part: chest
2025-06-03 11:45:54 INFO  com.raymedis.rxviewui.service.preProcessing.PreProcess - Mat is 16-bit unsigned
2025-06-03 11:45:57 INFO  com.raymedis.rxviewui.service.study.StudyService - Image received Found in FPD
2025-06-03 11:45:57 INFO  com.raymedis.rxviewui.service.study.StudyService - org : CV_16UC1
2025-06-03 11:45:57 INFO  com.raymedis.rxviewui.modules.ImageProcessing.DrawToolsResource.MainDrawTool - ImagingParams is null
2025-06-03 11:45:57 INFO  com.raymedis.rxviewui.modules.ImageProcessing.DrawToolsResource.MainDrawTool - HFlip is false, not applying HFlip
2025-06-03 11:45:57 INFO  com.raymedis.rxviewui.modules.ImageProcessing.DrawToolsResource.MainDrawTool - L/R Label: L
2025-06-03 11:45:57 INFO  com.raymedis.rxviewui.modules.ImageProcessing.DrawToolsResource.MainDrawTool - Text: Some Text
2025-06-03 11:45:57 INFO  com.raymedis.rxviewui.modules.ImageProcessing.DrawToolsResource.MainDrawTool - Position Value: 175.0
2025-06-03 11:45:57 INFO  com.raymedis.rxviewui.modules.ImageProcessing.DrawToolsResource.MainDrawTool - Invalid position value: 175.0
2025-06-03 11:46:07 INFO  com.raymedis.rxviewui.service.preProcessing.PreProcess - Processing body part: skull
2025-06-03 11:46:07 INFO  com.raymedis.rxviewui.service.preProcessing.PreProcess - Mat is 16-bit unsigned
2025-06-03 11:46:08 INFO  com.raymedis.rxviewui.service.study.StudyService - Image received Found in FPD
2025-06-03 11:46:09 INFO  com.raymedis.rxviewui.service.study.StudyService - org : CV_16UC1
2025-06-03 11:46:09 INFO  com.raymedis.rxviewui.modules.ImageProcessing.DrawToolsResource.MainDrawTool - ImagingParams is null
2025-06-03 11:46:09 INFO  com.raymedis.rxviewui.modules.ImageProcessing.DrawToolsResource.MainDrawTool - L/R Label: L
2025-06-03 11:46:09 INFO  com.raymedis.rxviewui.modules.ImageProcessing.DrawToolsResource.MainDrawTool - Text: Some Text
2025-06-03 11:46:09 INFO  com.raymedis.rxviewui.modules.ImageProcessing.DrawToolsResource.MainDrawTool - Position Value: 175.0
2025-06-03 11:46:09 INFO  com.raymedis.rxviewui.modules.ImageProcessing.DrawToolsResource.MainDrawTool - Invalid position value: 175.0
2025-06-03 11:47:21 INFO  com.raymedis.rxviewui.service.preProcessing.PreProcess - Processing body part: chest
2025-06-03 11:47:21 INFO  com.raymedis.rxviewui.service.preProcessing.PreProcess - Mat is 16-bit unsigned
2025-06-03 11:47:24 INFO  com.raymedis.rxviewui.service.study.StudyService - Image received Found in FPD
2025-06-03 11:47:24 INFO  com.raymedis.rxviewui.service.study.StudyService - org : CV_16UC1
2025-06-03 11:47:24 INFO  com.raymedis.rxviewui.modules.ImageProcessing.DrawToolsResource.MainDrawTool - ImagingParams is null
2025-06-03 11:47:24 INFO  com.raymedis.rxviewui.modules.ImageProcessing.DrawToolsResource.MainDrawTool - HFlip is false, not applying HFlip
2025-06-03 11:47:24 INFO  com.raymedis.rxviewui.modules.ImageProcessing.DrawToolsResource.MainDrawTool - L/R Label: L
2025-06-03 11:47:24 INFO  com.raymedis.rxviewui.modules.ImageProcessing.DrawToolsResource.MainDrawTool - Text: Some Text
2025-06-03 11:47:24 INFO  com.raymedis.rxviewui.modules.ImageProcessing.DrawToolsResource.MainDrawTool - Position Value: 175.0
2025-06-03 11:47:24 INFO  com.raymedis.rxviewui.modules.ImageProcessing.DrawToolsResource.MainDrawTool - Invalid position value: 175.0
2025-06-03 11:47:30 INFO  com.raymedis.rxviewui.service.preProcessing.PreProcess - Processing body part: skull
2025-06-03 11:47:30 INFO  com.raymedis.rxviewui.service.preProcessing.PreProcess - Mat is 16-bit unsigned
2025-06-03 11:47:32 INFO  com.raymedis.rxviewui.service.study.StudyService - Image received Found in FPD
2025-06-03 11:47:32 INFO  com.raymedis.rxviewui.service.study.StudyService - org : CV_16UC1
2025-06-03 11:47:32 INFO  com.raymedis.rxviewui.modules.ImageProcessing.DrawToolsResource.MainDrawTool - ImagingParams is null
2025-06-03 11:47:32 INFO  com.raymedis.rxviewui.modules.ImageProcessing.DrawToolsResource.MainDrawTool - L/R Label: L
2025-06-03 11:47:32 INFO  com.raymedis.rxviewui.modules.ImageProcessing.DrawToolsResource.MainDrawTool - Text: Some Text
2025-06-03 11:47:32 INFO  com.raymedis.rxviewui.modules.ImageProcessing.DrawToolsResource.MainDrawTool - Position Value: 175.0
2025-06-03 11:47:32 INFO  com.raymedis.rxviewui.modules.ImageProcessing.DrawToolsResource.MainDrawTool - Invalid position value: 175.0
2025-06-03 11:47:35 INFO  com.raymedis.rxviewui.service.preProcessing.PreProcess - Processing body part: hand
2025-06-03 11:47:35 INFO  com.raymedis.rxviewui.service.preProcessing.PreProcess - Mat is 16-bit unsigned
2025-06-03 11:47:36 INFO  com.raymedis.rxviewui.service.study.StudyService - Image received Found in FPD
2025-06-03 11:47:37 INFO  com.raymedis.rxviewui.service.study.StudyService - org : CV_16UC1
2025-06-03 11:47:37 INFO  com.raymedis.rxviewui.modules.ImageProcessing.DrawToolsResource.MainDrawTool - ImagingParams is null
2025-06-03 11:47:37 INFO  com.raymedis.rxviewui.modules.ImageProcessing.DrawToolsResource.MainDrawTool - L/R Label: L
2025-06-03 11:47:37 INFO  com.raymedis.rxviewui.modules.ImageProcessing.DrawToolsResource.MainDrawTool - Text: Some Text
2025-06-03 11:47:37 INFO  com.raymedis.rxviewui.modules.ImageProcessing.DrawToolsResource.MainDrawTool - Position Value: 175.0
2025-06-03 11:47:37 INFO  com.raymedis.rxviewui.modules.ImageProcessing.DrawToolsResource.MainDrawTool - Invalid position value: 175.0
2025-06-03 11:48:24 INFO  com.raymedis.rxviewui.service.preProcessing.PreProcess - Processing body part: hand
2025-06-03 11:48:24 INFO  com.raymedis.rxviewui.service.preProcessing.PreProcess - Mat is 16-bit unsigned
2025-06-03 11:48:26 INFO  com.raymedis.rxviewui.service.study.StudyService - Image received Found in FPD
2025-06-03 11:48:26 INFO  com.raymedis.rxviewui.service.study.StudyService - org : CV_16UC1
2025-06-03 11:48:26 INFO  com.raymedis.rxviewui.modules.ImageProcessing.DrawToolsResource.MainDrawTool - ImagingParams is null
2025-06-03 11:48:26 INFO  com.raymedis.rxviewui.modules.ImageProcessing.DrawToolsResource.MainDrawTool - L/R Label: L
2025-06-03 11:48:26 INFO  com.raymedis.rxviewui.modules.ImageProcessing.DrawToolsResource.MainDrawTool - Text: Some Text
2025-06-03 11:48:26 INFO  com.raymedis.rxviewui.modules.ImageProcessing.DrawToolsResource.MainDrawTool - Position Value: 175.0
2025-06-03 11:48:26 INFO  com.raymedis.rxviewui.modules.ImageProcessing.DrawToolsResource.MainDrawTool - Invalid position value: 175.0
2025-06-03 11:48:47 INFO  com.raymedis.rxviewui.service.study.StudyService - org mat size 2500 * 3052
2025-06-03 11:49:00 INFO  com.raymedis.rxviewui.modules.print.Layout.LayoutCreator - Creating layout with code: STANDARD\1,1 2048.0 2560.0
2025-06-03 11:51:16 INFO  com.raymedis.rxviewui.modules.print.Layout.LayoutCreator - Creating layout with code: STANDARD\1,1 2048.0 2560.0
2025-06-03 11:51:24 INFO  com.raymedis.rxviewui.modules.print.Layout.LayoutCreator - Creating layout with code: STANDARD\1,2 2048.0 2560.0
2025-06-03 11:51:26 INFO  com.raymedis.rxviewui.modules.print.Layout.LayoutCreator - Creating layout with code: STANDARD\1,1 2048.0 2560.0
2025-06-03 11:53:58 INFO  com.raymedis.rxviewui.modules.print.Layout.LayoutCreator - Creating layout with code: STANDARD\1,1 2560.0 2048.0
2025-06-03 11:54:03 INFO  com.raymedis.rxviewui.modules.print.Layout.LayoutCreator - Creating layout with code: STANDARD\1,1 2048.0 2560.0
2025-06-03 11:54:24 INFO  com.raymedis.rxviewui.modules.print.Layout.LayoutCreator - Creating layout with code: STANDARD\1,1 2048.0 2560.0
2025-06-03 11:55:35 INFO  com.raymedis.rxviewui.service.export.ExportStudyService - ExportStudyService initialized.
2025-06-03 11:55:35 INFO  com.raymedis.rxviewui.service.export.ExportStudyService - Exporting body part: Hand
2025-06-03 11:55:35 INFO  com.raymedis.rxviewui.service.export.ExportStudyService - Crop Rect: {0, 0, 2497x3052}
2025-06-03 11:55:35 INFO  com.raymedis.rxviewui.service.export.ExportStudyService - cropped mat size 2497x3052 , type CV_16UC1 
2025-06-03 11:55:35 INFO  com.raymedis.rxviewui.service.export.ExportStudyService - Crop Rect: {0, 0, 2497x3052}
2025-06-03 11:55:35 INFO  com.raymedis.rxviewui.service.export.ExportStudyService - Type or Depth Issue in annotationMat : CV_16UC1 : CV_8UC4
2025-06-03 11:55:36 INFO  com.raymedis.rxviewui.service.export.ExportStudyService - orgMat size 2500x3052 , type CV_16UC4 
2025-06-03 11:55:36 INFO  com.raymedis.rxviewui.service.export.ExportStudyService - Type or Depth Issue in informationMat : CV_16UC4 : CV_8UC4
