2025-07-15 16:08:58 INFO  com.raymedis.rxviewui.service.study.StudyMainController - Console is ON
2025-07-15 16:08:58 WARN  com.raymedis.rxviewui.modules.print.Layout.LayoutIconCreator - Invalid layout format: STANDARD\\1,1
2025-07-15 16:08:58 WARN  com.raymedis.rxviewui.modules.print.Layout.LayoutIconCreator - Invalid layout format: STANDARD\\1,2
2025-07-15 16:08:58 WARN  com.raymedis.rxviewui.modules.print.Layout.LayoutIconCreator - Invalid layout format: STANDARD\\2,1
2025-07-15 16:08:58 WARN  com.raymedis.rxviewui.modules.print.Layout.LayoutIconCreator - Invalid layout format: ROW\\1,2
2025-07-15 16:08:58 WARN  com.raymedis.rxviewui.modules.print.Layout.LayoutIconCreator - Invalid layout format: COL\\1,2
2025-07-15 16:08:58 WARN  com.raymedis.rxviewui.modules.print.Layout.LayoutIconCreator - Invalid layout format: STANDARD\\2,2
2025-07-15 16:08:58 WARN  com.raymedis.rxviewui.modules.print.Layout.LayoutIconCreator - Invalid layout format: ROW\\1,2,2,1
2025-07-15 16:08:58 WARN  com.raymedis.rxviewui.modules.print.Layout.LayoutIconCreator - Invalid layout format: COL\\1,2,3
2025-07-15 16:08:58 WARN  com.raymedis.rxviewui.modules.print.Layout.LayoutIconCreator - Invalid layout format: STANDARD\\3,4
2025-07-15 16:08:58 WARN  com.raymedis.rxviewui.modules.print.Layout.LayoutIconCreator - Invalid layout format: ROW\\2,3,1
2025-07-15 16:08:58 WARN  com.raymedis.rxviewui.modules.print.Layout.LayoutIconCreator - Invalid layout format: STANDARD\\1,1
2025-07-15 16:08:58 WARN  com.raymedis.rxviewui.modules.print.Layout.LayoutIconCreator - Invalid layout format: STANDARD\\1,2
2025-07-15 16:08:58 WARN  com.raymedis.rxviewui.modules.print.Layout.LayoutIconCreator - Invalid layout format: STANDARD\\2,1
2025-07-15 16:08:58 WARN  com.raymedis.rxviewui.modules.print.Layout.LayoutIconCreator - Invalid layout format: ROW\\1,2
2025-07-15 16:08:58 WARN  com.raymedis.rxviewui.modules.print.Layout.LayoutIconCreator - Invalid layout format: COL\\1,2
2025-07-15 16:08:58 WARN  com.raymedis.rxviewui.modules.print.Layout.LayoutIconCreator - Invalid layout format: STANDARD\\2,2
2025-07-15 16:08:58 WARN  com.raymedis.rxviewui.modules.print.Layout.LayoutIconCreator - Invalid layout format: ROW\\1,2,2,1
2025-07-15 16:08:58 WARN  com.raymedis.rxviewui.modules.print.Layout.LayoutIconCreator - Invalid layout format: COL\\1,2,3
2025-07-15 16:08:58 WARN  com.raymedis.rxviewui.modules.print.Layout.LayoutIconCreator - Invalid layout format: STANDARD\\3,4
2025-07-15 16:08:58 WARN  com.raymedis.rxviewui.modules.print.Layout.LayoutIconCreator - Invalid layout format: ROW\\2,3,1
2025-07-15 16:09:01 INFO  com.raymedis.rxviewui.controller.LoginPage - logged In
2025-07-15 16:09:01 INFO  com.raymedis.rxviewui.service.login.LoginController - 192.168.12.10
2025-07-15 16:09:01 INFO  com.raymedis.rxviewui.service.login.LoginController - No Wi-Fi interface found or no IPv4 address assigned.
2025-07-15 16:09:03 WARN  com.raymedis.rxviewui.modules.print.Layout.LayoutIconCreator - Invalid layout format: STANDARD\\1,1
2025-07-15 16:09:03 WARN  com.raymedis.rxviewui.modules.print.Layout.LayoutIconCreator - Invalid layout format: STANDARD\\1,2
2025-07-15 16:09:03 WARN  com.raymedis.rxviewui.modules.print.Layout.LayoutIconCreator - Invalid layout format: STANDARD\\2,1
2025-07-15 16:09:03 WARN  com.raymedis.rxviewui.modules.print.Layout.LayoutIconCreator - Invalid layout format: ROW\\1,2
2025-07-15 16:09:03 WARN  com.raymedis.rxviewui.modules.print.Layout.LayoutIconCreator - Invalid layout format: COL\\1,2
2025-07-15 16:09:03 WARN  com.raymedis.rxviewui.modules.print.Layout.LayoutIconCreator - Invalid layout format: STANDARD\\2,2
2025-07-15 16:09:03 WARN  com.raymedis.rxviewui.modules.print.Layout.LayoutIconCreator - Invalid layout format: ROW\\1,2,2,1
2025-07-15 16:09:03 WARN  com.raymedis.rxviewui.modules.print.Layout.LayoutIconCreator - Invalid layout format: COL\\1,2,3
2025-07-15 16:09:03 WARN  com.raymedis.rxviewui.modules.print.Layout.LayoutIconCreator - Invalid layout format: STANDARD\\3,4
2025-07-15 16:09:03 WARN  com.raymedis.rxviewui.modules.print.Layout.LayoutIconCreator - Invalid layout format: ROW\\2,3,1
2025-07-15 16:15:56 WARN  com.raymedis.rxviewui.modules.print.Layout.LayoutIconCreator - Invalid layout format: STANDARD\\1,1
2025-07-15 16:15:56 WARN  com.raymedis.rxviewui.modules.print.Layout.LayoutIconCreator - Invalid layout format: STANDARD\\1,2
2025-07-15 16:15:56 WARN  com.raymedis.rxviewui.modules.print.Layout.LayoutIconCreator - Invalid layout format: STANDARD\\2,1
2025-07-15 16:15:56 WARN  com.raymedis.rxviewui.modules.print.Layout.LayoutIconCreator - Invalid layout format: ROW\\1,2
2025-07-15 16:15:56 WARN  com.raymedis.rxviewui.modules.print.Layout.LayoutIconCreator - Invalid layout format: COL\\1,2
2025-07-15 16:15:56 WARN  com.raymedis.rxviewui.modules.print.Layout.LayoutIconCreator - Invalid layout format: STANDARD\\2,2
2025-07-15 16:15:56 WARN  com.raymedis.rxviewui.modules.print.Layout.LayoutIconCreator - Invalid layout format: ROW\\1,2,2,1
2025-07-15 16:15:56 WARN  com.raymedis.rxviewui.modules.print.Layout.LayoutIconCreator - Invalid layout format: COL\\1,2,3
2025-07-15 16:15:56 WARN  com.raymedis.rxviewui.modules.print.Layout.LayoutIconCreator - Invalid layout format: STANDARD\\3,4
2025-07-15 16:15:56 WARN  com.raymedis.rxviewui.modules.print.Layout.LayoutIconCreator - Invalid layout format: ROW\\2,3,1
2025-07-15 16:15:58 WARN  com.raymedis.rxviewui.modules.print.Layout.LayoutIconCreator - Invalid layout format: STANDARD\\1,1
2025-07-15 16:15:58 WARN  com.raymedis.rxviewui.modules.print.Layout.LayoutIconCreator - Invalid layout format: STANDARD\\1,2
2025-07-15 16:15:58 WARN  com.raymedis.rxviewui.modules.print.Layout.LayoutIconCreator - Invalid layout format: STANDARD\\2,1
2025-07-15 16:15:58 WARN  com.raymedis.rxviewui.modules.print.Layout.LayoutIconCreator - Invalid layout format: ROW\\1,2
2025-07-15 16:15:58 WARN  com.raymedis.rxviewui.modules.print.Layout.LayoutIconCreator - Invalid layout format: COL\\1,2
2025-07-15 16:15:58 WARN  com.raymedis.rxviewui.modules.print.Layout.LayoutIconCreator - Invalid layout format: STANDARD\\2,2
2025-07-15 16:15:58 WARN  com.raymedis.rxviewui.modules.print.Layout.LayoutIconCreator - Invalid layout format: ROW\\1,2,2,1
2025-07-15 16:15:58 WARN  com.raymedis.rxviewui.modules.print.Layout.LayoutIconCreator - Invalid layout format: COL\\1,2,3
2025-07-15 16:15:58 WARN  com.raymedis.rxviewui.modules.print.Layout.LayoutIconCreator - Invalid layout format: STANDARD\\3,4
2025-07-15 16:15:58 WARN  com.raymedis.rxviewui.modules.print.Layout.LayoutIconCreator - Invalid layout format: ROW\\2,3,1
2025-07-15 16:16:06 WARN  com.raymedis.rxviewui.modules.print.Layout.LayoutIconCreator - Invalid layout format: STANDARD\\1,1
2025-07-15 16:16:06 WARN  com.raymedis.rxviewui.modules.print.Layout.LayoutIconCreator - Invalid layout format: STANDARD\\1,2
2025-07-15 16:16:06 WARN  com.raymedis.rxviewui.modules.print.Layout.LayoutIconCreator - Invalid layout format: STANDARD\\2,1
2025-07-15 16:16:06 WARN  com.raymedis.rxviewui.modules.print.Layout.LayoutIconCreator - Invalid layout format: ROW\\1,2
2025-07-15 16:16:06 WARN  com.raymedis.rxviewui.modules.print.Layout.LayoutIconCreator - Invalid layout format: COL\\1,2
2025-07-15 16:16:06 WARN  com.raymedis.rxviewui.modules.print.Layout.LayoutIconCreator - Invalid layout format: STANDARD\\2,2
2025-07-15 16:16:06 WARN  com.raymedis.rxviewui.modules.print.Layout.LayoutIconCreator - Invalid layout format: ROW\\1,2,2,1
2025-07-15 16:16:06 WARN  com.raymedis.rxviewui.modules.print.Layout.LayoutIconCreator - Invalid layout format: COL\\1,2,3
2025-07-15 16:16:06 WARN  com.raymedis.rxviewui.modules.print.Layout.LayoutIconCreator - Invalid layout format: STANDARD\\3,4
2025-07-15 16:16:06 WARN  com.raymedis.rxviewui.modules.print.Layout.LayoutIconCreator - Invalid layout format: ROW\\2,3,1
2025-07-15 16:17:20 WARN  com.raymedis.rxviewui.modules.print.Layout.LayoutIconCreator - Invalid layout format: STANDARD\\1,1
2025-07-15 16:17:20 WARN  com.raymedis.rxviewui.modules.print.Layout.LayoutIconCreator - Invalid layout format: STANDARD\\1,2
2025-07-15 16:17:20 WARN  com.raymedis.rxviewui.modules.print.Layout.LayoutIconCreator - Invalid layout format: STANDARD\\2,1
2025-07-15 16:17:20 WARN  com.raymedis.rxviewui.modules.print.Layout.LayoutIconCreator - Invalid layout format: ROW\\1,2
2025-07-15 16:17:20 WARN  com.raymedis.rxviewui.modules.print.Layout.LayoutIconCreator - Invalid layout format: COL\\1,2
2025-07-15 16:17:20 WARN  com.raymedis.rxviewui.modules.print.Layout.LayoutIconCreator - Invalid layout format: STANDARD\\2,2
2025-07-15 16:17:20 WARN  com.raymedis.rxviewui.modules.print.Layout.LayoutIconCreator - Invalid layout format: ROW\\1,2,2,1
2025-07-15 16:17:20 WARN  com.raymedis.rxviewui.modules.print.Layout.LayoutIconCreator - Invalid layout format: COL\\1,2,3
2025-07-15 16:17:20 WARN  com.raymedis.rxviewui.modules.print.Layout.LayoutIconCreator - Invalid layout format: STANDARD\\3,4
2025-07-15 16:17:20 WARN  com.raymedis.rxviewui.modules.print.Layout.LayoutIconCreator - Invalid layout format: ROW\\2,3,1
2025-07-15 16:17:35 WARN  com.raymedis.rxviewui.modules.print.Layout.LayoutIconCreator - Invalid layout format: STANDARD\\1,1
2025-07-15 16:17:35 WARN  com.raymedis.rxviewui.modules.print.Layout.LayoutIconCreator - Invalid layout format: STANDARD\\1,2
2025-07-15 16:17:35 WARN  com.raymedis.rxviewui.modules.print.Layout.LayoutIconCreator - Invalid layout format: STANDARD\\2,1
2025-07-15 16:17:35 WARN  com.raymedis.rxviewui.modules.print.Layout.LayoutIconCreator - Invalid layout format: ROW\\1,2
2025-07-15 16:17:35 WARN  com.raymedis.rxviewui.modules.print.Layout.LayoutIconCreator - Invalid layout format: COL\\1,2
2025-07-15 16:17:35 WARN  com.raymedis.rxviewui.modules.print.Layout.LayoutIconCreator - Invalid layout format: STANDARD\\2,2
2025-07-15 16:17:35 WARN  com.raymedis.rxviewui.modules.print.Layout.LayoutIconCreator - Invalid layout format: ROW\\1,2,2,1
2025-07-15 16:17:35 WARN  com.raymedis.rxviewui.modules.print.Layout.LayoutIconCreator - Invalid layout format: COL\\1,2,3
2025-07-15 16:17:35 WARN  com.raymedis.rxviewui.modules.print.Layout.LayoutIconCreator - Invalid layout format: STANDARD\\3,4
2025-07-15 16:17:35 WARN  com.raymedis.rxviewui.modules.print.Layout.LayoutIconCreator - Invalid layout format: ROW\\2,3,1
