2025-03-21 10:35:45 INFO  c.r.rxviewui.controller.LoginPage - logged In
2025-03-21 10:35:46 INFO  c.r.r.service.login.LoginController - ip mismatched 192.168.31.178 and 192.168.12.10
2025-03-21 10:35:46 INFO  c.r.r.service.login.LoginController - IP not found
2025-03-21 10:35:47 INFO  c.r.r.service.login.LoginController - initialized
2025-03-21 10:35:51 INFO  c.r.r.service.login.LoginController - No devices found!!!
2025-03-21 10:36:13 INFO  c.r.r.service.study.StudyService - Image received
2025-03-21 10:36:14 INFO  c.r.r.service.study.StudyService - Image received
2025-03-21 10:36:15 INFO  c.r.r.service.study.StudyService - 838.0 1024.0
2025-03-21 10:36:15 INFO  c.r.r.service.study.StudyService - Mat is not empty
2025-03-21 10:36:15 INFO  c.r.r.service.study.StudyService - 838.0 1024.0
2025-03-21 10:36:15 INFO  c.r.r.m.I.D.CanvasMainChange - true
2025-03-21 10:36:15 INFO  c.r.r.m.I.D.CanvasMainChange - true
2025-03-21 10:36:15 INFO  c.r.r.service.study.StudyService - Mat is not empty
2025-03-21 10:36:15 INFO  c.r.r.m.I.D.CanvasMainChange - true
2025-03-21 10:36:15 INFO  c.r.r.m.I.D.CanvasMainChange - true
2025-03-21 10:36:16 INFO  c.r.r.m.I.D.CanvasMainChange - true
2025-03-21 10:36:16 INFO  c.r.r.m.I.D.CanvasMainChange - true
2025-03-21 10:36:16 INFO  c.r.r.m.I.D.CanvasMainChange - true
2025-03-21 10:36:16 INFO  c.r.r.m.I.D.CanvasMainChange - true
2025-03-21 10:36:16 INFO  c.r.r.m.I.i.ImageDrawWrapperHandling -  crop rect after {0, 0, 838x1024} and multiple is 1024.0 838.0
2025-03-21 10:36:16 INFO  c.r.r.m.I.D.CanvasMainChange - true
2025-03-21 10:36:16 INFO  c.r.r.m.I.D.MainDrawTool - ImagingParams is null
2025-03-21 10:36:16 INFO  c.r.r.m.I.i.ImageDrawWrapperHandling -  crop rect after {0, 0, 838x1024} and multiple is 1024.0 838.0
2025-03-21 10:36:16 INFO  c.r.r.m.I.D.CanvasMainChange - true
2025-03-21 10:36:16 INFO  c.r.r.m.I.D.MainDrawTool - ImagingParams is null
2025-03-21 10:36:19 INFO  c.r.r.m.I.D.CanvasMainChange - true
2025-03-21 10:36:27 INFO  c.r.r.s.study.StudyMainController - Saving for Pacs...
2025-03-21 10:36:27 INFO  c.r.r.m.I.D.CanvasMainChange - true
2025-03-21 10:36:27 INFO  c.r.r.modules.dicom.DicomService - Status : Uploading Begins
2025-03-21 10:36:27 INFO  c.r.r.modules.dicom.DicomService - Creating DICOM File/s...
2025-03-21 10:36:27 INFO  c.r.r.m.I.D.CanvasMainChange - true
2025-03-21 10:36:27 INFO  c.r.r.m.I.D.CanvasMainChange - true
2025-03-21 10:36:27 INFO  c.r.r.m.I.i.ImageDrawWrapperHandling -  crop rect after {226, 0, 426x1024} and multiple is 3052.0 2500.0
2025-03-21 10:36:28 INFO  c.r.r.modules.dicom.DicomService - path exits
2025-03-21 10:36:28 INFO  c.r.r.modules.dicom.DicomService - D:\Work\RxView_Java\RxView\28_RxView_Study_PacsUpload_Crop_Version/dcmOutput/11.dcm
2025-03-21 10:36:28 INFO  c.r.r.m.I.i.ImageDrawWrapperHandling -  crop rect after {226, 0, 426x1024} and multiple is 3052.0 2500.0
2025-03-21 10:36:28 INFO  c.r.r.modules.dicom.DicomService - Uploading to server...
2025-03-21 10:36:28 INFO  c.r.r.modules.dicom.DicomCStore - 
Initiating C-STORE operation...
2025-03-21 10:36:29 INFO  c.r.r.modules.dicom.DicomService - Upload completed successfully!
2025-03-21 10:36:30 INFO  c.r.r.m.I.i.ImageDrawWrapperHandling -  crop rect after {226, 0, 426x1024} and multiple is 1024.0 838.0
2025-03-21 10:37:20 INFO  c.r.r.m.I.i.ImageDrawWrapperHandling -  crop rect after {226, 0, 426x1024} and multiple is 1024.0 838.0
2025-03-21 10:37:25 INFO  c.r.r.s.study.StudyMainController - Saving for Pacs...
2025-03-21 10:37:25 INFO  c.r.r.m.I.D.CanvasMainChange - true
2025-03-21 10:37:25 INFO  c.r.r.modules.dicom.DicomService - Status : Uploading Begins
2025-03-21 10:37:25 INFO  c.r.r.modules.dicom.DicomService - Creating DICOM File/s...
2025-03-21 10:37:25 INFO  c.r.r.m.I.D.CanvasMainChange - true
2025-03-21 10:37:25 INFO  c.r.r.m.I.D.CanvasMainChange - true
2025-03-21 10:37:26 INFO  c.r.r.m.I.D.CanvasMainChange - true
2025-03-21 10:37:26 INFO  c.r.r.modules.dicom.DicomService - path exits
2025-03-21 10:37:26 INFO  c.r.r.modules.dicom.DicomService - D:\Work\RxView_Java\RxView\28_RxView_Study_PacsUpload_Crop_Version/dcmOutput/11.dcm
2025-03-21 10:37:26 INFO  c.r.r.m.I.i.ImageDrawWrapperHandling -  crop rect after {226, 0, 426x1024} and multiple is 3052.0 2500.0
2025-03-21 10:37:26 INFO  c.r.r.modules.dicom.DicomService - Uploading to server...
2025-03-21 10:37:26 INFO  c.r.r.modules.dicom.DicomCStore - 
Initiating C-STORE operation...
2025-03-21 10:37:27 INFO  c.r.r.modules.dicom.DicomService - Upload completed successfully!
2025-03-21 10:37:28 INFO  c.r.r.m.I.i.ImageDrawWrapperHandling -  crop rect after {226, 0, 426x1024} and multiple is 1024.0 838.0
2025-03-21 10:39:07 INFO  c.r.r.m.I.i.ImageDrawWrapperHandling -  crop rect after {226, 0, 426x1024} and multiple is 1024.0 838.0
2025-03-21 10:39:17 INFO  c.r.r.s.study.StudyMainController - Saving for Pacs...
2025-03-21 10:39:17 INFO  c.r.r.m.I.D.CanvasMainChange - true
2025-03-21 10:39:17 INFO  c.r.r.modules.dicom.DicomService - Status : Uploading Begins
2025-03-21 10:39:17 INFO  c.r.r.modules.dicom.DicomService - Creating DICOM File/s...
2025-03-21 10:39:17 INFO  c.r.r.m.I.D.CanvasMainChange - true
2025-03-21 10:39:17 INFO  c.r.r.m.I.D.CanvasMainChange - true
2025-03-21 10:39:17 INFO  c.r.r.m.I.i.ImageDrawWrapperHandling -  crop rect after {226, 0, 426x1024} and multiple is 3052.0 2500.0
2025-03-21 10:39:18 INFO  c.r.r.modules.dicom.DicomService - path exits
2025-03-21 10:39:18 INFO  c.r.r.modules.dicom.DicomService - D:\Work\RxView_Java\RxView\28_RxView_Study_PacsUpload_Crop_Version/dcmOutput/11.dcm
2025-03-21 10:39:18 INFO  c.r.r.m.I.i.ImageDrawWrapperHandling -  crop rect after {226, 0, 426x1024} and multiple is 3052.0 2500.0
2025-03-21 10:39:18 INFO  c.r.r.modules.dicom.DicomService - Uploading to server...
2025-03-21 10:39:18 INFO  c.r.r.modules.dicom.DicomCStore - 
Initiating C-STORE operation...
2025-03-21 10:39:18 INFO  c.r.r.modules.dicom.DicomService - Upload completed successfully!
2025-03-21 10:39:19 INFO  c.r.r.m.I.i.ImageDrawWrapperHandling -  crop rect after {226, 0, 426x1024} and multiple is 1024.0 838.0
2025-03-21 10:39:56 INFO  c.r.r.m.I.i.ImageDrawWrapperHandling -  crop rect after {226, 0, 426x1024} and multiple is 1024.0 838.0
2025-03-21 10:39:57 INFO  c.r.r.s.study.StudyMainController - Saving for Pacs...
2025-03-21 10:39:57 INFO  c.r.r.m.I.D.CanvasMainChange - true
2025-03-21 10:39:57 INFO  c.r.r.modules.dicom.DicomService - Status : Uploading Begins
2025-03-21 10:39:57 INFO  c.r.r.modules.dicom.DicomService - Creating DICOM File/s...
2025-03-21 10:39:57 INFO  c.r.r.m.I.D.CanvasMainChange - true
2025-03-21 10:39:57 INFO  c.r.r.m.I.D.CanvasMainChange - true
2025-03-21 10:39:57 INFO  c.r.r.m.I.i.ImageDrawWrapperHandling -  crop rect after {226, 0, 426x1024} and multiple is 1024.0 838.0
2025-03-21 10:39:57 INFO  c.r.r.modules.dicom.DicomService - path exits
2025-03-21 10:39:57 INFO  c.r.r.modules.dicom.DicomService - D:\Work\RxView_Java\RxView\28_RxView_Study_PacsUpload_Crop_Version/dcmOutput/11.dcm
2025-03-21 10:39:57 INFO  c.r.r.modules.dicom.DicomService - Uploading to server...
2025-03-21 10:39:57 INFO  c.r.r.modules.dicom.DicomCStore - 
Initiating C-STORE operation...
2025-03-21 10:39:58 INFO  c.r.r.modules.dicom.DicomService - Upload completed successfully!
2025-03-21 10:39:58 INFO  c.r.r.m.I.i.ImageDrawWrapperHandling -  crop rect after {226, 0, 426x1024} and multiple is 1024.0 838.0
2025-03-21 10:40:10 INFO  c.r.r.s.study.StudyMainController - Saving for Pacs...
2025-03-21 10:40:10 INFO  c.r.r.m.I.D.CanvasMainChange - true
2025-03-21 10:40:10 INFO  c.r.r.modules.dicom.DicomService - Status : Uploading Begins
2025-03-21 10:40:10 INFO  c.r.r.modules.dicom.DicomService - Creating DICOM File/s...
2025-03-21 10:40:10 INFO  c.r.r.m.I.D.CanvasMainChange - true
2025-03-21 10:40:10 INFO  c.r.r.m.I.D.CanvasMainChange - true
2025-03-21 10:40:10 INFO  c.r.r.m.I.i.ImageDrawWrapperHandling -  crop rect after {226, 0, 426x1024} and multiple is 1024.0 838.0
2025-03-21 10:40:10 INFO  c.r.r.modules.dicom.DicomService - path exits
2025-03-21 10:40:10 INFO  c.r.r.modules.dicom.DicomService - D:\Work\RxView_Java\RxView\28_RxView_Study_PacsUpload_Crop_Version/dcmOutput/11.dcm
2025-03-21 10:40:10 INFO  c.r.r.modules.dicom.DicomService - Uploading to server...
2025-03-21 10:40:10 INFO  c.r.r.modules.dicom.DicomCStore - 
Initiating C-STORE operation...
2025-03-21 10:40:10 INFO  c.r.r.modules.dicom.DicomService - Upload completed successfully!
2025-03-21 10:40:11 INFO  c.r.r.m.I.i.ImageDrawWrapperHandling -  crop rect after {226, 0, 426x1024} and multiple is 1024.0 838.0
2025-03-21 10:40:33 INFO  c.r.r.m.I.i.ImageDrawWrapperHandling -  crop rect after {226, 0, 426x1024} and multiple is 1024.0 838.0
2025-03-21 10:40:39 INFO  c.r.r.s.study.StudyMainController - Saving for Pacs...
2025-03-21 10:40:39 INFO  c.r.r.m.I.D.CanvasMainChange - true
2025-03-21 10:40:39 INFO  c.r.r.modules.dicom.DicomService - Status : Uploading Begins
2025-03-21 10:40:39 INFO  c.r.r.modules.dicom.DicomService - Creating DICOM File/s...
2025-03-21 10:40:39 INFO  c.r.r.m.I.D.CanvasMainChange - true
2025-03-21 10:40:39 INFO  c.r.r.m.I.D.CanvasMainChange - true
2025-03-21 10:40:40 INFO  c.r.r.m.I.i.ImageDrawWrapperHandling -  crop rect after {226, 0, 426x1024} and multiple is 3052.0 2500.0
2025-03-21 10:40:40 INFO  c.r.r.m.I.D.CanvasMainChange - true
2025-03-21 10:40:40 INFO  c.r.r.modules.dicom.DicomService - path exits
2025-03-21 10:40:40 INFO  c.r.r.modules.dicom.DicomService - D:\Work\RxView_Java\RxView\28_RxView_Study_PacsUpload_Crop_Version/dcmOutput/11.dcm
2025-03-21 10:40:40 INFO  c.r.r.m.I.i.ImageDrawWrapperHandling -  crop rect after {226, 0, 426x1024} and multiple is 3052.0 2500.0
2025-03-21 10:40:40 INFO  c.r.r.modules.dicom.DicomService - Uploading to server...
2025-03-21 10:40:40 INFO  c.r.r.modules.dicom.DicomCStore - 
Initiating C-STORE operation...
2025-03-21 10:40:41 INFO  c.r.r.modules.dicom.DicomService - Upload completed successfully!
2025-03-21 10:40:41 INFO  c.r.r.m.I.i.ImageDrawWrapperHandling -  crop rect after {226, 0, 426x1024} and multiple is 1024.0 838.0
2025-03-21 10:41:15 INFO  c.r.r.m.I.i.ImageDrawWrapperHandling -  crop rect after {226, 0, 426x1024} and multiple is 1024.0 838.0
2025-03-21 10:41:19 INFO  c.r.r.s.study.StudyMainController - Saving for Pacs...
2025-03-21 10:41:19 INFO  c.r.r.m.I.D.CanvasMainChange - true
2025-03-21 10:41:19 INFO  c.r.r.modules.dicom.DicomService - Status : Uploading Begins
2025-03-21 10:41:19 INFO  c.r.r.modules.dicom.DicomService - Creating DICOM File/s...
2025-03-21 10:41:19 INFO  c.r.r.m.I.D.CanvasMainChange - true
2025-03-21 10:41:19 INFO  c.r.r.m.I.D.CanvasMainChange - true
2025-03-21 10:41:20 INFO  c.r.r.m.I.i.ImageDrawWrapperHandling -  crop rect after {226, 0, 426x1024} and multiple is 3052.0 2500.0
2025-03-21 10:41:20 INFO  c.r.r.modules.dicom.DicomService - path exits
2025-03-21 10:41:20 INFO  c.r.r.modules.dicom.DicomService - D:\Work\RxView_Java\RxView\28_RxView_Study_PacsUpload_Crop_Version/dcmOutput/11.dcm
2025-03-21 10:41:20 INFO  c.r.r.m.I.i.ImageDrawWrapperHandling -  crop rect after {226, 0, 426x1024} and multiple is 3052.0 2500.0
2025-03-21 10:41:20 INFO  c.r.r.modules.dicom.DicomService - Uploading to server...
2025-03-21 10:41:20 INFO  c.r.r.modules.dicom.DicomCStore - 
Initiating C-STORE operation...
2025-03-21 10:41:21 INFO  c.r.r.modules.dicom.DicomService - Upload completed successfully!
2025-03-21 10:41:21 INFO  c.r.r.m.I.i.ImageDrawWrapperHandling -  crop rect after {226, 0, 426x1024} and multiple is 1024.0 838.0
2025-03-21 10:41:44 INFO  c.r.r.m.I.i.ImageDrawWrapperHandling -  crop rect after {226, 0, 426x1024} and multiple is 1024.0 838.0
2025-03-21 10:41:49 INFO  c.r.r.s.study.StudyMainController - Saving for Pacs...
2025-03-21 10:41:49 INFO  c.r.r.m.I.D.CanvasMainChange - true
2025-03-21 10:41:50 INFO  c.r.r.modules.dicom.DicomService - Status : Uploading Begins
2025-03-21 10:41:50 INFO  c.r.r.modules.dicom.DicomService - Creating DICOM File/s...
2025-03-21 10:41:50 INFO  c.r.r.m.I.D.CanvasMainChange - true
2025-03-21 10:41:50 INFO  c.r.r.m.I.D.CanvasMainChange - true
2025-03-21 10:41:50 INFO  c.r.r.m.I.i.ImageDrawWrapperHandling -  crop rect after {226, 0, 426x1024} and multiple is 3052.0 2500.0
2025-03-21 10:41:50 INFO  c.r.r.m.I.D.CanvasMainChange - true
2025-03-21 10:41:50 INFO  c.r.r.modules.dicom.DicomService - path exits
2025-03-21 10:41:50 INFO  c.r.r.modules.dicom.DicomService - D:\Work\RxView_Java\RxView\28_RxView_Study_PacsUpload_Crop_Version/dcmOutput/11.dcm
2025-03-21 10:41:50 INFO  c.r.r.m.I.i.ImageDrawWrapperHandling -  crop rect after {226, 0, 426x1024} and multiple is 3052.0 2500.0
2025-03-21 10:41:50 INFO  c.r.r.modules.dicom.DicomService - Uploading to server...
2025-03-21 10:41:50 INFO  c.r.r.modules.dicom.DicomCStore - 
Initiating C-STORE operation...
2025-03-21 10:41:51 INFO  c.r.r.modules.dicom.DicomService - Upload completed successfully!
2025-03-21 10:41:51 INFO  c.r.r.m.I.i.ImageDrawWrapperHandling -  crop rect after {226, 0, 426x1024} and multiple is 1024.0 838.0
2025-03-21 10:42:24 INFO  c.r.r.m.I.i.ImageDrawWrapperHandling -  crop rect after {226, 0, 426x1024} and multiple is 1024.0 838.0
2025-03-21 10:42:25 INFO  c.r.r.s.study.StudyMainController - Saving for Pacs...
2025-03-21 10:42:25 INFO  c.r.r.m.I.D.CanvasMainChange - true
2025-03-21 10:42:25 INFO  c.r.r.modules.dicom.DicomService - Status : Uploading Begins
2025-03-21 10:42:25 INFO  c.r.r.modules.dicom.DicomService - Creating DICOM File/s...
2025-03-21 10:42:25 INFO  c.r.r.m.I.D.CanvasMainChange - true
2025-03-21 10:42:25 INFO  c.r.r.m.I.D.CanvasMainChange - true
2025-03-21 10:42:26 INFO  c.r.r.m.I.D.CanvasMainChange - true
2025-03-21 10:42:26 INFO  c.r.r.modules.dicom.DicomService - path exits
2025-03-21 10:42:26 INFO  c.r.r.modules.dicom.DicomService - D:\Work\RxView_Java\RxView\28_RxView_Study_PacsUpload_Crop_Version/dcmOutput/11.dcm
2025-03-21 10:42:26 INFO  c.r.r.m.I.i.ImageDrawWrapperHandling -  crop rect after {226, 0, 426x1024} and multiple is 3052.0 2500.0
2025-03-21 10:42:26 INFO  c.r.r.modules.dicom.DicomService - Uploading to server...
2025-03-21 10:42:26 INFO  c.r.r.modules.dicom.DicomCStore - 
Initiating C-STORE operation...
2025-03-21 10:42:27 INFO  c.r.r.modules.dicom.DicomService - Upload completed successfully!
2025-03-21 10:42:27 INFO  c.r.r.m.I.i.ImageDrawWrapperHandling -  crop rect after {226, 0, 426x1024} and multiple is 1024.0 838.0
2025-03-21 10:42:44 INFO  c.r.r.m.I.i.ImageDrawWrapperHandling -  crop rect after {226, 0, 426x1024} and multiple is 1024.0 838.0
2025-03-21 10:42:47 INFO  c.r.r.s.study.StudyMainController - Saving for Pacs...
2025-03-21 10:42:47 INFO  c.r.r.m.I.D.CanvasMainChange - true
2025-03-21 10:42:47 INFO  c.r.r.modules.dicom.DicomService - Status : Uploading Begins
2025-03-21 10:42:47 INFO  c.r.r.modules.dicom.DicomService - Creating DICOM File/s...
2025-03-21 10:42:47 INFO  c.r.r.m.I.D.CanvasMainChange - true
2025-03-21 10:42:47 INFO  c.r.r.m.I.D.CanvasMainChange - true
2025-03-21 10:42:47 INFO  c.r.r.m.I.i.ImageDrawWrapperHandling -  crop rect after {226, 0, 426x1024} and multiple is 3052.0 2500.0
2025-03-21 10:42:48 INFO  c.r.r.modules.dicom.DicomService - path exits
2025-03-21 10:42:48 INFO  c.r.r.modules.dicom.DicomService - D:\Work\RxView_Java\RxView\28_RxView_Study_PacsUpload_Crop_Version/dcmOutput/11.dcm
2025-03-21 10:42:48 INFO  c.r.r.m.I.i.ImageDrawWrapperHandling -  crop rect after {226, 0, 426x1024} and multiple is 3052.0 2500.0
2025-03-21 10:42:48 INFO  c.r.r.modules.dicom.DicomService - Uploading to server...
2025-03-21 10:42:48 INFO  c.r.r.modules.dicom.DicomCStore - 
Initiating C-STORE operation...
2025-03-21 10:42:48 INFO  c.r.r.modules.dicom.DicomService - Upload completed successfully!
2025-03-21 10:42:49 INFO  c.r.r.m.I.i.ImageDrawWrapperHandling -  crop rect after {226, 0, 426x1024} and multiple is 1024.0 838.0
2025-03-21 10:43:56 INFO  c.r.r.m.I.i.ImageDrawWrapperHandling -  crop rect after {226, 0, 426x1024} and multiple is 1024.0 838.0
2025-03-21 10:43:57 INFO  c.r.r.s.study.StudyMainController - Saving for Pacs...
2025-03-21 10:43:57 INFO  c.r.r.m.I.D.CanvasMainChange - true
2025-03-21 10:43:57 INFO  c.r.r.modules.dicom.DicomService - Status : Uploading Begins
2025-03-21 10:43:57 INFO  c.r.r.modules.dicom.DicomService - Creating DICOM File/s...
2025-03-21 10:43:57 INFO  c.r.r.modules.dicom.DicomService - Uploading to server...
2025-03-21 10:43:57 INFO  c.r.r.modules.dicom.DicomCStore - 
Initiating C-STORE operation...
2025-03-21 10:43:57 INFO  c.r.r.m.I.D.CanvasMainChange - true
2025-03-21 10:43:57 INFO  c.r.r.m.I.D.CanvasMainChange - true
2025-03-21 10:43:57 INFO  c.r.r.m.I.i.ImageDrawWrapperHandling -  crop rect after {226, 0, 426x1024} and multiple is 1024.0 838.0
2025-03-21 10:43:58 INFO  c.r.r.modules.dicom.DicomService - Upload completed successfully!
2025-03-21 10:43:58 INFO  c.r.r.m.I.i.ImageDrawWrapperHandling -  crop rect after {226, 0, 426x1024} and multiple is 1024.0 838.0
