2025-03-21 13:22:21 INFO  c.r.rxviewui.controller.LoginPage - logged In
2025-03-21 13:22:22 INFO  c.r.r.service.login.LoginController - ip mismatched 192.168.31.178 and 192.168.12.10
2025-03-21 13:22:22 INFO  c.r.r.service.login.LoginController - IP not found
2025-03-21 13:22:22 INFO  c.r.r.service.login.LoginController - initialized
2025-03-21 13:22:25 INFO  c.r.r.m.I.D.CanvasMainChange - crop 1 0.0, 0.0 ,0.0 
2025-03-21 13:22:25 INFO  c.r.r.m.I.D.CanvasMainChange - crop 1 0.0, 0.0 ,0.0 
2025-03-21 13:22:25 INFO  c.r.r.m.I.D.CanvasMainChange - crop 1 0.0, 0.0 ,0.0 
2025-03-21 13:22:25 INFO  c.r.r.m.I.D.CanvasMainChange - crop 1 0.0, 0.0 ,0.0 
2025-03-21 13:22:25 INFO  c.r.r.service.login.LoginController - No devices found!!!
2025-03-21 13:22:29 INFO  c.r.r.service.study.StudyService - Image received
2025-03-21 13:22:30 INFO  c.r.r.service.study.StudyService - 838.0 1024.0
2025-03-21 13:22:30 INFO  c.r.r.service.study.StudyService - Mat is not empty
2025-03-21 13:22:30 INFO  c.r.r.m.I.D.CanvasMainChange - crop 1 0.0, 0.0 ,1.0 
2025-03-21 13:22:30 INFO  c.r.r.m.I.D.CanvasMainChange - crop 1 0.0, 0.0 ,1.0 
2025-03-21 13:22:31 INFO  c.r.r.m.I.D.CanvasMainChange - crop 1 0.0, 0.0 ,1.0 
2025-03-21 13:22:31 INFO  c.r.r.m.I.D.CanvasMainChange - crop 1 0.0, 0.0 ,1.0 
2025-03-21 13:22:31 INFO  c.r.r.m.I.D.CanvasMainChange - crop 1 0.0, 0.0 ,1.0 
2025-03-21 13:22:31 INFO  c.r.r.m.I.D.CanvasMainChange - crop 1 0.0, 0.0 ,1.0 
2025-03-21 13:22:31 INFO  c.r.r.m.I.D.CanvasMainChange - crop 1 0.0, 0.0 ,1.0 
2025-03-21 13:22:31 INFO  c.r.r.m.I.D.MainDrawTool - ImagingParams is null
2025-03-21 13:22:33 INFO  c.r.r.s.study.StudyMainController - Saving for Pacs...
2025-03-21 13:22:33 INFO  c.r.r.m.I.D.CanvasMainChange - crop 1 0.0, 0.0 ,1.0 
2025-03-21 13:22:33 INFO  c.r.r.m.I.D.CanvasMainChange - crop 1 0.0, 0.0 ,1.0 
2025-03-21 13:22:33 INFO  c.r.r.m.I.D.CanvasMainChange - crop 1 0.0, 0.0 ,1.0 
2025-03-21 13:22:33 INFO  c.r.r.m.I.D.CanvasMainChange - crop 1 0.0, 0.0 ,1.0 
2025-03-21 13:22:33 INFO  c.r.r.m.I.D.CanvasMainChange - crop 1 0.0, 0.0 ,1.0 
2025-03-21 13:22:33 INFO  c.r.r.modules.dicom.DicomService - Status : Uploading Begins
2025-03-21 13:22:33 INFO  c.r.r.modules.dicom.DicomService - Creating DICOM File/s...
2025-03-21 13:22:33 INFO  c.r.r.modules.dicom.DicomService - needsAnnotations
2025-03-21 13:22:33 INFO  c.r.r.m.I.D.CanvasMainChange - crop 1 0.0, 0.0 ,1.0 
2025-03-21 13:22:33 INFO  c.r.r.m.I.D.CanvasMainChange - crop 1 0.0, 0.0 ,1.0 
2025-03-21 13:22:33 INFO  c.r.r.m.I.D.CanvasMainChange - crop 1 0.0, 0.0 ,1.0 
2025-03-21 13:22:33 INFO  c.r.r.m.I.D.CanvasMainChange - crop 1 0.0, 0.0 ,1.0 
2025-03-21 13:22:33 INFO  c.r.r.m.I.D.CanvasMainChange - crop 1 0.0, 0.0 ,2.98046875 
2025-03-21 13:22:33 INFO  c.r.r.m.I.D.CanvasMainChange - crop {0, 0, 2497x3052}
2025-03-21 13:22:33 INFO  c.r.r.m.I.D.CanvasMainChange - CanvasMainChange.displayImage 2500.0 , 3052.0
2025-03-21 13:22:34 INFO  c.r.r.m.I.D.CanvasMainChange - crop 1 0.0, 0.0 ,2.98046875 
2025-03-21 13:22:34 INFO  c.r.r.m.I.D.CanvasMainChange - crop {0, 0, 2497x3052}
2025-03-21 13:22:34 INFO  c.r.r.m.I.D.CanvasMainChange - CanvasMainChange.displayImage 2500.0 , 3052.0
2025-03-21 13:22:34 INFO  c.r.r.m.I.D.CanvasMainChange - crop 1 0.0, 0.0 ,2.98046875 
2025-03-21 13:22:34 INFO  c.r.r.m.I.D.CanvasMainChange - crop {0, 0, 2497x3052}
2025-03-21 13:22:34 INFO  c.r.r.m.I.D.CanvasMainChange - CanvasMainChange.displayImage 2500.0 , 3052.0
2025-03-21 13:22:34 INFO  c.r.r.m.I.D.CanvasMainChange - crop 1 0.0, 0.0 ,2.98046875 
2025-03-21 13:22:34 INFO  c.r.r.modules.dicom.DicomService - path exits
2025-03-21 13:22:34 INFO  c.r.r.modules.dicom.DicomService - D:\Work\RxView_Java\RxView\29_RxView_Study_PacsUpload_Status/dcmOutput/11.dcm
2025-03-21 13:22:34 INFO  c.r.r.modules.dicom.DicomService - Uploading to server...
2025-03-21 13:22:34 INFO  c.r.r.m.I.D.CanvasMainChange - crop 1 0.0, 0.0 ,2.98046875 
2025-03-21 13:22:34 INFO  c.r.r.modules.dicom.DicomCStore - 
Initiating C-STORE operation...
2025-03-21 13:22:34 INFO  c.r.r.m.I.D.CanvasMainChange - crop 1 0.0, 0.0 ,2.98046875 
2025-03-21 13:22:35 INFO  c.r.r.modules.dicom.DicomService - Upload completed successfully!
2025-03-21 13:22:36 INFO  c.r.r.m.I.D.CanvasMainChange - crop 1 0.0, 0.0 ,2.98046875 
2025-03-21 13:22:36 INFO  c.r.r.m.I.D.CanvasMainChange - crop 1 0.0, 0.0 ,2.98046875 
2025-03-21 13:22:36 INFO  c.r.r.m.I.D.CanvasMainChange - crop 1 0.0, 0.0 ,1.0 
2025-03-21 13:22:36 INFO  c.r.r.m.I.D.CanvasMainChange - crop {0, 0, 2500x3052}
2025-03-21 13:22:36 INFO  c.r.r.m.I.D.CanvasMainChange - CanvasMainChange.displayImage 838.0 , 1024.0
2025-03-21 13:23:06 INFO  c.r.rxviewui.controller.LoginPage - logged In
2025-03-21 13:23:06 INFO  c.r.r.service.login.LoginController - ip mismatched 192.168.31.178 and 192.168.12.10
2025-03-21 13:23:06 INFO  c.r.r.service.login.LoginController - IP not found
2025-03-21 13:23:06 INFO  c.r.r.service.login.LoginController - initialized
2025-03-21 13:23:10 INFO  c.r.r.service.login.LoginController - No devices found!!!
2025-03-21 13:23:12 INFO  c.r.r.m.I.D.CanvasMainChange - crop 1 0.0, 0.0 ,0.0 
2025-03-21 13:23:12 INFO  c.r.r.m.I.D.CanvasMainChange - crop 1 0.0, 0.0 ,0.0 
2025-03-21 13:23:12 INFO  c.r.r.m.I.D.CanvasMainChange - crop 1 0.0, 0.0 ,0.0 
2025-03-21 13:23:12 INFO  c.r.r.m.I.D.CanvasMainChange - crop 1 0.0, 0.0 ,0.0 
2025-03-21 13:23:16 INFO  c.r.r.service.study.StudyService - Image received
2025-03-21 13:23:17 INFO  c.r.r.service.study.StudyService - 838.0 1024.0
2025-03-21 13:23:17 INFO  c.r.r.service.study.StudyService - Mat is not empty
2025-03-21 13:23:17 INFO  c.r.r.m.I.D.CanvasMainChange - crop 1 0.0, 0.0 ,1.0 
2025-03-21 13:23:17 INFO  c.r.r.m.I.D.CanvasMainChange - crop 1 0.0, 0.0 ,1.0 
2025-03-21 13:23:18 INFO  c.r.r.m.I.D.CanvasMainChange - crop 1 0.0, 0.0 ,1.0 
2025-03-21 13:23:18 INFO  c.r.r.m.I.D.CanvasMainChange - crop 1 0.0, 0.0 ,1.0 
2025-03-21 13:23:18 INFO  c.r.r.m.I.D.CanvasMainChange - crop 1 0.0, 0.0 ,1.0 
2025-03-21 13:23:18 INFO  c.r.r.m.I.D.CanvasMainChange - crop 1 0.0, 0.0 ,1.0 
2025-03-21 13:23:18 INFO  c.r.r.m.I.D.CanvasMainChange - crop 1 0.0, 0.0 ,1.0 
2025-03-21 13:23:18 INFO  c.r.r.m.I.D.MainDrawTool - ImagingParams is null
2025-03-21 13:23:22 INFO  c.r.r.s.study.StudyMainController - Saving for Pacs...
2025-03-21 13:23:22 INFO  c.r.r.m.I.D.CanvasMainChange - crop 1 0.0, 0.0 ,1.0 
2025-03-21 13:23:22 INFO  c.r.r.m.I.D.CanvasMainChange - crop 1 0.0, 0.0 ,1.0 
2025-03-21 13:23:22 INFO  c.r.r.m.I.D.CanvasMainChange - crop 1 0.0, 0.0 ,1.0 
2025-03-21 13:23:22 INFO  c.r.r.m.I.D.CanvasMainChange - crop 1 0.0, 0.0 ,1.0 
2025-03-21 13:23:22 INFO  c.r.r.m.I.D.CanvasMainChange - crop 1 0.0, 0.0 ,1.0 
2025-03-21 13:23:22 INFO  c.r.r.modules.dicom.DicomService - Status : Uploading Begins
2025-03-21 13:23:22 INFO  c.r.r.modules.dicom.DicomService - Creating DICOM File/s...
2025-03-21 13:23:22 INFO  c.r.r.modules.dicom.DicomService - needsAnnotations
2025-03-21 13:23:22 INFO  c.r.r.m.I.D.CanvasMainChange - crop 1 0.0, 0.0 ,1.0 
2025-03-21 13:23:22 INFO  c.r.r.m.I.D.CanvasMainChange - crop 1 0.0, 0.0 ,1.0 
2025-03-21 13:23:22 INFO  c.r.r.m.I.D.CanvasMainChange - crop 1 0.0, 0.0 ,1.0 
2025-03-21 13:23:22 INFO  c.r.r.m.I.D.CanvasMainChange - crop 1 0.0, 0.0 ,1.0 
2025-03-21 13:23:23 INFO  c.r.r.m.I.D.CanvasMainChange - crop 1 0.0, 0.0 ,2.98046875 
2025-03-21 13:23:23 INFO  c.r.r.m.I.D.CanvasMainChange - crop {0, 0, 2497x3052}
2025-03-21 13:23:23 INFO  c.r.r.m.I.D.CanvasMainChange - CanvasMainChange.displayImage 2500.0 , 3052.0
2025-03-21 13:23:23 INFO  c.r.r.m.I.D.CanvasMainChange - crop 1 0.0, 0.0 ,2.98046875 
2025-03-21 13:23:23 INFO  c.r.r.m.I.D.CanvasMainChange - crop {0, 0, 2497x3052}
2025-03-21 13:23:23 INFO  c.r.r.m.I.D.CanvasMainChange - CanvasMainChange.displayImage 2500.0 , 3052.0
2025-03-21 13:23:23 INFO  c.r.r.m.I.D.CanvasMainChange - crop 1 0.0, 0.0 ,2.98046875 
2025-03-21 13:23:23 INFO  c.r.r.m.I.D.CanvasMainChange - crop {0, 0, 2497x3052}
2025-03-21 13:23:23 INFO  c.r.r.m.I.D.CanvasMainChange - CanvasMainChange.displayImage 2500.0 , 3052.0
2025-03-21 13:23:23 INFO  c.r.r.m.I.D.CanvasMainChange - crop 1 0.0, 0.0 ,2.98046875 
2025-03-21 13:23:23 INFO  c.r.r.modules.dicom.DicomService - path exits
2025-03-21 13:23:23 INFO  c.r.r.modules.dicom.DicomService - D:\Work\RxView_Java\RxView\29_RxView_Study_PacsUpload_Status/dcmOutput/11.dcm
2025-03-21 13:23:23 INFO  c.r.r.modules.dicom.DicomService - Uploading to server...
2025-03-21 13:23:23 INFO  c.r.r.modules.dicom.DicomCStore - 
Initiating C-STORE operation...
2025-03-21 13:23:23 INFO  c.r.r.m.I.D.CanvasMainChange - crop 1 0.0, 0.0 ,2.98046875 
2025-03-21 13:23:23 INFO  c.r.r.m.I.D.CanvasMainChange - crop 1 0.0, 0.0 ,2.98046875 
2025-03-21 13:23:24 INFO  c.r.r.modules.dicom.DicomService - Upload completed successfully!
2025-03-21 13:23:24 INFO  c.r.r.m.I.D.CanvasMainChange - crop 1 0.0, 0.0 ,2.98046875 
2025-03-21 13:23:24 INFO  c.r.r.m.I.D.CanvasMainChange - crop 1 0.0, 0.0 ,2.98046875 
2025-03-21 13:23:24 INFO  c.r.r.m.I.D.CanvasMainChange - crop 1 0.0, 0.0 ,1.0 
2025-03-21 13:23:24 INFO  c.r.r.m.I.D.CanvasMainChange - crop {0, 0, 2500x3052}
2025-03-21 13:23:24 INFO  c.r.r.m.I.D.CanvasMainChange - CanvasMainChange.displayImage 838.0 , 1024.0
