2025-03-21 16:40:16 INFO  c.r.rxviewui.controller.LoginPage - logged In
2025-03-21 16:40:17 INFO  c.r.r.service.login.LoginController - ip mismatched 192.168.31.178 and 192.168.12.10
2025-03-21 16:40:17 INFO  c.r.r.service.login.LoginController - IP not found
2025-03-21 16:40:17 INFO  c.r.r.service.login.LoginController - initialized
2025-03-21 16:40:20 INFO  c.r.r.service.login.LoginController - No devices found!!!
2025-03-21 16:40:23 INFO  c.r.r.m.I.D.CanvasMainChange - lines 0 , ellipse 0 
2025-03-21 16:40:23 INFO  c.r.r.m.I.D.CanvasMainChange - lines 0 , ellipse 0 
2025-03-21 16:40:23 INFO  c.r.r.m.I.D.CanvasMainChange - lines 0 , ellipse 0 
2025-03-21 16:40:23 INFO  c.r.r.m.I.D.CanvasMainChange - lines 0 , ellipse 0 
2025-03-21 16:40:25 INFO  c.r.r.service.study.StudyService - Image received
2025-03-21 16:40:26 INFO  c.r.r.service.study.StudyService - 838.0 1024.0
2025-03-21 16:40:27 INFO  c.r.r.service.study.StudyService - Mat is not empty
2025-03-21 16:40:27 INFO  c.r.r.m.I.D.CanvasMainChange - lines 0 , ellipse 0 
2025-03-21 16:40:27 INFO  c.r.r.m.I.D.CanvasMainChange - lines 0 , ellipse 0 
2025-03-21 16:40:27 INFO  c.r.r.m.I.D.CanvasMainChange - lines 0 , ellipse 0 
2025-03-21 16:40:27 INFO  c.r.r.m.I.D.CanvasMainChange - lines 0 , ellipse 0 
2025-03-21 16:40:27 INFO  c.r.r.m.I.D.CanvasMainChange - lines 0 , ellipse 0 
2025-03-21 16:40:27 INFO  c.r.r.m.I.D.CanvasMainChange - lines 0 , ellipse 0 
2025-03-21 16:40:27 INFO  c.r.r.m.I.i.ImageDrawWrapperHandling - crop selected false
2025-03-21 16:40:27 INFO  c.r.r.m.I.D.CanvasMainChange - lines 0 , ellipse 0 
2025-03-21 16:40:27 INFO  c.r.r.m.I.D.MainDrawTool - ImagingParams is null
2025-03-21 16:40:28 INFO  c.r.r.m.I.D.CanvasMainChange - lines 0 , ellipse 0 
2025-03-21 16:40:32 INFO  c.r.r.m.I.D.CanvasMainChange - lines 0 , ellipse 0 
2025-03-21 16:40:32 INFO  c.r.r.m.I.D.CanvasMainChange - lines 0 , ellipse 0 
2025-03-21 16:40:33 INFO  c.r.r.m.I.D.CanvasMainChange - lines 0 , ellipse 0 
2025-03-21 16:40:34 INFO  c.r.r.m.I.D.CanvasMainChange - lines 0 , ellipse 0 
2025-03-21 16:40:34 INFO  c.r.r.m.I.D.CanvasMainChange - lines 0 , ellipse 1 
2025-03-21 16:40:34 INFO  c.r.r.m.I.D.CanvasMainChange - lines 0 , ellipse 2 
2025-03-21 16:40:34 INFO  c.r.r.m.I.D.CanvasMainChange - lines 1 , ellipse 2 
2025-03-21 16:40:34 INFO  c.r.r.m.I.D.CanvasMainChange - lines 1 , ellipse 2 
2025-03-21 16:40:36 INFO  c.r.r.s.study.StudyMainController - saving for export...
2025-03-21 16:40:36 INFO  c.r.r.m.I.D.CanvasMainChange - lines 1 , ellipse 2 
2025-03-21 16:40:36 INFO  c.r.r.m.I.D.CanvasMainChange - lines 0 , ellipse 0 
2025-03-21 16:40:36 INFO  c.r.r.m.I.D.CanvasMainChange - lines 0 , ellipse 0 
2025-03-21 16:40:36 INFO  c.r.r.m.I.D.CanvasMainChange - lines 0 , ellipse 0 
2025-03-21 16:40:36 INFO  c.r.r.m.I.D.CanvasMainChange - lines 0 , ellipse 0 
2025-03-21 16:40:36 INFO  c.r.rxviewui.controller.ExportWindow - initialized
2025-03-21 16:40:36 INFO  c.r.r.m.I.D.CanvasMainChange - lines 0 , ellipse 0 
2025-03-21 16:40:36 INFO  c.r.r.m.I.D.CanvasMainChange - lines 0 , ellipse 0 
2025-03-21 16:40:36 INFO  c.r.r.m.I.D.CanvasMainChange - lines 1 , ellipse 2 
2025-03-21 16:40:37 INFO  c.r.r.m.I.D.CanvasMainChange - lines 1 , ellipse 2 
2025-03-21 16:40:44 INFO  c.r.rxviewui.controller.ExportStudy - before 2 lines size 1 
2025-03-21 16:40:44 INFO  c.r.r.m.I.D.CanvasMainChange - lines 0 , ellipse 0 
2025-03-21 16:40:44 INFO  c.r.r.m.I.D.CanvasMainChange - lines 0 , ellipse 0 
2025-03-21 16:40:44 INFO  c.r.rxviewui.controller.ExportStudy - after 21 lines size 0 
2025-03-21 16:40:44 INFO  c.r.rxviewui.controller.ExportStudy - after 22 lines size 0 
2025-03-21 16:40:44 INFO  c.r.rxviewui.controller.ExportStudy - after 23 lines size 0 
2025-03-21 16:40:45 INFO  c.r.r.m.I.D.CanvasMainChange - lines 0 , ellipse 0 
2025-03-21 16:40:45 INFO  c.r.rxviewui.controller.ExportStudy - after 24 lines size 0 
2025-03-21 16:40:45 INFO  c.r.r.m.I.i.ImageDrawWrapperHandling - crop selected false
2025-03-21 16:40:45 INFO  c.r.r.m.I.i.ImageDrawWrapperHandling - before distanceDrawWrapperList 1 , lines size 0 
2025-03-21 16:40:45 INFO  c.r.r.m.I.i.ImageDrawWrapperHandling - after distanceDrawWrapperList 1 , lines size 1 
2025-03-21 16:40:45 INFO  c.r.r.m.I.D.CanvasMainChange - lines 1 , ellipse 2 
2025-03-21 16:40:45 INFO  c.r.r.m.I.D.CanvasMainChange - lines 1 , ellipse 2 
2025-03-21 16:42:29 INFO  c.r.r.m.I.D.CanvasMainChange - lines 0 , ellipse 0 
2025-03-21 16:42:29 INFO  c.r.r.m.I.D.CanvasMainChange - lines 0 , ellipse 0 
2025-03-21 16:42:29 INFO  c.r.r.m.I.D.CanvasMainChange - lines 0 , ellipse 0 
2025-03-21 16:42:29 INFO  c.r.r.m.I.D.CanvasMainChange - lines 0 , ellipse 0 
2025-03-21 16:42:29 INFO  c.r.r.m.I.D.CanvasMainChange - lines 1 , ellipse 2 
2025-03-21 16:42:29 INFO  c.r.r.m.I.D.CanvasMainChange - lines 1 , ellipse 2 
2025-03-21 16:42:30 INFO  c.r.r.m.I.D.CanvasMainChange - lines 1 , ellipse 2 
2025-03-21 16:43:02 INFO  c.r.r.m.I.D.CanvasMainChange - lines 1 , ellipse 2 
2025-03-21 16:43:02 INFO  c.r.r.m.I.D.CanvasMainChange - lines 1 , ellipse 2 
2025-03-21 16:43:13 INFO  c.r.r.m.I.D.CanvasMainChange - lines 1 , ellipse 2 
2025-03-21 16:43:16 INFO  c.r.r.m.I.D.CanvasMainChange - lines 1 , ellipse 2 
2025-03-21 16:43:18 INFO  c.r.r.m.I.D.CanvasMainChange - lines 1 , ellipse 2 
2025-03-21 16:43:20 INFO  c.r.r.m.I.D.CanvasMainChange - lines 1 , ellipse 2 
2025-03-21 16:43:21 INFO  c.r.r.m.I.D.CanvasMainChange - lines 1 , ellipse 2 
2025-03-21 16:43:23 INFO  c.r.r.m.I.D.CanvasMainChange - lines 0 , ellipse 0 
2025-03-21 16:43:23 INFO  c.r.r.m.I.D.CanvasMainChange - lines 0 , ellipse 0 
2025-03-21 16:43:26 INFO  c.r.r.m.I.D.CanvasMainChange - lines 0 , ellipse 0 
2025-03-21 16:43:30 INFO  c.r.r.m.I.D.CanvasMainChange - lines 0 , ellipse 0 
2025-03-21 16:43:34 INFO  c.r.r.m.I.D.CanvasMainChange - lines 0 , ellipse 0 
2025-03-21 16:43:34 INFO  c.r.r.m.I.D.CanvasMainChange - lines 0 , ellipse 0 
2025-03-21 16:43:41 INFO  c.r.r.m.I.D.CanvasMainChange - lines 0 , ellipse 0 
2025-03-21 16:43:43 INFO  c.r.r.m.I.D.CanvasMainChange - lines 0 , ellipse 0 
2025-03-21 16:43:43 INFO  c.r.r.m.I.D.CanvasMainChange - lines 0 , ellipse 1 
2025-03-21 16:43:43 INFO  c.r.r.m.I.D.CanvasMainChange - lines 0 , ellipse 2 
2025-03-21 16:43:43 INFO  c.r.r.m.I.D.CanvasMainChange - lines 1 , ellipse 2 
2025-03-21 16:43:43 INFO  c.r.r.m.I.D.CanvasMainChange - lines 1 , ellipse 2 
2025-03-21 16:43:45 INFO  c.r.r.m.I.D.CanvasMainChange - lines 1 , ellipse 2 
2025-03-21 16:44:22 INFO  c.r.r.m.I.D.CanvasMainChange - lines 1 , ellipse 2 
2025-03-21 16:44:22 INFO  c.r.r.m.I.D.CanvasMainChange - lines 1 , ellipse 2 
2025-03-21 16:44:27 INFO  c.r.r.m.I.D.CanvasMainChange - lines 1 , ellipse 2 
2025-03-21 16:44:29 INFO  c.r.r.m.I.D.CanvasMainChange - lines 1 , ellipse 2 
2025-03-21 16:44:29 INFO  c.r.r.m.I.D.CanvasMainChange - lines 1 , ellipse 2 
2025-03-21 16:44:30 INFO  c.r.r.m.I.D.CanvasMainChange - lines 1 , ellipse 2 
2025-03-21 16:44:34 INFO  c.r.r.m.I.D.CanvasMainChange - lines 1 , ellipse 2 
2025-03-21 16:44:34 INFO  c.r.r.m.I.D.CanvasMainChange - lines 1 , ellipse 2 
2025-03-21 16:45:06 INFO  c.r.r.m.I.D.CanvasMainChange - lines 1 , ellipse 2 
2025-03-21 16:45:08 INFO  c.r.r.m.I.D.CanvasMainChange - lines 1 , ellipse 2 
2025-03-21 16:45:08 INFO  c.r.r.m.I.D.CanvasMainChange - lines 1 , ellipse 2 
2025-03-21 16:45:10 INFO  c.r.r.s.study.StudyMainController - Saving for Pacs...
2025-03-21 16:45:10 INFO  c.r.r.m.I.D.CanvasMainChange - lines 1 , ellipse 2 
2025-03-21 16:45:10 INFO  c.r.r.m.I.D.CanvasMainChange - lines 0 , ellipse 0 
2025-03-21 16:45:10 INFO  c.r.r.m.I.D.CanvasMainChange - lines 0 , ellipse 0 
2025-03-21 16:45:10 INFO  c.r.r.m.I.D.CanvasMainChange - lines 0 , ellipse 0 
2025-03-21 16:45:10 INFO  c.r.r.m.I.D.CanvasMainChange - lines 0 , ellipse 0 
2025-03-21 16:45:10 INFO  c.r.r.modules.dicom.DicomService - Status : Uploading Begins
2025-03-21 16:45:10 INFO  c.r.r.modules.dicom.DicomService - Creating DICOM File/s...
2025-03-21 16:45:10 INFO  c.r.r.modules.dicom.DicomService - shouldUseOriginalImage
2025-03-21 16:45:10 INFO  c.r.r.m.I.D.CanvasMainChange - lines 0 , ellipse 0 
2025-03-21 16:45:10 INFO  c.r.r.m.I.D.CanvasMainChange - lines 0 , ellipse 0 
2025-03-21 16:45:10 INFO  c.r.r.m.I.D.CanvasMainChange - lines 1 , ellipse 2 
2025-03-21 16:45:10 INFO  c.r.r.m.I.D.CanvasMainChange - lines 1 , ellipse 2 
2025-03-21 16:45:10 INFO  c.r.r.modules.dicom.DicomService - path exits
2025-03-21 16:45:10 INFO  c.r.r.modules.dicom.DicomService - D:\Work\RxView_Java\RxView\29_RxView_Study_PacsUpload_Status/dcmOutput/11.dcm
2025-03-21 16:45:10 INFO  c.r.r.modules.dicom.DicomService - Uploading to server...
2025-03-21 16:45:10 INFO  c.r.r.modules.dicom.DicomCStore - 
Initiating C-STORE operation...
2025-03-21 16:45:11 INFO  c.r.r.modules.dicom.DicomService - Upload completed successfully!
2025-03-21 16:45:11 INFO  c.r.r.m.I.D.CanvasMainChange - lines 0 , ellipse 0 
2025-03-21 16:45:11 INFO  c.r.r.m.I.D.CanvasMainChange - lines 0 , ellipse 0 
2025-03-21 16:45:11 INFO  c.r.r.m.I.D.CanvasMainChange - lines 0 , ellipse 0 
2025-03-21 16:45:11 INFO  c.r.r.m.I.D.CanvasMainChange - lines 0 , ellipse 0 
2025-03-21 16:45:11 INFO  c.r.r.m.I.D.CanvasMainChange - lines 1 , ellipse 2 
2025-03-21 16:45:11 INFO  c.r.r.m.I.D.CanvasMainChange - lines 1 , ellipse 2 
