2025-03-21 16:38:26 INFO  c.r.rxviewui.controller.LoginPage - logged In
2025-03-21 16:38:26 INFO  c.r.r.service.login.LoginController - ip mismatched 192.168.31.178 and 192.168.12.10
2025-03-21 16:38:26 INFO  c.r.r.service.login.LoginController - IP not found
2025-03-21 16:38:26 INFO  c.r.r.service.login.LoginController - initialized
2025-03-21 16:38:29 INFO  c.r.r.m.I.D.CanvasMainChange - lines 0 , ellipse 0 
2025-03-21 16:38:29 INFO  c.r.r.m.I.D.CanvasMainChange - lines 0 , ellipse 0 
2025-03-21 16:38:29 INFO  c.r.r.m.I.D.CanvasMainChange - lines 0 , ellipse 0 
2025-03-21 16:38:29 INFO  c.r.r.m.I.D.CanvasMainChange - lines 0 , ellipse 0 
2025-03-21 16:38:30 INFO  c.r.r.service.login.LoginController - No devices found!!!
2025-03-21 16:38:31 INFO  c.r.r.service.study.StudyService - Image received
2025-03-21 16:38:32 INFO  c.r.r.service.study.StudyService - 838.0 1024.0
2025-03-21 16:38:32 INFO  c.r.r.service.study.StudyService - Mat is not empty
2025-03-21 16:38:32 INFO  c.r.r.m.I.D.CanvasMainChange - lines 0 , ellipse 0 
2025-03-21 16:38:32 INFO  c.r.r.m.I.D.CanvasMainChange - lines 0 , ellipse 0 
2025-03-21 16:38:33 INFO  c.r.r.m.I.D.CanvasMainChange - lines 0 , ellipse 0 
2025-03-21 16:38:33 INFO  c.r.r.m.I.D.CanvasMainChange - lines 0 , ellipse 0 
2025-03-21 16:38:33 INFO  c.r.r.m.I.D.CanvasMainChange - lines 0 , ellipse 0 
2025-03-21 16:38:33 INFO  c.r.r.m.I.D.CanvasMainChange - lines 0 , ellipse 0 
2025-03-21 16:38:33 INFO  c.r.r.m.I.i.ImageDrawWrapperHandling - crop selected false
2025-03-21 16:38:33 INFO  c.r.r.m.I.D.CanvasMainChange - lines 0 , ellipse 0 
2025-03-21 16:38:33 INFO  c.r.r.m.I.D.MainDrawTool - ImagingParams is null
2025-03-21 16:38:35 INFO  c.r.r.m.I.D.CanvasMainChange - lines 0 , ellipse 0 
2025-03-21 16:38:39 INFO  c.r.r.m.I.D.CanvasMainChange - lines 0 , ellipse 0 
2025-03-21 16:38:39 INFO  c.r.r.m.I.D.CanvasMainChange - lines 0 , ellipse 0 
2025-03-21 16:38:40 INFO  c.r.r.m.I.D.CanvasMainChange - lines 0 , ellipse 0 
2025-03-21 16:38:41 INFO  c.r.r.m.I.D.CanvasMainChange - lines 0 , ellipse 0 
2025-03-21 16:38:41 INFO  c.r.r.m.I.D.CanvasMainChange - lines 0 , ellipse 1 
2025-03-21 16:38:41 INFO  c.r.r.m.I.D.CanvasMainChange - lines 0 , ellipse 2 
2025-03-21 16:38:41 INFO  c.r.r.m.I.D.CanvasMainChange - lines 1 , ellipse 2 
2025-03-21 16:38:41 INFO  c.r.r.m.I.D.CanvasMainChange - lines 1 , ellipse 2 
2025-03-21 16:38:43 INFO  c.r.r.s.study.StudyMainController - saving for export...
2025-03-21 16:38:43 INFO  c.r.r.m.I.D.CanvasMainChange - lines 1 , ellipse 2 
2025-03-21 16:38:43 INFO  c.r.r.m.I.D.CanvasMainChange - lines 0 , ellipse 0 
2025-03-21 16:38:43 INFO  c.r.r.m.I.D.CanvasMainChange - lines 0 , ellipse 0 
2025-03-21 16:38:43 INFO  c.r.rxviewui.controller.ExportWindow - initialized
2025-03-21 16:38:43 INFO  c.r.r.m.I.D.CanvasMainChange - lines 0 , ellipse 0 
2025-03-21 16:38:43 INFO  c.r.r.m.I.D.CanvasMainChange - lines 0 , ellipse 0 
2025-03-21 16:38:43 INFO  c.r.r.m.I.D.CanvasMainChange - lines 0 , ellipse 0 
2025-03-21 16:38:43 INFO  c.r.r.m.I.D.CanvasMainChange - lines 0 , ellipse 0 
2025-03-21 16:38:43 INFO  c.r.r.m.I.D.CanvasMainChange - lines 1 , ellipse 2 
2025-03-21 16:38:43 INFO  c.r.r.m.I.D.CanvasMainChange - lines 1 , ellipse 2 
2025-03-21 16:38:51 INFO  c.r.rxviewui.controller.ExportStudy - before 2 lines size 1 
2025-03-21 16:38:51 INFO  c.r.rxviewui.controller.ExportStudy - after 21 lines size 1 
2025-03-21 16:38:51 INFO  c.r.rxviewui.controller.ExportStudy - after 22 lines size 1 
2025-03-21 16:38:51 INFO  c.r.rxviewui.controller.ExportStudy - after 23 lines size 1 
2025-03-21 16:38:51 INFO  c.r.r.m.I.D.CanvasMainChange - lines 1 , ellipse 2 
2025-03-21 16:38:51 INFO  c.r.rxviewui.controller.ExportStudy - after 24 lines size 1 
2025-03-21 16:38:51 INFO  c.r.r.m.I.i.ImageDrawWrapperHandling - crop selected false
2025-03-21 16:38:51 INFO  c.r.r.m.I.i.ImageDrawWrapperHandling - before distanceDrawWrapperList 1 , lines size 1 
2025-03-21 16:38:51 INFO  c.r.r.m.I.i.ImageDrawWrapperHandling - after distanceDrawWrapperList 1 , lines size 2 
2025-03-21 16:38:51 INFO  c.r.r.m.I.D.CanvasMainChange - lines 2 , ellipse 4 
2025-03-21 16:38:52 INFO  c.r.r.m.I.D.CanvasMainChange - lines 2 , ellipse 4 
2025-03-21 16:38:53 INFO  c.r.r.m.I.D.CanvasMainChange - lines 0 , ellipse 0 
2025-03-21 16:38:53 INFO  c.r.r.m.I.D.CanvasMainChange - lines 0 , ellipse 0 
