2025-03-21 11:22:12 INFO  c.r.rxviewui.controller.LoginPage - logged In
2025-03-21 11:22:13 INFO  c.r.r.service.login.LoginController - ip mismatched 192.168.31.178 and 192.168.12.10
2025-03-21 11:22:13 INFO  c.r.r.service.login.LoginController - IP not found
2025-03-21 11:22:13 INFO  c.r.r.service.login.LoginController - initialized
2025-03-21 11:22:17 INFO  c.r.r.service.login.LoginController - No devices found!!!
2025-03-21 11:22:19 INFO  c.r.r.service.study.StudyService - Image received
2025-03-21 11:22:20 INFO  c.r.r.service.study.StudyService - 838.0 1024.0
2025-03-21 11:22:20 INFO  c.r.r.service.study.StudyService - Mat is not empty
2025-03-21 11:22:20 INFO  c.r.r.m.I.D.CanvasMainChange - true
2025-03-21 11:22:20 INFO  c.r.r.m.I.D.CanvasMainChange - true
2025-03-21 11:22:21 INFO  c.r.r.m.I.D.CanvasMainChange - true
2025-03-21 11:22:21 INFO  c.r.r.m.I.D.CanvasMainChange - true
2025-03-21 11:22:21 INFO  c.r.r.m.I.D.CanvasMainChange - true
2025-03-21 11:22:21 INFO  c.r.r.m.I.D.MainDrawTool - ImagingParams is null
2025-03-21 11:22:22 INFO  c.r.r.m.I.D.CanvasMainChange - true
2025-03-21 11:22:57 INFO  c.r.r.s.study.StudyMainController - Saving for Pacs...
2025-03-21 11:22:57 INFO  c.r.r.m.I.D.CanvasMainChange - true
2025-03-21 11:22:57 INFO  c.r.r.modules.dicom.DicomService - Status : Uploading Begins
2025-03-21 11:22:57 INFO  c.r.r.modules.dicom.DicomService - Creating DICOM File/s...
2025-03-21 11:22:57 INFO  c.r.r.m.I.D.CanvasMainChange - true
2025-03-21 11:22:57 INFO  c.r.r.m.I.D.CanvasMainChange - true
2025-03-21 11:22:58 INFO  c.r.r.modules.dicom.DicomService - path exits
2025-03-21 11:22:58 INFO  c.r.r.modules.dicom.DicomService - D:\Work\RxView_Java\RxView\28_RxView_Study_PacsUpload_Crop_Version/dcmOutput/11.dcm
2025-03-21 11:22:58 INFO  c.r.r.modules.dicom.DicomService - Uploading to server...
2025-03-21 11:22:58 INFO  c.r.r.modules.dicom.DicomCStore - 
Initiating C-STORE operation...
2025-03-21 11:22:59 INFO  c.r.r.modules.dicom.DicomService - Upload completed successfully!
2025-03-21 11:23:15 INFO  c.r.r.s.study.StudyMainController - Saving for Pacs...
2025-03-21 11:23:15 INFO  c.r.r.m.I.D.CanvasMainChange - true
2025-03-21 11:23:15 INFO  c.r.r.modules.dicom.DicomService - Status : Uploading Begins
2025-03-21 11:23:15 INFO  c.r.r.modules.dicom.DicomService - Creating DICOM File/s...
2025-03-21 11:23:15 INFO  c.r.r.m.I.D.CanvasMainChange - true
2025-03-21 11:23:15 INFO  c.r.r.m.I.D.CanvasMainChange - true
2025-03-21 11:23:16 INFO  c.r.r.modules.dicom.DicomService - path exits
2025-03-21 11:23:16 INFO  c.r.r.modules.dicom.DicomService - D:\Work\RxView_Java\RxView\28_RxView_Study_PacsUpload_Crop_Version/dcmOutput/11.dcm
2025-03-21 11:23:16 INFO  c.r.r.modules.dicom.DicomService - Uploading to server...
2025-03-21 11:23:16 INFO  c.r.r.modules.dicom.DicomCStore - 
Initiating C-STORE operation...
2025-03-21 11:23:17 INFO  c.r.r.modules.dicom.DicomService - Upload completed successfully!
2025-03-21 11:23:43 INFO  c.r.r.s.study.StudyMainController - Saving for Pacs...
2025-03-21 11:23:43 INFO  c.r.r.m.I.D.CanvasMainChange - true
2025-03-21 11:23:43 INFO  c.r.r.modules.dicom.DicomService - Status : Uploading Begins
2025-03-21 11:23:43 INFO  c.r.r.modules.dicom.DicomService - Creating DICOM File/s...
2025-03-21 11:23:43 INFO  c.r.r.m.I.D.CanvasMainChange - true
2025-03-21 11:23:43 INFO  c.r.r.m.I.D.CanvasMainChange - true
2025-03-21 11:23:44 INFO  c.r.r.modules.dicom.DicomService - path exits
2025-03-21 11:23:44 INFO  c.r.r.modules.dicom.DicomService - D:\Work\RxView_Java\RxView\28_RxView_Study_PacsUpload_Crop_Version/dcmOutput/11.dcm
2025-03-21 11:23:44 INFO  c.r.r.modules.dicom.DicomService - Uploading to server...
2025-03-21 11:23:44 INFO  c.r.r.modules.dicom.DicomCStore - 
Initiating C-STORE operation...
2025-03-21 11:23:44 INFO  c.r.r.modules.dicom.DicomService - Upload completed successfully!
2025-03-21 11:30:26 INFO  c.r.r.s.study.StudyMainController - Saving for Pacs...
2025-03-21 11:30:26 INFO  c.r.r.m.I.D.CanvasMainChange - true
2025-03-21 11:30:26 INFO  c.r.r.modules.dicom.DicomService - Status : Uploading Begins
2025-03-21 11:30:26 INFO  c.r.r.modules.dicom.DicomService - Creating DICOM File/s...
2025-03-21 11:30:26 INFO  c.r.r.m.I.D.CanvasMainChange - true
2025-03-21 11:30:26 INFO  c.r.r.m.I.D.CanvasMainChange - true
2025-03-21 11:30:26 ERROR c.r.r.modules.dicom.DicomService - DICOM File creation failed: {}
java.lang.Exception: unknown exception
	at opencv@4100/org.opencv.core.Mat.nGetB(Native Method)
	at opencv@4100/org.opencv.core.Mat.get(Mat.java:978)
	at opencv@4100/org.opencv.core.MatOfByte.toArray(MatOfByte.java:77)
	at com.raymedis.rxviewui/com.raymedis.rxviewui.modules.ImageProcessing.ImageConversionService.matToImage(ImageConversionService.java:56)
	at com.raymedis.rxviewui/com.raymedis.rxviewui.controller.ExportStudy.applyImageParams(ExportStudy.java:212)
	at com.raymedis.rxviewui/com.raymedis.rxviewui.modules.dicom.DicomService.createObjects(DicomService.java:202)
	at com.raymedis.rxviewui/com.raymedis.rxviewui.modules.dicom.DicomService.processBodyParts(DicomService.java:153)
	at com.raymedis.rxviewui/com.raymedis.rxviewui.modules.dicom.DicomService$1.call(DicomService.java:113)
	at com.raymedis.rxviewui/com.raymedis.rxviewui.modules.dicom.DicomService$1.call(DicomService.java:105)
	at javafx.graphics@21/javafx.concurrent.Task$TaskCallable.call(Task.java:1399)
	at java.base/java.util.concurrent.FutureTask.run(FutureTask.java:317)
	at java.base/java.lang.Thread.run(Thread.java:1583)
2025-03-21 11:30:26 INFO  c.r.r.modules.dicom.DicomService - Uploading to server...
2025-03-21 11:30:26 INFO  c.r.r.modules.dicom.DicomCStore - 
Initiating C-STORE operation...
2025-03-21 11:30:26 ERROR c.r.r.modules.dicom.DicomService - Failed to create dicom File {}
java.lang.Exception: unknown exception
	at opencv@4100/org.opencv.core.Mat.nGetB(Native Method)
	at opencv@4100/org.opencv.core.Mat.get(Mat.java:978)
	at opencv@4100/org.opencv.core.MatOfByte.toArray(MatOfByte.java:77)
	at com.raymedis.rxviewui/com.raymedis.rxviewui.modules.ImageProcessing.ImageConversionService.matToImage(ImageConversionService.java:56)
	at com.raymedis.rxviewui/com.raymedis.rxviewui.controller.ExportStudy.applyImageParams(ExportStudy.java:212)
	at com.raymedis.rxviewui/com.raymedis.rxviewui.modules.dicom.DicomService.createObjects(DicomService.java:202)
	at com.raymedis.rxviewui/com.raymedis.rxviewui.modules.dicom.DicomService.processBodyParts(DicomService.java:153)
	at com.raymedis.rxviewui/com.raymedis.rxviewui.modules.dicom.DicomService$1.call(DicomService.java:113)
	at com.raymedis.rxviewui/com.raymedis.rxviewui.modules.dicom.DicomService$1.call(DicomService.java:105)
	at javafx.graphics@21/javafx.concurrent.Task$TaskCallable.call(Task.java:1399)
	at java.base/java.util.concurrent.FutureTask.run(FutureTask.java:317)
	at java.base/java.lang.Thread.run(Thread.java:1583)
2025-03-21 11:30:26 INFO  c.r.r.modules.dicom.DicomService - Status : Upload Failed
2025-03-21 11:30:26 INFO  c.r.r.modules.dicom.DicomService - Upload completed successfully!
