2025-03-21 13:19:39 INFO  c.r.rxviewui.controller.LoginPage - logged In
2025-03-21 13:19:39 INFO  c.r.r.service.login.LoginController - ip mismatched 192.168.31.178 and 192.168.12.10
2025-03-21 13:19:39 INFO  c.r.r.service.login.LoginController - IP not found
2025-03-21 13:19:40 INFO  c.r.r.service.login.LoginController - initialized
2025-03-21 13:19:43 INFO  c.r.r.service.login.LoginController - No devices found!!!
2025-03-21 13:19:45 INFO  c.r.r.m.I.D.CanvasMainChange - crop 1 0.0, 0.0 ,0.0 
2025-03-21 13:19:45 INFO  c.r.r.m.I.D.CanvasMainChange - crop 1 0.0, 0.0 ,0.0 
2025-03-21 13:19:45 INFO  c.r.r.m.I.D.CanvasMainChange - crop 1 0.0, 0.0 ,0.0 
2025-03-21 13:19:45 INFO  c.r.r.m.I.D.CanvasMainChange - crop 1 0.0, 0.0 ,0.0 
2025-03-21 13:19:47 INFO  c.r.r.service.study.StudyService - Image received
2025-03-21 13:19:48 INFO  c.r.r.service.study.StudyService - 838.0 1024.0
2025-03-21 13:19:48 INFO  c.r.r.service.study.StudyService - Mat is not empty
2025-03-21 13:19:48 INFO  c.r.r.m.I.D.CanvasMainChange - crop 1 0.0, 0.0 ,1.0 
2025-03-21 13:19:48 INFO  c.r.r.m.I.D.CanvasMainChange - crop 1 0.0, 0.0 ,1.0 
2025-03-21 13:19:48 INFO  c.r.r.m.I.D.CanvasMainChange - crop 1 0.0, 0.0 ,1.0 
2025-03-21 13:19:48 INFO  c.r.r.m.I.D.CanvasMainChange - crop 1 0.0, 0.0 ,1.0 
2025-03-21 13:19:48 INFO  c.r.r.m.I.D.CanvasMainChange - crop 1 0.0, 0.0 ,1.0 
2025-03-21 13:19:48 INFO  c.r.r.m.I.D.CanvasMainChange - crop 1 0.0, 0.0 ,1.0 
2025-03-21 13:19:49 INFO  c.r.r.m.I.D.CanvasMainChange - crop 1 0.0, 0.0 ,1.0 
2025-03-21 13:19:49 INFO  c.r.r.m.I.D.MainDrawTool - ImagingParams is null
2025-03-21 13:19:52 INFO  c.r.r.s.study.StudyMainController - saving for export...
2025-03-21 13:19:52 INFO  c.r.r.m.I.D.CanvasMainChange - crop 1 0.0, 0.0 ,1.0 
2025-03-21 13:19:52 INFO  c.r.r.m.I.D.CanvasMainChange - crop 1 0.0, 0.0 ,1.0 
2025-03-21 13:19:52 INFO  c.r.r.m.I.D.CanvasMainChange - crop 1 0.0, 0.0 ,1.0 
2025-03-21 13:19:52 INFO  c.r.r.m.I.D.CanvasMainChange - crop 1 0.0, 0.0 ,1.0 
2025-03-21 13:19:52 INFO  c.r.r.m.I.D.CanvasMainChange - crop 1 0.0, 0.0 ,1.0 
2025-03-21 13:19:52 INFO  c.r.rxviewui.controller.ExportWindow - initialized
2025-03-21 13:19:52 INFO  c.r.r.m.I.D.CanvasMainChange - crop 1 0.0, 0.0 ,1.0 
2025-03-21 13:19:52 INFO  c.r.r.m.I.D.CanvasMainChange - crop 1 0.0, 0.0 ,1.0 
2025-03-21 13:19:52 INFO  c.r.r.m.I.D.CanvasMainChange - crop 1 0.0, 0.0 ,1.0 
2025-03-21 13:19:52 INFO  c.r.r.m.I.D.CanvasMainChange - crop 1 0.0, 0.0 ,1.0 
2025-03-21 13:20:01 INFO  c.r.r.m.I.D.CanvasMainChange - crop 1 0.0, 0.0 ,1.0 
2025-03-21 13:20:01 INFO  c.r.r.m.I.D.CanvasMainChange - crop 1 0.0, 0.0 ,1.0 
2025-03-21 13:20:01 INFO  c.r.r.m.I.D.CanvasMainChange - crop 1 0.0, 0.0 ,1.0 
2025-03-21 13:20:01 INFO  c.r.r.m.I.D.CanvasMainChange - crop 1 0.0, 0.0 ,1.0 
2025-03-21 13:20:01 INFO  c.r.r.m.I.D.CanvasMainChange - crop 1 0.0, 0.0 ,1.0 
2025-03-21 13:20:01 INFO  c.r.r.m.I.D.CanvasMainChange - crop 1 0.0, 0.0 ,1.0 
2025-03-21 13:20:11 INFO  c.r.r.s.study.StudyMainController - saving for export...
2025-03-21 13:20:11 INFO  c.r.r.m.I.D.CanvasMainChange - crop 1 0.0, 0.0 ,1.0 
2025-03-21 13:20:11 INFO  c.r.r.m.I.D.CanvasMainChange - crop 1 0.0, 0.0 ,1.0 
2025-03-21 13:20:11 INFO  c.r.r.m.I.D.CanvasMainChange - crop 1 0.0, 0.0 ,1.0 
2025-03-21 13:20:11 INFO  c.r.r.m.I.D.CanvasMainChange - crop 1 0.0, 0.0 ,1.0 
2025-03-21 13:20:11 INFO  c.r.r.m.I.D.CanvasMainChange - crop 1 0.0, 0.0 ,1.0 
2025-03-21 13:20:11 INFO  c.r.rxviewui.controller.ExportWindow - initialized
2025-03-21 13:20:11 INFO  c.r.r.m.I.D.CanvasMainChange - crop 1 0.0, 0.0 ,1.0 
2025-03-21 13:20:11 INFO  c.r.r.m.I.D.CanvasMainChange - crop 1 0.0, 0.0 ,1.0 
2025-03-21 13:20:11 INFO  c.r.r.m.I.D.CanvasMainChange - crop 1 0.0, 0.0 ,1.0 
2025-03-21 13:20:11 INFO  c.r.r.m.I.D.CanvasMainChange - crop 1 0.0, 0.0 ,1.0 
2025-03-21 13:20:17 INFO  c.r.r.m.I.D.CanvasMainChange - crop 1 0.0, 0.0 ,1.0 
2025-03-21 13:20:17 INFO  c.r.r.m.I.D.CanvasMainChange - crop 1 0.0, 0.0 ,1.0 
2025-03-21 13:20:17 INFO  c.r.r.m.I.D.CanvasMainChange - crop 1 0.0, 0.0 ,2.98046875 
2025-03-21 13:20:17 INFO  c.r.r.m.I.D.CanvasMainChange - crop {0, 0, 2497x3052}
2025-03-21 13:20:17 INFO  c.r.r.m.I.D.CanvasMainChange - crop 1 0.0, 0.0 ,2.98046875 
2025-03-21 13:20:17 INFO  c.r.r.m.I.D.CanvasMainChange - crop {0, 0, 2497x3052}
2025-03-21 13:20:17 INFO  c.r.r.m.I.D.CanvasMainChange - crop 1 0.0, 0.0 ,2.98046875 
2025-03-21 13:20:18 INFO  c.r.r.m.I.D.CanvasMainChange - crop 1 0.0, 0.0 ,2.98046875 
2025-03-21 13:20:18 INFO  c.r.r.m.I.D.CanvasMainChange - crop 1 0.0, 0.0 ,2.98046875 
2025-03-21 13:20:18 INFO  c.r.r.m.I.D.CanvasMainChange - crop 1 0.0, 0.0 ,2.98046875 
2025-03-21 13:20:18 INFO  c.r.r.m.I.D.CanvasMainChange - crop 1 0.0, 0.0 ,2.98046875 
2025-03-21 13:20:18 INFO  c.r.r.m.I.D.CanvasMainChange - crop 1 0.0, 0.0 ,2.98046875 
2025-03-21 13:20:32 INFO  c.r.r.m.I.D.CanvasMainChange - crop 1 0.0, 0.0 ,2.98046875 
2025-03-21 13:20:32 INFO  c.r.r.m.I.D.CanvasMainChange - crop 1 0.0, 0.0 ,2.98046875 
2025-03-21 13:20:32 INFO  c.r.r.m.I.D.CanvasMainChange - crop 1 0.0, 0.0 ,1.0 
2025-03-21 13:20:32 INFO  c.r.r.m.I.D.CanvasMainChange - crop {0, 0, 2500x3052}
