2025-03-21 13:04:49 INFO  c.r.rxviewui.controller.LoginPage - logged In
2025-03-21 13:04:49 INFO  c.r.r.service.login.LoginController - ip mismatched 192.168.31.178 and 192.168.12.10
2025-03-21 13:04:49 INFO  c.r.r.service.login.LoginController - IP not found
2025-03-21 13:04:49 INFO  c.r.r.service.login.LoginController - initialized
2025-03-21 13:04:53 INFO  c.r.r.service.login.LoginController - No devices found!!!
2025-03-21 13:04:57 INFO  c.r.r.service.study.StudyService - Image received
2025-03-21 13:04:58 INFO  c.r.r.service.study.StudyService - 838.0 1024.0
2025-03-21 13:04:58 INFO  c.r.r.service.study.StudyService - Mat is not empty
2025-03-21 13:04:59 INFO  c.r.r.m.I.D.MainDrawTool - ImagingParams is null
2025-03-21 13:05:08 INFO  c.r.r.m.I.D.CanvasMainChange - crop {267, 0, 433x1024}
2025-03-21 13:05:08 INFO  c.r.r.m.I.D.CanvasMainChange - crop {267, 0, 433x1024}
2025-03-21 13:05:19 INFO  c.r.r.m.I.D.CanvasMainChange - crop {267, 0, 433x1024}
2025-03-21 13:05:20 INFO  c.r.r.m.I.D.CanvasMainChange - crop {267, 0, 433x1024}
2025-03-21 13:05:20 INFO  c.r.r.m.I.D.CanvasMainChange - crop {267, 0, 433x1024}
2025-03-21 13:05:20 INFO  c.r.r.m.I.D.CanvasMainChange - crop {267, 0, 433x1024}
2025-03-21 13:05:20 INFO  c.r.r.m.I.D.CanvasMainChange - crop {267, 0, 433x1024}
2025-03-21 13:05:20 INFO  c.r.r.m.I.D.CanvasMainChange - crop {267, 0, 433x1024}
2025-03-21 13:05:20 INFO  c.r.r.m.I.D.CanvasMainChange - crop {267, 0, 433x1024}
2025-03-21 13:05:20 INFO  c.r.r.m.I.D.CanvasMainChange - crop {267, 0, 433x1024}
2025-03-21 13:05:20 INFO  c.r.r.m.I.D.CanvasMainChange - crop {267, 0, 433x1024}
2025-03-21 13:05:20 INFO  c.r.r.m.I.D.CanvasMainChange - crop {267, 0, 433x1024}
2025-03-21 13:05:20 INFO  c.r.r.m.I.D.CanvasMainChange - crop {267, 0, 433x1024}
2025-03-21 13:05:20 INFO  c.r.r.m.I.D.CanvasMainChange - crop {267, 0, 433x1024}
2025-03-21 13:05:20 INFO  c.r.r.m.I.D.CanvasMainChange - crop {267, 0, 433x1024}
2025-03-21 13:05:20 INFO  c.r.r.m.I.D.CanvasMainChange - crop {267, 0, 433x1024}
2025-03-21 13:05:20 INFO  c.r.r.m.I.D.CanvasMainChange - crop {267, 0, 433x1024}
2025-03-21 13:05:20 INFO  c.r.r.m.I.D.CanvasMainChange - crop {267, 0, 433x1024}
2025-03-21 13:05:20 INFO  c.r.r.m.I.D.CanvasMainChange - crop {267, 0, 433x1024}
2025-03-21 13:05:20 INFO  c.r.r.m.I.D.CanvasMainChange - crop {267, 0, 433x1024}
2025-03-21 13:05:20 INFO  c.r.r.m.I.D.CanvasMainChange - crop {267, 0, 433x1024}
2025-03-21 13:05:20 INFO  c.r.r.m.I.D.CanvasMainChange - crop {267, 0, 433x1024}
2025-03-21 13:05:20 INFO  c.r.r.m.I.D.CanvasMainChange - crop {267, 0, 433x1024}
2025-03-21 13:05:20 INFO  c.r.r.m.I.D.CanvasMainChange - crop {267, 0, 433x1024}
2025-03-21 13:05:20 INFO  c.r.r.m.I.D.CanvasMainChange - crop {267, 0, 433x1024}
2025-03-21 13:05:20 INFO  c.r.r.m.I.D.CanvasMainChange - crop {267, 0, 433x1024}
2025-03-21 13:05:20 INFO  c.r.r.m.I.D.CanvasMainChange - crop {267, 0, 433x1024}
2025-03-21 13:05:20 INFO  c.r.r.m.I.D.CanvasMainChange - crop {267, 0, 433x1024}
2025-03-21 13:05:20 INFO  c.r.r.m.I.D.CanvasMainChange - crop {267, 0, 433x1024}
2025-03-21 13:05:20 INFO  c.r.r.m.I.D.CanvasMainChange - crop {267, 0, 433x1024}
2025-03-21 13:05:23 INFO  c.r.r.m.I.D.CanvasMainChange - crop {267, 0, 433x1024}
2025-03-21 13:05:23 INFO  c.r.r.m.I.D.CanvasMainChange - crop {267, 0, 433x1024}
2025-03-21 13:05:23 INFO  c.r.r.m.I.D.CanvasMainChange - crop {267, 0, 433x1024}
2025-03-21 13:05:23 INFO  c.r.r.m.I.D.CanvasMainChange - crop {267, 0, 433x1024}
2025-03-21 13:05:23 INFO  c.r.r.m.I.D.CanvasMainChange - crop {267, 0, 433x1024}
2025-03-21 13:05:23 INFO  c.r.r.m.I.D.CanvasMainChange - crop {267, 0, 433x1024}
2025-03-21 13:05:23 INFO  c.r.r.m.I.D.CanvasMainChange - crop {267, 0, 433x1024}
2025-03-21 13:05:23 INFO  c.r.r.m.I.D.CanvasMainChange - crop {267, 0, 433x1024}
2025-03-21 13:05:23 INFO  c.r.r.m.I.D.CanvasMainChange - crop {267, 0, 433x1024}
2025-03-21 13:05:23 INFO  c.r.r.m.I.D.CanvasMainChange - crop {267, 0, 433x1024}
2025-03-21 13:05:23 INFO  c.r.r.m.I.D.CanvasMainChange - crop {267, 0, 433x1024}
2025-03-21 13:05:23 INFO  c.r.r.m.I.D.CanvasMainChange - crop {267, 0, 433x1024}
2025-03-21 13:05:23 INFO  c.r.r.m.I.D.CanvasMainChange - crop {267, 0, 433x1024}
2025-03-21 13:05:23 INFO  c.r.r.m.I.D.CanvasMainChange - crop {267, 0, 433x1024}
2025-03-21 13:05:23 INFO  c.r.r.m.I.D.CanvasMainChange - crop {267, 0, 433x1024}
2025-03-21 13:05:23 INFO  c.r.r.m.I.D.CanvasMainChange - crop {267, 0, 433x1024}
2025-03-21 13:05:23 INFO  c.r.r.m.I.D.CanvasMainChange - crop {267, 0, 433x1024}
2025-03-21 13:05:23 INFO  c.r.r.m.I.D.CanvasMainChange - crop {267, 0, 433x1024}
2025-03-21 13:05:23 INFO  c.r.r.m.I.D.CanvasMainChange - crop {267, 0, 433x1024}
2025-03-21 13:05:23 INFO  c.r.r.m.I.D.CanvasMainChange - crop {267, 0, 433x1024}
2025-03-21 13:05:23 INFO  c.r.r.m.I.D.CanvasMainChange - crop {267, 0, 433x1024}
2025-03-21 13:05:48 INFO  c.r.r.m.I.D.CanvasMainChange - crop {267, 0, 433x1024}
2025-03-21 13:05:48 INFO  c.r.r.m.I.D.CanvasMainChange - crop {267, 0, 433x1024}
2025-03-21 13:05:48 INFO  c.r.r.m.I.D.CanvasMainChange - crop {267, 0, 433x1024}
2025-03-21 13:05:50 INFO  c.r.r.m.I.D.CanvasMainChange - crop {267, 0, 433x1024}
2025-03-21 13:05:50 INFO  c.r.r.m.I.D.CanvasMainChange - crop {267, 0, 433x1024}
2025-03-21 13:05:50 INFO  c.r.r.m.I.D.CanvasMainChange - crop {267, 0, 433x1024}
2025-03-21 13:05:51 INFO  c.r.r.m.I.D.CanvasMainChange - crop {267, 0, 433x1024}
2025-03-21 13:06:00 INFO  c.r.r.m.I.D.CanvasMainChange - crop {192, 0, 486x1024}
2025-03-21 13:06:00 INFO  c.r.r.m.I.D.CanvasMainChange - crop {192, 0, 486x1024}
2025-03-21 13:06:04 INFO  c.r.r.m.I.D.CanvasMainChange - crop {192, 0, 486x1024}
2025-03-21 13:06:05 INFO  c.r.r.m.I.D.CanvasMainChange - crop {192, 0, 486x1024}
2025-03-21 13:06:05 INFO  c.r.r.m.I.D.CanvasMainChange - crop {192, 0, 486x1024}
2025-03-21 13:06:05 INFO  c.r.r.m.I.D.CanvasMainChange - crop {192, 0, 486x1024}
2025-03-21 13:06:05 INFO  c.r.r.m.I.D.CanvasMainChange - crop {192, 0, 486x1024}
2025-03-21 13:06:05 INFO  c.r.r.m.I.D.CanvasMainChange - crop {192, 0, 486x1024}
2025-03-21 13:06:05 INFO  c.r.r.m.I.D.CanvasMainChange - crop {192, 0, 486x1024}
2025-03-21 13:06:05 INFO  c.r.r.m.I.D.CanvasMainChange - crop {192, 0, 486x1024}
2025-03-21 13:06:05 INFO  c.r.r.m.I.D.CanvasMainChange - crop {192, 0, 486x1024}
2025-03-21 13:06:05 INFO  c.r.r.m.I.D.CanvasMainChange - crop {192, 0, 486x1024}
2025-03-21 13:06:05 INFO  c.r.r.m.I.D.CanvasMainChange - crop {192, 0, 486x1024}
2025-03-21 13:06:05 INFO  c.r.r.m.I.D.CanvasMainChange - crop {192, 0, 486x1024}
2025-03-21 13:06:05 INFO  c.r.r.m.I.D.CanvasMainChange - crop {192, 0, 486x1024}
2025-03-21 13:06:05 INFO  c.r.r.m.I.D.CanvasMainChange - crop {192, 0, 486x1024}
2025-03-21 13:06:05 INFO  c.r.r.m.I.D.CanvasMainChange - crop {192, 0, 486x1024}
2025-03-21 13:06:05 INFO  c.r.r.m.I.D.CanvasMainChange - crop {192, 0, 486x1024}
2025-03-21 13:06:05 INFO  c.r.r.m.I.D.CanvasMainChange - crop {192, 0, 486x1024}
2025-03-21 13:06:05 INFO  c.r.r.m.I.D.CanvasMainChange - crop {192, 0, 486x1024}
2025-03-21 13:06:05 INFO  c.r.r.m.I.D.CanvasMainChange - crop {192, 0, 486x1024}
2025-03-21 13:06:05 INFO  c.r.r.m.I.D.CanvasMainChange - crop {192, 0, 486x1024}
2025-03-21 13:06:05 INFO  c.r.r.m.I.D.CanvasMainChange - crop {192, 0, 486x1024}
2025-03-21 13:06:06 INFO  c.r.r.m.I.D.CanvasMainChange - crop {192, 0, 486x1024}
2025-03-21 13:06:06 INFO  c.r.r.m.I.D.CanvasMainChange - crop {192, 0, 486x1024}
2025-03-21 13:06:08 INFO  c.r.r.m.I.D.CanvasMainChange - crop {192, 0, 486x1024}
2025-03-21 13:06:08 INFO  c.r.r.m.I.D.CanvasMainChange - crop {192, 0, 486x1024}
2025-03-21 13:06:08 INFO  c.r.r.m.I.D.CanvasMainChange - crop {192, 0, 486x1024}
2025-03-21 13:06:08 INFO  c.r.r.m.I.D.CanvasMainChange - crop {192, 0, 486x1024}
2025-03-21 13:06:08 INFO  c.r.r.m.I.D.CanvasMainChange - crop {192, 0, 486x1024}
2025-03-21 13:06:08 INFO  c.r.r.m.I.D.CanvasMainChange - crop {192, 0, 486x1024}
2025-03-21 13:06:08 INFO  c.r.r.m.I.D.CanvasMainChange - crop {192, 0, 486x1024}
2025-03-21 13:06:08 INFO  c.r.r.m.I.D.CanvasMainChange - crop {192, 0, 486x1024}
2025-03-21 13:06:08 INFO  c.r.r.m.I.D.CanvasMainChange - crop {192, 0, 486x1024}
2025-03-21 13:06:08 INFO  c.r.r.m.I.D.CanvasMainChange - crop {192, 0, 486x1024}
2025-03-21 13:06:08 INFO  c.r.r.m.I.D.CanvasMainChange - crop {192, 0, 486x1024}
2025-03-21 13:06:08 INFO  c.r.r.m.I.D.CanvasMainChange - crop {192, 0, 486x1024}
2025-03-21 13:06:08 INFO  c.r.r.m.I.D.CanvasMainChange - crop {192, 0, 486x1024}
2025-03-21 13:06:08 INFO  c.r.r.m.I.D.CanvasMainChange - crop {192, 0, 486x1024}
2025-03-21 13:06:08 INFO  c.r.r.m.I.D.CanvasMainChange - crop {192, 0, 486x1024}
2025-03-21 13:06:08 INFO  c.r.r.m.I.D.CanvasMainChange - crop {192, 0, 486x1024}
2025-03-21 13:06:08 INFO  c.r.r.m.I.D.CanvasMainChange - crop {192, 0, 486x1024}
2025-03-21 13:06:08 INFO  c.r.r.m.I.D.CanvasMainChange - crop {192, 0, 486x1024}
2025-03-21 13:06:08 INFO  c.r.r.m.I.D.CanvasMainChange - crop {192, 0, 486x1024}
2025-03-21 13:06:08 INFO  c.r.r.m.I.D.CanvasMainChange - crop {192, 0, 486x1024}
2025-03-21 13:06:11 INFO  c.r.r.m.I.D.CanvasMainChange - crop {192, 0, 486x1024}
2025-03-21 13:06:16 INFO  c.r.r.s.study.StudyMainController - saving for export...
2025-03-21 13:06:16 INFO  c.r.rxviewui.controller.ExportWindow - initialized
2025-03-21 13:06:16 INFO  c.r.r.m.I.D.CanvasMainChange - crop {192, 0, 486x1024}
2025-03-21 13:06:16 INFO  c.r.r.m.I.D.CanvasMainChange - crop {192, 0, 486x1024}
2025-03-21 13:06:31 INFO  c.r.r.m.I.D.CanvasMainChange - crop {574, 0, 1448x3052}
2025-03-21 13:06:31 INFO  c.r.r.m.I.D.CanvasMainChange - crop {574, 0, 1448x3052}
2025-03-21 13:06:43 INFO  c.r.r.m.I.D.CanvasMainChange - crop {0, 0, 2500x3052}
