2025-07-23 12:47:57 INFO  c.r.r.s.study.StudyMainController - Console is ON
2025-07-23 12:47:57 INFO  c.r.r.s.database.DatabaseController - Setting visibility for field: accession number
2025-07-23 12:47:57 INFO  c.r.r.s.database.DatabaseController - Setting visibility for field: age
2025-07-23 12:47:57 INFO  c.r.r.s.database.DatabaseController - Setting visibility for field: height
2025-07-23 12:47:57 INFO  c.r.r.s.database.DatabaseController - Setting visibility for field: institution
2025-07-23 12:47:57 INFO  c.r.r.s.database.DatabaseController - Setting visibility for field: patient id
2025-07-23 12:47:57 INFO  c.r.r.s.database.DatabaseController - Setting visibility for field: patient name
2025-07-23 12:47:57 INFO  c.r.r.s.database.DatabaseController - Setting visibility for field: performing physician
2025-07-23 12:47:57 INFO  c.r.r.s.database.DatabaseController - Setting visibility for field: procedure
2025-07-23 12:47:57 INFO  c.r.r.s.database.DatabaseController - Setting visibility for field: study description
2025-07-23 12:57:41 INFO  c.r.rxviewui.controller.LoginPage - logged In
2025-07-23 12:57:41 INFO  c.r.r.service.login.LoginController - 192.168.12.10
2025-07-23 12:57:41 INFO  c.r.r.service.login.LoginController - No Wi-Fi interface found or no IPv4 address assigned.
2025-07-23 12:57:45 INFO  c.r.r.s.study.StudyMainController - Setting console values for body part: Chest
2025-07-23 12:57:45 INFO  c.r.r.m.s.SerialPortManager - Setting Xray Console - kv: 70.0, ma: 80, mas: 4.0
2025-07-23 12:57:45 INFO  c.r.s.r.RxPanelInitializationOld - Available COM ports:
2025-07-23 12:57:45 INFO  c.r.r.m.s.SerialPortManager - setMa kv1: 70.0, ma1: 80.0
2025-07-23 12:57:45 INFO  c.r.r.m.s.SerialPortManager - x: 175
2025-07-23 12:57:45 INFO  c.r.r.m.s.SerialPortManager - Current Sent: 80.0
2025-07-23 12:57:45 INFO  c.r.r.m.s.SerialPortManager - Calibration Val: 8.32
2025-07-23 12:57:45 INFO  c.r.r.m.s.SerialPortManager - Calibration Val: 8.49
2025-07-23 12:57:45 INFO  c.r.r.m.s.SerialPortManager - Calibration Val: 8.29
2025-07-23 12:57:45 INFO  c.r.r.m.s.SerialPortManager - Calibration Val: 8.49
2025-07-23 12:57:45 INFO  c.r.r.m.s.SerialPortManager - filamentCurrent: 8.32
2025-07-23 12:57:45 INFO  c.r.r.m.s.SerialPortManager - KV Sent : 70.0
2025-07-23 12:57:45 INFO  c.r.r.m.s.SerialPortManager - Calibration Val: 8.32
2025-07-23 12:57:45 INFO  c.r.r.m.s.SerialPortManager - Calibration Val: 8.49
2025-07-23 12:57:45 INFO  c.r.s.r.TriggerCommandRxOld - Serial port is not open.
2025-07-23 12:57:45 INFO  c.r.r.m.s.SerialPortManager - Calibration Val: 8.29
2025-07-23 12:57:45 INFO  c.r.r.m.s.SerialPortManager - Calibration Val: 8.49
2025-07-23 12:57:45 INFO  c.r.r.m.s.SerialPortManager - In short sending KV: 208
2025-07-23 12:57:45 INFO  c.r.r.m.s.SerialPortManager - In byte sending KV: -48
2025-07-23 12:57:45 INFO  c.r.r.m.s.SerialPortManager - setExposureTime 0.05
2025-07-23 12:57:45 INFO  c.r.r.m.s.SerialPortManager - Exposure Time Sent - 50
2025-07-23 12:57:45 INFO  c.r.s.r.TriggerCommandRxOld - Setting KV to: -48
2025-07-23 12:57:45 INFO  c.r.s.r.TriggerCommandRxOld - Serial port is not open.
2025-07-23 12:57:45 INFO  c.r.s.r.TriggerCommandRxOld - Setting Exposure Time to: 50 0 and G
2025-07-23 12:57:45 INFO  c.r.s.r.TriggerCommandRxOld - Serial port is not open.
2025-07-23 12:57:45 INFO  c.r.s.r.RxPanelInitializationOld - - COM6: USB-SERIAL CH340 (COM6)
2025-07-23 12:57:45 INFO  c.r.s.r.RxPanelInitializationOld - - COM5: USB-SERIAL CH340 (COM5)
2025-07-23 12:57:45 INFO  c.r.s.r.RxPanelInitializationOld - Available COM ports:
2025-07-23 12:57:45 INFO  c.r.s.r.RxPanelInitializationOld - - COM6: USB-SERIAL CH340 (COM6)
2025-07-23 12:57:45 INFO  c.r.s.r.RxPanelInitializationOld - - COM5: USB-SERIAL CH340 (COM5)
2025-07-23 12:57:45 INFO  c.r.s.r.RxPanelInitializationOld - Connected to RX panel.
2025-07-23 12:57:45 INFO  c.r.s.r.ReceiveCommandRxOld - requested interlocks, attempt 1
2025-07-23 12:57:46 INFO  c.r.r.service.study.StudyService - current bodyPart chest AP
2025-07-23 12:57:46 INFO  c.r.r.s.preProcessing.PreProcess - Processing body part: chest
2025-07-23 12:57:46 INFO  c.r.r.s.preProcessing.PreProcess - Mat is 16-bit unsigned
2025-07-23 12:57:47 INFO  c.r.s.r.ReceiveCommandRxOld - Interlock attempt 1 failed.
2025-07-23 12:57:47 INFO  c.r.s.r.ReceiveCommandRxOld - requested interlocks, attempt 2
2025-07-23 12:57:49 INFO  c.r.r.service.study.StudyService - Image received Found in FPD
2025-07-23 12:57:49 INFO  c.r.r.service.study.StudyService - mat size 838 * 1024
2025-07-23 12:57:49 INFO  c.r.r.service.study.StudyService - study mat.rows() * width : 1024 1024.0
2025-07-23 12:57:49 INFO  c.r.s.r.ReceiveCommandRxOld - Interlock attempt 2 failed.
2025-07-23 12:57:49 INFO  c.r.s.r.ReceiveCommandRxOld - requested interlocks, attempt 3
2025-07-23 12:57:49 INFO  c.r.r.m.I.D.MainDrawTool - ImagingParams is null
2025-07-23 12:57:49 INFO  c.r.r.m.I.D.MainDrawTool - HFlip is false, not applying HFlip
2025-07-23 12:57:49 INFO  c.r.r.m.I.D.MainDrawTool - L/R Label: L
2025-07-23 12:57:49 INFO  c.r.r.m.I.D.MainDrawTool - Text: Some Text
2025-07-23 12:57:49 INFO  c.r.r.m.I.D.MainDrawTool - Position Value: 175.0
2025-07-23 12:57:49 INFO  c.r.r.m.I.D.MainDrawTool - Invalid position value: 175.0
2025-07-23 12:57:51 INFO  c.r.s.r.ReceiveCommandRxOld - Interlock attempt 3 failed.
2025-07-23 12:57:51 INFO  c.r.s.r.ReceiveCommandRxOld - Failed to retrieve interlocks after 3 attempts. Exiting.
2025-07-23 12:57:51 INFO  c.r.r.m.s.SerialPortCommunicationService - Received response: INTERLOCK_FAILED
2025-07-23 12:57:51 INFO  c.r.r.m.s.SerialPortCommunicationService - Received response: INTERLOCK_FAILED
2025-07-23 12:57:51 INFO  c.r.r.m.s.SerialPortCommunicationService - Interlock failed.
2025-07-23 12:57:51 INFO  c.r.s.r.RxPanelInitializationOld - Disconnecting from RX panel...
2025-07-23 12:57:51 INFO  c.r.s.r.RxPanelInitializationOld - Disconnected Port due to interlock issues.
2025-07-23 12:57:51 INFO  c.r.r.s.study.StudyMainController - done
2025-07-23 12:57:56 INFO  c.r.r.m.I.D.CropLayout - rectX: 305.02127659574467, rectY: 0.0, rectWidth: 353.23404255319156, rectHeight: 1024.0
2025-07-23 12:57:56 INFO  c.r.r.m.I.D.MainDrawTool - rect : 305.02127659574467, 0.0 353.23404255319156 1024.0
2025-07-23 12:57:57 INFO  c.r.r.m.I.i.ImageDrawWrapperHandling - ========================================================================
2025-07-23 12:57:57 INFO  c.r.r.m.I.i.ImageDrawWrapperHandling - Crop Layout X: 305.02127659574467, Y: 0.0, Width: 353.23404255319156, Height: 1024.0
2025-07-23 12:57:57 INFO  c.r.r.s.study.StudyMainController - Setting console values for body part: Chest
2025-07-23 12:57:57 INFO  c.r.r.m.s.SerialPortManager - Setting Xray Console - kv: 70.0, ma: 80, mas: 4.0
2025-07-23 12:57:57 INFO  c.r.r.m.s.SerialPortManager - setMa kv1: 70.0, ma1: 80.0
2025-07-23 12:57:57 INFO  c.r.r.m.s.SerialPortManager - x: 175
2025-07-23 12:57:57 INFO  c.r.s.r.RxPanelInitializationOld - Available COM ports:
2025-07-23 12:57:57 INFO  c.r.r.m.s.SerialPortManager - Current Sent: 80.0
2025-07-23 12:57:57 INFO  c.r.r.m.s.SerialPortManager - Calibration Val: 8.32
2025-07-23 12:57:57 INFO  c.r.r.m.s.SerialPortManager - Calibration Val: 8.49
2025-07-23 12:57:57 INFO  c.r.r.m.s.SerialPortManager - Calibration Val: 8.29
2025-07-23 12:57:57 INFO  c.r.r.m.s.SerialPortManager - Calibration Val: 8.49
2025-07-23 12:57:57 INFO  c.r.r.m.s.SerialPortManager - filamentCurrent: 8.32
2025-07-23 12:57:57 INFO  c.r.r.m.s.SerialPortManager - KV Sent : 70.0
2025-07-23 12:57:57 INFO  c.r.r.m.s.SerialPortManager - Calibration Val: 8.32
2025-07-23 12:57:57 INFO  c.r.r.m.s.SerialPortManager - Calibration Val: 8.49
2025-07-23 12:57:57 INFO  c.r.r.m.s.SerialPortManager - Calibration Val: 8.29
2025-07-23 12:57:57 INFO  c.r.s.r.TriggerCommandRxOld - Serial port is not open.
2025-07-23 12:57:57 INFO  c.r.r.m.s.SerialPortManager - Calibration Val: 8.49
2025-07-23 12:57:57 INFO  c.r.r.m.s.SerialPortManager - In short sending KV: 208
2025-07-23 12:57:57 INFO  c.r.r.m.s.SerialPortManager - In byte sending KV: -48
2025-07-23 12:57:57 INFO  c.r.r.m.s.SerialPortManager - setExposureTime 0.05
2025-07-23 12:57:57 INFO  c.r.r.m.s.SerialPortManager - Exposure Time Sent - 50
2025-07-23 12:57:57 INFO  c.r.s.r.TriggerCommandRxOld - Setting KV to: -48
2025-07-23 12:57:57 INFO  c.r.s.r.TriggerCommandRxOld - Serial port is not open.
2025-07-23 12:57:57 INFO  c.r.s.r.TriggerCommandRxOld - Setting Exposure Time to: 50 0 and G
2025-07-23 12:57:57 INFO  c.r.s.r.TriggerCommandRxOld - Serial port is not open.
2025-07-23 12:57:57 INFO  c.r.s.r.RxPanelInitializationOld - - COM6: USB-SERIAL CH340 (COM6)
2025-07-23 12:57:57 INFO  c.r.s.r.RxPanelInitializationOld - - COM5: USB-SERIAL CH340 (COM5)
2025-07-23 12:57:57 INFO  c.r.s.r.RxPanelInitializationOld - Available COM ports:
2025-07-23 12:57:57 INFO  c.r.s.r.RxPanelInitializationOld - - COM6: USB-SERIAL CH340 (COM6)
2025-07-23 12:57:57 INFO  c.r.s.r.RxPanelInitializationOld - - COM5: USB-SERIAL CH340 (COM5)
2025-07-23 12:57:57 INFO  c.r.s.r.RxPanelInitializationOld - Connected to RX panel.
2025-07-23 12:57:57 INFO  c.r.s.r.ReceiveCommandRxOld - requested interlocks, attempt 1
2025-07-23 12:57:59 INFO  c.r.s.r.ReceiveCommandRxOld - Interlock attempt 1 failed.
2025-07-23 12:57:59 INFO  c.r.s.r.ReceiveCommandRxOld - requested interlocks, attempt 2
2025-07-23 12:58:01 INFO  c.r.s.r.ReceiveCommandRxOld - Interlock attempt 2 failed.
2025-07-23 12:58:01 INFO  c.r.s.r.ReceiveCommandRxOld - requested interlocks, attempt 3
2025-07-23 12:58:02 INFO  c.r.r.service.study.StudyService - mat size 838 * 1024
2025-07-23 12:58:02 INFO  c.r.r.service.study.StudyService - study mat.rows() * width : 1024 1024.0
2025-07-23 12:58:03 INFO  c.r.s.r.ReceiveCommandRxOld - Interlock attempt 3 failed.
2025-07-23 12:58:03 INFO  c.r.s.r.ReceiveCommandRxOld - Failed to retrieve interlocks after 3 attempts. Exiting.
2025-07-23 12:58:03 INFO  c.r.r.m.s.SerialPortCommunicationService - Received response: INTERLOCK_FAILED
2025-07-23 12:58:03 INFO  c.r.r.m.s.SerialPortCommunicationService - Received response: INTERLOCK_FAILED
2025-07-23 12:58:03 INFO  c.r.r.m.s.SerialPortCommunicationService - Interlock failed.
2025-07-23 12:58:03 INFO  c.r.s.r.RxPanelInitializationOld - Disconnecting from RX panel...
2025-07-23 12:58:03 INFO  c.r.s.r.RxPanelInitializationOld - Disconnected Port due to interlock issues.
2025-07-23 12:58:03 INFO  c.r.r.s.study.StudyMainController - done
