2025-07-23 15:41:16 INFO  com.raymedis.rxviewui.service.study.StudyMainController - Console is ON
2025-07-23 15:41:16 INFO  com.raymedis.rxviewui.service.database.DatabaseController - Setting visibility for field: accession number
2025-07-23 15:41:16 INFO  com.raymedis.rxviewui.service.database.DatabaseController - Setting visibility for field: age
2025-07-23 15:41:16 INFO  com.raymedis.rxviewui.service.database.DatabaseController - Setting visibility for field: height
2025-07-23 15:41:16 INFO  com.raymedis.rxviewui.service.database.DatabaseController - Setting visibility for field: institution
2025-07-23 15:41:16 INFO  com.raymedis.rxviewui.service.database.DatabaseController - Setting visibility for field: patient id
2025-07-23 15:41:16 INFO  com.raymedis.rxviewui.service.database.DatabaseController - Setting visibility for field: patient name
2025-07-23 15:41:16 INFO  com.raymedis.rxviewui.service.database.DatabaseController - Setting visibility for field: performing physician
2025-07-23 15:41:16 INFO  com.raymedis.rxviewui.service.database.DatabaseController - Setting visibility for field: procedure
2025-07-23 15:41:16 INFO  com.raymedis.rxviewui.service.database.DatabaseController - Setting visibility for field: study description
2025-07-23 15:41:19 INFO  com.raymedis.rxviewui.controller.LoginPage - logged In
2025-07-23 15:41:19 INFO  com.raymedis.rxviewui.service.login.LoginController - 192.168.12.10
2025-07-23 15:41:20 INFO  com.raymedis.rxviewui.service.login.LoginController - ip mismatched 192.168.28.232 and 192.168.12.10
2025-07-23 15:41:20 INFO  com.raymedis.rxviewui.service.login.LoginController - IP not found
2025-07-23 15:41:20 INFO  com.raymedis.rxviewui.service.json.WifiSettings - 192.168.12.10
2025-07-23 15:41:20 INFO  com.raymedis.rxviewui.service.json.WifiSettings - Batch file created: set_static_ip.bat 
2025-07-23 15:41:20 INFO  com.raymedis.rxviewui.service.json.WifiSettings - Running batch file as admin...
2025-07-23 15:41:20 INFO  com.raymedis.rxviewui.service.fpdSdks.controller.FpdController - Loading detector: X221AW2-B1C, SDK type: RAD_INNOCARE
2025-07-23 15:41:20 INFO  com.raymedis.rxviewui.service.login.LoginController - initialized
2025-07-23 15:41:23 ERROR com.raymedis.rxviewui.service.fpdSdks.controller.FpdController - No devices found
2025-07-23 15:41:23 INFO  com.raymedis.rxviewui.service.login.LoginController - No devices found!!!
2025-07-23 15:41:24 INFO  com.raymedis.rxviewui.service.study.StudyMainController - Setting console values for body part: Chest
2025-07-23 15:41:24 INFO  com.raymedis.rxviewui.modules.serialPortCom.SerialPortManager - Setting Xray Console - kv: 70.0, ma: 80, mas: 4.0
2025-07-23 15:41:24 INFO  com.raymedis.serialPortCommunication.rxview_consolecom_old.RxPanelInitializationOld - Available COM ports:
2025-07-23 15:41:24 INFO  com.raymedis.rxviewui.modules.serialPortCom.SerialPortManager - setMa kv1: 70.0, ma1: 80.0
2025-07-23 15:41:24 INFO  com.raymedis.rxviewui.modules.serialPortCom.SerialPortManager - x: 175
2025-07-23 15:41:24 INFO  com.raymedis.rxviewui.modules.serialPortCom.SerialPortManager - Current Sent: 80.0
2025-07-23 15:41:24 INFO  com.raymedis.rxviewui.modules.serialPortCom.SerialPortManager - Calibration Val: 8.32
2025-07-23 15:41:24 INFO  com.raymedis.rxviewui.modules.serialPortCom.SerialPortManager - Calibration Val: 8.49
2025-07-23 15:41:24 INFO  com.raymedis.rxviewui.modules.serialPortCom.SerialPortManager - Calibration Val: 8.29
2025-07-23 15:41:24 INFO  com.raymedis.rxviewui.modules.serialPortCom.SerialPortManager - Calibration Val: 8.49
2025-07-23 15:41:24 INFO  com.raymedis.rxviewui.modules.serialPortCom.SerialPortManager - filamentCurrent: 8.32
2025-07-23 15:41:24 INFO  com.raymedis.rxviewui.modules.serialPortCom.SerialPortManager - KV Sent : 70.0
2025-07-23 15:41:24 INFO  com.raymedis.rxviewui.modules.serialPortCom.SerialPortManager - Calibration Val: 8.32
2025-07-23 15:41:24 INFO  com.raymedis.rxviewui.modules.serialPortCom.SerialPortManager - Calibration Val: 8.49
2025-07-23 15:41:24 INFO  com.raymedis.rxviewui.modules.serialPortCom.SerialPortManager - Calibration Val: 8.29
2025-07-23 15:41:24 INFO  com.raymedis.serialPortCommunication.rxview_consolecom_old.TriggerCommandRxOld - Serial port is not open.
2025-07-23 15:41:24 INFO  com.raymedis.rxviewui.modules.serialPortCom.SerialPortManager - Calibration Val: 8.49
2025-07-23 15:41:24 INFO  com.raymedis.rxviewui.modules.serialPortCom.SerialPortManager - In short sending KV: 208
2025-07-23 15:41:24 INFO  com.raymedis.rxviewui.modules.serialPortCom.SerialPortManager - In byte sending KV: -48
2025-07-23 15:41:24 INFO  com.raymedis.rxviewui.modules.serialPortCom.SerialPortManager - setExposureTime 0.05
2025-07-23 15:41:24 INFO  com.raymedis.rxviewui.modules.serialPortCom.SerialPortManager - Exposure Time Sent - 50
2025-07-23 15:41:24 INFO  com.raymedis.serialPortCommunication.rxview_consolecom_old.TriggerCommandRxOld - Setting KV to: -48
2025-07-23 15:41:24 INFO  com.raymedis.serialPortCommunication.rxview_consolecom_old.TriggerCommandRxOld - Setting Exposure Time to: 50 0 and G
2025-07-23 15:41:24 INFO  com.raymedis.serialPortCommunication.rxview_consolecom_old.TriggerCommandRxOld - Serial port is not open.
2025-07-23 15:41:24 INFO  com.raymedis.serialPortCommunication.rxview_consolecom_old.TriggerCommandRxOld - Serial port is not open.
2025-07-23 15:41:24 INFO  com.raymedis.serialPortCommunication.rxview_consolecom_old.RxPanelInitializationOld - - COM6: USB-SERIAL CH340 (COM6)
2025-07-23 15:41:24 INFO  com.raymedis.serialPortCommunication.rxview_consolecom_old.RxPanelInitializationOld - - COM5: USB-SERIAL CH340 (COM5)
2025-07-23 15:41:24 INFO  com.raymedis.serialPortCommunication.rxview_consolecom_old.RxPanelInitializationOld - Available COM ports:
2025-07-23 15:41:24 INFO  com.raymedis.serialPortCommunication.rxview_consolecom_old.RxPanelInitializationOld - - COM6: USB-SERIAL CH340 (COM6)
2025-07-23 15:41:24 INFO  com.raymedis.serialPortCommunication.rxview_consolecom_old.RxPanelInitializationOld - - COM5: USB-SERIAL CH340 (COM5)
2025-07-23 15:41:24 INFO  com.raymedis.serialPortCommunication.rxview_consolecom_old.RxPanelInitializationOld - Connected to RX panel.
2025-07-23 15:41:24 INFO  com.raymedis.serialPortCommunication.rxview_consolecom_old.ReceiveCommandRxOld - requested interlocks, attempt 1
2025-07-23 15:41:25 INFO  com.raymedis.rxviewui.service.study.StudyService - current bodyPart chest AP
2025-07-23 15:41:25 INFO  com.raymedis.rxviewui.service.preProcessing.PreProcess - Processing body part: chest
2025-07-23 15:41:25 INFO  com.raymedis.rxviewui.service.preProcessing.PreProcess - Mat is 16-bit unsigned
2025-07-23 15:41:26 INFO  com.raymedis.serialPortCommunication.rxview_consolecom_old.ReceiveCommandRxOld - Interlock attempt 1 failed.
2025-07-23 15:41:26 INFO  com.raymedis.serialPortCommunication.rxview_consolecom_old.ReceiveCommandRxOld - requested interlocks, attempt 2
2025-07-23 15:41:28 INFO  com.raymedis.rxviewui.service.study.StudyService - Image received Found in FPD
2025-07-23 15:41:28 INFO  com.raymedis.rxviewui.service.study.StudyService - mat size 838 * 1024
2025-07-23 15:41:28 INFO  com.raymedis.rxviewui.service.study.StudyService - study mat.rows() * width : 1024 1024.0
2025-07-23 15:41:28 INFO  com.raymedis.serialPortCommunication.rxview_consolecom_old.ReceiveCommandRxOld - Interlock attempt 2 failed.
2025-07-23 15:41:28 INFO  com.raymedis.serialPortCommunication.rxview_consolecom_old.ReceiveCommandRxOld - requested interlocks, attempt 3
2025-07-23 15:41:28 INFO  com.raymedis.rxviewui.modules.ImageProcessing.imageToolsWrapper.ImageDrawWrapperHandling -  crop rect before CropLayoutWrapper{rectX=0.0, rectY=0.0, rectWidth=0.0, rectHeight=0.0} and multiple is 1.0
2025-07-23 15:41:28 INFO  com.raymedis.rxviewui.modules.ImageProcessing.DrawToolsResource.MainDrawTool - ImagingParams is null
2025-07-23 15:41:28 INFO  com.raymedis.rxviewui.modules.ImageProcessing.DrawToolsResource.MainDrawTool - HFlip is false, not applying HFlip
2025-07-23 15:41:28 INFO  com.raymedis.rxviewui.modules.ImageProcessing.DrawToolsResource.MainDrawTool - L/R Label: L
2025-07-23 15:41:29 INFO  com.raymedis.rxviewui.modules.ImageProcessing.DrawToolsResource.MainDrawTool - Text: Some Text
2025-07-23 15:41:29 INFO  com.raymedis.rxviewui.modules.ImageProcessing.DrawToolsResource.MainDrawTool - Position Value: 175.0
2025-07-23 15:41:29 INFO  com.raymedis.rxviewui.modules.ImageProcessing.DrawToolsResource.MainDrawTool - Invalid position value: 175.0
2025-07-23 15:41:30 INFO  com.raymedis.serialPortCommunication.rxview_consolecom_old.ReceiveCommandRxOld - Interlock attempt 3 failed.
2025-07-23 15:41:30 INFO  com.raymedis.serialPortCommunication.rxview_consolecom_old.ReceiveCommandRxOld - Failed to retrieve interlocks after 3 attempts. Exiting.
2025-07-23 15:41:30 INFO  com.raymedis.rxviewui.modules.serialPortCom.SerialPortCommunicationService - Received response: INTERLOCK_FAILED
2025-07-23 15:41:30 INFO  com.raymedis.rxviewui.modules.serialPortCom.SerialPortCommunicationService - Received response: INTERLOCK_FAILED
2025-07-23 15:41:30 INFO  com.raymedis.rxviewui.modules.serialPortCom.SerialPortCommunicationService - Interlock failed.
2025-07-23 15:41:30 INFO  com.raymedis.serialPortCommunication.rxview_consolecom_old.RxPanelInitializationOld - Disconnecting from RX panel...
2025-07-23 15:41:30 INFO  com.raymedis.serialPortCommunication.rxview_consolecom_old.RxPanelInitializationOld - Disconnected Port due to interlock issues.
2025-07-23 15:41:30 INFO  com.raymedis.rxviewui.service.study.StudyMainController - done
2025-07-23 15:41:35 INFO  com.raymedis.rxviewui.modules.ImageProcessing.DrawToolsResource.CropLayout - rectX: 183.0127659574468, rectY: 0.0, rectWidth: 339.072340425532, rectHeight: 1024.0
2025-07-23 15:41:35 INFO  com.raymedis.rxviewui.modules.ImageProcessing.DrawToolsResource.MainDrawTool - rect : 183.0127659574468, 0.0 339.072340425532 1024.0
2025-07-23 15:41:42 INFO  com.raymedis.rxviewui.service.study.StudyMainController - Saving for Pacs...
2025-07-23 15:41:42 INFO  com.raymedis.rxviewui.modules.ImageProcessing.imageToolsWrapper.ImageDrawWrapperHandling - ========================================================================
2025-07-23 15:41:42 INFO  com.raymedis.rxviewui.modules.ImageProcessing.imageToolsWrapper.ImageDrawWrapperHandling - Crop Layout X: 183.0127659574468, Y: 0.0, Width: 339.072340425532, Height: 1024.0
2025-07-23 15:41:42 INFO  com.raymedis.rxviewui.modules.dicom.DicomService - DicomService loaded with patient: EMERGENCY20250723154124
2025-07-23 15:41:42 INFO  com.raymedis.rxviewui.modules.dicom.DicomService - Status : Uploading Begins
2025-07-23 15:41:42 INFO  com.raymedis.rxviewui.modules.dicom.DicomService - Creating DICOM File/s...
2025-07-23 15:41:42 INFO  com.raymedis.rxviewui.modules.dicom.DicomService - needsAnnotations
2025-07-23 15:41:42 INFO  com.raymedis.rxviewui.service.study.StudyService - mat size 838 * 1024
2025-07-23 15:41:42 INFO  com.raymedis.rxviewui.service.study.StudyService - study mat.rows() * width : 1024 1024.0
2025-07-23 15:41:42 INFO  com.raymedis.rxviewui.modules.ImageProcessing.imageToolsWrapper.ImageDrawWrapperHandling -  crop rect before CropLayoutWrapper{rectX=183.0127659574468, rectY=0.0, rectWidth=339.072340425532, rectHeight=1024.0} and multiple is 2.982300884955752
2025-07-23 15:41:42 INFO  com.raymedis.rxviewui.controller.ExportStudy - isStorageCropSelected: true
2025-07-23 15:41:43 INFO  com.raymedis.rxviewui.service.study.StudyService - study mat.rows() * width : 3052 1024.0
2025-07-23 15:41:43 INFO  com.raymedis.rxviewui.controller.ExportStudy - applyOnlyCrop {545, 0, 1010x3052} 
2025-07-23 15:41:43 INFO  com.raymedis.rxviewui.modules.dicom.DicomService - path exits
2025-07-23 15:41:43 INFO  com.raymedis.rxviewui.modules.dicom.DicomService - D:\Work\RxView\RxView_Nellore_V3/dcmOutput/11.dcm
2025-07-23 15:41:43 WARN  com.raymedis.rxviewui.modules.ImageProcessing.imageToolsWrapper.ImageDrawWrapperHandling - Display image is null, cannot apply drawing tools.
2025-07-23 15:41:43 INFO  com.raymedis.rxviewui.modules.dicom.DicomService - Uploading to server...
2025-07-23 15:41:43 INFO  com.raymedis.rxviewui.modules.dicom.DicomCStore - 
Initiating C-STORE operation...
2025-07-23 15:41:43 INFO  com.raymedis.rxviewui.modules.dicom.OurTransferUpdateStatusHandler - SOP Instance ID being transferred:1.3.6.1.4.1.5962.99.1.9188.1275.1753265503157.1.1.0.1.1
2025-07-23 15:41:43 INFO  com.raymedis.rxviewui.modules.dicom.OurTransferUpdateStatusHandler - Items in Queue:0
2025-07-23 15:41:43 INFO  com.raymedis.rxviewui.modules.dicom.OurTransferUpdateStatusHandler - Transfers Completed:1
2025-07-23 15:41:43 INFO  com.raymedis.rxviewui.modules.dicom.OurTransferUpdateStatusHandler - Failed Transmits:0
2025-07-23 15:41:43 INFO  com.raymedis.rxviewui.modules.dicom.OurTransferUpdateStatusHandler - Warnings:0
2025-07-23 15:41:43 INFO  com.raymedis.rxviewui.modules.dicom.OurTransferUpdateStatusHandler - isTransferComplete: true
2025-07-23 15:41:43 INFO  com.raymedis.rxviewui.modules.dicom.DicomService - Upload completed successfully!
2025-07-23 15:41:43 INFO  com.raymedis.rxviewui.service.study.StudyService - mat size 838 * 1024
2025-07-23 15:41:43 INFO  com.raymedis.rxviewui.service.study.StudyService - study mat.rows() * width : 1024 1024.0
2025-07-23 15:41:44 INFO  com.raymedis.rxviewui.modules.ImageProcessing.imageToolsWrapper.ImageDrawWrapperHandling -  crop rect before CropLayoutWrapper{rectX=183.0127659574468, rectY=0.0, rectWidth=339.072340425532, rectHeight=1024.0} and multiple is 1.0
2025-07-23 15:45:10 INFO  com.raymedis.rxviewui.service.study.StudyMainController - Saving for Pacs...
2025-07-23 15:45:10 INFO  com.raymedis.rxviewui.modules.ImageProcessing.imageToolsWrapper.ImageDrawWrapperHandling - ========================================================================
2025-07-23 15:45:10 INFO  com.raymedis.rxviewui.modules.ImageProcessing.imageToolsWrapper.ImageDrawWrapperHandling - Crop Layout X: 183.0127659574468, Y: 0.0, Width: 339.072340425532, Height: 1024.0
2025-07-23 15:45:10 INFO  com.raymedis.rxviewui.modules.dicom.DicomService - DicomService loaded with patient: EMERGENCY20250723154124
2025-07-23 15:45:10 INFO  com.raymedis.rxviewui.modules.dicom.DicomService - Status : Uploading Begins
2025-07-23 15:45:10 INFO  com.raymedis.rxviewui.modules.dicom.DicomService - Creating DICOM File/s...
2025-07-23 15:45:10 INFO  com.raymedis.rxviewui.modules.dicom.DicomService - needsAnnotations
2025-07-23 15:45:10 INFO  com.raymedis.rxviewui.service.study.StudyService - mat size 838 * 1024
2025-07-23 15:45:10 INFO  com.raymedis.rxviewui.service.study.StudyService - study mat.rows() * width : 1024 1024.0
2025-07-23 15:45:11 INFO  com.raymedis.rxviewui.modules.ImageProcessing.imageToolsWrapper.ImageDrawWrapperHandling -  crop rect before CropLayoutWrapper{rectX=183.0127659574468, rectY=0.0, rectWidth=339.072340425532, rectHeight=1024.0} and multiple is 2.982300884955752
2025-07-23 15:45:11 INFO  com.raymedis.rxviewui.controller.ExportStudy - isStorageCropSelected: true
2025-07-23 15:45:11 INFO  com.raymedis.rxviewui.service.study.StudyService - study mat.rows() * width : 3052 1024.0
2025-07-23 15:45:11 INFO  com.raymedis.rxviewui.controller.ExportStudy - applyOnlyCrop {545, 0, 1010x3052} 
2025-07-23 15:45:11 INFO  com.raymedis.rxviewui.modules.dicom.DicomService - path exits
2025-07-23 15:45:11 INFO  com.raymedis.rxviewui.modules.dicom.DicomService - D:\Work\RxView\RxView_Nellore_V3/dcmOutput/11.dcm
2025-07-23 15:45:11 WARN  com.raymedis.rxviewui.modules.ImageProcessing.imageToolsWrapper.ImageDrawWrapperHandling - Display image is null, cannot apply drawing tools.
2025-07-23 15:45:11 INFO  com.raymedis.rxviewui.modules.dicom.DicomService - Uploading to server...
2025-07-23 15:45:11 INFO  com.raymedis.rxviewui.modules.dicom.DicomCStore - 
Initiating C-STORE operation...
2025-07-23 15:45:11 INFO  com.raymedis.rxviewui.modules.dicom.OurTransferUpdateStatusHandler - SOP Instance ID being transferred:1.3.6.1.4.1.5962.99.1.9188.1275.1753265503157.1.1.0.1.1
2025-07-23 15:45:11 INFO  com.raymedis.rxviewui.modules.dicom.OurTransferUpdateStatusHandler - Items in Queue:0
2025-07-23 15:45:11 INFO  com.raymedis.rxviewui.modules.dicom.OurTransferUpdateStatusHandler - Transfers Completed:1
2025-07-23 15:45:11 INFO  com.raymedis.rxviewui.modules.dicom.OurTransferUpdateStatusHandler - Failed Transmits:0
2025-07-23 15:45:11 INFO  com.raymedis.rxviewui.modules.dicom.OurTransferUpdateStatusHandler - Warnings:0
2025-07-23 15:45:11 INFO  com.raymedis.rxviewui.modules.dicom.OurTransferUpdateStatusHandler - isTransferComplete: true
2025-07-23 15:45:12 INFO  com.raymedis.rxviewui.modules.dicom.DicomService - Upload completed successfully!
2025-07-23 15:45:12 INFO  com.raymedis.rxviewui.service.study.StudyService - mat size 838 * 1024
2025-07-23 15:45:12 INFO  com.raymedis.rxviewui.service.study.StudyService - study mat.rows() * width : 1024 1024.0
2025-07-23 15:45:12 INFO  com.raymedis.rxviewui.modules.ImageProcessing.imageToolsWrapper.ImageDrawWrapperHandling -  crop rect before CropLayoutWrapper{rectX=183.0127659574468, rectY=0.0, rectWidth=339.072340425532, rectHeight=1024.0} and multiple is 1.0
2025-07-23 15:46:04 INFO  com.raymedis.rxviewui.service.study.StudyService - mat size 838 * 1024
2025-07-23 15:46:04 INFO  com.raymedis.rxviewui.service.study.StudyService - study mat.rows() * width : 1024 1024.0
2025-07-23 15:46:05 INFO  com.raymedis.rxviewui.modules.ImageProcessing.imageToolsWrapper.ImageDrawWrapperHandling -  crop rect before CropLayoutWrapper{rectX=183.0127659574468, rectY=0.0, rectWidth=339.072340425532, rectHeight=1024.0} and multiple is 1.0
2025-07-23 15:46:11 INFO  com.raymedis.rxviewui.service.study.StudyMainController - Saving for Pacs...
2025-07-23 15:46:11 INFO  com.raymedis.rxviewui.modules.ImageProcessing.imageToolsWrapper.ImageDrawWrapperHandling - ========================================================================
2025-07-23 15:46:11 INFO  com.raymedis.rxviewui.modules.ImageProcessing.imageToolsWrapper.ImageDrawWrapperHandling - Crop Layout X: 183.0127659574468, Y: 0.0, Width: 339.072340425532, Height: 1024.0
2025-07-23 15:46:11 INFO  com.raymedis.rxviewui.modules.dicom.DicomService - DicomService loaded with patient: EMERGENCY20250723154124
2025-07-23 15:46:11 INFO  com.raymedis.rxviewui.modules.dicom.DicomService - Status : Uploading Begins
2025-07-23 15:46:11 INFO  com.raymedis.rxviewui.modules.dicom.DicomService - Creating DICOM File/s...
2025-07-23 15:46:11 INFO  com.raymedis.rxviewui.modules.dicom.DicomService - needsAnnotations
2025-07-23 15:46:11 INFO  com.raymedis.rxviewui.service.study.StudyService - mat size 838 * 1024
2025-07-23 15:46:11 INFO  com.raymedis.rxviewui.service.study.StudyService - study mat.rows() * width : 1024 1024.0
2025-07-23 15:46:11 INFO  com.raymedis.rxviewui.modules.ImageProcessing.imageToolsWrapper.ImageDrawWrapperHandling -  crop rect before CropLayoutWrapper{rectX=183.0127659574468, rectY=0.0, rectWidth=339.072340425532, rectHeight=1024.0} and multiple is 2.982300884955752
2025-07-23 15:46:11 INFO  com.raymedis.rxviewui.controller.ExportStudy - isStorageCropSelected: false
2025-07-23 15:46:12 INFO  com.raymedis.rxviewui.modules.dicom.DicomService - path exits
2025-07-23 15:46:12 INFO  com.raymedis.rxviewui.modules.dicom.DicomService - D:\Work\RxView\RxView_Nellore_V3/dcmOutput/11.dcm
2025-07-23 15:46:12 WARN  com.raymedis.rxviewui.modules.ImageProcessing.imageToolsWrapper.ImageDrawWrapperHandling - Display image is null, cannot apply drawing tools.
2025-07-23 15:46:12 INFO  com.raymedis.rxviewui.modules.dicom.DicomService - Uploading to server...
2025-07-23 15:46:12 INFO  com.raymedis.rxviewui.modules.dicom.DicomCStore - 
Initiating C-STORE operation...
2025-07-23 15:46:12 INFO  com.raymedis.rxviewui.modules.dicom.OurTransferUpdateStatusHandler - SOP Instance ID being transferred:1.3.6.1.4.1.5962.99.1.9188.1275.1753265503157.1.1.0.1.1
2025-07-23 15:46:12 INFO  com.raymedis.rxviewui.modules.dicom.OurTransferUpdateStatusHandler - Items in Queue:0
2025-07-23 15:46:12 INFO  com.raymedis.rxviewui.modules.dicom.OurTransferUpdateStatusHandler - Transfers Completed:1
2025-07-23 15:46:12 INFO  com.raymedis.rxviewui.modules.dicom.OurTransferUpdateStatusHandler - Failed Transmits:0
2025-07-23 15:46:12 INFO  com.raymedis.rxviewui.modules.dicom.OurTransferUpdateStatusHandler - Warnings:0
2025-07-23 15:46:12 INFO  com.raymedis.rxviewui.modules.dicom.OurTransferUpdateStatusHandler - isTransferComplete: true
2025-07-23 15:46:12 INFO  com.raymedis.rxviewui.modules.dicom.DicomService - Upload completed successfully!
2025-07-23 15:46:12 INFO  com.raymedis.rxviewui.service.study.StudyService - mat size 838 * 1024
2025-07-23 15:46:12 INFO  com.raymedis.rxviewui.service.study.StudyService - study mat.rows() * width : 1024 1024.0
2025-07-23 15:46:13 INFO  com.raymedis.rxviewui.modules.ImageProcessing.imageToolsWrapper.ImageDrawWrapperHandling -  crop rect before CropLayoutWrapper{rectX=183.0127659574468, rectY=0.0, rectWidth=339.072340425532, rectHeight=1024.0} and multiple is 1.0
2025-07-23 15:46:37 INFO  com.raymedis.rxviewui.service.study.StudyMainController - Setting console values for body part: Chest
2025-07-23 15:46:37 INFO  com.raymedis.rxviewui.modules.serialPortCom.SerialPortManager - Setting Xray Console - kv: 70.0, ma: 80, mas: 4.0
2025-07-23 15:46:37 INFO  com.raymedis.rxviewui.modules.serialPortCom.SerialPortManager - setMa kv1: 70.0, ma1: 80.0
2025-07-23 15:46:37 INFO  com.raymedis.rxviewui.modules.serialPortCom.SerialPortManager - x: 175
2025-07-23 15:46:37 INFO  com.raymedis.rxviewui.modules.serialPortCom.SerialPortManager - Current Sent: 80.0
2025-07-23 15:46:37 INFO  com.raymedis.rxviewui.modules.serialPortCom.SerialPortManager - Calibration Val: 8.32
2025-07-23 15:46:37 INFO  com.raymedis.serialPortCommunication.rxview_consolecom_old.RxPanelInitializationOld - Available COM ports:
2025-07-23 15:46:37 INFO  com.raymedis.rxviewui.modules.serialPortCom.SerialPortManager - Calibration Val: 8.49
2025-07-23 15:46:37 INFO  com.raymedis.rxviewui.modules.serialPortCom.SerialPortManager - Calibration Val: 8.29
2025-07-23 15:46:37 INFO  com.raymedis.rxviewui.modules.serialPortCom.SerialPortManager - Calibration Val: 8.49
2025-07-23 15:46:37 INFO  com.raymedis.rxviewui.modules.serialPortCom.SerialPortManager - filamentCurrent: 8.32
2025-07-23 15:46:37 INFO  com.raymedis.rxviewui.modules.serialPortCom.SerialPortManager - KV Sent : 70.0
2025-07-23 15:46:37 INFO  com.raymedis.rxviewui.modules.serialPortCom.SerialPortManager - Calibration Val: 8.32
2025-07-23 15:46:37 INFO  com.raymedis.rxviewui.modules.serialPortCom.SerialPortManager - Calibration Val: 8.49
2025-07-23 15:46:37 INFO  com.raymedis.serialPortCommunication.rxview_consolecom_old.TriggerCommandRxOld - Serial port is not open.
2025-07-23 15:46:37 INFO  com.raymedis.rxviewui.modules.serialPortCom.SerialPortManager - Calibration Val: 8.29
2025-07-23 15:46:37 INFO  com.raymedis.rxviewui.modules.serialPortCom.SerialPortManager - Calibration Val: 8.49
2025-07-23 15:46:37 INFO  com.raymedis.rxviewui.modules.serialPortCom.SerialPortManager - In short sending KV: 208
2025-07-23 15:46:37 INFO  com.raymedis.rxviewui.modules.serialPortCom.SerialPortManager - In byte sending KV: -48
2025-07-23 15:46:37 INFO  com.raymedis.rxviewui.modules.serialPortCom.SerialPortManager - setExposureTime 0.05
2025-07-23 15:46:37 INFO  com.raymedis.rxviewui.modules.serialPortCom.SerialPortManager - Exposure Time Sent - 50
2025-07-23 15:46:37 INFO  com.raymedis.serialPortCommunication.rxview_consolecom_old.TriggerCommandRxOld - Setting KV to: -48
2025-07-23 15:46:37 INFO  com.raymedis.serialPortCommunication.rxview_consolecom_old.TriggerCommandRxOld - Serial port is not open.
2025-07-23 15:46:37 INFO  com.raymedis.serialPortCommunication.rxview_consolecom_old.TriggerCommandRxOld - Setting Exposure Time to: 50 0 and G
2025-07-23 15:46:37 INFO  com.raymedis.serialPortCommunication.rxview_consolecom_old.TriggerCommandRxOld - Serial port is not open.
2025-07-23 15:46:37 INFO  com.raymedis.serialPortCommunication.rxview_consolecom_old.RxPanelInitializationOld - - COM6: USB-SERIAL CH340 (COM6)
2025-07-23 15:46:37 INFO  com.raymedis.serialPortCommunication.rxview_consolecom_old.RxPanelInitializationOld - - COM5: USB-SERIAL CH340 (COM5)
2025-07-23 15:46:37 INFO  com.raymedis.serialPortCommunication.rxview_consolecom_old.RxPanelInitializationOld - Available COM ports:
2025-07-23 15:46:37 INFO  com.raymedis.serialPortCommunication.rxview_consolecom_old.RxPanelInitializationOld - - COM6: USB-SERIAL CH340 (COM6)
2025-07-23 15:46:37 INFO  com.raymedis.serialPortCommunication.rxview_consolecom_old.RxPanelInitializationOld - - COM5: USB-SERIAL CH340 (COM5)
2025-07-23 15:46:37 INFO  com.raymedis.serialPortCommunication.rxview_consolecom_old.RxPanelInitializationOld - Connected to RX panel.
2025-07-23 15:46:37 INFO  com.raymedis.serialPortCommunication.rxview_consolecom_old.ReceiveCommandRxOld - requested interlocks, attempt 1
2025-07-23 15:46:38 INFO  com.raymedis.rxviewui.service.study.StudyService - current bodyPart chest AP
2025-07-23 15:46:38 INFO  com.raymedis.rxviewui.service.preProcessing.PreProcess - Processing body part: chest
2025-07-23 15:46:38 INFO  com.raymedis.rxviewui.service.preProcessing.PreProcess - Mat is 16-bit unsigned
2025-07-23 15:46:39 INFO  com.raymedis.serialPortCommunication.rxview_consolecom_old.ReceiveCommandRxOld - Interlock attempt 1 failed.
2025-07-23 15:46:39 INFO  com.raymedis.serialPortCommunication.rxview_consolecom_old.ReceiveCommandRxOld - requested interlocks, attempt 2
2025-07-23 15:46:41 INFO  com.raymedis.rxviewui.service.study.StudyService - Image received Found in FPD
2025-07-23 15:46:41 INFO  com.raymedis.rxviewui.service.study.StudyService - mat size 838 * 1024
2025-07-23 15:46:41 INFO  com.raymedis.rxviewui.service.study.StudyService - study mat.rows() * width : 1024 1024.0
2025-07-23 15:46:41 INFO  com.raymedis.serialPortCommunication.rxview_consolecom_old.ReceiveCommandRxOld - Interlock attempt 2 failed.
2025-07-23 15:46:41 INFO  com.raymedis.serialPortCommunication.rxview_consolecom_old.ReceiveCommandRxOld - requested interlocks, attempt 3
2025-07-23 15:46:41 INFO  com.raymedis.rxviewui.modules.ImageProcessing.imageToolsWrapper.ImageDrawWrapperHandling -  crop rect before CropLayoutWrapper{rectX=0.0, rectY=0.0, rectWidth=0.0, rectHeight=0.0} and multiple is 1.0
2025-07-23 15:46:41 INFO  com.raymedis.rxviewui.modules.ImageProcessing.DrawToolsResource.MainDrawTool - ImagingParams is null
2025-07-23 15:46:41 INFO  com.raymedis.rxviewui.modules.ImageProcessing.DrawToolsResource.MainDrawTool - HFlip is false, not applying HFlip
2025-07-23 15:46:41 INFO  com.raymedis.rxviewui.modules.ImageProcessing.DrawToolsResource.MainDrawTool - L/R Label: L
2025-07-23 15:46:41 INFO  com.raymedis.rxviewui.modules.ImageProcessing.DrawToolsResource.MainDrawTool - Text: Some Text
2025-07-23 15:46:41 INFO  com.raymedis.rxviewui.modules.ImageProcessing.DrawToolsResource.MainDrawTool - Position Value: 175.0
2025-07-23 15:46:41 INFO  com.raymedis.rxviewui.modules.ImageProcessing.DrawToolsResource.MainDrawTool - Invalid position value: 175.0
2025-07-23 15:46:43 INFO  com.raymedis.serialPortCommunication.rxview_consolecom_old.ReceiveCommandRxOld - Interlock attempt 3 failed.
2025-07-23 15:46:43 INFO  com.raymedis.serialPortCommunication.rxview_consolecom_old.ReceiveCommandRxOld - Failed to retrieve interlocks after 3 attempts. Exiting.
2025-07-23 15:46:43 INFO  com.raymedis.rxviewui.modules.serialPortCom.SerialPortCommunicationService - Received response: INTERLOCK_FAILED
2025-07-23 15:46:43 INFO  com.raymedis.rxviewui.modules.serialPortCom.SerialPortCommunicationService - Received response: INTERLOCK_FAILED
2025-07-23 15:46:43 INFO  com.raymedis.rxviewui.modules.serialPortCom.SerialPortCommunicationService - Interlock failed.
2025-07-23 15:46:43 INFO  com.raymedis.serialPortCommunication.rxview_consolecom_old.RxPanelInitializationOld - Disconnecting from RX panel...
2025-07-23 15:46:43 INFO  com.raymedis.serialPortCommunication.rxview_consolecom_old.RxPanelInitializationOld - Disconnected Port due to interlock issues.
2025-07-23 15:46:43 INFO  com.raymedis.rxviewui.service.study.StudyMainController - done
2025-07-23 15:46:54 INFO  com.raymedis.rxviewui.modules.ImageProcessing.DrawToolsResource.CropLayout - rectX: 239.6595744680851, rectY: 0.0, rectWidth: 356.5021276595745, rectHeight: 1024.0
2025-07-23 15:46:54 INFO  com.raymedis.rxviewui.modules.ImageProcessing.DrawToolsResource.MainDrawTool - rect : 239.6595744680851, 0.0 356.5021276595745 1024.0
2025-07-23 15:47:04 INFO  com.raymedis.rxviewui.service.study.StudyMainController - Saving for Pacs...
2025-07-23 15:47:04 INFO  com.raymedis.rxviewui.modules.ImageProcessing.imageToolsWrapper.ImageDrawWrapperHandling - ========================================================================
2025-07-23 15:47:04 INFO  com.raymedis.rxviewui.modules.ImageProcessing.imageToolsWrapper.ImageDrawWrapperHandling - Crop Layout X: 239.6595744680851, Y: 0.0, Width: 356.5021276595745, Height: 1024.0
2025-07-23 15:47:04 INFO  com.raymedis.rxviewui.modules.dicom.DicomService - DicomService loaded with patient: EMERGENCY20250723154637
2025-07-23 15:47:04 INFO  com.raymedis.rxviewui.modules.dicom.DicomService - Status : Uploading Begins
2025-07-23 15:47:04 INFO  com.raymedis.rxviewui.modules.dicom.DicomService - Creating DICOM File/s...
2025-07-23 15:47:04 INFO  com.raymedis.rxviewui.modules.dicom.DicomService - needsAnnotations
2025-07-23 15:47:04 INFO  com.raymedis.rxviewui.service.study.StudyService - mat size 838 * 1024
2025-07-23 15:47:04 INFO  com.raymedis.rxviewui.service.study.StudyService - study mat.rows() * width : 1024 1024.0
2025-07-23 15:47:05 INFO  com.raymedis.rxviewui.modules.ImageProcessing.imageToolsWrapper.ImageDrawWrapperHandling -  crop rect before CropLayoutWrapper{rectX=239.6595744680851, rectY=0.0, rectWidth=356.5021276595745, rectHeight=1024.0} and multiple is 2.985955056179775
2025-07-23 15:47:05 INFO  com.raymedis.rxviewui.controller.ExportStudy - isStorageCropSelected: false
2025-07-23 15:47:05 INFO  com.raymedis.rxviewui.modules.dicom.DicomService - path exits
2025-07-23 15:47:05 INFO  com.raymedis.rxviewui.modules.dicom.DicomService - D:\Work\RxView\RxView_Nellore_V3/dcmOutput/11.dcm
2025-07-23 15:47:05 WARN  com.raymedis.rxviewui.modules.ImageProcessing.imageToolsWrapper.ImageDrawWrapperHandling - Display image is null, cannot apply drawing tools.
2025-07-23 15:47:05 INFO  com.raymedis.rxviewui.modules.dicom.DicomService - Uploading to server...
2025-07-23 15:47:05 INFO  com.raymedis.rxviewui.modules.dicom.DicomCStore - 
Initiating C-STORE operation...
2025-07-23 15:47:06 INFO  com.raymedis.rxviewui.modules.dicom.OurTransferUpdateStatusHandler - SOP Instance ID being transferred:1.3.6.1.4.1.5962.99.1.9188.1275.1753265503157.1.1.0.1.1
2025-07-23 15:47:06 INFO  com.raymedis.rxviewui.modules.dicom.OurTransferUpdateStatusHandler - Items in Queue:0
2025-07-23 15:47:06 INFO  com.raymedis.rxviewui.modules.dicom.OurTransferUpdateStatusHandler - Transfers Completed:1
2025-07-23 15:47:06 INFO  com.raymedis.rxviewui.modules.dicom.OurTransferUpdateStatusHandler - Failed Transmits:0
2025-07-23 15:47:06 INFO  com.raymedis.rxviewui.modules.dicom.OurTransferUpdateStatusHandler - Warnings:0
2025-07-23 15:47:06 INFO  com.raymedis.rxviewui.modules.dicom.OurTransferUpdateStatusHandler - isTransferComplete: true
2025-07-23 15:47:06 INFO  com.raymedis.rxviewui.modules.dicom.DicomService - Upload completed successfully!
2025-07-23 15:47:06 INFO  com.raymedis.rxviewui.service.study.StudyService - mat size 838 * 1024
2025-07-23 15:47:06 INFO  com.raymedis.rxviewui.service.study.StudyService - study mat.rows() * width : 1024 1024.0
2025-07-23 15:47:06 INFO  com.raymedis.rxviewui.modules.ImageProcessing.imageToolsWrapper.ImageDrawWrapperHandling -  crop rect before CropLayoutWrapper{rectX=239.6595744680851, rectY=0.0, rectWidth=356.5021276595745, rectHeight=1024.0} and multiple is 1.0
