2025-07-23 17:28:21 INFO  com.raymedis.rxviewui.service.study.StudyMainController - Console is ON
2025-07-23 17:28:21 INFO  com.raymedis.rxviewui.service.database.DatabaseController - Setting visibility for field: accession number
2025-07-23 17:28:21 INFO  com.raymedis.rxviewui.service.database.DatabaseController - Setting visibility for field: age
2025-07-23 17:28:21 INFO  com.raymedis.rxviewui.service.database.DatabaseController - Setting visibility for field: height
2025-07-23 17:28:21 INFO  com.raymedis.rxviewui.service.database.DatabaseController - Setting visibility for field: institution
2025-07-23 17:28:21 INFO  com.raymedis.rxviewui.service.database.DatabaseController - Setting visibility for field: patient id
2025-07-23 17:28:21 INFO  com.raymedis.rxviewui.service.database.DatabaseController - Setting visibility for field: patient name
2025-07-23 17:28:21 INFO  com.raymedis.rxviewui.service.database.DatabaseController - Setting visibility for field: performing physician
2025-07-23 17:28:21 INFO  com.raymedis.rxviewui.service.database.DatabaseController - Setting visibility for field: procedure
2025-07-23 17:28:21 INFO  com.raymedis.rxviewui.service.database.DatabaseController - Setting visibility for field: study description
2025-07-23 17:28:26 INFO  com.raymedis.rxviewui.controller.LoginPage - logged In
2025-07-23 17:28:27 INFO  com.raymedis.rxviewui.service.login.LoginController - 192.168.12.10
2025-07-23 17:28:27 INFO  com.raymedis.rxviewui.service.login.LoginController - ip mismatched 192.168.28.232 and 192.168.12.10
2025-07-23 17:28:27 INFO  com.raymedis.rxviewui.service.login.LoginController - IP not found
2025-07-23 17:28:27 INFO  com.raymedis.rxviewui.service.json.WifiSettings - 192.168.12.10
2025-07-23 17:28:27 INFO  com.raymedis.rxviewui.service.json.WifiSettings - Batch file created: set_static_ip.bat 
2025-07-23 17:28:27 INFO  com.raymedis.rxviewui.service.json.WifiSettings - Running batch file as admin...
2025-07-23 17:28:27 INFO  com.raymedis.rxviewui.service.fpdSdks.controller.FpdController - Loading detector: X221AW2-B1C, SDK type: RAD_INNOCARE
2025-07-23 17:28:27 INFO  com.raymedis.rxviewui.service.login.LoginController - initialized
2025-07-23 17:28:30 ERROR com.raymedis.rxviewui.service.fpdSdks.controller.FpdController - No devices found
2025-07-23 17:28:30 INFO  com.raymedis.rxviewui.service.login.LoginController - No devices found!!!
2025-07-23 17:28:32 INFO  com.raymedis.rxviewui.service.study.StudyMainController - Setting console values for body part: Chest
2025-07-23 17:28:32 INFO  com.raymedis.rxviewui.modules.serialPortCom.SerialPortManager - Setting Xray Console - kv: 70.0, ma: 80, mas: 4.0
2025-07-23 17:28:32 INFO  com.raymedis.serialPortCommunication.rxview_consolecom_old.RxPanelInitializationOld - Available COM ports:
2025-07-23 17:28:32 INFO  com.raymedis.rxviewui.modules.serialPortCom.SerialPortManager - setMa kv1: 70.0, ma1: 80.0
2025-07-23 17:28:32 INFO  com.raymedis.rxviewui.modules.serialPortCom.SerialPortManager - x: 175
2025-07-23 17:28:32 INFO  com.raymedis.rxviewui.modules.serialPortCom.SerialPortManager - Current Sent: 80.0
2025-07-23 17:28:32 INFO  com.raymedis.rxviewui.modules.serialPortCom.SerialPortManager - Calibration Val: 8.32
2025-07-23 17:28:32 INFO  com.raymedis.rxviewui.modules.serialPortCom.SerialPortManager - Calibration Val: 8.49
2025-07-23 17:28:32 INFO  com.raymedis.rxviewui.modules.serialPortCom.SerialPortManager - Calibration Val: 8.29
2025-07-23 17:28:32 INFO  com.raymedis.rxviewui.modules.serialPortCom.SerialPortManager - Calibration Val: 8.49
2025-07-23 17:28:32 INFO  com.raymedis.rxviewui.modules.serialPortCom.SerialPortManager - filamentCurrent: 8.32
2025-07-23 17:28:32 INFO  com.raymedis.rxviewui.modules.serialPortCom.SerialPortManager - KV Sent : 70.0
2025-07-23 17:28:32 INFO  com.raymedis.rxviewui.modules.serialPortCom.SerialPortManager - Calibration Val: 8.32
2025-07-23 17:28:32 INFO  com.raymedis.rxviewui.modules.serialPortCom.SerialPortManager - Calibration Val: 8.49
2025-07-23 17:28:32 INFO  com.raymedis.rxviewui.modules.serialPortCom.SerialPortManager - Calibration Val: 8.29
2025-07-23 17:28:32 INFO  com.raymedis.serialPortCommunication.rxview_consolecom_old.TriggerCommandRxOld - Serial port is not open.
2025-07-23 17:28:32 INFO  com.raymedis.rxviewui.modules.serialPortCom.SerialPortManager - Calibration Val: 8.49
2025-07-23 17:28:32 INFO  com.raymedis.rxviewui.modules.serialPortCom.SerialPortManager - In short sending KV: 208
2025-07-23 17:28:32 INFO  com.raymedis.rxviewui.modules.serialPortCom.SerialPortManager - In byte sending KV: -48
2025-07-23 17:28:32 INFO  com.raymedis.rxviewui.modules.serialPortCom.SerialPortManager - setExposureTime 0.05
2025-07-23 17:28:32 INFO  com.raymedis.rxviewui.modules.serialPortCom.SerialPortManager - Exposure Time Sent - 50
2025-07-23 17:28:32 INFO  com.raymedis.serialPortCommunication.rxview_consolecom_old.TriggerCommandRxOld - Setting KV to: -48
2025-07-23 17:28:32 INFO  com.raymedis.serialPortCommunication.rxview_consolecom_old.TriggerCommandRxOld - Setting Exposure Time to: 50 0 and G
2025-07-23 17:28:32 INFO  com.raymedis.serialPortCommunication.rxview_consolecom_old.TriggerCommandRxOld - Serial port is not open.
2025-07-23 17:28:32 INFO  com.raymedis.serialPortCommunication.rxview_consolecom_old.TriggerCommandRxOld - Serial port is not open.
2025-07-23 17:28:32 INFO  com.raymedis.serialPortCommunication.rxview_consolecom_old.RxPanelInitializationOld - - COM6: USB-SERIAL CH340 (COM6)
2025-07-23 17:28:32 INFO  com.raymedis.serialPortCommunication.rxview_consolecom_old.RxPanelInitializationOld - - COM5: USB-SERIAL CH340 (COM5)
2025-07-23 17:28:32 INFO  com.raymedis.serialPortCommunication.rxview_consolecom_old.RxPanelInitializationOld - Available COM ports:
2025-07-23 17:28:32 INFO  com.raymedis.serialPortCommunication.rxview_consolecom_old.RxPanelInitializationOld - - COM6: USB-SERIAL CH340 (COM6)
2025-07-23 17:28:32 INFO  com.raymedis.serialPortCommunication.rxview_consolecom_old.RxPanelInitializationOld - - COM5: USB-SERIAL CH340 (COM5)
2025-07-23 17:28:32 INFO  com.raymedis.serialPortCommunication.rxview_consolecom_old.RxPanelInitializationOld - Connected to RX panel.
2025-07-23 17:28:32 INFO  com.raymedis.serialPortCommunication.rxview_consolecom_old.ReceiveCommandRxOld - requested interlocks, attempt 1
2025-07-23 17:28:33 INFO  com.raymedis.rxviewui.service.study.StudyService - current bodyPart chest AP
2025-07-23 17:28:33 INFO  com.raymedis.rxviewui.service.preProcessing.PreProcess - Processing body part: chest
2025-07-23 17:28:33 INFO  com.raymedis.rxviewui.service.preProcessing.PreProcess - Mat is 16-bit unsigned
2025-07-23 17:28:34 INFO  com.raymedis.serialPortCommunication.rxview_consolecom_old.ReceiveCommandRxOld - Interlock attempt 1 failed.
2025-07-23 17:28:34 INFO  com.raymedis.serialPortCommunication.rxview_consolecom_old.ReceiveCommandRxOld - requested interlocks, attempt 2
2025-07-23 17:28:36 INFO  com.raymedis.rxviewui.service.study.StudyService - Image received Found in FPD
2025-07-23 17:28:36 INFO  com.raymedis.rxviewui.service.study.StudyService - mat size 838 * 1024
2025-07-23 17:28:36 INFO  com.raymedis.rxviewui.service.study.StudyService - study mat.rows() * width : 1024 1024.0
2025-07-23 17:28:36 INFO  com.raymedis.serialPortCommunication.rxview_consolecom_old.ReceiveCommandRxOld - Interlock attempt 2 failed.
2025-07-23 17:28:36 INFO  com.raymedis.serialPortCommunication.rxview_consolecom_old.ReceiveCommandRxOld - requested interlocks, attempt 3
2025-07-23 17:28:36 INFO  com.raymedis.rxviewui.modules.ImageProcessing.imageToolsWrapper.ImageDrawWrapperHandling - crop rect before CropLayoutWrapper{rectX=0.0, rectY=0.0, rectWidth=0.0, rectHeight=0.0} and multiple is 1.0
2025-07-23 17:28:36 INFO  com.raymedis.rxviewui.modules.ImageProcessing.DrawToolsResource.MainDrawTool - ImagingParams is null
2025-07-23 17:28:36 INFO  com.raymedis.rxviewui.modules.ImageProcessing.DrawToolsResource.MainDrawTool - HFlip is false, not applying HFlip
2025-07-23 17:28:36 INFO  com.raymedis.rxviewui.modules.ImageProcessing.DrawToolsResource.MainDrawTool - L/R Label: L
2025-07-23 17:28:36 INFO  com.raymedis.rxviewui.modules.ImageProcessing.DrawToolsResource.MainDrawTool - Text: Some Text
2025-07-23 17:28:36 INFO  com.raymedis.rxviewui.modules.ImageProcessing.DrawToolsResource.MainDrawTool - Position Value: 175.0
2025-07-23 17:28:36 INFO  com.raymedis.rxviewui.modules.ImageProcessing.DrawToolsResource.MainDrawTool - Invalid position value: 175.0
2025-07-23 17:28:38 INFO  com.raymedis.serialPortCommunication.rxview_consolecom_old.ReceiveCommandRxOld - Interlock attempt 3 failed.
2025-07-23 17:28:38 INFO  com.raymedis.serialPortCommunication.rxview_consolecom_old.ReceiveCommandRxOld - Failed to retrieve interlocks after 3 attempts. Exiting.
2025-07-23 17:28:38 INFO  com.raymedis.rxviewui.modules.serialPortCom.SerialPortCommunicationService - Received response: INTERLOCK_FAILED
2025-07-23 17:28:38 INFO  com.raymedis.rxviewui.modules.serialPortCom.SerialPortCommunicationService - Received response: INTERLOCK_FAILED
2025-07-23 17:28:38 INFO  com.raymedis.rxviewui.modules.serialPortCom.SerialPortCommunicationService - Interlock failed.
2025-07-23 17:28:38 INFO  com.raymedis.serialPortCommunication.rxview_consolecom_old.RxPanelInitializationOld - Disconnecting from RX panel...
2025-07-23 17:28:38 INFO  com.raymedis.serialPortCommunication.rxview_consolecom_old.RxPanelInitializationOld - Disconnected Port due to interlock issues.
2025-07-23 17:28:38 INFO  com.raymedis.rxviewui.service.study.StudyMainController - done
2025-07-23 17:28:41 INFO  com.raymedis.rxviewui.modules.ImageProcessing.DrawToolsResource.CropLayout - rectX: 444.45957446808507, rectY: 0.0, rectWidth: 393.5404255319149, rectHeight: 1024.0
2025-07-23 17:28:41 INFO  com.raymedis.rxviewui.modules.ImageProcessing.DrawToolsResource.MainDrawTool - rect : 444.45957446808507, 0.0 393.5404255319149 1024.0
2025-07-23 17:28:47 INFO  com.raymedis.rxviewui.service.study.StudyMainController - Saving for Pacs...
2025-07-23 17:28:48 INFO  com.raymedis.rxviewui.modules.ImageProcessing.imageToolsWrapper.ImageDrawWrapperHandling - ========================================================================
2025-07-23 17:28:48 INFO  com.raymedis.rxviewui.modules.ImageProcessing.imageToolsWrapper.ImageDrawWrapperHandling - Crop Layout X: 444.45957446808507, Y: 0.0, Width: 393.5404255319149, Height: 1024.0
2025-07-23 17:28:48 INFO  com.raymedis.rxviewui.modules.dicom.DicomService - DicomService loaded with patient: EMERGENCY20250723172832
2025-07-23 17:28:48 INFO  com.raymedis.rxviewui.modules.dicom.DicomService - Status : Uploading Begins
2025-07-23 17:28:48 INFO  com.raymedis.rxviewui.modules.dicom.DicomService - Creating DICOM File/s...
2025-07-23 17:28:48 INFO  com.raymedis.rxviewui.modules.dicom.DicomService - needsAnnotations
2025-07-23 17:28:48 INFO  com.raymedis.rxviewui.service.study.StudyService - mat size 838 * 1024
2025-07-23 17:28:48 INFO  com.raymedis.rxviewui.service.study.StudyService - study mat.rows() * width : 1024 1024.0
2025-07-23 17:28:48 INFO  com.raymedis.rxviewui.modules.ImageProcessing.imageToolsWrapper.ImageDrawWrapperHandling - crop rect before CropLayoutWrapper{rectX=444.45957446808507, rectY=0.0, rectWidth=393.5404255319149, rectHeight=1024.0} and multiple is 2.9872773536895676
2025-07-23 17:28:48 INFO  com.raymedis.rxviewui.modules.ImageProcessing.imageToolsWrapper.ImageDrawWrapperHandling - crop is requested, applying crop layout settings.
2025-07-23 17:28:48 INFO  com.raymedis.rxviewui.controller.ExportStudy - isStorageCropSelected: false
2025-07-23 17:28:49 INFO  com.raymedis.rxviewui.modules.dicom.DicomService - path exits
2025-07-23 17:28:49 INFO  com.raymedis.rxviewui.modules.dicom.DicomService - D:\Work\RxView\RxView_Nellore_V3/dcmOutput/11.dcm
2025-07-23 17:28:49 WARN  com.raymedis.rxviewui.modules.ImageProcessing.imageToolsWrapper.ImageDrawWrapperHandling - Display image is null, cannot apply drawing tools.
2025-07-23 17:28:49 INFO  com.raymedis.rxviewui.modules.dicom.DicomService - Uploading to server...
2025-07-23 17:28:49 INFO  com.raymedis.rxviewui.modules.dicom.DicomCStore - 
Initiating C-STORE operation...
2025-07-23 17:28:50 INFO  com.raymedis.rxviewui.modules.dicom.OurTransferUpdateStatusHandler - SOP Instance ID being transferred:1.3.6.1.4.1.5962.99.1.9252.2863.1753271929233.1.1.0.1.1
2025-07-23 17:28:50 INFO  com.raymedis.rxviewui.modules.dicom.OurTransferUpdateStatusHandler - Items in Queue:0
2025-07-23 17:28:50 INFO  com.raymedis.rxviewui.modules.dicom.OurTransferUpdateStatusHandler - Transfers Completed:1
2025-07-23 17:28:50 INFO  com.raymedis.rxviewui.modules.dicom.OurTransferUpdateStatusHandler - Failed Transmits:0
2025-07-23 17:28:50 INFO  com.raymedis.rxviewui.modules.dicom.OurTransferUpdateStatusHandler - Warnings:0
2025-07-23 17:28:50 INFO  com.raymedis.rxviewui.modules.dicom.OurTransferUpdateStatusHandler - isTransferComplete: true
2025-07-23 17:28:50 INFO  com.raymedis.rxviewui.modules.dicom.DicomService - Upload completed successfully!
2025-07-23 17:28:50 INFO  com.raymedis.rxviewui.service.study.StudyService - mat size 838 * 1024
2025-07-23 17:28:50 INFO  com.raymedis.rxviewui.service.study.StudyService - study mat.rows() * width : 1024 1024.0
2025-07-23 17:28:50 INFO  com.raymedis.rxviewui.modules.ImageProcessing.imageToolsWrapper.ImageDrawWrapperHandling - crop rect before CropLayoutWrapper{rectX=444.45957446808507, rectY=0.0, rectWidth=393.5404255319149, rectHeight=1024.0} and multiple is 1.0
2025-07-23 17:28:50 INFO  com.raymedis.rxviewui.modules.ImageProcessing.imageToolsWrapper.ImageDrawWrapperHandling - crop is requested, applying crop layout settings.
2025-07-23 17:31:20 INFO  com.raymedis.rxviewui.service.study.StudyService - org mat size 2500 * 3052
2025-07-23 17:31:20 INFO  com.raymedis.rxviewui.modules.ImageProcessing.imageToolsWrapper.ImageDrawWrapperHandling - ========================================================================
2025-07-23 17:31:20 INFO  com.raymedis.rxviewui.modules.ImageProcessing.imageToolsWrapper.ImageDrawWrapperHandling - Crop Layout X: 444.45957446808507, Y: 0.0, Width: 393.5404255319149, Height: 1024.0
2025-07-23 17:31:20 INFO  com.raymedis.rxviewui.service.study.StudyService - Saving new patient study with ID: 202507230002
2025-07-23 17:31:22 INFO  com.raymedis.rxviewui.service.database.DatabaseController - Setting visibility for field: accession number
2025-07-23 17:31:22 INFO  com.raymedis.rxviewui.service.database.DatabaseController - Setting visibility for field: age
2025-07-23 17:31:22 INFO  com.raymedis.rxviewui.service.database.DatabaseController - Setting visibility for field: height
2025-07-23 17:31:22 INFO  com.raymedis.rxviewui.service.database.DatabaseController - Setting visibility for field: institution
2025-07-23 17:31:22 INFO  com.raymedis.rxviewui.service.database.DatabaseController - Setting visibility for field: patient id
2025-07-23 17:31:22 INFO  com.raymedis.rxviewui.service.database.DatabaseController - Setting visibility for field: patient name
2025-07-23 17:31:22 INFO  com.raymedis.rxviewui.service.database.DatabaseController - Setting visibility for field: performing physician
2025-07-23 17:31:22 INFO  com.raymedis.rxviewui.service.database.DatabaseController - Setting visibility for field: procedure
2025-07-23 17:31:22 INFO  com.raymedis.rxviewui.service.database.DatabaseController - Setting visibility for field: study description
2025-07-23 17:31:47 INFO  com.raymedis.rxviewui.service.export.ExportStudyService - ExportStudyService initialized.
2025-07-23 17:31:47 INFO  com.raymedis.rxviewui.service.export.ExportStudyService - Exporting body part: Chest
2025-07-23 17:31:47 INFO  com.raymedis.rxviewui.service.export.ExportStudyService - Crop Rect: {1324, 0, 1172x3052}
2025-07-23 17:31:47 INFO  com.raymedis.rxviewui.service.export.ExportStudyService - Crop X: 444.45957446808507, Crop Y: 0.0
2025-07-23 17:31:47 INFO  com.raymedis.rxviewui.service.export.ExportStudyService - Type or Depth Issue in annotationMat : CV_16UC1 : CV_8UC4
2025-07-23 17:31:47 INFO  com.raymedis.rxviewui.service.export.ExportStudyService - annotationMat size 2500x3052 , type CV_16UC4 
2025-07-23 17:31:47 INFO  com.raymedis.rxviewui.service.export.ExportStudyService - org Mat size 2500x3052 , type CV_16UC1 
2025-07-23 17:31:48 INFO  com.raymedis.rxviewui.service.export.ExportStudyService - orgMat size 2500x3052 , type CV_16UC4 
2025-07-23 17:31:48 INFO  com.raymedis.rxviewui.service.export.ExportStudyService - Type or Depth Issue in informationMat : CV_16UC4 : CV_8UC4
2025-07-23 17:31:49 INFO  com.raymedis.rxviewui.service.export.ExportStudyService - Exporting body part: Chest
2025-07-23 17:31:49 WARN  com.raymedis.rxviewui.service.export.ExportStudyService - No image found for body part: Chest
2025-07-23 17:31:49 INFO  com.raymedis.rxviewui.service.export.ExportStudyService - Exporting body part: Skull
2025-07-23 17:31:49 WARN  com.raymedis.rxviewui.service.export.ExportStudyService - No image found for body part: Skull
2025-07-23 17:31:59 INFO  com.raymedis.rxviewui.service.study.StudyService - mat size 838 * 1024
2025-07-23 17:31:59 INFO  com.raymedis.rxviewui.service.study.StudyService - study mat.rows() * width : 1024 1024.0
2025-07-23 17:32:00 INFO  com.raymedis.rxviewui.modules.ImageProcessing.imageToolsWrapper.ImageDrawWrapperHandling - crop rect before CropLayoutWrapper{rectX=444.45957446808507, rectY=0.0, rectWidth=393.5404255319149, rectHeight=1024.0} and multiple is 1.0
2025-07-23 17:32:00 INFO  com.raymedis.rxviewui.modules.ImageProcessing.imageToolsWrapper.ImageDrawWrapperHandling - crop is requested, applying crop layout settings.
2025-07-23 17:32:16 INFO  com.raymedis.rxviewui.service.database.DatabaseController - Setting visibility for field: accession number
2025-07-23 17:32:16 INFO  com.raymedis.rxviewui.service.database.DatabaseController - Setting visibility for field: age
2025-07-23 17:32:16 INFO  com.raymedis.rxviewui.service.database.DatabaseController - Setting visibility for field: height
2025-07-23 17:32:16 INFO  com.raymedis.rxviewui.service.database.DatabaseController - Setting visibility for field: institution
2025-07-23 17:32:16 INFO  com.raymedis.rxviewui.service.database.DatabaseController - Setting visibility for field: patient id
2025-07-23 17:32:16 INFO  com.raymedis.rxviewui.service.database.DatabaseController - Setting visibility for field: patient name
2025-07-23 17:32:16 INFO  com.raymedis.rxviewui.service.database.DatabaseController - Setting visibility for field: performing physician
2025-07-23 17:32:16 INFO  com.raymedis.rxviewui.service.database.DatabaseController - Setting visibility for field: procedure
2025-07-23 17:32:16 INFO  com.raymedis.rxviewui.service.database.DatabaseController - Setting visibility for field: study description
2025-07-23 17:32:29 INFO  com.raymedis.rxviewui.service.export.ExportStudyService - ExportStudyService initialized.
2025-07-23 17:32:29 INFO  com.raymedis.rxviewui.service.export.ExportStudyService - Exporting body part: Chest
2025-07-23 17:32:29 INFO  com.raymedis.rxviewui.service.export.ExportStudyService - Crop Rect: {1324, 0, 1172x3052}
2025-07-23 17:32:29 INFO  com.raymedis.rxviewui.service.export.ExportStudyService - Crop Rect: {1324, 0, 1172x3052}
2025-07-23 17:32:29 INFO  com.raymedis.rxviewui.service.export.ExportStudyService - Crop X: 0.0, Crop Y: 0.0
2025-07-23 17:32:29 INFO  com.raymedis.rxviewui.service.export.ExportStudyService - Type or Depth Issue in annotationMat : CV_16UC1 : CV_8UC4
2025-07-23 17:32:29 INFO  com.raymedis.rxviewui.service.export.ExportStudyService - annotationMat size 1172x3052 , type CV_16UC4 
2025-07-23 17:32:29 INFO  com.raymedis.rxviewui.service.export.ExportStudyService - org Mat size 1172x3052 , type CV_16UC1 
2025-07-23 17:32:29 INFO  com.raymedis.rxviewui.service.export.ExportStudyService - orgMat size 1172x3052 , type CV_16UC4 
2025-07-23 17:32:30 INFO  com.raymedis.rxviewui.service.export.ExportStudyService - Type or Depth Issue in informationMat : CV_16UC4 : CV_8UC4
2025-07-23 17:32:30 INFO  com.raymedis.rxviewui.service.export.ExportStudyService - Exporting body part: Chest
2025-07-23 17:32:30 WARN  com.raymedis.rxviewui.service.export.ExportStudyService - No image found for body part: Chest
2025-07-23 17:32:30 INFO  com.raymedis.rxviewui.service.export.ExportStudyService - Exporting body part: Skull
2025-07-23 17:32:30 WARN  com.raymedis.rxviewui.service.export.ExportStudyService - No image found for body part: Skull
2025-07-23 17:32:44 INFO  com.raymedis.rxviewui.service.study.StudyService - mat size 838 * 1024
2025-07-23 17:32:44 INFO  com.raymedis.rxviewui.service.study.StudyService - study mat.rows() * width : 1024 1024.0
2025-07-23 17:32:44 INFO  com.raymedis.rxviewui.modules.ImageProcessing.imageToolsWrapper.ImageDrawWrapperHandling - crop rect before CropLayoutWrapper{rectX=444.45957446808507, rectY=0.0, rectWidth=393.5404255319149, rectHeight=1024.0} and multiple is 1.0
2025-07-23 17:32:44 INFO  com.raymedis.rxviewui.modules.ImageProcessing.imageToolsWrapper.ImageDrawWrapperHandling - crop is requested, applying crop layout settings.
2025-07-23 17:32:56 INFO  com.raymedis.rxviewui.service.database.DatabaseController - Setting visibility for field: accession number
2025-07-23 17:32:56 INFO  com.raymedis.rxviewui.service.database.DatabaseController - Setting visibility for field: age
2025-07-23 17:32:56 INFO  com.raymedis.rxviewui.service.database.DatabaseController - Setting visibility for field: height
2025-07-23 17:32:56 INFO  com.raymedis.rxviewui.service.database.DatabaseController - Setting visibility for field: institution
2025-07-23 17:32:56 INFO  com.raymedis.rxviewui.service.database.DatabaseController - Setting visibility for field: patient id
2025-07-23 17:32:56 INFO  com.raymedis.rxviewui.service.database.DatabaseController - Setting visibility for field: patient name
2025-07-23 17:32:56 INFO  com.raymedis.rxviewui.service.database.DatabaseController - Setting visibility for field: performing physician
2025-07-23 17:32:56 INFO  com.raymedis.rxviewui.service.database.DatabaseController - Setting visibility for field: procedure
2025-07-23 17:32:56 INFO  com.raymedis.rxviewui.service.database.DatabaseController - Setting visibility for field: study description
2025-07-23 17:33:01 INFO  com.raymedis.rxviewui.service.study.StudyService - mat size 838 * 1024
2025-07-23 17:33:01 INFO  com.raymedis.rxviewui.service.study.StudyService - study mat.rows() * width : 1024 1024.0
2025-07-23 17:33:01 INFO  com.raymedis.rxviewui.modules.ImageProcessing.imageToolsWrapper.ImageDrawWrapperHandling - crop rect before CropLayoutWrapper{rectX=444.45957446808507, rectY=0.0, rectWidth=393.5404255319149, rectHeight=1024.0} and multiple is 1.0
2025-07-23 17:33:01 INFO  com.raymedis.rxviewui.modules.ImageProcessing.imageToolsWrapper.ImageDrawWrapperHandling - crop is requested, applying crop layout settings.
2025-07-23 17:33:37 INFO  com.raymedis.rxviewui.service.study.StudyMainController - Saving for Pacs...
2025-07-23 17:33:37 INFO  com.raymedis.rxviewui.modules.ImageProcessing.imageToolsWrapper.ImageDrawWrapperHandling - ========================================================================
2025-07-23 17:33:37 INFO  com.raymedis.rxviewui.modules.ImageProcessing.imageToolsWrapper.ImageDrawWrapperHandling - Crop Layout X: 444.45957446808507, Y: 0.0, Width: 393.5404255319149, Height: 1024.0
2025-07-23 17:33:37 INFO  com.raymedis.rxviewui.modules.dicom.DicomService - DicomService loaded with patient: EMERGENCY20250723172832
2025-07-23 17:33:37 INFO  com.raymedis.rxviewui.modules.dicom.DicomService - Status : Uploading Begins
2025-07-23 17:33:37 INFO  com.raymedis.rxviewui.modules.dicom.DicomService - Creating DICOM File/s...
2025-07-23 17:33:37 INFO  com.raymedis.rxviewui.modules.dicom.DicomService - needsAnnotations
2025-07-23 17:33:37 INFO  com.raymedis.rxviewui.service.study.StudyService - mat size 838 * 1024
2025-07-23 17:33:37 INFO  com.raymedis.rxviewui.service.study.StudyService - study mat.rows() * width : 1024 1024.0
2025-07-23 17:33:38 INFO  com.raymedis.rxviewui.modules.ImageProcessing.imageToolsWrapper.ImageDrawWrapperHandling - crop rect before CropLayoutWrapper{rectX=444.45957446808507, rectY=0.0, rectWidth=393.5404255319149, rectHeight=1024.0} and multiple is 2.9872773536895676
2025-07-23 17:33:38 INFO  com.raymedis.rxviewui.modules.ImageProcessing.imageToolsWrapper.ImageDrawWrapperHandling - crop is requested, applying crop layout settings.
2025-07-23 17:33:38 INFO  com.raymedis.rxviewui.controller.ExportStudy - isStorageCropSelected: false
2025-07-23 17:33:38 INFO  com.raymedis.rxviewui.modules.dicom.DicomService - path exits
2025-07-23 17:33:38 INFO  com.raymedis.rxviewui.modules.dicom.DicomService - D:\Work\RxView\RxView_Nellore_V3/dcmOutput/11.dcm
2025-07-23 17:33:38 WARN  com.raymedis.rxviewui.modules.ImageProcessing.imageToolsWrapper.ImageDrawWrapperHandling - Display image is null, cannot apply drawing tools.
2025-07-23 17:33:39 INFO  com.raymedis.rxviewui.modules.dicom.DicomService - Uploading to server...
2025-07-23 17:33:39 INFO  com.raymedis.rxviewui.modules.dicom.DicomCStore - 
Initiating C-STORE operation...
2025-07-23 17:33:39 INFO  com.raymedis.rxviewui.modules.dicom.OurTransferUpdateStatusHandler - SOP Instance ID being transferred:1.3.6.1.4.1.5962.99.1.9252.2863.1753271929233.1.1.2.1.1
2025-07-23 17:33:39 INFO  com.raymedis.rxviewui.modules.dicom.OurTransferUpdateStatusHandler - Items in Queue:0
2025-07-23 17:33:39 INFO  com.raymedis.rxviewui.modules.dicom.OurTransferUpdateStatusHandler - Transfers Completed:1
2025-07-23 17:33:39 INFO  com.raymedis.rxviewui.modules.dicom.OurTransferUpdateStatusHandler - Failed Transmits:0
2025-07-23 17:33:39 INFO  com.raymedis.rxviewui.modules.dicom.OurTransferUpdateStatusHandler - Warnings:0
2025-07-23 17:33:39 INFO  com.raymedis.rxviewui.modules.dicom.OurTransferUpdateStatusHandler - isTransferComplete: true
2025-07-23 17:33:39 INFO  com.raymedis.rxviewui.modules.dicom.DicomService - Upload completed successfully!
2025-07-23 17:33:39 INFO  com.raymedis.rxviewui.service.study.StudyService - mat size 838 * 1024
2025-07-23 17:33:39 INFO  com.raymedis.rxviewui.service.study.StudyService - study mat.rows() * width : 1024 1024.0
2025-07-23 17:33:39 INFO  com.raymedis.rxviewui.modules.ImageProcessing.imageToolsWrapper.ImageDrawWrapperHandling - crop rect before CropLayoutWrapper{rectX=444.45957446808507, rectY=0.0, rectWidth=393.5404255319149, rectHeight=1024.0} and multiple is 1.0
2025-07-23 17:33:39 INFO  com.raymedis.rxviewui.modules.ImageProcessing.imageToolsWrapper.ImageDrawWrapperHandling - crop is requested, applying crop layout settings.
