2025-04-01 15:41:37 DEBUG c.r.r.s.print.LayoutIconCreator - Creating layout with code: STANDARD\1,1, width: 90.0, height: 90.0
2025-04-01 15:41:37 DEBUG c.r.r.s.print.LayoutIconCreator - Creating layout with code: STANDARD\1,2, width: 90.0, height: 90.0
2025-04-01 15:41:37 DEBUG c.r.r.s.print.LayoutIconCreator - Creating layout with code: STANDARD\2,1, width: 90.0, height: 90.0
2025-04-01 15:41:37 DEBUG c.r.r.s.print.LayoutIconCreator - Creating layout with code: ROW\1,2, width: 90.0, height: 90.0
2025-04-01 15:41:37 INFO  c.r.r.s.print.LayoutIconCreator - totalWidth 90.0 , totalHeight 44.0 , rowsConfig 1 ,spacing 2.0 
2025-04-01 15:41:37 INFO  c.r.r.s.print.LayoutIconCreator - totalWidth 90.0 , totalHeight 44.0 , rowsConfig 2 ,spacing 2.0 
2025-04-01 15:41:37 DEBUG c.r.r.s.print.LayoutIconCreator - Creating layout with code: COL\1,2, width: 90.0, height: 90.0
2025-04-01 15:41:37 INFO  c.r.r.s.print.LayoutIconCreator - columnWidth 44.0 , totalHeight 90.0 , columnsConfig 1 ,spacing 2.0 
2025-04-01 15:41:37 INFO  c.r.r.s.print.LayoutIconCreator - columnWidth 44.0 , totalHeight 90.0 , columnsConfig 2 ,spacing 2.0 
2025-04-01 15:41:37 DEBUG c.r.r.s.print.LayoutIconCreator - Creating layout with code: STANDARD\2,2, width: 90.0, height: 90.0
2025-04-01 15:41:37 DEBUG c.r.r.s.print.LayoutIconCreator - Creating layout with code: ROW\1,2,2,1, width: 90.0, height: 90.0
2025-04-01 15:41:37 INFO  c.r.r.s.print.LayoutIconCreator - totalWidth 90.0 , totalHeight 21.0 , rowsConfig 1 ,spacing 2.0 
2025-04-01 15:41:37 INFO  c.r.r.s.print.LayoutIconCreator - totalWidth 90.0 , totalHeight 21.0 , rowsConfig 2 ,spacing 2.0 
2025-04-01 15:41:37 INFO  c.r.r.s.print.LayoutIconCreator - totalWidth 90.0 , totalHeight 21.0 , rowsConfig 2 ,spacing 2.0 
2025-04-01 15:41:37 INFO  c.r.r.s.print.LayoutIconCreator - totalWidth 90.0 , totalHeight 21.0 , rowsConfig 1 ,spacing 2.0 
2025-04-01 15:41:37 DEBUG c.r.r.s.print.LayoutIconCreator - Creating layout with code: COL\1,2,3, width: 90.0, height: 90.0
2025-04-01 15:41:37 INFO  c.r.r.s.print.LayoutIconCreator - columnWidth 28.666666666666668 , totalHeight 90.0 , columnsConfig 1 ,spacing 2.0 
2025-04-01 15:41:37 INFO  c.r.r.s.print.LayoutIconCreator - columnWidth 28.666666666666668 , totalHeight 90.0 , columnsConfig 2 ,spacing 2.0 
2025-04-01 15:41:37 INFO  c.r.r.s.print.LayoutIconCreator - columnWidth 28.666666666666668 , totalHeight 90.0 , columnsConfig 3 ,spacing 2.0 
2025-04-01 15:41:37 DEBUG c.r.r.s.print.LayoutIconCreator - Creating layout with code: STANDARD\3,4, width: 90.0, height: 90.0
2025-04-01 15:41:37 DEBUG c.r.r.s.print.LayoutIconCreator - Creating layout with code: ROW\2,3,1, width: 90.0, height: 90.0
2025-04-01 15:41:37 INFO  c.r.r.s.print.LayoutIconCreator - totalWidth 90.0 , totalHeight 28.666666666666668 , rowsConfig 2 ,spacing 2.0 
2025-04-01 15:41:37 INFO  c.r.r.s.print.LayoutIconCreator - totalWidth 90.0 , totalHeight 28.666666666666668 , rowsConfig 3 ,spacing 2.0 
2025-04-01 15:41:37 INFO  c.r.r.s.print.LayoutIconCreator - totalWidth 90.0 , totalHeight 28.666666666666668 , rowsConfig 1 ,spacing 2.0 
2025-04-01 15:41:38 DEBUG c.r.r.s.print.LayoutIconCreator - Creating layout with code: STANDARD\1,1, width: 170.0, height: 170.0
2025-04-01 15:41:38 DEBUG c.r.r.s.print.LayoutIconCreator - Creating layout with code: STANDARD\1,2, width: 170.0, height: 170.0
2025-04-01 15:41:38 DEBUG c.r.r.s.print.LayoutIconCreator - Creating layout with code: STANDARD\2,1, width: 170.0, height: 170.0
2025-04-01 15:41:38 DEBUG c.r.r.s.print.LayoutIconCreator - Creating layout with code: ROW\1,2, width: 170.0, height: 170.0
2025-04-01 15:41:38 INFO  c.r.r.s.print.LayoutIconCreator - totalWidth 170.0 , totalHeight 83.3 , rowsConfig 1 ,spacing 3.4 
2025-04-01 15:41:38 INFO  c.r.r.s.print.LayoutIconCreator - totalWidth 170.0 , totalHeight 83.3 , rowsConfig 2 ,spacing 3.4 
2025-04-01 15:41:38 DEBUG c.r.r.s.print.LayoutIconCreator - Creating layout with code: COL\1,2, width: 170.0, height: 170.0
2025-04-01 15:41:38 INFO  c.r.r.s.print.LayoutIconCreator - columnWidth 83.3 , totalHeight 170.0 , columnsConfig 1 ,spacing 3.4 
2025-04-01 15:41:38 INFO  c.r.r.s.print.LayoutIconCreator - columnWidth 83.3 , totalHeight 170.0 , columnsConfig 2 ,spacing 3.4 
2025-04-01 15:41:38 DEBUG c.r.r.s.print.LayoutIconCreator - Creating layout with code: STANDARD\2,2, width: 170.0, height: 170.0
2025-04-01 15:41:38 DEBUG c.r.r.s.print.LayoutIconCreator - Creating layout with code: ROW\1,2,2,1, width: 170.0, height: 170.0
2025-04-01 15:41:38 INFO  c.r.r.s.print.LayoutIconCreator - totalWidth 170.0 , totalHeight 39.95 , rowsConfig 1 ,spacing 3.4 
2025-04-01 15:41:38 INFO  c.r.r.s.print.LayoutIconCreator - totalWidth 170.0 , totalHeight 39.95 , rowsConfig 2 ,spacing 3.4 
2025-04-01 15:41:38 INFO  c.r.r.s.print.LayoutIconCreator - totalWidth 170.0 , totalHeight 39.95 , rowsConfig 2 ,spacing 3.4 
2025-04-01 15:41:38 INFO  c.r.r.s.print.LayoutIconCreator - totalWidth 170.0 , totalHeight 39.95 , rowsConfig 1 ,spacing 3.4 
2025-04-01 15:41:38 DEBUG c.r.r.s.print.LayoutIconCreator - Creating layout with code: COL\1,2,3, width: 170.0, height: 170.0
2025-04-01 15:41:38 INFO  c.r.r.s.print.LayoutIconCreator - columnWidth 54.4 , totalHeight 170.0 , columnsConfig 1 ,spacing 3.4 
2025-04-01 15:41:38 INFO  c.r.r.s.print.LayoutIconCreator - columnWidth 54.4 , totalHeight 170.0 , columnsConfig 2 ,spacing 3.4 
2025-04-01 15:41:38 INFO  c.r.r.s.print.LayoutIconCreator - columnWidth 54.4 , totalHeight 170.0 , columnsConfig 3 ,spacing 3.4 
2025-04-01 15:41:38 DEBUG c.r.r.s.print.LayoutIconCreator - Creating layout with code: STANDARD\3,4, width: 170.0, height: 170.0
2025-04-01 15:41:38 DEBUG c.r.r.s.print.LayoutIconCreator - Creating layout with code: ROW\2,3,1, width: 170.0, height: 170.0
2025-04-01 15:41:38 INFO  c.r.r.s.print.LayoutIconCreator - totalWidth 170.0 , totalHeight 54.4 , rowsConfig 2 ,spacing 3.4 
2025-04-01 15:41:38 INFO  c.r.r.s.print.LayoutIconCreator - totalWidth 170.0 , totalHeight 54.4 , rowsConfig 3 ,spacing 3.4 
2025-04-01 15:41:38 INFO  c.r.r.s.print.LayoutIconCreator - totalWidth 170.0 , totalHeight 54.4 , rowsConfig 1 ,spacing 3.4 
2025-04-01 15:41:42 INFO  c.r.rxviewui.controller.LoginPage - logged In
2025-04-01 15:41:42 INFO  c.r.r.service.login.LoginController - ip mismatched 192.168.31.178 and 192.168.12.10
2025-04-01 15:41:42 INFO  c.r.r.service.login.LoginController - IP not found
2025-04-01 15:41:43 INFO  c.r.r.service.login.LoginController - initialized
2025-04-01 15:41:46 INFO  c.r.r.service.login.LoginController - No devices found!!!
2025-04-01 15:41:47 INFO  c.r.r.service.study.StudyService - Image received
2025-04-01 15:41:48 INFO  c.r.r.service.study.StudyService - Mat is not empty
2025-04-01 15:41:49 INFO  c.r.r.m.I.D.MainDrawTool - ImagingParams is null
2025-04-01 15:41:55 DEBUG c.r.r.s.print.LayoutIconCreator - Creating layout with code: STANDARD\1,1, width: 90.0, height: 90.0
2025-04-01 15:41:55 DEBUG c.r.r.s.print.LayoutIconCreator - Creating layout with code: STANDARD\1,2, width: 90.0, height: 90.0
2025-04-01 15:41:55 DEBUG c.r.r.s.print.LayoutIconCreator - Creating layout with code: STANDARD\2,1, width: 90.0, height: 90.0
2025-04-01 15:41:55 DEBUG c.r.r.s.print.LayoutIconCreator - Creating layout with code: ROW\1,2, width: 90.0, height: 90.0
2025-04-01 15:41:55 INFO  c.r.r.s.print.LayoutIconCreator - totalWidth 90.0 , totalHeight 44.0 , rowsConfig 1 ,spacing 2.0 
2025-04-01 15:41:55 INFO  c.r.r.s.print.LayoutIconCreator - totalWidth 90.0 , totalHeight 44.0 , rowsConfig 2 ,spacing 2.0 
2025-04-01 15:41:55 DEBUG c.r.r.s.print.LayoutIconCreator - Creating layout with code: COL\1,2, width: 90.0, height: 90.0
2025-04-01 15:41:55 INFO  c.r.r.s.print.LayoutIconCreator - columnWidth 44.0 , totalHeight 90.0 , columnsConfig 1 ,spacing 2.0 
2025-04-01 15:41:55 INFO  c.r.r.s.print.LayoutIconCreator - columnWidth 44.0 , totalHeight 90.0 , columnsConfig 2 ,spacing 2.0 
2025-04-01 15:41:55 DEBUG c.r.r.s.print.LayoutIconCreator - Creating layout with code: STANDARD\2,2, width: 90.0, height: 90.0
2025-04-01 15:41:55 DEBUG c.r.r.s.print.LayoutIconCreator - Creating layout with code: ROW\1,2,2,1, width: 90.0, height: 90.0
2025-04-01 15:41:55 INFO  c.r.r.s.print.LayoutIconCreator - totalWidth 90.0 , totalHeight 21.0 , rowsConfig 1 ,spacing 2.0 
2025-04-01 15:41:55 INFO  c.r.r.s.print.LayoutIconCreator - totalWidth 90.0 , totalHeight 21.0 , rowsConfig 2 ,spacing 2.0 
2025-04-01 15:41:55 INFO  c.r.r.s.print.LayoutIconCreator - totalWidth 90.0 , totalHeight 21.0 , rowsConfig 2 ,spacing 2.0 
2025-04-01 15:41:55 INFO  c.r.r.s.print.LayoutIconCreator - totalWidth 90.0 , totalHeight 21.0 , rowsConfig 1 ,spacing 2.0 
2025-04-01 15:41:55 DEBUG c.r.r.s.print.LayoutIconCreator - Creating layout with code: COL\1,2,3, width: 90.0, height: 90.0
2025-04-01 15:41:55 INFO  c.r.r.s.print.LayoutIconCreator - columnWidth 28.666666666666668 , totalHeight 90.0 , columnsConfig 1 ,spacing 2.0 
2025-04-01 15:41:55 INFO  c.r.r.s.print.LayoutIconCreator - columnWidth 28.666666666666668 , totalHeight 90.0 , columnsConfig 2 ,spacing 2.0 
2025-04-01 15:41:55 INFO  c.r.r.s.print.LayoutIconCreator - columnWidth 28.666666666666668 , totalHeight 90.0 , columnsConfig 3 ,spacing 2.0 
2025-04-01 15:41:55 DEBUG c.r.r.s.print.LayoutIconCreator - Creating layout with code: STANDARD\3,4, width: 90.0, height: 90.0
2025-04-01 15:41:55 DEBUG c.r.r.s.print.LayoutIconCreator - Creating layout with code: ROW\2,3,1, width: 90.0, height: 90.0
2025-04-01 15:41:55 INFO  c.r.r.s.print.LayoutIconCreator - totalWidth 90.0 , totalHeight 28.666666666666668 , rowsConfig 2 ,spacing 2.0 
2025-04-01 15:41:55 INFO  c.r.r.s.print.LayoutIconCreator - totalWidth 90.0 , totalHeight 28.666666666666668 , rowsConfig 3 ,spacing 2.0 
2025-04-01 15:41:55 INFO  c.r.r.s.print.LayoutIconCreator - totalWidth 90.0 , totalHeight 28.666666666666668 , rowsConfig 1 ,spacing 2.0 
