2025-04-01 14:58:47 INFO  c.r.r.s.print.LayoutIconCreator - width : 47.5 , height : 100.0 , col : 1
2025-04-01 14:58:47 INFO  c.r.r.s.print.LayoutIconCreator - width : 47.5 , height : 100.0 , colItems : 1
2025-04-01 14:58:47 INFO  c.r.r.s.print.LayoutIconCreator - width : 47.5 , height : 100.0 , col : 2
2025-04-01 14:58:47 INFO  c.r.r.s.print.LayoutIconCreator - width : 47.5 , height : 47.5 , colItems : 2
2025-04-01 14:58:47 INFO  c.r.r.s.print.LayoutIconCreator - width : 47.5 , height : 47.5 , colItems : 2
2025-04-01 14:58:47 INFO  c.r.r.s.print.LayoutIconCreator - width : 30.0 , height : 100.0 , col : 1
2025-04-01 14:58:47 INFO  c.r.r.s.print.LayoutIconCreator - width : 30.0 , height : 100.0 , colItems : 1
2025-04-01 14:58:47 INFO  c.r.r.s.print.LayoutIconCreator - width : 30.0 , height : 100.0 , col : 2
2025-04-01 14:58:47 INFO  c.r.r.s.print.LayoutIconCreator - width : 30.0 , height : 47.5 , colItems : 2
2025-04-01 14:58:47 INFO  c.r.r.s.print.LayoutIconCreator - width : 30.0 , height : 47.5 , colItems : 2
2025-04-01 14:58:47 INFO  c.r.r.s.print.LayoutIconCreator - width : 30.0 , height : 100.0 , col : 3
2025-04-01 14:58:47 INFO  c.r.r.s.print.LayoutIconCreator - width : 30.0 , height : 30.0 , colItems : 3
2025-04-01 14:58:47 INFO  c.r.r.s.print.LayoutIconCreator - width : 30.0 , height : 30.0 , colItems : 3
2025-04-01 14:58:47 INFO  c.r.r.s.print.LayoutIconCreator - width : 30.0 , height : 30.0 , colItems : 3
2025-04-01 14:58:53 INFO  c.r.rxviewui.controller.LoginPage - logged In
2025-04-01 14:58:53 INFO  c.r.r.service.login.LoginController - ip mismatched 192.168.31.178 and 192.168.12.10
2025-04-01 14:58:53 INFO  c.r.r.service.login.LoginController - IP not found
2025-04-01 14:58:53 INFO  c.r.r.service.login.LoginController - initialized
2025-04-01 14:58:56 INFO  c.r.r.service.login.LoginController - No devices found!!!
2025-04-01 14:59:05 INFO  c.r.r.service.study.StudyService - Image received
2025-04-01 14:59:06 INFO  c.r.r.service.study.StudyService - Mat is not empty
2025-04-01 14:59:07 INFO  c.r.r.m.I.D.MainDrawTool - ImagingParams is null
2025-04-01 14:59:09 INFO  c.r.r.s.print.LayoutIconCreator - width : 47.5 , height : 100.0 , col : 1
2025-04-01 14:59:09 INFO  c.r.r.s.print.LayoutIconCreator - width : 47.5 , height : 100.0 , colItems : 1
2025-04-01 14:59:09 INFO  c.r.r.s.print.LayoutIconCreator - width : 47.5 , height : 100.0 , col : 2
2025-04-01 14:59:09 INFO  c.r.r.s.print.LayoutIconCreator - width : 47.5 , height : 47.5 , colItems : 2
2025-04-01 14:59:09 INFO  c.r.r.s.print.LayoutIconCreator - width : 47.5 , height : 47.5 , colItems : 2
2025-04-01 14:59:09 INFO  c.r.r.s.print.LayoutIconCreator - width : 30.0 , height : 100.0 , col : 1
2025-04-01 14:59:09 INFO  c.r.r.s.print.LayoutIconCreator - width : 30.0 , height : 100.0 , colItems : 1
2025-04-01 14:59:09 INFO  c.r.r.s.print.LayoutIconCreator - width : 30.0 , height : 100.0 , col : 2
2025-04-01 14:59:09 INFO  c.r.r.s.print.LayoutIconCreator - width : 30.0 , height : 47.5 , colItems : 2
2025-04-01 14:59:09 INFO  c.r.r.s.print.LayoutIconCreator - width : 30.0 , height : 47.5 , colItems : 2
2025-04-01 14:59:09 INFO  c.r.r.s.print.LayoutIconCreator - width : 30.0 , height : 100.0 , col : 3
2025-04-01 14:59:09 INFO  c.r.r.s.print.LayoutIconCreator - width : 30.0 , height : 30.0 , colItems : 3
2025-04-01 14:59:09 INFO  c.r.r.s.print.LayoutIconCreator - width : 30.0 , height : 30.0 , colItems : 3
2025-04-01 14:59:09 INFO  c.r.r.s.print.LayoutIconCreator - width : 30.0 , height : 30.0 , colItems : 3
