2025-04-01 15:15:04 DEBUG c.r.r.s.print.LayoutIconCreator - Creating layout with code: STANDARD\1,1, width: 100.0, height: 100.0
2025-04-01 15:15:04 DEBUG c.r.r.s.print.LayoutIconCreator - Creating layout with code: STANDARD\1,2, width: 100.0, height: 100.0
2025-04-01 15:15:04 DEBUG c.r.r.s.print.LayoutIconCreator - Creating layout with code: STANDARD\2,1, width: 100.0, height: 100.0
2025-04-01 15:15:04 DEBUG c.r.r.s.print.LayoutIconCreator - Creating layout with code: ROW\1,2, width: 100.0, height: 100.0
2025-04-01 15:15:04 DEBUG c.r.r.s.print.LayoutIconCreator - Creating layout with code: COL\1,2, width: 100.0, height: 100.0
2025-04-01 15:15:04 DEBUG c.r.r.s.print.LayoutIconCreator - Creating layout with code: STANDARD\2,2, width: 100.0, height: 100.0
2025-04-01 15:15:04 DEBUG c.r.r.s.print.LayoutIconCreator - Creating layout with code: ROW\1,2,2,1, width: 100.0, height: 100.0
2025-04-01 15:15:04 DEBUG c.r.r.s.print.LayoutIconCreator - Creating layout with code: COL\1,2,3, width: 100.0, height: 100.0
2025-04-01 15:15:04 DEBUG c.r.r.s.print.LayoutIconCreator - Creating layout with code: STANDARD\3,4, width: 100.0, height: 100.0
2025-04-01 15:15:05 DEBUG c.r.r.s.print.LayoutIconCreator - Creating layout with code: STANDARD\1,1, width: 0.0, height: 0.0
2025-04-01 15:15:05 DEBUG c.r.r.s.print.LayoutIconCreator - Creating layout with code: STANDARD\1,2, width: 0.0, height: 0.0
2025-04-01 15:15:05 DEBUG c.r.r.s.print.LayoutIconCreator - Creating layout with code: STANDARD\2,1, width: 0.0, height: 0.0
2025-04-01 15:15:05 DEBUG c.r.r.s.print.LayoutIconCreator - Creating layout with code: ROW\1,2, width: 0.0, height: 0.0
2025-04-01 15:15:05 DEBUG c.r.r.s.print.LayoutIconCreator - Creating layout with code: COL\1,2, width: 0.0, height: 0.0
2025-04-01 15:15:05 DEBUG c.r.r.s.print.LayoutIconCreator - Creating layout with code: STANDARD\2,2, width: 0.0, height: 0.0
2025-04-01 15:15:05 DEBUG c.r.r.s.print.LayoutIconCreator - Creating layout with code: ROW\1,2,2,1, width: 0.0, height: 0.0
2025-04-01 15:15:05 DEBUG c.r.r.s.print.LayoutIconCreator - Creating layout with code: COL\1,2,3, width: 0.0, height: 0.0
2025-04-01 15:15:05 DEBUG c.r.r.s.print.LayoutIconCreator - Creating layout with code: STANDARD\3,4, width: 0.0, height: 0.0
2025-04-01 15:15:15 INFO  c.r.rxviewui.controller.LoginPage - logged In
2025-04-01 15:15:16 INFO  c.r.r.service.login.LoginController - ip mismatched 192.168.31.178 and 192.168.12.10
2025-04-01 15:15:16 INFO  c.r.r.service.login.LoginController - IP not found
2025-04-01 15:15:16 INFO  c.r.r.service.login.LoginController - initialized
2025-04-01 15:15:19 INFO  c.r.r.service.login.LoginController - No devices found!!!
2025-04-01 15:15:23 DEBUG c.r.r.s.print.LayoutIconCreator - Creating layout with code: STANDARD\1,1, width: 0.0, height: 0.0
2025-04-01 15:15:23 DEBUG c.r.r.s.print.LayoutIconCreator - Creating layout with code: STANDARD\1,2, width: 0.0, height: 0.0
2025-04-01 15:15:23 DEBUG c.r.r.s.print.LayoutIconCreator - Creating layout with code: STANDARD\2,1, width: 0.0, height: 0.0
2025-04-01 15:15:23 DEBUG c.r.r.s.print.LayoutIconCreator - Creating layout with code: ROW\1,2, width: 0.0, height: 0.0
2025-04-01 15:15:23 DEBUG c.r.r.s.print.LayoutIconCreator - Creating layout with code: COL\1,2, width: 0.0, height: 0.0
2025-04-01 15:15:23 DEBUG c.r.r.s.print.LayoutIconCreator - Creating layout with code: STANDARD\2,2, width: 0.0, height: 0.0
2025-04-01 15:15:23 DEBUG c.r.r.s.print.LayoutIconCreator - Creating layout with code: ROW\1,2,2,1, width: 0.0, height: 0.0
2025-04-01 15:15:23 DEBUG c.r.r.s.print.LayoutIconCreator - Creating layout with code: COL\1,2,3, width: 0.0, height: 0.0
2025-04-01 15:15:23 DEBUG c.r.r.s.print.LayoutIconCreator - Creating layout with code: STANDARD\3,4, width: 0.0, height: 0.0
2025-04-01 15:15:25 DEBUG c.r.r.s.print.LayoutIconCreator - Creating layout with code: STANDARD\1,1, width: 0.0, height: 0.0
2025-04-01 15:15:25 DEBUG c.r.r.s.print.LayoutIconCreator - Creating layout with code: STANDARD\1,2, width: 0.0, height: 0.0
2025-04-01 15:15:25 DEBUG c.r.r.s.print.LayoutIconCreator - Creating layout with code: STANDARD\2,1, width: 0.0, height: 0.0
2025-04-01 15:15:25 DEBUG c.r.r.s.print.LayoutIconCreator - Creating layout with code: ROW\1,2, width: 0.0, height: 0.0
2025-04-01 15:15:25 DEBUG c.r.r.s.print.LayoutIconCreator - Creating layout with code: COL\1,2, width: 0.0, height: 0.0
2025-04-01 15:15:25 DEBUG c.r.r.s.print.LayoutIconCreator - Creating layout with code: STANDARD\2,2, width: 0.0, height: 0.0
2025-04-01 15:15:25 DEBUG c.r.r.s.print.LayoutIconCreator - Creating layout with code: ROW\1,2,2,1, width: 0.0, height: 0.0
2025-04-01 15:15:25 DEBUG c.r.r.s.print.LayoutIconCreator - Creating layout with code: COL\1,2,3, width: 0.0, height: 0.0
2025-04-01 15:15:25 DEBUG c.r.r.s.print.LayoutIconCreator - Creating layout with code: STANDARD\3,4, width: 0.0, height: 0.0
