2025-04-01 13:27:09 INFO  c.r.r.s.print.LayoutIconCreator - width : 47.5 , height : 100.0 , col : 1
2025-04-01 13:27:09 INFO  c.r.r.s.print.LayoutIconCreator - width : 47.5 , height : 100.0
2025-04-01 13:27:09 INFO  c.r.r.s.print.LayoutIconCreator - width : 47.5 , height : 100.0 , col : 2
2025-04-01 13:27:09 INFO  c.r.r.s.print.LayoutIconCreator - width : 47.5 , height : 95.0
2025-04-01 13:27:09 INFO  c.r.r.s.print.LayoutIconCreator - width : 47.5 , height : 95.0
2025-04-01 13:27:09 INFO  c.r.r.s.print.LayoutIconCreator - width : 30.0 , height : 100.0 , col : 1
2025-04-01 13:27:09 INFO  c.r.r.s.print.LayoutIconCreator - width : 30.0 , height : 100.0
2025-04-01 13:27:09 INFO  c.r.r.s.print.LayoutIconCreator - width : 30.0 , height : 100.0 , col : 2
2025-04-01 13:27:09 INFO  c.r.r.s.print.LayoutIconCreator - width : 30.0 , height : 95.0
2025-04-01 13:27:09 INFO  c.r.r.s.print.LayoutIconCreator - width : 30.0 , height : 95.0
2025-04-01 13:27:09 INFO  c.r.r.s.print.LayoutIconCreator - width : 30.0 , height : 100.0 , col : 3
2025-04-01 13:27:09 INFO  c.r.r.s.print.LayoutIconCreator - width : 30.0 , height : 90.0
2025-04-01 13:27:09 INFO  c.r.r.s.print.LayoutIconCreator - width : 30.0 , height : 90.0
2025-04-01 13:27:09 INFO  c.r.r.s.print.LayoutIconCreator - width : 30.0 , height : 90.0
2025-04-01 13:27:15 INFO  c.r.rxviewui.controller.LoginPage - logged In
2025-04-01 13:27:15 INFO  c.r.r.service.login.LoginController - ip mismatched 192.168.24.139 and 192.168.12.10
2025-04-01 13:27:15 INFO  c.r.r.service.login.LoginController - IP not found
2025-04-01 13:27:15 INFO  c.r.r.service.login.LoginController - initialized
2025-04-01 13:27:19 INFO  c.r.r.service.login.LoginController - No devices found!!!
2025-04-01 13:27:20 INFO  c.r.r.s.print.LayoutIconCreator - width : 47.5 , height : 100.0 , col : 1
2025-04-01 13:27:20 INFO  c.r.r.s.print.LayoutIconCreator - width : 47.5 , height : 100.0
2025-04-01 13:27:20 INFO  c.r.r.s.print.LayoutIconCreator - width : 47.5 , height : 100.0 , col : 2
2025-04-01 13:27:20 INFO  c.r.r.s.print.LayoutIconCreator - width : 47.5 , height : 95.0
2025-04-01 13:27:20 INFO  c.r.r.s.print.LayoutIconCreator - width : 47.5 , height : 95.0
2025-04-01 13:27:20 INFO  c.r.r.s.print.LayoutIconCreator - width : 30.0 , height : 100.0 , col : 1
2025-04-01 13:27:20 INFO  c.r.r.s.print.LayoutIconCreator - width : 30.0 , height : 100.0
2025-04-01 13:27:20 INFO  c.r.r.s.print.LayoutIconCreator - width : 30.0 , height : 100.0 , col : 2
2025-04-01 13:27:20 INFO  c.r.r.s.print.LayoutIconCreator - width : 30.0 , height : 95.0
2025-04-01 13:27:20 INFO  c.r.r.s.print.LayoutIconCreator - width : 30.0 , height : 95.0
2025-04-01 13:27:20 INFO  c.r.r.s.print.LayoutIconCreator - width : 30.0 , height : 100.0 , col : 3
2025-04-01 13:27:20 INFO  c.r.r.s.print.LayoutIconCreator - width : 30.0 , height : 90.0
2025-04-01 13:27:20 INFO  c.r.r.s.print.LayoutIconCreator - width : 30.0 , height : 90.0
2025-04-01 13:27:20 INFO  c.r.r.s.print.LayoutIconCreator - width : 30.0 , height : 90.0
